TpTrace Verbose: 0 : 2740, 1, 2021/11/28, 20:50:36.593, 6235704517057, datacollector.dll, Version: 16.11.0
TpTrace Information: 0 : 2740, 1, 2021/11/28, 20:50:36.600, 6235704555518, datacollector.dll, DataCollectorMain.Run: Starting data collector run with args: --port,63466,--parentprocessid,10468,--diag,C:\Users\Armin\Documents\GitHub\Grupa-3-Verifikovani-i-Validirani-Softverasi\Pijaca\Zadatak3\bin\Debug\net5.0\fine-code-coverage\coverage-tool-output\diagnostics.datacollector.21-11-28_20-50-36_46182_4.log,--tracelevel,4
TpTrace Information: 0 : 2740, 1, 2021/11/28, 20:50:36.600, 6235704560071, datacollector.dll, DataCollector: Monitoring parent process with id: '10468'
TpTrace Information: 0 : 2740, 1, 2021/11/28, 20:50:36.608, 6235704636911, datacollector.dll, Trying to connect to server on socket : 127.0.0.1:63466 
TpTrace Verbose: 0 : 2740, 1, 2021/11/28, 20:50:36.633, 6235704886223, datacollector.dll, SocketCommunicationManager : SetupClientAsync : Attempting to connect to the server.
TpTrace Information: 0 : 2740, 7, 2021/11/28, 20:50:36.640, 6235704961941, datacollector.dll, Connected to the server successfully 
TpTrace Information: 0 : 2740, 7, 2021/11/28, 20:50:36.640, 6235704962875, datacollector.dll, Using the buffer size of 16384 bytes
TpTrace Information: 0 : 2740, 1, 2021/11/28, 20:50:36.718, 6235705734908, datacollector.dll, DataCollector: Start Request Processing.
TpTrace Information: 0 : 2740, 1, 2021/11/28, 20:50:36.721, 6235705767849, datacollector.dll, DataCollectionRequestHandler.ProcessRequests : Datacollector received message: (DataCollection.BeforeTestRunStart) -> {
  "SettingsXml": "<RunSettings><RunConfiguration><ResultsDirectory>C:\\Users\\Armin\\Documents\\GitHub\\Grupa-3-Verifikovani-i-Validirani-Softverasi\\Pijaca\\Zadatak3\\bin\\Debug\\net5.0\\fine-code-coverage\\coverage-tool-output</ResultsDirectory><TargetPlatform>X64</TargetPlatform><TargetFrameworkVersion>.NETCoreApp,Version=v5.0</TargetFrameworkVersion><DesignMode>False</DesignMode><CollectSourceInformation>False</CollectSourceInformation><TestAdaptersPaths>C:\\Program Files\\dotnet\\sdk\\5.0.402\\Extensions</TestAdaptersPaths></RunConfiguration><LoggerRunSettings><Loggers><Logger friendlyName=\"blame\" enabled=\"True\" /><Logger friendlyName=\"Console\" uri=\"logger://microsoft/TestPlatform/ConsoleLogger/v1\" assemblyQualifiedName=\"Microsoft.VisualStudio.TestPlatform.CommandLine.Internal.ConsoleLogger, vstest.console, Version=15.0.0.0, Culture=neutral, PublicKeyToken=b03f5f7f11d50a3a\" codeBase=\"C:\\Program Files\\dotnet\\sdk\\5.0.402\\vstest.console.dll\" enabled=\"True\" /></Loggers></LoggerRunSettings><DataCollectionRunSettings><DataCollectors><DataCollector friendlyName=\"blame\" enabled=\"True\"><Configuration><ResultsDirectory>C:\\Users\\Armin\\Documents\\GitHub\\Grupa-3-Verifikovani-i-Validirani-Softverasi\\Pijaca\\Zadatak3\\bin\\Debug\\net5.0\\fine-code-coverage\\coverage-tool-output</ResultsDirectory></Configuration></DataCollector></DataCollectors></DataCollectionRunSettings></RunSettings>",
  "Sources": [
    "C:\\Users\\Armin\\Documents\\GitHub\\Grupa-3-Verifikovani-i-Validirani-Softverasi\\Pijaca\\Zadatak3\\bin\\Debug\\net5.0\\fine-code-coverage\\build-output\\Zadatak3.dll"
  ],
  "IsTelemetryOptedIn": false
}
TpTrace Verbose: 0 : 2740, 1, 2021/11/28, 20:50:36.754, 6235706098402, datacollector.dll, TestPluginCache: Update extensions started. Skip filter = False
TpTrace Verbose: 0 : 2740, 1, 2021/11/28, 20:50:36.754, 6235706104789, datacollector.dll, TestPluginCache: Using directories for assembly resolution 'C:\Program Files\dotnet\sdk\5.0.402\Extensions'.
TpTrace Verbose: 0 : 2740, 1, 2021/11/28, 20:50:36.755, 6235706105831, datacollector.dll, TestPluginCache: Updated the available extensions to 'C:\Program Files\dotnet\sdk\5.0.402\Extensions\Microsoft.TestPlatform.Extensions.BlameDataCollector.dll,C:\Program Files\dotnet\sdk\5.0.402\Extensions\Microsoft.TestPlatform.Extensions.EventLogCollector.dll'.
TpTrace Verbose: 0 : 2740, 1, 2021/11/28, 20:50:36.760, 6235706159929, datacollector.dll, TestPluginCache.DiscoverTestExtensions: finding test extensions in assemblies ends with: Collector.dll TPluginInfo: Microsoft.VisualStudio.TestPlatform.Common.DataCollector.DataCollectorConfig TExtension: Microsoft.VisualStudio.TestPlatform.ObjectModel.DataCollection.DataCollector
TpTrace Verbose: 0 : 2740, 1, 2021/11/28, 20:50:36.760, 6235706163532, datacollector.dll, TestPluginCache.GetExtensionPaths: Filtered extension paths: C:\Program Files\dotnet\sdk\5.0.402\Extensions\Microsoft.TestPlatform.Extensions.BlameDataCollector.dll
C:\Program Files\dotnet\sdk\5.0.402\Extensions\Microsoft.TestPlatform.Extensions.EventLogCollector.dll
TpTrace Verbose: 0 : 2740, 1, 2021/11/28, 20:50:36.760, 6235706164433, datacollector.dll, TestPluginCache.GetExtensionPaths: Added default extension paths: 
TpTrace Verbose: 0 : 2740, 1, 2021/11/28, 20:50:36.761, 6235706164902, datacollector.dll, TestPluginCache.GetExtensionPaths: Added unfilterableExtensionPaths: 
TpTrace Information: 0 : 2740, 1, 2021/11/28, 20:50:36.761, 6235706171284, datacollector.dll, AssemblyResolver.ctor: Creating AssemblyResolver with searchDirectories C:\Program Files\dotnet\sdk\5.0.402\Extensions,C:\Program Files\dotnet\sdk\5.0.402
TpTrace Verbose: 0 : 2740, 1, 2021/11/28, 20:50:36.763, 6235706185475, datacollector.dll, TestPluginCache.DiscoverTestExtensions: Discovering the extensions using extension path.
TpTrace Verbose: 0 : 2740, 1, 2021/11/28, 20:50:36.763, 6235706187512, datacollector.dll, TestPluginCache.GetExtensionPaths: Filtered extension paths: C:\Program Files\dotnet\sdk\5.0.402\Extensions\Microsoft.TestPlatform.Extensions.BlameDataCollector.dll
C:\Program Files\dotnet\sdk\5.0.402\Extensions\Microsoft.TestPlatform.Extensions.EventLogCollector.dll
TpTrace Verbose: 0 : 2740, 1, 2021/11/28, 20:50:36.763, 6235706187985, datacollector.dll, TestPluginCache.GetExtensionPaths: Added default extension paths: 
TpTrace Verbose: 0 : 2740, 1, 2021/11/28, 20:50:36.763, 6235706188264, datacollector.dll, TestPluginCache.GetExtensionPaths: Added unfilterableExtensionPaths: 
TpTrace Verbose: 0 : 2740, 1, 2021/11/28, 20:50:36.763, 6235706189226, datacollector.dll, TestPluginCache.DiscoverTestExtensions: Discovering the extensions using allExtensionPaths: C:\Program Files\dotnet\sdk\5.0.402\Extensions\Microsoft.TestPlatform.Extensions.BlameDataCollector.dll
C:\Program Files\dotnet\sdk\5.0.402\Extensions\Microsoft.TestPlatform.Extensions.EventLogCollector.dll
TpTrace Information: 0 : 2740, 1, 2021/11/28, 20:50:36.763, 6235706190932, datacollector.dll, AssemblyResolver.AddSearchDirectories: Adding more searchDirectories C:\Program Files\dotnet\sdk\5.0.402\Extensions,C:\Program Files\dotnet\sdk\5.0.402
TpTrace Information: 0 : 2740, 1, 2021/11/28, 20:50:36.763, 6235706192180, datacollector.dll, AssemblyResolver.AddSearchDirectories: Adding more searchDirectories C:\Program Files\dotnet\sdk\5.0.402\Extensions,C:\Program Files\dotnet\sdk\5.0.402
TpTrace Information: 0 : 2740, 1, 2021/11/28, 20:50:36.764, 6235706199563, datacollector.dll, AssemblyResolver.OnResolve: Microsoft.TestPlatform.Extensions.BlameDataCollector: Resolving assembly.
TpTrace Information: 0 : 2740, 1, 2021/11/28, 20:50:36.764, 6235706201804, datacollector.dll, AssemblyResolver.OnResolve: Microsoft.TestPlatform.Extensions.BlameDataCollector: Searching in: 'C:\Program Files\dotnet\sdk\5.0.402\Extensions'.
TpTrace Information: 0 : 2740, 1, 2021/11/28, 20:50:36.765, 6235706211035, datacollector.dll, AssemblyResolver.OnResolve: Microsoft.TestPlatform.Extensions.BlameDataCollector: Loading assembly 'C:\Program Files\dotnet\sdk\5.0.402\Extensions\Microsoft.TestPlatform.Extensions.BlameDataCollector.dll'.
TpTrace Information: 0 : 2740, 1, 2021/11/28, 20:50:36.766, 6235706221782, datacollector.dll, AssemblyResolver.OnResolve: Resolved assembly: Microsoft.TestPlatform.Extensions.BlameDataCollector, from path: C:\Program Files\dotnet\sdk\5.0.402\Extensions\Microsoft.TestPlatform.Extensions.BlameDataCollector.dll
TpTrace Error: 0 : 2740, 1, 2021/11/28, 20:50:36.767, 6235706233072, datacollector.dll, The type "Microsoft.TestPlatform.Extensions.BlameDataCollector.BlameCollector" defined in "Microsoft.TestPlatform.Extensions.BlameDataCollector.dll" does not have ExtensionUri attribute.
TpTrace Information: 0 : 2740, 1, 2021/11/28, 20:50:36.769, 6235706246479, datacollector.dll, AssemblyResolver.OnResolve: Microsoft.TestPlatform.Extensions.EventLogCollector: Resolving assembly.
TpTrace Information: 0 : 2740, 1, 2021/11/28, 20:50:36.769, 6235706247600, datacollector.dll, AssemblyResolver.OnResolve: Microsoft.TestPlatform.Extensions.EventLogCollector: Searching in: 'C:\Program Files\dotnet\sdk\5.0.402\Extensions'.
TpTrace Information: 0 : 2740, 1, 2021/11/28, 20:50:36.769, 6235706251000, datacollector.dll, AssemblyResolver.OnResolve: Microsoft.TestPlatform.Extensions.EventLogCollector: Loading assembly 'C:\Program Files\dotnet\sdk\5.0.402\Extensions\Microsoft.TestPlatform.Extensions.EventLogCollector.dll'.
TpTrace Information: 0 : 2740, 1, 2021/11/28, 20:50:36.769, 6235706254320, datacollector.dll, AssemblyResolver.OnResolve: Resolved assembly: Microsoft.TestPlatform.Extensions.EventLogCollector, from path: C:\Program Files\dotnet\sdk\5.0.402\Extensions\Microsoft.TestPlatform.Extensions.EventLogCollector.dll
TpTrace Error: 0 : 2740, 1, 2021/11/28, 20:50:36.771, 6235706267287, datacollector.dll, The type "Microsoft.TestPlatform.Extensions.EventLogCollector.EventLogDataCollector" defined in "Microsoft.TestPlatform.Extensions.EventLogCollector.dll" does not have ExtensionUri attribute.
TpTrace Verbose: 0 : 2740, 1, 2021/11/28, 20:50:36.771, 6235706270532, datacollector.dll, TestPluginCache: Discovered the extensions using extension path 'C:\Program Files\dotnet\sdk\5.0.402\Extensions\Microsoft.TestPlatform.Extensions.BlameDataCollector.dll,C:\Program Files\dotnet\sdk\5.0.402\Extensions\Microsoft.TestPlatform.Extensions.EventLogCollector.dll'.
TpTrace Verbose: 0 : 2740, 1, 2021/11/28, 20:50:36.771, 6235706271150, datacollector.dll, TestPluginCache: Discoverers are ''.
TpTrace Verbose: 0 : 2740, 1, 2021/11/28, 20:50:36.771, 6235706271443, datacollector.dll, TestPluginCache: Executors are ''.
TpTrace Verbose: 0 : 2740, 1, 2021/11/28, 20:50:36.771, 6235706271720, datacollector.dll, TestPluginCache: Executors2 are ''.
TpTrace Verbose: 0 : 2740, 1, 2021/11/28, 20:50:36.771, 6235706271964, datacollector.dll, TestPluginCache: Setting providers are ''.
TpTrace Verbose: 0 : 2740, 1, 2021/11/28, 20:50:36.771, 6235706272210, datacollector.dll, TestPluginCache: Loggers are ''.
TpTrace Information: 0 : 2740, 1, 2021/11/28, 20:50:36.772, 6235706281630, datacollector.dll, TestPluginManager.CreateTestExtension: Attempting to load test extension: Microsoft.TestPlatform.Extensions.BlameDataCollector.BlameCollector
TpTrace Error: 0 : 2740, 1, 2021/11/28, 20:50:36.773, 6235706286216, datacollector.dll, The type "Microsoft.TestPlatform.Extensions.BlameDataCollector.BlameCollector" defined in "Microsoft.TestPlatform.Extensions.BlameDataCollector.dll" does not have ExtensionUri attribute.
TpTrace Information: 0 : 2740, 1, 2021/11/28, 20:50:36.777, 6235706333743, datacollector.dll, Listening on Endpoint : 127.0.0.1:63468
TpTrace Information: 0 : 2740, 1, 2021/11/28, 20:50:36.785, 6235706413604, datacollector.dll, DataCollectionRequestHandler.ProcessRequests : DataCollection started.
TpTrace Information: 0 : 2740, 1, 2021/11/28, 20:50:36.804, 6235706597485, datacollector.dll, DataCollectionRequestHandler.ProcessRequests : Datacollector received message: (DataCollection.TestHostLaunched) -> {
  "ProcessId": 18884
}
TpTrace Information: 0 : 2740, 5, 2021/11/28, 20:50:36.992, 6235708480155, datacollector.dll, Using the buffer size of 16384 bytes
TpTrace Information: 0 : 2740, 5, 2021/11/28, 20:50:36.992, 6235708481440, datacollector.dll, Accepted Client request and set the flag
TpTrace Information: 0 : 2740, 7, 2021/11/28, 20:50:37.410, 6235712656557, datacollector.dll, DataCollectionTestCaseEventHandler: Test case starting.
TpTrace Information: 0 : 2740, 7, 2021/11/28, 20:50:37.448, 6235713038494, datacollector.dll, Blame Collector : Test Case Start
TpTrace Information: 0 : 2740, 7, 2021/11/28, 20:50:37.450, 6235713059964, datacollector.dll, DataCollectionTestCaseEventHandler: Test case 'test1NeispravniPodaci - 9dd4f815-bce5-22df-fb78-4fadd876ccdd' started.
TpTrace Information: 0 : 2740, 7, 2021/11/28, 20:50:37.604, 6235714599228, datacollector.dll, DataCollectionTestCaseEventHandler : Test case completing.
TpTrace Information: 0 : 2740, 7, 2021/11/28, 20:50:37.608, 6235714638860, datacollector.dll, Blame Collector : Test Case End
TpTrace Information: 0 : 2740, 7, 2021/11/28, 20:50:37.611, 6235714673177, datacollector.dll, DataCollectionTestCaseEventHandler: Test case 'test1NeispravniPodaci - 9dd4f815-bce5-22df-fb78-4fadd876ccdd' completed
TpTrace Information: 0 : 2740, 7, 2021/11/28, 20:50:37.623, 6235714787458, datacollector.dll, DataCollectionTestCaseEventHandler: Test case starting.
TpTrace Information: 0 : 2740, 7, 2021/11/28, 20:50:37.623, 6235714793697, datacollector.dll, Blame Collector : Test Case Start
TpTrace Information: 0 : 2740, 7, 2021/11/28, 20:50:37.624, 6235714796176, datacollector.dll, DataCollectionTestCaseEventHandler: Test case 'test1IspravniPodaci - cfc69572-73e7-ad91-6d2a-39646b7afdfe' started.
TpTrace Information: 0 : 2740, 7, 2021/11/28, 20:50:37.629, 6235714847392, datacollector.dll, DataCollectionTestCaseEventHandler : Test case completing.
TpTrace Information: 0 : 2740, 7, 2021/11/28, 20:50:37.629, 6235714852119, datacollector.dll, Blame Collector : Test Case End
TpTrace Information: 0 : 2740, 7, 2021/11/28, 20:50:37.629, 6235714854170, datacollector.dll, DataCollectionTestCaseEventHandler: Test case 'test1IspravniPodaci - cfc69572-73e7-ad91-6d2a-39646b7afdfe' completed
TpTrace Information: 0 : 2740, 7, 2021/11/28, 20:50:37.662, 6235715176860, datacollector.dll, DataCollectionTestCaseEventHandler: Test case starting.
TpTrace Information: 0 : 2740, 7, 2021/11/28, 20:50:37.662, 6235715183062, datacollector.dll, Blame Collector : Test Case Start
TpTrace Information: 0 : 2740, 7, 2021/11/28, 20:50:37.663, 6235715185414, datacollector.dll, DataCollectionTestCaseEventHandler: Test case 'test2NeispravniPodaci - 1818314a-b25a-53b5-8014-9b80e1cb68be' started.
TpTrace Information: 0 : 2740, 7, 2021/11/28, 20:50:37.671, 6235715270424, datacollector.dll, DataCollectionTestCaseEventHandler : Test case completing.
TpTrace Information: 0 : 2740, 7, 2021/11/28, 20:50:37.674, 6235715304472, datacollector.dll, Blame Collector : Test Case End
TpTrace Information: 0 : 2740, 7, 2021/11/28, 20:50:37.675, 6235715307451, datacollector.dll, DataCollectionTestCaseEventHandler: Test case 'test2NeispravniPodaci - 1818314a-b25a-53b5-8014-9b80e1cb68be' completed
TpTrace Information: 0 : 2740, 7, 2021/11/28, 20:50:37.677, 6235715329178, datacollector.dll, DataCollectionTestCaseEventHandler: Test case starting.
TpTrace Information: 0 : 2740, 7, 2021/11/28, 20:50:37.677, 6235715333921, datacollector.dll, Blame Collector : Test Case Start
TpTrace Information: 0 : 2740, 7, 2021/11/28, 20:50:37.678, 6235715342342, datacollector.dll, DataCollectionTestCaseEventHandler: Test case 'test2IspravniPodaci - e676413f-288d-4ad1-14ec-04ebd6381448' started.
TpTrace Information: 0 : 2740, 7, 2021/11/28, 20:50:37.684, 6235715401061, datacollector.dll, DataCollectionTestCaseEventHandler : Test case completing.
TpTrace Information: 0 : 2740, 7, 2021/11/28, 20:50:37.685, 6235715406882, datacollector.dll, Blame Collector : Test Case End
TpTrace Information: 0 : 2740, 7, 2021/11/28, 20:50:37.685, 6235715409561, datacollector.dll, DataCollectionTestCaseEventHandler: Test case 'test2IspravniPodaci - e676413f-288d-4ad1-14ec-04ebd6381448' completed
TpTrace Information: 0 : 2740, 7, 2021/11/28, 20:50:37.688, 6235715441363, datacollector.dll, DataCollectionTestCaseEventHandler: Test case starting.
TpTrace Information: 0 : 2740, 7, 2021/11/28, 20:50:37.689, 6235715448656, datacollector.dll, Blame Collector : Test Case Start
TpTrace Information: 0 : 2740, 7, 2021/11/28, 20:50:37.689, 6235715451700, datacollector.dll, DataCollectionTestCaseEventHandler: Test case 'TestProdavacIme - 5ccc8b82-4246-411d-c0aa-efec081f04c6' started.
TpTrace Information: 0 : 2740, 7, 2021/11/28, 20:50:37.694, 6235715495222, datacollector.dll, DataCollectionTestCaseEventHandler : Test case completing.
TpTrace Information: 0 : 2740, 7, 2021/11/28, 20:50:37.694, 6235715503298, datacollector.dll, Blame Collector : Test Case End
TpTrace Information: 0 : 2740, 7, 2021/11/28, 20:50:37.695, 6235715507171, datacollector.dll, DataCollectionTestCaseEventHandler: Test case 'TestProdavacIme - 5ccc8b82-4246-411d-c0aa-efec081f04c6' completed
TpTrace Information: 0 : 2740, 7, 2021/11/28, 20:50:37.696, 6235715516206, datacollector.dll, DataCollectionTestCaseEventHandler: Test case starting.
TpTrace Information: 0 : 2740, 7, 2021/11/28, 20:50:37.696, 6235715521359, datacollector.dll, Blame Collector : Test Case Start
TpTrace Information: 0 : 2740, 7, 2021/11/28, 20:50:37.697, 6235715526129, datacollector.dll, DataCollectionTestCaseEventHandler: Test case 'TestOtvaranjeStanda - d745ec71-ea17-db7e-bd0f-3f0fe5175e6c' started.
TpTrace Information: 0 : 2740, 7, 2021/11/28, 20:50:37.699, 6235715550031, datacollector.dll, DataCollectionTestCaseEventHandler : Test case completing.
TpTrace Information: 0 : 2740, 7, 2021/11/28, 20:50:37.699, 6235715554355, datacollector.dll, Blame Collector : Test Case End
TpTrace Information: 0 : 2740, 7, 2021/11/28, 20:50:37.700, 6235715557272, datacollector.dll, DataCollectionTestCaseEventHandler: Test case 'TestOtvaranjeStanda - d745ec71-ea17-db7e-bd0f-3f0fe5175e6c' completed
TpTrace Information: 0 : 2740, 7, 2021/11/28, 20:50:37.701, 6235715567458, datacollector.dll, DataCollectionTestCaseEventHandler: Test case starting.
TpTrace Information: 0 : 2740, 7, 2021/11/28, 20:50:37.701, 6235715573038, datacollector.dll, Blame Collector : Test Case Start
TpTrace Information: 0 : 2740, 7, 2021/11/28, 20:50:37.702, 6235715575296, datacollector.dll, DataCollectionTestCaseEventHandler: Test case 'TestKonstruktoraProdavaca - 3ab4ef39-dc6f-9e81-5a97-bfdd06cb9c02' started.
TpTrace Information: 0 : 2740, 7, 2021/11/28, 20:50:37.703, 6235715590879, datacollector.dll, DataCollectionTestCaseEventHandler : Test case completing.
TpTrace Information: 0 : 2740, 7, 2021/11/28, 20:50:37.704, 6235715595165, datacollector.dll, Blame Collector : Test Case End
TpTrace Information: 0 : 2740, 7, 2021/11/28, 20:50:37.704, 6235715597179, datacollector.dll, DataCollectionTestCaseEventHandler: Test case 'TestKonstruktoraProdavaca - 3ab4ef39-dc6f-9e81-5a97-bfdd06cb9c02' completed
TpTrace Information: 0 : 2740, 7, 2021/11/28, 20:50:37.705, 6235715606449, datacollector.dll, DataCollectionTestCaseEventHandler: Test case starting.
TpTrace Information: 0 : 2740, 7, 2021/11/28, 20:50:37.705, 6235715610558, datacollector.dll, Blame Collector : Test Case Start
TpTrace Information: 0 : 2740, 7, 2021/11/28, 20:50:37.705, 6235715612253, datacollector.dll, DataCollectionTestCaseEventHandler: Test case 'TestRegistrujPromet - c469f497-0e6f-ff4d-3e48-39171aededd2' started.
TpTrace Information: 0 : 2740, 7, 2021/11/28, 20:50:37.711, 6235715670799, datacollector.dll, DataCollectionTestCaseEventHandler : Test case completing.
TpTrace Information: 0 : 2740, 7, 2021/11/28, 20:50:37.712, 6235715675200, datacollector.dll, Blame Collector : Test Case End
TpTrace Information: 0 : 2740, 7, 2021/11/28, 20:50:37.712, 6235715677509, datacollector.dll, DataCollectionTestCaseEventHandler: Test case 'TestRegistrujPromet - c469f497-0e6f-ff4d-3e48-39171aededd2' completed
TpTrace Information: 0 : 2740, 7, 2021/11/28, 20:50:37.713, 6235715690175, datacollector.dll, DataCollectionTestCaseEventHandler: Test case starting.
TpTrace Information: 0 : 2740, 7, 2021/11/28, 20:50:37.714, 6235715696489, datacollector.dll, Blame Collector : Test Case Start
TpTrace Information: 0 : 2740, 7, 2021/11/28, 20:50:37.714, 6235715700754, datacollector.dll, DataCollectionTestCaseEventHandler: Test case 'TestProizvodIme - 47c4d756-a527-d663-9f1e-5969f7356ac1' started.
TpTrace Information: 0 : 2740, 7, 2021/11/28, 20:50:37.716, 6235715719376, datacollector.dll, DataCollectionTestCaseEventHandler : Test case completing.
TpTrace Information: 0 : 2740, 7, 2021/11/28, 20:50:37.717, 6235715725675, datacollector.dll, Blame Collector : Test Case End
TpTrace Information: 0 : 2740, 7, 2021/11/28, 20:50:37.717, 6235715729009, datacollector.dll, DataCollectionTestCaseEventHandler: Test case 'TestProizvodIme - 47c4d756-a527-d663-9f1e-5969f7356ac1' completed
TpTrace Information: 0 : 2740, 7, 2021/11/28, 20:50:37.718, 6235715737436, datacollector.dll, DataCollectionTestCaseEventHandler: Test case starting.
TpTrace Information: 0 : 2740, 7, 2021/11/28, 20:50:37.718, 6235715742210, datacollector.dll, Blame Collector : Test Case Start
TpTrace Information: 0 : 2740, 7, 2021/11/28, 20:50:37.718, 6235715744497, datacollector.dll, DataCollectionTestCaseEventHandler: Test case 'TestKolicinaNaStanju - 879a4200-6572-e2b5-6741-c13751e73ba6' started.
TpTrace Information: 0 : 2740, 7, 2021/11/28, 20:50:37.720, 6235715759053, datacollector.dll, DataCollectionTestCaseEventHandler : Test case completing.
TpTrace Information: 0 : 2740, 7, 2021/11/28, 20:50:37.720, 6235715763762, datacollector.dll, Blame Collector : Test Case End
TpTrace Information: 0 : 2740, 7, 2021/11/28, 20:50:37.721, 6235715766168, datacollector.dll, DataCollectionTestCaseEventHandler: Test case 'TestKolicinaNaStanju - 879a4200-6572-e2b5-6741-c13751e73ba6' completed
TpTrace Information: 0 : 2740, 7, 2021/11/28, 20:50:37.722, 6235715775934, datacollector.dll, DataCollectionTestCaseEventHandler: Test case starting.
TpTrace Information: 0 : 2740, 7, 2021/11/28, 20:50:37.722, 6235715780090, datacollector.dll, Blame Collector : Test Case Start
TpTrace Information: 0 : 2740, 7, 2021/11/28, 20:50:37.722, 6235715781999, datacollector.dll, DataCollectionTestCaseEventHandler: Test case 'TestOcekivanaKolicina - fb284c69-29f0-c270-e348-4042775b3e47' started.
TpTrace Information: 0 : 2740, 7, 2021/11/28, 20:50:37.724, 6235715795567, datacollector.dll, DataCollectionTestCaseEventHandler : Test case completing.
TpTrace Information: 0 : 2740, 7, 2021/11/28, 20:50:37.724, 6235715799671, datacollector.dll, Blame Collector : Test Case End
TpTrace Information: 0 : 2740, 7, 2021/11/28, 20:50:37.724, 6235715801533, datacollector.dll, DataCollectionTestCaseEventHandler: Test case 'TestOcekivanaKolicina - fb284c69-29f0-c270-e348-4042775b3e47' completed
TpTrace Information: 0 : 2740, 7, 2021/11/28, 20:50:37.725, 6235715810608, datacollector.dll, DataCollectionTestCaseEventHandler: Test case starting.
TpTrace Information: 0 : 2740, 7, 2021/11/28, 20:50:37.726, 6235715815134, datacollector.dll, Blame Collector : Test Case Start
TpTrace Information: 0 : 2740, 7, 2021/11/28, 20:50:37.726, 6235715816993, datacollector.dll, DataCollectionTestCaseEventHandler: Test case 'TestDatumPristizanja - 35042000-a727-6a77-d866-2691510089e2' started.
TpTrace Information: 0 : 2740, 7, 2021/11/28, 20:50:37.727, 6235715827646, datacollector.dll, DataCollectionTestCaseEventHandler : Test case completing.
TpTrace Information: 0 : 2740, 7, 2021/11/28, 20:50:37.727, 6235715831244, datacollector.dll, Blame Collector : Test Case End
TpTrace Information: 0 : 2740, 7, 2021/11/28, 20:50:37.727, 6235715832747, datacollector.dll, DataCollectionTestCaseEventHandler: Test case 'TestDatumPristizanja - 35042000-a727-6a77-d866-2691510089e2' completed
TpTrace Information: 0 : 2740, 7, 2021/11/28, 20:50:37.729, 6235715852550, datacollector.dll, DataCollectionTestCaseEventHandler: Test case starting.
TpTrace Information: 0 : 2740, 7, 2021/11/28, 20:50:37.730, 6235715860142, datacollector.dll, Blame Collector : Test Case Start
TpTrace Information: 0 : 2740, 7, 2021/11/28, 20:50:37.730, 6235715864530, datacollector.dll, DataCollectionTestCaseEventHandler: Test case 'TestDatumOcekivaneKolicine - 8f4a0743-3ef6-3326-123e-2239a99bca59' started.
TpTrace Information: 0 : 2740, 7, 2021/11/28, 20:50:37.732, 6235715882983, datacollector.dll, DataCollectionTestCaseEventHandler : Test case completing.
TpTrace Information: 0 : 2740, 7, 2021/11/28, 20:50:37.733, 6235715887177, datacollector.dll, Blame Collector : Test Case End
TpTrace Information: 0 : 2740, 7, 2021/11/28, 20:50:37.733, 6235715889207, datacollector.dll, DataCollectionTestCaseEventHandler: Test case 'TestDatumOcekivaneKolicine - 8f4a0743-3ef6-3326-123e-2239a99bca59' completed
TpTrace Information: 0 : 2740, 7, 2021/11/28, 20:50:37.734, 6235715896094, datacollector.dll, DataCollectionTestCaseEventHandler: Test case starting.
TpTrace Information: 0 : 2740, 7, 2021/11/28, 20:50:37.734, 6235715899763, datacollector.dll, Blame Collector : Test Case Start
TpTrace Information: 0 : 2740, 7, 2021/11/28, 20:50:37.734, 6235715901272, datacollector.dll, DataCollectionTestCaseEventHandler: Test case 'TestCijenaProizvoda - f3950574-6a30-6453-d3be-6d8c1dd6fc79' started.
TpTrace Information: 0 : 2740, 7, 2021/11/28, 20:50:37.736, 6235715915740, datacollector.dll, DataCollectionTestCaseEventHandler : Test case completing.
TpTrace Information: 0 : 2740, 7, 2021/11/28, 20:50:37.736, 6235715919464, datacollector.dll, Blame Collector : Test Case End
TpTrace Information: 0 : 2740, 7, 2021/11/28, 20:50:37.736, 6235715920853, datacollector.dll, DataCollectionTestCaseEventHandler: Test case 'TestCijenaProizvoda - f3950574-6a30-6453-d3be-6d8c1dd6fc79' completed
TpTrace Information: 0 : 2740, 7, 2021/11/28, 20:50:37.737, 6235715927642, datacollector.dll, DataCollectionTestCaseEventHandler: Test case starting.
TpTrace Information: 0 : 2740, 7, 2021/11/28, 20:50:37.737, 6235715931110, datacollector.dll, Blame Collector : Test Case Start
TpTrace Information: 0 : 2740, 7, 2021/11/28, 20:50:37.737, 6235715932551, datacollector.dll, DataCollectionTestCaseEventHandler: Test case 'TestCertifikat387 - 0e7615dd-cf48-da7e-d502-22dc62a42fca' started.
TpTrace Information: 0 : 2740, 7, 2021/11/28, 20:50:37.739, 6235715945629, datacollector.dll, DataCollectionTestCaseEventHandler : Test case completing.
TpTrace Information: 0 : 2740, 7, 2021/11/28, 20:50:37.739, 6235715949237, datacollector.dll, Blame Collector : Test Case End
TpTrace Information: 0 : 2740, 7, 2021/11/28, 20:50:37.739, 6235715950690, datacollector.dll, DataCollectionTestCaseEventHandler: Test case 'TestCertifikat387 - 0e7615dd-cf48-da7e-d502-22dc62a42fca' completed
TpTrace Information: 0 : 2740, 7, 2021/11/28, 20:50:37.740, 6235715957770, datacollector.dll, DataCollectionTestCaseEventHandler: Test case starting.
TpTrace Information: 0 : 2740, 7, 2021/11/28, 20:50:37.740, 6235715961003, datacollector.dll, Blame Collector : Test Case Start
TpTrace Information: 0 : 2740, 7, 2021/11/28, 20:50:37.740, 6235715962260, datacollector.dll, DataCollectionTestCaseEventHandler: Test case 'TestRadSaProdavačima - aae5fa86-d336-7dd9-87b5-34e217aadcb6' started.
TpTrace Information: 0 : 2740, 7, 2021/11/28, 20:50:37.743, 6235715988023, datacollector.dll, DataCollectionTestCaseEventHandler : Test case completing.
TpTrace Information: 0 : 2740, 7, 2021/11/28, 20:50:37.743, 6235715993302, datacollector.dll, Blame Collector : Test Case End
TpTrace Information: 0 : 2740, 7, 2021/11/28, 20:50:37.744, 6235715995441, datacollector.dll, DataCollectionTestCaseEventHandler: Test case 'TestRadSaProdavačima - aae5fa86-d336-7dd9-87b5-34e217aadcb6' completed
TpTrace Information: 0 : 2740, 7, 2021/11/28, 20:50:37.744, 6235716004180, datacollector.dll, DataCollectionTestCaseEventHandler: Test case starting.
TpTrace Information: 0 : 2740, 7, 2021/11/28, 20:50:37.745, 6235716008119, datacollector.dll, Blame Collector : Test Case Start
TpTrace Information: 0 : 2740, 7, 2021/11/28, 20:50:37.745, 6235716009559, datacollector.dll, DataCollectionTestCaseEventHandler: Test case 'TestOtvoriŠtand - 8628d629-52a4-539a-049c-c0e7a91ca91d' started.
TpTrace Information: 0 : 2740, 7, 2021/11/28, 20:50:37.748, 6235716035415, datacollector.dll, DataCollectionTestCaseEventHandler : Test case completing.
TpTrace Information: 0 : 2740, 7, 2021/11/28, 20:50:37.748, 6235716039874, datacollector.dll, Blame Collector : Test Case End
TpTrace Information: 0 : 2740, 7, 2021/11/28, 20:50:37.748, 6235716041943, datacollector.dll, DataCollectionTestCaseEventHandler: Test case 'TestOtvoriŠtand - 8628d629-52a4-539a-049c-c0e7a91ca91d' completed
TpTrace Information: 0 : 2740, 7, 2021/11/28, 20:50:37.749, 6235716049588, datacollector.dll, DataCollectionTestCaseEventHandler: Test case starting.
TpTrace Information: 0 : 2740, 7, 2021/11/28, 20:50:37.749, 6235716053496, datacollector.dll, Blame Collector : Test Case Start
TpTrace Information: 0 : 2740, 7, 2021/11/28, 20:50:37.750, 6235716054870, datacollector.dll, DataCollectionTestCaseEventHandler: Test case 'TestIzvršavanjeKupovina - d89678ec-469e-ea36-91fa-34018cbb1cfa' started.
TpTrace Information: 0 : 2740, 7, 2021/11/28, 20:50:37.751, 6235716073745, datacollector.dll, DataCollectionTestCaseEventHandler : Test case completing.
TpTrace Information: 0 : 2740, 7, 2021/11/28, 20:50:37.752, 6235716077856, datacollector.dll, Blame Collector : Test Case End
TpTrace Information: 0 : 2740, 7, 2021/11/28, 20:50:37.752, 6235716079392, datacollector.dll, DataCollectionTestCaseEventHandler: Test case 'TestIzvršavanjeKupovina - d89678ec-469e-ea36-91fa-34018cbb1cfa' completed
TpTrace Information: 0 : 2740, 7, 2021/11/28, 20:50:37.753, 6235716087353, datacollector.dll, DataCollectionTestCaseEventHandler: Test case starting.
TpTrace Information: 0 : 2740, 7, 2021/11/28, 20:50:37.753, 6235716090432, datacollector.dll, Blame Collector : Test Case Start
TpTrace Information: 0 : 2740, 7, 2021/11/28, 20:50:37.753, 6235716091602, datacollector.dll, DataCollectionTestCaseEventHandler: Test case 'TestDodavanjeTipskeNamirnice - 0617cc62-f361-aead-eab8-e1856c664520' started.
TpTrace Information: 0 : 2740, 7, 2021/11/28, 20:50:37.755, 6235716112160, datacollector.dll, DataCollectionTestCaseEventHandler : Test case completing.
TpTrace Information: 0 : 2740, 7, 2021/11/28, 20:50:37.756, 6235716116146, datacollector.dll, Blame Collector : Test Case End
TpTrace Information: 0 : 2740, 7, 2021/11/28, 20:50:37.756, 6235716117945, datacollector.dll, DataCollectionTestCaseEventHandler: Test case 'TestDodavanjeTipskeNamirnice - 0617cc62-f361-aead-eab8-e1856c664520' completed
TpTrace Information: 0 : 2740, 7, 2021/11/28, 20:50:37.757, 6235716124916, datacollector.dll, DataCollectionTestCaseEventHandler: Test case starting.
TpTrace Information: 0 : 2740, 7, 2021/11/28, 20:50:37.757, 6235716128363, datacollector.dll, Blame Collector : Test Case Start
TpTrace Information: 0 : 2740, 7, 2021/11/28, 20:50:37.757, 6235716129316, datacollector.dll, DataCollectionTestCaseEventHandler: Test case 'TestNaručiProizvode - 91d749a9-3c49-9fc6-67f8-7498fbc5052b' started.
TpTrace Information: 0 : 2740, 7, 2021/11/28, 20:50:37.760, 6235716157367, datacollector.dll, DataCollectionTestCaseEventHandler : Test case completing.
TpTrace Information: 0 : 2740, 7, 2021/11/28, 20:50:37.760, 6235716160667, datacollector.dll, Blame Collector : Test Case End
TpTrace Information: 0 : 2740, 7, 2021/11/28, 20:50:37.760, 6235716161941, datacollector.dll, DataCollectionTestCaseEventHandler: Test case 'TestNaručiProizvode - 91d749a9-3c49-9fc6-67f8-7498fbc5052b' completed
TpTrace Information: 0 : 2740, 7, 2021/11/28, 20:50:37.761, 6235716168872, datacollector.dll, DataCollectionTestCaseEventHandler: Test case starting.
TpTrace Information: 0 : 2740, 7, 2021/11/28, 20:50:37.761, 6235716172326, datacollector.dll, Blame Collector : Test Case Start
TpTrace Information: 0 : 2740, 7, 2021/11/28, 20:50:37.761, 6235716174756, datacollector.dll, DataCollectionTestCaseEventHandler: Test case 'TestInspekcija - 9b31d284-4e6c-79fd-b774-cf1c0dc51849' started.
TpTrace Information: 0 : 2740, 7, 2021/11/28, 20:50:37.763, 6235716188141, datacollector.dll, DataCollectionTestCaseEventHandler : Test case completing.
TpTrace Information: 0 : 2740, 7, 2021/11/28, 20:50:37.763, 6235716194385, datacollector.dll, Blame Collector : Test Case End
TpTrace Information: 0 : 2740, 7, 2021/11/28, 20:50:37.764, 6235716197669, datacollector.dll, DataCollectionTestCaseEventHandler: Test case 'TestInspekcija - 9b31d284-4e6c-79fd-b774-cf1c0dc51849' completed
TpTrace Information: 0 : 2740, 7, 2021/11/28, 20:50:37.766, 6235716223792, datacollector.dll, DataCollectionTestCaseEventHandler: Test case starting.
TpTrace Information: 0 : 2740, 7, 2021/11/28, 20:50:37.767, 6235716227677, datacollector.dll, Blame Collector : Test Case Start
TpTrace Information: 0 : 2740, 7, 2021/11/28, 20:50:37.767, 6235716229187, datacollector.dll, DataCollectionTestCaseEventHandler: Test case 'TestKrajZakupa - c4fbb387-ff8f-e846-e170-ee4134e56d7d' started.
TpTrace Information: 0 : 2740, 7, 2021/11/28, 20:50:37.769, 6235716245010, datacollector.dll, DataCollectionTestCaseEventHandler : Test case completing.
TpTrace Information: 0 : 2740, 7, 2021/11/28, 20:50:37.769, 6235716249230, datacollector.dll, Blame Collector : Test Case End
TpTrace Information: 0 : 2740, 7, 2021/11/28, 20:50:37.769, 6235716251012, datacollector.dll, DataCollectionTestCaseEventHandler: Test case 'TestKrajZakupa - c4fbb387-ff8f-e846-e170-ee4134e56d7d' completed
TpTrace Information: 0 : 2740, 7, 2021/11/28, 20:50:37.770, 6235716257582, datacollector.dll, DataCollectionTestCaseEventHandler: Test case starting.
TpTrace Information: 0 : 2740, 7, 2021/11/28, 20:50:37.770, 6235716260775, datacollector.dll, Blame Collector : Test Case Start
TpTrace Information: 0 : 2740, 7, 2021/11/28, 20:50:37.770, 6235716262025, datacollector.dll, DataCollectionTestCaseEventHandler: Test case 'TestKupovine - 6dfd0895-736d-8f33-f2ef-045e9c3229ce' started.
TpTrace Information: 0 : 2740, 7, 2021/11/28, 20:50:37.772, 6235716275269, datacollector.dll, DataCollectionTestCaseEventHandler : Test case completing.
TpTrace Information: 0 : 2740, 7, 2021/11/28, 20:50:37.772, 6235716279129, datacollector.dll, Blame Collector : Test Case End
TpTrace Information: 0 : 2740, 7, 2021/11/28, 20:50:37.772, 6235716280477, datacollector.dll, DataCollectionTestCaseEventHandler: Test case 'TestKupovine - 6dfd0895-736d-8f33-f2ef-045e9c3229ce' completed
TpTrace Information: 0 : 2740, 7, 2021/11/28, 20:50:37.773, 6235716286691, datacollector.dll, DataCollectionTestCaseEventHandler: Test case starting.
TpTrace Information: 0 : 2740, 7, 2021/11/28, 20:50:37.773, 6235716289434, datacollector.dll, Blame Collector : Test Case Start
TpTrace Information: 0 : 2740, 7, 2021/11/28, 20:50:37.773, 6235716290483, datacollector.dll, DataCollectionTestCaseEventHandler: Test case 'TestKupovinaProizvod - 98def462-ed60-cfb1-259c-18ecec99ca57' started.
TpTrace Information: 0 : 2740, 7, 2021/11/28, 20:50:37.774, 6235716300104, datacollector.dll, DataCollectionTestCaseEventHandler : Test case completing.
TpTrace Information: 0 : 2740, 7, 2021/11/28, 20:50:37.774, 6235716303146, datacollector.dll, Blame Collector : Test Case End
TpTrace Information: 0 : 2740, 7, 2021/11/28, 20:50:37.774, 6235716304381, datacollector.dll, DataCollectionTestCaseEventHandler: Test case 'TestKupovinaProizvod - 98def462-ed60-cfb1-259c-18ecec99ca57' completed
TpTrace Information: 0 : 2740, 7, 2021/11/28, 20:50:37.775, 6235716309768, datacollector.dll, DataCollectionTestCaseEventHandler: Test case starting.
TpTrace Information: 0 : 2740, 7, 2021/11/28, 20:50:37.775, 6235716312337, datacollector.dll, Blame Collector : Test Case Start
TpTrace Information: 0 : 2740, 7, 2021/11/28, 20:50:37.775, 6235716313261, datacollector.dll, DataCollectionTestCaseEventHandler: Test case 'TestKupovinaKolicina - 3cdb9aca-f03a-f40a-d2e9-5d698a28686f' started.
TpTrace Information: 0 : 2740, 7, 2021/11/28, 20:50:37.776, 6235716321662, datacollector.dll, DataCollectionTestCaseEventHandler : Test case completing.
TpTrace Information: 0 : 2740, 7, 2021/11/28, 20:50:37.777, 6235716325967, datacollector.dll, Blame Collector : Test Case End
TpTrace Information: 0 : 2740, 7, 2021/11/28, 20:50:37.777, 6235716327814, datacollector.dll, DataCollectionTestCaseEventHandler: Test case 'TestKupovinaKolicina - 3cdb9aca-f03a-f40a-d2e9-5d698a28686f' completed
TpTrace Information: 0 : 2740, 7, 2021/11/28, 20:50:37.777, 6235716334735, datacollector.dll, DataCollectionTestCaseEventHandler: Test case starting.
TpTrace Information: 0 : 2740, 7, 2021/11/28, 20:50:37.778, 6235716338845, datacollector.dll, Blame Collector : Test Case Start
TpTrace Information: 0 : 2740, 7, 2021/11/28, 20:50:37.778, 6235716340487, datacollector.dll, DataCollectionTestCaseEventHandler: Test case 'TestKupovinaCijena - f1c3d513-3eca-f908-0e79-2c064f10ed7a' started.
TpTrace Information: 0 : 2740, 7, 2021/11/28, 20:50:37.779, 6235716351568, datacollector.dll, DataCollectionTestCaseEventHandler : Test case completing.
TpTrace Information: 0 : 2740, 7, 2021/11/28, 20:50:37.780, 6235716358213, datacollector.dll, Blame Collector : Test Case End
TpTrace Information: 0 : 2740, 7, 2021/11/28, 20:50:37.780, 6235716361165, datacollector.dll, DataCollectionTestCaseEventHandler: Test case 'TestKupovinaCijena - f1c3d513-3eca-f908-0e79-2c064f10ed7a' completed
TpTrace Information: 0 : 2740, 7, 2021/11/28, 20:50:37.781, 6235716372220, datacollector.dll, DataCollectionTestCaseEventHandler: Test case starting.
TpTrace Information: 0 : 2740, 7, 2021/11/28, 20:50:37.782, 6235716378542, datacollector.dll, Blame Collector : Test Case Start
TpTrace Information: 0 : 2740, 7, 2021/11/28, 20:50:37.782, 6235716380976, datacollector.dll, DataCollectionTestCaseEventHandler: Test case 'TestKupovinaPopust - b6e13258-d801-247e-a47d-580d4efc84cb' started.
TpTrace Information: 0 : 2740, 7, 2021/11/28, 20:50:37.783, 6235716392595, datacollector.dll, DataCollectionTestCaseEventHandler : Test case completing.
TpTrace Information: 0 : 2740, 7, 2021/11/28, 20:50:37.784, 6235716396935, datacollector.dll, Blame Collector : Test Case End
TpTrace Information: 0 : 2740, 7, 2021/11/28, 20:50:37.784, 6235716398575, datacollector.dll, DataCollectionTestCaseEventHandler: Test case 'TestKupovinaPopust - b6e13258-d801-247e-a47d-580d4efc84cb' completed
TpTrace Information: 0 : 2740, 7, 2021/11/28, 20:50:37.785, 6235716406312, datacollector.dll, DataCollectionTestCaseEventHandler: Test case starting.
TpTrace Information: 0 : 2740, 7, 2021/11/28, 20:50:37.785, 6235716409860, datacollector.dll, Blame Collector : Test Case Start
TpTrace Information: 0 : 2740, 7, 2021/11/28, 20:50:37.785, 6235716411213, datacollector.dll, DataCollectionTestCaseEventHandler: Test case 'TestKupovinaDatum - 4d2bcb1c-a718-ecca-bc83-6dc992172822' started.
TpTrace Information: 0 : 2740, 7, 2021/11/28, 20:50:37.786, 6235716422125, datacollector.dll, DataCollectionTestCaseEventHandler : Test case completing.
TpTrace Information: 0 : 2740, 7, 2021/11/28, 20:50:37.787, 6235716425858, datacollector.dll, Blame Collector : Test Case End
TpTrace Information: 0 : 2740, 7, 2021/11/28, 20:50:37.787, 6235716427254, datacollector.dll, DataCollectionTestCaseEventHandler: Test case 'TestKupovinaDatum - 4d2bcb1c-a718-ecca-bc83-6dc992172822' completed
TpTrace Information: 0 : 2740, 7, 2021/11/28, 20:50:37.787, 6235716434211, datacollector.dll, DataCollectionTestCaseEventHandler: Test case starting.
TpTrace Information: 0 : 2740, 7, 2021/11/28, 20:50:37.788, 6235716438328, datacollector.dll, Blame Collector : Test Case Start
TpTrace Information: 0 : 2740, 7, 2021/11/28, 20:50:37.788, 6235716439702, datacollector.dll, DataCollectionTestCaseEventHandler: Test case 'TestDatumOtvaranja - 0c887cf0-4d0b-cdad-f7a6-e921034cf994' started.
TpTrace Information: 0 : 2740, 7, 2021/11/28, 20:50:37.790, 6235716455782, datacollector.dll, DataCollectionTestCaseEventHandler : Test case completing.
TpTrace Information: 0 : 2740, 7, 2021/11/28, 20:50:37.790, 6235716461054, datacollector.dll, Blame Collector : Test Case End
TpTrace Information: 0 : 2740, 7, 2021/11/28, 20:50:37.790, 6235716463477, datacollector.dll, DataCollectionTestCaseEventHandler: Test case 'TestDatumOtvaranja - 0c887cf0-4d0b-cdad-f7a6-e921034cf994' completed
TpTrace Information: 0 : 2740, 7, 2021/11/28, 20:50:37.791, 6235716472525, datacollector.dll, DataCollectionTestCaseEventHandler: Test case starting.
TpTrace Information: 0 : 2740, 7, 2021/11/28, 20:50:37.792, 6235716481998, datacollector.dll, Blame Collector : Test Case Start
TpTrace Information: 0 : 2740, 7, 2021/11/28, 20:50:37.793, 6235716487276, datacollector.dll, DataCollectionTestCaseEventHandler: Test case 'TestAktivnosti - efd0f98d-28d5-ff82-45a3-32f66cd3872b' started.
TpTrace Information: 0 : 2740, 7, 2021/11/28, 20:50:37.797, 6235716529585, datacollector.dll, DataCollectionTestCaseEventHandler : Test case completing.
TpTrace Information: 0 : 2740, 7, 2021/11/28, 20:50:37.798, 6235716537079, datacollector.dll, Blame Collector : Test Case End
TpTrace Information: 0 : 2740, 7, 2021/11/28, 20:50:37.798, 6235716540153, datacollector.dll, DataCollectionTestCaseEventHandler: Test case 'TestAktivnosti - efd0f98d-28d5-ff82-45a3-32f66cd3872b' completed
TpTrace Information: 0 : 2740, 7, 2021/11/28, 20:50:37.803, 6235716587218, datacollector.dll, DataCollectionTestCaseEventHandler: Test case starting.
TpTrace Information: 0 : 2740, 7, 2021/11/28, 20:50:37.803, 6235716594451, datacollector.dll, Blame Collector : Test Case Start
TpTrace Information: 0 : 2740, 7, 2021/11/28, 20:50:37.804, 6235716597404, datacollector.dll, DataCollectionTestCaseEventHandler: Test case 'TestPromet - 7eefdd3c-0623-f10b-4ba7-cba1276bb6f9' started.
TpTrace Information: 0 : 2740, 7, 2021/11/28, 20:50:37.806, 6235716619793, datacollector.dll, DataCollectionTestCaseEventHandler : Test case completing.
TpTrace Information: 0 : 2740, 7, 2021/11/28, 20:50:37.807, 6235716633714, datacollector.dll, Blame Collector : Test Case End
TpTrace Information: 0 : 2740, 7, 2021/11/28, 20:50:37.808, 6235716637530, datacollector.dll, DataCollectionTestCaseEventHandler: Test case 'TestPromet - 7eefdd3c-0623-f10b-4ba7-cba1276bb6f9' completed
TpTrace Information: 0 : 2740, 7, 2021/11/28, 20:50:37.809, 6235716650017, datacollector.dll, DataCollectionTestCaseEventHandler: Test case starting.
TpTrace Information: 0 : 2740, 7, 2021/11/28, 20:50:37.810, 6235716656000, datacollector.dll, Blame Collector : Test Case Start
TpTrace Information: 0 : 2740, 7, 2021/11/28, 20:50:37.810, 6235716660528, datacollector.dll, DataCollectionTestCaseEventHandler: Test case 'TestSifraProizvoda - 3d8d6f10-ef27-5723-9699-02981ce6d75f' started.
TpTrace Information: 0 : 2740, 7, 2021/11/28, 20:50:37.812, 6235716683417, datacollector.dll, DataCollectionTestCaseEventHandler : Test case completing.
TpTrace Information: 0 : 2740, 7, 2021/11/28, 20:50:37.813, 6235716689657, datacollector.dll, Blame Collector : Test Case End
TpTrace Information: 0 : 2740, 7, 2021/11/28, 20:50:37.813, 6235716694685, datacollector.dll, DataCollectionTestCaseEventHandler: Test case 'TestSifraProizvoda - 3d8d6f10-ef27-5723-9699-02981ce6d75f' completed
TpTrace Information: 0 : 2740, 7, 2021/11/28, 20:50:37.816, 6235716716602, datacollector.dll, DataCollectionTestCaseEventHandler: Test case starting.
TpTrace Information: 0 : 2740, 7, 2021/11/28, 20:50:37.817, 6235716728008, datacollector.dll, Blame Collector : Test Case Start
TpTrace Information: 0 : 2740, 7, 2021/11/28, 20:50:37.817, 6235716733981, datacollector.dll, DataCollectionTestCaseEventHandler: Test case 'TestKolicina - 5fe6d331-5f1f-f3a4-bd76-8c61c5e887ab' started.
TpTrace Information: 0 : 2740, 7, 2021/11/28, 20:50:37.819, 6235716753941, datacollector.dll, DataCollectionTestCaseEventHandler : Test case completing.
TpTrace Information: 0 : 2740, 7, 2021/11/28, 20:50:37.820, 6235716759474, datacollector.dll, Blame Collector : Test Case End
TpTrace Information: 0 : 2740, 7, 2021/11/28, 20:50:37.820, 6235716762567, datacollector.dll, DataCollectionTestCaseEventHandler: Test case 'TestKolicina - 5fe6d331-5f1f-f3a4-bd76-8c61c5e887ab' completed
TpTrace Information: 0 : 2740, 7, 2021/11/28, 20:50:37.825, 6235716809747, datacollector.dll, DataCollectionTestCaseEventHandler: Test case starting.
TpTrace Information: 0 : 2740, 7, 2021/11/28, 20:50:37.826, 6235716817085, datacollector.dll, Blame Collector : Test Case Start
TpTrace Information: 0 : 2740, 7, 2021/11/28, 20:50:37.826, 6235716820150, datacollector.dll, DataCollectionTestCaseEventHandler: Test case 'TestOcekivanaKolicina - cc47cb41-bc87-e2de-1f7f-992edc356eb1' started.
TpTrace Information: 0 : 2740, 7, 2021/11/28, 20:50:37.828, 6235716843464, datacollector.dll, DataCollectionTestCaseEventHandler : Test case completing.
TpTrace Information: 0 : 2740, 7, 2021/11/28, 20:50:37.829, 6235716851069, datacollector.dll, Blame Collector : Test Case End
TpTrace Information: 0 : 2740, 7, 2021/11/28, 20:50:37.830, 6235716854970, datacollector.dll, DataCollectionTestCaseEventHandler: Test case 'TestOcekivanaKolicina - cc47cb41-bc87-e2de-1f7f-992edc356eb1' completed
TpTrace Information: 0 : 2740, 7, 2021/11/28, 20:50:37.831, 6235716870449, datacollector.dll, DataCollectionTestCaseEventHandler: Test case starting.
TpTrace Information: 0 : 2740, 7, 2021/11/28, 20:50:37.833, 6235716888150, datacollector.dll, Blame Collector : Test Case Start
TpTrace Information: 0 : 2740, 7, 2021/11/28, 20:50:37.833, 6235716894104, datacollector.dll, DataCollectionTestCaseEventHandler: Test case 'TestDatumPristizanja - 8e2f8119-efe7-1305-5e2e-a806a754b4a6' started.
TpTrace Information: 0 : 2740, 7, 2021/11/28, 20:50:37.835, 6235716910626, datacollector.dll, DataCollectionTestCaseEventHandler : Test case completing.
TpTrace Information: 0 : 2740, 7, 2021/11/28, 20:50:37.836, 6235716917840, datacollector.dll, Blame Collector : Test Case End
TpTrace Information: 0 : 2740, 7, 2021/11/28, 20:50:37.836, 6235716921487, datacollector.dll, DataCollectionTestCaseEventHandler: Test case 'TestDatumPristizanja - 8e2f8119-efe7-1305-5e2e-a806a754b4a6' completed
TpTrace Information: 0 : 2740, 7, 2021/11/28, 20:50:37.838, 6235716935959, datacollector.dll, DataCollectionTestCaseEventHandler: Test case starting.
TpTrace Information: 0 : 2740, 7, 2021/11/28, 20:50:37.838, 6235716943408, datacollector.dll, Blame Collector : Test Case Start
TpTrace Information: 0 : 2740, 7, 2021/11/28, 20:50:37.839, 6235716948099, datacollector.dll, DataCollectionTestCaseEventHandler: Test case 'TestDatumOcekivaneKolicine - 4fbe6478-bc85-14b9-e5ff-d51674a447f4' started.
TpTrace Information: 0 : 2740, 7, 2021/11/28, 20:50:37.841, 6235716972097, datacollector.dll, DataCollectionTestCaseEventHandler : Test case completing.
TpTrace Information: 0 : 2740, 7, 2021/11/28, 20:50:37.842, 6235716979995, datacollector.dll, Blame Collector : Test Case End
TpTrace Information: 0 : 2740, 7, 2021/11/28, 20:50:37.842, 6235716984370, datacollector.dll, DataCollectionTestCaseEventHandler: Test case 'TestDatumOcekivaneKolicine - 4fbe6478-bc85-14b9-e5ff-d51674a447f4' completed
TpTrace Information: 0 : 2740, 7, 2021/11/28, 20:50:37.844, 6235716995709, datacollector.dll, DataCollectionTestCaseEventHandler: Test case starting.
TpTrace Information: 0 : 2740, 7, 2021/11/28, 20:50:37.844, 6235717000556, datacollector.dll, Blame Collector : Test Case Start
TpTrace Information: 0 : 2740, 7, 2021/11/28, 20:50:37.844, 6235717002485, datacollector.dll, DataCollectionTestCaseEventHandler: Test case 'TestCertifikat387 - efa230a8-a422-54b5-17b8-10e33f461a84' started.
TpTrace Information: 0 : 2740, 7, 2021/11/28, 20:50:37.849, 6235717045529, datacollector.dll, DataCollectionTestCaseEventHandler : Test case completing.
TpTrace Information: 0 : 2740, 7, 2021/11/28, 20:50:37.850, 6235717058344, datacollector.dll, Blame Collector : Test Case End
TpTrace Information: 0 : 2740, 7, 2021/11/28, 20:50:37.851, 6235717065476, datacollector.dll, DataCollectionTestCaseEventHandler: Test case 'TestCertifikat387 - efa230a8-a422-54b5-17b8-10e33f461a84' completed
TpTrace Information: 0 : 2740, 7, 2021/11/28, 20:50:37.852, 6235717079914, datacollector.dll, DataCollectionTestCaseEventHandler: Test case starting.
TpTrace Information: 0 : 2740, 7, 2021/11/28, 20:50:37.854, 6235717104669, datacollector.dll, Blame Collector : Test Case Start
TpTrace Information: 0 : 2740, 7, 2021/11/28, 20:50:37.855, 6235717110096, datacollector.dll, DataCollectionTestCaseEventHandler: Test case 'TestNarucikolicinu - 8bb5c37f-3aae-79f0-c82e-2c23b4779d7a' started.
TpTrace Information: 0 : 2740, 7, 2021/11/28, 20:50:37.857, 6235717129761, datacollector.dll, DataCollectionTestCaseEventHandler : Test case completing.
TpTrace Information: 0 : 2740, 7, 2021/11/28, 20:50:37.858, 6235717136072, datacollector.dll, Blame Collector : Test Case End
TpTrace Information: 0 : 2740, 7, 2021/11/28, 20:50:37.858, 6235717139348, datacollector.dll, DataCollectionTestCaseEventHandler: Test case 'TestNarucikolicinu - 8bb5c37f-3aae-79f0-c82e-2c23b4779d7a' completed
TpTrace Information: 0 : 2740, 7, 2021/11/28, 20:50:37.859, 6235717148394, datacollector.dll, DataCollectionTestCaseEventHandler: Test case starting.
TpTrace Information: 0 : 2740, 7, 2021/11/28, 20:50:37.859, 6235717153934, datacollector.dll, Blame Collector : Test Case Start
TpTrace Information: 0 : 2740, 7, 2021/11/28, 20:50:37.860, 6235717156341, datacollector.dll, DataCollectionTestCaseEventHandler: Test case 'TestProdavaci - 0d67ec3d-d1b1-b65e-8f5f-a4b10da3b03e' started.
TpTrace Information: 0 : 2740, 7, 2021/11/28, 20:50:37.862, 6235717181818, datacollector.dll, DataCollectionTestCaseEventHandler : Test case completing.
TpTrace Information: 0 : 2740, 7, 2021/11/28, 20:50:37.863, 6235717187428, datacollector.dll, Blame Collector : Test Case End
TpTrace Information: 0 : 2740, 7, 2021/11/28, 20:50:37.863, 6235717191354, datacollector.dll, DataCollectionTestCaseEventHandler: Test case 'TestProdavaci - 0d67ec3d-d1b1-b65e-8f5f-a4b10da3b03e' completed
TpTrace Information: 0 : 2740, 7, 2021/11/28, 20:50:37.869, 6235717245459, datacollector.dll, DataCollectionTestCaseEventHandler: Test case starting.
TpTrace Information: 0 : 2740, 7, 2021/11/28, 20:50:37.870, 6235717258018, datacollector.dll, Blame Collector : Test Case Start
TpTrace Information: 0 : 2740, 7, 2021/11/28, 20:50:37.871, 6235717265191, datacollector.dll, DataCollectionTestCaseEventHandler: Test case 'TestStandovi - c4d4be37-c0a3-1ae6-46a4-1cdd50a7a7f9' started.
TpTrace Information: 0 : 2740, 7, 2021/11/28, 20:50:37.875, 6235717306720, datacollector.dll, DataCollectionTestCaseEventHandler : Test case completing.
TpTrace Information: 0 : 2740, 7, 2021/11/28, 20:50:37.875, 6235717314803, datacollector.dll, Blame Collector : Test Case End
TpTrace Information: 0 : 2740, 7, 2021/11/28, 20:50:37.876, 6235717317395, datacollector.dll, DataCollectionTestCaseEventHandler: Test case 'TestStandovi - c4d4be37-c0a3-1ae6-46a4-1cdd50a7a7f9' completed
TpTrace Information: 0 : 2740, 7, 2021/11/28, 20:50:37.877, 6235717333041, datacollector.dll, DataCollectionTestCaseEventHandler: Test case starting.
TpTrace Information: 0 : 2740, 7, 2021/11/28, 20:50:37.878, 6235717338960, datacollector.dll, Blame Collector : Test Case Start
TpTrace Information: 0 : 2740, 7, 2021/11/28, 20:50:37.878, 6235717341591, datacollector.dll, DataCollectionTestCaseEventHandler: Test case 'TestUkupniPromet - aca3de87-1292-d073-2a4c-5c931ff3d2c4' started.
TpTrace Information: 0 : 2740, 7, 2021/11/28, 20:50:37.879, 6235717353014, datacollector.dll, DataCollectionTestCaseEventHandler : Test case completing.
TpTrace Information: 0 : 2740, 7, 2021/11/28, 20:50:37.880, 6235717358734, datacollector.dll, Blame Collector : Test Case End
TpTrace Information: 0 : 2740, 7, 2021/11/28, 20:50:37.880, 6235717362110, datacollector.dll, DataCollectionTestCaseEventHandler: Test case 'TestUkupniPromet - aca3de87-1292-d073-2a4c-5c931ff3d2c4' completed
TpTrace Information: 0 : 2740, 7, 2021/11/28, 20:50:37.884, 6235717399732, datacollector.dll, DataCollectionTestCaseEventHandler: Test case starting.
TpTrace Information: 0 : 2740, 7, 2021/11/28, 20:50:37.885, 6235717405612, datacollector.dll, Blame Collector : Test Case Start
TpTrace Information: 0 : 2740, 7, 2021/11/28, 20:50:37.885, 6235717408203, datacollector.dll, DataCollectionTestCaseEventHandler: Test case 'TestIzmjenaProdavaca - 27d7cd63-6279-9f17-d9ad-5c9477880758' started.
TpTrace Information: 0 : 2740, 7, 2021/11/28, 20:50:37.886, 6235717421259, datacollector.dll, DataCollectionTestCaseEventHandler : Test case completing.
TpTrace Information: 0 : 2740, 7, 2021/11/28, 20:50:37.887, 6235717425417, datacollector.dll, Blame Collector : Test Case End
TpTrace Information: 0 : 2740, 7, 2021/11/28, 20:50:37.887, 6235717426940, datacollector.dll, DataCollectionTestCaseEventHandler: Test case 'TestIzmjenaProdavaca - 27d7cd63-6279-9f17-d9ad-5c9477880758' completed
TpTrace Information: 0 : 2740, 7, 2021/11/28, 20:50:37.887, 6235717433099, datacollector.dll, DataCollectionTestCaseEventHandler: Test case starting.
TpTrace Information: 0 : 2740, 7, 2021/11/28, 20:50:37.888, 6235717436039, datacollector.dll, Blame Collector : Test Case Start
TpTrace Information: 0 : 2740, 7, 2021/11/28, 20:50:37.888, 6235717437213, datacollector.dll, DataCollectionTestCaseEventHandler: Test case 'TestIzvrsavanjeKupovina - 40a979ac-ccf5-ad49-2657-3a9abbc4f1e9' started.
TpTrace Information: 0 : 2740, 7, 2021/11/28, 20:50:37.889, 6235717449434, datacollector.dll, DataCollectionTestCaseEventHandler : Test case completing.
TpTrace Information: 0 : 2740, 7, 2021/11/28, 20:50:37.889, 6235717452755, datacollector.dll, Blame Collector : Test Case End
TpTrace Information: 0 : 2740, 7, 2021/11/28, 20:50:37.889, 6235717454068, datacollector.dll, DataCollectionTestCaseEventHandler: Test case 'TestIzvrsavanjeKupovina - 40a979ac-ccf5-ad49-2657-3a9abbc4f1e9' completed
TpTrace Information: 0 : 2740, 7, 2021/11/28, 20:50:37.891, 6235717466841, datacollector.dll, DataCollectionTestCaseEventHandler: Test case starting.
TpTrace Information: 0 : 2740, 7, 2021/11/28, 20:50:37.891, 6235717470419, datacollector.dll, Blame Collector : Test Case Start
TpTrace Information: 0 : 2740, 7, 2021/11/28, 20:50:37.891, 6235717472006, datacollector.dll, DataCollectionTestCaseEventHandler: Test case 'TestDodavanjaTipskogVoca - fc7bffa3-589b-538b-04a3-ee65c7d73824' started.
TpTrace Information: 0 : 2740, 7, 2021/11/28, 20:50:37.893, 6235717485992, datacollector.dll, DataCollectionTestCaseEventHandler : Test case completing.
TpTrace Information: 0 : 2740, 7, 2021/11/28, 20:50:37.893, 6235717490224, datacollector.dll, Blame Collector : Test Case End
TpTrace Information: 0 : 2740, 7, 2021/11/28, 20:50:37.893, 6235717492408, datacollector.dll, DataCollectionTestCaseEventHandler: Test case 'TestDodavanjaTipskogVoca - fc7bffa3-589b-538b-04a3-ee65c7d73824' completed
TpTrace Information: 0 : 2740, 7, 2021/11/28, 20:50:37.902, 6235717582073, datacollector.dll, DataCollectionTestCaseEventHandler: Test session ended
TpTrace Information: 0 : 2740, 1, 2021/11/28, 20:50:37.959, 6235718148242, datacollector.dll, DataCollectionRequestHandler.ProcessRequests : Datacollector received message: (DataCollection.AfterTestRunEnd) -> false
TpTrace Information: 0 : 2740, 1, 2021/11/28, 20:50:37.959, 6235718153846, datacollector.dll, Blame Collector : Session End
TpTrace Information: 0 : 2740, 1, 2021/11/28, 20:50:37.959, 6235718154534, datacollector.dll, BlameCollector.CollectDumpAndAbortTesthost: Custom path to dump directory was provided via VSTEST_DUMP_PATH. Skipping attachment upload, the caller is responsible for collecting and uploading the dumps themselves.
TpTrace Information: 0 : 2740, 1, 2021/11/28, 20:50:37.960, 6235718155459, datacollector.dll, DataCollectionManager.CleanupPlugins: CleanupPlugins called
TpTrace Verbose: 0 : 2740, 1, 2021/11/28, 20:50:37.960, 6235718155843, datacollector.dll, DataCollectionManager.CleanupPlugins: Cleaning up 1 plugins
TpTrace Verbose: 0 : 2740, 1, 2021/11/28, 20:50:37.960, 6235718156736, datacollector.dll, dataCollectorInfo.DisposeDataCollector: calling Dispose() on Microsoft.TestPlatform.Extensions.BlameDataCollector.BlameCollector
TpTrace Information: 0 : 2740, 1, 2021/11/28, 20:50:37.960, 6235718157391, datacollector.dll, DataCollectionManager.CleanupPlugins: CleanupPlugins finished
TpTrace Information: 0 : 2740, 1, 2021/11/28, 20:50:37.962, 6235718180412, datacollector.dll, DataCollectionRequestHandler.ProcessRequests : Session End message received from server. Closing the connection.
TpTrace Information: 0 : 2740, 1, 2021/11/28, 20:50:37.962, 6235718182728, datacollector.dll, Closing the connection !
TpTrace Information: 0 : 2740, 1, 2021/11/28, 20:50:37.962, 6235718183193, datacollector.dll, DataCollectionRequestHandler.ProcessRequests : DataCollection completed
TpTrace Information: 0 : 2740, 1, 2021/11/28, 20:50:37.962, 6235718183480, datacollector.dll, Program.Main: exiting datacollector process.
