TpTrace Verbose: 0 : 9484, 1, 2021/11/27, 19:33:41.546, 749403548840, datacollector.dll, Version: 16.9.1
TpTrace Information: 0 : 9484, 1, 2021/11/27, 19:33:41.556, 749403568989, datacollector.dll, DataCollectorMain.Run: Starting data collector run with args: --port,64207,--parentprocessid,13168,--diag,C:\Users\User\Documents\GitHub\Grupa-3-Verifikovani-i-Validirani-Softverasi\Pijaca\Zadatak3\bin\Debug\net5.0\fine-code-coverage\coverage-tool-output\diagnostics.datacollector.21-11-27_19-33-41_30781_4.log,--tracelevel,4
TpTrace Information: 0 : 9484, 1, 2021/11/27, 19:33:41.556, 749403570301, datacollector.dll, DataCollector: Monitoring parent process with id: '13168'
TpTrace Information: 0 : 9484, 1, 2021/11/27, 19:33:41.576, 749403625157, datacollector.dll, Trying to connect to server on socket : 127.0.0.1:64207 
TpTrace Verbose: 0 : 9484, 1, 2021/11/27, 19:33:41.596, 749403708562, datacollector.dll, SocketCommunicationManager : SetupClientAsync : Attempting to connect to the server.
TpTrace Information: 0 : 9484, 1, 2021/11/27, 19:33:41.606, 749403762594, datacollector.dll, Connected to the server successfully 
TpTrace Information: 0 : 9484, 1, 2021/11/27, 19:33:41.606, 749403763440, datacollector.dll, Using the buffer size of 16384 bytes
TpTrace Information: 0 : 9484, 1, 2021/11/27, 19:33:41.738, 749404218278, datacollector.dll, DataCollector: Start Request Processing.
TpTrace Information: 0 : 9484, 1, 2021/11/27, 19:33:41.744, 749404241973, datacollector.dll, DataCollectionRequestHandler.ProcessRequests : Datacollector received message: (DataCollection.BeforeTestRunStart) -> {
  "SettingsXml": "<RunSettings><RunConfiguration><ResultsDirectory>C:\\Users\\User\\Documents\\GitHub\\Grupa-3-Verifikovani-i-Validirani-Softverasi\\Pijaca\\Zadatak3\\bin\\Debug\\net5.0\\fine-code-coverage\\coverage-tool-output</ResultsDirectory><TargetPlatform>X64</TargetPlatform><TargetFrameworkVersion>.NETCoreApp,Version=v5.0</TargetFrameworkVersion><DesignMode>False</DesignMode><CollectSourceInformation>False</CollectSourceInformation><TestAdaptersPaths>C:\\Program Files\\dotnet\\sdk\\5.0.201\\Extensions</TestAdaptersPaths></RunConfiguration><LoggerRunSettings><Loggers><Logger friendlyName=\"blame\" enabled=\"True\" /><Logger friendlyName=\"Console\" uri=\"logger://microsoft/TestPlatform/ConsoleLogger/v1\" assemblyQualifiedName=\"Microsoft.VisualStudio.TestPlatform.CommandLine.Internal.ConsoleLogger, vstest.console, Version=15.0.0.0, Culture=neutral, PublicKeyToken=b03f5f7f11d50a3a\" codeBase=\"C:\\Program Files\\dotnet\\sdk\\5.0.201\\vstest.console.dll\" enabled=\"True\" /></Loggers></LoggerRunSettings><DataCollectionRunSettings><DataCollectors><DataCollector friendlyName=\"blame\" enabled=\"True\"><Configuration><ResultsDirectory>C:\\Users\\User\\Documents\\GitHub\\Grupa-3-Verifikovani-i-Validirani-Softverasi\\Pijaca\\Zadatak3\\bin\\Debug\\net5.0\\fine-code-coverage\\coverage-tool-output</ResultsDirectory></Configuration></DataCollector></DataCollectors></DataCollectionRunSettings></RunSettings>",
  "Sources": [
    "C:\\Users\\User\\Documents\\GitHub\\Grupa-3-Verifikovani-i-Validirani-Softverasi\\Pijaca\\Zadatak3\\bin\\Debug\\net5.0\\fine-code-coverage\\build-output\\Zadatak3.dll"
  ],
  "IsTelemetryOptedIn": false
}
TpTrace Verbose: 0 : 9484, 1, 2021/11/27, 19:33:41.788, 749404433770, datacollector.dll, TestPluginCache: Update extensions started. Skip filter = False
TpTrace Verbose: 0 : 9484, 1, 2021/11/27, 19:33:41.788, 749404437722, datacollector.dll, TestPluginCache: Using directories for assembly resolution 'C:\Program Files\dotnet\sdk\5.0.201\Extensions'.
TpTrace Verbose: 0 : 9484, 1, 2021/11/27, 19:33:41.788, 749404438226, datacollector.dll, TestPluginCache: Updated the available extensions to 'C:\Program Files\dotnet\sdk\5.0.201\Extensions\Microsoft.TestPlatform.Extensions.BlameDataCollector.dll,C:\Program Files\dotnet\sdk\5.0.201\Extensions\Microsoft.TestPlatform.Extensions.EventLogCollector.dll'.
TpTrace Verbose: 0 : 9484, 1, 2021/11/27, 19:33:41.808, 749404478307, datacollector.dll, TestPluginCache.DiscoverTestExtensions: finding test extensions in assemblies ends with: Collector.dll TPluginInfo: Microsoft.VisualStudio.TestPlatform.Common.DataCollector.DataCollectorConfig TExtension: Microsoft.VisualStudio.TestPlatform.ObjectModel.DataCollection.DataCollector
TpTrace Verbose: 0 : 9484, 1, 2021/11/27, 19:33:41.808, 749404479954, datacollector.dll, TestPluginCache.GetExtensionPaths: Filtered extension paths: C:\Program Files\dotnet\sdk\5.0.201\Extensions\Microsoft.TestPlatform.Extensions.BlameDataCollector.dll
C:\Program Files\dotnet\sdk\5.0.201\Extensions\Microsoft.TestPlatform.Extensions.EventLogCollector.dll
TpTrace Verbose: 0 : 9484, 1, 2021/11/27, 19:33:41.808, 749404480247, datacollector.dll, TestPluginCache.GetExtensionPaths: Added default extension paths: 
TpTrace Verbose: 0 : 9484, 1, 2021/11/27, 19:33:41.808, 749404480429, datacollector.dll, TestPluginCache.GetExtensionPaths: Added unfilterableExtensionPaths: 
TpTrace Information: 0 : 9484, 1, 2021/11/27, 19:33:41.808, 749404484543, datacollector.dll, AssemblyResolver.ctor: Creating AssemblyResolver with searchDirectories C:\Program Files\dotnet\sdk\5.0.201\Extensions,C:\Program Files\dotnet\sdk\5.0.201
TpTrace Verbose: 0 : 9484, 1, 2021/11/27, 19:33:41.808, 749404491500, datacollector.dll, TestPluginCache.DiscoverTestExtensions: Discovering the extensions using extension path.
TpTrace Verbose: 0 : 9484, 1, 2021/11/27, 19:33:41.808, 749404492442, datacollector.dll, TestPluginCache.GetExtensionPaths: Filtered extension paths: C:\Program Files\dotnet\sdk\5.0.201\Extensions\Microsoft.TestPlatform.Extensions.BlameDataCollector.dll
C:\Program Files\dotnet\sdk\5.0.201\Extensions\Microsoft.TestPlatform.Extensions.EventLogCollector.dll
TpTrace Verbose: 0 : 9484, 1, 2021/11/27, 19:33:41.808, 749404492617, datacollector.dll, TestPluginCache.GetExtensionPaths: Added default extension paths: 
TpTrace Verbose: 0 : 9484, 1, 2021/11/27, 19:33:41.808, 749404492759, datacollector.dll, TestPluginCache.GetExtensionPaths: Added unfilterableExtensionPaths: 
TpTrace Verbose: 0 : 9484, 1, 2021/11/27, 19:33:41.808, 749404493019, datacollector.dll, TestPluginCache.DiscoverTestExtensions: Discovering the extensions using allExtensionPaths: C:\Program Files\dotnet\sdk\5.0.201\Extensions\Microsoft.TestPlatform.Extensions.BlameDataCollector.dll
C:\Program Files\dotnet\sdk\5.0.201\Extensions\Microsoft.TestPlatform.Extensions.EventLogCollector.dll
TpTrace Information: 0 : 9484, 1, 2021/11/27, 19:33:41.808, 749404493488, datacollector.dll, AssemblyResolver.AddSearchDirectories: Adding more searchDirectories C:\Program Files\dotnet\sdk\5.0.201\Extensions,C:\Program Files\dotnet\sdk\5.0.201
TpTrace Information: 0 : 9484, 1, 2021/11/27, 19:33:41.808, 749404493745, datacollector.dll, AssemblyResolver.AddSearchDirectories: Adding more searchDirectories C:\Program Files\dotnet\sdk\5.0.201\Extensions,C:\Program Files\dotnet\sdk\5.0.201
TpTrace Information: 0 : 9484, 1, 2021/11/27, 19:33:41.808, 749404495701, datacollector.dll, AssemblyResolver.OnResolve: Microsoft.TestPlatform.Extensions.BlameDataCollector: Resolving assembly.
TpTrace Information: 0 : 9484, 1, 2021/11/27, 19:33:41.808, 749404499878, datacollector.dll, AssemblyResolver.OnResolve: Resolved assembly: Microsoft.TestPlatform.Extensions.BlameDataCollector, from path: C:\Program Files\dotnet\sdk\5.0.201\Extensions\Microsoft.TestPlatform.Extensions.BlameDataCollector.dll
TpTrace Error: 0 : 9484, 1, 2021/11/27, 19:33:41.808, 749404505915, datacollector.dll, The type "Microsoft.TestPlatform.Extensions.BlameDataCollector.BlameCollector" defined in "Microsoft.TestPlatform.Extensions.BlameDataCollector.dll" does not have ExtensionUri attribute.
TpTrace Information: 0 : 9484, 1, 2021/11/27, 19:33:41.818, 749404516615, datacollector.dll, AssemblyResolver.OnResolve: Microsoft.TestPlatform.Extensions.EventLogCollector: Resolving assembly.
TpTrace Information: 0 : 9484, 1, 2021/11/27, 19:33:41.818, 749404519892, datacollector.dll, AssemblyResolver.OnResolve: Resolved assembly: Microsoft.TestPlatform.Extensions.EventLogCollector, from path: C:\Program Files\dotnet\sdk\5.0.201\Extensions\Microsoft.TestPlatform.Extensions.EventLogCollector.dll
TpTrace Error: 0 : 9484, 1, 2021/11/27, 19:33:41.818, 749404527803, datacollector.dll, The type "Microsoft.TestPlatform.Extensions.EventLogCollector.EventLogDataCollector" defined in "Microsoft.TestPlatform.Extensions.EventLogCollector.dll" does not have ExtensionUri attribute.
TpTrace Verbose: 0 : 9484, 1, 2021/11/27, 19:33:41.818, 749404529807, datacollector.dll, TestPluginCache: Discovered the extensions using extension path 'C:\Program Files\dotnet\sdk\5.0.201\Extensions\Microsoft.TestPlatform.Extensions.BlameDataCollector.dll,C:\Program Files\dotnet\sdk\5.0.201\Extensions\Microsoft.TestPlatform.Extensions.EventLogCollector.dll'.
TpTrace Verbose: 0 : 9484, 1, 2021/11/27, 19:33:41.818, 749404530090, datacollector.dll, TestPluginCache: Discoverers are ''.
TpTrace Verbose: 0 : 9484, 1, 2021/11/27, 19:33:41.818, 749404530227, datacollector.dll, TestPluginCache: Executors are ''.
TpTrace Verbose: 0 : 9484, 1, 2021/11/27, 19:33:41.818, 749404530361, datacollector.dll, TestPluginCache: Executors2 are ''.
TpTrace Verbose: 0 : 9484, 1, 2021/11/27, 19:33:41.818, 749404530493, datacollector.dll, TestPluginCache: Setting providers are ''.
TpTrace Verbose: 0 : 9484, 1, 2021/11/27, 19:33:41.818, 749404530621, datacollector.dll, TestPluginCache: Loggers are ''.
TpTrace Information: 0 : 9484, 1, 2021/11/27, 19:33:41.818, 749404536526, datacollector.dll, TestPluginManager.CreateTestExtension: Attempting to load test extension: Microsoft.TestPlatform.Extensions.BlameDataCollector.BlameCollector
TpTrace Error: 0 : 9484, 1, 2021/11/27, 19:33:41.818, 749404538979, datacollector.dll, The type "Microsoft.TestPlatform.Extensions.BlameDataCollector.BlameCollector" defined in "Microsoft.TestPlatform.Extensions.BlameDataCollector.dll" does not have ExtensionUri attribute.
TpTrace Information: 0 : 9484, 1, 2021/11/27, 19:33:41.828, 749404569892, datacollector.dll, Listening on Endpoint : 127.0.0.1:64210
TpTrace Information: 0 : 9484, 1, 2021/11/27, 19:33:41.848, 749404626920, datacollector.dll, DataCollectionRequestHandler.ProcessRequests : DataCollection started.
TpTrace Information: 0 : 9484, 1, 2021/11/27, 19:33:41.877, 749404735431, datacollector.dll, DataCollectionRequestHandler.ProcessRequests : Datacollector received message: (DataCollection.TestHostLaunched) -> {
  "ProcessId": 11888
}
TpTrace Information: 0 : 9484, 7, 2021/11/27, 19:33:42.250, 749406116814, datacollector.dll, Using the buffer size of 16384 bytes
TpTrace Information: 0 : 9484, 7, 2021/11/27, 19:33:42.250, 749406117283, datacollector.dll, Accepted Client request and set the flag
TpTrace Information: 0 : 9484, 5, 2021/11/27, 19:33:42.907, 749408550495, datacollector.dll, DataCollectionTestCaseEventHandler: Test case starting.
TpTrace Information: 0 : 9484, 5, 2021/11/27, 19:33:42.975, 749408801465, datacollector.dll, Blame Collector : Test Case Start
TpTrace Information: 0 : 9484, 5, 2021/11/27, 19:33:42.979, 749408815971, datacollector.dll, DataCollectionTestCaseEventHandler: Test case 'TestProdavacIme - 5ccc8b82-4246-411d-c0aa-efec081f04c6' started.
TpTrace Information: 0 : 9484, 5, 2021/11/27, 19:33:43.057, 749409125691, datacollector.dll, DataCollectionTestCaseEventHandler : Test case completing.
TpTrace Information: 0 : 9484, 5, 2021/11/27, 19:33:43.067, 749409153639, datacollector.dll, Blame Collector : Test Case End
TpTrace Information: 0 : 9484, 5, 2021/11/27, 19:33:43.077, 749409183128, datacollector.dll, DataCollectionTestCaseEventHandler: Test case 'TestProdavacIme - 5ccc8b82-4246-411d-c0aa-efec081f04c6' completed
TpTrace Information: 0 : 9484, 5, 2021/11/27, 19:33:43.087, 749409240072, datacollector.dll, DataCollectionTestCaseEventHandler: Test case starting.
TpTrace Information: 0 : 9484, 5, 2021/11/27, 19:33:43.087, 749409243051, datacollector.dll, Blame Collector : Test Case Start
TpTrace Information: 0 : 9484, 5, 2021/11/27, 19:33:43.087, 749409243744, datacollector.dll, DataCollectionTestCaseEventHandler: Test case 'TestOtvaranjeStanda - d745ec71-ea17-db7e-bd0f-3f0fe5175e6c' started.
TpTrace Information: 0 : 9484, 5, 2021/11/27, 19:33:43.097, 749409253276, datacollector.dll, DataCollectionTestCaseEventHandler : Test case completing.
TpTrace Information: 0 : 9484, 5, 2021/11/27, 19:33:43.097, 749409257668, datacollector.dll, Blame Collector : Test Case End
TpTrace Information: 0 : 9484, 5, 2021/11/27, 19:33:43.097, 749409259030, datacollector.dll, DataCollectionTestCaseEventHandler: Test case 'TestOtvaranjeStanda - d745ec71-ea17-db7e-bd0f-3f0fe5175e6c' completed
TpTrace Information: 0 : 9484, 5, 2021/11/27, 19:33:43.097, 749409265436, datacollector.dll, DataCollectionTestCaseEventHandler: Test case starting.
TpTrace Information: 0 : 9484, 5, 2021/11/27, 19:33:43.097, 749409268284, datacollector.dll, Blame Collector : Test Case Start
TpTrace Information: 0 : 9484, 5, 2021/11/27, 19:33:43.097, 749409268914, datacollector.dll, DataCollectionTestCaseEventHandler: Test case 'TestKonstruktoraProdavaca - 3ab4ef39-dc6f-9e81-5a97-bfdd06cb9c02' started.
TpTrace Information: 0 : 9484, 5, 2021/11/27, 19:33:43.097, 749409276256, datacollector.dll, DataCollectionTestCaseEventHandler : Test case completing.
TpTrace Information: 0 : 9484, 5, 2021/11/27, 19:33:43.097, 749409279445, datacollector.dll, Blame Collector : Test Case End
TpTrace Information: 0 : 9484, 5, 2021/11/27, 19:33:43.097, 749409280226, datacollector.dll, DataCollectionTestCaseEventHandler: Test case 'TestKonstruktoraProdavaca - 3ab4ef39-dc6f-9e81-5a97-bfdd06cb9c02' completed
TpTrace Information: 0 : 9484, 5, 2021/11/27, 19:33:43.097, 749409284442, datacollector.dll, DataCollectionTestCaseEventHandler: Test case starting.
TpTrace Information: 0 : 9484, 5, 2021/11/27, 19:33:43.097, 749409287408, datacollector.dll, Blame Collector : Test Case Start
TpTrace Information: 0 : 9484, 5, 2021/11/27, 19:33:43.107, 749409291868, datacollector.dll, DataCollectionTestCaseEventHandler: Test case 'TestRegistrujPromet - c469f497-0e6f-ff4d-3e48-39171aededd2' started.
TpTrace Information: 0 : 9484, 5, 2021/11/27, 19:33:43.107, 749409301139, datacollector.dll, DataCollectionTestCaseEventHandler : Test case completing.
TpTrace Information: 0 : 9484, 5, 2021/11/27, 19:33:43.107, 749409304236, datacollector.dll, Blame Collector : Test Case End
TpTrace Information: 0 : 9484, 5, 2021/11/27, 19:33:43.107, 749409304915, datacollector.dll, DataCollectionTestCaseEventHandler: Test case 'TestRegistrujPromet - c469f497-0e6f-ff4d-3e48-39171aededd2' completed
TpTrace Information: 0 : 9484, 5, 2021/11/27, 19:33:43.107, 749409309427, datacollector.dll, DataCollectionTestCaseEventHandler: Test case starting.
TpTrace Information: 0 : 9484, 5, 2021/11/27, 19:33:43.107, 749409311957, datacollector.dll, Blame Collector : Test Case Start
TpTrace Information: 0 : 9484, 5, 2021/11/27, 19:33:43.107, 749409312505, datacollector.dll, DataCollectionTestCaseEventHandler: Test case 'TestProizvodIme - 47c4d756-a527-d663-9f1e-5969f7356ac1' started.
TpTrace Information: 0 : 9484, 5, 2021/11/27, 19:33:43.107, 749409320269, datacollector.dll, DataCollectionTestCaseEventHandler : Test case completing.
TpTrace Information: 0 : 9484, 5, 2021/11/27, 19:33:43.107, 749409323782, datacollector.dll, Blame Collector : Test Case End
TpTrace Information: 0 : 9484, 5, 2021/11/27, 19:33:43.107, 749409324757, datacollector.dll, DataCollectionTestCaseEventHandler: Test case 'TestProizvodIme - 47c4d756-a527-d663-9f1e-5969f7356ac1' completed
TpTrace Information: 0 : 9484, 5, 2021/11/27, 19:33:43.117, 749409330314, datacollector.dll, DataCollectionTestCaseEventHandler: Test case starting.
TpTrace Information: 0 : 9484, 5, 2021/11/27, 19:33:43.117, 749409333802, datacollector.dll, Blame Collector : Test Case Start
TpTrace Information: 0 : 9484, 5, 2021/11/27, 19:33:43.117, 749409334934, datacollector.dll, DataCollectionTestCaseEventHandler: Test case 'TestKolicinaNaStanju - 879a4200-6572-e2b5-6741-c13751e73ba6' started.
TpTrace Information: 0 : 9484, 5, 2021/11/27, 19:33:43.117, 749409345005, datacollector.dll, DataCollectionTestCaseEventHandler : Test case completing.
TpTrace Information: 0 : 9484, 5, 2021/11/27, 19:33:43.117, 749409349026, datacollector.dll, Blame Collector : Test Case End
TpTrace Information: 0 : 9484, 5, 2021/11/27, 19:33:43.117, 749409350348, datacollector.dll, DataCollectionTestCaseEventHandler: Test case 'TestKolicinaNaStanju - 879a4200-6572-e2b5-6741-c13751e73ba6' completed
TpTrace Information: 0 : 9484, 5, 2021/11/27, 19:33:43.117, 749409356235, datacollector.dll, DataCollectionTestCaseEventHandler: Test case starting.
TpTrace Information: 0 : 9484, 5, 2021/11/27, 19:33:43.117, 749409359717, datacollector.dll, Blame Collector : Test Case Start
TpTrace Information: 0 : 9484, 5, 2021/11/27, 19:33:43.117, 749409361334, datacollector.dll, DataCollectionTestCaseEventHandler: Test case 'TestOcekivanaKolicina - fb284c69-29f0-c270-e348-4042775b3e47' started.
TpTrace Information: 0 : 9484, 5, 2021/11/27, 19:33:43.127, 749409371857, datacollector.dll, DataCollectionTestCaseEventHandler : Test case completing.
TpTrace Information: 0 : 9484, 5, 2021/11/27, 19:33:43.127, 749409374598, datacollector.dll, Blame Collector : Test Case End
TpTrace Information: 0 : 9484, 5, 2021/11/27, 19:33:43.127, 749409375251, datacollector.dll, DataCollectionTestCaseEventHandler: Test case 'TestOcekivanaKolicina - fb284c69-29f0-c270-e348-4042775b3e47' completed
TpTrace Information: 0 : 9484, 5, 2021/11/27, 19:33:43.127, 749409379366, datacollector.dll, DataCollectionTestCaseEventHandler: Test case starting.
TpTrace Information: 0 : 9484, 5, 2021/11/27, 19:33:43.127, 749409381820, datacollector.dll, Blame Collector : Test Case Start
TpTrace Information: 0 : 9484, 5, 2021/11/27, 19:33:43.127, 749409382540, datacollector.dll, DataCollectionTestCaseEventHandler: Test case 'TestDatumPristizanja - 35042000-a727-6a77-d866-2691510089e2' started.
TpTrace Information: 0 : 9484, 5, 2021/11/27, 19:33:43.127, 749409390166, datacollector.dll, DataCollectionTestCaseEventHandler : Test case completing.
TpTrace Information: 0 : 9484, 5, 2021/11/27, 19:33:43.127, 749409392852, datacollector.dll, Blame Collector : Test Case End
TpTrace Information: 0 : 9484, 5, 2021/11/27, 19:33:43.127, 749409393468, datacollector.dll, DataCollectionTestCaseEventHandler: Test case 'TestDatumPristizanja - 35042000-a727-6a77-d866-2691510089e2' completed
TpTrace Information: 0 : 9484, 5, 2021/11/27, 19:33:43.127, 749409397672, datacollector.dll, DataCollectionTestCaseEventHandler: Test case starting.
TpTrace Information: 0 : 9484, 5, 2021/11/27, 19:33:43.127, 749409400111, datacollector.dll, Blame Collector : Test Case Start
TpTrace Information: 0 : 9484, 5, 2021/11/27, 19:33:43.137, 749409401223, datacollector.dll, DataCollectionTestCaseEventHandler: Test case 'TestDatumOcekivaneKolicine - 8f4a0743-3ef6-3326-123e-2239a99bca59' started.
TpTrace Information: 0 : 9484, 5, 2021/11/27, 19:33:43.137, 749409409890, datacollector.dll, DataCollectionTestCaseEventHandler : Test case completing.
TpTrace Information: 0 : 9484, 5, 2021/11/27, 19:33:43.137, 749409412683, datacollector.dll, Blame Collector : Test Case End
TpTrace Information: 0 : 9484, 5, 2021/11/27, 19:33:43.137, 749409413349, datacollector.dll, DataCollectionTestCaseEventHandler: Test case 'TestDatumOcekivaneKolicine - 8f4a0743-3ef6-3326-123e-2239a99bca59' completed
TpTrace Information: 0 : 9484, 5, 2021/11/27, 19:33:43.187, 749409618552, datacollector.dll, DataCollectionTestCaseEventHandler: Test case starting.
TpTrace Information: 0 : 9484, 5, 2021/11/27, 19:33:43.197, 749409623151, datacollector.dll, Blame Collector : Test Case Start
TpTrace Information: 0 : 9484, 5, 2021/11/27, 19:33:43.197, 749409624054, datacollector.dll, DataCollectionTestCaseEventHandler: Test case 'TestCijenaProizvoda - f3950574-6a30-6453-d3be-6d8c1dd6fc79' started.
TpTrace Information: 0 : 9484, 5, 2021/11/27, 19:33:43.197, 749409642051, datacollector.dll, DataCollectionTestCaseEventHandler : Test case completing.
TpTrace Information: 0 : 9484, 5, 2021/11/27, 19:33:43.197, 749409645973, datacollector.dll, Blame Collector : Test Case End
TpTrace Information: 0 : 9484, 5, 2021/11/27, 19:33:43.197, 749409646830, datacollector.dll, DataCollectionTestCaseEventHandler: Test case 'TestCijenaProizvoda - f3950574-6a30-6453-d3be-6d8c1dd6fc79' completed
TpTrace Information: 0 : 9484, 5, 2021/11/27, 19:33:43.197, 749409652923, datacollector.dll, DataCollectionTestCaseEventHandler: Test case starting.
TpTrace Information: 0 : 9484, 5, 2021/11/27, 19:33:43.197, 749409657292, datacollector.dll, Blame Collector : Test Case Start
TpTrace Information: 0 : 9484, 5, 2021/11/27, 19:33:43.197, 749409658140, datacollector.dll, DataCollectionTestCaseEventHandler: Test case 'TestCertifikat387 - 0e7615dd-cf48-da7e-d502-22dc62a42fca' started.
TpTrace Information: 0 : 9484, 5, 2021/11/27, 19:33:43.207, 749409668983, datacollector.dll, DataCollectionTestCaseEventHandler : Test case completing.
TpTrace Information: 0 : 9484, 5, 2021/11/27, 19:33:43.207, 749409672988, datacollector.dll, Blame Collector : Test Case End
TpTrace Information: 0 : 9484, 5, 2021/11/27, 19:33:43.207, 749409673835, datacollector.dll, DataCollectionTestCaseEventHandler: Test case 'TestCertifikat387 - 0e7615dd-cf48-da7e-d502-22dc62a42fca' completed
TpTrace Information: 0 : 9484, 5, 2021/11/27, 19:33:43.207, 749409680567, datacollector.dll, DataCollectionTestCaseEventHandler: Test case starting.
TpTrace Information: 0 : 9484, 5, 2021/11/27, 19:33:43.207, 749409684906, datacollector.dll, Blame Collector : Test Case Start
TpTrace Information: 0 : 9484, 5, 2021/11/27, 19:33:43.207, 749409686150, datacollector.dll, DataCollectionTestCaseEventHandler: Test case 'TestRadSaProdavačima - aae5fa86-d336-7dd9-87b5-34e217aadcb6' started.
TpTrace Information: 0 : 9484, 5, 2021/11/27, 19:33:43.217, 749409703277, datacollector.dll, DataCollectionTestCaseEventHandler : Test case completing.
TpTrace Information: 0 : 9484, 5, 2021/11/27, 19:33:43.217, 749409707599, datacollector.dll, Blame Collector : Test Case End
TpTrace Information: 0 : 9484, 5, 2021/11/27, 19:33:43.217, 749409708816, datacollector.dll, DataCollectionTestCaseEventHandler: Test case 'TestRadSaProdavačima - aae5fa86-d336-7dd9-87b5-34e217aadcb6' completed
TpTrace Information: 0 : 9484, 5, 2021/11/27, 19:33:43.217, 749409715079, datacollector.dll, DataCollectionTestCaseEventHandler: Test case starting.
TpTrace Information: 0 : 9484, 5, 2021/11/27, 19:33:43.217, 749409719454, datacollector.dll, Blame Collector : Test Case Start
TpTrace Information: 0 : 9484, 5, 2021/11/27, 19:33:43.217, 749409720672, datacollector.dll, DataCollectionTestCaseEventHandler: Test case 'TestOtvoriŠtand - 8628d629-52a4-539a-049c-c0e7a91ca91d' started.
TpTrace Information: 0 : 9484, 5, 2021/11/27, 19:33:43.227, 749409737066, datacollector.dll, DataCollectionTestCaseEventHandler : Test case completing.
TpTrace Information: 0 : 9484, 5, 2021/11/27, 19:33:43.227, 749409741184, datacollector.dll, Blame Collector : Test Case End
TpTrace Information: 0 : 9484, 5, 2021/11/27, 19:33:43.227, 749409742537, datacollector.dll, DataCollectionTestCaseEventHandler: Test case 'TestOtvoriŠtand - 8628d629-52a4-539a-049c-c0e7a91ca91d' completed
TpTrace Information: 0 : 9484, 5, 2021/11/27, 19:33:43.227, 749409749116, datacollector.dll, DataCollectionTestCaseEventHandler: Test case starting.
TpTrace Information: 0 : 9484, 5, 2021/11/27, 19:33:43.227, 749409753262, datacollector.dll, Blame Collector : Test Case Start
TpTrace Information: 0 : 9484, 5, 2021/11/27, 19:33:43.227, 749409754488, datacollector.dll, DataCollectionTestCaseEventHandler: Test case 'TestIzvršavanjeKupovina - d89678ec-469e-ea36-91fa-34018cbb1cfa' started.
TpTrace Information: 0 : 9484, 5, 2021/11/27, 19:33:43.227, 749409767287, datacollector.dll, DataCollectionTestCaseEventHandler : Test case completing.
TpTrace Information: 0 : 9484, 5, 2021/11/27, 19:33:43.237, 749409771465, datacollector.dll, Blame Collector : Test Case End
TpTrace Information: 0 : 9484, 5, 2021/11/27, 19:33:43.237, 749409772898, datacollector.dll, DataCollectionTestCaseEventHandler: Test case 'TestIzvršavanjeKupovina - d89678ec-469e-ea36-91fa-34018cbb1cfa' completed
TpTrace Information: 0 : 9484, 5, 2021/11/27, 19:33:43.240, 749409782521, datacollector.dll, DataCollectionTestCaseEventHandler: Test case starting.
TpTrace Information: 0 : 9484, 5, 2021/11/27, 19:33:43.241, 749409786751, datacollector.dll, Blame Collector : Test Case Start
TpTrace Information: 0 : 9484, 5, 2021/11/27, 19:33:43.241, 749409787887, datacollector.dll, DataCollectionTestCaseEventHandler: Test case 'TestDodavanjeTipskeNamirnice - 0617cc62-f361-aead-eab8-e1856c664520' started.
TpTrace Information: 0 : 9484, 5, 2021/11/27, 19:33:43.248, 749409813071, datacollector.dll, DataCollectionTestCaseEventHandler : Test case completing.
TpTrace Information: 0 : 9484, 5, 2021/11/27, 19:33:43.249, 749409817954, datacollector.dll, Blame Collector : Test Case End
TpTrace Information: 0 : 9484, 5, 2021/11/27, 19:33:43.250, 749409819509, datacollector.dll, DataCollectionTestCaseEventHandler: Test case 'TestDodavanjeTipskeNamirnice - 0617cc62-f361-aead-eab8-e1856c664520' completed
TpTrace Information: 0 : 9484, 5, 2021/11/27, 19:33:43.252, 749409826204, datacollector.dll, DataCollectionTestCaseEventHandler: Test case starting.
TpTrace Information: 0 : 9484, 5, 2021/11/27, 19:33:43.253, 749409830210, datacollector.dll, Blame Collector : Test Case Start
TpTrace Information: 0 : 9484, 5, 2021/11/27, 19:33:43.253, 749409831787, datacollector.dll, DataCollectionTestCaseEventHandler: Test case 'TestNaručiProizvode - 91d749a9-3c49-9fc6-67f8-7498fbc5052b' started.
TpTrace Information: 0 : 9484, 5, 2021/11/27, 19:33:43.260, 749409856359, datacollector.dll, DataCollectionTestCaseEventHandler : Test case completing.
TpTrace Information: 0 : 9484, 5, 2021/11/27, 19:33:43.261, 749409860510, datacollector.dll, Blame Collector : Test Case End
TpTrace Information: 0 : 9484, 5, 2021/11/27, 19:33:43.261, 749409861754, datacollector.dll, DataCollectionTestCaseEventHandler: Test case 'TestNaručiProizvode - 91d749a9-3c49-9fc6-67f8-7498fbc5052b' completed
TpTrace Information: 0 : 9484, 5, 2021/11/27, 19:33:43.263, 749409868429, datacollector.dll, DataCollectionTestCaseEventHandler: Test case starting.
TpTrace Information: 0 : 9484, 5, 2021/11/27, 19:33:43.264, 749409872866, datacollector.dll, Blame Collector : Test Case Start
TpTrace Information: 0 : 9484, 5, 2021/11/27, 19:33:43.267, 749409884392, datacollector.dll, DataCollectionTestCaseEventHandler: Test case 'TestInspekcija - 9b31d284-4e6c-79fd-b774-cf1c0dc51849' started.
TpTrace Information: 0 : 9484, 5, 2021/11/27, 19:33:43.268, 749409887031, datacollector.dll, DataCollectionTestCaseEventHandler : Test case completing.
TpTrace Information: 0 : 9484, 5, 2021/11/27, 19:33:43.269, 749409890900, datacollector.dll, Blame Collector : Test Case End
TpTrace Information: 0 : 9484, 5, 2021/11/27, 19:33:43.271, 749409896782, datacollector.dll, DataCollectionTestCaseEventHandler: Test case 'TestInspekcija - 9b31d284-4e6c-79fd-b774-cf1c0dc51849' completed
TpTrace Information: 0 : 9484, 5, 2021/11/27, 19:33:43.271, 749409899800, datacollector.dll, DataCollectionTestCaseEventHandler: Test case starting.
TpTrace Information: 0 : 9484, 5, 2021/11/27, 19:33:43.273, 749409904466, datacollector.dll, Blame Collector : Test Case Start
TpTrace Information: 0 : 9484, 5, 2021/11/27, 19:33:43.275, 749409914710, datacollector.dll, DataCollectionTestCaseEventHandler: Test case 'TestKrajZakupa - c4fbb387-ff8f-e846-e170-ee4134e56d7d' started.
TpTrace Information: 0 : 9484, 5, 2021/11/27, 19:33:43.276, 749409918243, datacollector.dll, DataCollectionTestCaseEventHandler : Test case completing.
TpTrace Information: 0 : 9484, 5, 2021/11/27, 19:33:43.277, 749409922490, datacollector.dll, Blame Collector : Test Case End
TpTrace Information: 0 : 9484, 5, 2021/11/27, 19:33:43.284, 749409946309, datacollector.dll, DataCollectionTestCaseEventHandler: Test case 'TestKrajZakupa - c4fbb387-ff8f-e846-e170-ee4134e56d7d' completed
TpTrace Information: 0 : 9484, 5, 2021/11/27, 19:33:43.285, 749409949527, datacollector.dll, DataCollectionTestCaseEventHandler: Test case starting.
TpTrace Information: 0 : 9484, 5, 2021/11/27, 19:33:43.286, 749409954051, datacollector.dll, Blame Collector : Test Case Start
TpTrace Information: 0 : 9484, 5, 2021/11/27, 19:33:43.289, 749409965507, datacollector.dll, DataCollectionTestCaseEventHandler: Test case 'TestKupovine - 6dfd0895-736d-8f33-f2ef-045e9c3229ce' started.
TpTrace Information: 0 : 9484, 5, 2021/11/27, 19:33:43.290, 749409968851, datacollector.dll, DataCollectionTestCaseEventHandler : Test case completing.
TpTrace Information: 0 : 9484, 5, 2021/11/27, 19:33:43.291, 749409972372, datacollector.dll, Blame Collector : Test Case End
TpTrace Information: 0 : 9484, 5, 2021/11/27, 19:33:43.292, 749409977286, datacollector.dll, DataCollectionTestCaseEventHandler: Test case 'TestKupovine - 6dfd0895-736d-8f33-f2ef-045e9c3229ce' completed
TpTrace Information: 0 : 9484, 5, 2021/11/27, 19:33:43.293, 749409980077, datacollector.dll, DataCollectionTestCaseEventHandler: Test case starting.
TpTrace Information: 0 : 9484, 5, 2021/11/27, 19:33:43.294, 749409984409, datacollector.dll, Blame Collector : Test Case Start
TpTrace Information: 0 : 9484, 5, 2021/11/27, 19:33:43.297, 749409994492, datacollector.dll, DataCollectionTestCaseEventHandler: Test case 'TestKupovinaProizvod - 98def462-ed60-cfb1-259c-18ecec99ca57' started.
TpTrace Information: 0 : 9484, 5, 2021/11/27, 19:33:43.298, 749409997428, datacollector.dll, DataCollectionTestCaseEventHandler : Test case completing.
TpTrace Information: 0 : 9484, 5, 2021/11/27, 19:33:43.299, 749410001458, datacollector.dll, Blame Collector : Test Case End
TpTrace Information: 0 : 9484, 5, 2021/11/27, 19:33:43.300, 749410007175, datacollector.dll, DataCollectionTestCaseEventHandler: Test case 'TestKupovinaProizvod - 98def462-ed60-cfb1-259c-18ecec99ca57' completed
TpTrace Information: 0 : 9484, 5, 2021/11/27, 19:33:43.301, 749410010361, datacollector.dll, DataCollectionTestCaseEventHandler: Test case starting.
TpTrace Information: 0 : 9484, 5, 2021/11/27, 19:33:43.302, 749410014094, datacollector.dll, Blame Collector : Test Case Start
TpTrace Information: 0 : 9484, 5, 2021/11/27, 19:33:43.305, 749410023735, datacollector.dll, DataCollectionTestCaseEventHandler: Test case 'TestKupovinaKolicina - 3cdb9aca-f03a-f40a-d2e9-5d698a28686f' started.
TpTrace Information: 0 : 9484, 5, 2021/11/27, 19:33:43.306, 749410028149, datacollector.dll, DataCollectionTestCaseEventHandler : Test case completing.
TpTrace Information: 0 : 9484, 5, 2021/11/27, 19:33:43.307, 749410032698, datacollector.dll, Blame Collector : Test Case End
TpTrace Information: 0 : 9484, 5, 2021/11/27, 19:33:43.309, 749410037887, datacollector.dll, DataCollectionTestCaseEventHandler: Test case 'TestKupovinaKolicina - 3cdb9aca-f03a-f40a-d2e9-5d698a28686f' completed
TpTrace Information: 0 : 9484, 5, 2021/11/27, 19:33:43.310, 749410041139, datacollector.dll, DataCollectionTestCaseEventHandler: Test case starting.
TpTrace Information: 0 : 9484, 5, 2021/11/27, 19:33:43.311, 749410044804, datacollector.dll, Blame Collector : Test Case Start
TpTrace Information: 0 : 9484, 5, 2021/11/27, 19:33:43.312, 749410051304, datacollector.dll, DataCollectionTestCaseEventHandler: Test case 'TestKupovinaCijena - f1c3d513-3eca-f908-0e79-2c064f10ed7a' started.
TpTrace Information: 0 : 9484, 5, 2021/11/27, 19:33:43.313, 749410054058, datacollector.dll, DataCollectionTestCaseEventHandler : Test case completing.
TpTrace Information: 0 : 9484, 5, 2021/11/27, 19:33:43.314, 749410057593, datacollector.dll, Blame Collector : Test Case End
TpTrace Information: 0 : 9484, 5, 2021/11/27, 19:33:43.315, 749410062323, datacollector.dll, DataCollectionTestCaseEventHandler: Test case 'TestKupovinaCijena - f1c3d513-3eca-f908-0e79-2c064f10ed7a' completed
TpTrace Information: 0 : 9484, 5, 2021/11/27, 19:33:43.316, 749410065198, datacollector.dll, DataCollectionTestCaseEventHandler: Test case starting.
TpTrace Information: 0 : 9484, 5, 2021/11/27, 19:33:43.317, 749410070259, datacollector.dll, Blame Collector : Test Case Start
TpTrace Information: 0 : 9484, 5, 2021/11/27, 19:33:43.320, 749410079091, datacollector.dll, DataCollectionTestCaseEventHandler: Test case 'TestKupovinaPopust - b6e13258-d801-247e-a47d-580d4efc84cb' started.
TpTrace Information: 0 : 9484, 5, 2021/11/27, 19:33:43.321, 749410082790, datacollector.dll, DataCollectionTestCaseEventHandler : Test case completing.
TpTrace Information: 0 : 9484, 5, 2021/11/27, 19:33:43.322, 749410088990, datacollector.dll, Blame Collector : Test Case End
TpTrace Information: 0 : 9484, 5, 2021/11/27, 19:33:43.324, 749410094852, datacollector.dll, DataCollectionTestCaseEventHandler: Test case 'TestKupovinaPopust - b6e13258-d801-247e-a47d-580d4efc84cb' completed
TpTrace Information: 0 : 9484, 5, 2021/11/27, 19:33:43.325, 749410098259, datacollector.dll, DataCollectionTestCaseEventHandler: Test case starting.
TpTrace Information: 0 : 9484, 5, 2021/11/27, 19:33:43.326, 749410102428, datacollector.dll, Blame Collector : Test Case Start
TpTrace Information: 0 : 9484, 5, 2021/11/27, 19:33:43.328, 749410110328, datacollector.dll, DataCollectionTestCaseEventHandler: Test case 'TestKupovinaDatum - 4d2bcb1c-a718-ecca-bc83-6dc992172822' started.
TpTrace Information: 0 : 9484, 5, 2021/11/27, 19:33:43.329, 749410113777, datacollector.dll, DataCollectionTestCaseEventHandler : Test case completing.
TpTrace Information: 0 : 9484, 5, 2021/11/27, 19:33:43.330, 749410118164, datacollector.dll, Blame Collector : Test Case End
TpTrace Information: 0 : 9484, 5, 2021/11/27, 19:33:43.332, 749410123190, datacollector.dll, DataCollectionTestCaseEventHandler: Test case 'TestKupovinaDatum - 4d2bcb1c-a718-ecca-bc83-6dc992172822' completed
TpTrace Information: 0 : 9484, 5, 2021/11/27, 19:33:43.332, 749410125978, datacollector.dll, DataCollectionTestCaseEventHandler: Test case starting.
TpTrace Information: 0 : 9484, 5, 2021/11/27, 19:33:43.333, 749410129268, datacollector.dll, Blame Collector : Test Case Start
TpTrace Information: 0 : 9484, 5, 2021/11/27, 19:33:43.335, 749410136934, datacollector.dll, DataCollectionTestCaseEventHandler: Test case 'TestDatumOtvaranja - 0c887cf0-4d0b-cdad-f7a6-e921034cf994' started.
TpTrace Information: 0 : 9484, 5, 2021/11/27, 19:33:43.337, 749410141774, datacollector.dll, DataCollectionTestCaseEventHandler : Test case completing.
TpTrace Information: 0 : 9484, 5, 2021/11/27, 19:33:43.338, 749410146944, datacollector.dll, Blame Collector : Test Case End
TpTrace Information: 0 : 9484, 5, 2021/11/27, 19:33:43.338, 749410148349, datacollector.dll, DataCollectionTestCaseEventHandler: Test case 'TestDatumOtvaranja - 0c887cf0-4d0b-cdad-f7a6-e921034cf994' completed
TpTrace Information: 0 : 9484, 5, 2021/11/27, 19:33:43.341, 749410157574, datacollector.dll, DataCollectionTestCaseEventHandler: Test case starting.
TpTrace Information: 0 : 9484, 5, 2021/11/27, 19:33:43.342, 749410163254, datacollector.dll, Blame Collector : Test Case Start
TpTrace Information: 0 : 9484, 5, 2021/11/27, 19:33:43.343, 749410165531, datacollector.dll, DataCollectionTestCaseEventHandler: Test case 'TestAktivnosti - efd0f98d-28d5-ff82-45a3-32f66cd3872b' started.
TpTrace Information: 0 : 9484, 5, 2021/11/27, 19:33:43.347, 749410178917, datacollector.dll, DataCollectionTestCaseEventHandler : Test case completing.
TpTrace Information: 0 : 9484, 5, 2021/11/27, 19:33:43.348, 749410184966, datacollector.dll, Blame Collector : Test Case End
TpTrace Information: 0 : 9484, 5, 2021/11/27, 19:33:43.349, 749410186980, datacollector.dll, DataCollectionTestCaseEventHandler: Test case 'TestAktivnosti - efd0f98d-28d5-ff82-45a3-32f66cd3872b' completed
TpTrace Information: 0 : 9484, 5, 2021/11/27, 19:33:43.349, 749410197518, datacollector.dll, DataCollectionTestCaseEventHandler: Test case starting.
TpTrace Information: 0 : 9484, 5, 2021/11/27, 19:33:43.349, 749410203786, datacollector.dll, Blame Collector : Test Case Start
TpTrace Information: 0 : 9484, 5, 2021/11/27, 19:33:43.349, 749410204954, datacollector.dll, DataCollectionTestCaseEventHandler: Test case 'TestPromet - 7eefdd3c-0623-f10b-4ba7-cba1276bb6f9' started.
TpTrace Information: 0 : 9484, 5, 2021/11/27, 19:33:43.349, 749410216286, datacollector.dll, DataCollectionTestCaseEventHandler : Test case completing.
TpTrace Information: 0 : 9484, 5, 2021/11/27, 19:33:43.349, 749410220788, datacollector.dll, Blame Collector : Test Case End
TpTrace Information: 0 : 9484, 5, 2021/11/27, 19:33:43.349, 749410222383, datacollector.dll, DataCollectionTestCaseEventHandler: Test case 'TestPromet - 7eefdd3c-0623-f10b-4ba7-cba1276bb6f9' completed
TpTrace Information: 0 : 9484, 5, 2021/11/27, 19:33:43.359, 749410243077, datacollector.dll, DataCollectionTestCaseEventHandler: Test case starting.
TpTrace Information: 0 : 9484, 5, 2021/11/27, 19:33:43.359, 749410247719, datacollector.dll, Blame Collector : Test Case Start
TpTrace Information: 0 : 9484, 5, 2021/11/27, 19:33:43.359, 749410249757, datacollector.dll, DataCollectionTestCaseEventHandler: Test case 'TestSifraProizvoda - 3d8d6f10-ef27-5723-9699-02981ce6d75f' started.
TpTrace Information: 0 : 9484, 5, 2021/11/27, 19:33:43.369, 749410265648, datacollector.dll, DataCollectionTestCaseEventHandler : Test case completing.
TpTrace Information: 0 : 9484, 5, 2021/11/27, 19:33:43.369, 749410269605, datacollector.dll, Blame Collector : Test Case End
TpTrace Information: 0 : 9484, 5, 2021/11/27, 19:33:43.369, 749410270782, datacollector.dll, DataCollectionTestCaseEventHandler: Test case 'TestSifraProizvoda - 3d8d6f10-ef27-5723-9699-02981ce6d75f' completed
TpTrace Information: 0 : 9484, 5, 2021/11/27, 19:33:43.369, 749410277477, datacollector.dll, DataCollectionTestCaseEventHandler: Test case starting.
TpTrace Information: 0 : 9484, 5, 2021/11/27, 19:33:43.369, 749410281071, datacollector.dll, Blame Collector : Test Case Start
TpTrace Information: 0 : 9484, 5, 2021/11/27, 19:33:43.369, 749410282232, datacollector.dll, DataCollectionTestCaseEventHandler: Test case 'TestKolicina - 5fe6d331-5f1f-f3a4-bd76-8c61c5e887ab' started.
TpTrace Information: 0 : 9484, 5, 2021/11/27, 19:33:43.369, 749410290657, datacollector.dll, DataCollectionTestCaseEventHandler : Test case completing.
TpTrace Information: 0 : 9484, 5, 2021/11/27, 19:33:43.369, 749410294480, datacollector.dll, Blame Collector : Test Case End
TpTrace Information: 0 : 9484, 5, 2021/11/27, 19:33:43.369, 749410296524, datacollector.dll, DataCollectionTestCaseEventHandler: Test case 'TestKolicina - 5fe6d331-5f1f-f3a4-bd76-8c61c5e887ab' completed
TpTrace Information: 0 : 9484, 5, 2021/11/27, 19:33:43.379, 749410303316, datacollector.dll, DataCollectionTestCaseEventHandler: Test case starting.
TpTrace Information: 0 : 9484, 5, 2021/11/27, 19:33:43.379, 749410306685, datacollector.dll, Blame Collector : Test Case Start
TpTrace Information: 0 : 9484, 5, 2021/11/27, 19:33:43.379, 749410313393, datacollector.dll, DataCollectionTestCaseEventHandler: Test case 'TestOcekivanaKolicina - cc47cb41-bc87-e2de-1f7f-992edc356eb1' started.
TpTrace Information: 0 : 9484, 5, 2021/11/27, 19:33:43.379, 749410316376, datacollector.dll, DataCollectionTestCaseEventHandler : Test case completing.
TpTrace Information: 0 : 9484, 5, 2021/11/27, 19:33:43.379, 749410319728, datacollector.dll, Blame Collector : Test Case End
TpTrace Information: 0 : 9484, 5, 2021/11/27, 19:33:43.379, 749410325199, datacollector.dll, DataCollectionTestCaseEventHandler: Test case 'TestOcekivanaKolicina - cc47cb41-bc87-e2de-1f7f-992edc356eb1' completed
TpTrace Information: 0 : 9484, 5, 2021/11/27, 19:33:43.379, 749410327985, datacollector.dll, DataCollectionTestCaseEventHandler: Test case starting.
TpTrace Information: 0 : 9484, 5, 2021/11/27, 19:33:43.379, 749410332028, datacollector.dll, Blame Collector : Test Case Start
TpTrace Information: 0 : 9484, 5, 2021/11/27, 19:33:43.391, 749410342526, datacollector.dll, DataCollectionTestCaseEventHandler: Test case 'TestDatumPristizanja - 8e2f8119-efe7-1305-5e2e-a806a754b4a6' started.
TpTrace Information: 0 : 9484, 5, 2021/11/27, 19:33:43.392, 749410345462, datacollector.dll, DataCollectionTestCaseEventHandler : Test case completing.
TpTrace Information: 0 : 9484, 5, 2021/11/27, 19:33:43.393, 749410348883, datacollector.dll, Blame Collector : Test Case End
TpTrace Information: 0 : 9484, 5, 2021/11/27, 19:33:43.394, 749410355139, datacollector.dll, DataCollectionTestCaseEventHandler: Test case 'TestDatumPristizanja - 8e2f8119-efe7-1305-5e2e-a806a754b4a6' completed
TpTrace Information: 0 : 9484, 5, 2021/11/27, 19:33:43.395, 749410357736, datacollector.dll, DataCollectionTestCaseEventHandler: Test case starting.
TpTrace Information: 0 : 9484, 5, 2021/11/27, 19:33:43.396, 749410360978, datacollector.dll, Blame Collector : Test Case Start
TpTrace Information: 0 : 9484, 5, 2021/11/27, 19:33:43.398, 749410368913, datacollector.dll, DataCollectionTestCaseEventHandler: Test case 'TestDatumOcekivaneKolicine - 4fbe6478-bc85-14b9-e5ff-d51674a447f4' started.
TpTrace Information: 0 : 9484, 5, 2021/11/27, 19:33:43.399, 749410371826, datacollector.dll, DataCollectionTestCaseEventHandler : Test case completing.
TpTrace Information: 0 : 9484, 5, 2021/11/27, 19:33:43.400, 749410376063, datacollector.dll, Blame Collector : Test Case End
TpTrace Information: 0 : 9484, 5, 2021/11/27, 19:33:43.401, 749410381166, datacollector.dll, DataCollectionTestCaseEventHandler: Test case 'TestDatumOcekivaneKolicine - 4fbe6478-bc85-14b9-e5ff-d51674a447f4' completed
TpTrace Information: 0 : 9484, 5, 2021/11/27, 19:33:43.402, 749410383939, datacollector.dll, DataCollectionTestCaseEventHandler: Test case starting.
TpTrace Information: 0 : 9484, 5, 2021/11/27, 19:33:43.403, 749410387389, datacollector.dll, Blame Collector : Test Case Start
TpTrace Information: 0 : 9484, 5, 2021/11/27, 19:33:43.405, 749410395678, datacollector.dll, DataCollectionTestCaseEventHandler: Test case 'TestCertifikat387 - efa230a8-a422-54b5-17b8-10e33f461a84' started.
TpTrace Information: 0 : 9484, 5, 2021/11/27, 19:33:43.406, 749410399543, datacollector.dll, DataCollectionTestCaseEventHandler : Test case completing.
TpTrace Information: 0 : 9484, 5, 2021/11/27, 19:33:43.407, 749410402763, datacollector.dll, Blame Collector : Test Case End
TpTrace Information: 0 : 9484, 5, 2021/11/27, 19:33:43.408, 749410406007, datacollector.dll, DataCollectionTestCaseEventHandler: Test case 'TestCertifikat387 - efa230a8-a422-54b5-17b8-10e33f461a84' completed
TpTrace Information: 0 : 9484, 5, 2021/11/27, 19:33:43.409, 749410410330, datacollector.dll, DataCollectionTestCaseEventHandler: Test case starting.
TpTrace Information: 0 : 9484, 5, 2021/11/27, 19:33:43.410, 749410413864, datacollector.dll, Blame Collector : Test Case Start
TpTrace Information: 0 : 9484, 5, 2021/11/27, 19:33:43.411, 749410415797, datacollector.dll, DataCollectionTestCaseEventHandler: Test case 'TestNarucikolicinu - 8bb5c37f-3aae-79f0-c82e-2c23b4779d7a' started.
TpTrace Information: 0 : 9484, 5, 2021/11/27, 19:33:43.413, 749410425574, datacollector.dll, DataCollectionTestCaseEventHandler : Test case completing.
TpTrace Information: 0 : 9484, 5, 2021/11/27, 19:33:43.414, 749410429004, datacollector.dll, Blame Collector : Test Case End
TpTrace Information: 0 : 9484, 5, 2021/11/27, 19:33:43.415, 749410430252, datacollector.dll, DataCollectionTestCaseEventHandler: Test case 'TestNarucikolicinu - 8bb5c37f-3aae-79f0-c82e-2c23b4779d7a' completed
TpTrace Information: 0 : 9484, 5, 2021/11/27, 19:33:43.416, 749410437396, datacollector.dll, DataCollectionTestCaseEventHandler: Test case starting.
TpTrace Information: 0 : 9484, 5, 2021/11/27, 19:33:43.418, 749410441715, datacollector.dll, Blame Collector : Test Case Start
TpTrace Information: 0 : 9484, 5, 2021/11/27, 19:33:43.418, 749410442909, datacollector.dll, DataCollectionTestCaseEventHandler: Test case 'TestProdavaci - 0d67ec3d-d1b1-b65e-8f5f-a4b10da3b03e' started.
TpTrace Information: 0 : 9484, 5, 2021/11/27, 19:33:43.420, 749410451688, datacollector.dll, DataCollectionTestCaseEventHandler : Test case completing.
TpTrace Information: 0 : 9484, 5, 2021/11/27, 19:33:43.421, 749410455680, datacollector.dll, Blame Collector : Test Case End
TpTrace Information: 0 : 9484, 5, 2021/11/27, 19:33:43.422, 749410456902, datacollector.dll, DataCollectionTestCaseEventHandler: Test case 'TestProdavaci - 0d67ec3d-d1b1-b65e-8f5f-a4b10da3b03e' completed
TpTrace Information: 0 : 9484, 5, 2021/11/27, 19:33:43.424, 749410464760, datacollector.dll, DataCollectionTestCaseEventHandler: Test case starting.
TpTrace Information: 0 : 9484, 5, 2021/11/27, 19:33:43.425, 749410468749, datacollector.dll, Blame Collector : Test Case Start
TpTrace Information: 0 : 9484, 5, 2021/11/27, 19:33:43.425, 749410470022, datacollector.dll, DataCollectionTestCaseEventHandler: Test case 'TestStandovi - c4d4be37-c0a3-1ae6-46a4-1cdd50a7a7f9' started.
TpTrace Information: 0 : 9484, 5, 2021/11/27, 19:33:43.428, 749410481268, datacollector.dll, DataCollectionTestCaseEventHandler : Test case completing.
TpTrace Information: 0 : 9484, 5, 2021/11/27, 19:33:43.430, 749410485647, datacollector.dll, Blame Collector : Test Case End
TpTrace Information: 0 : 9484, 5, 2021/11/27, 19:33:43.430, 749410487004, datacollector.dll, DataCollectionTestCaseEventHandler: Test case 'TestStandovi - c4d4be37-c0a3-1ae6-46a4-1cdd50a7a7f9' completed
TpTrace Information: 0 : 9484, 5, 2021/11/27, 19:33:43.436, 749410510388, datacollector.dll, DataCollectionTestCaseEventHandler: Test case starting.
TpTrace Information: 0 : 9484, 5, 2021/11/27, 19:33:43.437, 749410513603, datacollector.dll, Blame Collector : Test Case Start
TpTrace Information: 0 : 9484, 5, 2021/11/27, 19:33:43.437, 749410514596, datacollector.dll, DataCollectionTestCaseEventHandler: Test case 'TestUkupniPromet - aca3de87-1292-d073-2a4c-5c931ff3d2c4' started.
TpTrace Information: 0 : 9484, 5, 2021/11/27, 19:33:43.440, 749410523497, datacollector.dll, DataCollectionTestCaseEventHandler : Test case completing.
TpTrace Information: 0 : 9484, 5, 2021/11/27, 19:33:43.441, 749410527702, datacollector.dll, Blame Collector : Test Case End
TpTrace Information: 0 : 9484, 5, 2021/11/27, 19:33:43.442, 749410532511, datacollector.dll, DataCollectionTestCaseEventHandler: Test case 'TestUkupniPromet - aca3de87-1292-d073-2a4c-5c931ff3d2c4' completed
TpTrace Information: 0 : 9484, 5, 2021/11/27, 19:33:43.443, 749410535090, datacollector.dll, DataCollectionTestCaseEventHandler: Test case starting.
TpTrace Information: 0 : 9484, 5, 2021/11/27, 19:33:43.444, 749410538482, datacollector.dll, Blame Collector : Test Case Start
TpTrace Information: 0 : 9484, 5, 2021/11/27, 19:33:43.447, 749410550278, datacollector.dll, DataCollectionTestCaseEventHandler: Test case 'TestIzmjenaProdavaca - 27d7cd63-6279-9f17-d9ad-5c9477880758' started.
TpTrace Information: 0 : 9484, 5, 2021/11/27, 19:33:43.448, 749410553240, datacollector.dll, DataCollectionTestCaseEventHandler : Test case completing.
TpTrace Information: 0 : 9484, 5, 2021/11/27, 19:33:43.449, 749410556624, datacollector.dll, Blame Collector : Test Case End
TpTrace Information: 0 : 9484, 5, 2021/11/27, 19:33:43.453, 749410570839, datacollector.dll, DataCollectionTestCaseEventHandler: Test case 'TestIzmjenaProdavaca - 27d7cd63-6279-9f17-d9ad-5c9477880758' completed
TpTrace Information: 0 : 9484, 5, 2021/11/27, 19:33:43.453, 749410573705, datacollector.dll, DataCollectionTestCaseEventHandler: Test case starting.
TpTrace Information: 0 : 9484, 5, 2021/11/27, 19:33:43.454, 749410577034, datacollector.dll, Blame Collector : Test Case Start
TpTrace Information: 0 : 9484, 5, 2021/11/27, 19:33:43.457, 749410587961, datacollector.dll, DataCollectionTestCaseEventHandler: Test case 'TestIzvrsavanjeKupovina - 40a979ac-ccf5-ad49-2657-3a9abbc4f1e9' started.
TpTrace Information: 0 : 9484, 5, 2021/11/27, 19:33:43.458, 749410590783, datacollector.dll, DataCollectionTestCaseEventHandler : Test case completing.
TpTrace Information: 0 : 9484, 5, 2021/11/27, 19:33:43.459, 749410594858, datacollector.dll, Blame Collector : Test Case End
TpTrace Information: 0 : 9484, 5, 2021/11/27, 19:33:43.460, 749410599959, datacollector.dll, DataCollectionTestCaseEventHandler: Test case 'TestIzvrsavanjeKupovina - 40a979ac-ccf5-ad49-2657-3a9abbc4f1e9' completed
TpTrace Information: 0 : 9484, 5, 2021/11/27, 19:33:43.461, 749410603102, datacollector.dll, DataCollectionTestCaseEventHandler: Test case starting.
TpTrace Information: 0 : 9484, 5, 2021/11/27, 19:33:43.462, 749410606390, datacollector.dll, Blame Collector : Test Case Start
TpTrace Information: 0 : 9484, 5, 2021/11/27, 19:33:43.465, 749410617779, datacollector.dll, DataCollectionTestCaseEventHandler: Test case 'TestDodavanjaTipskogVoca - fc7bffa3-589b-538b-04a3-ee65c7d73824' started.
TpTrace Information: 0 : 9484, 5, 2021/11/27, 19:33:43.466, 749410621531, datacollector.dll, DataCollectionTestCaseEventHandler : Test case completing.
TpTrace Information: 0 : 9484, 5, 2021/11/27, 19:33:43.467, 749410624779, datacollector.dll, Blame Collector : Test Case End
TpTrace Information: 0 : 9484, 5, 2021/11/27, 19:33:43.474, 749410648745, datacollector.dll, DataCollectionTestCaseEventHandler: Test case 'TestDodavanjaTipskogVoca - fc7bffa3-589b-538b-04a3-ee65c7d73824' completed
TpTrace Information: 0 : 9484, 5, 2021/11/27, 19:33:43.481, 749410675214, datacollector.dll, DataCollectionTestCaseEventHandler: Test session ended
TpTrace Information: 0 : 9484, 1, 2021/11/27, 19:33:43.571, 749411009677, datacollector.dll, DataCollectionRequestHandler.ProcessRequests : Datacollector received message: (DataCollection.AfterTestRunEnd) -> false
TpTrace Information: 0 : 9484, 1, 2021/11/27, 19:33:43.572, 749411014680, datacollector.dll, Blame Collector : Session End
TpTrace Information: 0 : 9484, 1, 2021/11/27, 19:33:43.573, 749411015315, datacollector.dll, BlameCollector.CollectDumpAndAbortTesthost: Custom path to dump directory was provided via VSTEST_DUMP_PATH. Skipping attachment upload, the caller is responsible for collecting and uploading the dumps themselves.
TpTrace Information: 0 : 9484, 1, 2021/11/27, 19:33:43.573, 749411016053, datacollector.dll, DataCollectionManager.CleanupPlugins: CleanupPlugins called
TpTrace Verbose: 0 : 9484, 1, 2021/11/27, 19:33:43.573, 749411016319, datacollector.dll, DataCollectionManager.CleanupPlugins: Cleaning up 1 plugins
TpTrace Verbose: 0 : 9484, 1, 2021/11/27, 19:33:43.573, 749411017000, datacollector.dll, dataCollectorInfo.DisposeDataCollector: calling Dispose() on Microsoft.TestPlatform.Extensions.BlameDataCollector.BlameCollector
TpTrace Information: 0 : 9484, 1, 2021/11/27, 19:33:43.573, 749411017419, datacollector.dll, DataCollectionManager.CleanupPlugins: CleanupPlugins finished
TpTrace Information: 0 : 9484, 1, 2021/11/27, 19:33:43.579, 749411037831, datacollector.dll, DataCollectionRequestHandler.ProcessRequests : Session End message received from server. Closing the connection.
TpTrace Information: 0 : 9484, 1, 2021/11/27, 19:33:43.579, 749411039204, datacollector.dll, Closing the connection !
TpTrace Information: 0 : 9484, 1, 2021/11/27, 19:33:43.579, 749411039421, datacollector.dll, DataCollectionRequestHandler.ProcessRequests : DataCollection completed
TpTrace Information: 0 : 9484, 1, 2021/11/27, 19:33:43.579, 749411039584, datacollector.dll, Program.Main: exiting datacollector process.
