TpTrace Verbose: 0 : 7592, 1, 2021/11/28, 21:39:30.061, 159030617249, datacollector.dll, Version: 16.9.1
TpTrace Information: 0 : 7592, 1, 2021/11/28, 21:39:30.071, 159030637027, datacollector.dll, DataCollectorMain.Run: Starting data collector run with args: --port,62161,--parentprocessid,10364,--diag,C:\Users\User\Documents\GitHub\Grupa-3-Verifikovani-i-Validirani-Softverasi\Pijaca\Zadatak3\bin\Debug\net5.0\fine-code-coverage\coverage-tool-output\diagnostics.datacollector.21-11-28_21-39-29_80755_4.log,--tracelevel,4
TpTrace Information: 0 : 7592, 1, 2021/11/28, 21:39:30.071, 159030638215, datacollector.dll, DataCollector: Monitoring parent process with id: '10364'
TpTrace Information: 0 : 7592, 1, 2021/11/28, 21:39:30.084, 159030688103, datacollector.dll, Trying to connect to server on socket : 127.0.0.1:62161 
TpTrace Verbose: 0 : 7592, 1, 2021/11/28, 21:39:30.106, 159030769084, datacollector.dll, SocketCommunicationManager : SetupClientAsync : Attempting to connect to the server.
TpTrace Information: 0 : 7592, 1, 2021/11/28, 21:39:30.121, 159030822574, datacollector.dll, Connected to the server successfully 
TpTrace Information: 0 : 7592, 1, 2021/11/28, 21:39:30.121, 159030823020, datacollector.dll, Using the buffer size of 16384 bytes
TpTrace Information: 0 : 7592, 1, 2021/11/28, 21:39:30.257, 159031326917, datacollector.dll, DataCollector: Start Request Processing.
TpTrace Information: 0 : 7592, 1, 2021/11/28, 21:39:30.263, 159031348869, datacollector.dll, DataCollectionRequestHandler.ProcessRequests : Datacollector received message: (DataCollection.BeforeTestRunStart) -> {
  "SettingsXml": "<RunSettings><RunConfiguration><ResultsDirectory>C:\\Users\\User\\Documents\\GitHub\\Grupa-3-Verifikovani-i-Validirani-Softverasi\\Pijaca\\Zadatak3\\bin\\Debug\\net5.0\\fine-code-coverage\\coverage-tool-output</ResultsDirectory><TargetPlatform>X64</TargetPlatform><TargetFrameworkVersion>.NETCoreApp,Version=v5.0</TargetFrameworkVersion><DesignMode>False</DesignMode><CollectSourceInformation>False</CollectSourceInformation><TestAdaptersPaths>C:\\Program Files\\dotnet\\sdk\\5.0.201\\Extensions</TestAdaptersPaths></RunConfiguration><LoggerRunSettings><Loggers><Logger friendlyName=\"blame\" enabled=\"True\" /><Logger friendlyName=\"Console\" uri=\"logger://microsoft/TestPlatform/ConsoleLogger/v1\" assemblyQualifiedName=\"Microsoft.VisualStudio.TestPlatform.CommandLine.Internal.ConsoleLogger, vstest.console, Version=15.0.0.0, Culture=neutral, PublicKeyToken=b03f5f7f11d50a3a\" codeBase=\"C:\\Program Files\\dotnet\\sdk\\5.0.201\\vstest.console.dll\" enabled=\"True\" /></Loggers></LoggerRunSettings><DataCollectionRunSettings><DataCollectors><DataCollector friendlyName=\"blame\" enabled=\"True\"><Configuration><ResultsDirectory>C:\\Users\\User\\Documents\\GitHub\\Grupa-3-Verifikovani-i-Validirani-Softverasi\\Pijaca\\Zadatak3\\bin\\Debug\\net5.0\\fine-code-coverage\\coverage-tool-output</ResultsDirectory></Configuration></DataCollector></DataCollectors></DataCollectionRunSettings></RunSettings>",
  "Sources": [
    "C:\\Users\\User\\Documents\\GitHub\\Grupa-3-Verifikovani-i-Validirani-Softverasi\\Pijaca\\Zadatak3\\bin\\Debug\\net5.0\\fine-code-coverage\\build-output\\Zadatak3.dll"
  ],
  "IsTelemetryOptedIn": false
}
TpTrace Verbose: 0 : 7592, 1, 2021/11/28, 21:39:30.318, 159031554593, datacollector.dll, TestPluginCache: Update extensions started. Skip filter = False
TpTrace Verbose: 0 : 7592, 1, 2021/11/28, 21:39:30.319, 159031557844, datacollector.dll, TestPluginCache: Using directories for assembly resolution 'C:\Program Files\dotnet\sdk\5.0.201\Extensions'.
TpTrace Verbose: 0 : 7592, 1, 2021/11/28, 21:39:30.319, 159031558059, datacollector.dll, TestPluginCache: Updated the available extensions to 'C:\Program Files\dotnet\sdk\5.0.201\Extensions\Microsoft.TestPlatform.Extensions.BlameDataCollector.dll,C:\Program Files\dotnet\sdk\5.0.201\Extensions\Microsoft.TestPlatform.Extensions.EventLogCollector.dll'.
TpTrace Verbose: 0 : 7592, 1, 2021/11/28, 21:39:30.330, 159031596406, datacollector.dll, TestPluginCache.DiscoverTestExtensions: finding test extensions in assemblies ends with: Collector.dll TPluginInfo: Microsoft.VisualStudio.TestPlatform.Common.DataCollector.DataCollectorConfig TExtension: Microsoft.VisualStudio.TestPlatform.ObjectModel.DataCollection.DataCollector
TpTrace Verbose: 0 : 7592, 1, 2021/11/28, 21:39:30.330, 159031597782, datacollector.dll, TestPluginCache.GetExtensionPaths: Filtered extension paths: C:\Program Files\dotnet\sdk\5.0.201\Extensions\Microsoft.TestPlatform.Extensions.BlameDataCollector.dll
C:\Program Files\dotnet\sdk\5.0.201\Extensions\Microsoft.TestPlatform.Extensions.EventLogCollector.dll
TpTrace Verbose: 0 : 7592, 1, 2021/11/28, 21:39:30.330, 159031598044, datacollector.dll, TestPluginCache.GetExtensionPaths: Added default extension paths: 
TpTrace Verbose: 0 : 7592, 1, 2021/11/28, 21:39:30.330, 159031598287, datacollector.dll, TestPluginCache.GetExtensionPaths: Added unfilterableExtensionPaths: 
TpTrace Information: 0 : 7592, 1, 2021/11/28, 21:39:30.331, 159031601486, datacollector.dll, AssemblyResolver.ctor: Creating AssemblyResolver with searchDirectories C:\Program Files\dotnet\sdk\5.0.201\Extensions,C:\Program Files\dotnet\sdk\5.0.201
TpTrace Verbose: 0 : 7592, 1, 2021/11/28, 21:39:30.333, 159031608938, datacollector.dll, TestPluginCache.DiscoverTestExtensions: Discovering the extensions using extension path.
TpTrace Verbose: 0 : 7592, 1, 2021/11/28, 21:39:30.333, 159031609862, datacollector.dll, TestPluginCache.GetExtensionPaths: Filtered extension paths: C:\Program Files\dotnet\sdk\5.0.201\Extensions\Microsoft.TestPlatform.Extensions.BlameDataCollector.dll
C:\Program Files\dotnet\sdk\5.0.201\Extensions\Microsoft.TestPlatform.Extensions.EventLogCollector.dll
TpTrace Verbose: 0 : 7592, 1, 2021/11/28, 21:39:30.333, 159031610012, datacollector.dll, TestPluginCache.GetExtensionPaths: Added default extension paths: 
TpTrace Verbose: 0 : 7592, 1, 2021/11/28, 21:39:30.333, 159031610132, datacollector.dll, TestPluginCache.GetExtensionPaths: Added unfilterableExtensionPaths: 
TpTrace Verbose: 0 : 7592, 1, 2021/11/28, 21:39:30.334, 159031610378, datacollector.dll, TestPluginCache.DiscoverTestExtensions: Discovering the extensions using allExtensionPaths: C:\Program Files\dotnet\sdk\5.0.201\Extensions\Microsoft.TestPlatform.Extensions.BlameDataCollector.dll
C:\Program Files\dotnet\sdk\5.0.201\Extensions\Microsoft.TestPlatform.Extensions.EventLogCollector.dll
TpTrace Information: 0 : 7592, 1, 2021/11/28, 21:39:30.334, 159031610775, datacollector.dll, AssemblyResolver.AddSearchDirectories: Adding more searchDirectories C:\Program Files\dotnet\sdk\5.0.201\Extensions,C:\Program Files\dotnet\sdk\5.0.201
TpTrace Information: 0 : 7592, 1, 2021/11/28, 21:39:30.334, 159031611006, datacollector.dll, AssemblyResolver.AddSearchDirectories: Adding more searchDirectories C:\Program Files\dotnet\sdk\5.0.201\Extensions,C:\Program Files\dotnet\sdk\5.0.201
TpTrace Information: 0 : 7592, 1, 2021/11/28, 21:39:30.334, 159031613108, datacollector.dll, AssemblyResolver.OnResolve: Microsoft.TestPlatform.Extensions.BlameDataCollector: Resolving assembly.
TpTrace Information: 0 : 7592, 1, 2021/11/28, 21:39:30.335, 159031617026, datacollector.dll, AssemblyResolver.OnResolve: Resolved assembly: Microsoft.TestPlatform.Extensions.BlameDataCollector, from path: C:\Program Files\dotnet\sdk\5.0.201\Extensions\Microsoft.TestPlatform.Extensions.BlameDataCollector.dll
TpTrace Error: 0 : 7592, 1, 2021/11/28, 21:39:30.337, 159031624447, datacollector.dll, The type "Microsoft.TestPlatform.Extensions.BlameDataCollector.BlameCollector" defined in "Microsoft.TestPlatform.Extensions.BlameDataCollector.dll" does not have ExtensionUri attribute.
TpTrace Information: 0 : 7592, 1, 2021/11/28, 21:39:30.340, 159031634182, datacollector.dll, AssemblyResolver.OnResolve: Microsoft.TestPlatform.Extensions.EventLogCollector: Resolving assembly.
TpTrace Information: 0 : 7592, 1, 2021/11/28, 21:39:30.341, 159031638113, datacollector.dll, AssemblyResolver.OnResolve: Resolved assembly: Microsoft.TestPlatform.Extensions.EventLogCollector, from path: C:\Program Files\dotnet\sdk\5.0.201\Extensions\Microsoft.TestPlatform.Extensions.EventLogCollector.dll
TpTrace Error: 0 : 7592, 1, 2021/11/28, 21:39:30.344, 159031650095, datacollector.dll, The type "Microsoft.TestPlatform.Extensions.EventLogCollector.EventLogDataCollector" defined in "Microsoft.TestPlatform.Extensions.EventLogCollector.dll" does not have ExtensionUri attribute.
TpTrace Verbose: 0 : 7592, 1, 2021/11/28, 21:39:30.345, 159031652396, datacollector.dll, TestPluginCache: Discovered the extensions using extension path 'C:\Program Files\dotnet\sdk\5.0.201\Extensions\Microsoft.TestPlatform.Extensions.BlameDataCollector.dll,C:\Program Files\dotnet\sdk\5.0.201\Extensions\Microsoft.TestPlatform.Extensions.EventLogCollector.dll'.
TpTrace Verbose: 0 : 7592, 1, 2021/11/28, 21:39:30.345, 159031652801, datacollector.dll, TestPluginCache: Discoverers are ''.
TpTrace Verbose: 0 : 7592, 1, 2021/11/28, 21:39:30.345, 159031652963, datacollector.dll, TestPluginCache: Executors are ''.
TpTrace Verbose: 0 : 7592, 1, 2021/11/28, 21:39:30.345, 159031653112, datacollector.dll, TestPluginCache: Executors2 are ''.
TpTrace Verbose: 0 : 7592, 1, 2021/11/28, 21:39:30.345, 159031653259, datacollector.dll, TestPluginCache: Setting providers are ''.
TpTrace Verbose: 0 : 7592, 1, 2021/11/28, 21:39:30.345, 159031653419, datacollector.dll, TestPluginCache: Loggers are ''.
TpTrace Information: 0 : 7592, 1, 2021/11/28, 21:39:30.347, 159031660191, datacollector.dll, TestPluginManager.CreateTestExtension: Attempting to load test extension: Microsoft.TestPlatform.Extensions.BlameDataCollector.BlameCollector
TpTrace Error: 0 : 7592, 1, 2021/11/28, 21:39:30.348, 159031664523, datacollector.dll, The type "Microsoft.TestPlatform.Extensions.BlameDataCollector.BlameCollector" defined in "Microsoft.TestPlatform.Extensions.BlameDataCollector.dll" does not have ExtensionUri attribute.
TpTrace Information: 0 : 7592, 1, 2021/11/28, 21:39:30.358, 159031702336, datacollector.dll, Listening on Endpoint : 127.0.0.1:62164
TpTrace Information: 0 : 7592, 1, 2021/11/28, 21:39:30.371, 159031747980, datacollector.dll, DataCollectionRequestHandler.ProcessRequests : DataCollection started.
TpTrace Information: 0 : 7592, 1, 2021/11/28, 21:39:30.397, 159031843765, datacollector.dll, DataCollectionRequestHandler.ProcessRequests : Datacollector received message: (DataCollection.TestHostLaunched) -> {
  "ProcessId": 11196
}
TpTrace Information: 0 : 7592, 6, 2021/11/28, 21:39:30.701, 159032972689, datacollector.dll, Using the buffer size of 16384 bytes
TpTrace Information: 0 : 7592, 6, 2021/11/28, 21:39:30.701, 159032973307, datacollector.dll, Accepted Client request and set the flag
TpTrace Information: 0 : 7592, 5, 2021/11/28, 21:39:31.358, 159035407216, datacollector.dll, DataCollectionTestCaseEventHandler: Test case starting.
TpTrace Information: 0 : 7592, 5, 2021/11/28, 21:39:31.417, 159035624494, datacollector.dll, Blame Collector : Test Case Start
TpTrace Information: 0 : 7592, 5, 2021/11/28, 21:39:31.421, 159035640566, datacollector.dll, DataCollectionTestCaseEventHandler: Test case 'test1NeispravniPodaci - 9dd4f815-bce5-22df-fb78-4fadd876ccdd' started.
TpTrace Information: 0 : 7592, 5, 2021/11/28, 21:39:31.659, 159036521774, datacollector.dll, DataCollectionTestCaseEventHandler : Test case completing.
TpTrace Information: 0 : 7592, 5, 2021/11/28, 21:39:31.666, 159036545063, datacollector.dll, Blame Collector : Test Case End
TpTrace Information: 0 : 7592, 5, 2021/11/28, 21:39:31.672, 159036569531, datacollector.dll, DataCollectionTestCaseEventHandler: Test case 'test1NeispravniPodaci - 9dd4f815-bce5-22df-fb78-4fadd876ccdd' completed
TpTrace Information: 0 : 7592, 5, 2021/11/28, 21:39:31.690, 159036635577, datacollector.dll, DataCollectionTestCaseEventHandler: Test case starting.
TpTrace Information: 0 : 7592, 5, 2021/11/28, 21:39:31.691, 159036640242, datacollector.dll, Blame Collector : Test Case Start
TpTrace Information: 0 : 7592, 5, 2021/11/28, 21:39:31.692, 159036641501, datacollector.dll, DataCollectionTestCaseEventHandler: Test case 'test1IspravniPodaci - cfc69572-73e7-ad91-6d2a-39646b7afdfe' started.
TpTrace Information: 0 : 7592, 5, 2021/11/28, 21:39:31.702, 159036679076, datacollector.dll, DataCollectionTestCaseEventHandler : Test case completing.
TpTrace Information: 0 : 7592, 5, 2021/11/28, 21:39:31.703, 159036683481, datacollector.dll, Blame Collector : Test Case End
TpTrace Information: 0 : 7592, 5, 2021/11/28, 21:39:31.703, 159036684593, datacollector.dll, DataCollectionTestCaseEventHandler: Test case 'test1IspravniPodaci - cfc69572-73e7-ad91-6d2a-39646b7afdfe' completed
TpTrace Information: 0 : 7592, 5, 2021/11/28, 21:39:31.771, 159036934451, datacollector.dll, DataCollectionTestCaseEventHandler: Test case starting.
TpTrace Information: 0 : 7592, 5, 2021/11/28, 21:39:31.772, 159036938503, datacollector.dll, Blame Collector : Test Case Start
TpTrace Information: 0 : 7592, 5, 2021/11/28, 21:39:31.772, 159036939582, datacollector.dll, DataCollectionTestCaseEventHandler: Test case 'test2NeispravniPodaci - 1818314a-b25a-53b5-8014-9b80e1cb68be' started.
TpTrace Information: 0 : 7592, 5, 2021/11/28, 21:39:31.784, 159036981756, datacollector.dll, DataCollectionTestCaseEventHandler : Test case completing.
TpTrace Information: 0 : 7592, 5, 2021/11/28, 21:39:31.785, 159036986060, datacollector.dll, Blame Collector : Test Case End
TpTrace Information: 0 : 7592, 5, 2021/11/28, 21:39:31.785, 159036987123, datacollector.dll, DataCollectionTestCaseEventHandler: Test case 'test2NeispravniPodaci - 1818314a-b25a-53b5-8014-9b80e1cb68be' completed
TpTrace Information: 0 : 7592, 5, 2021/11/28, 21:39:31.789, 159037001249, datacollector.dll, DataCollectionTestCaseEventHandler: Test case starting.
TpTrace Information: 0 : 7592, 5, 2021/11/28, 21:39:31.790, 159037005587, datacollector.dll, Blame Collector : Test Case Start
TpTrace Information: 0 : 7592, 5, 2021/11/28, 21:39:31.791, 159037010677, datacollector.dll, DataCollectionTestCaseEventHandler: Test case 'test2IspravniPodaci - e676413f-288d-4ad1-14ec-04ebd6381448' started.
TpTrace Information: 0 : 7592, 5, 2021/11/28, 21:39:31.800, 159037040998, datacollector.dll, DataCollectionTestCaseEventHandler : Test case completing.
TpTrace Information: 0 : 7592, 5, 2021/11/28, 21:39:31.801, 159037045731, datacollector.dll, Blame Collector : Test Case End
TpTrace Information: 0 : 7592, 5, 2021/11/28, 21:39:31.801, 159037046704, datacollector.dll, DataCollectionTestCaseEventHandler: Test case 'test2IspravniPodaci - e676413f-288d-4ad1-14ec-04ebd6381448' completed
TpTrace Information: 0 : 7592, 5, 2021/11/28, 21:39:31.808, 159037071866, datacollector.dll, DataCollectionTestCaseEventHandler: Test case starting.
TpTrace Information: 0 : 7592, 5, 2021/11/28, 21:39:31.809, 159037076182, datacollector.dll, Blame Collector : Test Case Start
TpTrace Information: 0 : 7592, 5, 2021/11/28, 21:39:31.809, 159037077140, datacollector.dll, DataCollectionTestCaseEventHandler: Test case 'TestProdavacIme - 5ccc8b82-4246-411d-c0aa-efec081f04c6' started.
TpTrace Information: 0 : 7592, 5, 2021/11/28, 21:39:31.815, 159037098127, datacollector.dll, DataCollectionTestCaseEventHandler : Test case completing.
TpTrace Information: 0 : 7592, 5, 2021/11/28, 21:39:31.816, 159037102547, datacollector.dll, Blame Collector : Test Case End
TpTrace Information: 0 : 7592, 5, 2021/11/28, 21:39:31.816, 159037103537, datacollector.dll, DataCollectionTestCaseEventHandler: Test case 'TestProdavacIme - 5ccc8b82-4246-411d-c0aa-efec081f04c6' completed
TpTrace Information: 0 : 7592, 5, 2021/11/28, 21:39:31.818, 159037111202, datacollector.dll, DataCollectionTestCaseEventHandler: Test case starting.
TpTrace Information: 0 : 7592, 5, 2021/11/28, 21:39:31.820, 159037115741, datacollector.dll, Blame Collector : Test Case Start
TpTrace Information: 0 : 7592, 5, 2021/11/28, 21:39:31.820, 159037116671, datacollector.dll, DataCollectionTestCaseEventHandler: Test case 'TestOtvaranjeStanda - d745ec71-ea17-db7e-bd0f-3f0fe5175e6c' started.
TpTrace Information: 0 : 7592, 5, 2021/11/28, 21:39:31.823, 159037128593, datacollector.dll, DataCollectionTestCaseEventHandler : Test case completing.
TpTrace Information: 0 : 7592, 5, 2021/11/28, 21:39:31.824, 159037133305, datacollector.dll, Blame Collector : Test Case End
TpTrace Information: 0 : 7592, 5, 2021/11/28, 21:39:31.825, 159037135056, datacollector.dll, DataCollectionTestCaseEventHandler: Test case 'TestOtvaranjeStanda - d745ec71-ea17-db7e-bd0f-3f0fe5175e6c' completed
TpTrace Information: 0 : 7592, 5, 2021/11/28, 21:39:31.827, 159037141991, datacollector.dll, DataCollectionTestCaseEventHandler: Test case starting.
TpTrace Information: 0 : 7592, 5, 2021/11/28, 21:39:31.828, 159037146205, datacollector.dll, Blame Collector : Test Case Start
TpTrace Information: 0 : 7592, 5, 2021/11/28, 21:39:31.828, 159037147102, datacollector.dll, DataCollectionTestCaseEventHandler: Test case 'TestKonstruktoraProdavaca - 3ab4ef39-dc6f-9e81-5a97-bfdd06cb9c02' started.
TpTrace Information: 0 : 7592, 5, 2021/11/28, 21:39:31.831, 159037158408, datacollector.dll, DataCollectionTestCaseEventHandler : Test case completing.
TpTrace Information: 0 : 7592, 5, 2021/11/28, 21:39:31.832, 159037162744, datacollector.dll, Blame Collector : Test Case End
TpTrace Information: 0 : 7592, 5, 2021/11/28, 21:39:31.833, 159037163800, datacollector.dll, DataCollectionTestCaseEventHandler: Test case 'TestKonstruktoraProdavaca - 3ab4ef39-dc6f-9e81-5a97-bfdd06cb9c02' completed
TpTrace Information: 0 : 7592, 5, 2021/11/28, 21:39:31.834, 159037170587, datacollector.dll, DataCollectionTestCaseEventHandler: Test case starting.
TpTrace Information: 0 : 7592, 5, 2021/11/28, 21:39:31.836, 159037174980, datacollector.dll, Blame Collector : Test Case Start
TpTrace Information: 0 : 7592, 5, 2021/11/28, 21:39:31.836, 159037175978, datacollector.dll, DataCollectionTestCaseEventHandler: Test case 'TestRegistrujPromet - c469f497-0e6f-ff4d-3e48-39171aededd2' started.
TpTrace Information: 0 : 7592, 5, 2021/11/28, 21:39:31.839, 159037188450, datacollector.dll, DataCollectionTestCaseEventHandler : Test case completing.
TpTrace Information: 0 : 7592, 5, 2021/11/28, 21:39:31.841, 159037192950, datacollector.dll, Blame Collector : Test Case End
TpTrace Information: 0 : 7592, 5, 2021/11/28, 21:39:31.841, 159037193950, datacollector.dll, DataCollectionTestCaseEventHandler: Test case 'TestRegistrujPromet - c469f497-0e6f-ff4d-3e48-39171aededd2' completed
TpTrace Information: 0 : 7592, 5, 2021/11/28, 21:39:31.843, 159037200562, datacollector.dll, DataCollectionTestCaseEventHandler: Test case starting.
TpTrace Information: 0 : 7592, 5, 2021/11/28, 21:39:31.844, 159037204835, datacollector.dll, Blame Collector : Test Case Start
TpTrace Information: 0 : 7592, 5, 2021/11/28, 21:39:31.846, 159037213726, datacollector.dll, DataCollectionTestCaseEventHandler: Test case 'TestProizvodIme - 47c4d756-a527-d663-9f1e-5969f7356ac1' started.
TpTrace Information: 0 : 7592, 5, 2021/11/28, 21:39:31.847, 159037217173, datacollector.dll, DataCollectionTestCaseEventHandler : Test case completing.
TpTrace Information: 0 : 7592, 5, 2021/11/28, 21:39:31.848, 159037221402, datacollector.dll, Blame Collector : Test Case End
TpTrace Information: 0 : 7592, 5, 2021/11/28, 21:39:31.849, 159037225396, datacollector.dll, DataCollectionTestCaseEventHandler: Test case 'TestProizvodIme - 47c4d756-a527-d663-9f1e-5969f7356ac1' completed
TpTrace Information: 0 : 7592, 5, 2021/11/28, 21:39:31.850, 159037228818, datacollector.dll, DataCollectionTestCaseEventHandler: Test case starting.
TpTrace Information: 0 : 7592, 5, 2021/11/28, 21:39:31.851, 159037233030, datacollector.dll, Blame Collector : Test Case Start
TpTrace Information: 0 : 7592, 5, 2021/11/28, 21:39:31.852, 159037234049, datacollector.dll, DataCollectionTestCaseEventHandler: Test case 'TestKolicinaNaStanju - 879a4200-6572-e2b5-6741-c13751e73ba6' started.
TpTrace Information: 0 : 7592, 5, 2021/11/28, 21:39:31.854, 159037243904, datacollector.dll, DataCollectionTestCaseEventHandler : Test case completing.
TpTrace Information: 0 : 7592, 5, 2021/11/28, 21:39:31.855, 159037248335, datacollector.dll, Blame Collector : Test Case End
TpTrace Information: 0 : 7592, 5, 2021/11/28, 21:39:31.856, 159037249341, datacollector.dll, DataCollectionTestCaseEventHandler: Test case 'TestKolicinaNaStanju - 879a4200-6572-e2b5-6741-c13751e73ba6' completed
TpTrace Information: 0 : 7592, 5, 2021/11/28, 21:39:31.858, 159037256527, datacollector.dll, DataCollectionTestCaseEventHandler: Test case starting.
TpTrace Information: 0 : 7592, 5, 2021/11/28, 21:39:31.859, 159037260853, datacollector.dll, Blame Collector : Test Case Start
TpTrace Information: 0 : 7592, 5, 2021/11/28, 21:39:31.859, 159037261796, datacollector.dll, DataCollectionTestCaseEventHandler: Test case 'TestOcekivanaKolicina - fb284c69-29f0-c270-e348-4042775b3e47' started.
TpTrace Information: 0 : 7592, 5, 2021/11/28, 21:39:31.862, 159037272037, datacollector.dll, DataCollectionTestCaseEventHandler : Test case completing.
TpTrace Information: 0 : 7592, 5, 2021/11/28, 21:39:31.863, 159037276520, datacollector.dll, Blame Collector : Test Case End
TpTrace Information: 0 : 7592, 5, 2021/11/28, 21:39:31.863, 159037277501, datacollector.dll, DataCollectionTestCaseEventHandler: Test case 'TestOcekivanaKolicina - fb284c69-29f0-c270-e348-4042775b3e47' completed
TpTrace Information: 0 : 7592, 5, 2021/11/28, 21:39:31.865, 159037284078, datacollector.dll, DataCollectionTestCaseEventHandler: Test case starting.
TpTrace Information: 0 : 7592, 5, 2021/11/28, 21:39:31.866, 159037288401, datacollector.dll, Blame Collector : Test Case Start
TpTrace Information: 0 : 7592, 5, 2021/11/28, 21:39:31.867, 159037289257, datacollector.dll, DataCollectionTestCaseEventHandler: Test case 'TestDatumPristizanja - 35042000-a727-6a77-d866-2691510089e2' started.
TpTrace Information: 0 : 7592, 5, 2021/11/28, 21:39:31.869, 159037299180, datacollector.dll, DataCollectionTestCaseEventHandler : Test case completing.
TpTrace Information: 0 : 7592, 5, 2021/11/28, 21:39:31.870, 159037303461, datacollector.dll, Blame Collector : Test Case End
TpTrace Information: 0 : 7592, 5, 2021/11/28, 21:39:31.871, 159037304552, datacollector.dll, DataCollectionTestCaseEventHandler: Test case 'TestDatumPristizanja - 35042000-a727-6a77-d866-2691510089e2' completed
TpTrace Information: 0 : 7592, 5, 2021/11/28, 21:39:31.883, 159037348420, datacollector.dll, DataCollectionTestCaseEventHandler: Test case starting.
TpTrace Information: 0 : 7592, 5, 2021/11/28, 21:39:31.884, 159037352747, datacollector.dll, Blame Collector : Test Case Start
TpTrace Information: 0 : 7592, 5, 2021/11/28, 21:39:31.884, 159037354032, datacollector.dll, DataCollectionTestCaseEventHandler: Test case 'TestDatumOcekivaneKolicine - 8f4a0743-3ef6-3326-123e-2239a99bca59' started.
TpTrace Information: 0 : 7592, 5, 2021/11/28, 21:39:31.887, 159037365261, datacollector.dll, DataCollectionTestCaseEventHandler : Test case completing.
TpTrace Information: 0 : 7592, 5, 2021/11/28, 21:39:31.888, 159037370464, datacollector.dll, Blame Collector : Test Case End
TpTrace Information: 0 : 7592, 5, 2021/11/28, 21:39:31.889, 159037371656, datacollector.dll, DataCollectionTestCaseEventHandler: Test case 'TestDatumOcekivaneKolicine - 8f4a0743-3ef6-3326-123e-2239a99bca59' completed
TpTrace Information: 0 : 7592, 5, 2021/11/28, 21:39:31.891, 159037379048, datacollector.dll, DataCollectionTestCaseEventHandler: Test case starting.
TpTrace Information: 0 : 7592, 5, 2021/11/28, 21:39:31.892, 159037383765, datacollector.dll, Blame Collector : Test Case Start
TpTrace Information: 0 : 7592, 5, 2021/11/28, 21:39:31.892, 159037384676, datacollector.dll, DataCollectionTestCaseEventHandler: Test case 'TestCijenaProizvoda - f3950574-6a30-6453-d3be-6d8c1dd6fc79' started.
TpTrace Information: 0 : 7592, 5, 2021/11/28, 21:39:31.895, 159037395969, datacollector.dll, DataCollectionTestCaseEventHandler : Test case completing.
TpTrace Information: 0 : 7592, 5, 2021/11/28, 21:39:31.896, 159037400137, datacollector.dll, Blame Collector : Test Case End
TpTrace Information: 0 : 7592, 5, 2021/11/28, 21:39:31.897, 159037401240, datacollector.dll, DataCollectionTestCaseEventHandler: Test case 'TestCijenaProizvoda - f3950574-6a30-6453-d3be-6d8c1dd6fc79' completed
TpTrace Information: 0 : 7592, 5, 2021/11/28, 21:39:31.899, 159037407968, datacollector.dll, DataCollectionTestCaseEventHandler: Test case starting.
TpTrace Information: 0 : 7592, 5, 2021/11/28, 21:39:31.900, 159037412130, datacollector.dll, Blame Collector : Test Case Start
TpTrace Information: 0 : 7592, 5, 2021/11/28, 21:39:31.900, 159037413586, datacollector.dll, DataCollectionTestCaseEventHandler: Test case 'TestCertifikat387 - 0e7615dd-cf48-da7e-d502-22dc62a42fca' started.
TpTrace Information: 0 : 7592, 5, 2021/11/28, 21:39:31.903, 159037423737, datacollector.dll, DataCollectionTestCaseEventHandler : Test case completing.
TpTrace Information: 0 : 7592, 5, 2021/11/28, 21:39:31.904, 159037427548, datacollector.dll, Blame Collector : Test Case End
TpTrace Information: 0 : 7592, 5, 2021/11/28, 21:39:31.904, 159037429374, datacollector.dll, DataCollectionTestCaseEventHandler: Test case 'TestCertifikat387 - 0e7615dd-cf48-da7e-d502-22dc62a42fca' completed
TpTrace Information: 0 : 7592, 5, 2021/11/28, 21:39:31.907, 159037438541, datacollector.dll, DataCollectionTestCaseEventHandler: Test case starting.
TpTrace Information: 0 : 7592, 5, 2021/11/28, 21:39:31.908, 159037443000, datacollector.dll, Blame Collector : Test Case Start
TpTrace Information: 0 : 7592, 5, 2021/11/28, 21:39:31.913, 159037461409, datacollector.dll, DataCollectionTestCaseEventHandler: Test case 'TestRadSaProdavačima - aae5fa86-d336-7dd9-87b5-34e217aadcb6' started.
TpTrace Information: 0 : 7592, 5, 2021/11/28, 21:39:31.914, 159037464416, datacollector.dll, DataCollectionTestCaseEventHandler : Test case completing.
TpTrace Information: 0 : 7592, 5, 2021/11/28, 21:39:31.915, 159037468486, datacollector.dll, Blame Collector : Test Case End
TpTrace Information: 0 : 7592, 5, 2021/11/28, 21:39:31.916, 159037473548, datacollector.dll, DataCollectionTestCaseEventHandler: Test case 'TestRadSaProdavačima - aae5fa86-d336-7dd9-87b5-34e217aadcb6' completed
TpTrace Information: 0 : 7592, 5, 2021/11/28, 21:39:31.917, 159037477846, datacollector.dll, DataCollectionTestCaseEventHandler: Test case starting.
TpTrace Information: 0 : 7592, 5, 2021/11/28, 21:39:31.919, 159037482675, datacollector.dll, Blame Collector : Test Case Start
TpTrace Information: 0 : 7592, 5, 2021/11/28, 21:39:31.923, 159037499302, datacollector.dll, DataCollectionTestCaseEventHandler: Test case 'TestOtvoriŠtand - 8628d629-52a4-539a-049c-c0e7a91ca91d' started.
TpTrace Information: 0 : 7592, 5, 2021/11/28, 21:39:31.924, 159037503348, datacollector.dll, DataCollectionTestCaseEventHandler : Test case completing.
TpTrace Information: 0 : 7592, 5, 2021/11/28, 21:39:31.925, 159037507100, datacollector.dll, Blame Collector : Test Case End
TpTrace Information: 0 : 7592, 5, 2021/11/28, 21:39:31.927, 159037512184, datacollector.dll, DataCollectionTestCaseEventHandler: Test case 'TestOtvoriŠtand - 8628d629-52a4-539a-049c-c0e7a91ca91d' completed
TpTrace Information: 0 : 7592, 5, 2021/11/28, 21:39:31.927, 159037515072, datacollector.dll, DataCollectionTestCaseEventHandler: Test case starting.
TpTrace Information: 0 : 7592, 5, 2021/11/28, 21:39:31.929, 159037520707, datacollector.dll, Blame Collector : Test Case Start
TpTrace Information: 0 : 7592, 5, 2021/11/28, 21:39:31.930, 159037524161, datacollector.dll, DataCollectionTestCaseEventHandler: Test case 'TestIzvršavanjeKupovina - d89678ec-469e-ea36-91fa-34018cbb1cfa' started.
TpTrace Information: 0 : 7592, 5, 2021/11/28, 21:39:31.933, 159037534558, datacollector.dll, DataCollectionTestCaseEventHandler : Test case completing.
TpTrace Information: 0 : 7592, 5, 2021/11/28, 21:39:31.934, 159037537438, datacollector.dll, Blame Collector : Test Case End
TpTrace Information: 0 : 7592, 5, 2021/11/28, 21:39:31.934, 159037538051, datacollector.dll, DataCollectionTestCaseEventHandler: Test case 'TestIzvršavanjeKupovina - d89678ec-469e-ea36-91fa-34018cbb1cfa' completed
TpTrace Information: 0 : 7592, 5, 2021/11/28, 21:39:31.935, 159037543116, datacollector.dll, DataCollectionTestCaseEventHandler: Test case starting.
TpTrace Information: 0 : 7592, 5, 2021/11/28, 21:39:31.936, 159037546279, datacollector.dll, Blame Collector : Test Case Start
TpTrace Information: 0 : 7592, 5, 2021/11/28, 21:39:31.936, 159037547158, datacollector.dll, DataCollectionTestCaseEventHandler: Test case 'TestDodavanjeTipskeNamirnice - 0617cc62-f361-aead-eab8-e1856c664520' started.
TpTrace Information: 0 : 7592, 5, 2021/11/28, 21:39:31.940, 159037560786, datacollector.dll, DataCollectionTestCaseEventHandler : Test case completing.
TpTrace Information: 0 : 7592, 5, 2021/11/28, 21:39:31.941, 159037564395, datacollector.dll, Blame Collector : Test Case End
TpTrace Information: 0 : 7592, 5, 2021/11/28, 21:39:31.941, 159037565092, datacollector.dll, DataCollectionTestCaseEventHandler: Test case 'TestDodavanjeTipskeNamirnice - 0617cc62-f361-aead-eab8-e1856c664520' completed
TpTrace Information: 0 : 7592, 5, 2021/11/28, 21:39:31.942, 159037570110, datacollector.dll, DataCollectionTestCaseEventHandler: Test case starting.
TpTrace Information: 0 : 7592, 5, 2021/11/28, 21:39:31.943, 159037572834, datacollector.dll, Blame Collector : Test Case Start
TpTrace Information: 0 : 7592, 5, 2021/11/28, 21:39:31.943, 159037573403, datacollector.dll, DataCollectionTestCaseEventHandler: Test case 'TestNaručiProizvode - 91d749a9-3c49-9fc6-67f8-7498fbc5052b' started.
TpTrace Information: 0 : 7592, 5, 2021/11/28, 21:39:31.948, 159037592075, datacollector.dll, DataCollectionTestCaseEventHandler : Test case completing.
TpTrace Information: 0 : 7592, 5, 2021/11/28, 21:39:31.949, 159037595222, datacollector.dll, Blame Collector : Test Case End
TpTrace Information: 0 : 7592, 5, 2021/11/28, 21:39:31.949, 159037595938, datacollector.dll, DataCollectionTestCaseEventHandler: Test case 'TestNaručiProizvode - 91d749a9-3c49-9fc6-67f8-7498fbc5052b' completed
TpTrace Information: 0 : 7592, 5, 2021/11/28, 21:39:31.951, 159037601086, datacollector.dll, DataCollectionTestCaseEventHandler: Test case starting.
TpTrace Information: 0 : 7592, 5, 2021/11/28, 21:39:31.951, 159037603886, datacollector.dll, Blame Collector : Test Case Start
TpTrace Information: 0 : 7592, 5, 2021/11/28, 21:39:31.952, 159037604468, datacollector.dll, DataCollectionTestCaseEventHandler: Test case 'TestInspekcija - 9b31d284-4e6c-79fd-b774-cf1c0dc51849' started.
TpTrace Information: 0 : 7592, 5, 2021/11/28, 21:39:31.955, 159037615913, datacollector.dll, DataCollectionTestCaseEventHandler : Test case completing.
TpTrace Information: 0 : 7592, 5, 2021/11/28, 21:39:31.956, 159037619889, datacollector.dll, Blame Collector : Test Case End
TpTrace Information: 0 : 7592, 5, 2021/11/28, 21:39:31.956, 159037621066, datacollector.dll, DataCollectionTestCaseEventHandler: Test case 'TestInspekcija - 9b31d284-4e6c-79fd-b774-cf1c0dc51849' completed
TpTrace Information: 0 : 7592, 5, 2021/11/28, 21:39:31.963, 159037645506, datacollector.dll, DataCollectionTestCaseEventHandler: Test case starting.
TpTrace Information: 0 : 7592, 5, 2021/11/28, 21:39:31.964, 159037649574, datacollector.dll, Blame Collector : Test Case Start
TpTrace Information: 0 : 7592, 5, 2021/11/28, 21:39:31.964, 159037650707, datacollector.dll, DataCollectionTestCaseEventHandler: Test case 'TestKrajZakupa - c4fbb387-ff8f-e846-e170-ee4134e56d7d' started.
TpTrace Information: 0 : 7592, 5, 2021/11/28, 21:39:31.968, 159037664528, datacollector.dll, DataCollectionTestCaseEventHandler : Test case completing.
TpTrace Information: 0 : 7592, 5, 2021/11/28, 21:39:31.969, 159037668746, datacollector.dll, Blame Collector : Test Case End
TpTrace Information: 0 : 7592, 5, 2021/11/28, 21:39:31.969, 159037670070, datacollector.dll, DataCollectionTestCaseEventHandler: Test case 'TestKrajZakupa - c4fbb387-ff8f-e846-e170-ee4134e56d7d' completed
TpTrace Information: 0 : 7592, 5, 2021/11/28, 21:39:31.971, 159037678040, datacollector.dll, DataCollectionTestCaseEventHandler: Test case starting.
TpTrace Information: 0 : 7592, 5, 2021/11/28, 21:39:31.973, 159037683004, datacollector.dll, Blame Collector : Test Case Start
TpTrace Information: 0 : 7592, 5, 2021/11/28, 21:39:31.973, 159037684109, datacollector.dll, DataCollectionTestCaseEventHandler: Test case 'TestKupovine - 6dfd0895-736d-8f33-f2ef-045e9c3229ce' started.
TpTrace Information: 0 : 7592, 5, 2021/11/28, 21:39:31.977, 159037698811, datacollector.dll, DataCollectionTestCaseEventHandler : Test case completing.
TpTrace Information: 0 : 7592, 5, 2021/11/28, 21:39:31.978, 159037703165, datacollector.dll, Blame Collector : Test Case End
TpTrace Information: 0 : 7592, 5, 2021/11/28, 21:39:31.979, 159037707567, datacollector.dll, DataCollectionTestCaseEventHandler: Test case 'TestKupovine - 6dfd0895-736d-8f33-f2ef-045e9c3229ce' completed
TpTrace Information: 0 : 7592, 5, 2021/11/28, 21:39:31.981, 159037711557, datacollector.dll, DataCollectionTestCaseEventHandler: Test case starting.
TpTrace Information: 0 : 7592, 5, 2021/11/28, 21:39:31.982, 159037715374, datacollector.dll, Blame Collector : Test Case Start
TpTrace Information: 0 : 7592, 5, 2021/11/28, 21:39:31.982, 159037717084, datacollector.dll, DataCollectionTestCaseEventHandler: Test case 'TestKupovinaProizvod - 98def462-ed60-cfb1-259c-18ecec99ca57' started.
TpTrace Information: 0 : 7592, 5, 2021/11/28, 21:39:31.984, 159037725703, datacollector.dll, DataCollectionTestCaseEventHandler : Test case completing.
TpTrace Information: 0 : 7592, 5, 2021/11/28, 21:39:31.985, 159037729748, datacollector.dll, Blame Collector : Test Case End
TpTrace Information: 0 : 7592, 5, 2021/11/28, 21:39:31.986, 159037730970, datacollector.dll, DataCollectionTestCaseEventHandler: Test case 'TestKupovinaProizvod - 98def462-ed60-cfb1-259c-18ecec99ca57' completed
TpTrace Information: 0 : 7592, 5, 2021/11/28, 21:39:31.987, 159037737175, datacollector.dll, DataCollectionTestCaseEventHandler: Test case starting.
TpTrace Information: 0 : 7592, 5, 2021/11/28, 21:39:31.988, 159037740889, datacollector.dll, Blame Collector : Test Case Start
TpTrace Information: 0 : 7592, 5, 2021/11/28, 21:39:31.989, 159037741958, datacollector.dll, DataCollectionTestCaseEventHandler: Test case 'TestKupovinaKolicina - 3cdb9aca-f03a-f40a-d2e9-5d698a28686f' started.
TpTrace Information: 0 : 7592, 5, 2021/11/28, 21:39:31.991, 159037751786, datacollector.dll, DataCollectionTestCaseEventHandler : Test case completing.
TpTrace Information: 0 : 7592, 5, 2021/11/28, 21:39:31.992, 159037755553, datacollector.dll, Blame Collector : Test Case End
TpTrace Information: 0 : 7592, 5, 2021/11/28, 21:39:31.993, 159037756813, datacollector.dll, DataCollectionTestCaseEventHandler: Test case 'TestKupovinaKolicina - 3cdb9aca-f03a-f40a-d2e9-5d698a28686f' completed
TpTrace Information: 0 : 7592, 5, 2021/11/28, 21:39:31.994, 159037762592, datacollector.dll, DataCollectionTestCaseEventHandler: Test case starting.
TpTrace Information: 0 : 7592, 5, 2021/11/28, 21:39:31.995, 159037766955, datacollector.dll, Blame Collector : Test Case Start
TpTrace Information: 0 : 7592, 5, 2021/11/28, 21:39:31.996, 159037768503, datacollector.dll, DataCollectionTestCaseEventHandler: Test case 'TestKupovinaCijena - f1c3d513-3eca-f908-0e79-2c064f10ed7a' started.
TpTrace Information: 0 : 7592, 5, 2021/11/28, 21:39:31.998, 159037777714, datacollector.dll, DataCollectionTestCaseEventHandler : Test case completing.
TpTrace Information: 0 : 7592, 5, 2021/11/28, 21:39:31.999, 159037781374, datacollector.dll, Blame Collector : Test Case End
TpTrace Information: 0 : 7592, 5, 2021/11/28, 21:39:32.000, 159037782536, datacollector.dll, DataCollectionTestCaseEventHandler: Test case 'TestKupovinaCijena - f1c3d513-3eca-f908-0e79-2c064f10ed7a' completed
TpTrace Information: 0 : 7592, 5, 2021/11/28, 21:39:32.001, 159037788564, datacollector.dll, DataCollectionTestCaseEventHandler: Test case starting.
TpTrace Information: 0 : 7592, 5, 2021/11/28, 21:39:32.002, 159037791938, datacollector.dll, Blame Collector : Test Case Start
TpTrace Information: 0 : 7592, 5, 2021/11/28, 21:39:32.002, 159037792668, datacollector.dll, DataCollectionTestCaseEventHandler: Test case 'TestKupovinaPopust - b6e13258-d801-247e-a47d-580d4efc84cb' started.
TpTrace Information: 0 : 7592, 5, 2021/11/28, 21:39:32.008, 159037811950, datacollector.dll, DataCollectionTestCaseEventHandler : Test case completing.
TpTrace Information: 0 : 7592, 5, 2021/11/28, 21:39:32.009, 159037815951, datacollector.dll, Blame Collector : Test Case End
TpTrace Information: 0 : 7592, 5, 2021/11/28, 21:39:32.009, 159037817170, datacollector.dll, DataCollectionTestCaseEventHandler: Test case 'TestKupovinaPopust - b6e13258-d801-247e-a47d-580d4efc84cb' completed
TpTrace Information: 0 : 7592, 5, 2021/11/28, 21:39:32.011, 159037824155, datacollector.dll, DataCollectionTestCaseEventHandler: Test case starting.
TpTrace Information: 0 : 7592, 5, 2021/11/28, 21:39:32.012, 159037827109, datacollector.dll, Blame Collector : Test Case Start
TpTrace Information: 0 : 7592, 5, 2021/11/28, 21:39:32.012, 159037827693, datacollector.dll, DataCollectionTestCaseEventHandler: Test case 'TestKupovinaDatum - 4d2bcb1c-a718-ecca-bc83-6dc992172822' started.
TpTrace Information: 0 : 7592, 5, 2021/11/28, 21:39:32.016, 159037842133, datacollector.dll, DataCollectionTestCaseEventHandler : Test case completing.
TpTrace Information: 0 : 7592, 5, 2021/11/28, 21:39:32.017, 159037846819, datacollector.dll, Blame Collector : Test Case End
TpTrace Information: 0 : 7592, 5, 2021/11/28, 21:39:32.017, 159037848020, datacollector.dll, DataCollectionTestCaseEventHandler: Test case 'TestKupovinaDatum - 4d2bcb1c-a718-ecca-bc83-6dc992172822' completed
TpTrace Information: 0 : 7592, 5, 2021/11/28, 21:39:32.019, 159037855300, datacollector.dll, DataCollectionTestCaseEventHandler: Test case starting.
TpTrace Information: 0 : 7592, 5, 2021/11/28, 21:39:32.020, 159037859389, datacollector.dll, Blame Collector : Test Case Start
TpTrace Information: 0 : 7592, 5, 2021/11/28, 21:39:32.021, 159037860312, datacollector.dll, DataCollectionTestCaseEventHandler: Test case 'TestDatumOtvaranja - 0c887cf0-4d0b-cdad-f7a6-e921034cf994' started.
TpTrace Information: 0 : 7592, 5, 2021/11/28, 21:39:32.022, 159037866936, datacollector.dll, DataCollectionTestCaseEventHandler : Test case completing.
TpTrace Information: 0 : 7592, 5, 2021/11/28, 21:39:32.023, 159037869884, datacollector.dll, Blame Collector : Test Case End
TpTrace Information: 0 : 7592, 5, 2021/11/28, 21:39:32.023, 159037870625, datacollector.dll, DataCollectionTestCaseEventHandler: Test case 'TestDatumOtvaranja - 0c887cf0-4d0b-cdad-f7a6-e921034cf994' completed
TpTrace Information: 0 : 7592, 5, 2021/11/28, 21:39:32.025, 159037876244, datacollector.dll, DataCollectionTestCaseEventHandler: Test case starting.
TpTrace Information: 0 : 7592, 5, 2021/11/28, 21:39:32.026, 159037880193, datacollector.dll, Blame Collector : Test Case Start
TpTrace Information: 0 : 7592, 5, 2021/11/28, 21:39:32.026, 159037881064, datacollector.dll, DataCollectionTestCaseEventHandler: Test case 'TestAktivnosti - efd0f98d-28d5-ff82-45a3-32f66cd3872b' started.
TpTrace Information: 0 : 7592, 5, 2021/11/28, 21:39:32.028, 159037887801, datacollector.dll, DataCollectionTestCaseEventHandler : Test case completing.
TpTrace Information: 0 : 7592, 5, 2021/11/28, 21:39:32.029, 159037891705, datacollector.dll, Blame Collector : Test Case End
TpTrace Information: 0 : 7592, 5, 2021/11/28, 21:39:32.029, 159037892726, datacollector.dll, DataCollectionTestCaseEventHandler: Test case 'TestAktivnosti - efd0f98d-28d5-ff82-45a3-32f66cd3872b' completed
TpTrace Information: 0 : 7592, 5, 2021/11/28, 21:39:32.034, 159037910552, datacollector.dll, DataCollectionTestCaseEventHandler: Test case starting.
TpTrace Information: 0 : 7592, 5, 2021/11/28, 21:39:32.035, 159037914121, datacollector.dll, Blame Collector : Test Case Start
TpTrace Information: 0 : 7592, 5, 2021/11/28, 21:39:32.036, 159037915367, datacollector.dll, DataCollectionTestCaseEventHandler: Test case 'TestPromet - 7eefdd3c-0623-f10b-4ba7-cba1276bb6f9' started.
TpTrace Information: 0 : 7592, 5, 2021/11/28, 21:39:32.038, 159037925026, datacollector.dll, DataCollectionTestCaseEventHandler : Test case completing.
TpTrace Information: 0 : 7592, 5, 2021/11/28, 21:39:32.039, 159037929341, datacollector.dll, Blame Collector : Test Case End
TpTrace Information: 0 : 7592, 5, 2021/11/28, 21:39:32.040, 159037930253, datacollector.dll, DataCollectionTestCaseEventHandler: Test case 'TestPromet - 7eefdd3c-0623-f10b-4ba7-cba1276bb6f9' completed
TpTrace Information: 0 : 7592, 5, 2021/11/28, 21:39:32.041, 159037936613, datacollector.dll, DataCollectionTestCaseEventHandler: Test case starting.
TpTrace Information: 0 : 7592, 5, 2021/11/28, 21:39:32.042, 159037940577, datacollector.dll, Blame Collector : Test Case Start
TpTrace Information: 0 : 7592, 5, 2021/11/28, 21:39:32.043, 159037941297, datacollector.dll, DataCollectionTestCaseEventHandler: Test case 'TestSifraProizvoda - 3d8d6f10-ef27-5723-9699-02981ce6d75f' started.
TpTrace Information: 0 : 7592, 5, 2021/11/28, 21:39:32.045, 159037949550, datacollector.dll, DataCollectionTestCaseEventHandler : Test case completing.
TpTrace Information: 0 : 7592, 5, 2021/11/28, 21:39:32.046, 159037953386, datacollector.dll, Blame Collector : Test Case End
TpTrace Information: 0 : 7592, 5, 2021/11/28, 21:39:32.046, 159037954099, datacollector.dll, DataCollectionTestCaseEventHandler: Test case 'TestSifraProizvoda - 3d8d6f10-ef27-5723-9699-02981ce6d75f' completed
TpTrace Information: 0 : 7592, 5, 2021/11/28, 21:39:32.048, 159037960069, datacollector.dll, DataCollectionTestCaseEventHandler: Test case starting.
TpTrace Information: 0 : 7592, 5, 2021/11/28, 21:39:32.049, 159037964020, datacollector.dll, Blame Collector : Test Case Start
TpTrace Information: 0 : 7592, 5, 2021/11/28, 21:39:32.049, 159037964681, datacollector.dll, DataCollectionTestCaseEventHandler: Test case 'TestKolicina - 5fe6d331-5f1f-f3a4-bd76-8c61c5e887ab' started.
TpTrace Information: 0 : 7592, 5, 2021/11/28, 21:39:32.051, 159037973090, datacollector.dll, DataCollectionTestCaseEventHandler : Test case completing.
TpTrace Information: 0 : 7592, 5, 2021/11/28, 21:39:32.052, 159037976845, datacollector.dll, Blame Collector : Test Case End
TpTrace Information: 0 : 7592, 5, 2021/11/28, 21:39:32.052, 159037977688, datacollector.dll, DataCollectionTestCaseEventHandler: Test case 'TestKolicina - 5fe6d331-5f1f-f3a4-bd76-8c61c5e887ab' completed
TpTrace Information: 0 : 7592, 5, 2021/11/28, 21:39:32.054, 159037983956, datacollector.dll, DataCollectionTestCaseEventHandler: Test case starting.
TpTrace Information: 0 : 7592, 5, 2021/11/28, 21:39:32.055, 159037988448, datacollector.dll, Blame Collector : Test Case Start
TpTrace Information: 0 : 7592, 5, 2021/11/28, 21:39:32.056, 159037989338, datacollector.dll, DataCollectionTestCaseEventHandler: Test case 'TestOcekivanaKolicina - cc47cb41-bc87-e2de-1f7f-992edc356eb1' started.
TpTrace Information: 0 : 7592, 5, 2021/11/28, 21:39:32.057, 159037995042, datacollector.dll, DataCollectionTestCaseEventHandler : Test case completing.
TpTrace Information: 0 : 7592, 5, 2021/11/28, 21:39:32.058, 159037998150, datacollector.dll, Blame Collector : Test Case End
TpTrace Information: 0 : 7592, 5, 2021/11/28, 21:39:32.058, 159037999044, datacollector.dll, DataCollectionTestCaseEventHandler: Test case 'TestOcekivanaKolicina - cc47cb41-bc87-e2de-1f7f-992edc356eb1' completed
TpTrace Information: 0 : 7592, 5, 2021/11/28, 21:39:32.060, 159038004558, datacollector.dll, DataCollectionTestCaseEventHandler: Test case starting.
TpTrace Information: 0 : 7592, 5, 2021/11/28, 21:39:32.061, 159038008847, datacollector.dll, Blame Collector : Test Case Start
TpTrace Information: 0 : 7592, 5, 2021/11/28, 21:39:32.061, 159038010025, datacollector.dll, DataCollectionTestCaseEventHandler: Test case 'TestDatumPristizanja - 8e2f8119-efe7-1305-5e2e-a806a754b4a6' started.
TpTrace Information: 0 : 7592, 5, 2021/11/28, 21:39:32.063, 159038018229, datacollector.dll, DataCollectionTestCaseEventHandler : Test case completing.
TpTrace Information: 0 : 7592, 5, 2021/11/28, 21:39:32.064, 159038020969, datacollector.dll, Blame Collector : Test Case End
TpTrace Information: 0 : 7592, 5, 2021/11/28, 21:39:32.064, 159038021542, datacollector.dll, DataCollectionTestCaseEventHandler: Test case 'TestDatumPristizanja - 8e2f8119-efe7-1305-5e2e-a806a754b4a6' completed
TpTrace Information: 0 : 7592, 5, 2021/11/28, 21:39:32.066, 159038027062, datacollector.dll, DataCollectionTestCaseEventHandler: Test case starting.
TpTrace Information: 0 : 7592, 5, 2021/11/28, 21:39:32.067, 159038030902, datacollector.dll, Blame Collector : Test Case Start
TpTrace Information: 0 : 7592, 5, 2021/11/28, 21:39:32.067, 159038031944, datacollector.dll, DataCollectionTestCaseEventHandler: Test case 'TestDatumOcekivaneKolicine - 4fbe6478-bc85-14b9-e5ff-d51674a447f4' started.
TpTrace Information: 0 : 7592, 5, 2021/11/28, 21:39:32.069, 159038039606, datacollector.dll, DataCollectionTestCaseEventHandler : Test case completing.
TpTrace Information: 0 : 7592, 5, 2021/11/28, 21:39:32.070, 159038042522, datacollector.dll, Blame Collector : Test Case End
TpTrace Information: 0 : 7592, 5, 2021/11/28, 21:39:32.070, 159038043456, datacollector.dll, DataCollectionTestCaseEventHandler: Test case 'TestDatumOcekivaneKolicine - 4fbe6478-bc85-14b9-e5ff-d51674a447f4' completed
TpTrace Information: 0 : 7592, 5, 2021/11/28, 21:39:32.072, 159038050855, datacollector.dll, DataCollectionTestCaseEventHandler: Test case starting.
TpTrace Information: 0 : 7592, 5, 2021/11/28, 21:39:32.073, 159038054337, datacollector.dll, Blame Collector : Test Case Start
TpTrace Information: 0 : 7592, 5, 2021/11/28, 21:39:32.073, 159038055396, datacollector.dll, DataCollectionTestCaseEventHandler: Test case 'TestCertifikat387 - efa230a8-a422-54b5-17b8-10e33f461a84' started.
TpTrace Information: 0 : 7592, 5, 2021/11/28, 21:39:32.075, 159038063109, datacollector.dll, DataCollectionTestCaseEventHandler : Test case completing.
TpTrace Information: 0 : 7592, 5, 2021/11/28, 21:39:32.076, 159038066140, datacollector.dll, Blame Collector : Test Case End
TpTrace Information: 0 : 7592, 5, 2021/11/28, 21:39:32.076, 159038066894, datacollector.dll, DataCollectionTestCaseEventHandler: Test case 'TestCertifikat387 - efa230a8-a422-54b5-17b8-10e33f461a84' completed
TpTrace Information: 0 : 7592, 5, 2021/11/28, 21:39:32.078, 159038071061, datacollector.dll, DataCollectionTestCaseEventHandler: Test case starting.
TpTrace Information: 0 : 7592, 5, 2021/11/28, 21:39:32.078, 159038073413, datacollector.dll, Blame Collector : Test Case Start
TpTrace Information: 0 : 7592, 5, 2021/11/28, 21:39:32.078, 159038073873, datacollector.dll, DataCollectionTestCaseEventHandler: Test case 'TestNarucikolicinu - 8bb5c37f-3aae-79f0-c82e-2c23b4779d7a' started.
TpTrace Information: 0 : 7592, 5, 2021/11/28, 21:39:32.080, 159038080182, datacollector.dll, DataCollectionTestCaseEventHandler : Test case completing.
TpTrace Information: 0 : 7592, 5, 2021/11/28, 21:39:32.081, 159038082875, datacollector.dll, Blame Collector : Test Case End
TpTrace Information: 0 : 7592, 5, 2021/11/28, 21:39:32.081, 159038083570, datacollector.dll, DataCollectionTestCaseEventHandler: Test case 'TestNarucikolicinu - 8bb5c37f-3aae-79f0-c82e-2c23b4779d7a' completed
TpTrace Information: 0 : 7592, 5, 2021/11/28, 21:39:32.082, 159038087911, datacollector.dll, DataCollectionTestCaseEventHandler: Test case starting.
TpTrace Information: 0 : 7592, 5, 2021/11/28, 21:39:32.083, 159038090410, datacollector.dll, Blame Collector : Test Case Start
TpTrace Information: 0 : 7592, 5, 2021/11/28, 21:39:32.083, 159038090892, datacollector.dll, DataCollectionTestCaseEventHandler: Test case 'TestProdavaci - 0d67ec3d-d1b1-b65e-8f5f-a4b10da3b03e' started.
TpTrace Information: 0 : 7592, 5, 2021/11/28, 21:39:32.085, 159038096724, datacollector.dll, DataCollectionTestCaseEventHandler : Test case completing.
TpTrace Information: 0 : 7592, 5, 2021/11/28, 21:39:32.085, 159038099334, datacollector.dll, Blame Collector : Test Case End
TpTrace Information: 0 : 7592, 5, 2021/11/28, 21:39:32.085, 159038099887, datacollector.dll, DataCollectionTestCaseEventHandler: Test case 'TestProdavaci - 0d67ec3d-d1b1-b65e-8f5f-a4b10da3b03e' completed
TpTrace Information: 0 : 7592, 5, 2021/11/28, 21:39:32.090, 159038118592, datacollector.dll, DataCollectionTestCaseEventHandler: Test case starting.
TpTrace Information: 0 : 7592, 5, 2021/11/28, 21:39:32.091, 159038121477, datacollector.dll, Blame Collector : Test Case Start
TpTrace Information: 0 : 7592, 5, 2021/11/28, 21:39:32.091, 159038122370, datacollector.dll, DataCollectionTestCaseEventHandler: Test case 'TestStandovi - c4d4be37-c0a3-1ae6-46a4-1cdd50a7a7f9' started.
TpTrace Information: 0 : 7592, 5, 2021/11/28, 21:39:32.094, 159038130190, datacollector.dll, DataCollectionTestCaseEventHandler : Test case completing.
TpTrace Information: 0 : 7592, 5, 2021/11/28, 21:39:32.094, 159038132936, datacollector.dll, Blame Collector : Test Case End
TpTrace Information: 0 : 7592, 5, 2021/11/28, 21:39:32.095, 159038133780, datacollector.dll, DataCollectionTestCaseEventHandler: Test case 'TestStandovi - c4d4be37-c0a3-1ae6-46a4-1cdd50a7a7f9' completed
TpTrace Information: 0 : 7592, 5, 2021/11/28, 21:39:32.096, 159038138329, datacollector.dll, DataCollectionTestCaseEventHandler: Test case starting.
TpTrace Information: 0 : 7592, 5, 2021/11/28, 21:39:32.097, 159038141153, datacollector.dll, Blame Collector : Test Case Start
TpTrace Information: 0 : 7592, 5, 2021/11/28, 21:39:32.097, 159038141957, datacollector.dll, DataCollectionTestCaseEventHandler: Test case 'TestUkupniPromet - aca3de87-1292-d073-2a4c-5c931ff3d2c4' started.
TpTrace Information: 0 : 7592, 5, 2021/11/28, 21:39:32.098, 159038148274, datacollector.dll, DataCollectionTestCaseEventHandler : Test case completing.
TpTrace Information: 0 : 7592, 5, 2021/11/28, 21:39:32.099, 159038151030, datacollector.dll, Blame Collector : Test Case End
TpTrace Information: 0 : 7592, 5, 2021/11/28, 21:39:32.099, 159038151846, datacollector.dll, DataCollectionTestCaseEventHandler: Test case 'TestUkupniPromet - aca3de87-1292-d073-2a4c-5c931ff3d2c4' completed
TpTrace Information: 0 : 7592, 5, 2021/11/28, 21:39:32.101, 159038156929, datacollector.dll, DataCollectionTestCaseEventHandler: Test case starting.
TpTrace Information: 0 : 7592, 5, 2021/11/28, 21:39:32.102, 159038159742, datacollector.dll, Blame Collector : Test Case Start
TpTrace Information: 0 : 7592, 5, 2021/11/28, 21:39:32.102, 159038160454, datacollector.dll, DataCollectionTestCaseEventHandler: Test case 'TestIzmjenaProdavaca - 27d7cd63-6279-9f17-d9ad-5c9477880758' started.
TpTrace Information: 0 : 7592, 5, 2021/11/28, 21:39:32.104, 159038167463, datacollector.dll, DataCollectionTestCaseEventHandler : Test case completing.
TpTrace Information: 0 : 7592, 5, 2021/11/28, 21:39:32.104, 159038170076, datacollector.dll, Blame Collector : Test Case End
TpTrace Information: 0 : 7592, 5, 2021/11/28, 21:39:32.105, 159038170899, datacollector.dll, DataCollectionTestCaseEventHandler: Test case 'TestIzmjenaProdavaca - 27d7cd63-6279-9f17-d9ad-5c9477880758' completed
TpTrace Information: 0 : 7592, 5, 2021/11/28, 21:39:32.106, 159038176044, datacollector.dll, DataCollectionTestCaseEventHandler: Test case starting.
TpTrace Information: 0 : 7592, 5, 2021/11/28, 21:39:32.107, 159038178760, datacollector.dll, Blame Collector : Test Case Start
TpTrace Information: 0 : 7592, 5, 2021/11/28, 21:39:32.107, 159038179517, datacollector.dll, DataCollectionTestCaseEventHandler: Test case 'TestIzvrsavanjeKupovina - 40a979ac-ccf5-ad49-2657-3a9abbc4f1e9' started.
TpTrace Information: 0 : 7592, 5, 2021/11/28, 21:39:32.109, 159038188813, datacollector.dll, DataCollectionTestCaseEventHandler : Test case completing.
TpTrace Information: 0 : 7592, 5, 2021/11/28, 21:39:32.110, 159038191701, datacollector.dll, Blame Collector : Test Case End
TpTrace Information: 0 : 7592, 5, 2021/11/28, 21:39:32.110, 159038192633, datacollector.dll, DataCollectionTestCaseEventHandler: Test case 'TestIzvrsavanjeKupovina - 40a979ac-ccf5-ad49-2657-3a9abbc4f1e9' completed
TpTrace Information: 0 : 7592, 5, 2021/11/28, 21:39:32.112, 159038197540, datacollector.dll, DataCollectionTestCaseEventHandler: Test case starting.
TpTrace Information: 0 : 7592, 5, 2021/11/28, 21:39:32.112, 159038200176, datacollector.dll, Blame Collector : Test Case Start
TpTrace Information: 0 : 7592, 5, 2021/11/28, 21:39:32.113, 159038200953, datacollector.dll, DataCollectionTestCaseEventHandler: Test case 'TestDodavanjaTipskogVoca - fc7bffa3-589b-538b-04a3-ee65c7d73824' started.
TpTrace Information: 0 : 7592, 5, 2021/11/28, 21:39:32.115, 159038210412, datacollector.dll, DataCollectionTestCaseEventHandler : Test case completing.
TpTrace Information: 0 : 7592, 5, 2021/11/28, 21:39:32.116, 159038213226, datacollector.dll, Blame Collector : Test Case End
TpTrace Information: 0 : 7592, 5, 2021/11/28, 21:39:32.116, 159038214018, datacollector.dll, DataCollectionTestCaseEventHandler: Test case 'TestDodavanjaTipskogVoca - fc7bffa3-589b-538b-04a3-ee65c7d73824' completed
TpTrace Information: 0 : 7592, 5, 2021/11/28, 21:39:32.118, 159038219062, datacollector.dll, DataCollectionTestCaseEventHandler: Test case starting.
TpTrace Information: 0 : 7592, 5, 2021/11/28, 21:39:32.118, 159038221756, datacollector.dll, Blame Collector : Test Case Start
TpTrace Information: 0 : 7592, 5, 2021/11/28, 21:39:32.118, 159038222592, datacollector.dll, DataCollectionTestCaseEventHandler: Test case 'TestSamoJedanNarucivanje - 3ecc656b-1972-1cd6-ffb7-9d45128808fc' started.
TpTrace Information: 0 : 7592, 5, 2021/11/28, 21:39:32.121, 159038232392, datacollector.dll, DataCollectionTestCaseEventHandler : Test case completing.
TpTrace Information: 0 : 7592, 5, 2021/11/28, 21:39:32.122, 159038235367, datacollector.dll, Blame Collector : Test Case End
TpTrace Information: 0 : 7592, 5, 2021/11/28, 21:39:32.124, 159038241226, datacollector.dll, DataCollectionTestCaseEventHandler: Test case 'TestSamoJedanNarucivanje - 3ecc656b-1972-1cd6-ffb7-9d45128808fc' completed
TpTrace Information: 0 : 7592, 5, 2021/11/28, 21:39:32.125, 159038246744, datacollector.dll, DataCollectionTestCaseEventHandler: Test case starting.
TpTrace Information: 0 : 7592, 5, 2021/11/28, 21:39:32.126, 159038249577, datacollector.dll, Blame Collector : Test Case Start
TpTrace Information: 0 : 7592, 5, 2021/11/28, 21:39:32.126, 159038250494, datacollector.dll, DataCollectionTestCaseEventHandler: Test case 'TestSviNarucivanje - f586a784-c0db-70b2-8a89-2ce4a9e2633d' started.
TpTrace Information: 0 : 7592, 5, 2021/11/28, 21:39:32.129, 159038261637, datacollector.dll, DataCollectionTestCaseEventHandler : Test case completing.
TpTrace Information: 0 : 7592, 5, 2021/11/28, 21:39:32.130, 159038264427, datacollector.dll, Blame Collector : Test Case End
TpTrace Information: 0 : 7592, 5, 2021/11/28, 21:39:32.130, 159038265774, datacollector.dll, DataCollectionTestCaseEventHandler: Test case 'TestSviNarucivanje - f586a784-c0db-70b2-8a89-2ce4a9e2633d' completed
TpTrace Information: 0 : 7592, 5, 2021/11/28, 21:39:32.153, 159038349982, datacollector.dll, DataCollectionTestCaseEventHandler: Test session ended
TpTrace Information: 0 : 7592, 1, 2021/11/28, 21:39:32.232, 159038642063, datacollector.dll, DataCollectionRequestHandler.ProcessRequests : Datacollector received message: (DataCollection.AfterTestRunEnd) -> false
TpTrace Information: 0 : 7592, 1, 2021/11/28, 21:39:32.233, 159038646297, datacollector.dll, Blame Collector : Session End
TpTrace Information: 0 : 7592, 1, 2021/11/28, 21:39:32.233, 159038646961, datacollector.dll, BlameCollector.CollectDumpAndAbortTesthost: Custom path to dump directory was provided via VSTEST_DUMP_PATH. Skipping attachment upload, the caller is responsible for collecting and uploading the dumps themselves.
TpTrace Information: 0 : 7592, 1, 2021/11/28, 21:39:32.233, 159038647599, datacollector.dll, DataCollectionManager.CleanupPlugins: CleanupPlugins called
TpTrace Verbose: 0 : 7592, 1, 2021/11/28, 21:39:32.233, 159038647776, datacollector.dll, DataCollectionManager.CleanupPlugins: Cleaning up 1 plugins
TpTrace Verbose: 0 : 7592, 1, 2021/11/28, 21:39:32.233, 159038648317, datacollector.dll, dataCollectorInfo.DisposeDataCollector: calling Dispose() on Microsoft.TestPlatform.Extensions.BlameDataCollector.BlameCollector
TpTrace Information: 0 : 7592, 1, 2021/11/28, 21:39:32.234, 159038648679, datacollector.dll, DataCollectionManager.CleanupPlugins: CleanupPlugins finished
TpTrace Information: 0 : 7592, 1, 2021/11/28, 21:39:32.239, 159038668987, datacollector.dll, DataCollectionRequestHandler.ProcessRequests : Session End message received from server. Closing the connection.
TpTrace Information: 0 : 7592, 1, 2021/11/28, 21:39:32.239, 159038670585, datacollector.dll, Closing the connection !
TpTrace Information: 0 : 7592, 1, 2021/11/28, 21:39:32.239, 159038670834, datacollector.dll, DataCollectionRequestHandler.ProcessRequests : DataCollection completed
TpTrace Information: 0 : 7592, 1, 2021/11/28, 21:39:32.240, 159038671066, datacollector.dll, Program.Main: exiting datacollector process.
