TpTrace Verbose: 0 : 6932, 1, 2021/11/19, 00:39:55.248, 197254217867, datacollector.dll, Version: 16.9.1
TpTrace Information: 0 : 6932, 1, 2021/11/19, 00:39:55.260, 197254239565, datacollector.dll, DataCollectorMain.Run: Starting data collector run with args: --port,61808,--parentprocessid,14392,--diag,C:\Users\User\Documents\GitHub\Grupa-3-Verifikovani-i-Validirani-Softverasi\Pijaca\Zadatak3\bin\Debug\net5.0\fine-code-coverage\coverage-tool-output\diagnostics.datacollector.21-11-19_00-39-54_89838_4.log,--tracelevel,4
TpTrace Information: 0 : 6932, 1, 2021/11/19, 00:39:55.261, 197254241547, datacollector.dll, DataCollector: Monitoring parent process with id: '14392'
TpTrace Information: 0 : 6932, 1, 2021/11/19, 00:39:55.276, 197254299487, datacollector.dll, Trying to connect to server on socket : 127.0.0.1:61808 
TpTrace Verbose: 0 : 6932, 1, 2021/11/19, 00:39:55.300, 197254388822, datacollector.dll, SocketCommunicationManager : SetupClientAsync : Attempting to connect to the server.
TpTrace Information: 0 : 6932, 1, 2021/11/19, 00:39:55.329, 197254494071, datacollector.dll, Connected to the server successfully 
TpTrace Information: 0 : 6932, 1, 2021/11/19, 00:39:55.329, 197254494876, datacollector.dll, Using the buffer size of 16384 bytes
TpTrace Information: 0 : 6932, 1, 2021/11/19, 00:39:55.434, 197254904182, datacollector.dll, DataCollector: Start Request Processing.
TpTrace Information: 0 : 6932, 1, 2021/11/19, 00:39:55.444, 197254930879, datacollector.dll, DataCollectionRequestHandler.ProcessRequests : Datacollector received message: (DataCollection.BeforeTestRunStart) -> {
  "SettingsXml": "<RunSettings><RunConfiguration><ResultsDirectory>C:\\Users\\User\\Documents\\GitHub\\Grupa-3-Verifikovani-i-Validirani-Softverasi\\Pijaca\\Zadatak3\\bin\\Debug\\net5.0\\fine-code-coverage\\coverage-tool-output</ResultsDirectory><TargetPlatform>X64</TargetPlatform><TargetFrameworkVersion>.NETCoreApp,Version=v5.0</TargetFrameworkVersion><DesignMode>False</DesignMode><CollectSourceInformation>False</CollectSourceInformation><TestAdaptersPaths>C:\\Program Files\\dotnet\\sdk\\5.0.201\\Extensions</TestAdaptersPaths></RunConfiguration><LoggerRunSettings><Loggers><Logger friendlyName=\"blame\" enabled=\"True\" /><Logger friendlyName=\"Console\" uri=\"logger://microsoft/TestPlatform/ConsoleLogger/v1\" assemblyQualifiedName=\"Microsoft.VisualStudio.TestPlatform.CommandLine.Internal.ConsoleLogger, vstest.console, Version=15.0.0.0, Culture=neutral, PublicKeyToken=b03f5f7f11d50a3a\" codeBase=\"C:\\Program Files\\dotnet\\sdk\\5.0.201\\vstest.console.dll\" enabled=\"True\" /></Loggers></LoggerRunSettings><DataCollectionRunSettings><DataCollectors><DataCollector friendlyName=\"blame\" enabled=\"True\"><Configuration><ResultsDirectory>C:\\Users\\User\\Documents\\GitHub\\Grupa-3-Verifikovani-i-Validirani-Softverasi\\Pijaca\\Zadatak3\\bin\\Debug\\net5.0\\fine-code-coverage\\coverage-tool-output</ResultsDirectory></Configuration></DataCollector></DataCollectors></DataCollectionRunSettings></RunSettings>",
  "Sources": [
    "C:\\Users\\User\\Documents\\GitHub\\Grupa-3-Verifikovani-i-Validirani-Softverasi\\Pijaca\\Zadatak3\\bin\\Debug\\net5.0\\fine-code-coverage\\build-output\\Zadatak3.dll"
  ],
  "IsTelemetryOptedIn": false
}
TpTrace Verbose: 0 : 6932, 1, 2021/11/19, 00:39:55.502, 197255135605, datacollector.dll, TestPluginCache: Update extensions started. Skip filter = False
TpTrace Verbose: 0 : 6932, 1, 2021/11/19, 00:39:55.503, 197255141042, datacollector.dll, TestPluginCache: Using directories for assembly resolution 'C:\Program Files\dotnet\sdk\5.0.201\Extensions'.
TpTrace Verbose: 0 : 6932, 1, 2021/11/19, 00:39:55.504, 197255141670, datacollector.dll, TestPluginCache: Updated the available extensions to 'C:\Program Files\dotnet\sdk\5.0.201\Extensions\Microsoft.TestPlatform.Extensions.BlameDataCollector.dll,C:\Program Files\dotnet\sdk\5.0.201\Extensions\Microsoft.TestPlatform.Extensions.EventLogCollector.dll'.
TpTrace Verbose: 0 : 6932, 1, 2021/11/19, 00:39:55.506, 197255174216, datacollector.dll, TestPluginCache.DiscoverTestExtensions: finding test extensions in assemblies ends with: Collector.dll TPluginInfo: Microsoft.VisualStudio.TestPlatform.Common.DataCollector.DataCollectorConfig TExtension: Microsoft.VisualStudio.TestPlatform.ObjectModel.DataCollection.DataCollector
TpTrace Verbose: 0 : 6932, 1, 2021/11/19, 00:39:55.506, 197255175327, datacollector.dll, TestPluginCache.GetExtensionPaths: Filtered extension paths: C:\Program Files\dotnet\sdk\5.0.201\Extensions\Microsoft.TestPlatform.Extensions.BlameDataCollector.dll
C:\Program Files\dotnet\sdk\5.0.201\Extensions\Microsoft.TestPlatform.Extensions.EventLogCollector.dll
TpTrace Verbose: 0 : 6932, 1, 2021/11/19, 00:39:55.506, 197255175501, datacollector.dll, TestPluginCache.GetExtensionPaths: Added default extension paths: 
TpTrace Verbose: 0 : 6932, 1, 2021/11/19, 00:39:55.506, 197255175634, datacollector.dll, TestPluginCache.GetExtensionPaths: Added unfilterableExtensionPaths: 
TpTrace Information: 0 : 6932, 1, 2021/11/19, 00:39:55.506, 197255177928, datacollector.dll, AssemblyResolver.ctor: Creating AssemblyResolver with searchDirectories C:\Program Files\dotnet\sdk\5.0.201\Extensions,C:\Program Files\dotnet\sdk\5.0.201
TpTrace Verbose: 0 : 6932, 1, 2021/11/19, 00:39:55.506, 197255183684, datacollector.dll, TestPluginCache.DiscoverTestExtensions: Discovering the extensions using extension path.
TpTrace Verbose: 0 : 6932, 1, 2021/11/19, 00:39:55.506, 197255184514, datacollector.dll, TestPluginCache.GetExtensionPaths: Filtered extension paths: C:\Program Files\dotnet\sdk\5.0.201\Extensions\Microsoft.TestPlatform.Extensions.BlameDataCollector.dll
C:\Program Files\dotnet\sdk\5.0.201\Extensions\Microsoft.TestPlatform.Extensions.EventLogCollector.dll
TpTrace Verbose: 0 : 6932, 1, 2021/11/19, 00:39:55.506, 197255184664, datacollector.dll, TestPluginCache.GetExtensionPaths: Added default extension paths: 
TpTrace Verbose: 0 : 6932, 1, 2021/11/19, 00:39:55.506, 197255184787, datacollector.dll, TestPluginCache.GetExtensionPaths: Added unfilterableExtensionPaths: 
TpTrace Verbose: 0 : 6932, 1, 2021/11/19, 00:39:55.506, 197255185002, datacollector.dll, TestPluginCache.DiscoverTestExtensions: Discovering the extensions using allExtensionPaths: C:\Program Files\dotnet\sdk\5.0.201\Extensions\Microsoft.TestPlatform.Extensions.BlameDataCollector.dll
C:\Program Files\dotnet\sdk\5.0.201\Extensions\Microsoft.TestPlatform.Extensions.EventLogCollector.dll
TpTrace Information: 0 : 6932, 1, 2021/11/19, 00:39:55.506, 197255185394, datacollector.dll, AssemblyResolver.AddSearchDirectories: Adding more searchDirectories C:\Program Files\dotnet\sdk\5.0.201\Extensions,C:\Program Files\dotnet\sdk\5.0.201
TpTrace Information: 0 : 6932, 1, 2021/11/19, 00:39:55.516, 197255185872, datacollector.dll, AssemblyResolver.AddSearchDirectories: Adding more searchDirectories C:\Program Files\dotnet\sdk\5.0.201\Extensions,C:\Program Files\dotnet\sdk\5.0.201
TpTrace Information: 0 : 6932, 1, 2021/11/19, 00:39:55.516, 197255188132, datacollector.dll, AssemblyResolver.OnResolve: Microsoft.TestPlatform.Extensions.BlameDataCollector: Resolving assembly.
TpTrace Information: 0 : 6932, 1, 2021/11/19, 00:39:55.516, 197255193733, datacollector.dll, AssemblyResolver.OnResolve: Resolved assembly: Microsoft.TestPlatform.Extensions.BlameDataCollector, from path: C:\Program Files\dotnet\sdk\5.0.201\Extensions\Microsoft.TestPlatform.Extensions.BlameDataCollector.dll
TpTrace Error: 0 : 6932, 1, 2021/11/19, 00:39:55.516, 197255202477, datacollector.dll, The type "Microsoft.TestPlatform.Extensions.BlameDataCollector.BlameCollector" defined in "Microsoft.TestPlatform.Extensions.BlameDataCollector.dll" does not have ExtensionUri attribute.
TpTrace Information: 0 : 6932, 1, 2021/11/19, 00:39:55.516, 197255211821, datacollector.dll, AssemblyResolver.OnResolve: Microsoft.TestPlatform.Extensions.EventLogCollector: Resolving assembly.
TpTrace Information: 0 : 6932, 1, 2021/11/19, 00:39:55.516, 197255215463, datacollector.dll, AssemblyResolver.OnResolve: Resolved assembly: Microsoft.TestPlatform.Extensions.EventLogCollector, from path: C:\Program Files\dotnet\sdk\5.0.201\Extensions\Microsoft.TestPlatform.Extensions.EventLogCollector.dll
TpTrace Error: 0 : 6932, 1, 2021/11/19, 00:39:55.526, 197255227048, datacollector.dll, The type "Microsoft.TestPlatform.Extensions.EventLogCollector.EventLogDataCollector" defined in "Microsoft.TestPlatform.Extensions.EventLogCollector.dll" does not have ExtensionUri attribute.
TpTrace Verbose: 0 : 6932, 1, 2021/11/19, 00:39:55.526, 197255229356, datacollector.dll, TestPluginCache: Discovered the extensions using extension path 'C:\Program Files\dotnet\sdk\5.0.201\Extensions\Microsoft.TestPlatform.Extensions.BlameDataCollector.dll,C:\Program Files\dotnet\sdk\5.0.201\Extensions\Microsoft.TestPlatform.Extensions.EventLogCollector.dll'.
TpTrace Verbose: 0 : 6932, 1, 2021/11/19, 00:39:55.526, 197255229670, datacollector.dll, TestPluginCache: Discoverers are ''.
TpTrace Verbose: 0 : 6932, 1, 2021/11/19, 00:39:55.526, 197255229816, datacollector.dll, TestPluginCache: Executors are ''.
TpTrace Verbose: 0 : 6932, 1, 2021/11/19, 00:39:55.526, 197255229962, datacollector.dll, TestPluginCache: Executors2 are ''.
TpTrace Verbose: 0 : 6932, 1, 2021/11/19, 00:39:55.526, 197255230097, datacollector.dll, TestPluginCache: Setting providers are ''.
TpTrace Verbose: 0 : 6932, 1, 2021/11/19, 00:39:55.526, 197255230234, datacollector.dll, TestPluginCache: Loggers are ''.
TpTrace Information: 0 : 6932, 1, 2021/11/19, 00:39:55.526, 197255236633, datacollector.dll, TestPluginManager.CreateTestExtension: Attempting to load test extension: Microsoft.TestPlatform.Extensions.BlameDataCollector.BlameCollector
TpTrace Error: 0 : 6932, 1, 2021/11/19, 00:39:55.526, 197255239486, datacollector.dll, The type "Microsoft.TestPlatform.Extensions.BlameDataCollector.BlameCollector" defined in "Microsoft.TestPlatform.Extensions.BlameDataCollector.dll" does not have ExtensionUri attribute.
TpTrace Information: 0 : 6932, 1, 2021/11/19, 00:39:55.536, 197255273670, datacollector.dll, Listening on Endpoint : 127.0.0.1:61810
TpTrace Information: 0 : 6932, 1, 2021/11/19, 00:39:55.556, 197255353509, datacollector.dll, DataCollectionRequestHandler.ProcessRequests : DataCollection started.
TpTrace Information: 0 : 6932, 1, 2021/11/19, 00:39:55.576, 197255443998, datacollector.dll, DataCollectionRequestHandler.ProcessRequests : Datacollector received message: (DataCollection.TestHostLaunched) -> {
  "ProcessId": 11908
}
TpTrace Information: 0 : 6932, 6, 2021/11/19, 00:39:55.907, 197256636283, datacollector.dll, Using the buffer size of 16384 bytes
TpTrace Information: 0 : 6932, 6, 2021/11/19, 00:39:55.907, 197256637005, datacollector.dll, Accepted Client request and set the flag
TpTrace Information: 0 : 6932, 5, 2021/11/19, 00:39:56.751, 197259763286, datacollector.dll, DataCollectionTestCaseEventHandler: Test case starting.
TpTrace Information: 0 : 6932, 5, 2021/11/19, 00:39:56.811, 197259983965, datacollector.dll, Blame Collector : Test Case Start
TpTrace Information: 0 : 6932, 5, 2021/11/19, 00:39:56.816, 197260004316, datacollector.dll, DataCollectionTestCaseEventHandler: Test case 'TestProdavacIme - 5ccc8b82-4246-411d-c0aa-efec081f04c6' started.
TpTrace Information: 0 : 6932, 5, 2021/11/19, 00:39:56.900, 197260314613, datacollector.dll, DataCollectionTestCaseEventHandler : Test case completing.
TpTrace Information: 0 : 6932, 5, 2021/11/19, 00:39:56.906, 197260337835, datacollector.dll, Blame Collector : Test Case End
TpTrace Information: 0 : 6932, 5, 2021/11/19, 00:39:56.912, 197260366778, datacollector.dll, DataCollectionTestCaseEventHandler: Test case 'TestProdavacIme - 5ccc8b82-4246-411d-c0aa-efec081f04c6' completed
TpTrace Information: 0 : 6932, 5, 2021/11/19, 00:39:56.932, 197260434713, datacollector.dll, DataCollectionTestCaseEventHandler: Test case starting.
TpTrace Information: 0 : 6932, 5, 2021/11/19, 00:39:56.932, 197260438661, datacollector.dll, Blame Collector : Test Case Start
TpTrace Information: 0 : 6932, 5, 2021/11/19, 00:39:56.932, 197260439847, datacollector.dll, DataCollectionTestCaseEventHandler: Test case 'TestOtvaranjeStanda - d745ec71-ea17-db7e-bd0f-3f0fe5175e6c' started.
TpTrace Information: 0 : 6932, 5, 2021/11/19, 00:39:56.932, 197260453706, datacollector.dll, DataCollectionTestCaseEventHandler : Test case completing.
TpTrace Information: 0 : 6932, 5, 2021/11/19, 00:39:56.932, 197260457656, datacollector.dll, Blame Collector : Test Case End
TpTrace Information: 0 : 6932, 5, 2021/11/19, 00:39:56.932, 197260459201, datacollector.dll, DataCollectionTestCaseEventHandler: Test case 'TestOtvaranjeStanda - d745ec71-ea17-db7e-bd0f-3f0fe5175e6c' completed
TpTrace Information: 0 : 6932, 5, 2021/11/19, 00:39:56.932, 197260465298, datacollector.dll, DataCollectionTestCaseEventHandler: Test case starting.
TpTrace Information: 0 : 6932, 5, 2021/11/19, 00:39:56.942, 197260469800, datacollector.dll, Blame Collector : Test Case Start
TpTrace Information: 0 : 6932, 5, 2021/11/19, 00:39:56.942, 197260471350, datacollector.dll, DataCollectionTestCaseEventHandler: Test case 'TestKonstruktoraProdavaca - 3ab4ef39-dc6f-9e81-5a97-bfdd06cb9c02' started.
TpTrace Information: 0 : 6932, 5, 2021/11/19, 00:39:56.942, 197260481955, datacollector.dll, DataCollectionTestCaseEventHandler : Test case completing.
TpTrace Information: 0 : 6932, 5, 2021/11/19, 00:39:56.942, 197260485650, datacollector.dll, Blame Collector : Test Case End
TpTrace Information: 0 : 6932, 5, 2021/11/19, 00:39:56.942, 197260486761, datacollector.dll, DataCollectionTestCaseEventHandler: Test case 'TestKonstruktoraProdavaca - 3ab4ef39-dc6f-9e81-5a97-bfdd06cb9c02' completed
TpTrace Information: 0 : 6932, 5, 2021/11/19, 00:39:56.942, 197260493761, datacollector.dll, DataCollectionTestCaseEventHandler: Test case starting.
TpTrace Information: 0 : 6932, 5, 2021/11/19, 00:39:56.942, 197260497360, datacollector.dll, Blame Collector : Test Case Start
TpTrace Information: 0 : 6932, 5, 2021/11/19, 00:39:56.942, 197260503175, datacollector.dll, DataCollectionTestCaseEventHandler: Test case 'TestRegistrujPromet - c469f497-0e6f-ff4d-3e48-39171aededd2' started.
TpTrace Information: 0 : 6932, 5, 2021/11/19, 00:39:56.952, 197260521090, datacollector.dll, DataCollectionTestCaseEventHandler : Test case completing.
TpTrace Information: 0 : 6932, 5, 2021/11/19, 00:39:56.952, 197260525138, datacollector.dll, Blame Collector : Test Case End
TpTrace Information: 0 : 6932, 5, 2021/11/19, 00:39:56.952, 197260526309, datacollector.dll, DataCollectionTestCaseEventHandler: Test case 'TestRegistrujPromet - c469f497-0e6f-ff4d-3e48-39171aededd2' completed
TpTrace Information: 0 : 6932, 5, 2021/11/19, 00:39:56.952, 197260532774, datacollector.dll, DataCollectionTestCaseEventHandler: Test case starting.
TpTrace Information: 0 : 6932, 5, 2021/11/19, 00:39:56.952, 197260536325, datacollector.dll, Blame Collector : Test Case Start
TpTrace Information: 0 : 6932, 5, 2021/11/19, 00:39:56.952, 197260537553, datacollector.dll, DataCollectionTestCaseEventHandler: Test case 'TestProizvodIme - 47c4d756-a527-d663-9f1e-5969f7356ac1' started.
TpTrace Information: 0 : 6932, 5, 2021/11/19, 00:39:56.962, 197260549591, datacollector.dll, DataCollectionTestCaseEventHandler : Test case completing.
TpTrace Information: 0 : 6932, 5, 2021/11/19, 00:39:56.962, 197260553258, datacollector.dll, Blame Collector : Test Case End
TpTrace Information: 0 : 6932, 5, 2021/11/19, 00:39:56.962, 197260554415, datacollector.dll, DataCollectionTestCaseEventHandler: Test case 'TestProizvodIme - 47c4d756-a527-d663-9f1e-5969f7356ac1' completed
TpTrace Information: 0 : 6932, 5, 2021/11/19, 00:39:56.962, 197260561136, datacollector.dll, DataCollectionTestCaseEventHandler: Test case starting.
TpTrace Information: 0 : 6932, 5, 2021/11/19, 00:39:56.962, 197260564545, datacollector.dll, Blame Collector : Test Case Start
TpTrace Information: 0 : 6932, 5, 2021/11/19, 00:39:56.962, 197260565662, datacollector.dll, DataCollectionTestCaseEventHandler: Test case 'TestKolicinaNaStanju - 879a4200-6572-e2b5-6741-c13751e73ba6' started.
TpTrace Information: 0 : 6932, 5, 2021/11/19, 00:39:56.962, 197260576097, datacollector.dll, DataCollectionTestCaseEventHandler : Test case completing.
TpTrace Information: 0 : 6932, 5, 2021/11/19, 00:39:56.972, 197260579682, datacollector.dll, Blame Collector : Test Case End
TpTrace Information: 0 : 6932, 5, 2021/11/19, 00:39:56.972, 197260581223, datacollector.dll, DataCollectionTestCaseEventHandler: Test case 'TestKolicinaNaStanju - 879a4200-6572-e2b5-6741-c13751e73ba6' completed
TpTrace Information: 0 : 6932, 5, 2021/11/19, 00:39:56.972, 197260587005, datacollector.dll, DataCollectionTestCaseEventHandler: Test case starting.
TpTrace Information: 0 : 6932, 5, 2021/11/19, 00:39:56.972, 197260590210, datacollector.dll, Blame Collector : Test Case Start
TpTrace Information: 0 : 6932, 5, 2021/11/19, 00:39:56.972, 197260591177, datacollector.dll, DataCollectionTestCaseEventHandler: Test case 'TestOcekivanaKolicina - fb284c69-29f0-c270-e348-4042775b3e47' started.
TpTrace Information: 0 : 6932, 5, 2021/11/19, 00:39:56.972, 197260602100, datacollector.dll, DataCollectionTestCaseEventHandler : Test case completing.
TpTrace Information: 0 : 6932, 5, 2021/11/19, 00:39:56.972, 197260605462, datacollector.dll, Blame Collector : Test Case End
TpTrace Information: 0 : 6932, 5, 2021/11/19, 00:39:56.972, 197260606537, datacollector.dll, DataCollectionTestCaseEventHandler: Test case 'TestOcekivanaKolicina - fb284c69-29f0-c270-e348-4042775b3e47' completed
TpTrace Information: 0 : 6932, 5, 2021/11/19, 00:39:56.972, 197260612221, datacollector.dll, DataCollectionTestCaseEventHandler: Test case starting.
TpTrace Information: 0 : 6932, 5, 2021/11/19, 00:39:56.972, 197260615661, datacollector.dll, Blame Collector : Test Case Start
TpTrace Information: 0 : 6932, 5, 2021/11/19, 00:39:56.982, 197260620892, datacollector.dll, DataCollectionTestCaseEventHandler: Test case 'TestDatumPristizanja - 35042000-a727-6a77-d866-2691510089e2' started.
TpTrace Information: 0 : 6932, 5, 2021/11/19, 00:39:56.982, 197260628403, datacollector.dll, DataCollectionTestCaseEventHandler : Test case completing.
TpTrace Information: 0 : 6932, 5, 2021/11/19, 00:39:56.982, 197260632017, datacollector.dll, Blame Collector : Test Case End
TpTrace Information: 0 : 6932, 5, 2021/11/19, 00:39:56.982, 197260633539, datacollector.dll, DataCollectionTestCaseEventHandler: Test case 'TestDatumPristizanja - 35042000-a727-6a77-d866-2691510089e2' completed
TpTrace Information: 0 : 6932, 5, 2021/11/19, 00:39:56.982, 197260640107, datacollector.dll, DataCollectionTestCaseEventHandler: Test case starting.
TpTrace Information: 0 : 6932, 5, 2021/11/19, 00:39:56.982, 197260643489, datacollector.dll, Blame Collector : Test Case Start
TpTrace Information: 0 : 6932, 5, 2021/11/19, 00:39:56.982, 197260644601, datacollector.dll, DataCollectionTestCaseEventHandler: Test case 'TestDatumOcekivaneKolicine - 8f4a0743-3ef6-3326-123e-2239a99bca59' started.
TpTrace Information: 0 : 6932, 5, 2021/11/19, 00:39:56.992, 197260656066, datacollector.dll, DataCollectionTestCaseEventHandler : Test case completing.
TpTrace Information: 0 : 6932, 5, 2021/11/19, 00:39:56.992, 197260661266, datacollector.dll, Blame Collector : Test Case End
TpTrace Information: 0 : 6932, 5, 2021/11/19, 00:39:56.992, 197260662698, datacollector.dll, DataCollectionTestCaseEventHandler: Test case 'TestDatumOcekivaneKolicine - 8f4a0743-3ef6-3326-123e-2239a99bca59' completed
TpTrace Information: 0 : 6932, 5, 2021/11/19, 00:39:57.062, 197260942303, datacollector.dll, DataCollectionTestCaseEventHandler: Test case starting.
TpTrace Information: 0 : 6932, 5, 2021/11/19, 00:39:57.072, 197260975065, datacollector.dll, Blame Collector : Test Case Start
TpTrace Information: 0 : 6932, 5, 2021/11/19, 00:39:57.072, 197260976483, datacollector.dll, DataCollectionTestCaseEventHandler: Test case 'TestCijenaProizvoda - f3950574-6a30-6453-d3be-6d8c1dd6fc79' started.
TpTrace Information: 0 : 6932, 5, 2021/11/19, 00:39:57.082, 197260989795, datacollector.dll, DataCollectionTestCaseEventHandler : Test case completing.
TpTrace Information: 0 : 6932, 5, 2021/11/19, 00:39:57.082, 197260993562, datacollector.dll, Blame Collector : Test Case End
TpTrace Information: 0 : 6932, 5, 2021/11/19, 00:39:57.082, 197260994851, datacollector.dll, DataCollectionTestCaseEventHandler: Test case 'TestCijenaProizvoda - f3950574-6a30-6453-d3be-6d8c1dd6fc79' completed
TpTrace Information: 0 : 6932, 5, 2021/11/19, 00:39:57.082, 197261002412, datacollector.dll, DataCollectionTestCaseEventHandler: Test case starting.
TpTrace Information: 0 : 6932, 5, 2021/11/19, 00:39:57.082, 197261008740, datacollector.dll, Blame Collector : Test Case Start
TpTrace Information: 0 : 6932, 5, 2021/11/19, 00:39:57.082, 197261010128, datacollector.dll, DataCollectionTestCaseEventHandler: Test case 'TestCertifikat387 - 0e7615dd-cf48-da7e-d502-22dc62a42fca' started.
TpTrace Information: 0 : 6932, 5, 2021/11/19, 00:39:57.082, 197261020155, datacollector.dll, DataCollectionTestCaseEventHandler : Test case completing.
TpTrace Information: 0 : 6932, 5, 2021/11/19, 00:39:57.092, 197261025571, datacollector.dll, Blame Collector : Test Case End
TpTrace Information: 0 : 6932, 5, 2021/11/19, 00:39:57.092, 197261026821, datacollector.dll, DataCollectionTestCaseEventHandler: Test case 'TestCertifikat387 - 0e7615dd-cf48-da7e-d502-22dc62a42fca' completed
TpTrace Information: 0 : 6932, 5, 2021/11/19, 00:39:57.092, 197261032727, datacollector.dll, DataCollectionTestCaseEventHandler: Test case starting.
TpTrace Information: 0 : 6932, 5, 2021/11/19, 00:39:57.092, 197261036158, datacollector.dll, Blame Collector : Test Case Start
TpTrace Information: 0 : 6932, 5, 2021/11/19, 00:39:57.092, 197261037246, datacollector.dll, DataCollectionTestCaseEventHandler: Test case 'TestRadSaProdavačima - aae5fa86-d336-7dd9-87b5-34e217aadcb6' started.
TpTrace Information: 0 : 6932, 5, 2021/11/19, 00:39:57.092, 197261054631, datacollector.dll, DataCollectionTestCaseEventHandler : Test case completing.
TpTrace Information: 0 : 6932, 5, 2021/11/19, 00:39:57.092, 197261058065, datacollector.dll, Blame Collector : Test Case End
TpTrace Information: 0 : 6932, 5, 2021/11/19, 00:39:57.092, 197261059153, datacollector.dll, DataCollectionTestCaseEventHandler: Test case 'TestRadSaProdavačima - aae5fa86-d336-7dd9-87b5-34e217aadcb6' completed
TpTrace Information: 0 : 6932, 5, 2021/11/19, 00:39:57.102, 197261067553, datacollector.dll, DataCollectionTestCaseEventHandler: Test case starting.
TpTrace Information: 0 : 6932, 5, 2021/11/19, 00:39:57.102, 197261071698, datacollector.dll, Blame Collector : Test Case Start
TpTrace Information: 0 : 6932, 5, 2021/11/19, 00:39:57.102, 197261073035, datacollector.dll, DataCollectionTestCaseEventHandler: Test case 'TestOtvoriŠtand - 8628d629-52a4-539a-049c-c0e7a91ca91d' started.
TpTrace Information: 0 : 6932, 5, 2021/11/19, 00:39:57.102, 197261091044, datacollector.dll, DataCollectionTestCaseEventHandler : Test case completing.
TpTrace Information: 0 : 6932, 5, 2021/11/19, 00:39:57.102, 197261095014, datacollector.dll, Blame Collector : Test Case End
TpTrace Information: 0 : 6932, 5, 2021/11/19, 00:39:57.102, 197261096289, datacollector.dll, DataCollectionTestCaseEventHandler: Test case 'TestOtvoriŠtand - 8628d629-52a4-539a-049c-c0e7a91ca91d' completed
TpTrace Information: 0 : 6932, 5, 2021/11/19, 00:39:57.113, 197261102739, datacollector.dll, DataCollectionTestCaseEventHandler: Test case starting.
TpTrace Information: 0 : 6932, 5, 2021/11/19, 00:39:57.114, 197261106582, datacollector.dll, Blame Collector : Test Case Start
TpTrace Information: 0 : 6932, 5, 2021/11/19, 00:39:57.114, 197261107629, datacollector.dll, DataCollectionTestCaseEventHandler: Test case 'TestIzvršavanjeKupovina - d89678ec-469e-ea36-91fa-34018cbb1cfa' started.
TpTrace Information: 0 : 6932, 5, 2021/11/19, 00:39:57.118, 197261123279, datacollector.dll, DataCollectionTestCaseEventHandler : Test case completing.
TpTrace Information: 0 : 6932, 5, 2021/11/19, 00:39:57.119, 197261127219, datacollector.dll, Blame Collector : Test Case End
TpTrace Information: 0 : 6932, 5, 2021/11/19, 00:39:57.120, 197261128501, datacollector.dll, DataCollectionTestCaseEventHandler: Test case 'TestIzvršavanjeKupovina - d89678ec-469e-ea36-91fa-34018cbb1cfa' completed
TpTrace Information: 0 : 6932, 5, 2021/11/19, 00:39:57.122, 197261137150, datacollector.dll, DataCollectionTestCaseEventHandler: Test case starting.
TpTrace Information: 0 : 6932, 5, 2021/11/19, 00:39:57.123, 197261140762, datacollector.dll, Blame Collector : Test Case Start
TpTrace Information: 0 : 6932, 5, 2021/11/19, 00:39:57.123, 197261141668, datacollector.dll, DataCollectionTestCaseEventHandler: Test case 'TestDodavanjeTipskeNamirnice - 0617cc62-f361-aead-eab8-e1856c664520' started.
TpTrace Information: 0 : 6932, 5, 2021/11/19, 00:39:57.131, 197261168442, datacollector.dll, DataCollectionTestCaseEventHandler : Test case completing.
TpTrace Information: 0 : 6932, 5, 2021/11/19, 00:39:57.132, 197261172769, datacollector.dll, Blame Collector : Test Case End
TpTrace Information: 0 : 6932, 5, 2021/11/19, 00:39:57.132, 197261173787, datacollector.dll, DataCollectionTestCaseEventHandler: Test case 'TestDodavanjeTipskeNamirnice - 0617cc62-f361-aead-eab8-e1856c664520' completed
TpTrace Information: 0 : 6932, 5, 2021/11/19, 00:39:57.134, 197261180497, datacollector.dll, DataCollectionTestCaseEventHandler: Test case starting.
TpTrace Information: 0 : 6932, 5, 2021/11/19, 00:39:57.135, 197261184477, datacollector.dll, Blame Collector : Test Case Start
TpTrace Information: 0 : 6932, 5, 2021/11/19, 00:39:57.135, 197261185452, datacollector.dll, DataCollectionTestCaseEventHandler: Test case 'TestNaručiProizvode - 91d749a9-3c49-9fc6-67f8-7498fbc5052b' started.
TpTrace Information: 0 : 6932, 5, 2021/11/19, 00:39:57.141, 197261207035, datacollector.dll, DataCollectionTestCaseEventHandler : Test case completing.
TpTrace Information: 0 : 6932, 5, 2021/11/19, 00:39:57.142, 197261210845, datacollector.dll, Blame Collector : Test Case End
TpTrace Information: 0 : 6932, 5, 2021/11/19, 00:39:57.142, 197261212034, datacollector.dll, DataCollectionTestCaseEventHandler: Test case 'TestNaručiProizvode - 91d749a9-3c49-9fc6-67f8-7498fbc5052b' completed
TpTrace Information: 0 : 6932, 5, 2021/11/19, 00:39:57.144, 197261219271, datacollector.dll, DataCollectionTestCaseEventHandler: Test case starting.
TpTrace Information: 0 : 6932, 5, 2021/11/19, 00:39:57.145, 197261223164, datacollector.dll, Blame Collector : Test Case Start
TpTrace Information: 0 : 6932, 5, 2021/11/19, 00:39:57.148, 197261231210, datacollector.dll, DataCollectionTestCaseEventHandler: Test case 'TestKrajZakupa - c4fbb387-ff8f-e846-e170-ee4134e56d7d' started.
TpTrace Information: 0 : 6932, 5, 2021/11/19, 00:39:57.149, 197261238269, datacollector.dll, DataCollectionTestCaseEventHandler : Test case completing.
TpTrace Information: 0 : 6932, 5, 2021/11/19, 00:39:57.151, 197261242336, datacollector.dll, Blame Collector : Test Case End
TpTrace Information: 0 : 6932, 5, 2021/11/19, 00:39:57.151, 197261243681, datacollector.dll, DataCollectionTestCaseEventHandler: Test case 'TestKrajZakupa - c4fbb387-ff8f-e846-e170-ee4134e56d7d' completed
TpTrace Information: 0 : 6932, 5, 2021/11/19, 00:39:57.153, 197261250649, datacollector.dll, DataCollectionTestCaseEventHandler: Test case starting.
TpTrace Information: 0 : 6932, 5, 2021/11/19, 00:39:57.154, 197261254698, datacollector.dll, Blame Collector : Test Case Start
TpTrace Information: 0 : 6932, 5, 2021/11/19, 00:39:57.154, 197261255707, datacollector.dll, DataCollectionTestCaseEventHandler: Test case 'TestKupovine - 6dfd0895-736d-8f33-f2ef-045e9c3229ce' started.
TpTrace Information: 0 : 6932, 5, 2021/11/19, 00:39:57.157, 197261267552, datacollector.dll, DataCollectionTestCaseEventHandler : Test case completing.
TpTrace Information: 0 : 6932, 5, 2021/11/19, 00:39:57.159, 197261272133, datacollector.dll, Blame Collector : Test Case End
TpTrace Information: 0 : 6932, 5, 2021/11/19, 00:39:57.159, 197261273494, datacollector.dll, DataCollectionTestCaseEventHandler: Test case 'TestKupovine - 6dfd0895-736d-8f33-f2ef-045e9c3229ce' completed
TpTrace Information: 0 : 6932, 5, 2021/11/19, 00:39:57.166, 197261298325, datacollector.dll, DataCollectionTestCaseEventHandler: Test case starting.
TpTrace Information: 0 : 6932, 5, 2021/11/19, 00:39:57.167, 197261302741, datacollector.dll, Blame Collector : Test Case Start
TpTrace Information: 0 : 6932, 5, 2021/11/19, 00:39:57.167, 197261303933, datacollector.dll, DataCollectionTestCaseEventHandler: Test case 'TestKupovinaProizvod - 98def462-ed60-cfb1-259c-18ecec99ca57' started.
TpTrace Information: 0 : 6932, 5, 2021/11/19, 00:39:57.171, 197261318538, datacollector.dll, DataCollectionTestCaseEventHandler : Test case completing.
TpTrace Information: 0 : 6932, 5, 2021/11/19, 00:39:57.172, 197261322399, datacollector.dll, Blame Collector : Test Case End
TpTrace Information: 0 : 6932, 5, 2021/11/19, 00:39:57.173, 197261323665, datacollector.dll, DataCollectionTestCaseEventHandler: Test case 'TestKupovinaProizvod - 98def462-ed60-cfb1-259c-18ecec99ca57' completed
TpTrace Information: 0 : 6932, 5, 2021/11/19, 00:39:57.174, 197261330397, datacollector.dll, DataCollectionTestCaseEventHandler: Test case starting.
TpTrace Information: 0 : 6932, 5, 2021/11/19, 00:39:57.175, 197261334395, datacollector.dll, Blame Collector : Test Case Start
TpTrace Information: 0 : 6932, 5, 2021/11/19, 00:39:57.176, 197261336643, datacollector.dll, DataCollectionTestCaseEventHandler: Test case 'TestKupovinaKolicina - 3cdb9aca-f03a-f40a-d2e9-5d698a28686f' started.
TpTrace Information: 0 : 6932, 5, 2021/11/19, 00:39:57.179, 197261348317, datacollector.dll, DataCollectionTestCaseEventHandler : Test case completing.
TpTrace Information: 0 : 6932, 5, 2021/11/19, 00:39:57.180, 197261352580, datacollector.dll, Blame Collector : Test Case End
TpTrace Information: 0 : 6932, 5, 2021/11/19, 00:39:57.181, 197261353770, datacollector.dll, DataCollectionTestCaseEventHandler: Test case 'TestKupovinaKolicina - 3cdb9aca-f03a-f40a-d2e9-5d698a28686f' completed
TpTrace Information: 0 : 6932, 5, 2021/11/19, 00:39:57.183, 197261361511, datacollector.dll, DataCollectionTestCaseEventHandler: Test case starting.
TpTrace Information: 0 : 6932, 5, 2021/11/19, 00:39:57.184, 197261365600, datacollector.dll, Blame Collector : Test Case Start
TpTrace Information: 0 : 6932, 5, 2021/11/19, 00:39:57.184, 197261366725, datacollector.dll, DataCollectionTestCaseEventHandler: Test case 'TestKupovinaCijena - f1c3d513-3eca-f908-0e79-2c064f10ed7a' started.
TpTrace Information: 0 : 6932, 5, 2021/11/19, 00:39:57.187, 197261377529, datacollector.dll, DataCollectionTestCaseEventHandler : Test case completing.
TpTrace Information: 0 : 6932, 5, 2021/11/19, 00:39:57.188, 197261382042, datacollector.dll, Blame Collector : Test Case End
TpTrace Information: 0 : 6932, 5, 2021/11/19, 00:39:57.189, 197261384333, datacollector.dll, DataCollectionTestCaseEventHandler: Test case 'TestKupovinaCijena - f1c3d513-3eca-f908-0e79-2c064f10ed7a' completed
TpTrace Information: 0 : 6932, 5, 2021/11/19, 00:39:57.191, 197261390652, datacollector.dll, DataCollectionTestCaseEventHandler: Test case starting.
TpTrace Information: 0 : 6932, 5, 2021/11/19, 00:39:57.192, 197261395271, datacollector.dll, Blame Collector : Test Case Start
TpTrace Information: 0 : 6932, 5, 2021/11/19, 00:39:57.192, 197261396657, datacollector.dll, DataCollectionTestCaseEventHandler: Test case 'TestKupovinaPopust - b6e13258-d801-247e-a47d-580d4efc84cb' started.
TpTrace Information: 0 : 6932, 5, 2021/11/19, 00:39:57.195, 197261407013, datacollector.dll, DataCollectionTestCaseEventHandler : Test case completing.
TpTrace Information: 0 : 6932, 5, 2021/11/19, 00:39:57.196, 197261410611, datacollector.dll, Blame Collector : Test Case End
TpTrace Information: 0 : 6932, 5, 2021/11/19, 00:39:57.196, 197261411691, datacollector.dll, DataCollectionTestCaseEventHandler: Test case 'TestKupovinaPopust - b6e13258-d801-247e-a47d-580d4efc84cb' completed
TpTrace Information: 0 : 6932, 5, 2021/11/19, 00:39:57.198, 197261418393, datacollector.dll, DataCollectionTestCaseEventHandler: Test case starting.
TpTrace Information: 0 : 6932, 5, 2021/11/19, 00:39:57.199, 197261422624, datacollector.dll, Blame Collector : Test Case Start
TpTrace Information: 0 : 6932, 5, 2021/11/19, 00:39:57.200, 197261424574, datacollector.dll, DataCollectionTestCaseEventHandler: Test case 'TestKupovinaDatum - 4d2bcb1c-a718-ecca-bc83-6dc992172822' started.
TpTrace Information: 0 : 6932, 5, 2021/11/19, 00:39:57.202, 197261434515, datacollector.dll, DataCollectionTestCaseEventHandler : Test case completing.
TpTrace Information: 0 : 6932, 5, 2021/11/19, 00:39:57.204, 197261438693, datacollector.dll, Blame Collector : Test Case End
TpTrace Information: 0 : 6932, 5, 2021/11/19, 00:39:57.204, 197261439700, datacollector.dll, DataCollectionTestCaseEventHandler: Test case 'TestKupovinaDatum - 4d2bcb1c-a718-ecca-bc83-6dc992172822' completed
TpTrace Information: 0 : 6932, 5, 2021/11/19, 00:39:57.205, 197261445243, datacollector.dll, DataCollectionTestCaseEventHandler: Test case starting.
TpTrace Information: 0 : 6932, 5, 2021/11/19, 00:39:57.206, 197261448956, datacollector.dll, Blame Collector : Test Case Start
TpTrace Information: 0 : 6932, 5, 2021/11/19, 00:39:57.208, 197261455937, datacollector.dll, DataCollectionTestCaseEventHandler: Test case 'TestDatumOtvaranja - 0c887cf0-4d0b-cdad-f7a6-e921034cf994' started.
TpTrace Information: 0 : 6932, 5, 2021/11/19, 00:39:57.209, 197261460113, datacollector.dll, DataCollectionTestCaseEventHandler : Test case completing.
TpTrace Information: 0 : 6932, 5, 2021/11/19, 00:39:57.210, 197261464072, datacollector.dll, Blame Collector : Test Case End
TpTrace Information: 0 : 6932, 5, 2021/11/19, 00:39:57.212, 197261469965, datacollector.dll, DataCollectionTestCaseEventHandler: Test case 'TestDatumOtvaranja - 0c887cf0-4d0b-cdad-f7a6-e921034cf994' completed
TpTrace Information: 0 : 6932, 5, 2021/11/19, 00:39:57.213, 197261472824, datacollector.dll, DataCollectionTestCaseEventHandler: Test case starting.
TpTrace Information: 0 : 6932, 5, 2021/11/19, 00:39:57.214, 197261476678, datacollector.dll, Blame Collector : Test Case Start
TpTrace Information: 0 : 6932, 5, 2021/11/19, 00:39:57.216, 197261483869, datacollector.dll, DataCollectionTestCaseEventHandler: Test case 'TestAktivnosti - efd0f98d-28d5-ff82-45a3-32f66cd3872b' started.
TpTrace Information: 0 : 6932, 5, 2021/11/19, 00:39:57.217, 197261487740, datacollector.dll, DataCollectionTestCaseEventHandler : Test case completing.
TpTrace Information: 0 : 6932, 5, 2021/11/19, 00:39:57.218, 197261491463, datacollector.dll, Blame Collector : Test Case End
TpTrace Information: 0 : 6932, 5, 2021/11/19, 00:39:57.219, 197261496128, datacollector.dll, DataCollectionTestCaseEventHandler: Test case 'TestAktivnosti - efd0f98d-28d5-ff82-45a3-32f66cd3872b' completed
TpTrace Information: 0 : 6932, 5, 2021/11/19, 00:39:57.220, 197261499327, datacollector.dll, DataCollectionTestCaseEventHandler: Test case starting.
TpTrace Information: 0 : 6932, 5, 2021/11/19, 00:39:57.221, 197261502904, datacollector.dll, Blame Collector : Test Case Start
TpTrace Information: 0 : 6932, 5, 2021/11/19, 00:39:57.223, 197261512384, datacollector.dll, DataCollectionTestCaseEventHandler: Test case 'TestPromet - 7eefdd3c-0623-f10b-4ba7-cba1276bb6f9' started.
TpTrace Information: 0 : 6932, 5, 2021/11/19, 00:39:57.224, 197261515258, datacollector.dll, DataCollectionTestCaseEventHandler : Test case completing.
TpTrace Information: 0 : 6932, 5, 2021/11/19, 00:39:57.225, 197261519018, datacollector.dll, Blame Collector : Test Case End
TpTrace Information: 0 : 6932, 5, 2021/11/19, 00:39:57.226, 197261520504, datacollector.dll, DataCollectionTestCaseEventHandler: Test case 'TestPromet - 7eefdd3c-0623-f10b-4ba7-cba1276bb6f9' completed
TpTrace Information: 0 : 6932, 5, 2021/11/19, 00:39:57.227, 197261525130, datacollector.dll, DataCollectionTestCaseEventHandler: Test case starting.
TpTrace Information: 0 : 6932, 5, 2021/11/19, 00:39:57.228, 197261527728, datacollector.dll, Blame Collector : Test Case Start
TpTrace Information: 0 : 6932, 5, 2021/11/19, 00:39:57.228, 197261528249, datacollector.dll, DataCollectionTestCaseEventHandler: Test case 'TestSifraProizvoda - 3d8d6f10-ef27-5723-9699-02981ce6d75f' started.
TpTrace Information: 0 : 6932, 5, 2021/11/19, 00:39:57.230, 197261535687, datacollector.dll, DataCollectionTestCaseEventHandler : Test case completing.
TpTrace Information: 0 : 6932, 5, 2021/11/19, 00:39:57.231, 197261539220, datacollector.dll, Blame Collector : Test Case End
TpTrace Information: 0 : 6932, 5, 2021/11/19, 00:39:57.231, 197261540744, datacollector.dll, DataCollectionTestCaseEventHandler: Test case 'TestSifraProizvoda - 3d8d6f10-ef27-5723-9699-02981ce6d75f' completed
TpTrace Information: 0 : 6932, 5, 2021/11/19, 00:39:57.236, 197261559047, datacollector.dll, DataCollectionTestCaseEventHandler: Test case starting.
TpTrace Information: 0 : 6932, 5, 2021/11/19, 00:39:57.237, 197261563500, datacollector.dll, Blame Collector : Test Case Start
TpTrace Information: 0 : 6932, 5, 2021/11/19, 00:39:57.238, 197261564712, datacollector.dll, DataCollectionTestCaseEventHandler: Test case 'TestKolicina - 5fe6d331-5f1f-f3a4-bd76-8c61c5e887ab' started.
TpTrace Information: 0 : 6932, 5, 2021/11/19, 00:39:57.241, 197261578813, datacollector.dll, DataCollectionTestCaseEventHandler : Test case completing.
TpTrace Information: 0 : 6932, 5, 2021/11/19, 00:39:57.243, 197261584274, datacollector.dll, Blame Collector : Test Case End
TpTrace Information: 0 : 6932, 5, 2021/11/19, 00:39:57.243, 197261585514, datacollector.dll, DataCollectionTestCaseEventHandler: Test case 'TestKolicina - 5fe6d331-5f1f-f3a4-bd76-8c61c5e887ab' completed
TpTrace Information: 0 : 6932, 5, 2021/11/19, 00:39:57.244, 197261591548, datacollector.dll, DataCollectionTestCaseEventHandler: Test case starting.
TpTrace Information: 0 : 6932, 5, 2021/11/19, 00:39:57.244, 197261594808, datacollector.dll, Blame Collector : Test Case Start
TpTrace Information: 0 : 6932, 5, 2021/11/19, 00:39:57.244, 197261595924, datacollector.dll, DataCollectionTestCaseEventHandler: Test case 'TestOcekivanaKolicina - cc47cb41-bc87-e2de-1f7f-992edc356eb1' started.
TpTrace Information: 0 : 6932, 5, 2021/11/19, 00:39:57.244, 197261604338, datacollector.dll, DataCollectionTestCaseEventHandler : Test case completing.
TpTrace Information: 0 : 6932, 5, 2021/11/19, 00:39:57.244, 197261608224, datacollector.dll, Blame Collector : Test Case End
TpTrace Information: 0 : 6932, 5, 2021/11/19, 00:39:57.244, 197261609508, datacollector.dll, DataCollectionTestCaseEventHandler: Test case 'TestOcekivanaKolicina - cc47cb41-bc87-e2de-1f7f-992edc356eb1' completed
TpTrace Information: 0 : 6932, 5, 2021/11/19, 00:39:57.244, 197261615598, datacollector.dll, DataCollectionTestCaseEventHandler: Test case starting.
TpTrace Information: 0 : 6932, 5, 2021/11/19, 00:39:57.244, 197261619033, datacollector.dll, Blame Collector : Test Case Start
TpTrace Information: 0 : 6932, 5, 2021/11/19, 00:39:57.244, 197261620114, datacollector.dll, DataCollectionTestCaseEventHandler: Test case 'TestDatumPristizanja - 8e2f8119-efe7-1305-5e2e-a806a754b4a6' started.
TpTrace Information: 0 : 6932, 5, 2021/11/19, 00:39:57.254, 197261647727, datacollector.dll, DataCollectionTestCaseEventHandler : Test case completing.
TpTrace Information: 0 : 6932, 5, 2021/11/19, 00:39:57.254, 197261651643, datacollector.dll, Blame Collector : Test Case End
TpTrace Information: 0 : 6932, 5, 2021/11/19, 00:39:57.254, 197261652922, datacollector.dll, DataCollectionTestCaseEventHandler: Test case 'TestDatumPristizanja - 8e2f8119-efe7-1305-5e2e-a806a754b4a6' completed
TpTrace Information: 0 : 6932, 5, 2021/11/19, 00:39:57.254, 197261659285, datacollector.dll, DataCollectionTestCaseEventHandler: Test case starting.
TpTrace Information: 0 : 6932, 5, 2021/11/19, 00:39:57.264, 197261663085, datacollector.dll, Blame Collector : Test Case Start
TpTrace Information: 0 : 6932, 5, 2021/11/19, 00:39:57.264, 197261672853, datacollector.dll, DataCollectionTestCaseEventHandler: Test case 'TestDatumOcekivaneKolicine - 4fbe6478-bc85-14b9-e5ff-d51674a447f4' started.
TpTrace Information: 0 : 6932, 5, 2021/11/19, 00:39:57.264, 197261674854, datacollector.dll, DataCollectionTestCaseEventHandler : Test case completing.
TpTrace Information: 0 : 6932, 5, 2021/11/19, 00:39:57.264, 197261677416, datacollector.dll, Blame Collector : Test Case End
TpTrace Information: 0 : 6932, 5, 2021/11/19, 00:39:57.264, 197261681819, datacollector.dll, DataCollectionTestCaseEventHandler: Test case 'TestDatumOcekivaneKolicine - 4fbe6478-bc85-14b9-e5ff-d51674a447f4' completed
TpTrace Information: 0 : 6932, 5, 2021/11/19, 00:39:57.264, 197261683866, datacollector.dll, DataCollectionTestCaseEventHandler: Test case starting.
TpTrace Information: 0 : 6932, 5, 2021/11/19, 00:39:57.264, 197261687099, datacollector.dll, Blame Collector : Test Case Start
TpTrace Information: 0 : 6932, 5, 2021/11/19, 00:39:57.264, 197261695263, datacollector.dll, DataCollectionTestCaseEventHandler: Test case 'TestCertifikat387 - efa230a8-a422-54b5-17b8-10e33f461a84' started.
TpTrace Information: 0 : 6932, 5, 2021/11/19, 00:39:57.264, 197261697358, datacollector.dll, DataCollectionTestCaseEventHandler : Test case completing.
TpTrace Information: 0 : 6932, 5, 2021/11/19, 00:39:57.274, 197261710335, datacollector.dll, Blame Collector : Test Case End
TpTrace Information: 0 : 6932, 5, 2021/11/19, 00:39:57.274, 197261716165, datacollector.dll, DataCollectionTestCaseEventHandler: Test case 'TestCertifikat387 - efa230a8-a422-54b5-17b8-10e33f461a84' completed
TpTrace Information: 0 : 6932, 5, 2021/11/19, 00:39:57.274, 197261718166, datacollector.dll, DataCollectionTestCaseEventHandler: Test case starting.
TpTrace Information: 0 : 6932, 5, 2021/11/19, 00:39:57.274, 197261720567, datacollector.dll, Blame Collector : Test Case Start
TpTrace Information: 0 : 6932, 5, 2021/11/19, 00:39:57.274, 197261728773, datacollector.dll, DataCollectionTestCaseEventHandler: Test case 'TestNarucikolicinu - 8bb5c37f-3aae-79f0-c82e-2c23b4779d7a' started.
TpTrace Information: 0 : 6932, 5, 2021/11/19, 00:39:57.274, 197261731111, datacollector.dll, DataCollectionTestCaseEventHandler : Test case completing.
TpTrace Information: 0 : 6932, 5, 2021/11/19, 00:39:57.274, 197261733788, datacollector.dll, Blame Collector : Test Case End
TpTrace Information: 0 : 6932, 5, 2021/11/19, 00:39:57.285, 197261738789, datacollector.dll, DataCollectionTestCaseEventHandler: Test case 'TestNarucikolicinu - 8bb5c37f-3aae-79f0-c82e-2c23b4779d7a' completed
TpTrace Information: 0 : 6932, 5, 2021/11/19, 00:39:57.285, 197261740517, datacollector.dll, DataCollectionTestCaseEventHandler: Test case starting.
TpTrace Information: 0 : 6932, 5, 2021/11/19, 00:39:57.286, 197261742784, datacollector.dll, Blame Collector : Test Case Start
TpTrace Information: 0 : 6932, 5, 2021/11/19, 00:39:57.289, 197261754450, datacollector.dll, DataCollectionTestCaseEventHandler: Test case 'TestProdavaci - 0d67ec3d-d1b1-b65e-8f5f-a4b10da3b03e' started.
TpTrace Information: 0 : 6932, 5, 2021/11/19, 00:39:57.289, 197261756387, datacollector.dll, DataCollectionTestCaseEventHandler : Test case completing.
TpTrace Information: 0 : 6932, 5, 2021/11/19, 00:39:57.290, 197261758751, datacollector.dll, Blame Collector : Test Case End
TpTrace Information: 0 : 6932, 5, 2021/11/19, 00:39:57.291, 197261763358, datacollector.dll, DataCollectionTestCaseEventHandler: Test case 'TestProdavaci - 0d67ec3d-d1b1-b65e-8f5f-a4b10da3b03e' completed
TpTrace Information: 0 : 6932, 5, 2021/11/19, 00:39:57.292, 197261765202, datacollector.dll, DataCollectionTestCaseEventHandler: Test case starting.
TpTrace Information: 0 : 6932, 5, 2021/11/19, 00:39:57.292, 197261767764, datacollector.dll, Blame Collector : Test Case Start
TpTrace Information: 0 : 6932, 5, 2021/11/19, 00:39:57.295, 197261777027, datacollector.dll, DataCollectionTestCaseEventHandler: Test case 'TestStandovi - c4d4be37-c0a3-1ae6-46a4-1cdd50a7a7f9' started.
TpTrace Information: 0 : 6932, 5, 2021/11/19, 00:39:57.295, 197261778895, datacollector.dll, DataCollectionTestCaseEventHandler : Test case completing.
TpTrace Information: 0 : 6932, 5, 2021/11/19, 00:39:57.296, 197261781174, datacollector.dll, Blame Collector : Test Case End
TpTrace Information: 0 : 6932, 5, 2021/11/19, 00:39:57.297, 197261785372, datacollector.dll, DataCollectionTestCaseEventHandler: Test case 'TestStandovi - c4d4be37-c0a3-1ae6-46a4-1cdd50a7a7f9' completed
TpTrace Information: 0 : 6932, 5, 2021/11/19, 00:39:57.298, 197261787053, datacollector.dll, DataCollectionTestCaseEventHandler: Test case starting.
TpTrace Information: 0 : 6932, 5, 2021/11/19, 00:39:57.298, 197261789904, datacollector.dll, Blame Collector : Test Case Start
TpTrace Information: 0 : 6932, 5, 2021/11/19, 00:39:57.301, 197261800875, datacollector.dll, DataCollectionTestCaseEventHandler: Test case 'TestUkupniPromet - aca3de87-1292-d073-2a4c-5c931ff3d2c4' started.
TpTrace Information: 0 : 6932, 5, 2021/11/19, 00:39:57.302, 197261802876, datacollector.dll, DataCollectionTestCaseEventHandler : Test case completing.
TpTrace Information: 0 : 6932, 5, 2021/11/19, 00:39:57.302, 197261805098, datacollector.dll, Blame Collector : Test Case End
TpTrace Information: 0 : 6932, 5, 2021/11/19, 00:39:57.304, 197261809088, datacollector.dll, DataCollectionTestCaseEventHandler: Test case 'TestUkupniPromet - aca3de87-1292-d073-2a4c-5c931ff3d2c4' completed
TpTrace Information: 0 : 6932, 5, 2021/11/19, 00:39:57.317, 197261857386, datacollector.dll, DataCollectionTestCaseEventHandler: Test session ended
TpTrace Information: 0 : 6932, 1, 2021/11/19, 00:39:57.407, 197262193355, datacollector.dll, DataCollectionRequestHandler.ProcessRequests : Datacollector received message: (DataCollection.AfterTestRunEnd) -> false
TpTrace Information: 0 : 6932, 1, 2021/11/19, 00:39:57.408, 197262197098, datacollector.dll, Blame Collector : Session End
TpTrace Information: 0 : 6932, 1, 2021/11/19, 00:39:57.408, 197262197637, datacollector.dll, BlameCollector.CollectDumpAndAbortTesthost: Custom path to dump directory was provided via VSTEST_DUMP_PATH. Skipping attachment upload, the caller is responsible for collecting and uploading the dumps themselves.
TpTrace Information: 0 : 6932, 1, 2021/11/19, 00:39:57.409, 197262199355, datacollector.dll, DataCollectionManager.CleanupPlugins: CleanupPlugins called
TpTrace Verbose: 0 : 6932, 1, 2021/11/19, 00:39:57.409, 197262199580, datacollector.dll, DataCollectionManager.CleanupPlugins: Cleaning up 1 plugins
TpTrace Verbose: 0 : 6932, 1, 2021/11/19, 00:39:57.409, 197262200162, datacollector.dll, dataCollectorInfo.DisposeDataCollector: calling Dispose() on Microsoft.TestPlatform.Extensions.BlameDataCollector.BlameCollector
TpTrace Information: 0 : 6932, 1, 2021/11/19, 00:39:57.409, 197262200517, datacollector.dll, DataCollectionManager.CleanupPlugins: CleanupPlugins finished
TpTrace Information: 0 : 6932, 1, 2021/11/19, 00:39:57.416, 197262224369, datacollector.dll, DataCollectionRequestHandler.ProcessRequests : Session End message received from server. Closing the connection.
TpTrace Information: 0 : 6932, 1, 2021/11/19, 00:39:57.416, 197262225752, datacollector.dll, Closing the connection !
TpTrace Information: 0 : 6932, 1, 2021/11/19, 00:39:57.416, 197262225966, datacollector.dll, DataCollectionRequestHandler.ProcessRequests : DataCollection completed
TpTrace Information: 0 : 6932, 1, 2021/11/19, 00:39:57.416, 197262226122, datacollector.dll, Program.Main: exiting datacollector process.
