TpTrace Verbose: 0 : 21436, 1, 2021/11/18, 17:48:22.121, 902685355265, datacollector.dll, Version: 16.11.0
TpTrace Information: 0 : 21436, 1, 2021/11/18, 17:48:22.132, 902685414721, datacollector.dll, DataCollectorMain.Run: Starting data collector run with args: --port,62232,--parentprocessid,10496,--diag,C:\Users\Armin\Documents\GitHub\Grupa-3-Verifikovani-i-Validirani-Softverasi\Pijaca\Zadatak3\bin\Debug\net5.0\fine-code-coverage\coverage-tool-output\diagnostics.datacollector.21-11-18_17-48-21_91181_4.log,--tracelevel,4
TpTrace Information: 0 : 21436, 1, 2021/11/18, 17:48:22.133, 902685424615, datacollector.dll, DataCollector: Monitoring parent process with id: '10496'
TpTrace Information: 0 : 21436, 1, 2021/11/18, 17:48:22.142, 902685512870, datacollector.dll, Trying to connect to server on socket : 127.0.0.1:62232 
TpTrace Verbose: 0 : 21436, 1, 2021/11/18, 17:48:22.175, 902685844133, datacollector.dll, SocketCommunicationManager : SetupClientAsync : Attempting to connect to the server.
TpTrace Information: 0 : 21436, 5, 2021/11/18, 17:48:22.186, 902685952870, datacollector.dll, Connected to the server successfully 
TpTrace Information: 0 : 21436, 5, 2021/11/18, 17:48:22.186, 902685953903, datacollector.dll, Using the buffer size of 16384 bytes
TpTrace Information: 0 : 21436, 1, 2021/11/18, 17:48:22.278, 902686868003, datacollector.dll, DataCollector: Start Request Processing.
TpTrace Information: 0 : 21436, 1, 2021/11/18, 17:48:22.284, 902686930038, datacollector.dll, DataCollectionRequestHandler.ProcessRequests : Datacollector received message: (DataCollection.BeforeTestRunStart) -> {
  "SettingsXml": "<RunSettings><RunConfiguration><ResultsDirectory>C:\\Users\\Armin\\Documents\\GitHub\\Grupa-3-Verifikovani-i-Validirani-Softverasi\\Pijaca\\Zadatak3\\bin\\Debug\\net5.0\\fine-code-coverage\\coverage-tool-output</ResultsDirectory><TargetPlatform>X64</TargetPlatform><TargetFrameworkVersion>.NETCoreApp,Version=v5.0</TargetFrameworkVersion><DesignMode>False</DesignMode><CollectSourceInformation>False</CollectSourceInformation><TestAdaptersPaths>C:\\Program Files\\dotnet\\sdk\\5.0.402\\Extensions</TestAdaptersPaths></RunConfiguration><LoggerRunSettings><Loggers><Logger friendlyName=\"blame\" enabled=\"True\" /><Logger friendlyName=\"Console\" uri=\"logger://microsoft/TestPlatform/ConsoleLogger/v1\" assemblyQualifiedName=\"Microsoft.VisualStudio.TestPlatform.CommandLine.Internal.ConsoleLogger, vstest.console, Version=15.0.0.0, Culture=neutral, PublicKeyToken=b03f5f7f11d50a3a\" codeBase=\"C:\\Program Files\\dotnet\\sdk\\5.0.402\\vstest.console.dll\" enabled=\"True\" /></Loggers></LoggerRunSettings><DataCollectionRunSettings><DataCollectors><DataCollector friendlyName=\"blame\" enabled=\"True\"><Configuration><ResultsDirectory>C:\\Users\\Armin\\Documents\\GitHub\\Grupa-3-Verifikovani-i-Validirani-Softverasi\\Pijaca\\Zadatak3\\bin\\Debug\\net5.0\\fine-code-coverage\\coverage-tool-output</ResultsDirectory></Configuration></DataCollector></DataCollectors></DataCollectionRunSettings></RunSettings>",
  "Sources": [
    "C:\\Users\\Armin\\Documents\\GitHub\\Grupa-3-Verifikovani-i-Validirani-Softverasi\\Pijaca\\Zadatak3\\bin\\Debug\\net5.0\\fine-code-coverage\\build-output\\Zadatak3.dll"
  ],
  "IsTelemetryOptedIn": false
}
TpTrace Verbose: 0 : 21436, 1, 2021/11/18, 17:48:22.319, 902687281739, datacollector.dll, TestPluginCache: Update extensions started. Skip filter = False
TpTrace Verbose: 0 : 21436, 1, 2021/11/18, 17:48:22.320, 902687287702, datacollector.dll, TestPluginCache: Using directories for assembly resolution 'C:\Program Files\dotnet\sdk\5.0.402\Extensions'.
TpTrace Verbose: 0 : 21436, 1, 2021/11/18, 17:48:22.320, 902687288741, datacollector.dll, TestPluginCache: Updated the available extensions to 'C:\Program Files\dotnet\sdk\5.0.402\Extensions\Microsoft.TestPlatform.Extensions.BlameDataCollector.dll,C:\Program Files\dotnet\sdk\5.0.402\Extensions\Microsoft.TestPlatform.Extensions.EventLogCollector.dll'.
TpTrace Verbose: 0 : 21436, 1, 2021/11/18, 17:48:22.325, 902687338893, datacollector.dll, TestPluginCache.DiscoverTestExtensions: finding test extensions in assemblies ends with: Collector.dll TPluginInfo: Microsoft.VisualStudio.TestPlatform.Common.DataCollector.DataCollectorConfig TExtension: Microsoft.VisualStudio.TestPlatform.ObjectModel.DataCollection.DataCollector
TpTrace Verbose: 0 : 21436, 1, 2021/11/18, 17:48:22.325, 902687342529, datacollector.dll, TestPluginCache.GetExtensionPaths: Filtered extension paths: C:\Program Files\dotnet\sdk\5.0.402\Extensions\Microsoft.TestPlatform.Extensions.BlameDataCollector.dll
C:\Program Files\dotnet\sdk\5.0.402\Extensions\Microsoft.TestPlatform.Extensions.EventLogCollector.dll
TpTrace Verbose: 0 : 21436, 1, 2021/11/18, 17:48:22.325, 902687343410, datacollector.dll, TestPluginCache.GetExtensionPaths: Added default extension paths: 
TpTrace Verbose: 0 : 21436, 1, 2021/11/18, 17:48:22.325, 902687343696, datacollector.dll, TestPluginCache.GetExtensionPaths: Added unfilterableExtensionPaths: 
TpTrace Information: 0 : 21436, 1, 2021/11/18, 17:48:22.326, 902687349197, datacollector.dll, AssemblyResolver.ctor: Creating AssemblyResolver with searchDirectories C:\Program Files\dotnet\sdk\5.0.402\Extensions,C:\Program Files\dotnet\sdk\5.0.402
TpTrace Verbose: 0 : 21436, 1, 2021/11/18, 17:48:22.327, 902687361970, datacollector.dll, TestPluginCache.DiscoverTestExtensions: Discovering the extensions using extension path.
TpTrace Verbose: 0 : 21436, 1, 2021/11/18, 17:48:22.327, 902687364089, datacollector.dll, TestPluginCache.GetExtensionPaths: Filtered extension paths: C:\Program Files\dotnet\sdk\5.0.402\Extensions\Microsoft.TestPlatform.Extensions.BlameDataCollector.dll
C:\Program Files\dotnet\sdk\5.0.402\Extensions\Microsoft.TestPlatform.Extensions.EventLogCollector.dll
TpTrace Verbose: 0 : 21436, 1, 2021/11/18, 17:48:22.327, 902687364868, datacollector.dll, TestPluginCache.GetExtensionPaths: Added default extension paths: 
TpTrace Verbose: 0 : 21436, 1, 2021/11/18, 17:48:22.327, 902687365564, datacollector.dll, TestPluginCache.GetExtensionPaths: Added unfilterableExtensionPaths: 
TpTrace Verbose: 0 : 21436, 1, 2021/11/18, 17:48:22.328, 902687367216, datacollector.dll, TestPluginCache.DiscoverTestExtensions: Discovering the extensions using allExtensionPaths: C:\Program Files\dotnet\sdk\5.0.402\Extensions\Microsoft.TestPlatform.Extensions.BlameDataCollector.dll
C:\Program Files\dotnet\sdk\5.0.402\Extensions\Microsoft.TestPlatform.Extensions.EventLogCollector.dll
TpTrace Information: 0 : 21436, 1, 2021/11/18, 17:48:22.328, 902687369274, datacollector.dll, AssemblyResolver.AddSearchDirectories: Adding more searchDirectories C:\Program Files\dotnet\sdk\5.0.402\Extensions,C:\Program Files\dotnet\sdk\5.0.402
TpTrace Information: 0 : 21436, 1, 2021/11/18, 17:48:22.328, 902687370233, datacollector.dll, AssemblyResolver.AddSearchDirectories: Adding more searchDirectories C:\Program Files\dotnet\sdk\5.0.402\Extensions,C:\Program Files\dotnet\sdk\5.0.402
TpTrace Information: 0 : 21436, 1, 2021/11/18, 17:48:22.328, 902687375006, datacollector.dll, AssemblyResolver.OnResolve: Microsoft.TestPlatform.Extensions.BlameDataCollector: Resolving assembly.
TpTrace Information: 0 : 21436, 1, 2021/11/18, 17:48:22.328, 902687376044, datacollector.dll, AssemblyResolver.OnResolve: Microsoft.TestPlatform.Extensions.BlameDataCollector: Searching in: 'C:\Program Files\dotnet\sdk\5.0.402\Extensions'.
TpTrace Information: 0 : 21436, 1, 2021/11/18, 17:48:22.329, 902687385259, datacollector.dll, AssemblyResolver.OnResolve: Microsoft.TestPlatform.Extensions.BlameDataCollector: Loading assembly 'C:\Program Files\dotnet\sdk\5.0.402\Extensions\Microsoft.TestPlatform.Extensions.BlameDataCollector.dll'.
TpTrace Information: 0 : 21436, 1, 2021/11/18, 17:48:22.331, 902687404243, datacollector.dll, AssemblyResolver.OnResolve: Resolved assembly: Microsoft.TestPlatform.Extensions.BlameDataCollector, from path: C:\Program Files\dotnet\sdk\5.0.402\Extensions\Microsoft.TestPlatform.Extensions.BlameDataCollector.dll
TpTrace Error: 0 : 21436, 1, 2021/11/18, 17:48:22.334, 902687432070, datacollector.dll, The type "Microsoft.TestPlatform.Extensions.BlameDataCollector.BlameCollector" defined in "Microsoft.TestPlatform.Extensions.BlameDataCollector.dll" does not have ExtensionUri attribute.
TpTrace Information: 0 : 21436, 1, 2021/11/18, 17:48:22.336, 902687448576, datacollector.dll, AssemblyResolver.OnResolve: Microsoft.TestPlatform.Extensions.EventLogCollector: Resolving assembly.
TpTrace Information: 0 : 21436, 1, 2021/11/18, 17:48:22.336, 902687449650, datacollector.dll, AssemblyResolver.OnResolve: Microsoft.TestPlatform.Extensions.EventLogCollector: Searching in: 'C:\Program Files\dotnet\sdk\5.0.402\Extensions'.
TpTrace Information: 0 : 21436, 1, 2021/11/18, 17:48:22.336, 902687453735, datacollector.dll, AssemblyResolver.OnResolve: Microsoft.TestPlatform.Extensions.EventLogCollector: Loading assembly 'C:\Program Files\dotnet\sdk\5.0.402\Extensions\Microsoft.TestPlatform.Extensions.EventLogCollector.dll'.
TpTrace Information: 0 : 21436, 1, 2021/11/18, 17:48:22.337, 902687457174, datacollector.dll, AssemblyResolver.OnResolve: Resolved assembly: Microsoft.TestPlatform.Extensions.EventLogCollector, from path: C:\Program Files\dotnet\sdk\5.0.402\Extensions\Microsoft.TestPlatform.Extensions.EventLogCollector.dll
TpTrace Error: 0 : 21436, 1, 2021/11/18, 17:48:22.338, 902687473300, datacollector.dll, The type "Microsoft.TestPlatform.Extensions.EventLogCollector.EventLogDataCollector" defined in "Microsoft.TestPlatform.Extensions.EventLogCollector.dll" does not have ExtensionUri attribute.
TpTrace Verbose: 0 : 21436, 1, 2021/11/18, 17:48:22.339, 902687478175, datacollector.dll, TestPluginCache: Discovered the extensions using extension path 'C:\Program Files\dotnet\sdk\5.0.402\Extensions\Microsoft.TestPlatform.Extensions.BlameDataCollector.dll,C:\Program Files\dotnet\sdk\5.0.402\Extensions\Microsoft.TestPlatform.Extensions.EventLogCollector.dll'.
TpTrace Verbose: 0 : 21436, 1, 2021/11/18, 17:48:22.339, 902687478780, datacollector.dll, TestPluginCache: Discoverers are ''.
TpTrace Verbose: 0 : 21436, 1, 2021/11/18, 17:48:22.339, 902687479112, datacollector.dll, TestPluginCache: Executors are ''.
TpTrace Verbose: 0 : 21436, 1, 2021/11/18, 17:48:22.339, 902687479432, datacollector.dll, TestPluginCache: Executors2 are ''.
TpTrace Verbose: 0 : 21436, 1, 2021/11/18, 17:48:22.339, 902687480144, datacollector.dll, TestPluginCache: Setting providers are ''.
TpTrace Verbose: 0 : 21436, 1, 2021/11/18, 17:48:22.339, 902687480832, datacollector.dll, TestPluginCache: Loggers are ''.
TpTrace Information: 0 : 21436, 1, 2021/11/18, 17:48:22.340, 902687492952, datacollector.dll, TestPluginManager.CreateTestExtension: Attempting to load test extension: Microsoft.TestPlatform.Extensions.BlameDataCollector.BlameCollector
TpTrace Error: 0 : 21436, 1, 2021/11/18, 17:48:22.341, 902687497703, datacollector.dll, The type "Microsoft.TestPlatform.Extensions.BlameDataCollector.BlameCollector" defined in "Microsoft.TestPlatform.Extensions.BlameDataCollector.dll" does not have ExtensionUri attribute.
TpTrace Information: 0 : 21436, 1, 2021/11/18, 17:48:22.346, 902687546918, datacollector.dll, Listening on Endpoint : 127.0.0.1:62234
TpTrace Information: 0 : 21436, 1, 2021/11/18, 17:48:22.355, 902687637044, datacollector.dll, DataCollectionRequestHandler.ProcessRequests : DataCollection started.
TpTrace Information: 0 : 21436, 1, 2021/11/18, 17:48:22.375, 902687839023, datacollector.dll, DataCollectionRequestHandler.ProcessRequests : Datacollector received message: (DataCollection.TestHostLaunched) -> {
  "ProcessId": 22056
}
TpTrace Information: 0 : 21436, 6, 2021/11/18, 17:48:22.594, 902690035404, datacollector.dll, Using the buffer size of 16384 bytes
TpTrace Information: 0 : 21436, 6, 2021/11/18, 17:48:22.595, 902690037089, datacollector.dll, Accepted Client request and set the flag
TpTrace Information: 0 : 21436, 5, 2021/11/18, 17:48:23.043, 902694517029, datacollector.dll, DataCollectionTestCaseEventHandler: Test case starting.
TpTrace Information: 0 : 21436, 5, 2021/11/18, 17:48:23.134, 902695436135, datacollector.dll, Blame Collector : Test Case Start
TpTrace Information: 0 : 21436, 5, 2021/11/18, 17:48:23.138, 902695466291, datacollector.dll, DataCollectionTestCaseEventHandler: Test case 'TestProdavacIme - 5ccc8b82-4246-411d-c0aa-efec081f04c6' started.
TpTrace Information: 0 : 21436, 5, 2021/11/18, 17:48:23.213, 902696222819, datacollector.dll, DataCollectionTestCaseEventHandler : Test case completing.
TpTrace Information: 0 : 21436, 5, 2021/11/18, 17:48:23.220, 902696288094, datacollector.dll, Blame Collector : Test Case End
TpTrace Information: 0 : 21436, 5, 2021/11/18, 17:48:23.225, 902696340776, datacollector.dll, DataCollectionTestCaseEventHandler: Test case 'TestProdavacIme - 5ccc8b82-4246-411d-c0aa-efec081f04c6' completed
TpTrace Information: 0 : 21436, 5, 2021/11/18, 17:48:23.242, 902696515807, datacollector.dll, DataCollectionTestCaseEventHandler: Test case starting.
TpTrace Information: 0 : 21436, 5, 2021/11/18, 17:48:23.243, 902696521515, datacollector.dll, Blame Collector : Test Case Start
TpTrace Information: 0 : 21436, 5, 2021/11/18, 17:48:23.243, 902696523560, datacollector.dll, DataCollectionTestCaseEventHandler: Test case 'TestOtvaranjeStanda - d745ec71-ea17-db7e-bd0f-3f0fe5175e6c' started.
TpTrace Information: 0 : 21436, 5, 2021/11/18, 17:48:23.245, 902696541513, datacollector.dll, DataCollectionTestCaseEventHandler : Test case completing.
TpTrace Information: 0 : 21436, 5, 2021/11/18, 17:48:23.246, 902696554543, datacollector.dll, Blame Collector : Test Case End
TpTrace Information: 0 : 21436, 5, 2021/11/18, 17:48:23.247, 902696563423, datacollector.dll, DataCollectionTestCaseEventHandler: Test case 'TestOtvaranjeStanda - d745ec71-ea17-db7e-bd0f-3f0fe5175e6c' completed
TpTrace Information: 0 : 21436, 5, 2021/11/18, 17:48:23.249, 902696586114, datacollector.dll, DataCollectionTestCaseEventHandler: Test case starting.
TpTrace Information: 0 : 21436, 5, 2021/11/18, 17:48:23.250, 902696593516, datacollector.dll, Blame Collector : Test Case Start
TpTrace Information: 0 : 21436, 5, 2021/11/18, 17:48:23.250, 902696595635, datacollector.dll, DataCollectionTestCaseEventHandler: Test case 'TestKonstruktoraProdavaca - 3ab4ef39-dc6f-9e81-5a97-bfdd06cb9c02' started.
TpTrace Information: 0 : 21436, 5, 2021/11/18, 17:48:23.252, 902696611137, datacollector.dll, DataCollectionTestCaseEventHandler : Test case completing.
TpTrace Information: 0 : 21436, 5, 2021/11/18, 17:48:23.253, 902696616667, datacollector.dll, Blame Collector : Test Case End
TpTrace Information: 0 : 21436, 5, 2021/11/18, 17:48:23.253, 902696618740, datacollector.dll, DataCollectionTestCaseEventHandler: Test case 'TestKonstruktoraProdavaca - 3ab4ef39-dc6f-9e81-5a97-bfdd06cb9c02' completed
TpTrace Information: 0 : 21436, 5, 2021/11/18, 17:48:23.256, 902696653307, datacollector.dll, DataCollectionTestCaseEventHandler: Test case starting.
TpTrace Information: 0 : 21436, 5, 2021/11/18, 17:48:23.257, 902696658903, datacollector.dll, Blame Collector : Test Case Start
TpTrace Information: 0 : 21436, 5, 2021/11/18, 17:48:23.258, 902696668480, datacollector.dll, DataCollectionTestCaseEventHandler: Test case 'TestRegistrujPromet - c469f497-0e6f-ff4d-3e48-39171aededd2' started.
TpTrace Information: 0 : 21436, 5, 2021/11/18, 17:48:23.260, 902696686702, datacollector.dll, DataCollectionTestCaseEventHandler : Test case completing.
TpTrace Information: 0 : 21436, 5, 2021/11/18, 17:48:23.260, 902696691798, datacollector.dll, Blame Collector : Test Case End
TpTrace Information: 0 : 21436, 5, 2021/11/18, 17:48:23.260, 902696693645, datacollector.dll, DataCollectionTestCaseEventHandler: Test case 'TestRegistrujPromet - c469f497-0e6f-ff4d-3e48-39171aededd2' completed
TpTrace Information: 0 : 21436, 5, 2021/11/18, 17:48:23.261, 902696701828, datacollector.dll, DataCollectionTestCaseEventHandler: Test case starting.
TpTrace Information: 0 : 21436, 5, 2021/11/18, 17:48:23.262, 902696706254, datacollector.dll, Blame Collector : Test Case Start
TpTrace Information: 0 : 21436, 5, 2021/11/18, 17:48:23.262, 902696707819, datacollector.dll, DataCollectionTestCaseEventHandler: Test case 'TestProizvodIme - 47c4d756-a527-d663-9f1e-5969f7356ac1' started.
TpTrace Information: 0 : 21436, 5, 2021/11/18, 17:48:23.265, 902696745369, datacollector.dll, DataCollectionTestCaseEventHandler : Test case completing.
TpTrace Information: 0 : 21436, 5, 2021/11/18, 17:48:23.266, 902696752995, datacollector.dll, Blame Collector : Test Case End
TpTrace Information: 0 : 21436, 5, 2021/11/18, 17:48:23.266, 902696756074, datacollector.dll, DataCollectionTestCaseEventHandler: Test case 'TestProizvodIme - 47c4d756-a527-d663-9f1e-5969f7356ac1' completed
TpTrace Information: 0 : 21436, 5, 2021/11/18, 17:48:23.268, 902696766470, datacollector.dll, DataCollectionTestCaseEventHandler: Test case starting.
TpTrace Information: 0 : 21436, 5, 2021/11/18, 17:48:23.268, 902696773936, datacollector.dll, Blame Collector : Test Case Start
TpTrace Information: 0 : 21436, 5, 2021/11/18, 17:48:23.269, 902696777116, datacollector.dll, DataCollectionTestCaseEventHandler: Test case 'TestKolicinaNaStanju - 879a4200-6572-e2b5-6741-c13751e73ba6' started.
TpTrace Information: 0 : 21436, 5, 2021/11/18, 17:48:23.270, 902696792122, datacollector.dll, DataCollectionTestCaseEventHandler : Test case completing.
TpTrace Information: 0 : 21436, 5, 2021/11/18, 17:48:23.271, 902696798035, datacollector.dll, Blame Collector : Test Case End
TpTrace Information: 0 : 21436, 5, 2021/11/18, 17:48:23.271, 902696800966, datacollector.dll, DataCollectionTestCaseEventHandler: Test case 'TestKolicinaNaStanju - 879a4200-6572-e2b5-6741-c13751e73ba6' completed
TpTrace Information: 0 : 21436, 5, 2021/11/18, 17:48:23.272, 902696813562, datacollector.dll, DataCollectionTestCaseEventHandler: Test case starting.
TpTrace Information: 0 : 21436, 5, 2021/11/18, 17:48:23.273, 902696821534, datacollector.dll, Blame Collector : Test Case Start
TpTrace Information: 0 : 21436, 5, 2021/11/18, 17:48:23.273, 902696824645, datacollector.dll, DataCollectionTestCaseEventHandler: Test case 'TestOcekivanaKolicina - fb284c69-29f0-c270-e348-4042775b3e47' started.
TpTrace Information: 0 : 21436, 5, 2021/11/18, 17:48:23.275, 902696845515, datacollector.dll, DataCollectionTestCaseEventHandler : Test case completing.
TpTrace Information: 0 : 21436, 5, 2021/11/18, 17:48:23.276, 902696853018, datacollector.dll, Blame Collector : Test Case End
TpTrace Information: 0 : 21436, 5, 2021/11/18, 17:48:23.276, 902696855993, datacollector.dll, DataCollectionTestCaseEventHandler: Test case 'TestOcekivanaKolicina - fb284c69-29f0-c270-e348-4042775b3e47' completed
TpTrace Information: 0 : 21436, 5, 2021/11/18, 17:48:23.278, 902696866899, datacollector.dll, DataCollectionTestCaseEventHandler: Test case starting.
TpTrace Information: 0 : 21436, 5, 2021/11/18, 17:48:23.278, 902696871881, datacollector.dll, Blame Collector : Test Case Start
TpTrace Information: 0 : 21436, 5, 2021/11/18, 17:48:23.278, 902696873806, datacollector.dll, DataCollectionTestCaseEventHandler: Test case 'TestDatumPristizanja - 35042000-a727-6a77-d866-2691510089e2' started.
TpTrace Information: 0 : 21436, 5, 2021/11/18, 17:48:23.282, 902696913758, datacollector.dll, DataCollectionTestCaseEventHandler : Test case completing.
TpTrace Information: 0 : 21436, 5, 2021/11/18, 17:48:23.283, 902696925091, datacollector.dll, Blame Collector : Test Case End
TpTrace Information: 0 : 21436, 5, 2021/11/18, 17:48:23.284, 902696930479, datacollector.dll, DataCollectionTestCaseEventHandler: Test case 'TestDatumPristizanja - 35042000-a727-6a77-d866-2691510089e2' completed
TpTrace Information: 0 : 21436, 5, 2021/11/18, 17:48:23.286, 902696946914, datacollector.dll, DataCollectionTestCaseEventHandler: Test case starting.
TpTrace Information: 0 : 21436, 5, 2021/11/18, 17:48:23.286, 902696954381, datacollector.dll, Blame Collector : Test Case Start
TpTrace Information: 0 : 21436, 5, 2021/11/18, 17:48:23.287, 902696957427, datacollector.dll, DataCollectionTestCaseEventHandler: Test case 'TestDatumOcekivaneKolicine - 8f4a0743-3ef6-3326-123e-2239a99bca59' started.
TpTrace Information: 0 : 21436, 5, 2021/11/18, 17:48:23.288, 902696975204, datacollector.dll, DataCollectionTestCaseEventHandler : Test case completing.
TpTrace Information: 0 : 21436, 5, 2021/11/18, 17:48:23.289, 902696981067, datacollector.dll, Blame Collector : Test Case End
TpTrace Information: 0 : 21436, 5, 2021/11/18, 17:48:23.289, 902696983333, datacollector.dll, DataCollectionTestCaseEventHandler: Test case 'TestDatumOcekivaneKolicine - 8f4a0743-3ef6-3326-123e-2239a99bca59' completed
TpTrace Information: 0 : 21436, 5, 2021/11/18, 17:48:23.327, 902697360525, datacollector.dll, DataCollectionTestCaseEventHandler: Test case starting.
TpTrace Information: 0 : 21436, 5, 2021/11/18, 17:48:23.327, 902697365012, datacollector.dll, Blame Collector : Test Case Start
TpTrace Information: 0 : 21436, 5, 2021/11/18, 17:48:23.328, 902697366692, datacollector.dll, DataCollectionTestCaseEventHandler: Test case 'TestCijenaProizvoda - f3950574-6a30-6453-d3be-6d8c1dd6fc79' started.
TpTrace Information: 0 : 21436, 5, 2021/11/18, 17:48:23.330, 902697386677, datacollector.dll, DataCollectionTestCaseEventHandler : Test case completing.
TpTrace Information: 0 : 21436, 5, 2021/11/18, 17:48:23.331, 902697402920, datacollector.dll, Blame Collector : Test Case End
TpTrace Information: 0 : 21436, 5, 2021/11/18, 17:48:23.332, 902697411268, datacollector.dll, DataCollectionTestCaseEventHandler: Test case 'TestCijenaProizvoda - f3950574-6a30-6453-d3be-6d8c1dd6fc79' completed
TpTrace Information: 0 : 21436, 5, 2021/11/18, 17:48:23.334, 902697426247, datacollector.dll, DataCollectionTestCaseEventHandler: Test case starting.
TpTrace Information: 0 : 21436, 5, 2021/11/18, 17:48:23.334, 902697433093, datacollector.dll, Blame Collector : Test Case Start
TpTrace Information: 0 : 21436, 5, 2021/11/18, 17:48:23.334, 902697435296, datacollector.dll, DataCollectionTestCaseEventHandler: Test case 'TestCertifikat387 - 0e7615dd-cf48-da7e-d502-22dc62a42fca' started.
TpTrace Information: 0 : 21436, 5, 2021/11/18, 17:48:23.336, 902697450013, datacollector.dll, DataCollectionTestCaseEventHandler : Test case completing.
TpTrace Information: 0 : 21436, 5, 2021/11/18, 17:48:23.336, 902697454100, datacollector.dll, Blame Collector : Test Case End
TpTrace Information: 0 : 21436, 5, 2021/11/18, 17:48:23.336, 902697455781, datacollector.dll, DataCollectionTestCaseEventHandler: Test case 'TestCertifikat387 - 0e7615dd-cf48-da7e-d502-22dc62a42fca' completed
TpTrace Information: 0 : 21436, 5, 2021/11/18, 17:48:23.337, 902697462607, datacollector.dll, DataCollectionTestCaseEventHandler: Test case starting.
TpTrace Information: 0 : 21436, 5, 2021/11/18, 17:48:23.338, 902697466121, datacollector.dll, Blame Collector : Test Case Start
TpTrace Information: 0 : 21436, 5, 2021/11/18, 17:48:23.338, 902697467533, datacollector.dll, DataCollectionTestCaseEventHandler: Test case 'TestRadSaProdavačima - aae5fa86-d336-7dd9-87b5-34e217aadcb6' started.
TpTrace Information: 0 : 21436, 5, 2021/11/18, 17:48:23.340, 902697490495, datacollector.dll, DataCollectionTestCaseEventHandler : Test case completing.
TpTrace Information: 0 : 21436, 5, 2021/11/18, 17:48:23.340, 902697494263, datacollector.dll, Blame Collector : Test Case End
TpTrace Information: 0 : 21436, 5, 2021/11/18, 17:48:23.340, 902697495910, datacollector.dll, DataCollectionTestCaseEventHandler: Test case 'TestRadSaProdavačima - aae5fa86-d336-7dd9-87b5-34e217aadcb6' completed
TpTrace Information: 0 : 21436, 5, 2021/11/18, 17:48:23.341, 902697503141, datacollector.dll, DataCollectionTestCaseEventHandler: Test case starting.
TpTrace Information: 0 : 21436, 5, 2021/11/18, 17:48:23.342, 902697506930, datacollector.dll, Blame Collector : Test Case Start
TpTrace Information: 0 : 21436, 5, 2021/11/18, 17:48:23.342, 902697508516, datacollector.dll, DataCollectionTestCaseEventHandler: Test case 'TestOtvoriŠtand - 8628d629-52a4-539a-049c-c0e7a91ca91d' started.
TpTrace Information: 0 : 21436, 5, 2021/11/18, 17:48:23.344, 902697531752, datacollector.dll, DataCollectionTestCaseEventHandler : Test case completing.
TpTrace Information: 0 : 21436, 5, 2021/11/18, 17:48:23.344, 902697535782, datacollector.dll, Blame Collector : Test Case End
TpTrace Information: 0 : 21436, 5, 2021/11/18, 17:48:23.345, 902697537312, datacollector.dll, DataCollectionTestCaseEventHandler: Test case 'TestOtvoriŠtand - 8628d629-52a4-539a-049c-c0e7a91ca91d' completed
TpTrace Information: 0 : 21436, 5, 2021/11/18, 17:48:23.346, 902697547376, datacollector.dll, DataCollectionTestCaseEventHandler: Test case starting.
TpTrace Information: 0 : 21436, 5, 2021/11/18, 17:48:23.347, 902697564113, datacollector.dll, Blame Collector : Test Case Start
TpTrace Information: 0 : 21436, 5, 2021/11/18, 17:48:23.348, 902697574104, datacollector.dll, DataCollectionTestCaseEventHandler: Test case 'TestIzvršavanjeKupovina - d89678ec-469e-ea36-91fa-34018cbb1cfa' started.
TpTrace Information: 0 : 21436, 5, 2021/11/18, 17:48:23.352, 902697608310, datacollector.dll, DataCollectionTestCaseEventHandler : Test case completing.
TpTrace Information: 0 : 21436, 5, 2021/11/18, 17:48:23.352, 902697614399, datacollector.dll, Blame Collector : Test Case End
TpTrace Information: 0 : 21436, 5, 2021/11/18, 17:48:23.353, 902697617983, datacollector.dll, DataCollectionTestCaseEventHandler: Test case 'TestIzvršavanjeKupovina - d89678ec-469e-ea36-91fa-34018cbb1cfa' completed
TpTrace Information: 0 : 21436, 5, 2021/11/18, 17:48:23.354, 902697628832, datacollector.dll, DataCollectionTestCaseEventHandler: Test case starting.
TpTrace Information: 0 : 21436, 5, 2021/11/18, 17:48:23.355, 902697636423, datacollector.dll, Blame Collector : Test Case Start
TpTrace Information: 0 : 21436, 5, 2021/11/18, 17:48:23.355, 902697639629, datacollector.dll, DataCollectionTestCaseEventHandler: Test case 'TestDodavanjeTipskeNamirnice - 0617cc62-f361-aead-eab8-e1856c664520' started.
TpTrace Information: 0 : 21436, 5, 2021/11/18, 17:48:23.367, 902697763833, datacollector.dll, DataCollectionTestCaseEventHandler : Test case completing.
TpTrace Information: 0 : 21436, 5, 2021/11/18, 17:48:23.369, 902697776511, datacollector.dll, Blame Collector : Test Case End
TpTrace Information: 0 : 21436, 5, 2021/11/18, 17:48:23.369, 902697781365, datacollector.dll, DataCollectionTestCaseEventHandler: Test case 'TestDodavanjeTipskeNamirnice - 0617cc62-f361-aead-eab8-e1856c664520' completed
TpTrace Information: 0 : 21436, 5, 2021/11/18, 17:48:23.370, 902697794060, datacollector.dll, DataCollectionTestCaseEventHandler: Test case starting.
TpTrace Information: 0 : 21436, 5, 2021/11/18, 17:48:23.371, 902697802515, datacollector.dll, Blame Collector : Test Case Start
TpTrace Information: 0 : 21436, 5, 2021/11/18, 17:48:23.371, 902697806105, datacollector.dll, DataCollectionTestCaseEventHandler: Test case 'TestNaručiProizvode - 91d749a9-3c49-9fc6-67f8-7498fbc5052b' started.
TpTrace Information: 0 : 21436, 5, 2021/11/18, 17:48:23.376, 902697848768, datacollector.dll, DataCollectionTestCaseEventHandler : Test case completing.
TpTrace Information: 0 : 21436, 5, 2021/11/18, 17:48:23.376, 902697853865, datacollector.dll, Blame Collector : Test Case End
TpTrace Information: 0 : 21436, 5, 2021/11/18, 17:48:23.376, 902697855626, datacollector.dll, DataCollectionTestCaseEventHandler: Test case 'TestNaručiProizvode - 91d749a9-3c49-9fc6-67f8-7498fbc5052b' completed
TpTrace Information: 0 : 21436, 5, 2021/11/18, 17:48:23.386, 902697952670, datacollector.dll, DataCollectionTestCaseEventHandler: Test session ended
TpTrace Information: 0 : 21436, 1, 2021/11/18, 17:48:23.455, 902698637005, datacollector.dll, DataCollectionRequestHandler.ProcessRequests : Datacollector received message: (DataCollection.AfterTestRunEnd) -> false
TpTrace Information: 0 : 21436, 1, 2021/11/18, 17:48:23.455, 902698643375, datacollector.dll, Blame Collector : Session End
TpTrace Information: 0 : 21436, 1, 2021/11/18, 17:48:23.455, 902698644369, datacollector.dll, BlameCollector.CollectDumpAndAbortTesthost: Custom path to dump directory was provided via VSTEST_DUMP_PATH. Skipping attachment upload, the caller is responsible for collecting and uploading the dumps themselves.
TpTrace Information: 0 : 21436, 1, 2021/11/18, 17:48:23.455, 902698646016, datacollector.dll, DataCollectionManager.CleanupPlugins: CleanupPlugins called
TpTrace Verbose: 0 : 21436, 1, 2021/11/18, 17:48:23.456, 902698647327, datacollector.dll, DataCollectionManager.CleanupPlugins: Cleaning up 1 plugins
TpTrace Verbose: 0 : 21436, 1, 2021/11/18, 17:48:23.456, 902698648793, datacollector.dll, dataCollectorInfo.DisposeDataCollector: calling Dispose() on Microsoft.TestPlatform.Extensions.BlameDataCollector.BlameCollector
TpTrace Information: 0 : 21436, 1, 2021/11/18, 17:48:23.456, 902698649649, datacollector.dll, DataCollectionManager.CleanupPlugins: CleanupPlugins finished
TpTrace Information: 0 : 21436, 1, 2021/11/18, 17:48:23.459, 902698684732, datacollector.dll, DataCollectionRequestHandler.ProcessRequests : Session End message received from server. Closing the connection.
TpTrace Information: 0 : 21436, 1, 2021/11/18, 17:48:23.460, 902698687724, datacollector.dll, Closing the connection !
TpTrace Information: 0 : 21436, 1, 2021/11/18, 17:48:23.460, 902698688527, datacollector.dll, DataCollectionRequestHandler.ProcessRequests : DataCollection completed
TpTrace Information: 0 : 21436, 1, 2021/11/18, 17:48:23.460, 902698688991, datacollector.dll, Program.Main: exiting datacollector process.
