TpTrace Verbose: 0 : 17700, 1, 2021/11/27, 16:05:10.274, 5200428618904, datacollector.dll, Version: 16.11.0
TpTrace Information: 0 : 17700, 1, 2021/11/27, 16:05:10.287, 5200428669368, datacollector.dll, DataCollectorMain.Run: Starting data collector run with args: --port,54084,--parentprocessid,16668,--diag,C:\Users\Armin\Documents\GitHub\Grupa-3-Verifikovani-i-Validirani-Softverasi\Pijaca\Zadatak3\bin\Debug\net5.0\fine-code-coverage\coverage-tool-output\diagnostics.datacollector.21-11-27_16-05-10_05243_4.log,--tracelevel,4
TpTrace Information: 0 : 17700, 1, 2021/11/27, 16:05:10.293, 5200428731828, datacollector.dll, DataCollector: Monitoring parent process with id: '16668'
TpTrace Information: 0 : 17700, 1, 2021/11/27, 16:05:10.306, 5200428864678, datacollector.dll, Trying to connect to server on socket : 127.0.0.1:54084 
TpTrace Verbose: 0 : 17700, 1, 2021/11/27, 16:05:10.349, 5200429296609, datacollector.dll, SocketCommunicationManager : SetupClientAsync : Attempting to connect to the server.
TpTrace Information: 0 : 17700, 4, 2021/11/27, 16:05:10.364, 5200429446172, datacollector.dll, Connected to the server successfully 
TpTrace Information: 0 : 17700, 4, 2021/11/27, 16:05:10.365, 5200429447699, datacollector.dll, Using the buffer size of 16384 bytes
TpTrace Information: 0 : 17700, 1, 2021/11/27, 16:05:10.493, 5200430734619, datacollector.dll, DataCollector: Start Request Processing.
TpTrace Information: 0 : 17700, 1, 2021/11/27, 16:05:10.500, 5200430805662, datacollector.dll, DataCollectionRequestHandler.ProcessRequests : Datacollector received message: (DataCollection.BeforeTestRunStart) -> {
  "SettingsXml": "<RunSettings><RunConfiguration><ResultsDirectory>C:\\Users\\Armin\\Documents\\GitHub\\Grupa-3-Verifikovani-i-Validirani-Softverasi\\Pijaca\\Zadatak3\\bin\\Debug\\net5.0\\fine-code-coverage\\coverage-tool-output</ResultsDirectory><TargetPlatform>X64</TargetPlatform><TargetFrameworkVersion>.NETCoreApp,Version=v5.0</TargetFrameworkVersion><DesignMode>False</DesignMode><CollectSourceInformation>False</CollectSourceInformation><TestAdaptersPaths>C:\\Program Files\\dotnet\\sdk\\5.0.402\\Extensions</TestAdaptersPaths></RunConfiguration><LoggerRunSettings><Loggers><Logger friendlyName=\"blame\" enabled=\"True\" /><Logger friendlyName=\"Console\" uri=\"logger://microsoft/TestPlatform/ConsoleLogger/v1\" assemblyQualifiedName=\"Microsoft.VisualStudio.TestPlatform.CommandLine.Internal.ConsoleLogger, vstest.console, Version=15.0.0.0, Culture=neutral, PublicKeyToken=b03f5f7f11d50a3a\" codeBase=\"C:\\Program Files\\dotnet\\sdk\\5.0.402\\vstest.console.dll\" enabled=\"True\" /></Loggers></LoggerRunSettings><DataCollectionRunSettings><DataCollectors><DataCollector friendlyName=\"blame\" enabled=\"True\"><Configuration><ResultsDirectory>C:\\Users\\Armin\\Documents\\GitHub\\Grupa-3-Verifikovani-i-Validirani-Softverasi\\Pijaca\\Zadatak3\\bin\\Debug\\net5.0\\fine-code-coverage\\coverage-tool-output</ResultsDirectory></Configuration></DataCollector></DataCollectors></DataCollectionRunSettings></RunSettings>",
  "Sources": [
    "C:\\Users\\Armin\\Documents\\GitHub\\Grupa-3-Verifikovani-i-Validirani-Softverasi\\Pijaca\\Zadatak3\\bin\\Debug\\net5.0\\fine-code-coverage\\build-output\\Zadatak3.dll"
  ],
  "IsTelemetryOptedIn": false
}
TpTrace Verbose: 0 : 17700, 1, 2021/11/27, 16:05:10.563, 5200431434609, datacollector.dll, TestPluginCache: Update extensions started. Skip filter = False
TpTrace Verbose: 0 : 17700, 1, 2021/11/27, 16:05:10.564, 5200431444560, datacollector.dll, TestPluginCache: Using directories for assembly resolution 'C:\Program Files\dotnet\sdk\5.0.402\Extensions'.
TpTrace Verbose: 0 : 17700, 1, 2021/11/27, 16:05:10.564, 5200431445706, datacollector.dll, TestPluginCache: Updated the available extensions to 'C:\Program Files\dotnet\sdk\5.0.402\Extensions\Microsoft.TestPlatform.Extensions.BlameDataCollector.dll,C:\Program Files\dotnet\sdk\5.0.402\Extensions\Microsoft.TestPlatform.Extensions.EventLogCollector.dll'.
TpTrace Verbose: 0 : 17700, 1, 2021/11/27, 16:05:10.574, 5200431545889, datacollector.dll, TestPluginCache.DiscoverTestExtensions: finding test extensions in assemblies ends with: Collector.dll TPluginInfo: Microsoft.VisualStudio.TestPlatform.Common.DataCollector.DataCollectorConfig TExtension: Microsoft.VisualStudio.TestPlatform.ObjectModel.DataCollection.DataCollector
TpTrace Verbose: 0 : 17700, 1, 2021/11/27, 16:05:10.576, 5200431561190, datacollector.dll, TestPluginCache.GetExtensionPaths: Filtered extension paths: C:\Program Files\dotnet\sdk\5.0.402\Extensions\Microsoft.TestPlatform.Extensions.BlameDataCollector.dll
C:\Program Files\dotnet\sdk\5.0.402\Extensions\Microsoft.TestPlatform.Extensions.EventLogCollector.dll
TpTrace Verbose: 0 : 17700, 1, 2021/11/27, 16:05:10.576, 5200431562933, datacollector.dll, TestPluginCache.GetExtensionPaths: Added default extension paths: 
TpTrace Verbose: 0 : 17700, 1, 2021/11/27, 16:05:10.576, 5200431564345, datacollector.dll, TestPluginCache.GetExtensionPaths: Added unfilterableExtensionPaths: 
TpTrace Information: 0 : 17700, 1, 2021/11/27, 16:05:10.577, 5200431575834, datacollector.dll, AssemblyResolver.ctor: Creating AssemblyResolver with searchDirectories C:\Program Files\dotnet\sdk\5.0.402\Extensions,C:\Program Files\dotnet\sdk\5.0.402
TpTrace Verbose: 0 : 17700, 1, 2021/11/27, 16:05:10.579, 5200431597480, datacollector.dll, TestPluginCache.DiscoverTestExtensions: Discovering the extensions using extension path.
TpTrace Verbose: 0 : 17700, 1, 2021/11/27, 16:05:10.580, 5200431600385, datacollector.dll, TestPluginCache.GetExtensionPaths: Filtered extension paths: C:\Program Files\dotnet\sdk\5.0.402\Extensions\Microsoft.TestPlatform.Extensions.BlameDataCollector.dll
C:\Program Files\dotnet\sdk\5.0.402\Extensions\Microsoft.TestPlatform.Extensions.EventLogCollector.dll
TpTrace Verbose: 0 : 17700, 1, 2021/11/27, 16:05:10.580, 5200431601132, datacollector.dll, TestPluginCache.GetExtensionPaths: Added default extension paths: 
TpTrace Verbose: 0 : 17700, 1, 2021/11/27, 16:05:10.580, 5200431601583, datacollector.dll, TestPluginCache.GetExtensionPaths: Added unfilterableExtensionPaths: 
TpTrace Verbose: 0 : 17700, 1, 2021/11/27, 16:05:10.580, 5200431602354, datacollector.dll, TestPluginCache.DiscoverTestExtensions: Discovering the extensions using allExtensionPaths: C:\Program Files\dotnet\sdk\5.0.402\Extensions\Microsoft.TestPlatform.Extensions.BlameDataCollector.dll
C:\Program Files\dotnet\sdk\5.0.402\Extensions\Microsoft.TestPlatform.Extensions.EventLogCollector.dll
TpTrace Information: 0 : 17700, 1, 2021/11/27, 16:05:10.580, 5200431603969, datacollector.dll, AssemblyResolver.AddSearchDirectories: Adding more searchDirectories C:\Program Files\dotnet\sdk\5.0.402\Extensions,C:\Program Files\dotnet\sdk\5.0.402
TpTrace Information: 0 : 17700, 1, 2021/11/27, 16:05:10.580, 5200431604932, datacollector.dll, AssemblyResolver.AddSearchDirectories: Adding more searchDirectories C:\Program Files\dotnet\sdk\5.0.402\Extensions,C:\Program Files\dotnet\sdk\5.0.402
TpTrace Information: 0 : 17700, 1, 2021/11/27, 16:05:10.581, 5200431610642, datacollector.dll, AssemblyResolver.OnResolve: Microsoft.TestPlatform.Extensions.BlameDataCollector: Resolving assembly.
TpTrace Information: 0 : 17700, 1, 2021/11/27, 16:05:10.581, 5200431611737, datacollector.dll, AssemblyResolver.OnResolve: Microsoft.TestPlatform.Extensions.BlameDataCollector: Searching in: 'C:\Program Files\dotnet\sdk\5.0.402\Extensions'.
TpTrace Information: 0 : 17700, 1, 2021/11/27, 16:05:10.582, 5200431617843, datacollector.dll, AssemblyResolver.OnResolve: Microsoft.TestPlatform.Extensions.BlameDataCollector: Loading assembly 'C:\Program Files\dotnet\sdk\5.0.402\Extensions\Microsoft.TestPlatform.Extensions.BlameDataCollector.dll'.
TpTrace Information: 0 : 17700, 1, 2021/11/27, 16:05:10.582, 5200431625218, datacollector.dll, AssemblyResolver.OnResolve: Resolved assembly: Microsoft.TestPlatform.Extensions.BlameDataCollector, from path: C:\Program Files\dotnet\sdk\5.0.402\Extensions\Microsoft.TestPlatform.Extensions.BlameDataCollector.dll
TpTrace Error: 0 : 17700, 1, 2021/11/27, 16:05:10.584, 5200431642225, datacollector.dll, The type "Microsoft.TestPlatform.Extensions.BlameDataCollector.BlameCollector" defined in "Microsoft.TestPlatform.Extensions.BlameDataCollector.dll" does not have ExtensionUri attribute.
TpTrace Information: 0 : 17700, 1, 2021/11/27, 16:05:10.586, 5200431667138, datacollector.dll, AssemblyResolver.OnResolve: Microsoft.TestPlatform.Extensions.EventLogCollector: Resolving assembly.
TpTrace Information: 0 : 17700, 1, 2021/11/27, 16:05:10.587, 5200431668998, datacollector.dll, AssemblyResolver.OnResolve: Microsoft.TestPlatform.Extensions.EventLogCollector: Searching in: 'C:\Program Files\dotnet\sdk\5.0.402\Extensions'.
TpTrace Information: 0 : 17700, 1, 2021/11/27, 16:05:10.587, 5200431674073, datacollector.dll, AssemblyResolver.OnResolve: Microsoft.TestPlatform.Extensions.EventLogCollector: Loading assembly 'C:\Program Files\dotnet\sdk\5.0.402\Extensions\Microsoft.TestPlatform.Extensions.EventLogCollector.dll'.
TpTrace Information: 0 : 17700, 1, 2021/11/27, 16:05:10.588, 5200431679045, datacollector.dll, AssemblyResolver.OnResolve: Resolved assembly: Microsoft.TestPlatform.Extensions.EventLogCollector, from path: C:\Program Files\dotnet\sdk\5.0.402\Extensions\Microsoft.TestPlatform.Extensions.EventLogCollector.dll
TpTrace Error: 0 : 17700, 1, 2021/11/27, 16:05:10.593, 5200431728489, datacollector.dll, The type "Microsoft.TestPlatform.Extensions.EventLogCollector.EventLogDataCollector" defined in "Microsoft.TestPlatform.Extensions.EventLogCollector.dll" does not have ExtensionUri attribute.
TpTrace Verbose: 0 : 17700, 1, 2021/11/27, 16:05:10.593, 5200431735410, datacollector.dll, TestPluginCache: Discovered the extensions using extension path 'C:\Program Files\dotnet\sdk\5.0.402\Extensions\Microsoft.TestPlatform.Extensions.BlameDataCollector.dll,C:\Program Files\dotnet\sdk\5.0.402\Extensions\Microsoft.TestPlatform.Extensions.EventLogCollector.dll'.
TpTrace Verbose: 0 : 17700, 1, 2021/11/27, 16:05:10.593, 5200431736746, datacollector.dll, TestPluginCache: Discoverers are ''.
TpTrace Verbose: 0 : 17700, 1, 2021/11/27, 16:05:10.593, 5200431737251, datacollector.dll, TestPluginCache: Executors are ''.
TpTrace Verbose: 0 : 17700, 1, 2021/11/27, 16:05:10.594, 5200431737745, datacollector.dll, TestPluginCache: Executors2 are ''.
TpTrace Verbose: 0 : 17700, 1, 2021/11/27, 16:05:10.594, 5200431738190, datacollector.dll, TestPluginCache: Setting providers are ''.
TpTrace Verbose: 0 : 17700, 1, 2021/11/27, 16:05:10.594, 5200431738703, datacollector.dll, TestPluginCache: Loggers are ''.
TpTrace Information: 0 : 17700, 1, 2021/11/27, 16:05:10.596, 5200431760546, datacollector.dll, TestPluginManager.CreateTestExtension: Attempting to load test extension: Microsoft.TestPlatform.Extensions.BlameDataCollector.BlameCollector
TpTrace Error: 0 : 17700, 1, 2021/11/27, 16:05:10.597, 5200431767725, datacollector.dll, The type "Microsoft.TestPlatform.Extensions.BlameDataCollector.BlameCollector" defined in "Microsoft.TestPlatform.Extensions.BlameDataCollector.dll" does not have ExtensionUri attribute.
TpTrace Information: 0 : 17700, 1, 2021/11/27, 16:05:10.605, 5200431849498, datacollector.dll, Listening on Endpoint : 127.0.0.1:54086
TpTrace Information: 0 : 17700, 1, 2021/11/27, 16:05:10.618, 5200431982742, datacollector.dll, DataCollectionRequestHandler.ProcessRequests : DataCollection started.
TpTrace Information: 0 : 17700, 1, 2021/11/27, 16:05:10.652, 5200432325497, datacollector.dll, DataCollectionRequestHandler.ProcessRequests : Datacollector received message: (DataCollection.TestHostLaunched) -> {
  "ProcessId": 15240
}
TpTrace Information: 0 : 17700, 6, 2021/11/27, 16:05:11.117, 5200436972677, datacollector.dll, Using the buffer size of 16384 bytes
TpTrace Information: 0 : 17700, 6, 2021/11/27, 16:05:11.117, 5200436974080, datacollector.dll, Accepted Client request and set the flag
TpTrace Information: 0 : 17700, 4, 2021/11/27, 16:05:11.933, 5200445128901, datacollector.dll, DataCollectionTestCaseEventHandler: Test case starting.
TpTrace Information: 0 : 17700, 4, 2021/11/27, 16:05:12.005, 5200445856443, datacollector.dll, Blame Collector : Test Case Start
TpTrace Information: 0 : 17700, 4, 2021/11/27, 16:05:12.015, 5200445950257, datacollector.dll, DataCollectionTestCaseEventHandler: Test case 'TestProdavacIme - 5ccc8b82-4246-411d-c0aa-efec081f04c6' started.
TpTrace Information: 0 : 17700, 4, 2021/11/27, 16:05:12.133, 5200447128513, datacollector.dll, DataCollectionTestCaseEventHandler : Test case completing.
TpTrace Information: 0 : 17700, 4, 2021/11/27, 16:05:12.138, 5200447187237, datacollector.dll, Blame Collector : Test Case End
TpTrace Information: 0 : 17700, 4, 2021/11/27, 16:05:12.149, 5200447291186, datacollector.dll, DataCollectionTestCaseEventHandler: Test case 'TestProdavacIme - 5ccc8b82-4246-411d-c0aa-efec081f04c6' completed
TpTrace Information: 0 : 17700, 4, 2021/11/27, 16:05:12.172, 5200447518419, datacollector.dll, DataCollectionTestCaseEventHandler: Test case starting.
TpTrace Information: 0 : 17700, 4, 2021/11/27, 16:05:12.174, 5200447546184, datacollector.dll, Blame Collector : Test Case Start
TpTrace Information: 0 : 17700, 4, 2021/11/27, 16:05:12.176, 5200447560657, datacollector.dll, DataCollectionTestCaseEventHandler: Test case 'TestOtvaranjeStanda - d745ec71-ea17-db7e-bd0f-3f0fe5175e6c' started.
TpTrace Information: 0 : 17700, 4, 2021/11/27, 16:05:12.179, 5200447597182, datacollector.dll, DataCollectionTestCaseEventHandler : Test case completing.
TpTrace Information: 0 : 17700, 4, 2021/11/27, 16:05:12.180, 5200447604743, datacollector.dll, Blame Collector : Test Case End
TpTrace Information: 0 : 17700, 4, 2021/11/27, 16:05:12.181, 5200447608193, datacollector.dll, DataCollectionTestCaseEventHandler: Test case 'TestOtvaranjeStanda - d745ec71-ea17-db7e-bd0f-3f0fe5175e6c' completed
TpTrace Information: 0 : 17700, 4, 2021/11/27, 16:05:12.182, 5200447619332, datacollector.dll, DataCollectionTestCaseEventHandler: Test case starting.
TpTrace Information: 0 : 17700, 4, 2021/11/27, 16:05:12.182, 5200447625906, datacollector.dll, Blame Collector : Test Case Start
TpTrace Information: 0 : 17700, 4, 2021/11/27, 16:05:12.183, 5200447628973, datacollector.dll, DataCollectionTestCaseEventHandler: Test case 'TestKonstruktoraProdavaca - 3ab4ef39-dc6f-9e81-5a97-bfdd06cb9c02' started.
TpTrace Information: 0 : 17700, 4, 2021/11/27, 16:05:12.185, 5200447649366, datacollector.dll, DataCollectionTestCaseEventHandler : Test case completing.
TpTrace Information: 0 : 17700, 4, 2021/11/27, 16:05:12.185, 5200447655604, datacollector.dll, Blame Collector : Test Case End
TpTrace Information: 0 : 17700, 4, 2021/11/27, 16:05:12.190, 5200447700519, datacollector.dll, DataCollectionTestCaseEventHandler: Test case 'TestKonstruktoraProdavaca - 3ab4ef39-dc6f-9e81-5a97-bfdd06cb9c02' completed
TpTrace Information: 0 : 17700, 4, 2021/11/27, 16:05:12.193, 5200447736037, datacollector.dll, DataCollectionTestCaseEventHandler: Test case starting.
TpTrace Information: 0 : 17700, 4, 2021/11/27, 16:05:12.194, 5200447745900, datacollector.dll, Blame Collector : Test Case Start
TpTrace Information: 0 : 17700, 4, 2021/11/27, 16:05:12.196, 5200447764717, datacollector.dll, DataCollectionTestCaseEventHandler: Test case 'TestRegistrujPromet - c469f497-0e6f-ff4d-3e48-39171aededd2' started.
TpTrace Information: 0 : 17700, 4, 2021/11/27, 16:05:12.199, 5200447793456, datacollector.dll, DataCollectionTestCaseEventHandler : Test case completing.
TpTrace Information: 0 : 17700, 4, 2021/11/27, 16:05:12.200, 5200447800919, datacollector.dll, Blame Collector : Test Case End
TpTrace Information: 0 : 17700, 4, 2021/11/27, 16:05:12.200, 5200447803778, datacollector.dll, DataCollectionTestCaseEventHandler: Test case 'TestRegistrujPromet - c469f497-0e6f-ff4d-3e48-39171aededd2' completed
TpTrace Information: 0 : 17700, 4, 2021/11/27, 16:05:12.201, 5200447815675, datacollector.dll, DataCollectionTestCaseEventHandler: Test case starting.
TpTrace Information: 0 : 17700, 4, 2021/11/27, 16:05:12.202, 5200447821976, datacollector.dll, Blame Collector : Test Case Start
TpTrace Information: 0 : 17700, 4, 2021/11/27, 16:05:12.202, 5200447824858, datacollector.dll, DataCollectionTestCaseEventHandler: Test case 'TestProizvodIme - 47c4d756-a527-d663-9f1e-5969f7356ac1' started.
TpTrace Information: 0 : 17700, 4, 2021/11/27, 16:05:12.204, 5200447846179, datacollector.dll, DataCollectionTestCaseEventHandler : Test case completing.
TpTrace Information: 0 : 17700, 4, 2021/11/27, 16:05:12.205, 5200447852202, datacollector.dll, Blame Collector : Test Case End
TpTrace Information: 0 : 17700, 4, 2021/11/27, 16:05:12.205, 5200447854679, datacollector.dll, DataCollectionTestCaseEventHandler: Test case 'TestProizvodIme - 47c4d756-a527-d663-9f1e-5969f7356ac1' completed
TpTrace Information: 0 : 17700, 4, 2021/11/27, 16:05:12.209, 5200447893622, datacollector.dll, DataCollectionTestCaseEventHandler: Test case starting.
TpTrace Information: 0 : 17700, 4, 2021/11/27, 16:05:12.210, 5200447903782, datacollector.dll, Blame Collector : Test Case Start
TpTrace Information: 0 : 17700, 4, 2021/11/27, 16:05:12.211, 5200447908180, datacollector.dll, DataCollectionTestCaseEventHandler: Test case 'TestKolicinaNaStanju - 879a4200-6572-e2b5-6741-c13751e73ba6' started.
TpTrace Information: 0 : 17700, 4, 2021/11/27, 16:05:12.213, 5200447931044, datacollector.dll, DataCollectionTestCaseEventHandler : Test case completing.
TpTrace Information: 0 : 17700, 4, 2021/11/27, 16:05:12.213, 5200447937269, datacollector.dll, Blame Collector : Test Case End
TpTrace Information: 0 : 17700, 4, 2021/11/27, 16:05:12.214, 5200447940001, datacollector.dll, DataCollectionTestCaseEventHandler: Test case 'TestKolicinaNaStanju - 879a4200-6572-e2b5-6741-c13751e73ba6' completed
TpTrace Information: 0 : 17700, 4, 2021/11/27, 16:05:12.215, 5200447952807, datacollector.dll, DataCollectionTestCaseEventHandler: Test case starting.
TpTrace Information: 0 : 17700, 4, 2021/11/27, 16:05:12.216, 5200447958663, datacollector.dll, Blame Collector : Test Case Start
TpTrace Information: 0 : 17700, 4, 2021/11/27, 16:05:12.216, 5200447960757, datacollector.dll, DataCollectionTestCaseEventHandler: Test case 'TestOcekivanaKolicina - fb284c69-29f0-c270-e348-4042775b3e47' started.
TpTrace Information: 0 : 17700, 4, 2021/11/27, 16:05:12.218, 5200447978149, datacollector.dll, DataCollectionTestCaseEventHandler : Test case completing.
TpTrace Information: 0 : 17700, 4, 2021/11/27, 16:05:12.218, 5200447985210, datacollector.dll, Blame Collector : Test Case End
TpTrace Information: 0 : 17700, 4, 2021/11/27, 16:05:12.219, 5200447988233, datacollector.dll, DataCollectionTestCaseEventHandler: Test case 'TestOcekivanaKolicina - fb284c69-29f0-c270-e348-4042775b3e47' completed
TpTrace Information: 0 : 17700, 4, 2021/11/27, 16:05:12.220, 5200447999682, datacollector.dll, DataCollectionTestCaseEventHandler: Test case starting.
TpTrace Information: 0 : 17700, 4, 2021/11/27, 16:05:12.220, 5200448005140, datacollector.dll, Blame Collector : Test Case Start
TpTrace Information: 0 : 17700, 4, 2021/11/27, 16:05:12.220, 5200448007221, datacollector.dll, DataCollectionTestCaseEventHandler: Test case 'TestDatumPristizanja - 35042000-a727-6a77-d866-2691510089e2' started.
TpTrace Information: 0 : 17700, 4, 2021/11/27, 16:05:12.223, 5200448031386, datacollector.dll, DataCollectionTestCaseEventHandler : Test case completing.
TpTrace Information: 0 : 17700, 4, 2021/11/27, 16:05:12.225, 5200448054581, datacollector.dll, Blame Collector : Test Case End
TpTrace Information: 0 : 17700, 4, 2021/11/27, 16:05:12.226, 5200448060154, datacollector.dll, DataCollectionTestCaseEventHandler: Test case 'TestDatumPristizanja - 35042000-a727-6a77-d866-2691510089e2' completed
TpTrace Information: 0 : 17700, 4, 2021/11/27, 16:05:12.227, 5200448073360, datacollector.dll, DataCollectionTestCaseEventHandler: Test case starting.
TpTrace Information: 0 : 17700, 4, 2021/11/27, 16:05:12.228, 5200448081498, datacollector.dll, Blame Collector : Test Case Start
TpTrace Information: 0 : 17700, 4, 2021/11/27, 16:05:12.228, 5200448084762, datacollector.dll, DataCollectionTestCaseEventHandler: Test case 'TestDatumOcekivaneKolicine - 8f4a0743-3ef6-3326-123e-2239a99bca59' started.
TpTrace Information: 0 : 17700, 4, 2021/11/27, 16:05:12.231, 5200448107592, datacollector.dll, DataCollectionTestCaseEventHandler : Test case completing.
TpTrace Information: 0 : 17700, 4, 2021/11/27, 16:05:12.231, 5200448113149, datacollector.dll, Blame Collector : Test Case End
TpTrace Information: 0 : 17700, 4, 2021/11/27, 16:05:12.231, 5200448115222, datacollector.dll, DataCollectionTestCaseEventHandler: Test case 'TestDatumOcekivaneKolicine - 8f4a0743-3ef6-3326-123e-2239a99bca59' completed
TpTrace Information: 0 : 17700, 4, 2021/11/27, 16:05:12.298, 5200448786819, datacollector.dll, DataCollectionTestCaseEventHandler: Test case starting.
TpTrace Information: 0 : 17700, 4, 2021/11/27, 16:05:12.300, 5200448800371, datacollector.dll, Blame Collector : Test Case Start
TpTrace Information: 0 : 17700, 4, 2021/11/27, 16:05:12.300, 5200448805552, datacollector.dll, DataCollectionTestCaseEventHandler: Test case 'TestCijenaProizvoda - f3950574-6a30-6453-d3be-6d8c1dd6fc79' started.
TpTrace Information: 0 : 17700, 4, 2021/11/27, 16:05:12.303, 5200448834842, datacollector.dll, DataCollectionTestCaseEventHandler : Test case completing.
TpTrace Information: 0 : 17700, 4, 2021/11/27, 16:05:12.304, 5200448842185, datacollector.dll, Blame Collector : Test Case End
TpTrace Information: 0 : 17700, 4, 2021/11/27, 16:05:12.304, 5200448845983, datacollector.dll, DataCollectionTestCaseEventHandler: Test case 'TestCijenaProizvoda - f3950574-6a30-6453-d3be-6d8c1dd6fc79' completed
TpTrace Information: 0 : 17700, 4, 2021/11/27, 16:05:12.306, 5200448864543, datacollector.dll, DataCollectionTestCaseEventHandler: Test case starting.
TpTrace Information: 0 : 17700, 4, 2021/11/27, 16:05:12.310, 5200448898273, datacollector.dll, Blame Collector : Test Case Start
TpTrace Information: 0 : 17700, 4, 2021/11/27, 16:05:12.311, 5200448908321, datacollector.dll, DataCollectionTestCaseEventHandler: Test case 'TestCertifikat387 - 0e7615dd-cf48-da7e-d502-22dc62a42fca' started.
TpTrace Information: 0 : 17700, 4, 2021/11/27, 16:05:12.314, 5200448944092, datacollector.dll, DataCollectionTestCaseEventHandler : Test case completing.
TpTrace Information: 0 : 17700, 4, 2021/11/27, 16:05:12.315, 5200448955257, datacollector.dll, Blame Collector : Test Case End
TpTrace Information: 0 : 17700, 4, 2021/11/27, 16:05:12.316, 5200448960977, datacollector.dll, DataCollectionTestCaseEventHandler: Test case 'TestCertifikat387 - 0e7615dd-cf48-da7e-d502-22dc62a42fca' completed
TpTrace Information: 0 : 17700, 4, 2021/11/27, 16:05:12.318, 5200448979262, datacollector.dll, DataCollectionTestCaseEventHandler: Test case starting.
TpTrace Information: 0 : 17700, 4, 2021/11/27, 16:05:12.319, 5200448987889, datacollector.dll, Blame Collector : Test Case Start
TpTrace Information: 0 : 17700, 4, 2021/11/27, 16:05:12.319, 5200448992215, datacollector.dll, DataCollectionTestCaseEventHandler: Test case 'TestRadSaProdavačima - aae5fa86-d336-7dd9-87b5-34e217aadcb6' started.
TpTrace Information: 0 : 17700, 4, 2021/11/27, 16:05:12.327, 5200449072004, datacollector.dll, DataCollectionTestCaseEventHandler : Test case completing.
TpTrace Information: 0 : 17700, 4, 2021/11/27, 16:05:12.328, 5200449083247, datacollector.dll, Blame Collector : Test Case End
TpTrace Information: 0 : 17700, 4, 2021/11/27, 16:05:12.329, 5200449088607, datacollector.dll, DataCollectionTestCaseEventHandler: Test case 'TestRadSaProdavačima - aae5fa86-d336-7dd9-87b5-34e217aadcb6' completed
TpTrace Information: 0 : 17700, 4, 2021/11/27, 16:05:12.330, 5200449105689, datacollector.dll, DataCollectionTestCaseEventHandler: Test case starting.
TpTrace Information: 0 : 17700, 4, 2021/11/27, 16:05:12.331, 5200449112450, datacollector.dll, Blame Collector : Test Case Start
TpTrace Information: 0 : 17700, 4, 2021/11/27, 16:05:12.331, 5200449115264, datacollector.dll, DataCollectionTestCaseEventHandler: Test case 'TestOtvoriŠtand - 8628d629-52a4-539a-049c-c0e7a91ca91d' started.
TpTrace Information: 0 : 17700, 4, 2021/11/27, 16:05:12.335, 5200449154242, datacollector.dll, DataCollectionTestCaseEventHandler : Test case completing.
TpTrace Information: 0 : 17700, 4, 2021/11/27, 16:05:12.336, 5200449162550, datacollector.dll, Blame Collector : Test Case End
TpTrace Information: 0 : 17700, 4, 2021/11/27, 16:05:12.336, 5200449166187, datacollector.dll, DataCollectionTestCaseEventHandler: Test case 'TestOtvoriŠtand - 8628d629-52a4-539a-049c-c0e7a91ca91d' completed
TpTrace Information: 0 : 17700, 4, 2021/11/27, 16:05:12.338, 5200449180033, datacollector.dll, DataCollectionTestCaseEventHandler: Test case starting.
TpTrace Information: 0 : 17700, 4, 2021/11/27, 16:05:12.339, 5200449192473, datacollector.dll, Blame Collector : Test Case Start
TpTrace Information: 0 : 17700, 4, 2021/11/27, 16:05:12.340, 5200449203975, datacollector.dll, DataCollectionTestCaseEventHandler: Test case 'TestIzvršavanjeKupovina - d89678ec-469e-ea36-91fa-34018cbb1cfa' started.
TpTrace Information: 0 : 17700, 4, 2021/11/27, 16:05:12.345, 5200449255148, datacollector.dll, DataCollectionTestCaseEventHandler : Test case completing.
TpTrace Information: 0 : 17700, 4, 2021/11/27, 16:05:12.346, 5200449265376, datacollector.dll, Blame Collector : Test Case End
TpTrace Information: 0 : 17700, 4, 2021/11/27, 16:05:12.347, 5200449269087, datacollector.dll, DataCollectionTestCaseEventHandler: Test case 'TestIzvršavanjeKupovina - d89678ec-469e-ea36-91fa-34018cbb1cfa' completed
TpTrace Information: 0 : 17700, 4, 2021/11/27, 16:05:12.348, 5200449284124, datacollector.dll, DataCollectionTestCaseEventHandler: Test case starting.
TpTrace Information: 0 : 17700, 4, 2021/11/27, 16:05:12.349, 5200449292255, datacollector.dll, Blame Collector : Test Case Start
TpTrace Information: 0 : 17700, 4, 2021/11/27, 16:05:12.349, 5200449295355, datacollector.dll, DataCollectionTestCaseEventHandler: Test case 'TestDodavanjeTipskeNamirnice - 0617cc62-f361-aead-eab8-e1856c664520' started.
TpTrace Information: 0 : 17700, 4, 2021/11/27, 16:05:12.363, 5200449435991, datacollector.dll, DataCollectionTestCaseEventHandler : Test case completing.
TpTrace Information: 0 : 17700, 4, 2021/11/27, 16:05:12.364, 5200449442531, datacollector.dll, Blame Collector : Test Case End
TpTrace Information: 0 : 17700, 4, 2021/11/27, 16:05:12.364, 5200449445507, datacollector.dll, DataCollectionTestCaseEventHandler: Test case 'TestDodavanjeTipskeNamirnice - 0617cc62-f361-aead-eab8-e1856c664520' completed
TpTrace Information: 0 : 17700, 4, 2021/11/27, 16:05:12.366, 5200449458714, datacollector.dll, DataCollectionTestCaseEventHandler: Test case starting.
TpTrace Information: 0 : 17700, 4, 2021/11/27, 16:05:12.366, 5200449465842, datacollector.dll, Blame Collector : Test Case Start
TpTrace Information: 0 : 17700, 4, 2021/11/27, 16:05:12.367, 5200449469045, datacollector.dll, DataCollectionTestCaseEventHandler: Test case 'TestNaručiProizvode - 91d749a9-3c49-9fc6-67f8-7498fbc5052b' started.
TpTrace Information: 0 : 17700, 4, 2021/11/27, 16:05:12.373, 5200449529526, datacollector.dll, DataCollectionTestCaseEventHandler : Test case completing.
TpTrace Information: 0 : 17700, 4, 2021/11/27, 16:05:12.375, 5200449557134, datacollector.dll, Blame Collector : Test Case End
TpTrace Information: 0 : 17700, 4, 2021/11/27, 16:05:12.376, 5200449563388, datacollector.dll, DataCollectionTestCaseEventHandler: Test case 'TestNaručiProizvode - 91d749a9-3c49-9fc6-67f8-7498fbc5052b' completed
TpTrace Information: 0 : 17700, 4, 2021/11/27, 16:05:12.378, 5200449587297, datacollector.dll, DataCollectionTestCaseEventHandler: Test case starting.
TpTrace Information: 0 : 17700, 4, 2021/11/27, 16:05:12.380, 5200449597838, datacollector.dll, Blame Collector : Test Case Start
TpTrace Information: 0 : 17700, 4, 2021/11/27, 16:05:12.380, 5200449601642, datacollector.dll, DataCollectionTestCaseEventHandler: Test case 'TestInspekcija - 9b31d284-4e6c-79fd-b774-cf1c0dc51849' started.
TpTrace Information: 0 : 17700, 4, 2021/11/27, 16:05:12.383, 5200449632415, datacollector.dll, DataCollectionTestCaseEventHandler : Test case completing.
TpTrace Information: 0 : 17700, 4, 2021/11/27, 16:05:12.384, 5200449639710, datacollector.dll, Blame Collector : Test Case End
TpTrace Information: 0 : 17700, 4, 2021/11/27, 16:05:12.384, 5200449643062, datacollector.dll, DataCollectionTestCaseEventHandler: Test case 'TestInspekcija - 9b31d284-4e6c-79fd-b774-cf1c0dc51849' completed
TpTrace Information: 0 : 17700, 4, 2021/11/27, 16:05:12.385, 5200449657255, datacollector.dll, DataCollectionTestCaseEventHandler: Test case starting.
TpTrace Information: 0 : 17700, 4, 2021/11/27, 16:05:12.386, 5200449664052, datacollector.dll, Blame Collector : Test Case Start
TpTrace Information: 0 : 17700, 4, 2021/11/27, 16:05:12.386, 5200449666816, datacollector.dll, DataCollectionTestCaseEventHandler: Test case 'TestKrajZakupa - c4fbb387-ff8f-e846-e170-ee4134e56d7d' started.
TpTrace Information: 0 : 17700, 4, 2021/11/27, 16:05:12.391, 5200449708535, datacollector.dll, DataCollectionTestCaseEventHandler : Test case completing.
TpTrace Information: 0 : 17700, 4, 2021/11/27, 16:05:12.393, 5200449729569, datacollector.dll, Blame Collector : Test Case End
TpTrace Information: 0 : 17700, 4, 2021/11/27, 16:05:12.393, 5200449734061, datacollector.dll, DataCollectionTestCaseEventHandler: Test case 'TestKrajZakupa - c4fbb387-ff8f-e846-e170-ee4134e56d7d' completed
TpTrace Information: 0 : 17700, 4, 2021/11/27, 16:05:12.399, 5200449795514, datacollector.dll, DataCollectionTestCaseEventHandler: Test case starting.
TpTrace Information: 0 : 17700, 4, 2021/11/27, 16:05:12.400, 5200449802480, datacollector.dll, Blame Collector : Test Case Start
TpTrace Information: 0 : 17700, 4, 2021/11/27, 16:05:12.400, 5200449805215, datacollector.dll, DataCollectionTestCaseEventHandler: Test case 'TestKupovine - 6dfd0895-736d-8f33-f2ef-045e9c3229ce' started.
TpTrace Information: 0 : 17700, 4, 2021/11/27, 16:05:12.403, 5200449830088, datacollector.dll, DataCollectionTestCaseEventHandler : Test case completing.
TpTrace Information: 0 : 17700, 4, 2021/11/27, 16:05:12.403, 5200449836421, datacollector.dll, Blame Collector : Test Case End
TpTrace Information: 0 : 17700, 4, 2021/11/27, 16:05:12.404, 5200449839142, datacollector.dll, DataCollectionTestCaseEventHandler: Test case 'TestKupovine - 6dfd0895-736d-8f33-f2ef-045e9c3229ce' completed
TpTrace Information: 0 : 17700, 4, 2021/11/27, 16:05:12.413, 5200449933617, datacollector.dll, DataCollectionTestCaseEventHandler: Test case starting.
TpTrace Information: 0 : 17700, 4, 2021/11/27, 16:05:12.414, 5200449942854, datacollector.dll, Blame Collector : Test Case Start
TpTrace Information: 0 : 17700, 4, 2021/11/27, 16:05:12.414, 5200449946459, datacollector.dll, DataCollectionTestCaseEventHandler: Test case 'TestKupovinaProizvod - 98def462-ed60-cfb1-259c-18ecec99ca57' started.
TpTrace Information: 0 : 17700, 4, 2021/11/27, 16:05:12.417, 5200449973378, datacollector.dll, DataCollectionTestCaseEventHandler : Test case completing.
TpTrace Information: 0 : 17700, 4, 2021/11/27, 16:05:12.418, 5200449983020, datacollector.dll, Blame Collector : Test Case End
TpTrace Information: 0 : 17700, 4, 2021/11/27, 16:05:12.419, 5200449987620, datacollector.dll, DataCollectionTestCaseEventHandler: Test case 'TestKupovinaProizvod - 98def462-ed60-cfb1-259c-18ecec99ca57' completed
TpTrace Information: 0 : 17700, 4, 2021/11/27, 16:05:12.420, 5200450002232, datacollector.dll, DataCollectionTestCaseEventHandler: Test case starting.
TpTrace Information: 0 : 17700, 4, 2021/11/27, 16:05:12.421, 5200450008848, datacollector.dll, Blame Collector : Test Case Start
TpTrace Information: 0 : 17700, 4, 2021/11/27, 16:05:12.421, 5200450011437, datacollector.dll, DataCollectionTestCaseEventHandler: Test case 'TestKupovinaKolicina - 3cdb9aca-f03a-f40a-d2e9-5d698a28686f' started.
TpTrace Information: 0 : 17700, 4, 2021/11/27, 16:05:12.426, 5200450062965, datacollector.dll, DataCollectionTestCaseEventHandler : Test case completing.
TpTrace Information: 0 : 17700, 4, 2021/11/27, 16:05:12.427, 5200450072880, datacollector.dll, Blame Collector : Test Case End
TpTrace Information: 0 : 17700, 4, 2021/11/27, 16:05:12.428, 5200450078489, datacollector.dll, DataCollectionTestCaseEventHandler: Test case 'TestKupovinaKolicina - 3cdb9aca-f03a-f40a-d2e9-5d698a28686f' completed
TpTrace Information: 0 : 17700, 4, 2021/11/27, 16:05:12.429, 5200450096823, datacollector.dll, DataCollectionTestCaseEventHandler: Test case starting.
TpTrace Information: 0 : 17700, 4, 2021/11/27, 16:05:12.430, 5200450103637, datacollector.dll, Blame Collector : Test Case Start
TpTrace Information: 0 : 17700, 4, 2021/11/27, 16:05:12.430, 5200450106735, datacollector.dll, DataCollectionTestCaseEventHandler: Test case 'TestKupovinaCijena - f1c3d513-3eca-f908-0e79-2c064f10ed7a' started.
TpTrace Information: 0 : 17700, 4, 2021/11/27, 16:05:12.433, 5200450129564, datacollector.dll, DataCollectionTestCaseEventHandler : Test case completing.
TpTrace Information: 0 : 17700, 4, 2021/11/27, 16:05:12.434, 5200450139011, datacollector.dll, Blame Collector : Test Case End
TpTrace Information: 0 : 17700, 4, 2021/11/27, 16:05:12.434, 5200450143151, datacollector.dll, DataCollectionTestCaseEventHandler: Test case 'TestKupovinaCijena - f1c3d513-3eca-f908-0e79-2c064f10ed7a' completed
TpTrace Information: 0 : 17700, 4, 2021/11/27, 16:05:12.436, 5200450158560, datacollector.dll, DataCollectionTestCaseEventHandler: Test case starting.
TpTrace Information: 0 : 17700, 4, 2021/11/27, 16:05:12.436, 5200450166960, datacollector.dll, Blame Collector : Test Case Start
TpTrace Information: 0 : 17700, 4, 2021/11/27, 16:05:12.437, 5200450170609, datacollector.dll, DataCollectionTestCaseEventHandler: Test case 'TestKupovinaPopust - b6e13258-d801-247e-a47d-580d4efc84cb' started.
TpTrace Information: 0 : 17700, 4, 2021/11/27, 16:05:12.440, 5200450207419, datacollector.dll, DataCollectionTestCaseEventHandler : Test case completing.
TpTrace Information: 0 : 17700, 4, 2021/11/27, 16:05:12.443, 5200450227904, datacollector.dll, Blame Collector : Test Case End
TpTrace Information: 0 : 17700, 4, 2021/11/27, 16:05:12.443, 5200450233078, datacollector.dll, DataCollectionTestCaseEventHandler: Test case 'TestKupovinaPopust - b6e13258-d801-247e-a47d-580d4efc84cb' completed
TpTrace Information: 0 : 17700, 4, 2021/11/27, 16:05:12.445, 5200450252124, datacollector.dll, DataCollectionTestCaseEventHandler: Test case starting.
TpTrace Information: 0 : 17700, 4, 2021/11/27, 16:05:12.446, 5200450262784, datacollector.dll, Blame Collector : Test Case Start
TpTrace Information: 0 : 17700, 4, 2021/11/27, 16:05:12.447, 5200450267638, datacollector.dll, DataCollectionTestCaseEventHandler: Test case 'TestKupovinaDatum - 4d2bcb1c-a718-ecca-bc83-6dc992172822' started.
TpTrace Information: 0 : 17700, 4, 2021/11/27, 16:05:12.449, 5200450293152, datacollector.dll, DataCollectionTestCaseEventHandler : Test case completing.
TpTrace Information: 0 : 17700, 4, 2021/11/27, 16:05:12.450, 5200450302484, datacollector.dll, Blame Collector : Test Case End
TpTrace Information: 0 : 17700, 4, 2021/11/27, 16:05:12.450, 5200450306447, datacollector.dll, DataCollectionTestCaseEventHandler: Test case 'TestKupovinaDatum - 4d2bcb1c-a718-ecca-bc83-6dc992172822' completed
TpTrace Information: 0 : 17700, 4, 2021/11/27, 16:05:12.452, 5200450318314, datacollector.dll, DataCollectionTestCaseEventHandler: Test case starting.
TpTrace Information: 0 : 17700, 4, 2021/11/27, 16:05:12.452, 5200450324316, datacollector.dll, Blame Collector : Test Case Start
TpTrace Information: 0 : 17700, 4, 2021/11/27, 16:05:12.452, 5200450326668, datacollector.dll, DataCollectionTestCaseEventHandler: Test case 'TestDatumOtvaranja - 0c887cf0-4d0b-cdad-f7a6-e921034cf994' started.
TpTrace Information: 0 : 17700, 4, 2021/11/27, 16:05:12.454, 5200450344640, datacollector.dll, DataCollectionTestCaseEventHandler : Test case completing.
TpTrace Information: 0 : 17700, 4, 2021/11/27, 16:05:12.455, 5200450351346, datacollector.dll, Blame Collector : Test Case End
TpTrace Information: 0 : 17700, 4, 2021/11/27, 16:05:12.455, 5200450353787, datacollector.dll, DataCollectionTestCaseEventHandler: Test case 'TestDatumOtvaranja - 0c887cf0-4d0b-cdad-f7a6-e921034cf994' completed
TpTrace Information: 0 : 17700, 4, 2021/11/27, 16:05:12.458, 5200450384949, datacollector.dll, DataCollectionTestCaseEventHandler: Test case starting.
TpTrace Information: 0 : 17700, 4, 2021/11/27, 16:05:12.460, 5200450402024, datacollector.dll, Blame Collector : Test Case Start
TpTrace Information: 0 : 17700, 4, 2021/11/27, 16:05:12.460, 5200450406274, datacollector.dll, DataCollectionTestCaseEventHandler: Test case 'TestAktivnosti - efd0f98d-28d5-ff82-45a3-32f66cd3872b' started.
TpTrace Information: 0 : 17700, 4, 2021/11/27, 16:05:12.462, 5200450426670, datacollector.dll, DataCollectionTestCaseEventHandler : Test case completing.
TpTrace Information: 0 : 17700, 4, 2021/11/27, 16:05:12.463, 5200450432753, datacollector.dll, Blame Collector : Test Case End
TpTrace Information: 0 : 17700, 4, 2021/11/27, 16:05:12.463, 5200450435096, datacollector.dll, DataCollectionTestCaseEventHandler: Test case 'TestAktivnosti - efd0f98d-28d5-ff82-45a3-32f66cd3872b' completed
TpTrace Information: 0 : 17700, 4, 2021/11/27, 16:05:12.464, 5200450446734, datacollector.dll, DataCollectionTestCaseEventHandler: Test case starting.
TpTrace Information: 0 : 17700, 4, 2021/11/27, 16:05:12.465, 5200450452414, datacollector.dll, Blame Collector : Test Case Start
TpTrace Information: 0 : 17700, 4, 2021/11/27, 16:05:12.465, 5200450454496, datacollector.dll, DataCollectionTestCaseEventHandler: Test case 'TestPromet - 7eefdd3c-0623-f10b-4ba7-cba1276bb6f9' started.
TpTrace Information: 0 : 17700, 4, 2021/11/27, 16:05:12.467, 5200450473590, datacollector.dll, DataCollectionTestCaseEventHandler : Test case completing.
TpTrace Information: 0 : 17700, 4, 2021/11/27, 16:05:12.468, 5200450479884, datacollector.dll, Blame Collector : Test Case End
TpTrace Information: 0 : 17700, 4, 2021/11/27, 16:05:12.468, 5200450482411, datacollector.dll, DataCollectionTestCaseEventHandler: Test case 'TestPromet - 7eefdd3c-0623-f10b-4ba7-cba1276bb6f9' completed
TpTrace Information: 0 : 17700, 4, 2021/11/27, 16:05:12.472, 5200450520522, datacollector.dll, DataCollectionTestCaseEventHandler: Test case starting.
TpTrace Information: 0 : 17700, 4, 2021/11/27, 16:05:12.474, 5200450538996, datacollector.dll, Blame Collector : Test Case Start
TpTrace Information: 0 : 17700, 4, 2021/11/27, 16:05:12.475, 5200450548843, datacollector.dll, DataCollectionTestCaseEventHandler: Test case 'TestSifraProizvoda - 3d8d6f10-ef27-5723-9699-02981ce6d75f' started.
TpTrace Information: 0 : 17700, 4, 2021/11/27, 16:05:12.477, 5200450574022, datacollector.dll, DataCollectionTestCaseEventHandler : Test case completing.
TpTrace Information: 0 : 17700, 4, 2021/11/27, 16:05:12.478, 5200450583354, datacollector.dll, Blame Collector : Test Case End
TpTrace Information: 0 : 17700, 4, 2021/11/27, 16:05:12.478, 5200450587205, datacollector.dll, DataCollectionTestCaseEventHandler: Test case 'TestSifraProizvoda - 3d8d6f10-ef27-5723-9699-02981ce6d75f' completed
TpTrace Information: 0 : 17700, 4, 2021/11/27, 16:05:12.480, 5200450599794, datacollector.dll, DataCollectionTestCaseEventHandler: Test case starting.
TpTrace Information: 0 : 17700, 4, 2021/11/27, 16:05:12.480, 5200450605684, datacollector.dll, Blame Collector : Test Case Start
TpTrace Information: 0 : 17700, 4, 2021/11/27, 16:05:12.481, 5200450607935, datacollector.dll, DataCollectionTestCaseEventHandler: Test case 'TestKolicina - 5fe6d331-5f1f-f3a4-bd76-8c61c5e887ab' started.
TpTrace Information: 0 : 17700, 4, 2021/11/27, 16:05:12.482, 5200450621708, datacollector.dll, DataCollectionTestCaseEventHandler : Test case completing.
TpTrace Information: 0 : 17700, 4, 2021/11/27, 16:05:12.482, 5200450627158, datacollector.dll, Blame Collector : Test Case End
TpTrace Information: 0 : 17700, 4, 2021/11/27, 16:05:12.483, 5200450629459, datacollector.dll, DataCollectionTestCaseEventHandler: Test case 'TestKolicina - 5fe6d331-5f1f-f3a4-bd76-8c61c5e887ab' completed
TpTrace Information: 0 : 17700, 4, 2021/11/27, 16:05:12.484, 5200450641575, datacollector.dll, DataCollectionTestCaseEventHandler: Test case starting.
TpTrace Information: 0 : 17700, 4, 2021/11/27, 16:05:12.485, 5200450647608, datacollector.dll, Blame Collector : Test Case Start
TpTrace Information: 0 : 17700, 4, 2021/11/27, 16:05:12.485, 5200450649995, datacollector.dll, DataCollectionTestCaseEventHandler: Test case 'TestOcekivanaKolicina - cc47cb41-bc87-e2de-1f7f-992edc356eb1' started.
TpTrace Information: 0 : 17700, 4, 2021/11/27, 16:05:12.487, 5200450667703, datacollector.dll, DataCollectionTestCaseEventHandler : Test case completing.
TpTrace Information: 0 : 17700, 4, 2021/11/27, 16:05:12.488, 5200450679405, datacollector.dll, Blame Collector : Test Case End
TpTrace Information: 0 : 17700, 4, 2021/11/27, 16:05:12.488, 5200450682066, datacollector.dll, DataCollectionTestCaseEventHandler: Test case 'TestOcekivanaKolicina - cc47cb41-bc87-e2de-1f7f-992edc356eb1' completed
TpTrace Information: 0 : 17700, 4, 2021/11/27, 16:05:12.491, 5200450709469, datacollector.dll, DataCollectionTestCaseEventHandler: Test case starting.
TpTrace Information: 0 : 17700, 4, 2021/11/27, 16:05:12.492, 5200450726735, datacollector.dll, Blame Collector : Test Case Start
TpTrace Information: 0 : 17700, 4, 2021/11/27, 16:05:12.493, 5200450730001, datacollector.dll, DataCollectionTestCaseEventHandler: Test case 'TestDatumPristizanja - 8e2f8119-efe7-1305-5e2e-a806a754b4a6' started.
TpTrace Information: 0 : 17700, 4, 2021/11/27, 16:05:12.495, 5200450757388, datacollector.dll, DataCollectionTestCaseEventHandler : Test case completing.
TpTrace Information: 0 : 17700, 4, 2021/11/27, 16:05:12.496, 5200450763373, datacollector.dll, Blame Collector : Test Case End
TpTrace Information: 0 : 17700, 4, 2021/11/27, 16:05:12.496, 5200450765841, datacollector.dll, DataCollectionTestCaseEventHandler: Test case 'TestDatumPristizanja - 8e2f8119-efe7-1305-5e2e-a806a754b4a6' completed
TpTrace Information: 0 : 17700, 4, 2021/11/27, 16:05:12.498, 5200450779661, datacollector.dll, DataCollectionTestCaseEventHandler: Test case starting.
TpTrace Information: 0 : 17700, 4, 2021/11/27, 16:05:12.498, 5200450786612, datacollector.dll, Blame Collector : Test Case Start
TpTrace Information: 0 : 17700, 4, 2021/11/27, 16:05:12.499, 5200450789740, datacollector.dll, DataCollectionTestCaseEventHandler: Test case 'TestDatumOcekivaneKolicine - 4fbe6478-bc85-14b9-e5ff-d51674a447f4' started.
TpTrace Information: 0 : 17700, 4, 2021/11/27, 16:05:12.500, 5200450807321, datacollector.dll, DataCollectionTestCaseEventHandler : Test case completing.
TpTrace Information: 0 : 17700, 4, 2021/11/27, 16:05:12.501, 5200450812300, datacollector.dll, Blame Collector : Test Case End
TpTrace Information: 0 : 17700, 4, 2021/11/27, 16:05:12.501, 5200450814382, datacollector.dll, DataCollectionTestCaseEventHandler: Test case 'TestDatumOcekivaneKolicine - 4fbe6478-bc85-14b9-e5ff-d51674a447f4' completed
TpTrace Information: 0 : 17700, 4, 2021/11/27, 16:05:12.502, 5200450825851, datacollector.dll, DataCollectionTestCaseEventHandler: Test case starting.
TpTrace Information: 0 : 17700, 4, 2021/11/27, 16:05:12.503, 5200450831285, datacollector.dll, Blame Collector : Test Case Start
TpTrace Information: 0 : 17700, 4, 2021/11/27, 16:05:12.503, 5200450833469, datacollector.dll, DataCollectionTestCaseEventHandler: Test case 'TestCertifikat387 - efa230a8-a422-54b5-17b8-10e33f461a84' started.
TpTrace Information: 0 : 17700, 4, 2021/11/27, 16:05:12.505, 5200450848660, datacollector.dll, DataCollectionTestCaseEventHandler : Test case completing.
TpTrace Information: 0 : 17700, 4, 2021/11/27, 16:05:12.505, 5200450853711, datacollector.dll, Blame Collector : Test Case End
TpTrace Information: 0 : 17700, 4, 2021/11/27, 16:05:12.505, 5200450857111, datacollector.dll, DataCollectionTestCaseEventHandler: Test case 'TestCertifikat387 - efa230a8-a422-54b5-17b8-10e33f461a84' completed
TpTrace Information: 0 : 17700, 4, 2021/11/27, 16:05:12.512, 5200450921580, datacollector.dll, DataCollectionTestCaseEventHandler: Test case starting.
TpTrace Information: 0 : 17700, 4, 2021/11/27, 16:05:12.513, 5200450928318, datacollector.dll, Blame Collector : Test Case Start
TpTrace Information: 0 : 17700, 4, 2021/11/27, 16:05:12.513, 5200450931120, datacollector.dll, DataCollectionTestCaseEventHandler: Test case 'TestNarucikolicinu - 8bb5c37f-3aae-79f0-c82e-2c23b4779d7a' started.
TpTrace Information: 0 : 17700, 4, 2021/11/27, 16:05:12.514, 5200450947177, datacollector.dll, DataCollectionTestCaseEventHandler : Test case completing.
TpTrace Information: 0 : 17700, 4, 2021/11/27, 16:05:12.515, 5200450953230, datacollector.dll, Blame Collector : Test Case End
TpTrace Information: 0 : 17700, 4, 2021/11/27, 16:05:12.515, 5200450955816, datacollector.dll, DataCollectionTestCaseEventHandler: Test case 'TestNarucikolicinu - 8bb5c37f-3aae-79f0-c82e-2c23b4779d7a' completed
TpTrace Information: 0 : 17700, 4, 2021/11/27, 16:05:12.516, 5200450965665, datacollector.dll, DataCollectionTestCaseEventHandler: Test case starting.
TpTrace Information: 0 : 17700, 4, 2021/11/27, 16:05:12.517, 5200450970495, datacollector.dll, Blame Collector : Test Case Start
TpTrace Information: 0 : 17700, 4, 2021/11/27, 16:05:12.517, 5200450972437, datacollector.dll, DataCollectionTestCaseEventHandler: Test case 'TestProdavaci - 0d67ec3d-d1b1-b65e-8f5f-a4b10da3b03e' started.
TpTrace Information: 0 : 17700, 4, 2021/11/27, 16:05:12.519, 5200450988353, datacollector.dll, DataCollectionTestCaseEventHandler : Test case completing.
TpTrace Information: 0 : 17700, 4, 2021/11/27, 16:05:12.519, 5200450995186, datacollector.dll, Blame Collector : Test Case End
TpTrace Information: 0 : 17700, 4, 2021/11/27, 16:05:12.520, 5200450998000, datacollector.dll, DataCollectionTestCaseEventHandler: Test case 'TestProdavaci - 0d67ec3d-d1b1-b65e-8f5f-a4b10da3b03e' completed
TpTrace Information: 0 : 17700, 4, 2021/11/27, 16:05:12.521, 5200451008816, datacollector.dll, DataCollectionTestCaseEventHandler: Test case starting.
TpTrace Information: 0 : 17700, 4, 2021/11/27, 16:05:12.521, 5200451013364, datacollector.dll, Blame Collector : Test Case Start
TpTrace Information: 0 : 17700, 4, 2021/11/27, 16:05:12.521, 5200451015352, datacollector.dll, DataCollectionTestCaseEventHandler: Test case 'TestStandovi - c4d4be37-c0a3-1ae6-46a4-1cdd50a7a7f9' started.
TpTrace Information: 0 : 17700, 4, 2021/11/27, 16:05:12.526, 5200451058254, datacollector.dll, DataCollectionTestCaseEventHandler : Test case completing.
TpTrace Information: 0 : 17700, 4, 2021/11/27, 16:05:12.526, 5200451065672, datacollector.dll, Blame Collector : Test Case End
TpTrace Information: 0 : 17700, 4, 2021/11/27, 16:05:12.527, 5200451069735, datacollector.dll, DataCollectionTestCaseEventHandler: Test case 'TestStandovi - c4d4be37-c0a3-1ae6-46a4-1cdd50a7a7f9' completed
TpTrace Information: 0 : 17700, 4, 2021/11/27, 16:05:12.531, 5200451109558, datacollector.dll, DataCollectionTestCaseEventHandler: Test case starting.
TpTrace Information: 0 : 17700, 4, 2021/11/27, 16:05:12.531, 5200451116610, datacollector.dll, Blame Collector : Test Case Start
TpTrace Information: 0 : 17700, 4, 2021/11/27, 16:05:12.532, 5200451119848, datacollector.dll, DataCollectionTestCaseEventHandler: Test case 'TestUkupniPromet - aca3de87-1292-d073-2a4c-5c931ff3d2c4' started.
TpTrace Information: 0 : 17700, 4, 2021/11/27, 16:05:12.534, 5200451138248, datacollector.dll, DataCollectionTestCaseEventHandler : Test case completing.
TpTrace Information: 0 : 17700, 4, 2021/11/27, 16:05:12.534, 5200451143885, datacollector.dll, Blame Collector : Test Case End
TpTrace Information: 0 : 17700, 4, 2021/11/27, 16:05:12.534, 5200451147014, datacollector.dll, DataCollectionTestCaseEventHandler: Test case 'TestUkupniPromet - aca3de87-1292-d073-2a4c-5c931ff3d2c4' completed
TpTrace Information: 0 : 17700, 4, 2021/11/27, 16:05:12.536, 5200451159614, datacollector.dll, DataCollectionTestCaseEventHandler: Test case starting.
TpTrace Information: 0 : 17700, 4, 2021/11/27, 16:05:12.536, 5200451164506, datacollector.dll, Blame Collector : Test Case Start
TpTrace Information: 0 : 17700, 4, 2021/11/27, 16:05:12.536, 5200451166783, datacollector.dll, DataCollectionTestCaseEventHandler: Test case 'TestIzmjenaProdavaca - 27d7cd63-6279-9f17-d9ad-5c9477880758' started.
TpTrace Information: 0 : 17700, 4, 2021/11/27, 16:05:12.538, 5200451185847, datacollector.dll, DataCollectionTestCaseEventHandler : Test case completing.
TpTrace Information: 0 : 17700, 4, 2021/11/27, 16:05:12.540, 5200451203717, datacollector.dll, Blame Collector : Test Case End
TpTrace Information: 0 : 17700, 4, 2021/11/27, 16:05:12.542, 5200451219584, datacollector.dll, DataCollectionTestCaseEventHandler: Test case 'TestIzmjenaProdavaca - 27d7cd63-6279-9f17-d9ad-5c9477880758' completed
TpTrace Information: 0 : 17700, 4, 2021/11/27, 16:05:12.544, 5200451238563, datacollector.dll, DataCollectionTestCaseEventHandler: Test case starting.
TpTrace Information: 0 : 17700, 4, 2021/11/27, 16:05:12.544, 5200451245811, datacollector.dll, Blame Collector : Test Case Start
TpTrace Information: 0 : 17700, 4, 2021/11/27, 16:05:12.545, 5200451250312, datacollector.dll, DataCollectionTestCaseEventHandler: Test case 'TestIzvrsavanjeKupovina - 40a979ac-ccf5-ad49-2657-3a9abbc4f1e9' started.
TpTrace Information: 0 : 17700, 4, 2021/11/27, 16:05:12.547, 5200451273968, datacollector.dll, DataCollectionTestCaseEventHandler : Test case completing.
TpTrace Information: 0 : 17700, 4, 2021/11/27, 16:05:12.548, 5200451280896, datacollector.dll, Blame Collector : Test Case End
TpTrace Information: 0 : 17700, 4, 2021/11/27, 16:05:12.548, 5200451284791, datacollector.dll, DataCollectionTestCaseEventHandler: Test case 'TestIzvrsavanjeKupovina - 40a979ac-ccf5-ad49-2657-3a9abbc4f1e9' completed
TpTrace Information: 0 : 17700, 4, 2021/11/27, 16:05:12.550, 5200451298295, datacollector.dll, DataCollectionTestCaseEventHandler: Test case starting.
TpTrace Information: 0 : 17700, 4, 2021/11/27, 16:05:12.550, 5200451303160, datacollector.dll, Blame Collector : Test Case Start
TpTrace Information: 0 : 17700, 4, 2021/11/27, 16:05:12.550, 5200451305343, datacollector.dll, DataCollectionTestCaseEventHandler: Test case 'TestDodavanjaTipskogVoca - fc7bffa3-589b-538b-04a3-ee65c7d73824' started.
TpTrace Information: 0 : 17700, 4, 2021/11/27, 16:05:12.553, 5200451327626, datacollector.dll, DataCollectionTestCaseEventHandler : Test case completing.
TpTrace Information: 0 : 17700, 4, 2021/11/27, 16:05:12.553, 5200451332218, datacollector.dll, Blame Collector : Test Case End
TpTrace Information: 0 : 17700, 4, 2021/11/27, 16:05:12.553, 5200451334464, datacollector.dll, DataCollectionTestCaseEventHandler: Test case 'TestDodavanjaTipskogVoca - fc7bffa3-589b-538b-04a3-ee65c7d73824' completed
TpTrace Information: 0 : 17700, 4, 2021/11/27, 16:05:12.566, 5200451466742, datacollector.dll, DataCollectionTestCaseEventHandler: Test session ended
TpTrace Information: 0 : 17700, 1, 2021/11/27, 16:05:12.631, 5200452113252, datacollector.dll, DataCollectionRequestHandler.ProcessRequests : Datacollector received message: (DataCollection.AfterTestRunEnd) -> false
TpTrace Information: 0 : 17700, 1, 2021/11/27, 16:05:12.632, 5200452124693, datacollector.dll, Blame Collector : Session End
TpTrace Information: 0 : 17700, 1, 2021/11/27, 16:05:12.632, 5200452126294, datacollector.dll, BlameCollector.CollectDumpAndAbortTesthost: Custom path to dump directory was provided via VSTEST_DUMP_PATH. Skipping attachment upload, the caller is responsible for collecting and uploading the dumps themselves.
TpTrace Information: 0 : 17700, 1, 2021/11/27, 16:05:12.633, 5200452128561, datacollector.dll, DataCollectionManager.CleanupPlugins: CleanupPlugins called
TpTrace Verbose: 0 : 17700, 1, 2021/11/27, 16:05:12.633, 5200452129432, datacollector.dll, DataCollectionManager.CleanupPlugins: Cleaning up 1 plugins
TpTrace Verbose: 0 : 17700, 1, 2021/11/27, 16:05:12.633, 5200452131396, datacollector.dll, dataCollectorInfo.DisposeDataCollector: calling Dispose() on Microsoft.TestPlatform.Extensions.BlameDataCollector.BlameCollector
TpTrace Information: 0 : 17700, 1, 2021/11/27, 16:05:12.633, 5200452132770, datacollector.dll, DataCollectionManager.CleanupPlugins: CleanupPlugins finished
TpTrace Information: 0 : 17700, 1, 2021/11/27, 16:05:12.637, 5200452173571, datacollector.dll, DataCollectionRequestHandler.ProcessRequests : Session End message received from server. Closing the connection.
TpTrace Information: 0 : 17700, 1, 2021/11/27, 16:05:12.638, 5200452178768, datacollector.dll, Closing the connection !
TpTrace Information: 0 : 17700, 1, 2021/11/27, 16:05:12.638, 5200452180041, datacollector.dll, DataCollectionRequestHandler.ProcessRequests : DataCollection completed
TpTrace Information: 0 : 17700, 1, 2021/11/27, 16:05:12.638, 5200452180751, datacollector.dll, Program.Main: exiting datacollector process.
