TpTrace Verbose: 0 : 22056, 1, 2021/11/18, 17:48:22.527, 902689432220, testhost.dll, Version: 16.9.4
TpTrace Information: 0 : 22056, 1, 2021/11/18, 17:48:22.539, 902689484436, testhost.dll, DefaultEngineInvoker.Invoke: Testhost process started with args :[--port, 62235],[--endpoint, 127.0.0.1:062235],[--role, client],[--parentprocessid, 10496],[--diag, C:\Users\Armin\Documents\GitHub\Grupa-3-Verifikovani-i-Validirani-Softverasi\Pijaca\Zadatak3\bin\Debug\net5.0\fine-code-coverage\coverage-tool-output\diagnostics.host.21-11-18_17-48-22_36487_6.log],[--tracelevel, 4],[--datacollectionport, 62234],[--telemetryoptedin, false]
TpTrace Information: 0 : 22056, 1, 2021/11/18, 17:48:22.545, 902689543775, testhost.dll, Setting up debug trace listener.
TpTrace Verbose: 0 : 22056, 1, 2021/11/18, 17:48:22.546, 902689552644, testhost.dll, TestPlatformTraceListener.Setup: Replacing listener 0 with TestHostTraceListener.
TpTrace Verbose: 0 : 22056, 1, 2021/11/18, 17:48:22.547, 902689556390, testhost.dll, TestPlatformTraceListener.Setup: Added test platform trace listener.
TpTrace Information: 0 : 22056, 1, 2021/11/18, 17:48:22.548, 902689570106, testhost.dll, DefaultEngineInvoker.SetParentProcessExitCallback: Monitoring parent process with id: '10496'
TpTrace Information: 0 : 22056, 1, 2021/11/18, 17:48:22.556, 902689652637, testhost.dll, DefaultEngineInvoker.GetConnectionInfo: Initialize communication on endpoint address: '127.0.0.1:062235'
TpTrace Information: 0 : 22056, 1, 2021/11/18, 17:48:22.575, 902689836753, testhost.dll, SocketClient.Start: connecting to server endpoint: 127.0.0.1:062235
TpTrace Information: 0 : 22056, 1, 2021/11/18, 17:48:22.586, 902689954150, testhost.dll, DefaultEngineInvoker.ConnectToDatacollector: Connecting to datacollector, port: 62234
TpTrace Information: 0 : 22056, 5, 2021/11/18, 17:48:22.587, 902689966022, testhost.dll, SocketClient.OnServerConnected: connected to server endpoint: 127.0.0.1:062235
TpTrace Verbose: 0 : 22056, 5, 2021/11/18, 17:48:22.589, 902689984197, testhost.dll, Connected to server, and starting MessageLoopAsync
TpTrace Information: 0 : 22056, 1, 2021/11/18, 17:48:22.590, 902689989386, testhost.dll, Trying to connect to server on socket : 127.0.0.1:62234 
TpTrace Verbose: 0 : 22056, 1, 2021/11/18, 17:48:22.590, 902689992845, testhost.dll, SocketCommunicationManager : SetupClientAsync : Attempting to connect to the server.
TpTrace Information: 0 : 22056, 9, 2021/11/18, 17:48:22.592, 902690013733, testhost.dll, Connected to the server successfully 
TpTrace Information: 0 : 22056, 9, 2021/11/18, 17:48:22.592, 902690015756, testhost.dll, Using the buffer size of 16384 bytes
TpTrace Verbose: 0 : 22056, 5, 2021/11/18, 17:48:22.592, 902690015741, testhost.dll, TcpClientExtensions.MessageLoopAsync: Polling on remoteEndPoint: [::ffff:127.0.0.1]:62235 localEndPoint: [::ffff:127.0.0.1]:62237
TpTrace Verbose: 0 : 22056, 5, 2021/11/18, 17:48:22.593, 902690021121, testhost.dll, TcpClientExtensions.MessageLoopAsync: NotifyDataAvailable remoteEndPoint: [::ffff:127.0.0.1]:62235 localEndPoint: [::ffff:127.0.0.1]:62237
TpTrace Information: 0 : 22056, 1, 2021/11/18, 17:48:22.593, 902690023333, testhost.dll, DefaultEngineInvoker.Invoke: Start Request Processing.
TpTrace Information: 0 : 22056, 11, 2021/11/18, 17:48:22.595, 902690039367, testhost.dll, DefaultEngineInvoker.StartProcessingAsync: Connected to vstest.console, Starting process requests.
TpTrace Information: 0 : 22056, 5, 2021/11/18, 17:48:22.734, 902691433504, testhost.dll, TestRequestHandler.ProcessRequests: received message: (ProtocolVersion) -> 5
TpTrace Verbose: 0 : 22056, 5, 2021/11/18, 17:48:22.767, 902691757339, testhost.dll, TestRequestHandler.SendData:  sending data from testhost: {"Version":5,"MessageType":"TestSession.Message","Payload":{"MessageLevel":0,"Message":"Logging TestHost Diagnostics in file: C:\\Users\\Armin\\Documents\\GitHub\\Grupa-3-Verifikovani-i-Validirani-Softverasi\\Pijaca\\Zadatak3\\bin\\Debug\\net5.0\\fine-code-coverage\\coverage-tool-output\\diagnostics.host.21-11-18_17-48-22_36487_6.log"}}
TpTrace Verbose: 0 : 22056, 5, 2021/11/18, 17:48:22.767, 902691761790, testhost.dll, TcpClientExtensions.MessageLoopAsync: Polling on remoteEndPoint: [::ffff:127.0.0.1]:62235 localEndPoint: [::ffff:127.0.0.1]:62237
TpTrace Verbose: 0 : 22056, 5, 2021/11/18, 17:48:22.767, 902691763732, testhost.dll, TcpClientExtensions.MessageLoopAsync: NotifyDataAvailable remoteEndPoint: [::ffff:127.0.0.1]:62235 localEndPoint: [::ffff:127.0.0.1]:62237
TpTrace Information: 0 : 22056, 5, 2021/11/18, 17:48:22.771, 902691796771, testhost.dll, TestRequestHandler.ProcessRequests: received message: (TestExecution.Initialize) -> [
  "C:\\Users\\Armin\\Documents\\GitHub\\Grupa-3-Verifikovani-i-Validirani-Softverasi\\Pijaca\\Zadatak3\\bin\\Debug\\net5.0\\fine-code-coverage\\build-output\\Microsoft.VisualStudio.TestPlatform.MSTest.TestAdapter.dll"
]
TpTrace Information: 0 : 22056, 5, 2021/11/18, 17:48:22.771, 902691797932, testhost.dll, Execution Session Initialize.
TpTrace Verbose: 0 : 22056, 5, 2021/11/18, 17:48:22.777, 902691864005, testhost.dll, TcpClientExtensions.MessageLoopAsync: Polling on remoteEndPoint: [::ffff:127.0.0.1]:62235 localEndPoint: [::ffff:127.0.0.1]:62237
TpTrace Verbose: 0 : 22056, 5, 2021/11/18, 17:48:22.777, 902691865473, testhost.dll, TcpClientExtensions.MessageLoopAsync: NotifyDataAvailable remoteEndPoint: [::ffff:127.0.0.1]:62235 localEndPoint: [::ffff:127.0.0.1]:62237
TpTrace Verbose: 0 : 22056, 4, 2021/11/18, 17:48:22.780, 902691891014, testhost.dll, TestExecutorService: Loading the extensions
TpTrace Information: 0 : 22056, 5, 2021/11/18, 17:48:22.781, 902691906115, testhost.dll, TestRequestHandler.ProcessRequests: received message: (TestExecution.StartWithSources) -> {
  "AdapterSourceMap": {
    "_none_": [
      "C:\\Users\\Armin\\Documents\\GitHub\\Grupa-3-Verifikovani-i-Validirani-Softverasi\\Pijaca\\Zadatak3\\bin\\Debug\\net5.0\\fine-code-coverage\\build-output\\Zadatak3.dll"
    ]
  },
  "RunSettings": "<RunSettings>\r\n  <RunConfiguration>\r\n    <ResultsDirectory>C:\\Users\\Armin\\Documents\\GitHub\\Grupa-3-Verifikovani-i-Validirani-Softverasi\\Pijaca\\Zadatak3\\bin\\Debug\\net5.0\\fine-code-coverage\\coverage-tool-output</ResultsDirectory>\r\n    <TargetPlatform>X64</TargetPlatform>\r\n    <TargetFrameworkVersion>.NETCoreApp,Version=v5.0</TargetFrameworkVersion>\r\n    <DesignMode>False</DesignMode>\r\n    <CollectSourceInformation>False</CollectSourceInformation>\r\n  </RunConfiguration>\r\n  <LoggerRunSettings>\r\n    <Loggers>\r\n      <Logger friendlyName=\"blame\" enabled=\"True\" />\r\n      <Logger friendlyName=\"Console\" uri=\"logger://microsoft/TestPlatform/ConsoleLogger/v1\" assemblyQualifiedName=\"Microsoft.VisualStudio.TestPlatform.CommandLine.Internal.ConsoleLogger, vstest.console, Version=15.0.0.0, Culture=neutral, PublicKeyToken=b03f5f7f11d50a3a\" codeBase=\"C:\\Program Files\\dotnet\\sdk\\5.0.402\\vstest.console.dll\" enabled=\"True\" />\r\n    </Loggers>\r\n  </LoggerRunSettings>\r\n  <DataCollectionRunSettings>\r\n    <DataCollectors>\r\n      <DataCollector friendlyName=\"blame\" enabled=\"True\">\r\n        <Configuration>\r\n          <ResultsDirectory>C:\\Users\\Armin\\Documents\\GitHub\\Grupa-3-Verifikovani-i-Validirani-Softverasi\\Pijaca\\Zadatak3\\bin\\Debug\\net5.0\\fine-code-coverage\\coverage-tool-output</ResultsDirectory>\r\n        </Configuration>\r\n      </DataCollector>\r\n    </DataCollectors>\r\n  </DataCollectionRunSettings>\r\n</RunSettings>",
  "TestExecutionContext": {
    "FrequencyOfRunStatsChangeEvent": 10,
    "RunStatsChangeEventTimeout": "00:00:01.5000000",
    "InIsolation": false,
    "KeepAlive": false,
    "AreTestCaseLevelEventsRequired": false,
    "IsDebug": false,
    "TestCaseFilter": null,
    "FilterOptions": null
  },
  "Package": null
}
TpTrace Information: 0 : 22056, 5, 2021/11/18, 17:48:22.782, 902691911463, testhost.dll, Execution started.
TpTrace Verbose: 0 : 22056, 4, 2021/11/18, 17:48:22.783, 902691923885, testhost.dll, TestPluginCache.DiscoverTestExtensions: finding test extensions in assemblies ends with: TestAdapter.dll TPluginInfo: Microsoft.VisualStudio.TestPlatform.Common.ExtensionFramework.Utilities.TestExecutorPluginInformation TExtension: Microsoft.VisualStudio.TestPlatform.ObjectModel.Adapter.ITestExecutor
TpTrace Verbose: 0 : 22056, 4, 2021/11/18, 17:48:22.784, 902691935072, testhost.dll, TestPluginCache.GetExtensionPaths: Filtered extension paths: 
TpTrace Verbose: 0 : 22056, 4, 2021/11/18, 17:48:22.785, 902691938422, testhost.dll, TestPluginCache.GetExtensionPaths: Added default extension paths: C:\Users\Armin\Documents\GitHub\Grupa-3-Verifikovani-i-Validirani-Softverasi\Pijaca\Zadatak3\bin\Debug\net5.0\fine-code-coverage\build-output\Microsoft.VisualStudio.TestPlatform.MSTest.TestAdapter.dll
TpTrace Verbose: 0 : 22056, 4, 2021/11/18, 17:48:22.785, 902691938928, testhost.dll, TestPluginCache.GetExtensionPaths: Added unfilterableExtensionPaths: 
TpTrace Information: 0 : 22056, 4, 2021/11/18, 17:48:22.787, 902691963101, testhost.dll, AssemblyResolver.ctor: Creating AssemblyResolver with searchDirectories C:\Users\Armin\Documents\GitHub\Grupa-3-Verifikovani-i-Validirani-Softverasi\Pijaca\Zadatak3\bin\Debug\net5.0\fine-code-coverage\build-output
TpTrace Verbose: 0 : 22056, 4, 2021/11/18, 17:48:22.789, 902691982970, testhost.dll, TestPluginCache.DiscoverTestExtensions: Discovering the extensions using extension path.
TpTrace Verbose: 0 : 22056, 4, 2021/11/18, 17:48:22.789, 902691984501, testhost.dll, TestPluginCache.GetExtensionPaths: Filtered extension paths: 
TpTrace Verbose: 0 : 22056, 4, 2021/11/18, 17:48:22.789, 902691984947, testhost.dll, TestPluginCache.GetExtensionPaths: Added default extension paths: C:\Users\Armin\Documents\GitHub\Grupa-3-Verifikovani-i-Validirani-Softverasi\Pijaca\Zadatak3\bin\Debug\net5.0\fine-code-coverage\build-output\Microsoft.VisualStudio.TestPlatform.MSTest.TestAdapter.dll
TpTrace Verbose: 0 : 22056, 4, 2021/11/18, 17:48:22.789, 902691985307, testhost.dll, TestPluginCache.GetExtensionPaths: Added unfilterableExtensionPaths: 
TpTrace Verbose: 0 : 22056, 4, 2021/11/18, 17:48:22.789, 902691985873, testhost.dll, TestPluginCache.DiscoverTestExtensions: Discovering the extensions using allExtensionPaths: C:\Users\Armin\Documents\GitHub\Grupa-3-Verifikovani-i-Validirani-Softverasi\Pijaca\Zadatak3\bin\Debug\net5.0\fine-code-coverage\build-output\Microsoft.VisualStudio.TestPlatform.MSTest.TestAdapter.dll
TpTrace Information: 0 : 22056, 4, 2021/11/18, 17:48:22.790, 902691993647, testhost.dll, AssemblyResolver.AddSearchDirectories: Adding more searchDirectories C:\Users\Armin\Documents\GitHub\Grupa-3-Verifikovani-i-Validirani-Softverasi\Pijaca\Zadatak3\bin\Debug\net5.0\fine-code-coverage\build-output
TpTrace Information: 0 : 22056, 4, 2021/11/18, 17:48:22.794, 902692033582, testhost.dll, AssemblyResolver.OnResolve: Microsoft.VisualStudio.TestPlatform.MSTest.TestAdapter: Resolving assembly.
TpTrace Information: 0 : 22056, 4, 2021/11/18, 17:48:22.796, 902692054888, testhost.dll, AssemblyResolver.OnResolve: Resolved assembly: Microsoft.VisualStudio.TestPlatform.MSTest.TestAdapter, from path: C:\Users\Armin\Documents\GitHub\Grupa-3-Verifikovani-i-Validirani-Softverasi\Pijaca\Zadatak3\bin\Debug\net5.0\fine-code-coverage\build-output\Microsoft.VisualStudio.TestPlatform.MSTest.TestAdapter.dll
TpTrace Verbose: 0 : 22056, 4, 2021/11/18, 17:48:22.803, 902692124449, testhost.dll, TestPluginCache: Discovered the extensions using extension path ''.
TpTrace Verbose: 0 : 22056, 4, 2021/11/18, 17:48:22.804, 902692128635, testhost.dll, TestPluginCache: Discoverers are ''.
TpTrace Verbose: 0 : 22056, 4, 2021/11/18, 17:48:22.804, 902692129433, testhost.dll, TestPluginCache: Executors are 'executor://MSTestAdapter/v2'.
TpTrace Verbose: 0 : 22056, 4, 2021/11/18, 17:48:22.804, 902692130041, testhost.dll, TestPluginCache: Executors2 are ''.
TpTrace Verbose: 0 : 22056, 4, 2021/11/18, 17:48:22.804, 902692130687, testhost.dll, TestPluginCache: Setting providers are ''.
TpTrace Verbose: 0 : 22056, 4, 2021/11/18, 17:48:22.804, 902692131248, testhost.dll, TestPluginCache: Loggers are ''.
TpTrace Verbose: 0 : 22056, 4, 2021/11/18, 17:48:22.807, 902692156720, testhost.dll, TestPluginCache.DiscoverTestExtensions: finding test extensions in assemblies ends with: TestAdapter.dll TPluginInfo: Microsoft.VisualStudio.TestPlatform.Common.ExtensionFramework.Utilities.TestExecutorPluginInformation2 TExtension: Microsoft.VisualStudio.TestPlatform.ObjectModel.Adapter.ITestExecutor2
TpTrace Verbose: 0 : 22056, 4, 2021/11/18, 17:48:22.807, 902692159316, testhost.dll, TestPluginCache.GetExtensionPaths: Filtered extension paths: 
TpTrace Verbose: 0 : 22056, 4, 2021/11/18, 17:48:22.807, 902692159949, testhost.dll, TestPluginCache.GetExtensionPaths: Added default extension paths: C:\Users\Armin\Documents\GitHub\Grupa-3-Verifikovani-i-Validirani-Softverasi\Pijaca\Zadatak3\bin\Debug\net5.0\fine-code-coverage\build-output\Microsoft.VisualStudio.TestPlatform.MSTest.TestAdapter.dll
TpTrace Verbose: 0 : 22056, 4, 2021/11/18, 17:48:22.807, 902692160275, testhost.dll, TestPluginCache.GetExtensionPaths: Added unfilterableExtensionPaths: 
TpTrace Information: 0 : 22056, 4, 2021/11/18, 17:48:22.807, 902692162331, testhost.dll, AssemblyResolver.AddSearchDirectories: Adding more searchDirectories C:\Users\Armin\Documents\GitHub\Grupa-3-Verifikovani-i-Validirani-Softverasi\Pijaca\Zadatak3\bin\Debug\net5.0\fine-code-coverage\build-output
TpTrace Verbose: 0 : 22056, 4, 2021/11/18, 17:48:22.807, 902692162870, testhost.dll, TestPluginCache.DiscoverTestExtensions: Discovering the extensions using extension path.
TpTrace Verbose: 0 : 22056, 4, 2021/11/18, 17:48:22.807, 902692163238, testhost.dll, TestPluginCache.GetExtensionPaths: Filtered extension paths: 
TpTrace Verbose: 0 : 22056, 4, 2021/11/18, 17:48:22.807, 902692163532, testhost.dll, TestPluginCache.GetExtensionPaths: Added default extension paths: C:\Users\Armin\Documents\GitHub\Grupa-3-Verifikovani-i-Validirani-Softverasi\Pijaca\Zadatak3\bin\Debug\net5.0\fine-code-coverage\build-output\Microsoft.VisualStudio.TestPlatform.MSTest.TestAdapter.dll
TpTrace Verbose: 0 : 22056, 4, 2021/11/18, 17:48:22.807, 902692163996, testhost.dll, TestPluginCache.GetExtensionPaths: Added unfilterableExtensionPaths: 
TpTrace Verbose: 0 : 22056, 4, 2021/11/18, 17:48:22.807, 902692164404, testhost.dll, TestPluginCache.DiscoverTestExtensions: Discovering the extensions using allExtensionPaths: C:\Users\Armin\Documents\GitHub\Grupa-3-Verifikovani-i-Validirani-Softverasi\Pijaca\Zadatak3\bin\Debug\net5.0\fine-code-coverage\build-output\Microsoft.VisualStudio.TestPlatform.MSTest.TestAdapter.dll
TpTrace Information: 0 : 22056, 4, 2021/11/18, 17:48:22.807, 902692164867, testhost.dll, AssemblyResolver.AddSearchDirectories: Adding more searchDirectories C:\Users\Armin\Documents\GitHub\Grupa-3-Verifikovani-i-Validirani-Softverasi\Pijaca\Zadatak3\bin\Debug\net5.0\fine-code-coverage\build-output
TpTrace Verbose: 0 : 22056, 4, 2021/11/18, 17:48:22.808, 902692166739, testhost.dll, TestPluginCache: Discovered the extensions using extension path ''.
TpTrace Verbose: 0 : 22056, 4, 2021/11/18, 17:48:22.808, 902692167233, testhost.dll, TestPluginCache: Discoverers are ''.
TpTrace Verbose: 0 : 22056, 4, 2021/11/18, 17:48:22.808, 902692167739, testhost.dll, TestPluginCache: Executors are 'executor://MSTestAdapter/v2'.
TpTrace Verbose: 0 : 22056, 5, 2021/11/18, 17:48:22.808, 902692168291, testhost.dll, TcpClientExtensions.MessageLoopAsync: Polling on remoteEndPoint: [::ffff:127.0.0.1]:62235 localEndPoint: [::ffff:127.0.0.1]:62237
TpTrace Verbose: 0 : 22056, 4, 2021/11/18, 17:48:22.808, 902692168350, testhost.dll, TestPluginCache: Executors2 are ''.
TpTrace Verbose: 0 : 22056, 4, 2021/11/18, 17:48:22.808, 902692169982, testhost.dll, TestPluginCache: Setting providers are ''.
TpTrace Verbose: 0 : 22056, 4, 2021/11/18, 17:48:22.808, 902692170348, testhost.dll, TestPluginCache: Loggers are ''.
TpTrace Information: 0 : 22056, 4, 2021/11/18, 17:48:22.814, 902692226666, testhost.dll, TestPluginManager.CreateTestExtension: Attempting to load test extension: Microsoft.VisualStudio.TestPlatform.MSTest.TestAdapter.MSTestExecutor
TpTrace Verbose: 0 : 22056, 4, 2021/11/18, 17:48:22.822, 902692314518, testhost.dll, TestExecutorExtensionManager: Loading executor Microsoft.VisualStudio.TestPlatform.MSTest.TestAdapter.MSTestExecutor
TpTrace Verbose: 0 : 22056, 4, 2021/11/18, 17:48:22.823, 902692316339, testhost.dll, TestExecutorService: Loaded the executors
TpTrace Verbose: 0 : 22056, 4, 2021/11/18, 17:48:22.823, 902692324510, testhost.dll, TestPluginCache.DiscoverTestExtensions: finding test extensions in assemblies ends with: TestAdapter.dll TPluginInfo: Microsoft.VisualStudio.TestPlatform.Common.ExtensionFramework.Utilities.TestSettingsProviderPluginInformation TExtension: Microsoft.VisualStudio.TestPlatform.ObjectModel.Adapter.ISettingsProvider
TpTrace Verbose: 0 : 22056, 4, 2021/11/18, 17:48:22.823, 902692325619, testhost.dll, TestPluginCache.GetExtensionPaths: Filtered extension paths: 
TpTrace Verbose: 0 : 22056, 4, 2021/11/18, 17:48:22.823, 902692326043, testhost.dll, TestPluginCache.GetExtensionPaths: Added default extension paths: C:\Users\Armin\Documents\GitHub\Grupa-3-Verifikovani-i-Validirani-Softverasi\Pijaca\Zadatak3\bin\Debug\net5.0\fine-code-coverage\build-output\Microsoft.VisualStudio.TestPlatform.MSTest.TestAdapter.dll
TpTrace Verbose: 0 : 22056, 4, 2021/11/18, 17:48:22.824, 902692326336, testhost.dll, TestPluginCache.GetExtensionPaths: Added unfilterableExtensionPaths: 
TpTrace Information: 0 : 22056, 4, 2021/11/18, 17:48:22.824, 902692327705, testhost.dll, AssemblyResolver.AddSearchDirectories: Adding more searchDirectories C:\Users\Armin\Documents\GitHub\Grupa-3-Verifikovani-i-Validirani-Softverasi\Pijaca\Zadatak3\bin\Debug\net5.0\fine-code-coverage\build-output
TpTrace Verbose: 0 : 22056, 4, 2021/11/18, 17:48:22.824, 902692328182, testhost.dll, TestPluginCache.DiscoverTestExtensions: Discovering the extensions using extension path.
TpTrace Verbose: 0 : 22056, 4, 2021/11/18, 17:48:22.824, 902692328489, testhost.dll, TestPluginCache.GetExtensionPaths: Filtered extension paths: 
TpTrace Verbose: 0 : 22056, 4, 2021/11/18, 17:48:22.824, 902692328766, testhost.dll, TestPluginCache.GetExtensionPaths: Added default extension paths: C:\Users\Armin\Documents\GitHub\Grupa-3-Verifikovani-i-Validirani-Softverasi\Pijaca\Zadatak3\bin\Debug\net5.0\fine-code-coverage\build-output\Microsoft.VisualStudio.TestPlatform.MSTest.TestAdapter.dll
TpTrace Verbose: 0 : 22056, 4, 2021/11/18, 17:48:22.824, 902692329078, testhost.dll, TestPluginCache.GetExtensionPaths: Added unfilterableExtensionPaths: 
TpTrace Verbose: 0 : 22056, 4, 2021/11/18, 17:48:22.824, 902692329376, testhost.dll, TestPluginCache.DiscoverTestExtensions: Discovering the extensions using allExtensionPaths: C:\Users\Armin\Documents\GitHub\Grupa-3-Verifikovani-i-Validirani-Softverasi\Pijaca\Zadatak3\bin\Debug\net5.0\fine-code-coverage\build-output\Microsoft.VisualStudio.TestPlatform.MSTest.TestAdapter.dll
TpTrace Information: 0 : 22056, 4, 2021/11/18, 17:48:22.824, 902692329777, testhost.dll, AssemblyResolver.AddSearchDirectories: Adding more searchDirectories C:\Users\Armin\Documents\GitHub\Grupa-3-Verifikovani-i-Validirani-Softverasi\Pijaca\Zadatak3\bin\Debug\net5.0\fine-code-coverage\build-output
TpTrace Verbose: 0 : 22056, 4, 2021/11/18, 17:48:22.824, 902692331869, testhost.dll, TestPluginCache: Discovered the extensions using extension path ''.
TpTrace Verbose: 0 : 22056, 4, 2021/11/18, 17:48:22.824, 902692332319, testhost.dll, TestPluginCache: Discoverers are ''.
TpTrace Verbose: 0 : 22056, 4, 2021/11/18, 17:48:22.824, 902692332620, testhost.dll, TestPluginCache: Executors are 'executor://MSTestAdapter/v2'.
TpTrace Verbose: 0 : 22056, 4, 2021/11/18, 17:48:22.824, 902692332909, testhost.dll, TestPluginCache: Executors2 are ''.
TpTrace Verbose: 0 : 22056, 4, 2021/11/18, 17:48:22.824, 902692333272, testhost.dll, TestPluginCache: Setting providers are ''.
TpTrace Verbose: 0 : 22056, 4, 2021/11/18, 17:48:22.824, 902692333567, testhost.dll, TestPluginCache: Loggers are ''.
TpTrace Verbose: 0 : 22056, 4, 2021/11/18, 17:48:22.825, 902692341493, testhost.dll, TestExecutorService: Loaded the settings providers
TpTrace Information: 0 : 22056, 4, 2021/11/18, 17:48:22.825, 902692342458, testhost.dll, TestExecutorService: Loaded the extensions
TpTrace Information: 0 : 22056, 4, 2021/11/18, 17:48:22.899, 902693081301, testhost.dll, TestDiscoveryManager: Discovering tests from sources C:\Users\Armin\Documents\GitHub\Grupa-3-Verifikovani-i-Validirani-Softverasi\Pijaca\Zadatak3\bin\Debug\net5.0\fine-code-coverage\build-output\Zadatak3.dll
TpTrace Verbose: 0 : 22056, 4, 2021/11/18, 17:48:22.901, 902693102967, testhost.dll, TestPluginCache.DiscoverTestExtensions: finding test extensions in assemblies ends with: TestAdapter.dll TPluginInfo: Microsoft.VisualStudio.TestPlatform.Common.ExtensionFramework.Utilities.TestDiscovererPluginInformation TExtension: Microsoft.VisualStudio.TestPlatform.ObjectModel.Adapter.ITestDiscoverer
TpTrace Verbose: 0 : 22056, 4, 2021/11/18, 17:48:22.901, 902693105226, testhost.dll, TestPluginCache.GetExtensionPaths: Filtered extension paths: 
TpTrace Verbose: 0 : 22056, 4, 2021/11/18, 17:48:22.902, 902693106290, testhost.dll, TestPluginCache.GetExtensionPaths: Added default extension paths: C:\Users\Armin\Documents\GitHub\Grupa-3-Verifikovani-i-Validirani-Softverasi\Pijaca\Zadatak3\bin\Debug\net5.0\fine-code-coverage\build-output\Microsoft.VisualStudio.TestPlatform.MSTest.TestAdapter.dll
TpTrace Verbose: 0 : 22056, 4, 2021/11/18, 17:48:22.902, 902693107507, testhost.dll, TestPluginCache.GetExtensionPaths: Added unfilterableExtensionPaths: 
TpTrace Information: 0 : 22056, 4, 2021/11/18, 17:48:22.902, 902693110599, testhost.dll, AssemblyResolver.AddSearchDirectories: Adding more searchDirectories C:\Users\Armin\Documents\GitHub\Grupa-3-Verifikovani-i-Validirani-Softverasi\Pijaca\Zadatak3\bin\Debug\net5.0\fine-code-coverage\build-output
TpTrace Verbose: 0 : 22056, 4, 2021/11/18, 17:48:22.902, 902693111512, testhost.dll, TestPluginCache.DiscoverTestExtensions: Discovering the extensions using extension path.
TpTrace Verbose: 0 : 22056, 4, 2021/11/18, 17:48:22.902, 902693111807, testhost.dll, TestPluginCache.GetExtensionPaths: Filtered extension paths: 
TpTrace Verbose: 0 : 22056, 4, 2021/11/18, 17:48:22.902, 902693112115, testhost.dll, TestPluginCache.GetExtensionPaths: Added default extension paths: C:\Users\Armin\Documents\GitHub\Grupa-3-Verifikovani-i-Validirani-Softverasi\Pijaca\Zadatak3\bin\Debug\net5.0\fine-code-coverage\build-output\Microsoft.VisualStudio.TestPlatform.MSTest.TestAdapter.dll
TpTrace Verbose: 0 : 22056, 4, 2021/11/18, 17:48:22.902, 902693112463, testhost.dll, TestPluginCache.GetExtensionPaths: Added unfilterableExtensionPaths: 
TpTrace Verbose: 0 : 22056, 4, 2021/11/18, 17:48:22.902, 902693113200, testhost.dll, TestPluginCache.DiscoverTestExtensions: Discovering the extensions using allExtensionPaths: C:\Users\Armin\Documents\GitHub\Grupa-3-Verifikovani-i-Validirani-Softverasi\Pijaca\Zadatak3\bin\Debug\net5.0\fine-code-coverage\build-output\Microsoft.VisualStudio.TestPlatform.MSTest.TestAdapter.dll
TpTrace Information: 0 : 22056, 4, 2021/11/18, 17:48:22.902, 902693114846, testhost.dll, AssemblyResolver.AddSearchDirectories: Adding more searchDirectories C:\Users\Armin\Documents\GitHub\Grupa-3-Verifikovani-i-Validirani-Softverasi\Pijaca\Zadatak3\bin\Debug\net5.0\fine-code-coverage\build-output
TpTrace Verbose: 0 : 22056, 4, 2021/11/18, 17:48:22.904, 902693133916, testhost.dll, TestPluginCache: Discovered the extensions using extension path ''.
TpTrace Verbose: 0 : 22056, 4, 2021/11/18, 17:48:22.904, 902693135283, testhost.dll, TestPluginCache: Discoverers are 'Microsoft.VisualStudio.TestPlatform.MSTest.TestAdapter.MSTestDiscoverer, Microsoft.VisualStudio.TestPlatform.MSTest.TestAdapter, Version=14.0.0.0, Culture=neutral, PublicKeyToken=b03f5f7f11d50a3a'.
TpTrace Verbose: 0 : 22056, 4, 2021/11/18, 17:48:22.904, 902693135638, testhost.dll, TestPluginCache: Executors are 'executor://MSTestAdapter/v2'.
TpTrace Verbose: 0 : 22056, 4, 2021/11/18, 17:48:22.905, 902693136218, testhost.dll, TestPluginCache: Executors2 are ''.
TpTrace Verbose: 0 : 22056, 4, 2021/11/18, 17:48:22.905, 902693136477, testhost.dll, TestPluginCache: Setting providers are ''.
TpTrace Verbose: 0 : 22056, 4, 2021/11/18, 17:48:22.905, 902693138480, testhost.dll, TestPluginCache: Loggers are ''.
TpTrace Verbose: 0 : 22056, 4, 2021/11/18, 17:48:22.909, 902693180546, testhost.dll, BaseRunTests.RunTestInternalWithExecutors: Running tests for executor://MSTestAdapter/v2
TpTrace Information: 0 : 22056, 4, 2021/11/18, 17:48:22.909, 902693185351, testhost.dll, AssemblyResolver.OnResolve: Microsoft.VisualStudio.TestPlatform.MSTestAdapter.PlatformServices.Interface: Resolving assembly.
TpTrace Information: 0 : 22056, 4, 2021/11/18, 17:48:22.910, 902693193437, testhost.dll, AssemblyResolver.OnResolve: Resolved assembly: Microsoft.VisualStudio.TestPlatform.MSTestAdapter.PlatformServices.Interface, from path: C:\Users\Armin\Documents\GitHub\Grupa-3-Verifikovani-i-Validirani-Softverasi\Pijaca\Zadatak3\bin\Debug\net5.0\fine-code-coverage\build-output\Microsoft.VisualStudio.TestPlatform.MSTestAdapter.PlatformServices.Interface.dll
TpTrace Information: 0 : 22056, 4, 2021/11/18, 17:48:22.911, 902693203373, testhost.dll, AssemblyResolver.OnResolve: Microsoft.VisualStudio.TestPlatform.MSTestAdapter.PlatformServices: Resolving assembly.
TpTrace Information: 0 : 22056, 4, 2021/11/18, 17:48:22.912, 902693214094, testhost.dll, AssemblyResolver.OnResolve: Resolved assembly: Microsoft.VisualStudio.TestPlatform.MSTestAdapter.PlatformServices, from path: C:\Users\Armin\Documents\GitHub\Grupa-3-Verifikovani-i-Validirani-Softverasi\Pijaca\Zadatak3\bin\Debug\net5.0\fine-code-coverage\build-output\Microsoft.VisualStudio.TestPlatform.MSTestAdapter.PlatformServices.dll
TpTrace Information: 0 : 22056, 4, 2021/11/18, 17:48:22.914, 902693230816, testhost.dll, MSTest - MSTestExecutor.RunTests: Running tests from sources.
TpTrace Information: 0 : 22056, 4, 2021/11/18, 17:48:22.919, 902693277857, testhost.dll, MSTest - CollectSourceInformation value Found : False 
TpTrace Information: 0 : 22056, 4, 2021/11/18, 17:48:22.943, 902693519363, testhost.dll, AssemblyResolver.OnResolve: Microsoft.TestPlatform.AdapterUtilities: Resolving assembly.
TpTrace Information: 0 : 22056, 4, 2021/11/18, 17:48:22.944, 902693527297, testhost.dll, AssemblyResolver.OnResolve: Resolved assembly: Microsoft.TestPlatform.AdapterUtilities, from path: C:\Users\Armin\Documents\GitHub\Grupa-3-Verifikovani-i-Validirani-Softverasi\Pijaca\Zadatak3\bin\Debug\net5.0\fine-code-coverage\build-output\Microsoft.TestPlatform.AdapterUtilities.dll
TpTrace Information: 0 : 22056, 4, 2021/11/18, 17:48:22.955, 902693638613, testhost.dll, MSTest - MSTestDiscoverer: Found 16 tests from source C:\Users\Armin\Documents\GitHub\Grupa-3-Verifikovani-i-Validirani-Softverasi\Pijaca\Zadatak3\bin\Debug\net5.0\fine-code-coverage\build-output\Zadatak3.dll
TpTrace Information: 0 : 22056, 4, 2021/11/18, 17:48:22.972, 902693815392, testhost.dll, AssemblyResolver.OnResolve: Microsoft.VisualStudio.TestPlatform.MSTestAdapter.PlatformServices.resources: Resolving assembly.
TpTrace Information: 0 : 22056, 4, 2021/11/18, 17:48:22.973, 902693818453, testhost.dll, AssemblyResolver.OnResolve: Microsoft.VisualStudio.TestPlatform.MSTestAdapter.PlatformServices.resources: Failed to load assembly.
TpTrace Information: 0 : 22056, 4, 2021/11/18, 17:48:22.973, 902693825608, testhost.dll, AssemblyResolver.OnResolve: Microsoft.VisualStudio.TestPlatform.MSTestAdapter.PlatformServices.resources: Resolving assembly.
TpTrace Information: 0 : 22056, 4, 2021/11/18, 17:48:22.974, 902693827398, testhost.dll, AssemblyResolver.OnResolve: Microsoft.VisualStudio.TestPlatform.MSTestAdapter.PlatformServices.resources: Resolved from cache.
TpTrace Information: 0 : 22056, 4, 2021/11/18, 17:48:22.987, 902693958930, testhost.dll, MSTest - Created unit-test runner C:\Users\Armin\Documents\GitHub\Grupa-3-Verifikovani-i-Validirani-Softverasi\Pijaca\Zadatak3\bin\Debug\net5.0\fine-code-coverage\build-output\Zadatak3.dll
TpTrace Verbose: 0 : 22056, 4, 2021/11/18, 17:48:22.991, 902693998613, testhost.dll, TestExecutionRecorder.RecordStart: Starting test: Zadatak3.TestoviIzuzetaka.TestProdavacIme.
TpTrace Information: 0 : 22056, 4, 2021/11/18, 17:48:23.138, 902695468160, testhost.dll, MSTest - Executing test TestProdavacIme
TpTrace Information: 0 : 22056, 4, 2021/11/18, 17:48:23.202, 902696115492, testhost.dll, MSTest - Executed test TestProdavacIme
TpTrace Verbose: 0 : 22056, 4, 2021/11/18, 17:48:23.207, 902696164436, testhost.dll, TestExecutionRecorder.RecordEnd: test: Zadatak3.TestoviIzuzetaka.TestProdavacIme execution completed.
TpTrace Verbose: 0 : 22056, 4, 2021/11/18, 17:48:23.235, 902696443115, testhost.dll, TestExecutionRecorder.RecordResult: Received result for test: Zadatak3.TestoviIzuzetaka.TestProdavacIme.
TpTrace Warning: 0 : 22056, 4, 2021/11/18, 17:48:23.241, 902696503349, testhost.dll, TestRunCache: InProgressTests is null
TpTrace Warning: 0 : 22056, 4, 2021/11/18, 17:48:23.241, 902696506075, testhost.dll, TestRunCache: No test found corresponding to testResult '' in inProgress list.
TpTrace Verbose: 0 : 22056, 4, 2021/11/18, 17:48:23.242, 902696507509, testhost.dll, TestExecutionRecorder.RecordStart: Starting test: Zadatak3.TestoviIzuzetaka.TestOtvaranjeStanda.
TpTrace Information: 0 : 22056, 4, 2021/11/18, 17:48:23.243, 902696524225, testhost.dll, MSTest - Executing test TestOtvaranjeStanda
TpTrace Information: 0 : 22056, 4, 2021/11/18, 17:48:23.244, 902696534076, testhost.dll, MSTest - Executed test TestOtvaranjeStanda
TpTrace Verbose: 0 : 22056, 4, 2021/11/18, 17:48:23.244, 902696535132, testhost.dll, TestExecutionRecorder.RecordEnd: test: Zadatak3.TestoviIzuzetaka.TestOtvaranjeStanda execution completed.
TpTrace Verbose: 0 : 22056, 4, 2021/11/18, 17:48:23.248, 902696567958, testhost.dll, TestExecutionRecorder.RecordResult: Received result for test: Zadatak3.TestoviIzuzetaka.TestOtvaranjeStanda.
TpTrace Warning: 0 : 22056, 4, 2021/11/18, 17:48:23.248, 902696574263, testhost.dll, TestRunCache: InProgressTests is null
TpTrace Warning: 0 : 22056, 4, 2021/11/18, 17:48:23.248, 902696575933, testhost.dll, TestRunCache: No test found corresponding to testResult '' in inProgress list.
TpTrace Verbose: 0 : 22056, 4, 2021/11/18, 17:48:23.249, 902696577378, testhost.dll, TestExecutionRecorder.RecordStart: Starting test: Zadatak3.TestoviIzuzetaka.TestKonstruktoraProdavaca.
TpTrace Information: 0 : 22056, 4, 2021/11/18, 17:48:23.251, 902696596193, testhost.dll, MSTest - Executing test TestKonstruktoraProdavaca
TpTrace Information: 0 : 22056, 4, 2021/11/18, 17:48:23.251, 902696603531, testhost.dll, MSTest - Executed test TestKonstruktoraProdavaca
TpTrace Verbose: 0 : 22056, 4, 2021/11/18, 17:48:23.251, 902696604362, testhost.dll, TestExecutionRecorder.RecordEnd: test: Zadatak3.TestoviIzuzetaka.TestKonstruktoraProdavaca execution completed.
TpTrace Verbose: 0 : 22056, 4, 2021/11/18, 17:48:23.253, 902696619364, testhost.dll, TestExecutionRecorder.RecordResult: Received result for test: Zadatak3.TestoviIzuzetaka.TestKonstruktoraProdavaca.
TpTrace Warning: 0 : 22056, 4, 2021/11/18, 17:48:23.253, 902696620458, testhost.dll, TestRunCache: InProgressTests is null
TpTrace Warning: 0 : 22056, 4, 2021/11/18, 17:48:23.253, 902696620877, testhost.dll, TestRunCache: No test found corresponding to testResult '' in inProgress list.
TpTrace Verbose: 0 : 22056, 4, 2021/11/18, 17:48:23.253, 902696622026, testhost.dll, TestExecutionRecorder.RecordStart: Starting test: Zadatak3.TestoviIzuzetaka.TestRegistrujPromet.
TpTrace Information: 0 : 22056, 4, 2021/11/18, 17:48:23.258, 902696669121, testhost.dll, MSTest - Executing test TestRegistrujPromet
TpTrace Information: 0 : 22056, 4, 2021/11/18, 17:48:23.259, 902696680001, testhost.dll, MSTest - Executed test TestRegistrujPromet
TpTrace Verbose: 0 : 22056, 4, 2021/11/18, 17:48:23.259, 902696680845, testhost.dll, TestExecutionRecorder.RecordEnd: test: Zadatak3.TestoviIzuzetaka.TestRegistrujPromet execution completed.
TpTrace Verbose: 0 : 22056, 4, 2021/11/18, 17:48:23.260, 902696694161, testhost.dll, TestExecutionRecorder.RecordResult: Received result for test: Zadatak3.TestoviIzuzetaka.TestRegistrujPromet.
TpTrace Warning: 0 : 22056, 4, 2021/11/18, 17:48:23.260, 902696695104, testhost.dll, TestRunCache: InProgressTests is null
TpTrace Warning: 0 : 22056, 4, 2021/11/18, 17:48:23.260, 902696695539, testhost.dll, TestRunCache: No test found corresponding to testResult '' in inProgress list.
TpTrace Verbose: 0 : 22056, 4, 2021/11/18, 17:48:23.261, 902696696224, testhost.dll, TestExecutionRecorder.RecordStart: Starting test: Zadatak3.TestoviIzuzetaka.TestProizvodIme.
TpTrace Information: 0 : 22056, 4, 2021/11/18, 17:48:23.262, 902696708196, testhost.dll, MSTest - Executing test TestProizvodIme
TpTrace Information: 0 : 22056, 4, 2021/11/18, 17:48:23.263, 902696725193, testhost.dll, MSTest - Executed test TestProizvodIme
TpTrace Verbose: 0 : 22056, 4, 2021/11/18, 17:48:23.264, 902696729027, testhost.dll, TestExecutionRecorder.RecordEnd: test: Zadatak3.TestoviIzuzetaka.TestProizvodIme execution completed.
TpTrace Verbose: 0 : 22056, 4, 2021/11/18, 17:48:23.267, 902696757251, testhost.dll, TestExecutionRecorder.RecordResult: Received result for test: Zadatak3.TestoviIzuzetaka.TestProizvodIme.
TpTrace Warning: 0 : 22056, 4, 2021/11/18, 17:48:23.267, 902696758842, testhost.dll, TestRunCache: InProgressTests is null
TpTrace Warning: 0 : 22056, 4, 2021/11/18, 17:48:23.267, 902696759305, testhost.dll, TestRunCache: No test found corresponding to testResult '' in inProgress list.
TpTrace Verbose: 0 : 22056, 4, 2021/11/18, 17:48:23.267, 902696760128, testhost.dll, TestExecutionRecorder.RecordStart: Starting test: Zadatak3.TestoviIzuzetaka.TestKolicinaNaStanju.
TpTrace Information: 0 : 22056, 4, 2021/11/18, 17:48:23.269, 902696777616, testhost.dll, MSTest - Executing test TestKolicinaNaStanju
TpTrace Information: 0 : 22056, 4, 2021/11/18, 17:48:23.269, 902696785462, testhost.dll, MSTest - Executed test TestKolicinaNaStanju
TpTrace Verbose: 0 : 22056, 4, 2021/11/18, 17:48:23.270, 902696786358, testhost.dll, TestExecutionRecorder.RecordEnd: test: Zadatak3.TestoviIzuzetaka.TestKolicinaNaStanju execution completed.
TpTrace Verbose: 0 : 22056, 4, 2021/11/18, 17:48:23.271, 902696801589, testhost.dll, TestExecutionRecorder.RecordResult: Received result for test: Zadatak3.TestoviIzuzetaka.TestKolicinaNaStanju.
TpTrace Warning: 0 : 22056, 4, 2021/11/18, 17:48:23.271, 902696802787, testhost.dll, TestRunCache: InProgressTests is null
TpTrace Warning: 0 : 22056, 4, 2021/11/18, 17:48:23.271, 902696803373, testhost.dll, TestRunCache: No test found corresponding to testResult '' in inProgress list.
TpTrace Verbose: 0 : 22056, 4, 2021/11/18, 17:48:23.271, 902696804408, testhost.dll, TestExecutionRecorder.RecordStart: Starting test: Zadatak3.TestoviIzuzetaka.TestOcekivanaKolicina.
TpTrace Information: 0 : 22056, 4, 2021/11/18, 17:48:23.273, 902696825168, testhost.dll, MSTest - Executing test TestOcekivanaKolicina
TpTrace Information: 0 : 22056, 4, 2021/11/18, 17:48:23.274, 902696835390, testhost.dll, MSTest - Executed test TestOcekivanaKolicina
TpTrace Verbose: 0 : 22056, 4, 2021/11/18, 17:48:23.275, 902696836682, testhost.dll, TestExecutionRecorder.RecordEnd: test: Zadatak3.TestoviIzuzetaka.TestOcekivanaKolicina execution completed.
TpTrace Verbose: 0 : 22056, 4, 2021/11/18, 17:48:23.277, 902696856721, testhost.dll, TestExecutionRecorder.RecordResult: Received result for test: Zadatak3.TestoviIzuzetaka.TestOcekivanaKolicina.
TpTrace Warning: 0 : 22056, 4, 2021/11/18, 17:48:23.277, 902696858125, testhost.dll, TestRunCache: InProgressTests is null
TpTrace Warning: 0 : 22056, 4, 2021/11/18, 17:48:23.277, 902696858874, testhost.dll, TestRunCache: No test found corresponding to testResult '' in inProgress list.
TpTrace Verbose: 0 : 22056, 4, 2021/11/18, 17:48:23.277, 902696859859, testhost.dll, TestExecutionRecorder.RecordStart: Starting test: Zadatak3.TestoviIzuzetaka.TestDatumPristizanja.
TpTrace Information: 0 : 22056, 4, 2021/11/18, 17:48:23.278, 902696874362, testhost.dll, MSTest - Executing test TestDatumPristizanja
TpTrace Information: 0 : 22056, 4, 2021/11/18, 17:48:23.280, 902696890900, testhost.dll, MSTest - Executed test TestDatumPristizanja
TpTrace Verbose: 0 : 22056, 4, 2021/11/18, 17:48:23.280, 902696895528, testhost.dll, TestExecutionRecorder.RecordEnd: test: Zadatak3.TestoviIzuzetaka.TestDatumPristizanja execution completed.
TpTrace Verbose: 0 : 22056, 4, 2021/11/18, 17:48:23.284, 902696933510, testhost.dll, TestExecutionRecorder.RecordResult: Received result for test: Zadatak3.TestoviIzuzetaka.TestDatumPristizanja.
TpTrace Warning: 0 : 22056, 4, 2021/11/18, 17:48:23.284, 902696935693, testhost.dll, TestRunCache: InProgressTests is null
TpTrace Warning: 0 : 22056, 4, 2021/11/18, 17:48:23.285, 902696937057, testhost.dll, TestRunCache: No test found corresponding to testResult '' in inProgress list.
TpTrace Verbose: 0 : 22056, 4, 2021/11/18, 17:48:23.285, 902696938147, testhost.dll, TestExecutionRecorder.RecordStart: Starting test: Zadatak3.TestoviIzuzetaka.TestDatumOcekivaneKolicine.
TpTrace Information: 0 : 22056, 4, 2021/11/18, 17:48:23.287, 902696957982, testhost.dll, MSTest - Executing test TestDatumOcekivaneKolicine
TpTrace Information: 0 : 22056, 4, 2021/11/18, 17:48:23.288, 902696966696, testhost.dll, MSTest - Executed test TestDatumOcekivaneKolicine
TpTrace Verbose: 0 : 22056, 4, 2021/11/18, 17:48:23.288, 902696967926, testhost.dll, TestExecutionRecorder.RecordEnd: test: Zadatak3.TestoviIzuzetaka.TestDatumOcekivaneKolicine execution completed.
TpTrace Verbose: 0 : 22056, 4, 2021/11/18, 17:48:23.289, 902696983968, testhost.dll, TestExecutionRecorder.RecordResult: Received result for test: Zadatak3.TestoviIzuzetaka.TestDatumOcekivaneKolicine.
TpTrace Warning: 0 : 22056, 4, 2021/11/18, 17:48:23.289, 902696985066, testhost.dll, TestRunCache: InProgressTests is null
TpTrace Warning: 0 : 22056, 4, 2021/11/18, 17:48:23.289, 902696985466, testhost.dll, TestRunCache: No test found corresponding to testResult '' in inProgress list.
TpTrace Verbose: 0 : 22056, 4, 2021/11/18, 17:48:23.290, 902696986186, testhost.dll, TestExecutionRecorder.RecordStart: Starting test: Zadatak3.TestoviIzuzetaka.TestCijenaProizvoda.
TpTrace Information: 0 : 22056, 4, 2021/11/18, 17:48:23.291, 902697002583, testhost.dll, Sending test run statistics
TpTrace Verbose: 0 : 22056, 4, 2021/11/18, 17:48:23.326, 902697350591, testhost.dll, TestRequestHandler.SendData:  sending data from testhost: {"Version":5,"MessageType":"TestExecution.StatsChange","Payload":{"NewTestResults":[{"TestCase":{"Id":"5ccc8b82-4246-411d-c0aa-efec081f04c6","FullyQualifiedName":"Zadatak3.TestoviIzuzetaka.TestProdavacIme","DisplayName":"TestProdavacIme","ExecutorUri":"executor://MSTestAdapter/v2","Source":"C:\\Users\\Armin\\Documents\\GitHub\\Grupa-3-Verifikovani-i-Validirani-Softverasi\\Pijaca\\Zadatak3\\bin\\Debug\\net5.0\\fine-code-coverage\\build-output\\Zadatak3.dll","CodeFilePath":null,"LineNumber":-1,"Properties":[{"Key":{"Id":"TestCase.ManagedType","Label":"ManagedType","Category":"","Description":"","Attributes":1,"ValueType":"System.String"},"Value":"Zadatak3.TestoviIzuzetaka"},{"Key":{"Id":"TestCase.ManagedMethod","Label":"ManagedMethod","Category":"","Description":"","Attributes":1,"ValueType":"System.String"},"Value":"TestProdavacIme"},{"Key":{"Id":"MSTestDiscoverer.TestClassName","Label":"ClassName","Category":"","Description":"","Attributes":1,"ValueType":"System.String"},"Value":"Zadatak3.TestoviIzuzetaka"},{"Key":{"Id":"TestObject.Traits","Label":"Traits","Category":"","Description":"","Attributes":5,"ValueType":"System.Collections.Generic.KeyValuePair`2[[System.String],[System.String]][]"},"Value":[]}]},"Attachments":[],"Outcome":1,"ErrorMessage":null,"ErrorStackTrace":null,"DisplayName":null,"Messages":[],"ComputerName":null,"Duration":"00:00:00.0123737","StartTime":"2021-11-18T17:48:23.1381005+01:00","EndTime":"2021-11-18T17:48:23.2030963+01:00","Properties":[{"Key":{"Id":"ExecutionId","Label":"ExecutionId","Category":"","Description":"","Attributes":1,"ValueType":"System.Guid"},"Value":"00000000-0000-0000-0000-000000000000"},{"Key":{"Id":"ParentExecId","Label":"ParentExecId","Category":"","Description":"","Attributes":1,"ValueType":"System.Guid"},"Value":"00000000-0000-0000-0000-000000000000"},{"Key":{"Id":"InnerResultsCount","Label":"InnerResultsCount","Category":"","Description":"","Attributes":1,"ValueType":"System.Int32"},"Value":0}]},{"TestCase":{"Id":"d745ec71-ea17-db7e-bd0f-3f0fe5175e6c","FullyQualifiedName":"Zadatak3.TestoviIzuzetaka.TestOtvaranjeStanda","DisplayName":"TestOtvaranjeStanda","ExecutorUri":"executor://MSTestAdapter/v2","Source":"C:\\Users\\Armin\\Documents\\GitHub\\Grupa-3-Verifikovani-i-Validirani-Softverasi\\Pijaca\\Zadatak3\\bin\\Debug\\net5.0\\fine-code-coverage\\build-output\\Zadatak3.dll","CodeFilePath":null,"LineNumber":-1,"Properties":[{"Key":{"Id":"TestCase.ManagedType","Label":"ManagedType","Category":"","Description":"","Attributes":1,"ValueType":"System.String"},"Value":"Zadatak3.TestoviIzuzetaka"},{"Key":{"Id":"TestCase.ManagedMethod","Label":"ManagedMethod","Category":"","Description":"","Attributes":1,"ValueType":"System.String"},"Value":"TestOtvaranjeStanda"},{"Key":{"Id":"MSTestDiscoverer.TestClassName","Label":"ClassName","Category":"","Description":"","Attributes":1,"ValueType":"System.String"},"Value":"Zadatak3.TestoviIzuzetaka"},{"Key":{"Id":"TestObject.Traits","Label":"Traits","Category":"","Description":"","Attributes":5,"ValueType":"System.Collections.Generic.KeyValuePair`2[[System.String],[System.String]][]"},"Value":[]}]},"Attachments":[],"Outcome":1,"ErrorMessage":null,"ErrorStackTrace":null,"DisplayName":null,"Messages":[],"ComputerName":null,"Duration":"00:00:00.0005974","StartTime":"2021-11-18T17:48:23.243796+01:00","EndTime":"2021-11-18T17:48:23.2448819+01:00","Properties":[{"Key":{"Id":"ExecutionId","Label":"ExecutionId","Category":"","Description":"","Attributes":1,"ValueType":"System.Guid"},"Value":"00000000-0000-0000-0000-000000000000"},{"Key":{"Id":"ParentExecId","Label":"ParentExecId","Category":"","Description":"","Attributes":1,"ValueType":"System.Guid"},"Value":"00000000-0000-0000-0000-000000000000"},{"Key":{"Id":"InnerResultsCount","Label":"InnerResultsCount","Category":"","Description":"","Attributes":1,"ValueType":"System.Int32"},"Value":0}]},{"TestCase":{"Id":"3ab4ef39-dc6f-9e81-5a97-bfdd06cb9c02","FullyQualifiedName":"Zadatak3.TestoviIzuzetaka.TestKonstruktoraProdavaca","DisplayName":"TestKonstruktoraProdavaca","ExecutorUri":"executor://MSTestAdapter/v2","Source":"C:\\Users\\Armin\\Documents\\GitHub\\Grupa-3-Verifikovani-i-Validirani-Softverasi\\Pijaca\\Zadatak3\\bin\\Debug\\net5.0\\fine-code-coverage\\build-output\\Zadatak3.dll","CodeFilePath":null,"LineNumber":-1,"Properties":[{"Key":{"Id":"TestCase.ManagedType","Label":"ManagedType","Category":"","Description":"","Attributes":1,"ValueType":"System.String"},"Value":"Zadatak3.TestoviIzuzetaka"},{"Key":{"Id":"TestCase.ManagedMethod","Label":"ManagedMethod","Category":"","Description":"","Attributes":1,"ValueType":"System.String"},"Value":"TestKonstruktoraProdavaca"},{"Key":{"Id":"MSTestDiscoverer.TestClassName","Label":"ClassName","Category":"","Description":"","Attributes":1,"ValueType":"System.String"},"Value":"Zadatak3.TestoviIzuzetaka"},{"Key":{"Id":"TestObject.Traits","Label":"Traits","Category":"","Description":"","Attributes":5,"ValueType":"System.Collections.Generic.KeyValuePair`2[[System.String],[System.String]][]"},"Value":[]}]},"Attachments":[],"Outcome":1,"ErrorMessage":null,"ErrorStackTrace":null,"DisplayName":null,"Messages":[],"ComputerName":null,"Duration":"00:00:00.0004860","StartTime":"2021-11-18T17:48:23.2509958+01:00","EndTime":"2021-11-18T17:48:23.2518134+01:00","Properties":[{"Key":{"Id":"ExecutionId","Label":"ExecutionId","Category":"","Description":"","Attributes":1,"ValueType":"System.Guid"},"Value":"00000000-0000-0000-0000-000000000000"},{"Key":{"Id":"ParentExecId","Label":"ParentExecId","Category":"","Description":"","Attributes":1,"ValueType":"System.Guid"},"Value":"00000000-0000-0000-0000-000000000000"},{"Key":{"Id":"InnerResultsCount","Label":"InnerResultsCount","Category":"","Description":"","Attributes":1,"ValueType":"System.Int32"},"Value":0}]},{"TestCase":{"Id":"c469f497-0e6f-ff4d-3e48-39171aededd2","FullyQualifiedName":"Zadatak3.TestoviIzuzetaka.TestRegistrujPromet","DisplayName":"TestRegistrujPromet","ExecutorUri":"executor://MSTestAdapter/v2","Source":"C:\\Users\\Armin\\Documents\\GitHub\\Grupa-3-Verifikovani-i-Validirani-Softverasi\\Pijaca\\Zadatak3\\bin\\Debug\\net5.0\\fine-code-coverage\\build-output\\Zadatak3.dll","CodeFilePath":null,"LineNumber":-1,"Properties":[{"Key":{"Id":"TestCase.ManagedType","Label":"ManagedType","Category":"","Description":"","Attributes":1,"ValueType":"System.String"},"Value":"Zadatak3.TestoviIzuzetaka"},{"Key":{"Id":"TestCase.ManagedMethod","Label":"ManagedMethod","Category":"","Description":"","Attributes":1,"ValueType":"System.String"},"Value":"TestRegistrujPromet"},{"Key":{"Id":"MSTestDiscoverer.TestClassName","Label":"ClassName","Category":"","Description":"","Attributes":1,"ValueType":"System.String"},"Value":"Zadatak3.TestoviIzuzetaka"},{"Key":{"Id":"TestObject.Traits","Label":"Traits","Category":"","Description":"","Attributes":5,"ValueType":"System.Collections.Generic.KeyValuePair`2[[System.String],[System.String]][]"},"Value":[]}]},"Attachments":[],"Outcome":1,"ErrorMessage":null,"ErrorStackTrace":null,"DisplayName":null,"Messages":[],"ComputerName":null,"Duration":"00:00:00.0008442","StartTime":"2021-11-18T17:48:23.2582863+01:00","EndTime":"2021-11-18T17:48:23.2594639+01:00","Properties":[{"Key":{"Id":"ExecutionId","Label":"ExecutionId","Category":"","Description":"","Attributes":1,"ValueType":"System.Guid"},"Value":"00000000-0000-0000-0000-000000000000"},{"Key":{"Id":"ParentExecId","Label":"ParentExecId","Category":"","Description":"","Attributes":1,"ValueType":"System.Guid"},"Value":"00000000-0000-0000-0000-000000000000"},{"Key":{"Id":"InnerResultsCount","Label":"InnerResultsCount","Category":"","Description":"","Attributes":1,"ValueType":"System.Int32"},"Value":0}]},{"TestCase":{"Id":"47c4d756-a527-d663-9f1e-5969f7356ac1","FullyQualifiedName":"Zadatak3.TestoviIzuzetaka.TestProizvodIme","DisplayName":"TestProizvodIme","ExecutorUri":"executor://MSTestAdapter/v2","Source":"C:\\Users\\Armin\\Documents\\GitHub\\Grupa-3-Verifikovani-i-Validirani-Softverasi\\Pijaca\\Zadatak3\\bin\\Debug\\net5.0\\fine-code-coverage\\build-output\\Zadatak3.dll","CodeFilePath":null,"LineNumber":-1,"Properties":[{"Key":{"Id":"TestCase.ManagedType","Label":"ManagedType","Category":"","Description":"","Attributes":1,"ValueType":"System.String"},"Value":"Zadatak3.TestoviIzuzetaka"},{"Key":{"Id":"TestCase.ManagedMethod","Label":"ManagedMethod","Category":"","Description":"","Attributes":1,"ValueType":"System.String"},"Value":"TestProizvodIme"},{"Key":{"Id":"MSTestDiscoverer.TestClassName","Label":"ClassName","Category":"","Description":"","Attributes":1,"ValueType":"System.String"},"Value":"Zadatak3.TestoviIzuzetaka"},{"Key":{"Id":"TestObject.Traits","Label":"Traits","Category":"","Description":"","Attributes":5,"ValueType":"System.Collections.Generic.KeyValuePair`2[[System.String],[System.String]][]"},"Value":[]}]},"Attachments":[],"Outcome":1,"ErrorMessage":null,"ErrorStackTrace":null,"DisplayName":null,"Messages":[],"ComputerName":null,"Duration":"00:00:00.0012385","StartTime":"2021-11-18T17:48:23.2622+01:00","EndTime":"2021-11-18T17:48:23.264245+01:00","Properties":[{"Key":{"Id":"ExecutionId","Label":"ExecutionId","Category":"","Description":"","Attributes":1,"ValueType":"System.Guid"},"Value":"00000000-0000-0000-0000-000000000000"},{"Key":{"Id":"ParentExecId","Label":"ParentExecId","Category":"","Description":"","Attributes":1,"ValueType":"System.Guid"},"Value":"00000000-0000-0000-0000-000000000000"},{"Key":{"Id":"InnerResultsCount","Label":"InnerResultsCount","Category":"","Description":"","Attributes":1,"ValueType":"System.Int32"},"Value":0}]},{"TestCase":{"Id":"879a4200-6572-e2b5-6741-c13751e73ba6","FullyQualifiedName":"Zadatak3.TestoviIzuzetaka.TestKolicinaNaStanju","DisplayName":"TestKolicinaNaStanju","ExecutorUri":"executor://MSTestAdapter/v2","Source":"C:\\Users\\Armin\\Documents\\GitHub\\Grupa-3-Verifikovani-i-Validirani-Softverasi\\Pijaca\\Zadatak3\\bin\\Debug\\net5.0\\fine-code-coverage\\build-output\\Zadatak3.dll","CodeFilePath":null,"LineNumber":-1,"Properties":[{"Key":{"Id":"TestCase.ManagedType","Label":"ManagedType","Category":"","Description":"","Attributes":1,"ValueType":"System.String"},"Value":"Zadatak3.TestoviIzuzetaka"},{"Key":{"Id":"TestCase.ManagedMethod","Label":"ManagedMethod","Category":"","Description":"","Attributes":1,"ValueType":"System.String"},"Value":"TestKolicinaNaStanju"},{"Key":{"Id":"MSTestDiscoverer.TestClassName","Label":"ClassName","Category":"","Description":"","Attributes":1,"ValueType":"System.String"},"Value":"Zadatak3.TestoviIzuzetaka"},{"Key":{"Id":"TestObject.Traits","Label":"Traits","Category":"","Description":"","Attributes":5,"ValueType":"System.Collections.Generic.KeyValuePair`2[[System.String],[System.String]][]"},"Value":[]}]},"Attachments":[],"Outcome":1,"ErrorMessage":null,"ErrorStackTrace":null,"DisplayName":null,"Messages":[],"ComputerName":null,"Duration":"00:00:00.0004910","StartTime":"2021-11-18T17:48:23.2691357+01:00","EndTime":"2021-11-18T17:48:23.2700144+01:00","Properties":[{"Key":{"Id":"ExecutionId","Label":"ExecutionId","Category":"","Description":"","Attributes":1,"ValueType":"System.Guid"},"Value":"00000000-0000-0000-0000-000000000000"},{"Key":{"Id":"ParentExecId","Label":"ParentExecId","Category":"","Description":"","Attributes":1,"ValueType":"System.Guid"},"Value":"00000000-0000-0000-0000-000000000000"},{"Key":{"Id":"InnerResultsCount","Label":"InnerResultsCount","Category":"","Description":"","Attributes":1,"ValueType":"System.Int32"},"Value":0}]},{"TestCase":{"Id":"fb284c69-29f0-c270-e348-4042775b3e47","FullyQualifiedName":"Zadatak3.TestoviIzuzetaka.TestOcekivanaKolicina","DisplayName":"TestOcekivanaKolicina","ExecutorUri":"executor://MSTestAdapter/v2","Source":"C:\\Users\\Armin\\Documents\\GitHub\\Grupa-3-Verifikovani-i-Validirani-Softverasi\\Pijaca\\Zadatak3\\bin\\Debug\\net5.0\\fine-code-coverage\\build-output\\Zadatak3.dll","CodeFilePath":null,"LineNumber":-1,"Properties":[{"Key":{"Id":"TestCase.ManagedType","Label":"ManagedType","Category":"","Description":"","Attributes":1,"ValueType":"System.String"},"Value":"Zadatak3.TestoviIzuzetaka"},{"Key":{"Id":"TestCase.ManagedMethod","Label":"ManagedMethod","Category":"","Description":"","Attributes":1,"ValueType":"System.String"},"Value":"TestOcekivanaKolicina"},{"Key":{"Id":"MSTestDiscoverer.TestClassName","Label":"ClassName","Category":"","Description":"","Attributes":1,"ValueType":"System.String"},"Value":"Zadatak3.TestoviIzuzetaka"},{"Key":{"Id":"TestObject.Traits","Label":"Traits","Category":"","Description":"","Attributes":5,"ValueType":"System.Collections.Generic.KeyValuePair`2[[System.String],[System.String]][]"},"Value":[]}]},"Attachments":[],"Outcome":1,"ErrorMessage":null,"ErrorStackTrace":null,"DisplayName":null,"Messages":[],"ComputerName":null,"Duration":"00:00:00.0007076","StartTime":"2021-11-18T17:48:23.2738898+01:00","EndTime":"2021-11-18T17:48:23.2750411+01:00","Properties":[{"Key":{"Id":"ExecutionId","Label":"ExecutionId","Category":"","Description":"","Attributes":1,"ValueType":"System.Guid"},"Value":"00000000-0000-0000-0000-000000000000"},{"Key":{"Id":"ParentExecId","Label":"ParentExecId","Category":"","Description":"","Attributes":1,"ValueType":"System.Guid"},"Value":"00000000-0000-0000-0000-000000000000"},{"Key":{"Id":"InnerResultsCount","Label":"InnerResultsCount","Category":"","Description":"","Attributes":1,"ValueType":"System.Int32"},"Value":0}]},{"TestCase":{"Id":"35042000-a727-6a77-d866-2691510089e2","FullyQualifiedName":"Zadatak3.TestoviIzuzetaka.TestDatumPristizanja","DisplayName":"TestDatumPristizanja","ExecutorUri":"executor://MSTestAdapter/v2","Source":"C:\\Users\\Armin\\Documents\\GitHub\\Grupa-3-Verifikovani-i-Validirani-Softverasi\\Pijaca\\Zadatak3\\bin\\Debug\\net5.0\\fine-code-coverage\\build-output\\Zadatak3.dll","CodeFilePath":null,"LineNumber":-1,"Properties":[{"Key":{"Id":"TestCase.ManagedType","Label":"ManagedType","Category":"","Description":"","Attributes":1,"ValueType":"System.String"},"Value":"Zadatak3.TestoviIzuzetaka"},{"Key":{"Id":"TestCase.ManagedMethod","Label":"ManagedMethod","Category":"","Description":"","Attributes":1,"ValueType":"System.String"},"Value":"TestDatumPristizanja"},{"Key":{"Id":"MSTestDiscoverer.TestClassName","Label":"ClassName","Category":"","Description":"","Attributes":1,"ValueType":"System.String"},"Value":"Zadatak3.TestoviIzuzetaka"},{"Key":{"Id":"TestObject.Traits","Label":"Traits","Category":"","Description":"","Attributes":5,"ValueType":"System.Collections.Generic.KeyValuePair`2[[System.String],[System.String]][]"},"Value":[]}]},"Attachments":[],"Outcome":1,"ErrorMessage":null,"ErrorStackTrace":null,"DisplayName":null,"Messages":[],"ComputerName":null,"Duration":"00:00:00.0010967","StartTime":"2021-11-18T17:48:23.2788123+01:00","EndTime":"2021-11-18T17:48:23.2808846+01:00","Properties":[{"Key":{"Id":"ExecutionId","Label":"ExecutionId","Category":"","Description":"","Attributes":1,"ValueType":"System.Guid"},"Value":"00000000-0000-0000-0000-000000000000"},{"Key":{"Id":"ParentExecId","Label":"ParentExecId","Category":"","Description":"","Attributes":1,"ValueType":"System.Guid"},"Value":"00000000-0000-0000-0000-000000000000"},{"Key":{"Id":"InnerResultsCount","Label":"InnerResultsCount","Category":"","Description":"","Attributes":1,"ValueType":"System.Int32"},"Value":0}]},{"TestCase":{"Id":"8f4a0743-3ef6-3326-123e-2239a99bca59","FullyQualifiedName":"Zadatak3.TestoviIzuzetaka.TestDatumOcekivaneKolicine","DisplayName":"TestDatumOcekivaneKolicine","ExecutorUri":"executor://MSTestAdapter/v2","Source":"C:\\Users\\Armin\\Documents\\GitHub\\Grupa-3-Verifikovani-i-Validirani-Softverasi\\Pijaca\\Zadatak3\\bin\\Debug\\net5.0\\fine-code-coverage\\build-output\\Zadatak3.dll","CodeFilePath":null,"LineNumber":-1,"Properties":[{"Key":{"Id":"TestCase.ManagedType","Label":"ManagedType","Category":"","Description":"","Attributes":1,"ValueType":"System.String"},"Value":"Zadatak3.TestoviIzuzetaka"},{"Key":{"Id":"TestCase.ManagedMethod","Label":"ManagedMethod","Category":"","Description":"","Attributes":1,"ValueType":"System.String"},"Value":"TestDatumOcekivaneKolicine"},{"Key":{"Id":"MSTestDiscoverer.TestClassName","Label":"ClassName","Category":"","Description":"","Attributes":1,"ValueType":"System.String"},"Value":"Zadatak3.TestoviIzuzetaka"},{"Key":{"Id":"TestObject.Traits","Label":"Traits","Category":"","Description":"","Attributes":5,"ValueType":"System.Collections.Generic.KeyValuePair`2[[System.String],[System.String]][]"},"Value":[]}]},"Attachments":[],"Outcome":1,"ErrorMessage":null,"ErrorStackTrace":null,"DisplayName":null,"Messages":[],"ComputerName":null,"Duration":"00:00:00.0005585","StartTime":"2021-11-18T17:48:23.2871725+01:00","EndTime":"2021-11-18T17:48:23.288167+01:00","Properties":[{"Key":{"Id":"ExecutionId","Label":"ExecutionId","Category":"","Description":"","Attributes":1,"ValueType":"System.Guid"},"Value":"00000000-0000-0000-0000-000000000000"},{"Key":{"Id":"ParentExecId","Label":"ParentExecId","Category":"","Description":"","Attributes":1,"ValueType":"System.Guid"},"Value":"00000000-0000-0000-0000-000000000000"},{"Key":{"Id":"InnerResultsCount","Label":"InnerResultsCount","Category":"","Description":"","Attributes":1,"ValueType":"System.Int32"},"Value":0}]}],"TestRunStatistics":{"ExecutedTests":9,"Stats":{"Passed":9}},"ActiveTests":[{"Id":"f3950574-6a30-6453-d3be-6d8c1dd6fc79","FullyQualifiedName":"Zadatak3.TestoviIzuzetaka.TestCijenaProizvoda","DisplayName":"TestCijenaProizvoda","ExecutorUri":"executor://MSTestAdapter/v2","Source":"C:\\Users\\Armin\\Documents\\GitHub\\Grupa-3-Verifikovani-i-Validirani-Softverasi\\Pijaca\\Zadatak3\\bin\\Debug\\net5.0\\fine-code-coverage\\build-output\\Zadatak3.dll","CodeFilePath":null,"LineNumber":-1,"Properties":[{"Key":{"Id":"TestCase.ManagedType","Label":"ManagedType","Category":"","Description":"","Attributes":1,"ValueType":"System.String"},"Value":"Zadatak3.TestoviIzuzetaka"},{"Key":{"Id":"TestCase.ManagedMethod","Label":"ManagedMethod","Category":"","Description":"","Attributes":1,"ValueType":"System.String"},"Value":"TestCijenaProizvoda"},{"Key":{"Id":"MSTestDiscoverer.TestClassName","Label":"ClassName","Category":"","Description":"","Attributes":1,"ValueType":"System.String"},"Value":"Zadatak3.TestoviIzuzetaka"},{"Key":{"Id":"TestObject.Traits","Label":"Traits","Category":"","Description":"","Attributes":5,"ValueType":"System.Collections.Generic.KeyValuePair`2[[System.String],[System.String]][]"},"Value":[]}]}]}}
TpTrace Verbose: 0 : 22056, 4, 2021/11/18, 17:48:23.326, 902697355157, testhost.dll, TestRunCache: OnNewTestResult: Notified the onCacheHit callback.
TpTrace Information: 0 : 22056, 4, 2021/11/18, 17:48:23.328, 902697367038, testhost.dll, MSTest - Executing test TestCijenaProizvoda
TpTrace Information: 0 : 22056, 4, 2021/11/18, 17:48:23.328, 902697374312, testhost.dll, MSTest - Executed test TestCijenaProizvoda
TpTrace Verbose: 0 : 22056, 4, 2021/11/18, 17:48:23.328, 902697375064, testhost.dll, TestExecutionRecorder.RecordEnd: test: Zadatak3.TestoviIzuzetaka.TestCijenaProizvoda execution completed.
TpTrace Warning: 0 : 22056, 4, 2021/11/18, 17:48:23.328, 902697375434, testhost.dll, TestRunCache: InProgressTests is null
TpTrace Verbose: 0 : 22056, 4, 2021/11/18, 17:48:23.332, 902697412740, testhost.dll, TestExecutionRecorder.RecordResult: Received result for test: Zadatak3.TestoviIzuzetaka.TestCijenaProizvoda.
TpTrace Warning: 0 : 22056, 4, 2021/11/18, 17:48:23.332, 902697415389, testhost.dll, TestRunCache: InProgressTests is null
TpTrace Warning: 0 : 22056, 4, 2021/11/18, 17:48:23.333, 902697416435, testhost.dll, TestRunCache: No test found corresponding to testResult '' in inProgress list.
TpTrace Verbose: 0 : 22056, 4, 2021/11/18, 17:48:23.333, 902697417584, testhost.dll, TestExecutionRecorder.RecordStart: Starting test: Zadatak3.TestoviIzuzetaka.TestCertifikat387.
TpTrace Information: 0 : 22056, 4, 2021/11/18, 17:48:23.335, 902697436173, testhost.dll, MSTest - Executing test TestCertifikat387
TpTrace Information: 0 : 22056, 4, 2021/11/18, 17:48:23.335, 902697443665, testhost.dll, MSTest - Executed test TestCertifikat387
TpTrace Verbose: 0 : 22056, 4, 2021/11/18, 17:48:23.335, 902697444617, testhost.dll, TestExecutionRecorder.RecordEnd: test: Zadatak3.TestoviIzuzetaka.TestCertifikat387 execution completed.
TpTrace Verbose: 0 : 22056, 4, 2021/11/18, 17:48:23.337, 902697456236, testhost.dll, TestExecutionRecorder.RecordResult: Received result for test: Zadatak3.TestoviIzuzetaka.TestCertifikat387.
TpTrace Warning: 0 : 22056, 4, 2021/11/18, 17:48:23.337, 902697457197, testhost.dll, TestRunCache: InProgressTests is null
TpTrace Warning: 0 : 22056, 4, 2021/11/18, 17:48:23.337, 902697457567, testhost.dll, TestRunCache: No test found corresponding to testResult '' in inProgress list.
TpTrace Verbose: 0 : 22056, 4, 2021/11/18, 17:48:23.337, 902697458218, testhost.dll, TestExecutionRecorder.RecordStart: Starting test: Zadatak3.TestoviIzuzetaka.TestRadSaProdavaima.
TpTrace Information: 0 : 22056, 4, 2021/11/18, 17:48:23.338, 902697467851, testhost.dll, MSTest - Executing test TestRadSaProdavaima
TpTrace Information: 0 : 22056, 4, 2021/11/18, 17:48:23.339, 902697483683, testhost.dll, MSTest - Executed test TestRadSaProdavaima
TpTrace Verbose: 0 : 22056, 4, 2021/11/18, 17:48:23.339, 902697484751, testhost.dll, TestExecutionRecorder.RecordEnd: test: Zadatak3.TestoviIzuzetaka.TestRadSaProdavaima execution completed.
TpTrace Verbose: 0 : 22056, 4, 2021/11/18, 17:48:23.341, 902697496341, testhost.dll, TestExecutionRecorder.RecordResult: Received result for test: Zadatak3.TestoviIzuzetaka.TestRadSaProdavaima.
TpTrace Warning: 0 : 22056, 4, 2021/11/18, 17:48:23.341, 902697497222, testhost.dll, TestRunCache: InProgressTests is null
TpTrace Warning: 0 : 22056, 4, 2021/11/18, 17:48:23.341, 902697497587, testhost.dll, TestRunCache: No test found corresponding to testResult '' in inProgress list.
TpTrace Verbose: 0 : 22056, 4, 2021/11/18, 17:48:23.341, 902697498308, testhost.dll, TestExecutionRecorder.RecordStart: Starting test: Zadatak3.TestoviIzuzetaka.TestOtvoritand.
TpTrace Information: 0 : 22056, 4, 2021/11/18, 17:48:23.342, 902697508992, testhost.dll, MSTest - Executing test TestOtvoritand
TpTrace Information: 0 : 22056, 4, 2021/11/18, 17:48:23.343, 902697524911, testhost.dll, MSTest - Executed test TestOtvoritand
TpTrace Verbose: 0 : 22056, 4, 2021/11/18, 17:48:23.343, 902697526011, testhost.dll, TestExecutionRecorder.RecordEnd: test: Zadatak3.TestoviIzuzetaka.TestOtvoritand execution completed.
TpTrace Verbose: 0 : 22056, 4, 2021/11/18, 17:48:23.345, 902697537856, testhost.dll, TestExecutionRecorder.RecordResult: Received result for test: Zadatak3.TestoviIzuzetaka.TestOtvoritand.
TpTrace Warning: 0 : 22056, 4, 2021/11/18, 17:48:23.345, 902697538754, testhost.dll, TestRunCache: InProgressTests is null
TpTrace Warning: 0 : 22056, 4, 2021/11/18, 17:48:23.345, 902697539124, testhost.dll, TestRunCache: No test found corresponding to testResult '' in inProgress list.
TpTrace Verbose: 0 : 22056, 4, 2021/11/18, 17:48:23.345, 902697539748, testhost.dll, TestExecutionRecorder.RecordStart: Starting test: Zadatak3.TestoviIzuzetaka.TestIzvravanjeKupovina.
TpTrace Information: 0 : 22056, 4, 2021/11/18, 17:48:23.349, 902697577196, testhost.dll, MSTest - Executing test TestIzvravanjeKupovina
TpTrace Information: 0 : 22056, 4, 2021/11/18, 17:48:23.351, 902697597474, testhost.dll, MSTest - Executed test TestIzvravanjeKupovina
TpTrace Verbose: 0 : 22056, 4, 2021/11/18, 17:48:23.351, 902697599780, testhost.dll, TestExecutionRecorder.RecordEnd: test: Zadatak3.TestoviIzuzetaka.TestIzvravanjeKupovina execution completed.
TpTrace Verbose: 0 : 22056, 4, 2021/11/18, 17:48:23.353, 902697618550, testhost.dll, TestExecutionRecorder.RecordResult: Received result for test: Zadatak3.TestoviIzuzetaka.TestIzvravanjeKupovina.
TpTrace Warning: 0 : 22056, 4, 2021/11/18, 17:48:23.353, 902697619779, testhost.dll, TestRunCache: InProgressTests is null
TpTrace Warning: 0 : 22056, 4, 2021/11/18, 17:48:23.353, 902697620220, testhost.dll, TestRunCache: No test found corresponding to testResult '' in inProgress list.
TpTrace Verbose: 0 : 22056, 4, 2021/11/18, 17:48:23.353, 902697621105, testhost.dll, TestExecutionRecorder.RecordStart: Starting test: Zadatak3.TestoviIzuzetaka.TestDodavanjeTipskeNamirnice.
TpTrace Information: 0 : 22056, 4, 2021/11/18, 17:48:23.355, 902697640044, testhost.dll, MSTest - Executing test TestDodavanjeTipskeNamirnice
TpTrace Information: 0 : 22056, 4, 2021/11/18, 17:48:23.366, 902697748923, testhost.dll, MSTest - Executed test TestDodavanjeTipskeNamirnice
TpTrace Verbose: 0 : 22056, 4, 2021/11/18, 17:48:23.366, 902697751144, testhost.dll, TestExecutionRecorder.RecordEnd: test: Zadatak3.TestoviIzuzetaka.TestDodavanjeTipskeNamirnice execution completed.
TpTrace Verbose: 0 : 22056, 4, 2021/11/18, 17:48:23.369, 902697781946, testhost.dll, TestExecutionRecorder.RecordResult: Received result for test: Zadatak3.TestoviIzuzetaka.TestDodavanjeTipskeNamirnice.
TpTrace Warning: 0 : 22056, 4, 2021/11/18, 17:48:23.369, 902697783411, testhost.dll, TestRunCache: InProgressTests is null
TpTrace Warning: 0 : 22056, 4, 2021/11/18, 17:48:23.369, 902697783855, testhost.dll, TestRunCache: No test found corresponding to testResult '' in inProgress list.
TpTrace Verbose: 0 : 22056, 4, 2021/11/18, 17:48:23.369, 902697784732, testhost.dll, TestExecutionRecorder.RecordStart: Starting test: Zadatak3.TestoviIzuzetaka.TestNaruiProizvode.
TpTrace Information: 0 : 22056, 4, 2021/11/18, 17:48:23.372, 902697806798, testhost.dll, MSTest - Executing test TestNaruiProizvode
TpTrace Information: 0 : 22056, 4, 2021/11/18, 17:48:23.375, 902697840679, testhost.dll, MSTest - Executed test TestNaruiProizvode
TpTrace Verbose: 0 : 22056, 4, 2021/11/18, 17:48:23.375, 902697842005, testhost.dll, TestExecutionRecorder.RecordEnd: test: Zadatak3.TestoviIzuzetaka.TestNaruiProizvode execution completed.
TpTrace Verbose: 0 : 22056, 4, 2021/11/18, 17:48:23.377, 902697856126, testhost.dll, TestExecutionRecorder.RecordResult: Received result for test: Zadatak3.TestoviIzuzetaka.TestNaruiProizvode.
TpTrace Warning: 0 : 22056, 4, 2021/11/18, 17:48:23.377, 902697856998, testhost.dll, TestRunCache: InProgressTests is null
TpTrace Warning: 0 : 22056, 4, 2021/11/18, 17:48:23.377, 902697857381, testhost.dll, TestRunCache: No test found corresponding to testResult '' in inProgress list.
TpTrace Information: 0 : 22056, 4, 2021/11/18, 17:48:23.377, 902697859338, testhost.dll, MSTest - Executing cleanup methods.
TpTrace Information: 0 : 22056, 4, 2021/11/18, 17:48:23.378, 902697873076, testhost.dll, MSTest - Executed cleanup methods.
TpTrace Information: 0 : 22056, 4, 2021/11/18, 17:48:23.378, 902697873885, testhost.dll, MSTest - Executed tests belonging to source C:\Users\Armin\Documents\GitHub\Grupa-3-Verifikovani-i-Validirani-Softverasi\Pijaca\Zadatak3\bin\Debug\net5.0\fine-code-coverage\build-output\Zadatak3.dll
TpTrace Information: 0 : 22056, 4, 2021/11/18, 17:48:23.379, 902697876254, testhost.dll, Deleting deployment directory C:\Users\Armin\Documents\GitHub\Grupa-3-Verifikovani-i-Validirani-Softverasi\Pijaca\Zadatak3\bin\Debug\net5.0\fine-code-coverage\coverage-tool-output\Deploy_Armin 2021-11-18 17_48_22
TpTrace Information: 0 : 22056, 4, 2021/11/18, 17:48:23.384, 902697934304, testhost.dll, Deleted deployment directory C:\Users\Armin\Documents\GitHub\Grupa-3-Verifikovani-i-Validirani-Softverasi\Pijaca\Zadatak3\bin\Debug\net5.0\fine-code-coverage\coverage-tool-output\Deploy_Armin 2021-11-18 17_48_22
TpTrace Verbose: 0 : 22056, 4, 2021/11/18, 17:48:23.385, 902697940506, testhost.dll, BaseRunTests.RunTestInternalWithExecutors: Completed running tests for executor://MSTestAdapter/v2
TpTrace Information: 0 : 22056, 4, 2021/11/18, 17:48:23.387, 902697961725, testhost.dll, Sending test run complete
TpTrace Verbose: 0 : 22056, 4, 2021/11/18, 17:48:23.406, 902698149153, testhost.dll, TestRequestHandler.SendData:  sending data from testhost: {"Version":5,"MessageType":"TestExecution.Completed","Payload":{"TestRunCompleteArgs":{"TestRunStatistics":{"ExecutedTests":16,"Stats":{"Passed":16}},"IsCanceled":false,"IsAborted":false,"Error":null,"AttachmentSets":[],"ElapsedTimeInRunningTests":"00:00:00.4792427","Metrics":{}},"LastRunTests":{"NewTestResults":[{"TestCase":{"Id":"f3950574-6a30-6453-d3be-6d8c1dd6fc79","FullyQualifiedName":"Zadatak3.TestoviIzuzetaka.TestCijenaProizvoda","DisplayName":"TestCijenaProizvoda","ExecutorUri":"executor://MSTestAdapter/v2","Source":"C:\\Users\\Armin\\Documents\\GitHub\\Grupa-3-Verifikovani-i-Validirani-Softverasi\\Pijaca\\Zadatak3\\bin\\Debug\\net5.0\\fine-code-coverage\\build-output\\Zadatak3.dll","CodeFilePath":null,"LineNumber":-1,"Properties":[{"Key":{"Id":"TestCase.ManagedType","Label":"ManagedType","Category":"","Description":"","Attributes":1,"ValueType":"System.String"},"Value":"Zadatak3.TestoviIzuzetaka"},{"Key":{"Id":"TestCase.ManagedMethod","Label":"ManagedMethod","Category":"","Description":"","Attributes":1,"ValueType":"System.String"},"Value":"TestCijenaProizvoda"},{"Key":{"Id":"MSTestDiscoverer.TestClassName","Label":"ClassName","Category":"","Description":"","Attributes":1,"ValueType":"System.String"},"Value":"Zadatak3.TestoviIzuzetaka"},{"Key":{"Id":"TestObject.Traits","Label":"Traits","Category":"","Description":"","Attributes":5,"ValueType":"System.Collections.Generic.KeyValuePair`2[[System.String],[System.String]][]"},"Value":[]}]},"Attachments":[],"Outcome":1,"ErrorMessage":null,"ErrorStackTrace":null,"DisplayName":null,"Messages":[],"ComputerName":null,"Duration":"00:00:00.0005288","StartTime":"2021-11-18T17:48:23.3280851+01:00","EndTime":"2021-11-18T17:48:23.3288876+01:00","Properties":[{"Key":{"Id":"ExecutionId","Label":"ExecutionId","Category":"","Description":"","Attributes":1,"ValueType":"System.Guid"},"Value":"00000000-0000-0000-0000-000000000000"},{"Key":{"Id":"ParentExecId","Label":"ParentExecId","Category":"","Description":"","Attributes":1,"ValueType":"System.Guid"},"Value":"00000000-0000-0000-0000-000000000000"},{"Key":{"Id":"InnerResultsCount","Label":"InnerResultsCount","Category":"","Description":"","Attributes":1,"ValueType":"System.Int32"},"Value":0}]},{"TestCase":{"Id":"0e7615dd-cf48-da7e-d502-22dc62a42fca","FullyQualifiedName":"Zadatak3.TestoviIzuzetaka.TestCertifikat387","DisplayName":"TestCertifikat387","ExecutorUri":"executor://MSTestAdapter/v2","Source":"C:\\Users\\Armin\\Documents\\GitHub\\Grupa-3-Verifikovani-i-Validirani-Softverasi\\Pijaca\\Zadatak3\\bin\\Debug\\net5.0\\fine-code-coverage\\build-output\\Zadatak3.dll","CodeFilePath":null,"LineNumber":-1,"Properties":[{"Key":{"Id":"TestCase.ManagedType","Label":"ManagedType","Category":"","Description":"","Attributes":1,"ValueType":"System.String"},"Value":"Zadatak3.TestoviIzuzetaka"},{"Key":{"Id":"TestCase.ManagedMethod","Label":"ManagedMethod","Category":"","Description":"","Attributes":1,"ValueType":"System.String"},"Value":"TestCertifikat387"},{"Key":{"Id":"MSTestDiscoverer.TestClassName","Label":"ClassName","Category":"","Description":"","Attributes":1,"ValueType":"System.String"},"Value":"Zadatak3.TestoviIzuzetaka"},{"Key":{"Id":"TestObject.Traits","Label":"Traits","Category":"","Description":"","Attributes":5,"ValueType":"System.Collections.Generic.KeyValuePair`2[[System.String],[System.String]][]"},"Value":[]}]},"Attachments":[],"Outcome":1,"ErrorMessage":null,"ErrorStackTrace":null,"DisplayName":null,"Messages":[],"ComputerName":null,"Duration":"00:00:00.0004968","StartTime":"2021-11-18T17:48:23.3349935+01:00","EndTime":"2021-11-18T17:48:23.3358412+01:00","Properties":[{"Key":{"Id":"ExecutionId","Label":"ExecutionId","Category":"","Description":"","Attributes":1,"ValueType":"System.Guid"},"Value":"00000000-0000-0000-0000-000000000000"},{"Key":{"Id":"ParentExecId","Label":"ParentExecId","Category":"","Description":"","Attributes":1,"ValueType":"System.Guid"},"Value":"00000000-0000-0000-0000-000000000000"},{"Key":{"Id":"InnerResultsCount","Label":"InnerResultsCount","Category":"","Description":"","Attributes":1,"ValueType":"System.Int32"},"Value":0}]},{"TestCase":{"Id":"aae5fa86-d336-7dd9-87b5-34e217aadcb6","FullyQualifiedName":"Zadatak3.TestoviIzuzetaka.TestRadSaProdavaima","DisplayName":"TestRadSaProdavaima","ExecutorUri":"executor://MSTestAdapter/v2","Source":"C:\\Users\\Armin\\Documents\\GitHub\\Grupa-3-Verifikovani-i-Validirani-Softverasi\\Pijaca\\Zadatak3\\bin\\Debug\\net5.0\\fine-code-coverage\\build-output\\Zadatak3.dll","CodeFilePath":null,"LineNumber":-1,"Properties":[{"Key":{"Id":"TestCase.ManagedType","Label":"ManagedType","Category":"","Description":"","Attributes":1,"ValueType":"System.String"},"Value":"Zadatak3.TestoviIzuzetaka"},{"Key":{"Id":"TestCase.ManagedMethod","Label":"ManagedMethod","Category":"","Description":"","Attributes":1,"ValueType":"System.String"},"Value":"TestRadSaProdavaima"},{"Key":{"Id":"MSTestDiscoverer.TestClassName","Label":"ClassName","Category":"","Description":"","Attributes":1,"ValueType":"System.String"},"Value":"Zadatak3.TestoviIzuzetaka"},{"Key":{"Id":"TestObject.Traits","Label":"Traits","Category":"","Description":"","Attributes":5,"ValueType":"System.Collections.Generic.KeyValuePair`2[[System.String],[System.String]][]"},"Value":[]}]},"Attachments":[],"Outcome":1,"ErrorMessage":null,"ErrorStackTrace":null,"DisplayName":null,"Messages":[],"ComputerName":null,"Duration":"00:00:00.0013672","StartTime":"2021-11-18T17:48:23.3381676+01:00","EndTime":"2021-11-18T17:48:23.3398537+01:00","Properties":[{"Key":{"Id":"ExecutionId","Label":"ExecutionId","Category":"","Description":"","Attributes":1,"ValueType":"System.Guid"},"Value":"00000000-0000-0000-0000-000000000000"},{"Key":{"Id":"ParentExecId","Label":"ParentExecId","Category":"","Description":"","Attributes":1,"ValueType":"System.Guid"},"Value":"00000000-0000-0000-0000-000000000000"},{"Key":{"Id":"InnerResultsCount","Label":"InnerResultsCount","Category":"","Description":"","Attributes":1,"ValueType":"System.Int32"},"Value":0}]},{"TestCase":{"Id":"8628d629-52a4-539a-049c-c0e7a91ca91d","FullyQualifiedName":"Zadatak3.TestoviIzuzetaka.TestOtvoritand","DisplayName":"TestOtvoritand","ExecutorUri":"executor://MSTestAdapter/v2","Source":"C:\\Users\\Armin\\Documents\\GitHub\\Grupa-3-Verifikovani-i-Validirani-Softverasi\\Pijaca\\Zadatak3\\bin\\Debug\\net5.0\\fine-code-coverage\\build-output\\Zadatak3.dll","CodeFilePath":null,"LineNumber":-1,"Properties":[{"Key":{"Id":"TestCase.ManagedType","Label":"ManagedType","Category":"","Description":"","Attributes":1,"ValueType":"System.String"},"Value":"Zadatak3.TestoviIzuzetaka"},{"Key":{"Id":"TestCase.ManagedMethod","Label":"ManagedMethod","Category":"","Description":"","Attributes":1,"ValueType":"System.String"},"Value":"TestOtvoritand"},{"Key":{"Id":"MSTestDiscoverer.TestClassName","Label":"ClassName","Category":"","Description":"","Attributes":1,"ValueType":"System.String"},"Value":"Zadatak3.TestoviIzuzetaka"},{"Key":{"Id":"TestObject.Traits","Label":"Traits","Category":"","Description":"","Attributes":5,"ValueType":"System.Collections.Generic.KeyValuePair`2[[System.String],[System.String]][]"},"Value":[]}]},"Attachments":[],"Outcome":1,"ErrorMessage":null,"ErrorStackTrace":null,"DisplayName":null,"Messages":[],"ComputerName":null,"Duration":"00:00:00.0013311","StartTime":"2021-11-18T17:48:23.342279+01:00","EndTime":"2021-11-18T17:48:23.3439747+01:00","Properties":[{"Key":{"Id":"ExecutionId","Label":"ExecutionId","Category":"","Description":"","Attributes":1,"ValueType":"System.Guid"},"Value":"00000000-0000-0000-0000-000000000000"},{"Key":{"Id":"ParentExecId","Label":"ParentExecId","Category":"","Description":"","Attributes":1,"ValueType":"System.Guid"},"Value":"00000000-0000-0000-0000-000000000000"},{"Key":{"Id":"InnerResultsCount","Label":"InnerResultsCount","Category":"","Description":"","Attributes":1,"ValueType":"System.Int32"},"Value":0}]},{"TestCase":{"Id":"d89678ec-469e-ea36-91fa-34018cbb1cfa","FullyQualifiedName":"Zadatak3.TestoviIzuzetaka.TestIzvravanjeKupovina","DisplayName":"TestIzvravanjeKupovina","ExecutorUri":"executor://MSTestAdapter/v2","Source":"C:\\Users\\Armin\\Documents\\GitHub\\Grupa-3-Verifikovani-i-Validirani-Softverasi\\Pijaca\\Zadatak3\\bin\\Debug\\net5.0\\fine-code-coverage\\build-output\\Zadatak3.dll","CodeFilePath":null,"LineNumber":-1,"Properties":[{"Key":{"Id":"TestCase.ManagedType","Label":"ManagedType","Category":"","Description":"","Attributes":1,"ValueType":"System.String"},"Value":"Zadatak3.TestoviIzuzetaka"},{"Key":{"Id":"TestCase.ManagedMethod","Label":"ManagedMethod","Category":"","Description":"","Attributes":1,"ValueType":"System.String"},"Value":"TestIzvravanjeKupovina"},{"Key":{"Id":"MSTestDiscoverer.TestClassName","Label":"ClassName","Category":"","Description":"","Attributes":1,"ValueType":"System.String"},"Value":"Zadatak3.TestoviIzuzetaka"},{"Key":{"Id":"TestObject.Traits","Label":"Traits","Category":"","Description":"","Attributes":5,"ValueType":"System.Collections.Generic.KeyValuePair`2[[System.String],[System.String]][]"},"Value":[]}]},"Attachments":[],"Outcome":1,"ErrorMessage":null,"ErrorStackTrace":null,"DisplayName":null,"Messages":[],"ComputerName":null,"Duration":"00:00:00.0015825","StartTime":"2021-11-18T17:48:23.3490332+01:00","EndTime":"2021-11-18T17:48:23.3513354+01:00","Properties":[{"Key":{"Id":"ExecutionId","Label":"ExecutionId","Category":"","Description":"","Attributes":1,"ValueType":"System.Guid"},"Value":"00000000-0000-0000-0000-000000000000"},{"Key":{"Id":"ParentExecId","Label":"ParentExecId","Category":"","Description":"","Attributes":1,"ValueType":"System.Guid"},"Value":"00000000-0000-0000-0000-000000000000"},{"Key":{"Id":"InnerResultsCount","Label":"InnerResultsCount","Category":"","Description":"","Attributes":1,"ValueType":"System.Int32"},"Value":0}]},{"TestCase":{"Id":"0617cc62-f361-aead-eab8-e1856c664520","FullyQualifiedName":"Zadatak3.TestoviIzuzetaka.TestDodavanjeTipskeNamirnice","DisplayName":"TestDodavanjeTipskeNamirnice","ExecutorUri":"executor://MSTestAdapter/v2","Source":"C:\\Users\\Armin\\Documents\\GitHub\\Grupa-3-Verifikovani-i-Validirani-Softverasi\\Pijaca\\Zadatak3\\bin\\Debug\\net5.0\\fine-code-coverage\\build-output\\Zadatak3.dll","CodeFilePath":null,"LineNumber":-1,"Properties":[{"Key":{"Id":"TestCase.ManagedType","Label":"ManagedType","Category":"","Description":"","Attributes":1,"ValueType":"System.String"},"Value":"Zadatak3.TestoviIzuzetaka"},{"Key":{"Id":"TestCase.ManagedMethod","Label":"ManagedMethod","Category":"","Description":"","Attributes":1,"ValueType":"System.String"},"Value":"TestDodavanjeTipskeNamirnice"},{"Key":{"Id":"MSTestDiscoverer.TestClassName","Label":"ClassName","Category":"","Description":"","Attributes":1,"ValueType":"System.String"},"Value":"Zadatak3.TestoviIzuzetaka"},{"Key":{"Id":"TestObject.Traits","Label":"Traits","Category":"","Description":"","Attributes":5,"ValueType":"System.Collections.Generic.KeyValuePair`2[[System.String],[System.String]][]"},"Value":[]}]},"Attachments":[],"Outcome":1,"ErrorMessage":null,"ErrorStackTrace":null,"DisplayName":null,"Messages":[],"ComputerName":null,"Duration":"00:00:00.0105608","StartTime":"2021-11-18T17:48:23.3553795+01:00","EndTime":"2021-11-18T17:48:23.3664781+01:00","Properties":[{"Key":{"Id":"ExecutionId","Label":"ExecutionId","Category":"","Description":"","Attributes":1,"ValueType":"System.Guid"},"Value":"00000000-0000-0000-0000-000000000000"},{"Key":{"Id":"ParentExecId","Label":"ParentExecId","Category":"","Description":"","Attributes":1,"ValueType":"System.Guid"},"Value":"00000000-0000-0000-0000-000000000000"},{"Key":{"Id":"InnerResultsCount","Label":"InnerResultsCount","Category":"","Description":"","Attributes":1,"ValueType":"System.Int32"},"Value":0}]},{"TestCase":{"Id":"91d749a9-3c49-9fc6-67f8-7498fbc5052b","FullyQualifiedName":"Zadatak3.TestoviIzuzetaka.TestNaruiProizvode","DisplayName":"TestNaruiProizvode","ExecutorUri":"executor://MSTestAdapter/v2","Source":"C:\\Users\\Armin\\Documents\\GitHub\\Grupa-3-Verifikovani-i-Validirani-Softverasi\\Pijaca\\Zadatak3\\bin\\Debug\\net5.0\\fine-code-coverage\\build-output\\Zadatak3.dll","CodeFilePath":null,"LineNumber":-1,"Properties":[{"Key":{"Id":"TestCase.ManagedType","Label":"ManagedType","Category":"","Description":"","Attributes":1,"ValueType":"System.String"},"Value":"Zadatak3.TestoviIzuzetaka"},{"Key":{"Id":"TestCase.ManagedMethod","Label":"ManagedMethod","Category":"","Description":"","Attributes":1,"ValueType":"System.String"},"Value":"TestNaruiProizvode"},{"Key":{"Id":"MSTestDiscoverer.TestClassName","Label":"ClassName","Category":"","Description":"","Attributes":1,"ValueType":"System.String"},"Value":"Zadatak3.TestoviIzuzetaka"},{"Key":{"Id":"TestObject.Traits","Label":"Traits","Category":"","Description":"","Attributes":5,"ValueType":"System.Collections.Generic.KeyValuePair`2[[System.String],[System.String]][]"},"Value":[]}]},"Attachments":[],"Outcome":1,"ErrorMessage":null,"ErrorStackTrace":null,"DisplayName":null,"Messages":[],"ComputerName":null,"Duration":"00:00:00.0029866","StartTime":"2021-11-18T17:48:23.3720489+01:00","EndTime":"2021-11-18T17:48:23.3755757+01:00","Properties":[{"Key":{"Id":"ExecutionId","Label":"ExecutionId","Category":"","Description":"","Attributes":1,"ValueType":"System.Guid"},"Value":"00000000-0000-0000-0000-000000000000"},{"Key":{"Id":"ParentExecId","Label":"ParentExecId","Category":"","Description":"","Attributes":1,"ValueType":"System.Guid"},"Value":"00000000-0000-0000-0000-000000000000"},{"Key":{"Id":"InnerResultsCount","Label":"InnerResultsCount","Category":"","Description":"","Attributes":1,"ValueType":"System.Int32"},"Value":0}]}],"TestRunStatistics":{"ExecutedTests":16,"Stats":{"Passed":16}},"ActiveTests":[]},"RunAttachments":[],"ExecutorUris":["executor://mstestadapter/v2"]}}
TpTrace Verbose: 0 : 22056, 4, 2021/11/18, 17:48:23.407, 902698161269, testhost.dll, BaseRunTests.RunTests: Run is complete.
TpTrace Verbose: 0 : 22056, 5, 2021/11/18, 17:48:23.409, 902698180625, testhost.dll, TcpClientExtensions.MessageLoopAsync: NotifyDataAvailable remoteEndPoint: [::ffff:127.0.0.1]:62235 localEndPoint: [::ffff:127.0.0.1]:62237
TpTrace Information: 0 : 22056, 5, 2021/11/18, 17:48:23.409, 902698182341, testhost.dll, TestRequestHandler.ProcessRequests: received message: (TestSession.Terminate) -> null
TpTrace Information: 0 : 22056, 5, 2021/11/18, 17:48:23.409, 902698182789, testhost.dll, Session End message received from server. Closing the connection.
TpTrace Information: 0 : 22056, 5, 2021/11/18, 17:48:23.409, 902698186096, testhost.dll, SocketClient.Stop: Stop communication from server endpoint: 127.0.0.1:062235
TpTrace Information: 0 : 22056, 5, 2021/11/18, 17:48:23.410, 902698186974, testhost.dll, SocketClient: Stop: Cancellation requested. Stopping message loop.
TpTrace Verbose: 0 : 22056, 5, 2021/11/18, 17:48:23.410, 902698188857, testhost.dll, LengthPrefixCommunicationChannel.Dispose: Dispose reader and writer.
TpTrace Information: 0 : 22056, 5, 2021/11/18, 17:48:23.410, 902698189650, testhost.dll, Closing the connection !
TpTrace Information: 0 : 22056, 5, 2021/11/18, 17:48:23.410, 902698192332, testhost.dll, SocketClient.PrivateStop: Stop communication from server endpoint: 127.0.0.1:062235, error:
TpTrace Verbose: 0 : 22056, 5, 2021/11/18, 17:48:23.410, 902698195552, testhost.dll, LengthPrefixCommunicationChannel.Dispose: Dispose reader and writer.
TpTrace Information: 0 : 22056, 1, 2021/11/18, 17:48:23.410, 902698195553, testhost.dll, Closing the connection !
TpTrace Verbose: 0 : 22056, 5, 2021/11/18, 17:48:23.411, 902698196267, testhost.dll, TcpClientExtensions.MessageLoopAsync: exiting MessageLoopAsync remoteEndPoint: [::ffff:127.0.0.1]:62235 localEndPoint: [::ffff:127.0.0.1]:62237
TpTrace Information: 0 : 22056, 1, 2021/11/18, 17:48:23.411, 902698196846, testhost.dll, SocketClient.Stop: Stop communication from server endpoint: 127.0.0.1:062235
TpTrace Verbose: 0 : 22056, 1, 2021/11/18, 17:48:23.411, 902698197536, testhost.dll, LengthPrefixCommunicationChannel.Dispose: Dispose reader and writer.
TpTrace Information: 0 : 22056, 1, 2021/11/18, 17:48:23.411, 902698198366, testhost.dll, Testhost process exiting.
