TpTrace Verbose: 0 : 14904, 1, 2021/11/18, 00:31:13.308, 280371291617, datacollector.dll, Version: 16.11.0
TpTrace Information: 0 : 14904, 1, 2021/11/18, 00:31:13.315, 280371332595, datacollector.dll, DataCollectorMain.Run: Starting data collector run with args: --port,59296,--parentprocessid,7452,--diag,C:\Users\Armin\Documents\GitHub\Grupa-3-Verifikovani-i-Validirani-Softverasi\Pijaca\Zadatak 2\bin\Debug\net5.0\fine-code-coverage\coverage-tool-output\diagnostics.datacollector.21-11-18_00-31-13_17490_4.log,--tracelevel,4
TpTrace Information: 0 : 14904, 1, 2021/11/18, 00:31:13.315, 280371337881, datacollector.dll, DataCollector: Monitoring parent process with id: '7452'
TpTrace Information: 0 : 14904, 1, 2021/11/18, 00:31:13.323, 280371414462, datacollector.dll, Trying to connect to server on socket : 127.0.0.1:59296 
TpTrace Verbose: 0 : 14904, 1, 2021/11/18, 00:31:13.345, 280371636919, datacollector.dll, SocketCommunicationManager : SetupClientAsync : Attempting to connect to the server.
TpTrace Information: 0 : 14904, 7, 2021/11/18, 00:31:13.353, 280371713268, datacollector.dll, Connected to the server successfully 
TpTrace Information: 0 : 14904, 7, 2021/11/18, 00:31:13.353, 280371714123, datacollector.dll, Using the buffer size of 16384 bytes
TpTrace Information: 0 : 14904, 1, 2021/11/18, 00:31:13.418, 280372363699, datacollector.dll, DataCollector: Start Request Processing.
TpTrace Information: 0 : 14904, 1, 2021/11/18, 00:31:13.422, 280372410374, datacollector.dll, DataCollectionRequestHandler.ProcessRequests : Datacollector received message: (DataCollection.BeforeTestRunStart) -> {
  "SettingsXml": "<RunSettings><RunConfiguration><ResultsDirectory>C:\\Users\\Armin\\Documents\\GitHub\\Grupa-3-Verifikovani-i-Validirani-Softverasi\\Pijaca\\Zadatak 2\\bin\\Debug\\net5.0\\fine-code-coverage\\coverage-tool-output</ResultsDirectory><TargetPlatform>X64</TargetPlatform><TargetFrameworkVersion>.NETCoreApp,Version=v5.0</TargetFrameworkVersion><DesignMode>False</DesignMode><CollectSourceInformation>False</CollectSourceInformation><TestAdaptersPaths>C:\\Program Files\\dotnet\\sdk\\5.0.402\\Extensions</TestAdaptersPaths></RunConfiguration><LoggerRunSettings><Loggers><Logger friendlyName=\"blame\" enabled=\"True\" /><Logger friendlyName=\"Console\" uri=\"logger://microsoft/TestPlatform/ConsoleLogger/v1\" assemblyQualifiedName=\"Microsoft.VisualStudio.TestPlatform.CommandLine.Internal.ConsoleLogger, vstest.console, Version=15.0.0.0, Culture=neutral, PublicKeyToken=b03f5f7f11d50a3a\" codeBase=\"C:\\Program Files\\dotnet\\sdk\\5.0.402\\vstest.console.dll\" enabled=\"True\" /></Loggers></LoggerRunSettings><DataCollectionRunSettings><DataCollectors><DataCollector friendlyName=\"blame\" enabled=\"True\"><Configuration><ResultsDirectory>C:\\Users\\Armin\\Documents\\GitHub\\Grupa-3-Verifikovani-i-Validirani-Softverasi\\Pijaca\\Zadatak 2\\bin\\Debug\\net5.0\\fine-code-coverage\\coverage-tool-output</ResultsDirectory></Configuration></DataCollector></DataCollectors></DataCollectionRunSettings></RunSettings>",
  "Sources": [
    "C:\\Users\\Armin\\Documents\\GitHub\\Grupa-3-Verifikovani-i-Validirani-Softverasi\\Pijaca\\Zadatak 2\\bin\\Debug\\net5.0\\fine-code-coverage\\build-output\\Zadatak 2.dll"
  ],
  "IsTelemetryOptedIn": false
}
TpTrace Verbose: 0 : 14904, 1, 2021/11/18, 00:31:13.457, 280372760122, datacollector.dll, TestPluginCache: Update extensions started. Skip filter = False
TpTrace Verbose: 0 : 14904, 1, 2021/11/18, 00:31:13.458, 280372767599, datacollector.dll, TestPluginCache: Using directories for assembly resolution 'C:\Program Files\dotnet\sdk\5.0.402\Extensions'.
TpTrace Verbose: 0 : 14904, 1, 2021/11/18, 00:31:13.458, 280372768718, datacollector.dll, TestPluginCache: Updated the available extensions to 'C:\Program Files\dotnet\sdk\5.0.402\Extensions\Microsoft.TestPlatform.Extensions.BlameDataCollector.dll,C:\Program Files\dotnet\sdk\5.0.402\Extensions\Microsoft.TestPlatform.Extensions.EventLogCollector.dll'.
TpTrace Verbose: 0 : 14904, 1, 2021/11/18, 00:31:13.463, 280372819686, datacollector.dll, TestPluginCache.DiscoverTestExtensions: finding test extensions in assemblies ends with: Collector.dll TPluginInfo: Microsoft.VisualStudio.TestPlatform.Common.DataCollector.DataCollectorConfig TExtension: Microsoft.VisualStudio.TestPlatform.ObjectModel.DataCollection.DataCollector
TpTrace Verbose: 0 : 14904, 1, 2021/11/18, 00:31:13.464, 280372822471, datacollector.dll, TestPluginCache.GetExtensionPaths: Filtered extension paths: C:\Program Files\dotnet\sdk\5.0.402\Extensions\Microsoft.TestPlatform.Extensions.BlameDataCollector.dll
C:\Program Files\dotnet\sdk\5.0.402\Extensions\Microsoft.TestPlatform.Extensions.EventLogCollector.dll
TpTrace Verbose: 0 : 14904, 1, 2021/11/18, 00:31:13.464, 280372823361, datacollector.dll, TestPluginCache.GetExtensionPaths: Added default extension paths: 
TpTrace Verbose: 0 : 14904, 1, 2021/11/18, 00:31:13.464, 280372823640, datacollector.dll, TestPluginCache.GetExtensionPaths: Added unfilterableExtensionPaths: 
TpTrace Information: 0 : 14904, 1, 2021/11/18, 00:31:13.464, 280372828156, datacollector.dll, AssemblyResolver.ctor: Creating AssemblyResolver with searchDirectories C:\Program Files\dotnet\sdk\5.0.402\Extensions,C:\Program Files\dotnet\sdk\5.0.402
TpTrace Verbose: 0 : 14904, 1, 2021/11/18, 00:31:13.465, 280372840062, datacollector.dll, TestPluginCache.DiscoverTestExtensions: Discovering the extensions using extension path.
TpTrace Verbose: 0 : 14904, 1, 2021/11/18, 00:31:13.466, 280372842050, datacollector.dll, TestPluginCache.GetExtensionPaths: Filtered extension paths: C:\Program Files\dotnet\sdk\5.0.402\Extensions\Microsoft.TestPlatform.Extensions.BlameDataCollector.dll
C:\Program Files\dotnet\sdk\5.0.402\Extensions\Microsoft.TestPlatform.Extensions.EventLogCollector.dll
TpTrace Verbose: 0 : 14904, 1, 2021/11/18, 00:31:13.466, 280372842850, datacollector.dll, TestPluginCache.GetExtensionPaths: Added default extension paths: 
TpTrace Verbose: 0 : 14904, 1, 2021/11/18, 00:31:13.466, 280372843118, datacollector.dll, TestPluginCache.GetExtensionPaths: Added unfilterableExtensionPaths: 
TpTrace Verbose: 0 : 14904, 1, 2021/11/18, 00:31:13.466, 280372843564, datacollector.dll, TestPluginCache.DiscoverTestExtensions: Discovering the extensions using allExtensionPaths: C:\Program Files\dotnet\sdk\5.0.402\Extensions\Microsoft.TestPlatform.Extensions.BlameDataCollector.dll
C:\Program Files\dotnet\sdk\5.0.402\Extensions\Microsoft.TestPlatform.Extensions.EventLogCollector.dll
TpTrace Information: 0 : 14904, 1, 2021/11/18, 00:31:13.466, 280372844440, datacollector.dll, AssemblyResolver.AddSearchDirectories: Adding more searchDirectories C:\Program Files\dotnet\sdk\5.0.402\Extensions,C:\Program Files\dotnet\sdk\5.0.402
TpTrace Information: 0 : 14904, 1, 2021/11/18, 00:31:13.466, 280372845084, datacollector.dll, AssemblyResolver.AddSearchDirectories: Adding more searchDirectories C:\Program Files\dotnet\sdk\5.0.402\Extensions,C:\Program Files\dotnet\sdk\5.0.402
TpTrace Information: 0 : 14904, 1, 2021/11/18, 00:31:13.466, 280372849715, datacollector.dll, AssemblyResolver.OnResolve: Microsoft.TestPlatform.Extensions.BlameDataCollector: Resolving assembly.
TpTrace Information: 0 : 14904, 1, 2021/11/18, 00:31:13.466, 280372850446, datacollector.dll, AssemblyResolver.OnResolve: Microsoft.TestPlatform.Extensions.BlameDataCollector: Searching in: 'C:\Program Files\dotnet\sdk\5.0.402\Extensions'.
TpTrace Information: 0 : 14904, 1, 2021/11/18, 00:31:13.467, 280372855921, datacollector.dll, AssemblyResolver.OnResolve: Microsoft.TestPlatform.Extensions.BlameDataCollector: Loading assembly 'C:\Program Files\dotnet\sdk\5.0.402\Extensions\Microsoft.TestPlatform.Extensions.BlameDataCollector.dll'.
TpTrace Information: 0 : 14904, 1, 2021/11/18, 00:31:13.468, 280372861689, datacollector.dll, AssemblyResolver.OnResolve: Resolved assembly: Microsoft.TestPlatform.Extensions.BlameDataCollector, from path: C:\Program Files\dotnet\sdk\5.0.402\Extensions\Microsoft.TestPlatform.Extensions.BlameDataCollector.dll
TpTrace Error: 0 : 14904, 1, 2021/11/18, 00:31:13.469, 280372871915, datacollector.dll, The type "Microsoft.TestPlatform.Extensions.BlameDataCollector.BlameCollector" defined in "Microsoft.TestPlatform.Extensions.BlameDataCollector.dll" does not have ExtensionUri attribute.
TpTrace Information: 0 : 14904, 1, 2021/11/18, 00:31:13.470, 280372884718, datacollector.dll, AssemblyResolver.OnResolve: Microsoft.TestPlatform.Extensions.EventLogCollector: Resolving assembly.
TpTrace Information: 0 : 14904, 1, 2021/11/18, 00:31:13.470, 280372887720, datacollector.dll, AssemblyResolver.OnResolve: Microsoft.TestPlatform.Extensions.EventLogCollector: Searching in: 'C:\Program Files\dotnet\sdk\5.0.402\Extensions'.
TpTrace Information: 0 : 14904, 1, 2021/11/18, 00:31:13.471, 280372891610, datacollector.dll, AssemblyResolver.OnResolve: Microsoft.TestPlatform.Extensions.EventLogCollector: Loading assembly 'C:\Program Files\dotnet\sdk\5.0.402\Extensions\Microsoft.TestPlatform.Extensions.EventLogCollector.dll'.
TpTrace Information: 0 : 14904, 1, 2021/11/18, 00:31:13.471, 280372895001, datacollector.dll, AssemblyResolver.OnResolve: Resolved assembly: Microsoft.TestPlatform.Extensions.EventLogCollector, from path: C:\Program Files\dotnet\sdk\5.0.402\Extensions\Microsoft.TestPlatform.Extensions.EventLogCollector.dll
TpTrace Error: 0 : 14904, 1, 2021/11/18, 00:31:13.473, 280372911632, datacollector.dll, The type "Microsoft.TestPlatform.Extensions.EventLogCollector.EventLogDataCollector" defined in "Microsoft.TestPlatform.Extensions.EventLogCollector.dll" does not have ExtensionUri attribute.
TpTrace Verbose: 0 : 14904, 1, 2021/11/18, 00:31:13.473, 280372915602, datacollector.dll, TestPluginCache: Discovered the extensions using extension path 'C:\Program Files\dotnet\sdk\5.0.402\Extensions\Microsoft.TestPlatform.Extensions.BlameDataCollector.dll,C:\Program Files\dotnet\sdk\5.0.402\Extensions\Microsoft.TestPlatform.Extensions.EventLogCollector.dll'.
TpTrace Verbose: 0 : 14904, 1, 2021/11/18, 00:31:13.473, 280372916509, datacollector.dll, TestPluginCache: Discoverers are ''.
TpTrace Verbose: 0 : 14904, 1, 2021/11/18, 00:31:13.473, 280372916798, datacollector.dll, TestPluginCache: Executors are ''.
TpTrace Verbose: 0 : 14904, 1, 2021/11/18, 00:31:13.473, 280372917788, datacollector.dll, TestPluginCache: Executors2 are ''.
TpTrace Verbose: 0 : 14904, 1, 2021/11/18, 00:31:13.473, 280372918783, datacollector.dll, TestPluginCache: Setting providers are ''.
TpTrace Verbose: 0 : 14904, 1, 2021/11/18, 00:31:13.473, 280372919021, datacollector.dll, TestPluginCache: Loggers are ''.
TpTrace Information: 0 : 14904, 1, 2021/11/18, 00:31:13.474, 280372928721, datacollector.dll, TestPluginManager.CreateTestExtension: Attempting to load test extension: Microsoft.TestPlatform.Extensions.BlameDataCollector.BlameCollector
TpTrace Error: 0 : 14904, 1, 2021/11/18, 00:31:13.475, 280372932696, datacollector.dll, The type "Microsoft.TestPlatform.Extensions.BlameDataCollector.BlameCollector" defined in "Microsoft.TestPlatform.Extensions.BlameDataCollector.dll" does not have ExtensionUri attribute.
TpTrace Information: 0 : 14904, 1, 2021/11/18, 00:31:13.479, 280372978247, datacollector.dll, Listening on Endpoint : 127.0.0.1:59298
TpTrace Information: 0 : 14904, 1, 2021/11/18, 00:31:13.486, 280373043258, datacollector.dll, DataCollectionRequestHandler.ProcessRequests : DataCollection started.
TpTrace Information: 0 : 14904, 1, 2021/11/18, 00:31:13.503, 280373221311, datacollector.dll, DataCollectionRequestHandler.ProcessRequests : Datacollector received message: (DataCollection.TestHostLaunched) -> {
  "ProcessId": 11124
}
TpTrace Information: 0 : 14904, 5, 2021/11/18, 00:31:13.697, 280375161290, datacollector.dll, Using the buffer size of 16384 bytes
TpTrace Information: 0 : 14904, 5, 2021/11/18, 00:31:13.698, 280375163299, datacollector.dll, Accepted Client request and set the flag
TpTrace Information: 0 : 14904, 7, 2021/11/18, 00:31:14.130, 280379482855, datacollector.dll, DataCollectionTestCaseEventHandler: Test case starting.
TpTrace Information: 0 : 14904, 7, 2021/11/18, 00:31:14.181, 280380000601, datacollector.dll, Blame Collector : Test Case Start
TpTrace Information: 0 : 14904, 7, 2021/11/18, 00:31:14.184, 280380030215, datacollector.dll, DataCollectionTestCaseEventHandler: Test case 'TestZamjenskiObjekat - cd075b4d-61b2-de77-403b-0cfb69a56f47' started.
TpTrace Information: 0 : 14904, 7, 2021/11/18, 00:31:14.254, 280380727043, datacollector.dll, DataCollectionTestCaseEventHandler : Test case completing.
TpTrace Information: 0 : 14904, 7, 2021/11/18, 00:31:14.258, 280380770967, datacollector.dll, Blame Collector : Test Case End
TpTrace Information: 0 : 14904, 7, 2021/11/18, 00:31:14.266, 280380846944, datacollector.dll, DataCollectionTestCaseEventHandler: Test case 'TestZamjenskiObjekat - cd075b4d-61b2-de77-403b-0cfb69a56f47' completed
TpTrace Information: 0 : 14904, 7, 2021/11/18, 00:31:14.281, 280381000849, datacollector.dll, DataCollectionTestCaseEventHandler: Test case starting.
TpTrace Information: 0 : 14904, 7, 2021/11/18, 00:31:14.282, 280381006640, datacollector.dll, Blame Collector : Test Case Start
TpTrace Information: 0 : 14904, 7, 2021/11/18, 00:31:14.282, 280381009207, datacollector.dll, DataCollectionTestCaseEventHandler: Test case 'DodavanjeMesnihProizvoda - 3a1d8414-af96-8075-3e91-63006d286d73' started.
TpTrace Information: 0 : 14904, 7, 2021/11/18, 00:31:14.316, 280381342906, datacollector.dll, DataCollectionTestCaseEventHandler : Test case completing.
TpTrace Information: 0 : 14904, 7, 2021/11/18, 00:31:14.316, 280381347881, datacollector.dll, Blame Collector : Test Case End
TpTrace Information: 0 : 14904, 7, 2021/11/18, 00:31:14.316, 280381349919, datacollector.dll, DataCollectionTestCaseEventHandler: Test case 'DodavanjeMesnihProizvoda - 3a1d8414-af96-8075-3e91-63006d286d73' completed
TpTrace Information: 0 : 14904, 7, 2021/11/18, 00:31:14.317, 280381357457, datacollector.dll, DataCollectionTestCaseEventHandler: Test case starting.
TpTrace Information: 0 : 14904, 7, 2021/11/18, 00:31:14.317, 280381361186, datacollector.dll, Blame Collector : Test Case Start
TpTrace Information: 0 : 14904, 7, 2021/11/18, 00:31:14.318, 280381362381, datacollector.dll, DataCollectionTestCaseEventHandler: Test case 'DodavanjeVoćaIBrisanje - 3f4528f8-6f76-6b66-8987-b10996504e89' started.
TpTrace Information: 0 : 14904, 7, 2021/11/18, 00:31:14.319, 280381376757, datacollector.dll, DataCollectionTestCaseEventHandler : Test case completing.
TpTrace Information: 0 : 14904, 7, 2021/11/18, 00:31:14.322, 280381409041, datacollector.dll, Blame Collector : Test Case End
TpTrace Information: 0 : 14904, 7, 2021/11/18, 00:31:14.323, 280381411681, datacollector.dll, DataCollectionTestCaseEventHandler: Test case 'DodavanjeVoćaIBrisanje - 3f4528f8-6f76-6b66-8987-b10996504e89' completed
TpTrace Information: 0 : 14904, 7, 2021/11/18, 00:31:14.323, 280381420753, datacollector.dll, DataCollectionTestCaseEventHandler: Test case starting.
TpTrace Information: 0 : 14904, 7, 2021/11/18, 00:31:14.324, 280381424715, datacollector.dll, Blame Collector : Test Case Start
TpTrace Information: 0 : 14904, 7, 2021/11/18, 00:31:14.325, 280381432278, datacollector.dll, DataCollectionTestCaseEventHandler: Test case 'NepodržaniTipDodavanja - 94f032db-9346-302f-6689-ffa07b4ffe55' started.
TpTrace Information: 0 : 14904, 7, 2021/11/18, 00:31:14.326, 280381449658, datacollector.dll, DataCollectionTestCaseEventHandler : Test case completing.
TpTrace Information: 0 : 14904, 7, 2021/11/18, 00:31:14.327, 280381453610, datacollector.dll, Blame Collector : Test Case End
TpTrace Information: 0 : 14904, 7, 2021/11/18, 00:31:14.327, 280381454849, datacollector.dll, DataCollectionTestCaseEventHandler: Test case 'NepodržaniTipDodavanja - 94f032db-9346-302f-6689-ffa07b4ffe55' completed
TpTrace Information: 0 : 14904, 7, 2021/11/18, 00:31:14.327, 280381461120, datacollector.dll, DataCollectionTestCaseEventHandler: Test case starting.
TpTrace Information: 0 : 14904, 7, 2021/11/18, 00:31:14.328, 280381464637, datacollector.dll, Blame Collector : Test Case Start
TpTrace Information: 0 : 14904, 7, 2021/11/18, 00:31:14.328, 280381465857, datacollector.dll, DataCollectionTestCaseEventHandler: Test case 'NemogućeDodavanjeUzBrisanje - 0e86f05c-b4ae-450e-5451-e8f8450dc484' started.
TpTrace Information: 0 : 14904, 7, 2021/11/18, 00:31:14.329, 280381479281, datacollector.dll, DataCollectionTestCaseEventHandler : Test case completing.
TpTrace Information: 0 : 14904, 7, 2021/11/18, 00:31:14.330, 280381483621, datacollector.dll, Blame Collector : Test Case End
TpTrace Information: 0 : 14904, 7, 2021/11/18, 00:31:14.330, 280381485233, datacollector.dll, DataCollectionTestCaseEventHandler: Test case 'NemogućeDodavanjeUzBrisanje - 0e86f05c-b4ae-450e-5451-e8f8450dc484' completed
TpTrace Information: 0 : 14904, 7, 2021/11/18, 00:31:14.334, 280381525500, datacollector.dll, DataCollectionTestCaseEventHandler: Test session ended
TpTrace Information: 0 : 14904, 1, 2021/11/18, 00:31:14.410, 280382288159, datacollector.dll, DataCollectionRequestHandler.ProcessRequests : Datacollector received message: (DataCollection.AfterTestRunEnd) -> false
TpTrace Information: 0 : 14904, 1, 2021/11/18, 00:31:14.411, 280382295375, datacollector.dll, Blame Collector : Session End
TpTrace Information: 0 : 14904, 1, 2021/11/18, 00:31:14.411, 280382296057, datacollector.dll, BlameCollector.CollectDumpAndAbortTesthost: Custom path to dump directory was provided via VSTEST_DUMP_PATH. Skipping attachment upload, the caller is responsible for collecting and uploading the dumps themselves.
TpTrace Information: 0 : 14904, 1, 2021/11/18, 00:31:14.411, 280382298658, datacollector.dll, DataCollectionManager.CleanupPlugins: CleanupPlugins called
TpTrace Verbose: 0 : 14904, 1, 2021/11/18, 00:31:14.411, 280382299552, datacollector.dll, DataCollectionManager.CleanupPlugins: Cleaning up 1 plugins
TpTrace Verbose: 0 : 14904, 1, 2021/11/18, 00:31:14.411, 280382300516, datacollector.dll, dataCollectorInfo.DisposeDataCollector: calling Dispose() on Microsoft.TestPlatform.Extensions.BlameDataCollector.BlameCollector
TpTrace Information: 0 : 14904, 1, 2021/11/18, 00:31:14.412, 280382302276, datacollector.dll, DataCollectionManager.CleanupPlugins: CleanupPlugins finished
TpTrace Information: 0 : 14904, 1, 2021/11/18, 00:31:14.414, 280382325549, datacollector.dll, DataCollectionRequestHandler.ProcessRequests : Session End message received from server. Closing the connection.
TpTrace Information: 0 : 14904, 1, 2021/11/18, 00:31:14.414, 280382328445, datacollector.dll, Closing the connection !
TpTrace Information: 0 : 14904, 1, 2021/11/18, 00:31:14.414, 280382329079, datacollector.dll, DataCollectionRequestHandler.ProcessRequests : DataCollection completed
TpTrace Information: 0 : 14904, 1, 2021/11/18, 00:31:14.414, 280382329374, datacollector.dll, Program.Main: exiting datacollector process.
