TpTrace Verbose: 0 : 15940, 1, 2021/11/27, 16:05:01.085, 5200336696246, datacollector.dll, Version: 16.11.0
TpTrace Information: 0 : 15940, 1, 2021/11/27, 16:05:01.096, 5200336767284, datacollector.dll, DataCollectorMain.Run: Starting data collector run with args: --port,54069,--parentprocessid,2676,--diag,C:\Users\Armin\Documents\GitHub\Grupa-3-Verifikovani-i-Validirani-Softverasi\Pijaca\Zadatak 2\bin\Debug\net5.0\fine-code-coverage\coverage-tool-output\diagnostics.datacollector.21-11-27_16-05-00_84564_4.log,--tracelevel,4
TpTrace Information: 0 : 15940, 1, 2021/11/27, 16:05:01.097, 5200336771373, datacollector.dll, DataCollector: Monitoring parent process with id: '2676'
TpTrace Information: 0 : 15940, 1, 2021/11/27, 16:05:01.114, 5200336944759, datacollector.dll, Trying to connect to server on socket : 127.0.0.1:54069 
TpTrace Verbose: 0 : 15940, 1, 2021/11/27, 16:05:01.152, 5200337326099, datacollector.dll, SocketCommunicationManager : SetupClientAsync : Attempting to connect to the server.
TpTrace Information: 0 : 15940, 4, 2021/11/27, 16:05:01.168, 5200337485911, datacollector.dll, Connected to the server successfully 
TpTrace Information: 0 : 15940, 4, 2021/11/27, 16:05:01.168, 5200337487378, datacollector.dll, Using the buffer size of 16384 bytes
TpTrace Information: 0 : 15940, 1, 2021/11/27, 16:05:01.328, 5200339079024, datacollector.dll, DataCollector: Start Request Processing.
TpTrace Information: 0 : 15940, 1, 2021/11/27, 16:05:01.334, 5200339147286, datacollector.dll, DataCollectionRequestHandler.ProcessRequests : Datacollector received message: (DataCollection.BeforeTestRunStart) -> {
  "SettingsXml": "<RunSettings><RunConfiguration><ResultsDirectory>C:\\Users\\Armin\\Documents\\GitHub\\Grupa-3-Verifikovani-i-Validirani-Softverasi\\Pijaca\\Zadatak 2\\bin\\Debug\\net5.0\\fine-code-coverage\\coverage-tool-output</ResultsDirectory><TargetPlatform>X64</TargetPlatform><TargetFrameworkVersion>.NETCoreApp,Version=v5.0</TargetFrameworkVersion><DesignMode>False</DesignMode><CollectSourceInformation>False</CollectSourceInformation><TestAdaptersPaths>C:\\Program Files\\dotnet\\sdk\\5.0.402\\Extensions</TestAdaptersPaths></RunConfiguration><LoggerRunSettings><Loggers><Logger friendlyName=\"blame\" enabled=\"True\" /><Logger friendlyName=\"Console\" uri=\"logger://microsoft/TestPlatform/ConsoleLogger/v1\" assemblyQualifiedName=\"Microsoft.VisualStudio.TestPlatform.CommandLine.Internal.ConsoleLogger, vstest.console, Version=15.0.0.0, Culture=neutral, PublicKeyToken=b03f5f7f11d50a3a\" codeBase=\"C:\\Program Files\\dotnet\\sdk\\5.0.402\\vstest.console.dll\" enabled=\"True\" /></Loggers></LoggerRunSettings><DataCollectionRunSettings><DataCollectors><DataCollector friendlyName=\"blame\" enabled=\"True\"><Configuration><ResultsDirectory>C:\\Users\\Armin\\Documents\\GitHub\\Grupa-3-Verifikovani-i-Validirani-Softverasi\\Pijaca\\Zadatak 2\\bin\\Debug\\net5.0\\fine-code-coverage\\coverage-tool-output</ResultsDirectory></Configuration></DataCollector></DataCollectors></DataCollectionRunSettings></RunSettings>",
  "Sources": [
    "C:\\Users\\Armin\\Documents\\GitHub\\Grupa-3-Verifikovani-i-Validirani-Softverasi\\Pijaca\\Zadatak 2\\bin\\Debug\\net5.0\\fine-code-coverage\\build-output\\Zadatak 2.dll"
  ],
  "IsTelemetryOptedIn": false
}
TpTrace Verbose: 0 : 15940, 1, 2021/11/27, 16:05:01.401, 5200339816941, datacollector.dll, TestPluginCache: Update extensions started. Skip filter = False
TpTrace Verbose: 0 : 15940, 1, 2021/11/27, 16:05:01.402, 5200339826677, datacollector.dll, TestPluginCache: Using directories for assembly resolution 'C:\Program Files\dotnet\sdk\5.0.402\Extensions'.
TpTrace Verbose: 0 : 15940, 1, 2021/11/27, 16:05:01.403, 5200339827971, datacollector.dll, TestPluginCache: Updated the available extensions to 'C:\Program Files\dotnet\sdk\5.0.402\Extensions\Microsoft.TestPlatform.Extensions.BlameDataCollector.dll,C:\Program Files\dotnet\sdk\5.0.402\Extensions\Microsoft.TestPlatform.Extensions.EventLogCollector.dll'.
TpTrace Verbose: 0 : 15940, 1, 2021/11/27, 16:05:01.416, 5200339960947, datacollector.dll, TestPluginCache.DiscoverTestExtensions: finding test extensions in assemblies ends with: Collector.dll TPluginInfo: Microsoft.VisualStudio.TestPlatform.Common.DataCollector.DataCollectorConfig TExtension: Microsoft.VisualStudio.TestPlatform.ObjectModel.DataCollection.DataCollector
TpTrace Verbose: 0 : 15940, 1, 2021/11/27, 16:05:01.416, 5200339965177, datacollector.dll, TestPluginCache.GetExtensionPaths: Filtered extension paths: C:\Program Files\dotnet\sdk\5.0.402\Extensions\Microsoft.TestPlatform.Extensions.BlameDataCollector.dll
C:\Program Files\dotnet\sdk\5.0.402\Extensions\Microsoft.TestPlatform.Extensions.EventLogCollector.dll
TpTrace Verbose: 0 : 15940, 1, 2021/11/27, 16:05:01.416, 5200339966321, datacollector.dll, TestPluginCache.GetExtensionPaths: Added default extension paths: 
TpTrace Verbose: 0 : 15940, 1, 2021/11/27, 16:05:01.416, 5200339966909, datacollector.dll, TestPluginCache.GetExtensionPaths: Added unfilterableExtensionPaths: 
TpTrace Information: 0 : 15940, 1, 2021/11/27, 16:05:01.417, 5200339977125, datacollector.dll, AssemblyResolver.ctor: Creating AssemblyResolver with searchDirectories C:\Program Files\dotnet\sdk\5.0.402\Extensions,C:\Program Files\dotnet\sdk\5.0.402
TpTrace Verbose: 0 : 15940, 1, 2021/11/27, 16:05:01.420, 5200340005964, datacollector.dll, TestPluginCache.DiscoverTestExtensions: Discovering the extensions using extension path.
TpTrace Verbose: 0 : 15940, 1, 2021/11/27, 16:05:01.421, 5200340009600, datacollector.dll, TestPluginCache.GetExtensionPaths: Filtered extension paths: C:\Program Files\dotnet\sdk\5.0.402\Extensions\Microsoft.TestPlatform.Extensions.BlameDataCollector.dll
C:\Program Files\dotnet\sdk\5.0.402\Extensions\Microsoft.TestPlatform.Extensions.EventLogCollector.dll
TpTrace Verbose: 0 : 15940, 1, 2021/11/27, 16:05:01.421, 5200340010883, datacollector.dll, TestPluginCache.GetExtensionPaths: Added default extension paths: 
TpTrace Verbose: 0 : 15940, 1, 2021/11/27, 16:05:01.421, 5200340011589, datacollector.dll, TestPluginCache.GetExtensionPaths: Added unfilterableExtensionPaths: 
TpTrace Verbose: 0 : 15940, 1, 2021/11/27, 16:05:01.421, 5200340013268, datacollector.dll, TestPluginCache.DiscoverTestExtensions: Discovering the extensions using allExtensionPaths: C:\Program Files\dotnet\sdk\5.0.402\Extensions\Microsoft.TestPlatform.Extensions.BlameDataCollector.dll
C:\Program Files\dotnet\sdk\5.0.402\Extensions\Microsoft.TestPlatform.Extensions.EventLogCollector.dll
TpTrace Information: 0 : 15940, 1, 2021/11/27, 16:05:01.421, 5200340016173, datacollector.dll, AssemblyResolver.AddSearchDirectories: Adding more searchDirectories C:\Program Files\dotnet\sdk\5.0.402\Extensions,C:\Program Files\dotnet\sdk\5.0.402
TpTrace Information: 0 : 15940, 1, 2021/11/27, 16:05:01.422, 5200340017883, datacollector.dll, AssemblyResolver.AddSearchDirectories: Adding more searchDirectories C:\Program Files\dotnet\sdk\5.0.402\Extensions,C:\Program Files\dotnet\sdk\5.0.402
TpTrace Information: 0 : 15940, 1, 2021/11/27, 16:05:01.422, 5200340027390, datacollector.dll, AssemblyResolver.OnResolve: Microsoft.TestPlatform.Extensions.BlameDataCollector: Resolving assembly.
TpTrace Information: 0 : 15940, 1, 2021/11/27, 16:05:01.423, 5200340029561, datacollector.dll, AssemblyResolver.OnResolve: Microsoft.TestPlatform.Extensions.BlameDataCollector: Searching in: 'C:\Program Files\dotnet\sdk\5.0.402\Extensions'.
TpTrace Information: 0 : 15940, 1, 2021/11/27, 16:05:01.426, 5200340059023, datacollector.dll, AssemblyResolver.OnResolve: Microsoft.TestPlatform.Extensions.BlameDataCollector: Loading assembly 'C:\Program Files\dotnet\sdk\5.0.402\Extensions\Microsoft.TestPlatform.Extensions.BlameDataCollector.dll'.
TpTrace Information: 0 : 15940, 1, 2021/11/27, 16:05:01.428, 5200340083147, datacollector.dll, AssemblyResolver.OnResolve: Resolved assembly: Microsoft.TestPlatform.Extensions.BlameDataCollector, from path: C:\Program Files\dotnet\sdk\5.0.402\Extensions\Microsoft.TestPlatform.Extensions.BlameDataCollector.dll
TpTrace Error: 0 : 15940, 1, 2021/11/27, 16:05:01.432, 5200340119973, datacollector.dll, The type "Microsoft.TestPlatform.Extensions.BlameDataCollector.BlameCollector" defined in "Microsoft.TestPlatform.Extensions.BlameDataCollector.dll" does not have ExtensionUri attribute.
TpTrace Information: 0 : 15940, 1, 2021/11/27, 16:05:01.435, 5200340151039, datacollector.dll, AssemblyResolver.OnResolve: Microsoft.TestPlatform.Extensions.EventLogCollector: Resolving assembly.
TpTrace Information: 0 : 15940, 1, 2021/11/27, 16:05:01.435, 5200340152932, datacollector.dll, AssemblyResolver.OnResolve: Microsoft.TestPlatform.Extensions.EventLogCollector: Searching in: 'C:\Program Files\dotnet\sdk\5.0.402\Extensions'.
TpTrace Information: 0 : 15940, 1, 2021/11/27, 16:05:01.436, 5200340157698, datacollector.dll, AssemblyResolver.OnResolve: Microsoft.TestPlatform.Extensions.EventLogCollector: Loading assembly 'C:\Program Files\dotnet\sdk\5.0.402\Extensions\Microsoft.TestPlatform.Extensions.EventLogCollector.dll'.
TpTrace Information: 0 : 15940, 1, 2021/11/27, 16:05:01.436, 5200340162375, datacollector.dll, AssemblyResolver.OnResolve: Resolved assembly: Microsoft.TestPlatform.Extensions.EventLogCollector, from path: C:\Program Files\dotnet\sdk\5.0.402\Extensions\Microsoft.TestPlatform.Extensions.EventLogCollector.dll
TpTrace Error: 0 : 15940, 1, 2021/11/27, 16:05:01.438, 5200340184074, datacollector.dll, The type "Microsoft.TestPlatform.Extensions.EventLogCollector.EventLogDataCollector" defined in "Microsoft.TestPlatform.Extensions.EventLogCollector.dll" does not have ExtensionUri attribute.
TpTrace Verbose: 0 : 15940, 1, 2021/11/27, 16:05:01.439, 5200340190949, datacollector.dll, TestPluginCache: Discovered the extensions using extension path 'C:\Program Files\dotnet\sdk\5.0.402\Extensions\Microsoft.TestPlatform.Extensions.BlameDataCollector.dll,C:\Program Files\dotnet\sdk\5.0.402\Extensions\Microsoft.TestPlatform.Extensions.EventLogCollector.dll'.
TpTrace Verbose: 0 : 15940, 1, 2021/11/27, 16:05:01.439, 5200340192442, datacollector.dll, TestPluginCache: Discoverers are ''.
TpTrace Verbose: 0 : 15940, 1, 2021/11/27, 16:05:01.439, 5200340193010, datacollector.dll, TestPluginCache: Executors are ''.
TpTrace Verbose: 0 : 15940, 1, 2021/11/27, 16:05:01.439, 5200340193437, datacollector.dll, TestPluginCache: Executors2 are ''.
TpTrace Verbose: 0 : 15940, 1, 2021/11/27, 16:05:01.439, 5200340193864, datacollector.dll, TestPluginCache: Setting providers are ''.
TpTrace Verbose: 0 : 15940, 1, 2021/11/27, 16:05:01.439, 5200340194278, datacollector.dll, TestPluginCache: Loggers are ''.
TpTrace Information: 0 : 15940, 1, 2021/11/27, 16:05:01.443, 5200340233278, datacollector.dll, TestPluginManager.CreateTestExtension: Attempting to load test extension: Microsoft.TestPlatform.Extensions.BlameDataCollector.BlameCollector
TpTrace Error: 0 : 15940, 1, 2021/11/27, 16:05:01.444, 5200340244054, datacollector.dll, The type "Microsoft.TestPlatform.Extensions.BlameDataCollector.BlameCollector" defined in "Microsoft.TestPlatform.Extensions.BlameDataCollector.dll" does not have ExtensionUri attribute.
TpTrace Information: 0 : 15940, 1, 2021/11/27, 16:05:01.452, 5200340324277, datacollector.dll, Listening on Endpoint : 127.0.0.1:54071
TpTrace Information: 0 : 15940, 1, 2021/11/27, 16:05:01.465, 5200340448140, datacollector.dll, DataCollectionRequestHandler.ProcessRequests : DataCollection started.
TpTrace Information: 0 : 15940, 1, 2021/11/27, 16:05:01.497, 5200340772403, datacollector.dll, DataCollectionRequestHandler.ProcessRequests : Datacollector received message: (DataCollection.TestHostLaunched) -> {
  "ProcessId": 7900
}
TpTrace Information: 0 : 15940, 7, 2021/11/27, 16:05:01.834, 5200344142803, datacollector.dll, Using the buffer size of 16384 bytes
TpTrace Information: 0 : 15940, 7, 2021/11/27, 16:05:01.834, 5200344144681, datacollector.dll, Accepted Client request and set the flag
TpTrace Information: 0 : 15940, 4, 2021/11/27, 16:05:02.587, 5200351668245, datacollector.dll, DataCollectionTestCaseEventHandler: Test case starting.
TpTrace Information: 0 : 15940, 4, 2021/11/27, 16:05:02.653, 5200352329900, datacollector.dll, Blame Collector : Test Case Start
TpTrace Information: 0 : 15940, 4, 2021/11/27, 16:05:02.656, 5200352362519, datacollector.dll, DataCollectionTestCaseEventHandler: Test case 'TestZamjenskiObjekat - cd075b4d-61b2-de77-403b-0cfb69a56f47' started.
TpTrace Information: 0 : 15940, 4, 2021/11/27, 16:05:02.746, 5200353261227, datacollector.dll, DataCollectionTestCaseEventHandler : Test case completing.
TpTrace Information: 0 : 15940, 4, 2021/11/27, 16:05:02.751, 5200353307965, datacollector.dll, Blame Collector : Test Case End
TpTrace Information: 0 : 15940, 4, 2021/11/27, 16:05:02.756, 5200353357710, datacollector.dll, DataCollectionTestCaseEventHandler: Test case 'TestZamjenskiObjekat - cd075b4d-61b2-de77-403b-0cfb69a56f47' completed
TpTrace Information: 0 : 15940, 4, 2021/11/27, 16:05:02.775, 5200353555245, datacollector.dll, DataCollectionTestCaseEventHandler: Test case starting.
TpTrace Information: 0 : 15940, 4, 2021/11/27, 16:05:02.777, 5200353569881, datacollector.dll, Blame Collector : Test Case Start
TpTrace Information: 0 : 15940, 4, 2021/11/27, 16:05:02.777, 5200353573461, datacollector.dll, DataCollectionTestCaseEventHandler: Test case 'DodavanjeMesnihProizvoda - 3a1d8414-af96-8075-3e91-63006d286d73' started.
TpTrace Information: 0 : 15940, 4, 2021/11/27, 16:05:02.789, 5200353692857, datacollector.dll, DataCollectionTestCaseEventHandler : Test case completing.
TpTrace Information: 0 : 15940, 4, 2021/11/27, 16:05:02.790, 5200353699309, datacollector.dll, Blame Collector : Test Case End
TpTrace Information: 0 : 15940, 4, 2021/11/27, 16:05:02.790, 5200353703628, datacollector.dll, DataCollectionTestCaseEventHandler: Test case 'DodavanjeMesnihProizvoda - 3a1d8414-af96-8075-3e91-63006d286d73' completed
TpTrace Information: 0 : 15940, 4, 2021/11/27, 16:05:02.793, 5200353734002, datacollector.dll, DataCollectionTestCaseEventHandler: Test case starting.
TpTrace Information: 0 : 15940, 4, 2021/11/27, 16:05:02.794, 5200353743667, datacollector.dll, Blame Collector : Test Case Start
TpTrace Information: 0 : 15940, 4, 2021/11/27, 16:05:02.794, 5200353747162, datacollector.dll, DataCollectionTestCaseEventHandler: Test case 'DodavanjeVoćaIBrisanje - 3f4528f8-6f76-6b66-8987-b10996504e89' started.
TpTrace Information: 0 : 15940, 4, 2021/11/27, 16:05:02.797, 5200353773043, datacollector.dll, DataCollectionTestCaseEventHandler : Test case completing.
TpTrace Information: 0 : 15940, 4, 2021/11/27, 16:05:02.801, 5200353816862, datacollector.dll, Blame Collector : Test Case End
TpTrace Information: 0 : 15940, 4, 2021/11/27, 16:05:02.802, 5200353821884, datacollector.dll, DataCollectionTestCaseEventHandler: Test case 'DodavanjeVoćaIBrisanje - 3f4528f8-6f76-6b66-8987-b10996504e89' completed
TpTrace Information: 0 : 15940, 4, 2021/11/27, 16:05:02.803, 5200353837506, datacollector.dll, DataCollectionTestCaseEventHandler: Test case starting.
TpTrace Information: 0 : 15940, 4, 2021/11/27, 16:05:02.804, 5200353843577, datacollector.dll, Blame Collector : Test Case Start
TpTrace Information: 0 : 15940, 4, 2021/11/27, 16:05:02.805, 5200353855666, datacollector.dll, DataCollectionTestCaseEventHandler: Test case 'NepodržaniTipDodavanja - 94f032db-9346-302f-6689-ffa07b4ffe55' started.
TpTrace Information: 0 : 15940, 4, 2021/11/27, 16:05:02.812, 5200353925526, datacollector.dll, DataCollectionTestCaseEventHandler : Test case completing.
TpTrace Information: 0 : 15940, 4, 2021/11/27, 16:05:02.813, 5200353931876, datacollector.dll, Blame Collector : Test Case End
TpTrace Information: 0 : 15940, 4, 2021/11/27, 16:05:02.813, 5200353934373, datacollector.dll, DataCollectionTestCaseEventHandler: Test case 'NepodržaniTipDodavanja - 94f032db-9346-302f-6689-ffa07b4ffe55' completed
TpTrace Information: 0 : 15940, 4, 2021/11/27, 16:05:02.814, 5200353945191, datacollector.dll, DataCollectionTestCaseEventHandler: Test case starting.
TpTrace Information: 0 : 15940, 4, 2021/11/27, 16:05:02.815, 5200353950196, datacollector.dll, Blame Collector : Test Case Start
TpTrace Information: 0 : 15940, 4, 2021/11/27, 16:05:02.815, 5200353952174, datacollector.dll, DataCollectionTestCaseEventHandler: Test case 'NemogućeDodavanjeUzBrisanje - 0e86f05c-b4ae-450e-5451-e8f8450dc484' started.
TpTrace Information: 0 : 15940, 4, 2021/11/27, 16:05:02.817, 5200353974313, datacollector.dll, DataCollectionTestCaseEventHandler : Test case completing.
TpTrace Information: 0 : 15940, 4, 2021/11/27, 16:05:02.818, 5200353981471, datacollector.dll, Blame Collector : Test Case End
TpTrace Information: 0 : 15940, 4, 2021/11/27, 16:05:02.818, 5200353984197, datacollector.dll, DataCollectionTestCaseEventHandler: Test case 'NemogućeDodavanjeUzBrisanje - 0e86f05c-b4ae-450e-5451-e8f8450dc484' completed
TpTrace Information: 0 : 15940, 4, 2021/11/27, 16:05:02.831, 5200354109862, datacollector.dll, DataCollectionTestCaseEventHandler: Test session ended
TpTrace Information: 0 : 15940, 1, 2021/11/27, 16:05:02.961, 5200355410426, datacollector.dll, DataCollectionRequestHandler.ProcessRequests : Datacollector received message: (DataCollection.AfterTestRunEnd) -> false
TpTrace Information: 0 : 15940, 1, 2021/11/27, 16:05:02.962, 5200355420859, datacollector.dll, Blame Collector : Session End
TpTrace Information: 0 : 15940, 1, 2021/11/27, 16:05:02.962, 5200355422702, datacollector.dll, BlameCollector.CollectDumpAndAbortTesthost: Custom path to dump directory was provided via VSTEST_DUMP_PATH. Skipping attachment upload, the caller is responsible for collecting and uploading the dumps themselves.
TpTrace Information: 0 : 15940, 1, 2021/11/27, 16:05:02.962, 5200355424860, datacollector.dll, DataCollectionManager.CleanupPlugins: CleanupPlugins called
TpTrace Verbose: 0 : 15940, 1, 2021/11/27, 16:05:02.962, 5200355425730, datacollector.dll, DataCollectionManager.CleanupPlugins: Cleaning up 1 plugins
TpTrace Verbose: 0 : 15940, 1, 2021/11/27, 16:05:02.963, 5200355427838, datacollector.dll, dataCollectorInfo.DisposeDataCollector: calling Dispose() on Microsoft.TestPlatform.Extensions.BlameDataCollector.BlameCollector
TpTrace Information: 0 : 15940, 1, 2021/11/27, 16:05:02.963, 5200355429284, datacollector.dll, DataCollectionManager.CleanupPlugins: CleanupPlugins finished
TpTrace Information: 0 : 15940, 1, 2021/11/27, 16:05:02.967, 5200355468916, datacollector.dll, DataCollectionRequestHandler.ProcessRequests : Session End message received from server. Closing the connection.
TpTrace Information: 0 : 15940, 1, 2021/11/27, 16:05:02.967, 5200355472390, datacollector.dll, Closing the connection !
TpTrace Information: 0 : 15940, 1, 2021/11/27, 16:05:02.967, 5200355473293, datacollector.dll, DataCollectionRequestHandler.ProcessRequests : DataCollection completed
TpTrace Information: 0 : 15940, 1, 2021/11/27, 16:05:02.967, 5200355473799, datacollector.dll, Program.Main: exiting datacollector process.
