TpTrace Verbose: 0 : 21580, 1, 2021/11/18, 17:48:15.822, 902622341678, testhost.dll, Version: 16.9.4
TpTrace Information: 0 : 21580, 1, 2021/11/18, 17:48:15.832, 902622408774, testhost.dll, DefaultEngineInvoker.Invoke: Testhost process started with args :[--port, 62219],[--endpoint, 127.0.0.1:062219],[--role, client],[--parentprocessid, 14676],[--diag, C:\Users\Armin\Documents\GitHub\Grupa-3-Verifikovani-i-Validirani-Softverasi\Pijaca\Zadatak 2\bin\Debug\net5.0\fine-code-coverage\coverage-tool-output\diagnostics.host.21-11-18_17-48-15_64079_6.log],[--tracelevel, 4],[--datacollectionport, 62218],[--telemetryoptedin, false]
TpTrace Information: 0 : 21580, 1, 2021/11/18, 17:48:15.835, 902622440477, testhost.dll, Setting up debug trace listener.
TpTrace Verbose: 0 : 21580, 1, 2021/11/18, 17:48:15.835, 902622445016, testhost.dll, TestPlatformTraceListener.Setup: Replacing listener 0 with TestHostTraceListener.
TpTrace Verbose: 0 : 21580, 1, 2021/11/18, 17:48:15.835, 902622446019, testhost.dll, TestPlatformTraceListener.Setup: Added test platform trace listener.
TpTrace Information: 0 : 21580, 1, 2021/11/18, 17:48:15.836, 902622451377, testhost.dll, DefaultEngineInvoker.SetParentProcessExitCallback: Monitoring parent process with id: '14676'
TpTrace Information: 0 : 21580, 1, 2021/11/18, 17:48:15.843, 902622522885, testhost.dll, DefaultEngineInvoker.GetConnectionInfo: Initialize communication on endpoint address: '127.0.0.1:062219'
TpTrace Information: 0 : 21580, 1, 2021/11/18, 17:48:15.860, 902622686458, testhost.dll, SocketClient.Start: connecting to server endpoint: 127.0.0.1:062219
TpTrace Information: 0 : 21580, 1, 2021/11/18, 17:48:15.870, 902622787478, testhost.dll, DefaultEngineInvoker.ConnectToDatacollector: Connecting to datacollector, port: 62218
TpTrace Information: 0 : 21580, 6, 2021/11/18, 17:48:15.871, 902622798395, testhost.dll, SocketClient.OnServerConnected: connected to server endpoint: 127.0.0.1:062219
TpTrace Verbose: 0 : 21580, 6, 2021/11/18, 17:48:15.872, 902622814330, testhost.dll, Connected to server, and starting MessageLoopAsync
TpTrace Information: 0 : 21580, 1, 2021/11/18, 17:48:15.873, 902622820826, testhost.dll, Trying to connect to server on socket : 127.0.0.1:62218 
TpTrace Verbose: 0 : 21580, 1, 2021/11/18, 17:48:15.873, 902622825112, testhost.dll, SocketCommunicationManager : SetupClientAsync : Attempting to connect to the server.
TpTrace Verbose: 0 : 21580, 6, 2021/11/18, 17:48:15.875, 902622842068, testhost.dll, TcpClientExtensions.MessageLoopAsync: Polling on remoteEndPoint: [::ffff:127.0.0.1]:62219 localEndPoint: [::ffff:127.0.0.1]:62220
TpTrace Information: 0 : 21580, 10, 2021/11/18, 17:48:15.875, 902622842185, testhost.dll, Connected to the server successfully 
TpTrace Information: 0 : 21580, 10, 2021/11/18, 17:48:15.875, 902622844362, testhost.dll, Using the buffer size of 16384 bytes
TpTrace Verbose: 0 : 21580, 6, 2021/11/18, 17:48:15.875, 902622845388, testhost.dll, TcpClientExtensions.MessageLoopAsync: NotifyDataAvailable remoteEndPoint: [::ffff:127.0.0.1]:62219 localEndPoint: [::ffff:127.0.0.1]:62220
TpTrace Information: 0 : 21580, 1, 2021/11/18, 17:48:15.876, 902622848161, testhost.dll, DefaultEngineInvoker.Invoke: Start Request Processing.
TpTrace Information: 0 : 21580, 11, 2021/11/18, 17:48:15.877, 902622856909, testhost.dll, DefaultEngineInvoker.StartProcessingAsync: Connected to vstest.console, Starting process requests.
TpTrace Information: 0 : 21580, 6, 2021/11/18, 17:48:16.023, 902624324684, testhost.dll, TestRequestHandler.ProcessRequests: received message: (ProtocolVersion) -> 5
TpTrace Verbose: 0 : 21580, 6, 2021/11/18, 17:48:16.057, 902624656645, testhost.dll, TestRequestHandler.SendData:  sending data from testhost: {"Version":5,"MessageType":"TestSession.Message","Payload":{"MessageLevel":0,"Message":"Logging TestHost Diagnostics in file: C:\\Users\\Armin\\Documents\\GitHub\\Grupa-3-Verifikovani-i-Validirani-Softverasi\\Pijaca\\Zadatak 2\\bin\\Debug\\net5.0\\fine-code-coverage\\coverage-tool-output\\diagnostics.host.21-11-18_17-48-15_64079_6.log"}}
TpTrace Verbose: 0 : 21580, 6, 2021/11/18, 17:48:16.057, 902624659540, testhost.dll, TcpClientExtensions.MessageLoopAsync: Polling on remoteEndPoint: [::ffff:127.0.0.1]:62219 localEndPoint: [::ffff:127.0.0.1]:62220
TpTrace Verbose: 0 : 21580, 6, 2021/11/18, 17:48:16.057, 902624660388, testhost.dll, TcpClientExtensions.MessageLoopAsync: NotifyDataAvailable remoteEndPoint: [::ffff:127.0.0.1]:62219 localEndPoint: [::ffff:127.0.0.1]:62220
TpTrace Information: 0 : 21580, 6, 2021/11/18, 17:48:16.060, 902624693585, testhost.dll, TestRequestHandler.ProcessRequests: received message: (TestExecution.Initialize) -> [
  "C:\\Users\\Armin\\Documents\\GitHub\\Grupa-3-Verifikovani-i-Validirani-Softverasi\\Pijaca\\Zadatak 2\\bin\\Debug\\net5.0\\fine-code-coverage\\build-output\\Microsoft.VisualStudio.TestPlatform.MSTest.TestAdapter.dll"
]
TpTrace Information: 0 : 21580, 6, 2021/11/18, 17:48:16.060, 902624694766, testhost.dll, Execution Session Initialize.
TpTrace Verbose: 0 : 21580, 6, 2021/11/18, 17:48:16.070, 902624789273, testhost.dll, TcpClientExtensions.MessageLoopAsync: Polling on remoteEndPoint: [::ffff:127.0.0.1]:62219 localEndPoint: [::ffff:127.0.0.1]:62220
TpTrace Verbose: 0 : 21580, 6, 2021/11/18, 17:48:16.070, 902624790635, testhost.dll, TcpClientExtensions.MessageLoopAsync: NotifyDataAvailable remoteEndPoint: [::ffff:127.0.0.1]:62219 localEndPoint: [::ffff:127.0.0.1]:62220
TpTrace Verbose: 0 : 21580, 4, 2021/11/18, 17:48:16.072, 902624811488, testhost.dll, TestExecutorService: Loading the extensions
TpTrace Information: 0 : 21580, 6, 2021/11/18, 17:48:16.073, 902624816180, testhost.dll, TestRequestHandler.ProcessRequests: received message: (TestExecution.StartWithSources) -> {
  "AdapterSourceMap": {
    "_none_": [
      "C:\\Users\\Armin\\Documents\\GitHub\\Grupa-3-Verifikovani-i-Validirani-Softverasi\\Pijaca\\Zadatak 2\\bin\\Debug\\net5.0\\fine-code-coverage\\build-output\\Zadatak 2.dll"
    ]
  },
  "RunSettings": "<RunSettings>\r\n  <RunConfiguration>\r\n    <ResultsDirectory>C:\\Users\\Armin\\Documents\\GitHub\\Grupa-3-Verifikovani-i-Validirani-Softverasi\\Pijaca\\Zadatak 2\\bin\\Debug\\net5.0\\fine-code-coverage\\coverage-tool-output</ResultsDirectory>\r\n    <TargetPlatform>X64</TargetPlatform>\r\n    <TargetFrameworkVersion>.NETCoreApp,Version=v5.0</TargetFrameworkVersion>\r\n    <DesignMode>False</DesignMode>\r\n    <CollectSourceInformation>False</CollectSourceInformation>\r\n  </RunConfiguration>\r\n  <LoggerRunSettings>\r\n    <Loggers>\r\n      <Logger friendlyName=\"blame\" enabled=\"True\" />\r\n      <Logger friendlyName=\"Console\" uri=\"logger://microsoft/TestPlatform/ConsoleLogger/v1\" assemblyQualifiedName=\"Microsoft.VisualStudio.TestPlatform.CommandLine.Internal.ConsoleLogger, vstest.console, Version=15.0.0.0, Culture=neutral, PublicKeyToken=b03f5f7f11d50a3a\" codeBase=\"C:\\Program Files\\dotnet\\sdk\\5.0.402\\vstest.console.dll\" enabled=\"True\" />\r\n    </Loggers>\r\n  </LoggerRunSettings>\r\n  <DataCollectionRunSettings>\r\n    <DataCollectors>\r\n      <DataCollector friendlyName=\"blame\" enabled=\"True\">\r\n        <Configuration>\r\n          <ResultsDirectory>C:\\Users\\Armin\\Documents\\GitHub\\Grupa-3-Verifikovani-i-Validirani-Softverasi\\Pijaca\\Zadatak 2\\bin\\Debug\\net5.0\\fine-code-coverage\\coverage-tool-output</ResultsDirectory>\r\n        </Configuration>\r\n      </DataCollector>\r\n    </DataCollectors>\r\n  </DataCollectionRunSettings>\r\n</RunSettings>",
  "TestExecutionContext": {
    "FrequencyOfRunStatsChangeEvent": 10,
    "RunStatsChangeEventTimeout": "00:00:01.5000000",
    "InIsolation": false,
    "KeepAlive": false,
    "AreTestCaseLevelEventsRequired": false,
    "IsDebug": false,
    "TestCaseFilter": null,
    "FilterOptions": null
  },
  "Package": null
}
TpTrace Information: 0 : 21580, 6, 2021/11/18, 17:48:16.073, 902624817304, testhost.dll, Execution started.
TpTrace Verbose: 0 : 21580, 4, 2021/11/18, 17:48:16.074, 902624828461, testhost.dll, TestPluginCache.DiscoverTestExtensions: finding test extensions in assemblies ends with: TestAdapter.dll TPluginInfo: Microsoft.VisualStudio.TestPlatform.Common.ExtensionFramework.Utilities.TestExecutorPluginInformation TExtension: Microsoft.VisualStudio.TestPlatform.ObjectModel.Adapter.ITestExecutor
TpTrace Verbose: 0 : 21580, 4, 2021/11/18, 17:48:16.075, 902624838503, testhost.dll, TestPluginCache.GetExtensionPaths: Filtered extension paths: 
TpTrace Verbose: 0 : 21580, 4, 2021/11/18, 17:48:16.075, 902624841892, testhost.dll, TestPluginCache.GetExtensionPaths: Added default extension paths: C:\Users\Armin\Documents\GitHub\Grupa-3-Verifikovani-i-Validirani-Softverasi\Pijaca\Zadatak 2\bin\Debug\net5.0\fine-code-coverage\build-output\Microsoft.VisualStudio.TestPlatform.MSTest.TestAdapter.dll
TpTrace Verbose: 0 : 21580, 4, 2021/11/18, 17:48:16.075, 902624842514, testhost.dll, TestPluginCache.GetExtensionPaths: Added unfilterableExtensionPaths: 
TpTrace Information: 0 : 21580, 4, 2021/11/18, 17:48:16.077, 902624860726, testhost.dll, AssemblyResolver.ctor: Creating AssemblyResolver with searchDirectories C:\Users\Armin\Documents\GitHub\Grupa-3-Verifikovani-i-Validirani-Softverasi\Pijaca\Zadatak 2\bin\Debug\net5.0\fine-code-coverage\build-output
TpTrace Verbose: 0 : 21580, 4, 2021/11/18, 17:48:16.079, 902624876308, testhost.dll, TestPluginCache.DiscoverTestExtensions: Discovering the extensions using extension path.
TpTrace Verbose: 0 : 21580, 4, 2021/11/18, 17:48:16.079, 902624877945, testhost.dll, TestPluginCache.GetExtensionPaths: Filtered extension paths: 
TpTrace Verbose: 0 : 21580, 4, 2021/11/18, 17:48:16.079, 902624878362, testhost.dll, TestPluginCache.GetExtensionPaths: Added default extension paths: C:\Users\Armin\Documents\GitHub\Grupa-3-Verifikovani-i-Validirani-Softverasi\Pijaca\Zadatak 2\bin\Debug\net5.0\fine-code-coverage\build-output\Microsoft.VisualStudio.TestPlatform.MSTest.TestAdapter.dll
TpTrace Verbose: 0 : 21580, 4, 2021/11/18, 17:48:16.079, 902624878654, testhost.dll, TestPluginCache.GetExtensionPaths: Added unfilterableExtensionPaths: 
TpTrace Verbose: 0 : 21580, 4, 2021/11/18, 17:48:16.079, 902624879193, testhost.dll, TestPluginCache.DiscoverTestExtensions: Discovering the extensions using allExtensionPaths: C:\Users\Armin\Documents\GitHub\Grupa-3-Verifikovani-i-Validirani-Softverasi\Pijaca\Zadatak 2\bin\Debug\net5.0\fine-code-coverage\build-output\Microsoft.VisualStudio.TestPlatform.MSTest.TestAdapter.dll
TpTrace Information: 0 : 21580, 4, 2021/11/18, 17:48:16.080, 902624888141, testhost.dll, AssemblyResolver.AddSearchDirectories: Adding more searchDirectories C:\Users\Armin\Documents\GitHub\Grupa-3-Verifikovani-i-Validirani-Softverasi\Pijaca\Zadatak 2\bin\Debug\net5.0\fine-code-coverage\build-output
TpTrace Information: 0 : 21580, 4, 2021/11/18, 17:48:16.088, 902624971290, testhost.dll, AssemblyResolver.OnResolve: Microsoft.VisualStudio.TestPlatform.MSTest.TestAdapter: Resolving assembly.
TpTrace Information: 0 : 21580, 4, 2021/11/18, 17:48:16.090, 902624987038, testhost.dll, AssemblyResolver.OnResolve: Resolved assembly: Microsoft.VisualStudio.TestPlatform.MSTest.TestAdapter, from path: C:\Users\Armin\Documents\GitHub\Grupa-3-Verifikovani-i-Validirani-Softverasi\Pijaca\Zadatak 2\bin\Debug\net5.0\fine-code-coverage\build-output\Microsoft.VisualStudio.TestPlatform.MSTest.TestAdapter.dll
TpTrace Verbose: 0 : 21580, 4, 2021/11/18, 17:48:16.095, 902625044322, testhost.dll, TestPluginCache: Discovered the extensions using extension path ''.
TpTrace Verbose: 0 : 21580, 4, 2021/11/18, 17:48:16.096, 902625048610, testhost.dll, TestPluginCache: Discoverers are ''.
TpTrace Verbose: 0 : 21580, 4, 2021/11/18, 17:48:16.096, 902625049613, testhost.dll, TestPluginCache: Executors are 'executor://MSTestAdapter/v2'.
TpTrace Verbose: 0 : 21580, 4, 2021/11/18, 17:48:16.096, 902625050332, testhost.dll, TestPluginCache: Executors2 are ''.
TpTrace Verbose: 0 : 21580, 4, 2021/11/18, 17:48:16.096, 902625050946, testhost.dll, TestPluginCache: Setting providers are ''.
TpTrace Verbose: 0 : 21580, 4, 2021/11/18, 17:48:16.096, 902625051619, testhost.dll, TestPluginCache: Loggers are ''.
TpTrace Verbose: 0 : 21580, 4, 2021/11/18, 17:48:16.102, 902625115923, testhost.dll, TestPluginCache.DiscoverTestExtensions: finding test extensions in assemblies ends with: TestAdapter.dll TPluginInfo: Microsoft.VisualStudio.TestPlatform.Common.ExtensionFramework.Utilities.TestExecutorPluginInformation2 TExtension: Microsoft.VisualStudio.TestPlatform.ObjectModel.Adapter.ITestExecutor2
TpTrace Verbose: 0 : 21580, 4, 2021/11/18, 17:48:16.103, 902625120371, testhost.dll, TestPluginCache.GetExtensionPaths: Filtered extension paths: 
TpTrace Verbose: 0 : 21580, 4, 2021/11/18, 17:48:16.103, 902625121481, testhost.dll, TestPluginCache.GetExtensionPaths: Added default extension paths: C:\Users\Armin\Documents\GitHub\Grupa-3-Verifikovani-i-Validirani-Softverasi\Pijaca\Zadatak 2\bin\Debug\net5.0\fine-code-coverage\build-output\Microsoft.VisualStudio.TestPlatform.MSTest.TestAdapter.dll
TpTrace Verbose: 0 : 21580, 4, 2021/11/18, 17:48:16.103, 902625121868, testhost.dll, TestPluginCache.GetExtensionPaths: Added unfilterableExtensionPaths: 
TpTrace Verbose: 0 : 21580, 6, 2021/11/18, 17:48:16.103, 902625124094, testhost.dll, TcpClientExtensions.MessageLoopAsync: Polling on remoteEndPoint: [::ffff:127.0.0.1]:62219 localEndPoint: [::ffff:127.0.0.1]:62220
TpTrace Information: 0 : 21580, 4, 2021/11/18, 17:48:16.103, 902625124362, testhost.dll, AssemblyResolver.AddSearchDirectories: Adding more searchDirectories C:\Users\Armin\Documents\GitHub\Grupa-3-Verifikovani-i-Validirani-Softverasi\Pijaca\Zadatak 2\bin\Debug\net5.0\fine-code-coverage\build-output
TpTrace Verbose: 0 : 21580, 4, 2021/11/18, 17:48:16.104, 902625126214, testhost.dll, TestPluginCache.DiscoverTestExtensions: Discovering the extensions using extension path.
TpTrace Verbose: 0 : 21580, 4, 2021/11/18, 17:48:16.104, 902625126811, testhost.dll, TestPluginCache.GetExtensionPaths: Filtered extension paths: 
TpTrace Verbose: 0 : 21580, 4, 2021/11/18, 17:48:16.104, 902625127148, testhost.dll, TestPluginCache.GetExtensionPaths: Added default extension paths: C:\Users\Armin\Documents\GitHub\Grupa-3-Verifikovani-i-Validirani-Softverasi\Pijaca\Zadatak 2\bin\Debug\net5.0\fine-code-coverage\build-output\Microsoft.VisualStudio.TestPlatform.MSTest.TestAdapter.dll
TpTrace Verbose: 0 : 21580, 4, 2021/11/18, 17:48:16.104, 902625127418, testhost.dll, TestPluginCache.GetExtensionPaths: Added unfilterableExtensionPaths: 
TpTrace Verbose: 0 : 21580, 4, 2021/11/18, 17:48:16.104, 902625127722, testhost.dll, TestPluginCache.DiscoverTestExtensions: Discovering the extensions using allExtensionPaths: C:\Users\Armin\Documents\GitHub\Grupa-3-Verifikovani-i-Validirani-Softverasi\Pijaca\Zadatak 2\bin\Debug\net5.0\fine-code-coverage\build-output\Microsoft.VisualStudio.TestPlatform.MSTest.TestAdapter.dll
TpTrace Information: 0 : 21580, 4, 2021/11/18, 17:48:16.104, 902625128304, testhost.dll, AssemblyResolver.AddSearchDirectories: Adding more searchDirectories C:\Users\Armin\Documents\GitHub\Grupa-3-Verifikovani-i-Validirani-Softverasi\Pijaca\Zadatak 2\bin\Debug\net5.0\fine-code-coverage\build-output
TpTrace Verbose: 0 : 21580, 4, 2021/11/18, 17:48:16.104, 902625130831, testhost.dll, TestPluginCache: Discovered the extensions using extension path ''.
TpTrace Verbose: 0 : 21580, 4, 2021/11/18, 17:48:16.104, 902625131399, testhost.dll, TestPluginCache: Discoverers are ''.
TpTrace Verbose: 0 : 21580, 4, 2021/11/18, 17:48:16.104, 902625131891, testhost.dll, TestPluginCache: Executors are 'executor://MSTestAdapter/v2'.
TpTrace Verbose: 0 : 21580, 4, 2021/11/18, 17:48:16.104, 902625132545, testhost.dll, TestPluginCache: Executors2 are ''.
TpTrace Verbose: 0 : 21580, 4, 2021/11/18, 17:48:16.104, 902625132919, testhost.dll, TestPluginCache: Setting providers are ''.
TpTrace Verbose: 0 : 21580, 4, 2021/11/18, 17:48:16.104, 902625133185, testhost.dll, TestPluginCache: Loggers are ''.
TpTrace Information: 0 : 21580, 4, 2021/11/18, 17:48:16.110, 902625193835, testhost.dll, TestPluginManager.CreateTestExtension: Attempting to load test extension: Microsoft.VisualStudio.TestPlatform.MSTest.TestAdapter.MSTestExecutor
TpTrace Verbose: 0 : 21580, 4, 2021/11/18, 17:48:16.126, 902625350974, testhost.dll, TestExecutorExtensionManager: Loading executor Microsoft.VisualStudio.TestPlatform.MSTest.TestAdapter.MSTestExecutor
TpTrace Verbose: 0 : 21580, 4, 2021/11/18, 17:48:16.126, 902625352215, testhost.dll, TestExecutorService: Loaded the executors
TpTrace Verbose: 0 : 21580, 4, 2021/11/18, 17:48:16.127, 902625362726, testhost.dll, TestPluginCache.DiscoverTestExtensions: finding test extensions in assemblies ends with: TestAdapter.dll TPluginInfo: Microsoft.VisualStudio.TestPlatform.Common.ExtensionFramework.Utilities.TestSettingsProviderPluginInformation TExtension: Microsoft.VisualStudio.TestPlatform.ObjectModel.Adapter.ISettingsProvider
TpTrace Verbose: 0 : 21580, 4, 2021/11/18, 17:48:16.127, 902625364240, testhost.dll, TestPluginCache.GetExtensionPaths: Filtered extension paths: 
TpTrace Verbose: 0 : 21580, 4, 2021/11/18, 17:48:16.127, 902625364745, testhost.dll, TestPluginCache.GetExtensionPaths: Added default extension paths: C:\Users\Armin\Documents\GitHub\Grupa-3-Verifikovani-i-Validirani-Softverasi\Pijaca\Zadatak 2\bin\Debug\net5.0\fine-code-coverage\build-output\Microsoft.VisualStudio.TestPlatform.MSTest.TestAdapter.dll
TpTrace Verbose: 0 : 21580, 4, 2021/11/18, 17:48:16.127, 902625365151, testhost.dll, TestPluginCache.GetExtensionPaths: Added unfilterableExtensionPaths: 
TpTrace Information: 0 : 21580, 4, 2021/11/18, 17:48:16.128, 902625366658, testhost.dll, AssemblyResolver.AddSearchDirectories: Adding more searchDirectories C:\Users\Armin\Documents\GitHub\Grupa-3-Verifikovani-i-Validirani-Softverasi\Pijaca\Zadatak 2\bin\Debug\net5.0\fine-code-coverage\build-output
TpTrace Verbose: 0 : 21580, 4, 2021/11/18, 17:48:16.128, 902625367220, testhost.dll, TestPluginCache.DiscoverTestExtensions: Discovering the extensions using extension path.
TpTrace Verbose: 0 : 21580, 4, 2021/11/18, 17:48:16.128, 902625367627, testhost.dll, TestPluginCache.GetExtensionPaths: Filtered extension paths: 
TpTrace Verbose: 0 : 21580, 4, 2021/11/18, 17:48:16.128, 902625367948, testhost.dll, TestPluginCache.GetExtensionPaths: Added default extension paths: C:\Users\Armin\Documents\GitHub\Grupa-3-Verifikovani-i-Validirani-Softverasi\Pijaca\Zadatak 2\bin\Debug\net5.0\fine-code-coverage\build-output\Microsoft.VisualStudio.TestPlatform.MSTest.TestAdapter.dll
TpTrace Verbose: 0 : 21580, 4, 2021/11/18, 17:48:16.128, 902625368263, testhost.dll, TestPluginCache.GetExtensionPaths: Added unfilterableExtensionPaths: 
TpTrace Verbose: 0 : 21580, 4, 2021/11/18, 17:48:16.128, 902625368597, testhost.dll, TestPluginCache.DiscoverTestExtensions: Discovering the extensions using allExtensionPaths: C:\Users\Armin\Documents\GitHub\Grupa-3-Verifikovani-i-Validirani-Softverasi\Pijaca\Zadatak 2\bin\Debug\net5.0\fine-code-coverage\build-output\Microsoft.VisualStudio.TestPlatform.MSTest.TestAdapter.dll
TpTrace Information: 0 : 21580, 4, 2021/11/18, 17:48:16.128, 902625369179, testhost.dll, AssemblyResolver.AddSearchDirectories: Adding more searchDirectories C:\Users\Armin\Documents\GitHub\Grupa-3-Verifikovani-i-Validirani-Softverasi\Pijaca\Zadatak 2\bin\Debug\net5.0\fine-code-coverage\build-output
TpTrace Verbose: 0 : 21580, 4, 2021/11/18, 17:48:16.128, 902625371713, testhost.dll, TestPluginCache: Discovered the extensions using extension path ''.
TpTrace Verbose: 0 : 21580, 4, 2021/11/18, 17:48:16.128, 902625373250, testhost.dll, TestPluginCache: Discoverers are ''.
TpTrace Verbose: 0 : 21580, 4, 2021/11/18, 17:48:16.128, 902625374245, testhost.dll, TestPluginCache: Executors are 'executor://MSTestAdapter/v2'.
TpTrace Verbose: 0 : 21580, 4, 2021/11/18, 17:48:16.128, 902625374870, testhost.dll, TestPluginCache: Executors2 are ''.
TpTrace Verbose: 0 : 21580, 4, 2021/11/18, 17:48:16.128, 902625375363, testhost.dll, TestPluginCache: Setting providers are ''.
TpTrace Verbose: 0 : 21580, 4, 2021/11/18, 17:48:16.128, 902625375692, testhost.dll, TestPluginCache: Loggers are ''.
TpTrace Verbose: 0 : 21580, 4, 2021/11/18, 17:48:16.130, 902625395978, testhost.dll, TestExecutorService: Loaded the settings providers
TpTrace Information: 0 : 21580, 4, 2021/11/18, 17:48:16.131, 902625400400, testhost.dll, TestExecutorService: Loaded the extensions
TpTrace Information: 0 : 21580, 4, 2021/11/18, 17:48:16.264, 902626736361, testhost.dll, TestDiscoveryManager: Discovering tests from sources C:\Users\Armin\Documents\GitHub\Grupa-3-Verifikovani-i-Validirani-Softverasi\Pijaca\Zadatak 2\bin\Debug\net5.0\fine-code-coverage\build-output\Zadatak 2.dll
TpTrace Verbose: 0 : 21580, 4, 2021/11/18, 17:48:16.269, 902626782097, testhost.dll, TestPluginCache.DiscoverTestExtensions: finding test extensions in assemblies ends with: TestAdapter.dll TPluginInfo: Microsoft.VisualStudio.TestPlatform.Common.ExtensionFramework.Utilities.TestDiscovererPluginInformation TExtension: Microsoft.VisualStudio.TestPlatform.ObjectModel.Adapter.ITestDiscoverer
TpTrace Verbose: 0 : 21580, 4, 2021/11/18, 17:48:16.269, 902626784662, testhost.dll, TestPluginCache.GetExtensionPaths: Filtered extension paths: 
TpTrace Verbose: 0 : 21580, 4, 2021/11/18, 17:48:16.269, 902626785528, testhost.dll, TestPluginCache.GetExtensionPaths: Added default extension paths: C:\Users\Armin\Documents\GitHub\Grupa-3-Verifikovani-i-Validirani-Softverasi\Pijaca\Zadatak 2\bin\Debug\net5.0\fine-code-coverage\build-output\Microsoft.VisualStudio.TestPlatform.MSTest.TestAdapter.dll
TpTrace Verbose: 0 : 21580, 4, 2021/11/18, 17:48:16.269, 902626786038, testhost.dll, TestPluginCache.GetExtensionPaths: Added unfilterableExtensionPaths: 
TpTrace Information: 0 : 21580, 4, 2021/11/18, 17:48:16.270, 902626787928, testhost.dll, AssemblyResolver.AddSearchDirectories: Adding more searchDirectories C:\Users\Armin\Documents\GitHub\Grupa-3-Verifikovani-i-Validirani-Softverasi\Pijaca\Zadatak 2\bin\Debug\net5.0\fine-code-coverage\build-output
TpTrace Verbose: 0 : 21580, 4, 2021/11/18, 17:48:16.270, 902626788699, testhost.dll, TestPluginCache.DiscoverTestExtensions: Discovering the extensions using extension path.
TpTrace Verbose: 0 : 21580, 4, 2021/11/18, 17:48:16.270, 902626789099, testhost.dll, TestPluginCache.GetExtensionPaths: Filtered extension paths: 
TpTrace Verbose: 0 : 21580, 4, 2021/11/18, 17:48:16.270, 902626789455, testhost.dll, TestPluginCache.GetExtensionPaths: Added default extension paths: C:\Users\Armin\Documents\GitHub\Grupa-3-Verifikovani-i-Validirani-Softverasi\Pijaca\Zadatak 2\bin\Debug\net5.0\fine-code-coverage\build-output\Microsoft.VisualStudio.TestPlatform.MSTest.TestAdapter.dll
TpTrace Verbose: 0 : 21580, 4, 2021/11/18, 17:48:16.270, 902626789809, testhost.dll, TestPluginCache.GetExtensionPaths: Added unfilterableExtensionPaths: 
TpTrace Verbose: 0 : 21580, 4, 2021/11/18, 17:48:16.270, 902626790232, testhost.dll, TestPluginCache.DiscoverTestExtensions: Discovering the extensions using allExtensionPaths: C:\Users\Armin\Documents\GitHub\Grupa-3-Verifikovani-i-Validirani-Softverasi\Pijaca\Zadatak 2\bin\Debug\net5.0\fine-code-coverage\build-output\Microsoft.VisualStudio.TestPlatform.MSTest.TestAdapter.dll
TpTrace Information: 0 : 21580, 4, 2021/11/18, 17:48:16.270, 902626790808, testhost.dll, AssemblyResolver.AddSearchDirectories: Adding more searchDirectories C:\Users\Armin\Documents\GitHub\Grupa-3-Verifikovani-i-Validirani-Softverasi\Pijaca\Zadatak 2\bin\Debug\net5.0\fine-code-coverage\build-output
TpTrace Verbose: 0 : 21580, 4, 2021/11/18, 17:48:16.273, 902626816661, testhost.dll, TestPluginCache: Discovered the extensions using extension path ''.
TpTrace Verbose: 0 : 21580, 4, 2021/11/18, 17:48:16.273, 902626818586, testhost.dll, TestPluginCache: Discoverers are 'Microsoft.VisualStudio.TestPlatform.MSTest.TestAdapter.MSTestDiscoverer, Microsoft.VisualStudio.TestPlatform.MSTest.TestAdapter, Version=14.0.0.0, Culture=neutral, PublicKeyToken=b03f5f7f11d50a3a'.
TpTrace Verbose: 0 : 21580, 4, 2021/11/18, 17:48:16.273, 902626819163, testhost.dll, TestPluginCache: Executors are 'executor://MSTestAdapter/v2'.
TpTrace Verbose: 0 : 21580, 4, 2021/11/18, 17:48:16.273, 902626819552, testhost.dll, TestPluginCache: Executors2 are ''.
TpTrace Verbose: 0 : 21580, 4, 2021/11/18, 17:48:16.273, 902626819981, testhost.dll, TestPluginCache: Setting providers are ''.
TpTrace Verbose: 0 : 21580, 4, 2021/11/18, 17:48:16.273, 902626820421, testhost.dll, TestPluginCache: Loggers are ''.
TpTrace Verbose: 0 : 21580, 4, 2021/11/18, 17:48:16.280, 902626894821, testhost.dll, BaseRunTests.RunTestInternalWithExecutors: Running tests for executor://MSTestAdapter/v2
TpTrace Information: 0 : 21580, 4, 2021/11/18, 17:48:16.282, 902626912027, testhost.dll, AssemblyResolver.OnResolve: Microsoft.VisualStudio.TestPlatform.MSTestAdapter.PlatformServices.Interface: Resolving assembly.
TpTrace Information: 0 : 21580, 4, 2021/11/18, 17:48:16.284, 902626935833, testhost.dll, AssemblyResolver.OnResolve: Resolved assembly: Microsoft.VisualStudio.TestPlatform.MSTestAdapter.PlatformServices.Interface, from path: C:\Users\Armin\Documents\GitHub\Grupa-3-Verifikovani-i-Validirani-Softverasi\Pijaca\Zadatak 2\bin\Debug\net5.0\fine-code-coverage\build-output\Microsoft.VisualStudio.TestPlatform.MSTestAdapter.PlatformServices.Interface.dll
TpTrace Information: 0 : 21580, 4, 2021/11/18, 17:48:16.286, 902626955296, testhost.dll, AssemblyResolver.OnResolve: Microsoft.VisualStudio.TestPlatform.MSTestAdapter.PlatformServices: Resolving assembly.
TpTrace Information: 0 : 21580, 4, 2021/11/18, 17:48:16.288, 902626966479, testhost.dll, AssemblyResolver.OnResolve: Resolved assembly: Microsoft.VisualStudio.TestPlatform.MSTestAdapter.PlatformServices, from path: C:\Users\Armin\Documents\GitHub\Grupa-3-Verifikovani-i-Validirani-Softverasi\Pijaca\Zadatak 2\bin\Debug\net5.0\fine-code-coverage\build-output\Microsoft.VisualStudio.TestPlatform.MSTestAdapter.PlatformServices.dll
TpTrace Information: 0 : 21580, 4, 2021/11/18, 17:48:16.288, 902626971241, testhost.dll, MSTest - MSTestExecutor.RunTests: Running tests from sources.
TpTrace Information: 0 : 21580, 4, 2021/11/18, 17:48:16.292, 902627011445, testhost.dll, MSTest - CollectSourceInformation value Found : False 
TpTrace Information: 0 : 21580, 4, 2021/11/18, 17:48:16.316, 902627252209, testhost.dll, AssemblyResolver.OnResolve: Microsoft.TestPlatform.AdapterUtilities: Resolving assembly.
TpTrace Information: 0 : 21580, 4, 2021/11/18, 17:48:16.317, 902627265233, testhost.dll, AssemblyResolver.OnResolve: Resolved assembly: Microsoft.TestPlatform.AdapterUtilities, from path: C:\Users\Armin\Documents\GitHub\Grupa-3-Verifikovani-i-Validirani-Softverasi\Pijaca\Zadatak 2\bin\Debug\net5.0\fine-code-coverage\build-output\Microsoft.TestPlatform.AdapterUtilities.dll
TpTrace Information: 0 : 21580, 4, 2021/11/18, 17:48:16.328, 902627372260, testhost.dll, MSTest - MSTestDiscoverer: Found 5 tests from source C:\Users\Armin\Documents\GitHub\Grupa-3-Verifikovani-i-Validirani-Softverasi\Pijaca\Zadatak 2\bin\Debug\net5.0\fine-code-coverage\build-output\Zadatak 2.dll
TpTrace Information: 0 : 21580, 4, 2021/11/18, 17:48:16.352, 902627609904, testhost.dll, AssemblyResolver.OnResolve: Microsoft.VisualStudio.TestPlatform.MSTestAdapter.PlatformServices.resources: Resolving assembly.
TpTrace Information: 0 : 21580, 4, 2021/11/18, 17:48:16.352, 902627613022, testhost.dll, AssemblyResolver.OnResolve: Microsoft.VisualStudio.TestPlatform.MSTestAdapter.PlatformServices.resources: Failed to load assembly.
TpTrace Information: 0 : 21580, 4, 2021/11/18, 17:48:16.353, 902627619346, testhost.dll, AssemblyResolver.OnResolve: Microsoft.VisualStudio.TestPlatform.MSTestAdapter.PlatformServices.resources: Resolving assembly.
TpTrace Information: 0 : 21580, 4, 2021/11/18, 17:48:16.353, 902627620386, testhost.dll, AssemblyResolver.OnResolve: Microsoft.VisualStudio.TestPlatform.MSTestAdapter.PlatformServices.resources: Resolved from cache.
TpTrace Information: 0 : 21580, 4, 2021/11/18, 17:48:16.369, 902627781546, testhost.dll, MSTest - Created unit-test runner C:\Users\Armin\Documents\GitHub\Grupa-3-Verifikovani-i-Validirani-Softverasi\Pijaca\Zadatak 2\bin\Debug\net5.0\fine-code-coverage\build-output\Zadatak 2.dll
TpTrace Verbose: 0 : 21580, 4, 2021/11/18, 17:48:16.373, 902627824151, testhost.dll, TestExecutionRecorder.RecordStart: Starting test: Zadatak_2.TDD.TestZamjenskiObjekat.
TpTrace Information: 0 : 21580, 4, 2021/11/18, 17:48:16.470, 902628793578, testhost.dll, MSTest - Executing test TestZamjenskiObjekat
TpTrace Information: 0 : 21580, 4, 2021/11/18, 17:48:16.520, 902629293988, testhost.dll, MSTest - Executed test TestZamjenskiObjekat
TpTrace Verbose: 0 : 21580, 4, 2021/11/18, 17:48:16.525, 902629336423, testhost.dll, TestExecutionRecorder.RecordEnd: test: Zadatak_2.TDD.TestZamjenskiObjekat execution completed.
TpTrace Verbose: 0 : 21580, 4, 2021/11/18, 17:48:16.544, 902629530235, testhost.dll, TestExecutionRecorder.RecordResult: Received result for test: Zadatak_2.TDD.TestZamjenskiObjekat.
TpTrace Warning: 0 : 21580, 4, 2021/11/18, 17:48:16.551, 902629596583, testhost.dll, TestRunCache: InProgressTests is null
TpTrace Warning: 0 : 21580, 4, 2021/11/18, 17:48:16.551, 902629599224, testhost.dll, TestRunCache: No test found corresponding to testResult '' in inProgress list.
TpTrace Verbose: 0 : 21580, 4, 2021/11/18, 17:48:16.551, 902629601157, testhost.dll, TestExecutionRecorder.RecordStart: Starting test: Zadatak_2.TDD.DodavanjeMesnihProizvoda.
TpTrace Information: 0 : 21580, 4, 2021/11/18, 17:48:16.553, 902629619670, testhost.dll, MSTest - Executing test DodavanjeMesnihProizvoda
TpTrace Information: 0 : 21580, 4, 2021/11/18, 17:48:16.559, 902629684916, testhost.dll, MSTest - Executed test DodavanjeMesnihProizvoda
TpTrace Verbose: 0 : 21580, 4, 2021/11/18, 17:48:16.560, 902629686249, testhost.dll, TestExecutionRecorder.RecordEnd: test: Zadatak_2.TDD.DodavanjeMesnihProizvoda execution completed.
TpTrace Verbose: 0 : 21580, 4, 2021/11/18, 17:48:16.561, 902629698990, testhost.dll, TestExecutionRecorder.RecordResult: Received result for test: Zadatak_2.TDD.DodavanjeMesnihProizvoda.
TpTrace Warning: 0 : 21580, 4, 2021/11/18, 17:48:16.561, 902629699714, testhost.dll, TestRunCache: InProgressTests is null
TpTrace Warning: 0 : 21580, 4, 2021/11/18, 17:48:16.561, 902629700027, testhost.dll, TestRunCache: No test found corresponding to testResult '' in inProgress list.
TpTrace Verbose: 0 : 21580, 4, 2021/11/18, 17:48:16.561, 902629700582, testhost.dll, TestExecutionRecorder.RecordStart: Starting test: Zadatak_2.TDD.DodavanjeVoćaIBrisanje.
TpTrace Information: 0 : 21580, 4, 2021/11/18, 17:48:16.562, 902629714997, testhost.dll, MSTest - Executing test DodavanjeVoćaIBrisanje
TpTrace Information: 0 : 21580, 4, 2021/11/18, 17:48:16.565, 902629741768, testhost.dll, MSTest - Executed test DodavanjeVoćaIBrisanje
TpTrace Verbose: 0 : 21580, 4, 2021/11/18, 17:48:16.566, 902629747361, testhost.dll, TestExecutionRecorder.RecordEnd: test: Zadatak_2.TDD.DodavanjeVoćaIBrisanje execution completed.
TpTrace Verbose: 0 : 21580, 4, 2021/11/18, 17:48:16.570, 902629793226, testhost.dll, TestExecutionRecorder.RecordResult: Received result for test: Zadatak_2.TDD.DodavanjeVoćaIBrisanje.
TpTrace Warning: 0 : 21580, 4, 2021/11/18, 17:48:16.570, 902629794297, testhost.dll, TestRunCache: InProgressTests is null
TpTrace Warning: 0 : 21580, 4, 2021/11/18, 17:48:16.570, 902629794634, testhost.dll, TestRunCache: No test found corresponding to testResult '' in inProgress list.
TpTrace Verbose: 0 : 21580, 4, 2021/11/18, 17:48:16.570, 902629795279, testhost.dll, TestExecutionRecorder.RecordStart: Starting test: Zadatak_2.TDD.NepodržaniTipDodavanja.
TpTrace Information: 0 : 21580, 4, 2021/11/18, 17:48:16.572, 902629812974, testhost.dll, MSTest - Executing test NepodržaniTipDodavanja
TpTrace Information: 0 : 21580, 4, 2021/11/18, 17:48:16.574, 902629834880, testhost.dll, MSTest - Executed test NepodržaniTipDodavanja
TpTrace Verbose: 0 : 21580, 4, 2021/11/18, 17:48:16.575, 902629836110, testhost.dll, TestExecutionRecorder.RecordEnd: test: Zadatak_2.TDD.NepodržaniTipDodavanja execution completed.
TpTrace Verbose: 0 : 21580, 4, 2021/11/18, 17:48:16.576, 902629847331, testhost.dll, TestExecutionRecorder.RecordResult: Received result for test: Zadatak_2.TDD.NepodržaniTipDodavanja.
TpTrace Warning: 0 : 21580, 4, 2021/11/18, 17:48:16.576, 902629848075, testhost.dll, TestRunCache: InProgressTests is null
TpTrace Warning: 0 : 21580, 4, 2021/11/18, 17:48:16.576, 902629848957, testhost.dll, TestRunCache: No test found corresponding to testResult '' in inProgress list.
TpTrace Verbose: 0 : 21580, 4, 2021/11/18, 17:48:16.576, 902629849660, testhost.dll, TestExecutionRecorder.RecordStart: Starting test: Zadatak_2.TDD.NemogućeDodavanjeUzBrisanje.
TpTrace Information: 0 : 21580, 4, 2021/11/18, 17:48:16.577, 902629858109, testhost.dll, MSTest - Executing test NemogućeDodavanjeUzBrisanje
TpTrace Information: 0 : 21580, 4, 2021/11/18, 17:48:16.578, 902629866961, testhost.dll, MSTest - Executed test NemogućeDodavanjeUzBrisanje
TpTrace Verbose: 0 : 21580, 4, 2021/11/18, 17:48:16.578, 902629868352, testhost.dll, TestExecutionRecorder.RecordEnd: test: Zadatak_2.TDD.NemogućeDodavanjeUzBrisanje execution completed.
TpTrace Verbose: 0 : 21580, 4, 2021/11/18, 17:48:16.579, 902629883033, testhost.dll, TestExecutionRecorder.RecordResult: Received result for test: Zadatak_2.TDD.NemogućeDodavanjeUzBrisanje.
TpTrace Warning: 0 : 21580, 4, 2021/11/18, 17:48:16.579, 902629884041, testhost.dll, TestRunCache: InProgressTests is null
TpTrace Warning: 0 : 21580, 4, 2021/11/18, 17:48:16.579, 902629884395, testhost.dll, TestRunCache: No test found corresponding to testResult '' in inProgress list.
TpTrace Information: 0 : 21580, 4, 2021/11/18, 17:48:16.580, 902629890008, testhost.dll, MSTest - Executing cleanup methods.
TpTrace Information: 0 : 21580, 4, 2021/11/18, 17:48:16.584, 902629930203, testhost.dll, MSTest - Executed cleanup methods.
TpTrace Information: 0 : 21580, 4, 2021/11/18, 17:48:16.584, 902629932052, testhost.dll, MSTest - Executed tests belonging to source C:\Users\Armin\Documents\GitHub\Grupa-3-Verifikovani-i-Validirani-Softverasi\Pijaca\Zadatak 2\bin\Debug\net5.0\fine-code-coverage\build-output\Zadatak 2.dll
TpTrace Information: 0 : 21580, 4, 2021/11/18, 17:48:16.584, 902629935085, testhost.dll, Deleting deployment directory C:\Users\Armin\Documents\GitHub\Grupa-3-Verifikovani-i-Validirani-Softverasi\Pijaca\Zadatak 2\bin\Debug\net5.0\fine-code-coverage\coverage-tool-output\Deploy_Armin 2021-11-18 17_48_16
TpTrace Information: 0 : 21580, 4, 2021/11/18, 17:48:16.588, 902629968257, testhost.dll, Deleted deployment directory C:\Users\Armin\Documents\GitHub\Grupa-3-Verifikovani-i-Validirani-Softverasi\Pijaca\Zadatak 2\bin\Debug\net5.0\fine-code-coverage\coverage-tool-output\Deploy_Armin 2021-11-18 17_48_16
TpTrace Verbose: 0 : 21580, 4, 2021/11/18, 17:48:16.588, 902629974442, testhost.dll, BaseRunTests.RunTestInternalWithExecutors: Completed running tests for executor://MSTestAdapter/v2
TpTrace Information: 0 : 21580, 4, 2021/11/18, 17:48:16.591, 902630005165, testhost.dll, Sending test run complete
TpTrace Verbose: 0 : 21580, 4, 2021/11/18, 17:48:16.641, 902630500372, testhost.dll, TestRequestHandler.SendData:  sending data from testhost: {"Version":5,"MessageType":"TestExecution.Completed","Payload":{"TestRunCompleteArgs":{"TestRunStatistics":{"ExecutedTests":5,"Stats":{"Passed":5}},"IsCanceled":false,"IsAborted":false,"Error":null,"AttachmentSets":[],"ElapsedTimeInRunningTests":"00:00:00.3139166","Metrics":{}},"LastRunTests":{"NewTestResults":[{"TestCase":{"Id":"cd075b4d-61b2-de77-403b-0cfb69a56f47","FullyQualifiedName":"Zadatak_2.TDD.TestZamjenskiObjekat","DisplayName":"TestZamjenskiObjekat","ExecutorUri":"executor://MSTestAdapter/v2","Source":"C:\\Users\\Armin\\Documents\\GitHub\\Grupa-3-Verifikovani-i-Validirani-Softverasi\\Pijaca\\Zadatak 2\\bin\\Debug\\net5.0\\fine-code-coverage\\build-output\\Zadatak 2.dll","CodeFilePath":null,"LineNumber":-1,"Properties":[{"Key":{"Id":"TestCase.ManagedType","Label":"ManagedType","Category":"","Description":"","Attributes":1,"ValueType":"System.String"},"Value":"Zadatak_2.TDD"},{"Key":{"Id":"TestCase.ManagedMethod","Label":"ManagedMethod","Category":"","Description":"","Attributes":1,"ValueType":"System.String"},"Value":"TestZamjenskiObjekat"},{"Key":{"Id":"MSTestDiscoverer.TestClassName","Label":"ClassName","Category":"","Description":"","Attributes":1,"ValueType":"System.String"},"Value":"Zadatak_2.TDD"},{"Key":{"Id":"TestObject.Traits","Label":"Traits","Category":"","Description":"","Attributes":5,"ValueType":"System.Collections.Generic.KeyValuePair`2[[System.String],[System.String]][]"},"Value":[]}]},"Attachments":[],"Outcome":1,"ErrorMessage":null,"ErrorStackTrace":null,"DisplayName":null,"Messages":[],"ComputerName":null,"Duration":"00:00:00.0115261","StartTime":"2021-11-18T17:48:16.4706601+01:00","EndTime":"2021-11-18T17:48:16.5209234+01:00","Properties":[{"Key":{"Id":"ExecutionId","Label":"ExecutionId","Category":"","Description":"","Attributes":1,"ValueType":"System.Guid"},"Value":"00000000-0000-0000-0000-000000000000"},{"Key":{"Id":"ParentExecId","Label":"ParentExecId","Category":"","Description":"","Attributes":1,"ValueType":"System.Guid"},"Value":"00000000-0000-0000-0000-000000000000"},{"Key":{"Id":"InnerResultsCount","Label":"InnerResultsCount","Category":"","Description":"","Attributes":1,"ValueType":"System.Int32"},"Value":0}]},{"TestCase":{"Id":"3a1d8414-af96-8075-3e91-63006d286d73","FullyQualifiedName":"Zadatak_2.TDD.DodavanjeMesnihProizvoda","DisplayName":"DodavanjeMesnihProizvoda","ExecutorUri":"executor://MSTestAdapter/v2","Source":"C:\\Users\\Armin\\Documents\\GitHub\\Grupa-3-Verifikovani-i-Validirani-Softverasi\\Pijaca\\Zadatak 2\\bin\\Debug\\net5.0\\fine-code-coverage\\build-output\\Zadatak 2.dll","CodeFilePath":null,"LineNumber":-1,"Properties":[{"Key":{"Id":"TestCase.ManagedType","Label":"ManagedType","Category":"","Description":"","Attributes":1,"ValueType":"System.String"},"Value":"Zadatak_2.TDD"},{"Key":{"Id":"TestCase.ManagedMethod","Label":"ManagedMethod","Category":"","Description":"","Attributes":1,"ValueType":"System.String"},"Value":"DodavanjeMesnihProizvoda"},{"Key":{"Id":"MSTestDiscoverer.TestClassName","Label":"ClassName","Category":"","Description":"","Attributes":1,"ValueType":"System.String"},"Value":"Zadatak_2.TDD"},{"Key":{"Id":"TestObject.Traits","Label":"Traits","Category":"","Description":"","Attributes":5,"ValueType":"System.Collections.Generic.KeyValuePair`2[[System.String],[System.String]][]"},"Value":[]}]},"Attachments":[],"Outcome":1,"ErrorMessage":null,"ErrorStackTrace":null,"DisplayName":null,"Messages":[],"ComputerName":null,"Duration":"00:00:00.0062229","StartTime":"2021-11-18T17:48:16.5533394+01:00","EndTime":"2021-11-18T17:48:16.5599954+01:00","Properties":[{"Key":{"Id":"ExecutionId","Label":"ExecutionId","Category":"","Description":"","Attributes":1,"ValueType":"System.Guid"},"Value":"00000000-0000-0000-0000-000000000000"},{"Key":{"Id":"ParentExecId","Label":"ParentExecId","Category":"","Description":"","Attributes":1,"ValueType":"System.Guid"},"Value":"00000000-0000-0000-0000-000000000000"},{"Key":{"Id":"InnerResultsCount","Label":"InnerResultsCount","Category":"","Description":"","Attributes":1,"ValueType":"System.Int32"},"Value":0}]},{"TestCase":{"Id":"3f4528f8-6f76-6b66-8987-b10996504e89","FullyQualifiedName":"Zadatak_2.TDD.DodavanjeVoćaIBrisanje","DisplayName":"DodavanjeVoćaIBrisanje","ExecutorUri":"executor://MSTestAdapter/v2","Source":"C:\\Users\\Armin\\Documents\\GitHub\\Grupa-3-Verifikovani-i-Validirani-Softverasi\\Pijaca\\Zadatak 2\\bin\\Debug\\net5.0\\fine-code-coverage\\build-output\\Zadatak 2.dll","CodeFilePath":null,"LineNumber":-1,"Properties":[{"Key":{"Id":"TestCase.ManagedType","Label":"ManagedType","Category":"","Description":"","Attributes":1,"ValueType":"System.String"},"Value":"Zadatak_2.TDD"},{"Key":{"Id":"TestCase.ManagedMethod","Label":"ManagedMethod","Category":"","Description":"","Attributes":1,"ValueType":"System.String"},"Value":"DodavanjeVoćaIBrisanje"},{"Key":{"Id":"MSTestDiscoverer.TestClassName","Label":"ClassName","Category":"","Description":"","Attributes":1,"ValueType":"System.String"},"Value":"Zadatak_2.TDD"},{"Key":{"Id":"TestObject.Traits","Label":"Traits","Category":"","Description":"","Attributes":5,"ValueType":"System.Collections.Generic.KeyValuePair`2[[System.String],[System.String]][]"},"Value":[]}]},"Attachments":[],"Outcome":1,"ErrorMessage":null,"ErrorStackTrace":null,"DisplayName":null,"Messages":[],"ComputerName":null,"Duration":"00:00:00.0023253","StartTime":"2021-11-18T17:48:16.5628747+01:00","EndTime":"2021-11-18T17:48:16.5660161+01:00","Properties":[{"Key":{"Id":"ExecutionId","Label":"ExecutionId","Category":"","Description":"","Attributes":1,"ValueType":"System.Guid"},"Value":"00000000-0000-0000-0000-000000000000"},{"Key":{"Id":"ParentExecId","Label":"ParentExecId","Category":"","Description":"","Attributes":1,"ValueType":"System.Guid"},"Value":"00000000-0000-0000-0000-000000000000"},{"Key":{"Id":"InnerResultsCount","Label":"InnerResultsCount","Category":"","Description":"","Attributes":1,"ValueType":"System.Int32"},"Value":0}]},{"TestCase":{"Id":"94f032db-9346-302f-6689-ffa07b4ffe55","FullyQualifiedName":"Zadatak_2.TDD.NepodržaniTipDodavanja","DisplayName":"NepodržaniTipDodavanja","ExecutorUri":"executor://MSTestAdapter/v2","Source":"C:\\Users\\Armin\\Documents\\GitHub\\Grupa-3-Verifikovani-i-Validirani-Softverasi\\Pijaca\\Zadatak 2\\bin\\Debug\\net5.0\\fine-code-coverage\\build-output\\Zadatak 2.dll","CodeFilePath":null,"LineNumber":-1,"Properties":[{"Key":{"Id":"TestCase.ManagedType","Label":"ManagedType","Category":"","Description":"","Attributes":1,"ValueType":"System.String"},"Value":"Zadatak_2.TDD"},{"Key":{"Id":"TestCase.ManagedMethod","Label":"ManagedMethod","Category":"","Description":"","Attributes":1,"ValueType":"System.String"},"Value":"NepodržaniTipDodavanja"},{"Key":{"Id":"MSTestDiscoverer.TestClassName","Label":"ClassName","Category":"","Description":"","Attributes":1,"ValueType":"System.String"},"Value":"Zadatak_2.TDD"},{"Key":{"Id":"TestObject.Traits","Label":"Traits","Category":"","Description":"","Attributes":5,"ValueType":"System.Collections.Generic.KeyValuePair`2[[System.String],[System.String]][]"},"Value":[]}]},"Attachments":[],"Outcome":1,"ErrorMessage":null,"ErrorStackTrace":null,"DisplayName":null,"Messages":[],"ComputerName":null,"Duration":"00:00:00.0018833","StartTime":"2021-11-18T17:48:16.5726759+01:00","EndTime":"2021-11-18T17:48:16.574987+01:00","Properties":[{"Key":{"Id":"ExecutionId","Label":"ExecutionId","Category":"","Description":"","Attributes":1,"ValueType":"System.Guid"},"Value":"00000000-0000-0000-0000-000000000000"},{"Key":{"Id":"ParentExecId","Label":"ParentExecId","Category":"","Description":"","Attributes":1,"ValueType":"System.Guid"},"Value":"00000000-0000-0000-0000-000000000000"},{"Key":{"Id":"InnerResultsCount","Label":"InnerResultsCount","Category":"","Description":"","Attributes":1,"ValueType":"System.Int32"},"Value":0}]},{"TestCase":{"Id":"0e86f05c-b4ae-450e-5451-e8f8450dc484","FullyQualifiedName":"Zadatak_2.TDD.NemogućeDodavanjeUzBrisanje","DisplayName":"NemogućeDodavanjeUzBrisanje","ExecutorUri":"executor://MSTestAdapter/v2","Source":"C:\\Users\\Armin\\Documents\\GitHub\\Grupa-3-Verifikovani-i-Validirani-Softverasi\\Pijaca\\Zadatak 2\\bin\\Debug\\net5.0\\fine-code-coverage\\build-output\\Zadatak 2.dll","CodeFilePath":null,"LineNumber":-1,"Properties":[{"Key":{"Id":"TestCase.ManagedType","Label":"ManagedType","Category":"","Description":"","Attributes":1,"ValueType":"System.String"},"Value":"Zadatak_2.TDD"},{"Key":{"Id":"TestCase.ManagedMethod","Label":"ManagedMethod","Category":"","Description":"","Attributes":1,"ValueType":"System.String"},"Value":"NemogućeDodavanjeUzBrisanje"},{"Key":{"Id":"MSTestDiscoverer.TestClassName","Label":"ClassName","Category":"","Description":"","Attributes":1,"ValueType":"System.String"},"Value":"Zadatak_2.TDD"},{"Key":{"Id":"TestObject.Traits","Label":"Traits","Category":"","Description":"","Attributes":5,"ValueType":"System.Collections.Generic.KeyValuePair`2[[System.String],[System.String]][]"},"Value":[]}]},"Attachments":[],"Outcome":1,"ErrorMessage":null,"ErrorStackTrace":null,"DisplayName":null,"Messages":[],"ComputerName":null,"Duration":"00:00:00.0006745","StartTime":"2021-11-18T17:48:16.577196+01:00","EndTime":"2021-11-18T17:48:16.5782079+01:00","Properties":[{"Key":{"Id":"ExecutionId","Label":"ExecutionId","Category":"","Description":"","Attributes":1,"ValueType":"System.Guid"},"Value":"00000000-0000-0000-0000-000000000000"},{"Key":{"Id":"ParentExecId","Label":"ParentExecId","Category":"","Description":"","Attributes":1,"ValueType":"System.Guid"},"Value":"00000000-0000-0000-0000-000000000000"},{"Key":{"Id":"InnerResultsCount","Label":"InnerResultsCount","Category":"","Description":"","Attributes":1,"ValueType":"System.Int32"},"Value":0}]}],"TestRunStatistics":{"ExecutedTests":5,"Stats":{"Passed":5}},"ActiveTests":[]},"RunAttachments":[],"ExecutorUris":["executor://mstestadapter/v2"]}}
TpTrace Verbose: 0 : 21580, 4, 2021/11/18, 17:48:16.642, 902630510704, testhost.dll, BaseRunTests.RunTests: Run is complete.
TpTrace Verbose: 0 : 21580, 6, 2021/11/18, 17:48:16.643, 902630524497, testhost.dll, TcpClientExtensions.MessageLoopAsync: NotifyDataAvailable remoteEndPoint: [::ffff:127.0.0.1]:62219 localEndPoint: [::ffff:127.0.0.1]:62220
TpTrace Information: 0 : 21580, 6, 2021/11/18, 17:48:16.644, 902630526560, testhost.dll, TestRequestHandler.ProcessRequests: received message: (TestSession.Terminate) -> null
TpTrace Information: 0 : 21580, 6, 2021/11/18, 17:48:16.644, 902630526927, testhost.dll, Session End message received from server. Closing the connection.
TpTrace Information: 0 : 21580, 6, 2021/11/18, 17:48:16.644, 902630530949, testhost.dll, SocketClient.Stop: Stop communication from server endpoint: 127.0.0.1:062219
TpTrace Information: 0 : 21580, 6, 2021/11/18, 17:48:16.644, 902630531853, testhost.dll, SocketClient: Stop: Cancellation requested. Stopping message loop.
TpTrace Verbose: 0 : 21580, 6, 2021/11/18, 17:48:16.644, 902630533338, testhost.dll, LengthPrefixCommunicationChannel.Dispose: Dispose reader and writer.
TpTrace Information: 0 : 21580, 6, 2021/11/18, 17:48:16.644, 902630534147, testhost.dll, Closing the connection !
TpTrace Information: 0 : 21580, 6, 2021/11/18, 17:48:16.644, 902630536089, testhost.dll, SocketClient.PrivateStop: Stop communication from server endpoint: 127.0.0.1:062219, error:
TpTrace Verbose: 0 : 21580, 6, 2021/11/18, 17:48:16.645, 902630540334, testhost.dll, LengthPrefixCommunicationChannel.Dispose: Dispose reader and writer.
TpTrace Verbose: 0 : 21580, 6, 2021/11/18, 17:48:16.645, 902630541866, testhost.dll, TcpClientExtensions.MessageLoopAsync: exiting MessageLoopAsync remoteEndPoint: [::ffff:127.0.0.1]:62219 localEndPoint: [::ffff:127.0.0.1]:62220
TpTrace Information: 0 : 21580, 1, 2021/11/18, 17:48:16.645, 902630540341, testhost.dll, Closing the connection !
TpTrace Information: 0 : 21580, 1, 2021/11/18, 17:48:16.645, 902630543331, testhost.dll, SocketClient.Stop: Stop communication from server endpoint: 127.0.0.1:062219
TpTrace Verbose: 0 : 21580, 1, 2021/11/18, 17:48:16.645, 902630543668, testhost.dll, LengthPrefixCommunicationChannel.Dispose: Dispose reader and writer.
TpTrace Information: 0 : 21580, 1, 2021/11/18, 17:48:16.645, 902630544573, testhost.dll, Testhost process exiting.
