TpTrace Verbose: 0 : 17924, 1, 2021/11/28, 20:50:31.774, 6235656331820, testhost.dll, Version: 16.9.4
TpTrace Information: 0 : 17924, 1, 2021/11/28, 20:50:31.784, 6235656398934, testhost.dll, DefaultEngineInvoker.Invoke: Testhost process started with args :[--port, 63453],[--endpoint, 127.0.0.1:063453],[--role, client],[--parentprocessid, 21432],[--diag, C:\Users\Armin\Documents\GitHub\Grupa-3-Verifikovani-i-Validirani-Softverasi\Pijaca\Zadatak 2\bin\Debug\net5.0\fine-code-coverage\coverage-tool-output\diagnostics.host.21-11-28_20-50-31_61271_6.log],[--tracelevel, 4],[--datacollectionport, 63452],[--telemetryoptedin, false]
TpTrace Information: 0 : 17924, 1, 2021/11/28, 20:50:31.785, 6235656414878, testhost.dll, Setting up debug trace listener.
TpTrace Verbose: 0 : 17924, 1, 2021/11/28, 20:50:31.786, 6235656419016, testhost.dll, TestPlatformTraceListener.Setup: Replacing listener 0 with TestHostTraceListener.
TpTrace Verbose: 0 : 17924, 1, 2021/11/28, 20:50:31.786, 6235656419640, testhost.dll, TestPlatformTraceListener.Setup: Added test platform trace listener.
TpTrace Information: 0 : 17924, 1, 2021/11/28, 20:50:31.787, 6235656425278, testhost.dll, DefaultEngineInvoker.SetParentProcessExitCallback: Monitoring parent process with id: '21432'
TpTrace Information: 0 : 17924, 1, 2021/11/28, 20:50:31.794, 6235656503283, testhost.dll, DefaultEngineInvoker.GetConnectionInfo: Initialize communication on endpoint address: '127.0.0.1:063453'
TpTrace Information: 0 : 17924, 1, 2021/11/28, 20:50:31.810, 6235656663061, testhost.dll, SocketClient.Start: connecting to server endpoint: 127.0.0.1:063453
TpTrace Information: 0 : 17924, 1, 2021/11/28, 20:50:31.819, 6235656753117, testhost.dll, DefaultEngineInvoker.ConnectToDatacollector: Connecting to datacollector, port: 63452
TpTrace Information: 0 : 17924, 6, 2021/11/28, 20:50:31.820, 6235656762431, testhost.dll, SocketClient.OnServerConnected: connected to server endpoint: 127.0.0.1:063453
TpTrace Verbose: 0 : 17924, 6, 2021/11/28, 20:50:31.822, 6235656777315, testhost.dll, Connected to server, and starting MessageLoopAsync
TpTrace Information: 0 : 17924, 1, 2021/11/28, 20:50:31.822, 6235656783624, testhost.dll, Trying to connect to server on socket : 127.0.0.1:63452 
TpTrace Verbose: 0 : 17924, 1, 2021/11/28, 20:50:31.823, 6235656787419, testhost.dll, SocketCommunicationManager : SetupClientAsync : Attempting to connect to the server.
TpTrace Verbose: 0 : 17924, 6, 2021/11/28, 20:50:31.824, 6235656802523, testhost.dll, TcpClientExtensions.MessageLoopAsync: Polling on remoteEndPoint: [::ffff:127.0.0.1]:63453 localEndPoint: [::ffff:127.0.0.1]:63454
TpTrace Information: 0 : 17924, 10, 2021/11/28, 20:50:31.824, 6235656802650, testhost.dll, Connected to the server successfully 
TpTrace Information: 0 : 17924, 10, 2021/11/28, 20:50:31.824, 6235656804251, testhost.dll, Using the buffer size of 16384 bytes
TpTrace Verbose: 0 : 17924, 6, 2021/11/28, 20:50:31.825, 6235656805930, testhost.dll, TcpClientExtensions.MessageLoopAsync: NotifyDataAvailable remoteEndPoint: [::ffff:127.0.0.1]:63453 localEndPoint: [::ffff:127.0.0.1]:63454
TpTrace Information: 0 : 17924, 1, 2021/11/28, 20:50:31.825, 6235656808078, testhost.dll, DefaultEngineInvoker.Invoke: Start Request Processing.
TpTrace Information: 0 : 17924, 11, 2021/11/28, 20:50:31.826, 6235656816766, testhost.dll, DefaultEngineInvoker.StartProcessingAsync: Connected to vstest.console, Starting process requests.
TpTrace Information: 0 : 17924, 6, 2021/11/28, 20:50:31.946, 6235658016506, testhost.dll, TestRequestHandler.ProcessRequests: received message: (ProtocolVersion) -> 5
TpTrace Verbose: 0 : 17924, 6, 2021/11/28, 20:50:31.973, 6235658294821, testhost.dll, TestRequestHandler.SendData:  sending data from testhost: {"Version":5,"MessageType":"TestSession.Message","Payload":{"MessageLevel":0,"Message":"Logging TestHost Diagnostics in file: C:\\Users\\Armin\\Documents\\GitHub\\Grupa-3-Verifikovani-i-Validirani-Softverasi\\Pijaca\\Zadatak 2\\bin\\Debug\\net5.0\\fine-code-coverage\\coverage-tool-output\\diagnostics.host.21-11-28_20-50-31_61271_6.log"}}
TpTrace Verbose: 0 : 17924, 6, 2021/11/28, 20:50:31.974, 6235658298944, testhost.dll, TcpClientExtensions.MessageLoopAsync: Polling on remoteEndPoint: [::ffff:127.0.0.1]:63453 localEndPoint: [::ffff:127.0.0.1]:63454
TpTrace Verbose: 0 : 17924, 6, 2021/11/28, 20:50:31.974, 6235658299772, testhost.dll, TcpClientExtensions.MessageLoopAsync: NotifyDataAvailable remoteEndPoint: [::ffff:127.0.0.1]:63453 localEndPoint: [::ffff:127.0.0.1]:63454
TpTrace Information: 0 : 17924, 6, 2021/11/28, 20:50:31.977, 6235658334746, testhost.dll, TestRequestHandler.ProcessRequests: received message: (TestExecution.Initialize) -> [
  "C:\\Users\\Armin\\Documents\\GitHub\\Grupa-3-Verifikovani-i-Validirani-Softverasi\\Pijaca\\Zadatak 2\\bin\\Debug\\net5.0\\fine-code-coverage\\build-output\\Microsoft.VisualStudio.TestPlatform.MSTest.TestAdapter.dll"
]
TpTrace Information: 0 : 17924, 6, 2021/11/28, 20:50:31.978, 6235658336513, testhost.dll, Execution Session Initialize.
TpTrace Verbose: 0 : 17924, 6, 2021/11/28, 20:50:31.989, 6235658445455, testhost.dll, TcpClientExtensions.MessageLoopAsync: Polling on remoteEndPoint: [::ffff:127.0.0.1]:63453 localEndPoint: [::ffff:127.0.0.1]:63454
TpTrace Verbose: 0 : 17924, 6, 2021/11/28, 20:50:31.989, 6235658447637, testhost.dll, TcpClientExtensions.MessageLoopAsync: NotifyDataAvailable remoteEndPoint: [::ffff:127.0.0.1]:63453 localEndPoint: [::ffff:127.0.0.1]:63454
TpTrace Verbose: 0 : 17924, 4, 2021/11/28, 20:50:31.991, 6235658471680, testhost.dll, TestExecutorService: Loading the extensions
TpTrace Information: 0 : 17924, 6, 2021/11/28, 20:50:31.992, 6235658480237, testhost.dll, TestRequestHandler.ProcessRequests: received message: (TestExecution.StartWithSources) -> {
  "AdapterSourceMap": {
    "_none_": [
      "C:\\Users\\Armin\\Documents\\GitHub\\Grupa-3-Verifikovani-i-Validirani-Softverasi\\Pijaca\\Zadatak 2\\bin\\Debug\\net5.0\\fine-code-coverage\\build-output\\Zadatak 2.dll"
    ]
  },
  "RunSettings": "<RunSettings>\r\n  <RunConfiguration>\r\n    <ResultsDirectory>C:\\Users\\Armin\\Documents\\GitHub\\Grupa-3-Verifikovani-i-Validirani-Softverasi\\Pijaca\\Zadatak 2\\bin\\Debug\\net5.0\\fine-code-coverage\\coverage-tool-output</ResultsDirectory>\r\n    <TargetPlatform>X64</TargetPlatform>\r\n    <TargetFrameworkVersion>.NETCoreApp,Version=v5.0</TargetFrameworkVersion>\r\n    <DesignMode>False</DesignMode>\r\n    <CollectSourceInformation>False</CollectSourceInformation>\r\n  </RunConfiguration>\r\n  <LoggerRunSettings>\r\n    <Loggers>\r\n      <Logger friendlyName=\"blame\" enabled=\"True\" />\r\n      <Logger friendlyName=\"Console\" uri=\"logger://microsoft/TestPlatform/ConsoleLogger/v1\" assemblyQualifiedName=\"Microsoft.VisualStudio.TestPlatform.CommandLine.Internal.ConsoleLogger, vstest.console, Version=15.0.0.0, Culture=neutral, PublicKeyToken=b03f5f7f11d50a3a\" codeBase=\"C:\\Program Files\\dotnet\\sdk\\5.0.402\\vstest.console.dll\" enabled=\"True\" />\r\n    </Loggers>\r\n  </LoggerRunSettings>\r\n  <DataCollectionRunSettings>\r\n    <DataCollectors>\r\n      <DataCollector friendlyName=\"blame\" enabled=\"True\">\r\n        <Configuration>\r\n          <ResultsDirectory>C:\\Users\\Armin\\Documents\\GitHub\\Grupa-3-Verifikovani-i-Validirani-Softverasi\\Pijaca\\Zadatak 2\\bin\\Debug\\net5.0\\fine-code-coverage\\coverage-tool-output</ResultsDirectory>\r\n        </Configuration>\r\n      </DataCollector>\r\n    </DataCollectors>\r\n  </DataCollectionRunSettings>\r\n</RunSettings>",
  "TestExecutionContext": {
    "FrequencyOfRunStatsChangeEvent": 10,
    "RunStatsChangeEventTimeout": "00:00:01.5000000",
    "InIsolation": false,
    "KeepAlive": false,
    "AreTestCaseLevelEventsRequired": false,
    "IsDebug": false,
    "TestCaseFilter": null,
    "FilterOptions": null
  },
  "Package": null
}
TpTrace Information: 0 : 17924, 6, 2021/11/28, 20:50:31.992, 6235658483396, testhost.dll, Execution started.
TpTrace Verbose: 0 : 17924, 4, 2021/11/28, 20:50:31.994, 6235658497519, testhost.dll, TestPluginCache.DiscoverTestExtensions: finding test extensions in assemblies ends with: TestAdapter.dll TPluginInfo: Microsoft.VisualStudio.TestPlatform.Common.ExtensionFramework.Utilities.TestExecutorPluginInformation TExtension: Microsoft.VisualStudio.TestPlatform.ObjectModel.Adapter.ITestExecutor
TpTrace Verbose: 0 : 17924, 4, 2021/11/28, 20:50:31.995, 6235658513486, testhost.dll, TestPluginCache.GetExtensionPaths: Filtered extension paths: 
TpTrace Verbose: 0 : 17924, 4, 2021/11/28, 20:50:31.996, 6235658519338, testhost.dll, TestPluginCache.GetExtensionPaths: Added default extension paths: C:\Users\Armin\Documents\GitHub\Grupa-3-Verifikovani-i-Validirani-Softverasi\Pijaca\Zadatak 2\bin\Debug\net5.0\fine-code-coverage\build-output\Microsoft.VisualStudio.TestPlatform.MSTest.TestAdapter.dll
TpTrace Verbose: 0 : 17924, 4, 2021/11/28, 20:50:31.996, 6235658520654, testhost.dll, TestPluginCache.GetExtensionPaths: Added unfilterableExtensionPaths: 
TpTrace Information: 0 : 17924, 4, 2021/11/28, 20:50:32.001, 6235658571011, testhost.dll, AssemblyResolver.ctor: Creating AssemblyResolver with searchDirectories C:\Users\Armin\Documents\GitHub\Grupa-3-Verifikovani-i-Validirani-Softverasi\Pijaca\Zadatak 2\bin\Debug\net5.0\fine-code-coverage\build-output
TpTrace Verbose: 0 : 17924, 4, 2021/11/28, 20:50:32.004, 6235658604330, testhost.dll, TestPluginCache.DiscoverTestExtensions: Discovering the extensions using extension path.
TpTrace Verbose: 0 : 17924, 4, 2021/11/28, 20:50:32.005, 6235658607324, testhost.dll, TestPluginCache.GetExtensionPaths: Filtered extension paths: 
TpTrace Verbose: 0 : 17924, 4, 2021/11/28, 20:50:32.005, 6235658608105, testhost.dll, TestPluginCache.GetExtensionPaths: Added default extension paths: C:\Users\Armin\Documents\GitHub\Grupa-3-Verifikovani-i-Validirani-Softverasi\Pijaca\Zadatak 2\bin\Debug\net5.0\fine-code-coverage\build-output\Microsoft.VisualStudio.TestPlatform.MSTest.TestAdapter.dll
TpTrace Verbose: 0 : 17924, 4, 2021/11/28, 20:50:32.005, 6235658608616, testhost.dll, TestPluginCache.GetExtensionPaths: Added unfilterableExtensionPaths: 
TpTrace Verbose: 0 : 17924, 4, 2021/11/28, 20:50:32.005, 6235658609896, testhost.dll, TestPluginCache.DiscoverTestExtensions: Discovering the extensions using allExtensionPaths: C:\Users\Armin\Documents\GitHub\Grupa-3-Verifikovani-i-Validirani-Softverasi\Pijaca\Zadatak 2\bin\Debug\net5.0\fine-code-coverage\build-output\Microsoft.VisualStudio.TestPlatform.MSTest.TestAdapter.dll
TpTrace Information: 0 : 17924, 4, 2021/11/28, 20:50:32.006, 6235658623761, testhost.dll, AssemblyResolver.AddSearchDirectories: Adding more searchDirectories C:\Users\Armin\Documents\GitHub\Grupa-3-Verifikovani-i-Validirani-Softverasi\Pijaca\Zadatak 2\bin\Debug\net5.0\fine-code-coverage\build-output
TpTrace Information: 0 : 17924, 4, 2021/11/28, 20:50:32.014, 6235658704763, testhost.dll, AssemblyResolver.OnResolve: Microsoft.VisualStudio.TestPlatform.MSTest.TestAdapter: Resolving assembly.
TpTrace Information: 0 : 17924, 4, 2021/11/28, 20:50:32.017, 6235658725652, testhost.dll, AssemblyResolver.OnResolve: Resolved assembly: Microsoft.VisualStudio.TestPlatform.MSTest.TestAdapter, from path: C:\Users\Armin\Documents\GitHub\Grupa-3-Verifikovani-i-Validirani-Softverasi\Pijaca\Zadatak 2\bin\Debug\net5.0\fine-code-coverage\build-output\Microsoft.VisualStudio.TestPlatform.MSTest.TestAdapter.dll
TpTrace Verbose: 0 : 17924, 4, 2021/11/28, 20:50:32.023, 6235658786977, testhost.dll, TestPluginCache: Discovered the extensions using extension path ''.
TpTrace Verbose: 0 : 17924, 4, 2021/11/28, 20:50:32.024, 6235658794928, testhost.dll, TestPluginCache: Discoverers are ''.
TpTrace Verbose: 0 : 17924, 4, 2021/11/28, 20:50:32.024, 6235658796768, testhost.dll, TestPluginCache: Executors are 'executor://MSTestAdapter/v2'.
TpTrace Verbose: 0 : 17924, 4, 2021/11/28, 20:50:32.024, 6235658797729, testhost.dll, TestPluginCache: Executors2 are ''.
TpTrace Verbose: 0 : 17924, 4, 2021/11/28, 20:50:32.024, 6235658798535, testhost.dll, TestPluginCache: Setting providers are ''.
TpTrace Verbose: 0 : 17924, 4, 2021/11/28, 20:50:32.024, 6235658799297, testhost.dll, TestPluginCache: Loggers are ''.
TpTrace Verbose: 0 : 17924, 6, 2021/11/28, 20:50:32.026, 6235658817474, testhost.dll, TcpClientExtensions.MessageLoopAsync: Polling on remoteEndPoint: [::ffff:127.0.0.1]:63453 localEndPoint: [::ffff:127.0.0.1]:63454
TpTrace Verbose: 0 : 17924, 4, 2021/11/28, 20:50:32.027, 6235658827672, testhost.dll, TestPluginCache.DiscoverTestExtensions: finding test extensions in assemblies ends with: TestAdapter.dll TPluginInfo: Microsoft.VisualStudio.TestPlatform.Common.ExtensionFramework.Utilities.TestExecutorPluginInformation2 TExtension: Microsoft.VisualStudio.TestPlatform.ObjectModel.Adapter.ITestExecutor2
TpTrace Verbose: 0 : 17924, 4, 2021/11/28, 20:50:32.027, 6235658830900, testhost.dll, TestPluginCache.GetExtensionPaths: Filtered extension paths: 
TpTrace Verbose: 0 : 17924, 4, 2021/11/28, 20:50:32.027, 6235658831752, testhost.dll, TestPluginCache.GetExtensionPaths: Added default extension paths: C:\Users\Armin\Documents\GitHub\Grupa-3-Verifikovani-i-Validirani-Softverasi\Pijaca\Zadatak 2\bin\Debug\net5.0\fine-code-coverage\build-output\Microsoft.VisualStudio.TestPlatform.MSTest.TestAdapter.dll
TpTrace Verbose: 0 : 17924, 4, 2021/11/28, 20:50:32.027, 6235658832126, testhost.dll, TestPluginCache.GetExtensionPaths: Added unfilterableExtensionPaths: 
TpTrace Information: 0 : 17924, 4, 2021/11/28, 20:50:32.027, 6235658834269, testhost.dll, AssemblyResolver.AddSearchDirectories: Adding more searchDirectories C:\Users\Armin\Documents\GitHub\Grupa-3-Verifikovani-i-Validirani-Softverasi\Pijaca\Zadatak 2\bin\Debug\net5.0\fine-code-coverage\build-output
TpTrace Verbose: 0 : 17924, 4, 2021/11/28, 20:50:32.028, 6235658835199, testhost.dll, TestPluginCache.DiscoverTestExtensions: Discovering the extensions using extension path.
TpTrace Verbose: 0 : 17924, 4, 2021/11/28, 20:50:32.028, 6235658835553, testhost.dll, TestPluginCache.GetExtensionPaths: Filtered extension paths: 
TpTrace Verbose: 0 : 17924, 4, 2021/11/28, 20:50:32.028, 6235658835815, testhost.dll, TestPluginCache.GetExtensionPaths: Added default extension paths: C:\Users\Armin\Documents\GitHub\Grupa-3-Verifikovani-i-Validirani-Softverasi\Pijaca\Zadatak 2\bin\Debug\net5.0\fine-code-coverage\build-output\Microsoft.VisualStudio.TestPlatform.MSTest.TestAdapter.dll
TpTrace Verbose: 0 : 17924, 4, 2021/11/28, 20:50:32.028, 6235658836073, testhost.dll, TestPluginCache.GetExtensionPaths: Added unfilterableExtensionPaths: 
TpTrace Verbose: 0 : 17924, 4, 2021/11/28, 20:50:32.028, 6235658837122, testhost.dll, TestPluginCache.DiscoverTestExtensions: Discovering the extensions using allExtensionPaths: C:\Users\Armin\Documents\GitHub\Grupa-3-Verifikovani-i-Validirani-Softverasi\Pijaca\Zadatak 2\bin\Debug\net5.0\fine-code-coverage\build-output\Microsoft.VisualStudio.TestPlatform.MSTest.TestAdapter.dll
TpTrace Information: 0 : 17924, 4, 2021/11/28, 20:50:32.028, 6235658837945, testhost.dll, AssemblyResolver.AddSearchDirectories: Adding more searchDirectories C:\Users\Armin\Documents\GitHub\Grupa-3-Verifikovani-i-Validirani-Softverasi\Pijaca\Zadatak 2\bin\Debug\net5.0\fine-code-coverage\build-output
TpTrace Verbose: 0 : 17924, 4, 2021/11/28, 20:50:32.028, 6235658840882, testhost.dll, TestPluginCache: Discovered the extensions using extension path ''.
TpTrace Verbose: 0 : 17924, 4, 2021/11/28, 20:50:32.028, 6235658841761, testhost.dll, TestPluginCache: Discoverers are ''.
TpTrace Verbose: 0 : 17924, 4, 2021/11/28, 20:50:32.028, 6235658842171, testhost.dll, TestPluginCache: Executors are 'executor://MSTestAdapter/v2'.
TpTrace Verbose: 0 : 17924, 4, 2021/11/28, 20:50:32.028, 6235658842832, testhost.dll, TestPluginCache: Executors2 are ''.
TpTrace Verbose: 0 : 17924, 4, 2021/11/28, 20:50:32.028, 6235658843194, testhost.dll, TestPluginCache: Setting providers are ''.
TpTrace Verbose: 0 : 17924, 4, 2021/11/28, 20:50:32.028, 6235658843482, testhost.dll, TestPluginCache: Loggers are ''.
TpTrace Information: 0 : 17924, 4, 2021/11/28, 20:50:32.035, 6235658909428, testhost.dll, TestPluginManager.CreateTestExtension: Attempting to load test extension: Microsoft.VisualStudio.TestPlatform.MSTest.TestAdapter.MSTestExecutor
TpTrace Verbose: 0 : 17924, 4, 2021/11/28, 20:50:32.044, 6235659000639, testhost.dll, TestExecutorExtensionManager: Loading executor Microsoft.VisualStudio.TestPlatform.MSTest.TestAdapter.MSTestExecutor
TpTrace Verbose: 0 : 17924, 4, 2021/11/28, 20:50:32.044, 6235659002339, testhost.dll, TestExecutorService: Loaded the executors
TpTrace Verbose: 0 : 17924, 4, 2021/11/28, 20:50:32.045, 6235659014607, testhost.dll, TestPluginCache.DiscoverTestExtensions: finding test extensions in assemblies ends with: TestAdapter.dll TPluginInfo: Microsoft.VisualStudio.TestPlatform.Common.ExtensionFramework.Utilities.TestSettingsProviderPluginInformation TExtension: Microsoft.VisualStudio.TestPlatform.ObjectModel.Adapter.ISettingsProvider
TpTrace Verbose: 0 : 17924, 4, 2021/11/28, 20:50:32.046, 6235659016614, testhost.dll, TestPluginCache.GetExtensionPaths: Filtered extension paths: 
TpTrace Verbose: 0 : 17924, 4, 2021/11/28, 20:50:32.046, 6235659019103, testhost.dll, TestPluginCache.GetExtensionPaths: Added default extension paths: C:\Users\Armin\Documents\GitHub\Grupa-3-Verifikovani-i-Validirani-Softverasi\Pijaca\Zadatak 2\bin\Debug\net5.0\fine-code-coverage\build-output\Microsoft.VisualStudio.TestPlatform.MSTest.TestAdapter.dll
TpTrace Verbose: 0 : 17924, 4, 2021/11/28, 20:50:32.046, 6235659020055, testhost.dll, TestPluginCache.GetExtensionPaths: Added unfilterableExtensionPaths: 
TpTrace Information: 0 : 17924, 4, 2021/11/28, 20:50:32.046, 6235659022369, testhost.dll, AssemblyResolver.AddSearchDirectories: Adding more searchDirectories C:\Users\Armin\Documents\GitHub\Grupa-3-Verifikovani-i-Validirani-Softverasi\Pijaca\Zadatak 2\bin\Debug\net5.0\fine-code-coverage\build-output
TpTrace Verbose: 0 : 17924, 4, 2021/11/28, 20:50:32.046, 6235659023444, testhost.dll, TestPluginCache.DiscoverTestExtensions: Discovering the extensions using extension path.
TpTrace Verbose: 0 : 17924, 4, 2021/11/28, 20:50:32.047, 6235659025007, testhost.dll, TestPluginCache.GetExtensionPaths: Filtered extension paths: 
TpTrace Verbose: 0 : 17924, 4, 2021/11/28, 20:50:32.047, 6235659026332, testhost.dll, TestPluginCache.GetExtensionPaths: Added default extension paths: C:\Users\Armin\Documents\GitHub\Grupa-3-Verifikovani-i-Validirani-Softverasi\Pijaca\Zadatak 2\bin\Debug\net5.0\fine-code-coverage\build-output\Microsoft.VisualStudio.TestPlatform.MSTest.TestAdapter.dll
TpTrace Verbose: 0 : 17924, 4, 2021/11/28, 20:50:32.047, 6235659027541, testhost.dll, TestPluginCache.GetExtensionPaths: Added unfilterableExtensionPaths: 
TpTrace Verbose: 0 : 17924, 4, 2021/11/28, 20:50:32.047, 6235659027956, testhost.dll, TestPluginCache.DiscoverTestExtensions: Discovering the extensions using allExtensionPaths: C:\Users\Armin\Documents\GitHub\Grupa-3-Verifikovani-i-Validirani-Softverasi\Pijaca\Zadatak 2\bin\Debug\net5.0\fine-code-coverage\build-output\Microsoft.VisualStudio.TestPlatform.MSTest.TestAdapter.dll
TpTrace Information: 0 : 17924, 4, 2021/11/28, 20:50:32.047, 6235659028467, testhost.dll, AssemblyResolver.AddSearchDirectories: Adding more searchDirectories C:\Users\Armin\Documents\GitHub\Grupa-3-Verifikovani-i-Validirani-Softverasi\Pijaca\Zadatak 2\bin\Debug\net5.0\fine-code-coverage\build-output
TpTrace Verbose: 0 : 17924, 4, 2021/11/28, 20:50:32.047, 6235659031163, testhost.dll, TestPluginCache: Discovered the extensions using extension path ''.
TpTrace Verbose: 0 : 17924, 4, 2021/11/28, 20:50:32.047, 6235659032348, testhost.dll, TestPluginCache: Discoverers are ''.
TpTrace Verbose: 0 : 17924, 4, 2021/11/28, 20:50:32.047, 6235659032808, testhost.dll, TestPluginCache: Executors are 'executor://MSTestAdapter/v2'.
TpTrace Verbose: 0 : 17924, 4, 2021/11/28, 20:50:32.047, 6235659033109, testhost.dll, TestPluginCache: Executors2 are ''.
TpTrace Verbose: 0 : 17924, 4, 2021/11/28, 20:50:32.047, 6235659033522, testhost.dll, TestPluginCache: Setting providers are ''.
TpTrace Verbose: 0 : 17924, 4, 2021/11/28, 20:50:32.047, 6235659034007, testhost.dll, TestPluginCache: Loggers are ''.
TpTrace Verbose: 0 : 17924, 4, 2021/11/28, 20:50:32.048, 6235659044726, testhost.dll, TestExecutorService: Loaded the settings providers
TpTrace Information: 0 : 17924, 4, 2021/11/28, 20:50:32.049, 6235659046389, testhost.dll, TestExecutorService: Loaded the extensions
TpTrace Information: 0 : 17924, 4, 2021/11/28, 20:50:32.117, 6235659725343, testhost.dll, TestDiscoveryManager: Discovering tests from sources C:\Users\Armin\Documents\GitHub\Grupa-3-Verifikovani-i-Validirani-Softverasi\Pijaca\Zadatak 2\bin\Debug\net5.0\fine-code-coverage\build-output\Zadatak 2.dll
TpTrace Verbose: 0 : 17924, 4, 2021/11/28, 20:50:32.118, 6235659743617, testhost.dll, TestPluginCache.DiscoverTestExtensions: finding test extensions in assemblies ends with: TestAdapter.dll TPluginInfo: Microsoft.VisualStudio.TestPlatform.Common.ExtensionFramework.Utilities.TestDiscovererPluginInformation TExtension: Microsoft.VisualStudio.TestPlatform.ObjectModel.Adapter.ITestDiscoverer
TpTrace Verbose: 0 : 17924, 4, 2021/11/28, 20:50:32.119, 6235659745682, testhost.dll, TestPluginCache.GetExtensionPaths: Filtered extension paths: 
TpTrace Verbose: 0 : 17924, 4, 2021/11/28, 20:50:32.119, 6235659746351, testhost.dll, TestPluginCache.GetExtensionPaths: Added default extension paths: C:\Users\Armin\Documents\GitHub\Grupa-3-Verifikovani-i-Validirani-Softverasi\Pijaca\Zadatak 2\bin\Debug\net5.0\fine-code-coverage\build-output\Microsoft.VisualStudio.TestPlatform.MSTest.TestAdapter.dll
TpTrace Verbose: 0 : 17924, 4, 2021/11/28, 20:50:32.119, 6235659746701, testhost.dll, TestPluginCache.GetExtensionPaths: Added unfilterableExtensionPaths: 
TpTrace Information: 0 : 17924, 4, 2021/11/28, 20:50:32.119, 6235659748669, testhost.dll, AssemblyResolver.AddSearchDirectories: Adding more searchDirectories C:\Users\Armin\Documents\GitHub\Grupa-3-Verifikovani-i-Validirani-Softverasi\Pijaca\Zadatak 2\bin\Debug\net5.0\fine-code-coverage\build-output
TpTrace Verbose: 0 : 17924, 4, 2021/11/28, 20:50:32.119, 6235659750394, testhost.dll, TestPluginCache.DiscoverTestExtensions: Discovering the extensions using extension path.
TpTrace Verbose: 0 : 17924, 4, 2021/11/28, 20:50:32.119, 6235659750732, testhost.dll, TestPluginCache.GetExtensionPaths: Filtered extension paths: 
TpTrace Verbose: 0 : 17924, 4, 2021/11/28, 20:50:32.119, 6235659751076, testhost.dll, TestPluginCache.GetExtensionPaths: Added default extension paths: C:\Users\Armin\Documents\GitHub\Grupa-3-Verifikovani-i-Validirani-Softverasi\Pijaca\Zadatak 2\bin\Debug\net5.0\fine-code-coverage\build-output\Microsoft.VisualStudio.TestPlatform.MSTest.TestAdapter.dll
TpTrace Verbose: 0 : 17924, 4, 2021/11/28, 20:50:32.119, 6235659752249, testhost.dll, TestPluginCache.GetExtensionPaths: Added unfilterableExtensionPaths: 
TpTrace Verbose: 0 : 17924, 4, 2021/11/28, 20:50:32.119, 6235659752598, testhost.dll, TestPluginCache.DiscoverTestExtensions: Discovering the extensions using allExtensionPaths: C:\Users\Armin\Documents\GitHub\Grupa-3-Verifikovani-i-Validirani-Softverasi\Pijaca\Zadatak 2\bin\Debug\net5.0\fine-code-coverage\build-output\Microsoft.VisualStudio.TestPlatform.MSTest.TestAdapter.dll
TpTrace Information: 0 : 17924, 4, 2021/11/28, 20:50:32.119, 6235659753013, testhost.dll, AssemblyResolver.AddSearchDirectories: Adding more searchDirectories C:\Users\Armin\Documents\GitHub\Grupa-3-Verifikovani-i-Validirani-Softverasi\Pijaca\Zadatak 2\bin\Debug\net5.0\fine-code-coverage\build-output
TpTrace Verbose: 0 : 17924, 4, 2021/11/28, 20:50:32.122, 6235659778485, testhost.dll, TestPluginCache: Discovered the extensions using extension path ''.
TpTrace Verbose: 0 : 17924, 4, 2021/11/28, 20:50:32.122, 6235659780118, testhost.dll, TestPluginCache: Discoverers are 'Microsoft.VisualStudio.TestPlatform.MSTest.TestAdapter.MSTestDiscoverer, Microsoft.VisualStudio.TestPlatform.MSTest.TestAdapter, Version=14.0.0.0, Culture=neutral, PublicKeyToken=b03f5f7f11d50a3a'.
TpTrace Verbose: 0 : 17924, 4, 2021/11/28, 20:50:32.122, 6235659780564, testhost.dll, TestPluginCache: Executors are 'executor://MSTestAdapter/v2'.
TpTrace Verbose: 0 : 17924, 4, 2021/11/28, 20:50:32.122, 6235659780898, testhost.dll, TestPluginCache: Executors2 are ''.
TpTrace Verbose: 0 : 17924, 4, 2021/11/28, 20:50:32.122, 6235659781761, testhost.dll, TestPluginCache: Setting providers are ''.
TpTrace Verbose: 0 : 17924, 4, 2021/11/28, 20:50:32.122, 6235659782129, testhost.dll, TestPluginCache: Loggers are ''.
TpTrace Verbose: 0 : 17924, 4, 2021/11/28, 20:50:32.127, 6235659833768, testhost.dll, BaseRunTests.RunTestInternalWithExecutors: Running tests for executor://MSTestAdapter/v2
TpTrace Information: 0 : 17924, 4, 2021/11/28, 20:50:32.128, 6235659838595, testhost.dll, AssemblyResolver.OnResolve: Microsoft.VisualStudio.TestPlatform.MSTestAdapter.PlatformServices.Interface: Resolving assembly.
TpTrace Information: 0 : 17924, 4, 2021/11/28, 20:50:32.129, 6235659846420, testhost.dll, AssemblyResolver.OnResolve: Resolved assembly: Microsoft.VisualStudio.TestPlatform.MSTestAdapter.PlatformServices.Interface, from path: C:\Users\Armin\Documents\GitHub\Grupa-3-Verifikovani-i-Validirani-Softverasi\Pijaca\Zadatak 2\bin\Debug\net5.0\fine-code-coverage\build-output\Microsoft.VisualStudio.TestPlatform.MSTestAdapter.PlatformServices.Interface.dll
TpTrace Information: 0 : 17924, 4, 2021/11/28, 20:50:32.130, 6235659856662, testhost.dll, AssemblyResolver.OnResolve: Microsoft.VisualStudio.TestPlatform.MSTestAdapter.PlatformServices: Resolving assembly.
TpTrace Information: 0 : 17924, 4, 2021/11/28, 20:50:32.130, 6235659863922, testhost.dll, AssemblyResolver.OnResolve: Resolved assembly: Microsoft.VisualStudio.TestPlatform.MSTestAdapter.PlatformServices, from path: C:\Users\Armin\Documents\GitHub\Grupa-3-Verifikovani-i-Validirani-Softverasi\Pijaca\Zadatak 2\bin\Debug\net5.0\fine-code-coverage\build-output\Microsoft.VisualStudio.TestPlatform.MSTestAdapter.PlatformServices.dll
TpTrace Information: 0 : 17924, 4, 2021/11/28, 20:50:32.131, 6235659870012, testhost.dll, MSTest - MSTestExecutor.RunTests: Running tests from sources.
TpTrace Information: 0 : 17924, 4, 2021/11/28, 20:50:32.134, 6235659900915, testhost.dll, MSTest - CollectSourceInformation value Found : False 
TpTrace Information: 0 : 17924, 4, 2021/11/28, 20:50:32.149, 6235660053149, testhost.dll, AssemblyResolver.OnResolve: Microsoft.TestPlatform.AdapterUtilities: Resolving assembly.
TpTrace Information: 0 : 17924, 4, 2021/11/28, 20:50:32.150, 6235660062716, testhost.dll, AssemblyResolver.OnResolve: Resolved assembly: Microsoft.TestPlatform.AdapterUtilities, from path: C:\Users\Armin\Documents\GitHub\Grupa-3-Verifikovani-i-Validirani-Softverasi\Pijaca\Zadatak 2\bin\Debug\net5.0\fine-code-coverage\build-output\Microsoft.TestPlatform.AdapterUtilities.dll
TpTrace Information: 0 : 17924, 4, 2021/11/28, 20:50:32.160, 6235660155071, testhost.dll, MSTest - MSTestDiscoverer: Found 5 tests from source C:\Users\Armin\Documents\GitHub\Grupa-3-Verifikovani-i-Validirani-Softverasi\Pijaca\Zadatak 2\bin\Debug\net5.0\fine-code-coverage\build-output\Zadatak 2.dll
TpTrace Information: 0 : 17924, 4, 2021/11/28, 20:50:32.172, 6235660278352, testhost.dll, AssemblyResolver.OnResolve: Microsoft.VisualStudio.TestPlatform.MSTestAdapter.PlatformServices.resources: Resolving assembly.
TpTrace Information: 0 : 17924, 4, 2021/11/28, 20:50:32.172, 6235660281135, testhost.dll, AssemblyResolver.OnResolve: Microsoft.VisualStudio.TestPlatform.MSTestAdapter.PlatformServices.resources: Failed to load assembly.
TpTrace Information: 0 : 17924, 4, 2021/11/28, 20:50:32.172, 6235660284843, testhost.dll, AssemblyResolver.OnResolve: Microsoft.VisualStudio.TestPlatform.MSTestAdapter.PlatformServices.resources: Resolving assembly.
TpTrace Information: 0 : 17924, 4, 2021/11/28, 20:50:32.173, 6235660285394, testhost.dll, AssemblyResolver.OnResolve: Microsoft.VisualStudio.TestPlatform.MSTestAdapter.PlatformServices.resources: Resolved from cache.
TpTrace Information: 0 : 17924, 4, 2021/11/28, 20:50:32.183, 6235660386960, testhost.dll, MSTest - Created unit-test runner C:\Users\Armin\Documents\GitHub\Grupa-3-Verifikovani-i-Validirani-Softverasi\Pijaca\Zadatak 2\bin\Debug\net5.0\fine-code-coverage\build-output\Zadatak 2.dll
TpTrace Verbose: 0 : 17924, 4, 2021/11/28, 20:50:32.186, 6235660419629, testhost.dll, TestExecutionRecorder.RecordStart: Starting test: Zadatak_2.TDD.TestZamjenskiObjekat.
TpTrace Information: 0 : 17924, 4, 2021/11/28, 20:50:32.246, 6235661023741, testhost.dll, MSTest - Executing test TestZamjenskiObjekat
TpTrace Information: 0 : 17924, 4, 2021/11/28, 20:50:32.284, 6235661400842, testhost.dll, MSTest - Executed test TestZamjenskiObjekat
TpTrace Verbose: 0 : 17924, 4, 2021/11/28, 20:50:32.288, 6235661435782, testhost.dll, TestExecutionRecorder.RecordEnd: test: Zadatak_2.TDD.TestZamjenskiObjekat execution completed.
TpTrace Verbose: 0 : 17924, 4, 2021/11/28, 20:50:32.305, 6235661606064, testhost.dll, TestExecutionRecorder.RecordResult: Received result for test: Zadatak_2.TDD.TestZamjenskiObjekat.
TpTrace Warning: 0 : 17924, 4, 2021/11/28, 20:50:32.309, 6235661647318, testhost.dll, TestRunCache: InProgressTests is null
TpTrace Warning: 0 : 17924, 4, 2021/11/28, 20:50:32.309, 6235661649245, testhost.dll, TestRunCache: No test found corresponding to testResult '' in inProgress list.
TpTrace Verbose: 0 : 17924, 4, 2021/11/28, 20:50:32.309, 6235661650336, testhost.dll, TestExecutionRecorder.RecordStart: Starting test: Zadatak_2.TDD.DodavanjeMesnihProizvoda.
TpTrace Information: 0 : 17924, 4, 2021/11/28, 20:50:32.310, 6235661663922, testhost.dll, MSTest - Executing test DodavanjeMesnihProizvoda
TpTrace Information: 0 : 17924, 4, 2021/11/28, 20:50:32.317, 6235661734537, testhost.dll, MSTest - Executed test DodavanjeMesnihProizvoda
TpTrace Verbose: 0 : 17924, 4, 2021/11/28, 20:50:32.318, 6235661736171, testhost.dll, TestExecutionRecorder.RecordEnd: test: Zadatak_2.TDD.DodavanjeMesnihProizvoda execution completed.
TpTrace Verbose: 0 : 17924, 4, 2021/11/28, 20:50:32.319, 6235661749559, testhost.dll, TestExecutionRecorder.RecordResult: Received result for test: Zadatak_2.TDD.DodavanjeMesnihProizvoda.
TpTrace Warning: 0 : 17924, 4, 2021/11/28, 20:50:32.319, 6235661750527, testhost.dll, TestRunCache: InProgressTests is null
TpTrace Warning: 0 : 17924, 4, 2021/11/28, 20:50:32.319, 6235661750854, testhost.dll, TestRunCache: No test found corresponding to testResult '' in inProgress list.
TpTrace Verbose: 0 : 17924, 4, 2021/11/28, 20:50:32.319, 6235661751436, testhost.dll, TestExecutionRecorder.RecordStart: Starting test: Zadatak_2.TDD.DodavanjeVoćaIBrisanje.
TpTrace Information: 0 : 17924, 4, 2021/11/28, 20:50:32.320, 6235661761543, testhost.dll, MSTest - Executing test DodavanjeVoćaIBrisanje
TpTrace Information: 0 : 17924, 4, 2021/11/28, 20:50:32.321, 6235661770128, testhost.dll, MSTest - Executed test DodavanjeVoćaIBrisanje
TpTrace Verbose: 0 : 17924, 4, 2021/11/28, 20:50:32.321, 6235661770931, testhost.dll, TestExecutionRecorder.RecordEnd: test: Zadatak_2.TDD.DodavanjeVoćaIBrisanje execution completed.
TpTrace Verbose: 0 : 17924, 4, 2021/11/28, 20:50:32.326, 6235661818227, testhost.dll, TestExecutionRecorder.RecordResult: Received result for test: Zadatak_2.TDD.DodavanjeVoćaIBrisanje.
TpTrace Warning: 0 : 17924, 4, 2021/11/28, 20:50:32.326, 6235661819230, testhost.dll, TestRunCache: InProgressTests is null
TpTrace Warning: 0 : 17924, 4, 2021/11/28, 20:50:32.326, 6235661819544, testhost.dll, TestRunCache: No test found corresponding to testResult '' in inProgress list.
TpTrace Verbose: 0 : 17924, 4, 2021/11/28, 20:50:32.326, 6235661820229, testhost.dll, TestExecutionRecorder.RecordStart: Starting test: Zadatak_2.TDD.NepodržaniTipDodavanja.
TpTrace Information: 0 : 17924, 4, 2021/11/28, 20:50:32.328, 6235661839834, testhost.dll, MSTest - Executing test NepodržaniTipDodavanja
TpTrace Information: 0 : 17924, 4, 2021/11/28, 20:50:32.330, 6235661860744, testhost.dll, MSTest - Executed test NepodržaniTipDodavanja
TpTrace Verbose: 0 : 17924, 4, 2021/11/28, 20:50:32.330, 6235661862747, testhost.dll, TestExecutionRecorder.RecordEnd: test: Zadatak_2.TDD.NepodržaniTipDodavanja execution completed.
TpTrace Verbose: 0 : 17924, 4, 2021/11/28, 20:50:32.333, 6235661885081, testhost.dll, TestExecutionRecorder.RecordResult: Received result for test: Zadatak_2.TDD.NepodržaniTipDodavanja.
TpTrace Warning: 0 : 17924, 4, 2021/11/28, 20:50:32.333, 6235661886374, testhost.dll, TestRunCache: InProgressTests is null
TpTrace Warning: 0 : 17924, 4, 2021/11/28, 20:50:32.333, 6235661886755, testhost.dll, TestRunCache: No test found corresponding to testResult '' in inProgress list.
TpTrace Verbose: 0 : 17924, 4, 2021/11/28, 20:50:32.333, 6235661888458, testhost.dll, TestExecutionRecorder.RecordStart: Starting test: Zadatak_2.TDD.NemogućeDodavanjeUzBrisanje.
TpTrace Information: 0 : 17924, 4, 2021/11/28, 20:50:32.334, 6235661901329, testhost.dll, MSTest - Executing test NemogućeDodavanjeUzBrisanje
TpTrace Information: 0 : 17924, 4, 2021/11/28, 20:50:32.335, 6235661910420, testhost.dll, MSTest - Executed test NemogućeDodavanjeUzBrisanje
TpTrace Verbose: 0 : 17924, 4, 2021/11/28, 20:50:32.335, 6235661911424, testhost.dll, TestExecutionRecorder.RecordEnd: test: Zadatak_2.TDD.NemogućeDodavanjeUzBrisanje execution completed.
TpTrace Verbose: 0 : 17924, 4, 2021/11/28, 20:50:32.336, 6235661924519, testhost.dll, TestExecutionRecorder.RecordResult: Received result for test: Zadatak_2.TDD.NemogućeDodavanjeUzBrisanje.
TpTrace Warning: 0 : 17924, 4, 2021/11/28, 20:50:32.337, 6235661926001, testhost.dll, TestRunCache: InProgressTests is null
TpTrace Warning: 0 : 17924, 4, 2021/11/28, 20:50:32.337, 6235661926314, testhost.dll, TestRunCache: No test found corresponding to testResult '' in inProgress list.
TpTrace Information: 0 : 17924, 4, 2021/11/28, 20:50:32.337, 6235661928398, testhost.dll, MSTest - Executing cleanup methods.
TpTrace Information: 0 : 17924, 4, 2021/11/28, 20:50:32.338, 6235661940766, testhost.dll, MSTest - Executed cleanup methods.
TpTrace Information: 0 : 17924, 4, 2021/11/28, 20:50:32.338, 6235661941475, testhost.dll, MSTest - Executed tests belonging to source C:\Users\Armin\Documents\GitHub\Grupa-3-Verifikovani-i-Validirani-Softverasi\Pijaca\Zadatak 2\bin\Debug\net5.0\fine-code-coverage\build-output\Zadatak 2.dll
TpTrace Information: 0 : 17924, 4, 2021/11/28, 20:50:32.338, 6235661943471, testhost.dll, Deleting deployment directory C:\Users\Armin\Documents\GitHub\Grupa-3-Verifikovani-i-Validirani-Softverasi\Pijaca\Zadatak 2\bin\Debug\net5.0\fine-code-coverage\coverage-tool-output\Deploy_Armin 2021-11-28 20_50_32
TpTrace Information: 0 : 17924, 4, 2021/11/28, 20:50:32.341, 6235661966492, testhost.dll, Deleted deployment directory C:\Users\Armin\Documents\GitHub\Grupa-3-Verifikovani-i-Validirani-Softverasi\Pijaca\Zadatak 2\bin\Debug\net5.0\fine-code-coverage\coverage-tool-output\Deploy_Armin 2021-11-28 20_50_32
TpTrace Verbose: 0 : 17924, 4, 2021/11/28, 20:50:32.342, 6235661975356, testhost.dll, BaseRunTests.RunTestInternalWithExecutors: Completed running tests for executor://MSTestAdapter/v2
TpTrace Information: 0 : 17924, 4, 2021/11/28, 20:50:32.346, 6235662017216, testhost.dll, Sending test run complete
TpTrace Verbose: 0 : 17924, 4, 2021/11/28, 20:50:32.380, 6235662358354, testhost.dll, TestRequestHandler.SendData:  sending data from testhost: {"Version":5,"MessageType":"TestExecution.Completed","Payload":{"TestRunCompleteArgs":{"TestRunStatistics":{"ExecutedTests":5,"Stats":{"Passed":5}},"IsCanceled":false,"IsAborted":false,"Error":null,"AttachmentSets":[],"ElapsedTimeInRunningTests":"00:00:00.2178578","Metrics":{}},"LastRunTests":{"NewTestResults":[{"TestCase":{"Id":"cd075b4d-61b2-de77-403b-0cfb69a56f47","FullyQualifiedName":"Zadatak_2.TDD.TestZamjenskiObjekat","DisplayName":"TestZamjenskiObjekat","ExecutorUri":"executor://MSTestAdapter/v2","Source":"C:\\Users\\Armin\\Documents\\GitHub\\Grupa-3-Verifikovani-i-Validirani-Softverasi\\Pijaca\\Zadatak 2\\bin\\Debug\\net5.0\\fine-code-coverage\\build-output\\Zadatak 2.dll","CodeFilePath":null,"LineNumber":-1,"Properties":[{"Key":{"Id":"TestCase.ManagedType","Label":"ManagedType","Category":"","Description":"","Attributes":1,"ValueType":"System.String"},"Value":"Zadatak_2.TDD"},{"Key":{"Id":"TestCase.ManagedMethod","Label":"ManagedMethod","Category":"","Description":"","Attributes":1,"ValueType":"System.String"},"Value":"TestZamjenskiObjekat"},{"Key":{"Id":"MSTestDiscoverer.TestClassName","Label":"ClassName","Category":"","Description":"","Attributes":1,"ValueType":"System.String"},"Value":"Zadatak_2.TDD"},{"Key":{"Id":"TestObject.Traits","Label":"Traits","Category":"","Description":"","Attributes":5,"ValueType":"System.Collections.Generic.KeyValuePair`2[[System.String],[System.String]][]"},"Value":[]}]},"Attachments":[],"Outcome":1,"ErrorMessage":null,"ErrorStackTrace":null,"DisplayName":null,"Messages":[],"ComputerName":null,"Duration":"00:00:00.0077044","StartTime":"2021-11-28T20:50:32.246784+01:00","EndTime":"2021-11-28T20:50:32.2847418+01:00","Properties":[{"Key":{"Id":"ExecutionId","Label":"ExecutionId","Category":"","Description":"","Attributes":1,"ValueType":"System.Guid"},"Value":"00000000-0000-0000-0000-000000000000"},{"Key":{"Id":"ParentExecId","Label":"ParentExecId","Category":"","Description":"","Attributes":1,"ValueType":"System.Guid"},"Value":"00000000-0000-0000-0000-000000000000"},{"Key":{"Id":"InnerResultsCount","Label":"InnerResultsCount","Category":"","Description":"","Attributes":1,"ValueType":"System.Int32"},"Value":0}]},{"TestCase":{"Id":"3a1d8414-af96-8075-3e91-63006d286d73","FullyQualifiedName":"Zadatak_2.TDD.DodavanjeMesnihProizvoda","DisplayName":"DodavanjeMesnihProizvoda","ExecutorUri":"executor://MSTestAdapter/v2","Source":"C:\\Users\\Armin\\Documents\\GitHub\\Grupa-3-Verifikovani-i-Validirani-Softverasi\\Pijaca\\Zadatak 2\\bin\\Debug\\net5.0\\fine-code-coverage\\build-output\\Zadatak 2.dll","CodeFilePath":null,"LineNumber":-1,"Properties":[{"Key":{"Id":"TestCase.ManagedType","Label":"ManagedType","Category":"","Description":"","Attributes":1,"ValueType":"System.String"},"Value":"Zadatak_2.TDD"},{"Key":{"Id":"TestCase.ManagedMethod","Label":"ManagedMethod","Category":"","Description":"","Attributes":1,"ValueType":"System.String"},"Value":"DodavanjeMesnihProizvoda"},{"Key":{"Id":"MSTestDiscoverer.TestClassName","Label":"ClassName","Category":"","Description":"","Attributes":1,"ValueType":"System.String"},"Value":"Zadatak_2.TDD"},{"Key":{"Id":"TestObject.Traits","Label":"Traits","Category":"","Description":"","Attributes":5,"ValueType":"System.Collections.Generic.KeyValuePair`2[[System.String],[System.String]][]"},"Value":[]}]},"Attachments":[],"Outcome":1,"ErrorMessage":null,"ErrorStackTrace":null,"DisplayName":null,"Messages":[],"ComputerName":null,"Duration":"00:00:00.0066881","StartTime":"2021-11-28T20:50:32.3108962+01:00","EndTime":"2021-11-28T20:50:32.3181132+01:00","Properties":[{"Key":{"Id":"ExecutionId","Label":"ExecutionId","Category":"","Description":"","Attributes":1,"ValueType":"System.Guid"},"Value":"00000000-0000-0000-0000-000000000000"},{"Key":{"Id":"ParentExecId","Label":"ParentExecId","Category":"","Description":"","Attributes":1,"ValueType":"System.Guid"},"Value":"00000000-0000-0000-0000-000000000000"},{"Key":{"Id":"InnerResultsCount","Label":"InnerResultsCount","Category":"","Description":"","Attributes":1,"ValueType":"System.Int32"},"Value":0}]},{"TestCase":{"Id":"3f4528f8-6f76-6b66-8987-b10996504e89","FullyQualifiedName":"Zadatak_2.TDD.DodavanjeVoćaIBrisanje","DisplayName":"DodavanjeVoćaIBrisanje","ExecutorUri":"executor://MSTestAdapter/v2","Source":"C:\\Users\\Armin\\Documents\\GitHub\\Grupa-3-Verifikovani-i-Validirani-Softverasi\\Pijaca\\Zadatak 2\\bin\\Debug\\net5.0\\fine-code-coverage\\build-output\\Zadatak 2.dll","CodeFilePath":null,"LineNumber":-1,"Properties":[{"Key":{"Id":"TestCase.ManagedType","Label":"ManagedType","Category":"","Description":"","Attributes":1,"ValueType":"System.String"},"Value":"Zadatak_2.TDD"},{"Key":{"Id":"TestCase.ManagedMethod","Label":"ManagedMethod","Category":"","Description":"","Attributes":1,"ValueType":"System.String"},"Value":"DodavanjeVoćaIBrisanje"},{"Key":{"Id":"MSTestDiscoverer.TestClassName","Label":"ClassName","Category":"","Description":"","Attributes":1,"ValueType":"System.String"},"Value":"Zadatak_2.TDD"},{"Key":{"Id":"TestObject.Traits","Label":"Traits","Category":"","Description":"","Attributes":5,"ValueType":"System.Collections.Generic.KeyValuePair`2[[System.String],[System.String]][]"},"Value":[]}]},"Attachments":[],"Outcome":1,"ErrorMessage":null,"ErrorStackTrace":null,"DisplayName":null,"Messages":[],"ComputerName":null,"Duration":"00:00:00.0006442","StartTime":"2021-11-28T20:50:32.3206618+01:00","EndTime":"2021-11-28T20:50:32.3215999+01:00","Properties":[{"Key":{"Id":"ExecutionId","Label":"ExecutionId","Category":"","Description":"","Attributes":1,"ValueType":"System.Guid"},"Value":"00000000-0000-0000-0000-000000000000"},{"Key":{"Id":"ParentExecId","Label":"ParentExecId","Category":"","Description":"","Attributes":1,"ValueType":"System.Guid"},"Value":"00000000-0000-0000-0000-000000000000"},{"Key":{"Id":"InnerResultsCount","Label":"InnerResultsCount","Category":"","Description":"","Attributes":1,"ValueType":"System.Int32"},"Value":0}]},{"TestCase":{"Id":"94f032db-9346-302f-6689-ffa07b4ffe55","FullyQualifiedName":"Zadatak_2.TDD.NepodržaniTipDodavanja","DisplayName":"NepodržaniTipDodavanja","ExecutorUri":"executor://MSTestAdapter/v2","Source":"C:\\Users\\Armin\\Documents\\GitHub\\Grupa-3-Verifikovani-i-Validirani-Softverasi\\Pijaca\\Zadatak 2\\bin\\Debug\\net5.0\\fine-code-coverage\\build-output\\Zadatak 2.dll","CodeFilePath":null,"LineNumber":-1,"Properties":[{"Key":{"Id":"TestCase.ManagedType","Label":"ManagedType","Category":"","Description":"","Attributes":1,"ValueType":"System.String"},"Value":"Zadatak_2.TDD"},{"Key":{"Id":"TestCase.ManagedMethod","Label":"ManagedMethod","Category":"","Description":"","Attributes":1,"ValueType":"System.String"},"Value":"NepodržaniTipDodavanja"},{"Key":{"Id":"MSTestDiscoverer.TestClassName","Label":"ClassName","Category":"","Description":"","Attributes":1,"ValueType":"System.String"},"Value":"Zadatak_2.TDD"},{"Key":{"Id":"TestObject.Traits","Label":"Traits","Category":"","Description":"","Attributes":5,"ValueType":"System.Collections.Generic.KeyValuePair`2[[System.String],[System.String]][]"},"Value":[]}]},"Attachments":[],"Outcome":1,"ErrorMessage":null,"ErrorStackTrace":null,"DisplayName":null,"Messages":[],"ComputerName":null,"Duration":"00:00:00.0017664","StartTime":"2021-11-28T20:50:32.328485+01:00","EndTime":"2021-11-28T20:50:32.3307628+01:00","Properties":[{"Key":{"Id":"ExecutionId","Label":"ExecutionId","Category":"","Description":"","Attributes":1,"ValueType":"System.Guid"},"Value":"00000000-0000-0000-0000-000000000000"},{"Key":{"Id":"ParentExecId","Label":"ParentExecId","Category":"","Description":"","Attributes":1,"ValueType":"System.Guid"},"Value":"00000000-0000-0000-0000-000000000000"},{"Key":{"Id":"InnerResultsCount","Label":"InnerResultsCount","Category":"","Description":"","Attributes":1,"ValueType":"System.Int32"},"Value":0}]},{"TestCase":{"Id":"0e86f05c-b4ae-450e-5451-e8f8450dc484","FullyQualifiedName":"Zadatak_2.TDD.NemogućeDodavanjeUzBrisanje","DisplayName":"NemogućeDodavanjeUzBrisanje","ExecutorUri":"executor://MSTestAdapter/v2","Source":"C:\\Users\\Armin\\Documents\\GitHub\\Grupa-3-Verifikovani-i-Validirani-Softverasi\\Pijaca\\Zadatak 2\\bin\\Debug\\net5.0\\fine-code-coverage\\build-output\\Zadatak 2.dll","CodeFilePath":null,"LineNumber":-1,"Properties":[{"Key":{"Id":"TestCase.ManagedType","Label":"ManagedType","Category":"","Description":"","Attributes":1,"ValueType":"System.String"},"Value":"Zadatak_2.TDD"},{"Key":{"Id":"TestCase.ManagedMethod","Label":"ManagedMethod","Category":"","Description":"","Attributes":1,"ValueType":"System.String"},"Value":"NemogućeDodavanjeUzBrisanje"},{"Key":{"Id":"MSTestDiscoverer.TestClassName","Label":"ClassName","Category":"","Description":"","Attributes":1,"ValueType":"System.String"},"Value":"Zadatak_2.TDD"},{"Key":{"Id":"TestObject.Traits","Label":"Traits","Category":"","Description":"","Attributes":5,"ValueType":"System.Collections.Generic.KeyValuePair`2[[System.String],[System.String]][]"},"Value":[]}]},"Attachments":[],"Outcome":1,"ErrorMessage":null,"ErrorStackTrace":null,"DisplayName":null,"Messages":[],"ComputerName":null,"Duration":"00:00:00.0006665","StartTime":"2021-11-28T20:50:32.3346363+01:00","EndTime":"2021-11-28T20:50:32.3356495+01:00","Properties":[{"Key":{"Id":"ExecutionId","Label":"ExecutionId","Category":"","Description":"","Attributes":1,"ValueType":"System.Guid"},"Value":"00000000-0000-0000-0000-000000000000"},{"Key":{"Id":"ParentExecId","Label":"ParentExecId","Category":"","Description":"","Attributes":1,"ValueType":"System.Guid"},"Value":"00000000-0000-0000-0000-000000000000"},{"Key":{"Id":"InnerResultsCount","Label":"InnerResultsCount","Category":"","Description":"","Attributes":1,"ValueType":"System.Int32"},"Value":0}]}],"TestRunStatistics":{"ExecutedTests":5,"Stats":{"Passed":5}},"ActiveTests":[]},"RunAttachments":[],"ExecutorUris":["executor://mstestadapter/v2"]}}
TpTrace Verbose: 0 : 17924, 4, 2021/11/28, 20:50:32.382, 6235662375222, testhost.dll, BaseRunTests.RunTests: Run is complete.
TpTrace Verbose: 0 : 17924, 6, 2021/11/28, 20:50:32.384, 6235662398823, testhost.dll, TcpClientExtensions.MessageLoopAsync: NotifyDataAvailable remoteEndPoint: [::ffff:127.0.0.1]:63453 localEndPoint: [::ffff:127.0.0.1]:63454
TpTrace Information: 0 : 17924, 6, 2021/11/28, 20:50:32.384, 6235662401201, testhost.dll, TestRequestHandler.ProcessRequests: received message: (TestSession.Terminate) -> null
TpTrace Information: 0 : 17924, 6, 2021/11/28, 20:50:32.384, 6235662401586, testhost.dll, Session End message received from server. Closing the connection.
TpTrace Information: 0 : 17924, 6, 2021/11/28, 20:50:32.385, 6235662405605, testhost.dll, SocketClient.Stop: Stop communication from server endpoint: 127.0.0.1:063453
TpTrace Information: 0 : 17924, 6, 2021/11/28, 20:50:32.385, 6235662406358, testhost.dll, SocketClient: Stop: Cancellation requested. Stopping message loop.
TpTrace Verbose: 0 : 17924, 6, 2021/11/28, 20:50:32.385, 6235662408021, testhost.dll, LengthPrefixCommunicationChannel.Dispose: Dispose reader and writer.
TpTrace Information: 0 : 17924, 6, 2021/11/28, 20:50:32.385, 6235662408816, testhost.dll, Closing the connection !
TpTrace Information: 0 : 17924, 6, 2021/11/28, 20:50:32.385, 6235662411625, testhost.dll, SocketClient.PrivateStop: Stop communication from server endpoint: 127.0.0.1:063453, error:
TpTrace Information: 0 : 17924, 1, 2021/11/28, 20:50:32.386, 6235662416017, testhost.dll, Closing the connection !
TpTrace Verbose: 0 : 17924, 6, 2021/11/28, 20:50:32.386, 6235662416021, testhost.dll, LengthPrefixCommunicationChannel.Dispose: Dispose reader and writer.
TpTrace Verbose: 0 : 17924, 6, 2021/11/28, 20:50:32.386, 6235662417352, testhost.dll, TcpClientExtensions.MessageLoopAsync: exiting MessageLoopAsync remoteEndPoint: [::ffff:127.0.0.1]:63453 localEndPoint: [::ffff:127.0.0.1]:63454
TpTrace Information: 0 : 17924, 1, 2021/11/28, 20:50:32.386, 6235662416685, testhost.dll, SocketClient.Stop: Stop communication from server endpoint: 127.0.0.1:063453
TpTrace Verbose: 0 : 17924, 1, 2021/11/28, 20:50:32.386, 6235662418415, testhost.dll, LengthPrefixCommunicationChannel.Dispose: Dispose reader and writer.
TpTrace Information: 0 : 17924, 1, 2021/11/28, 20:50:32.386, 6235662419662, testhost.dll, Testhost process exiting.
