TpTrace Verbose: 0 : 13552, 1, 2021/11/26, 15:14:22.291, 371723011340, testhost.dll, Version: 16.9.4
TpTrace Information: 0 : 13552, 1, 2021/11/26, 15:14:22.304, 371723040632, testhost.dll, DefaultEngineInvoker.Invoke: Testhost process started with args :[--port, 60711],[--endpoint, 127.0.0.1:060711],[--role, client],[--parentprocessid, 11184],[--diag, C:\Users\User\Documents\GitHub\Grupa-3-Verifikovani-i-Validirani-Softverasi\Pijaca\Zadatak 2\bin\Debug\net5.0\fine-code-coverage\coverage-tool-output\diagnostics.host.21-11-26_15-14-22_06204_4.log],[--tracelevel, 4],[--datacollectionport, 60710],[--telemetryoptedin, false]
TpTrace Information: 0 : 13552, 1, 2021/11/26, 15:14:22.306, 371723047950, testhost.dll, Setting up debug trace listener.
TpTrace Verbose: 0 : 13552, 1, 2021/11/26, 15:14:22.307, 371723049181, testhost.dll, TestPlatformTraceListener.Setup: Replacing listener 0 with TestHostTraceListener.
TpTrace Verbose: 0 : 13552, 1, 2021/11/26, 15:14:22.307, 371723049437, testhost.dll, TestPlatformTraceListener.Setup: Added test platform trace listener.
TpTrace Information: 0 : 13552, 1, 2021/11/26, 15:14:22.307, 371723052101, testhost.dll, DefaultEngineInvoker.SetParentProcessExitCallback: Monitoring parent process with id: '11184'
TpTrace Information: 0 : 13552, 1, 2021/11/26, 15:14:22.354, 371723225002, testhost.dll, DefaultEngineInvoker.GetConnectionInfo: Initialize communication on endpoint address: '127.0.0.1:060711'
TpTrace Information: 0 : 13552, 1, 2021/11/26, 15:14:22.390, 371723358296, testhost.dll, SocketClient.Start: connecting to server endpoint: 127.0.0.1:060711
TpTrace Information: 0 : 13552, 1, 2021/11/26, 15:14:22.404, 371723410464, testhost.dll, DefaultEngineInvoker.ConnectToDatacollector: Connecting to datacollector, port: 60710
TpTrace Information: 0 : 13552, 5, 2021/11/26, 15:14:22.406, 371723416031, testhost.dll, SocketClient.OnServerConnected: connected to server endpoint: 127.0.0.1:060711
TpTrace Verbose: 0 : 13552, 5, 2021/11/26, 15:14:22.409, 371723427450, testhost.dll, Connected to server, and starting MessageLoopAsync
TpTrace Information: 0 : 13552, 1, 2021/11/26, 15:14:22.410, 371723431932, testhost.dll, Trying to connect to server on socket : 127.0.0.1:60710 
TpTrace Verbose: 0 : 13552, 1, 2021/11/26, 15:14:22.411, 371723434302, testhost.dll, SocketCommunicationManager : SetupClientAsync : Attempting to connect to the server.
TpTrace Information: 0 : 13552, 10, 2021/11/26, 15:14:22.413, 371723443280, testhost.dll, Connected to the server successfully 
TpTrace Information: 0 : 13552, 10, 2021/11/26, 15:14:22.413, 371723443826, testhost.dll, Using the buffer size of 16384 bytes
TpTrace Verbose: 0 : 13552, 5, 2021/11/26, 15:14:22.414, 371723447278, testhost.dll, TcpClientExtensions.MessageLoopAsync: Polling on remoteEndPoint: [::ffff:127.0.0.1]:60711 localEndPoint: [::ffff:127.0.0.1]:60712
TpTrace Verbose: 0 : 13552, 5, 2021/11/26, 15:14:22.415, 371723449430, testhost.dll, TcpClientExtensions.MessageLoopAsync: NotifyDataAvailable remoteEndPoint: [::ffff:127.0.0.1]:60711 localEndPoint: [::ffff:127.0.0.1]:60712
TpTrace Information: 0 : 13552, 1, 2021/11/26, 15:14:22.420, 371723471017, testhost.dll, DefaultEngineInvoker.Invoke: Start Request Processing.
TpTrace Information: 0 : 13552, 12, 2021/11/26, 15:14:22.444, 371723559971, testhost.dll, DefaultEngineInvoker.StartProcessingAsync: Connected to vstest.console, Starting process requests.
TpTrace Information: 0 : 13552, 5, 2021/11/26, 15:14:22.633, 371724260183, testhost.dll, TestRequestHandler.ProcessRequests: received message: (ProtocolVersion) -> 5
TpTrace Verbose: 0 : 13552, 5, 2021/11/26, 15:14:22.679, 371724428442, testhost.dll, TestRequestHandler.SendData:  sending data from testhost: {"Version":5,"MessageType":"TestSession.Message","Payload":{"MessageLevel":0,"Message":"Logging TestHost Diagnostics in file: C:\\Users\\User\\Documents\\GitHub\\Grupa-3-Verifikovani-i-Validirani-Softverasi\\Pijaca\\Zadatak 2\\bin\\Debug\\net5.0\\fine-code-coverage\\coverage-tool-output\\diagnostics.host.21-11-26_15-14-22_06204_4.log"}}
TpTrace Verbose: 0 : 13552, 5, 2021/11/26, 15:14:22.680, 371724430934, testhost.dll, TcpClientExtensions.MessageLoopAsync: Polling on remoteEndPoint: [::ffff:127.0.0.1]:60711 localEndPoint: [::ffff:127.0.0.1]:60712
TpTrace Verbose: 0 : 13552, 5, 2021/11/26, 15:14:22.680, 371724431686, testhost.dll, TcpClientExtensions.MessageLoopAsync: NotifyDataAvailable remoteEndPoint: [::ffff:127.0.0.1]:60711 localEndPoint: [::ffff:127.0.0.1]:60712
TpTrace Information: 0 : 13552, 5, 2021/11/26, 15:14:22.686, 371724455488, testhost.dll, TestRequestHandler.ProcessRequests: received message: (TestExecution.Initialize) -> [
  "C:\\Users\\User\\Documents\\GitHub\\Grupa-3-Verifikovani-i-Validirani-Softverasi\\Pijaca\\Zadatak 2\\bin\\Debug\\net5.0\\fine-code-coverage\\build-output\\Microsoft.VisualStudio.TestPlatform.MSTest.TestAdapter.dll"
]
TpTrace Information: 0 : 13552, 5, 2021/11/26, 15:14:22.686, 371724456207, testhost.dll, Execution Session Initialize.
TpTrace Verbose: 0 : 13552, 5, 2021/11/26, 15:14:22.697, 371724496041, testhost.dll, TcpClientExtensions.MessageLoopAsync: Polling on remoteEndPoint: [::ffff:127.0.0.1]:60711 localEndPoint: [::ffff:127.0.0.1]:60712
TpTrace Verbose: 0 : 13552, 5, 2021/11/26, 15:14:22.697, 371724496660, testhost.dll, TcpClientExtensions.MessageLoopAsync: NotifyDataAvailable remoteEndPoint: [::ffff:127.0.0.1]:60711 localEndPoint: [::ffff:127.0.0.1]:60712
TpTrace Information: 0 : 13552, 5, 2021/11/26, 15:14:22.702, 371724512920, testhost.dll, TestRequestHandler.ProcessRequests: received message: (TestExecution.StartWithSources) -> {
  "AdapterSourceMap": {
    "_none_": [
      "C:\\Users\\User\\Documents\\GitHub\\Grupa-3-Verifikovani-i-Validirani-Softverasi\\Pijaca\\Zadatak 2\\bin\\Debug\\net5.0\\fine-code-coverage\\build-output\\Zadatak 2.dll"
    ]
  },
  "RunSettings": "<RunSettings>\r\n  <RunConfiguration>\r\n    <ResultsDirectory>C:\\Users\\User\\Documents\\GitHub\\Grupa-3-Verifikovani-i-Validirani-Softverasi\\Pijaca\\Zadatak 2\\bin\\Debug\\net5.0\\fine-code-coverage\\coverage-tool-output</ResultsDirectory>\r\n    <TargetPlatform>X64</TargetPlatform>\r\n    <TargetFrameworkVersion>.NETCoreApp,Version=v5.0</TargetFrameworkVersion>\r\n    <DesignMode>False</DesignMode>\r\n    <CollectSourceInformation>False</CollectSourceInformation>\r\n  </RunConfiguration>\r\n  <LoggerRunSettings>\r\n    <Loggers>\r\n      <Logger friendlyName=\"blame\" enabled=\"True\" />\r\n      <Logger friendlyName=\"Console\" uri=\"logger://microsoft/TestPlatform/ConsoleLogger/v1\" assemblyQualifiedName=\"Microsoft.VisualStudio.TestPlatform.CommandLine.Internal.ConsoleLogger, vstest.console, Version=15.0.0.0, Culture=neutral, PublicKeyToken=b03f5f7f11d50a3a\" codeBase=\"C:\\Program Files\\dotnet\\sdk\\5.0.201\\vstest.console.dll\" enabled=\"True\" />\r\n    </Loggers>\r\n  </LoggerRunSettings>\r\n  <DataCollectionRunSettings>\r\n    <DataCollectors>\r\n      <DataCollector friendlyName=\"blame\" enabled=\"True\">\r\n        <Configuration>\r\n          <ResultsDirectory>C:\\Users\\User\\Documents\\GitHub\\Grupa-3-Verifikovani-i-Validirani-Softverasi\\Pijaca\\Zadatak 2\\bin\\Debug\\net5.0\\fine-code-coverage\\coverage-tool-output</ResultsDirectory>\r\n        </Configuration>\r\n      </DataCollector>\r\n    </DataCollectors>\r\n  </DataCollectionRunSettings>\r\n</RunSettings>",
  "TestExecutionContext": {
    "FrequencyOfRunStatsChangeEvent": 10,
    "RunStatsChangeEventTimeout": "00:00:01.5000000",
    "InIsolation": false,
    "KeepAlive": false,
    "AreTestCaseLevelEventsRequired": false,
    "IsDebug": false,
    "TestCaseFilter": null,
    "FilterOptions": null
  },
  "Package": null
}
TpTrace Information: 0 : 13552, 5, 2021/11/26, 15:14:22.702, 371724513767, testhost.dll, Execution started.
TpTrace Verbose: 0 : 13552, 4, 2021/11/26, 15:14:22.703, 371724516062, testhost.dll, TestExecutorService: Loading the extensions
TpTrace Verbose: 0 : 13552, 4, 2021/11/26, 15:14:22.707, 371724530739, testhost.dll, TestPluginCache.DiscoverTestExtensions: finding test extensions in assemblies ends with: TestAdapter.dll TPluginInfo: Microsoft.VisualStudio.TestPlatform.Common.ExtensionFramework.Utilities.TestExecutorPluginInformation TExtension: Microsoft.VisualStudio.TestPlatform.ObjectModel.Adapter.ITestExecutor
TpTrace Verbose: 0 : 13552, 4, 2021/11/26, 15:14:22.709, 371724539107, testhost.dll, TestPluginCache.GetExtensionPaths: Filtered extension paths: 
TpTrace Verbose: 0 : 13552, 4, 2021/11/26, 15:14:22.709, 371724541390, testhost.dll, TestPluginCache.GetExtensionPaths: Added default extension paths: C:\Users\User\Documents\GitHub\Grupa-3-Verifikovani-i-Validirani-Softverasi\Pijaca\Zadatak 2\bin\Debug\net5.0\fine-code-coverage\build-output\Microsoft.VisualStudio.TestPlatform.MSTest.TestAdapter.dll
TpTrace Verbose: 0 : 13552, 4, 2021/11/26, 15:14:22.709, 371724541654, testhost.dll, TestPluginCache.GetExtensionPaths: Added unfilterableExtensionPaths: 
TpTrace Information: 0 : 13552, 4, 2021/11/26, 15:14:22.714, 371724557526, testhost.dll, AssemblyResolver.ctor: Creating AssemblyResolver with searchDirectories C:\Users\User\Documents\GitHub\Grupa-3-Verifikovani-i-Validirani-Softverasi\Pijaca\Zadatak 2\bin\Debug\net5.0\fine-code-coverage\build-output
TpTrace Verbose: 0 : 13552, 4, 2021/11/26, 15:14:22.716, 371724567574, testhost.dll, TestPluginCache.DiscoverTestExtensions: Discovering the extensions using extension path.
TpTrace Verbose: 0 : 13552, 4, 2021/11/26, 15:14:22.717, 371724568691, testhost.dll, TestPluginCache.GetExtensionPaths: Filtered extension paths: 
TpTrace Verbose: 0 : 13552, 4, 2021/11/26, 15:14:22.717, 371724568902, testhost.dll, TestPluginCache.GetExtensionPaths: Added default extension paths: C:\Users\User\Documents\GitHub\Grupa-3-Verifikovani-i-Validirani-Softverasi\Pijaca\Zadatak 2\bin\Debug\net5.0\fine-code-coverage\build-output\Microsoft.VisualStudio.TestPlatform.MSTest.TestAdapter.dll
TpTrace Verbose: 0 : 13552, 4, 2021/11/26, 15:14:22.717, 371724569067, testhost.dll, TestPluginCache.GetExtensionPaths: Added unfilterableExtensionPaths: 
TpTrace Verbose: 0 : 13552, 4, 2021/11/26, 15:14:22.717, 371724569438, testhost.dll, TestPluginCache.DiscoverTestExtensions: Discovering the extensions using allExtensionPaths: C:\Users\User\Documents\GitHub\Grupa-3-Verifikovani-i-Validirani-Softverasi\Pijaca\Zadatak 2\bin\Debug\net5.0\fine-code-coverage\build-output\Microsoft.VisualStudio.TestPlatform.MSTest.TestAdapter.dll
TpTrace Information: 0 : 13552, 4, 2021/11/26, 15:14:22.719, 371724576940, testhost.dll, AssemblyResolver.AddSearchDirectories: Adding more searchDirectories C:\Users\User\Documents\GitHub\Grupa-3-Verifikovani-i-Validirani-Softverasi\Pijaca\Zadatak 2\bin\Debug\net5.0\fine-code-coverage\build-output
TpTrace Information: 0 : 13552, 4, 2021/11/26, 15:14:22.726, 371724604323, testhost.dll, AssemblyResolver.OnResolve: Microsoft.VisualStudio.TestPlatform.MSTest.TestAdapter: Resolving assembly.
TpTrace Information: 0 : 13552, 4, 2021/11/26, 15:14:22.730, 371724617202, testhost.dll, AssemblyResolver.OnResolve: Resolved assembly: Microsoft.VisualStudio.TestPlatform.MSTest.TestAdapter, from path: C:\Users\User\Documents\GitHub\Grupa-3-Verifikovani-i-Validirani-Softverasi\Pijaca\Zadatak 2\bin\Debug\net5.0\fine-code-coverage\build-output\Microsoft.VisualStudio.TestPlatform.MSTest.TestAdapter.dll
TpTrace Verbose: 0 : 13552, 4, 2021/11/26, 15:14:22.743, 371724666108, testhost.dll, TestPluginCache: Discovered the extensions using extension path ''.
TpTrace Verbose: 0 : 13552, 4, 2021/11/26, 15:14:22.744, 371724669454, testhost.dll, TestPluginCache: Discoverers are ''.
TpTrace Verbose: 0 : 13552, 4, 2021/11/26, 15:14:22.744, 371724670045, testhost.dll, TestPluginCache: Executors are 'executor://MSTestAdapter/v2'.
TpTrace Verbose: 0 : 13552, 4, 2021/11/26, 15:14:22.744, 371724670430, testhost.dll, TestPluginCache: Executors2 are ''.
TpTrace Verbose: 0 : 13552, 4, 2021/11/26, 15:14:22.744, 371724670833, testhost.dll, TestPluginCache: Setting providers are ''.
TpTrace Verbose: 0 : 13552, 4, 2021/11/26, 15:14:22.744, 371724671156, testhost.dll, TestPluginCache: Loggers are ''.
TpTrace Verbose: 0 : 13552, 5, 2021/11/26, 15:14:22.746, 371724678509, testhost.dll, TcpClientExtensions.MessageLoopAsync: Polling on remoteEndPoint: [::ffff:127.0.0.1]:60711 localEndPoint: [::ffff:127.0.0.1]:60712
TpTrace Verbose: 0 : 13552, 4, 2021/11/26, 15:14:22.749, 371724689233, testhost.dll, TestPluginCache.DiscoverTestExtensions: finding test extensions in assemblies ends with: TestAdapter.dll TPluginInfo: Microsoft.VisualStudio.TestPlatform.Common.ExtensionFramework.Utilities.TestExecutorPluginInformation2 TExtension: Microsoft.VisualStudio.TestPlatform.ObjectModel.Adapter.ITestExecutor2
TpTrace Verbose: 0 : 13552, 4, 2021/11/26, 15:14:22.750, 371724690718, testhost.dll, TestPluginCache.GetExtensionPaths: Filtered extension paths: 
TpTrace Verbose: 0 : 13552, 4, 2021/11/26, 15:14:22.750, 371724690920, testhost.dll, TestPluginCache.GetExtensionPaths: Added default extension paths: C:\Users\User\Documents\GitHub\Grupa-3-Verifikovani-i-Validirani-Softverasi\Pijaca\Zadatak 2\bin\Debug\net5.0\fine-code-coverage\build-output\Microsoft.VisualStudio.TestPlatform.MSTest.TestAdapter.dll
TpTrace Verbose: 0 : 13552, 4, 2021/11/26, 15:14:22.750, 371724691045, testhost.dll, TestPluginCache.GetExtensionPaths: Added unfilterableExtensionPaths: 
TpTrace Information: 0 : 13552, 4, 2021/11/26, 15:14:22.750, 371724691795, testhost.dll, AssemblyResolver.AddSearchDirectories: Adding more searchDirectories C:\Users\User\Documents\GitHub\Grupa-3-Verifikovani-i-Validirani-Softverasi\Pijaca\Zadatak 2\bin\Debug\net5.0\fine-code-coverage\build-output
TpTrace Verbose: 0 : 13552, 4, 2021/11/26, 15:14:22.750, 371724692004, testhost.dll, TestPluginCache.DiscoverTestExtensions: Discovering the extensions using extension path.
TpTrace Verbose: 0 : 13552, 4, 2021/11/26, 15:14:22.750, 371724692130, testhost.dll, TestPluginCache.GetExtensionPaths: Filtered extension paths: 
TpTrace Verbose: 0 : 13552, 4, 2021/11/26, 15:14:22.750, 371724692243, testhost.dll, TestPluginCache.GetExtensionPaths: Added default extension paths: C:\Users\User\Documents\GitHub\Grupa-3-Verifikovani-i-Validirani-Softverasi\Pijaca\Zadatak 2\bin\Debug\net5.0\fine-code-coverage\build-output\Microsoft.VisualStudio.TestPlatform.MSTest.TestAdapter.dll
TpTrace Verbose: 0 : 13552, 4, 2021/11/26, 15:14:22.750, 371724692357, testhost.dll, TestPluginCache.GetExtensionPaths: Added unfilterableExtensionPaths: 
TpTrace Verbose: 0 : 13552, 4, 2021/11/26, 15:14:22.750, 371724692504, testhost.dll, TestPluginCache.DiscoverTestExtensions: Discovering the extensions using allExtensionPaths: C:\Users\User\Documents\GitHub\Grupa-3-Verifikovani-i-Validirani-Softverasi\Pijaca\Zadatak 2\bin\Debug\net5.0\fine-code-coverage\build-output\Microsoft.VisualStudio.TestPlatform.MSTest.TestAdapter.dll
TpTrace Information: 0 : 13552, 4, 2021/11/26, 15:14:22.750, 371724692664, testhost.dll, AssemblyResolver.AddSearchDirectories: Adding more searchDirectories C:\Users\User\Documents\GitHub\Grupa-3-Verifikovani-i-Validirani-Softverasi\Pijaca\Zadatak 2\bin\Debug\net5.0\fine-code-coverage\build-output
TpTrace Verbose: 0 : 13552, 4, 2021/11/26, 15:14:22.751, 371724693679, testhost.dll, TestPluginCache: Discovered the extensions using extension path ''.
TpTrace Verbose: 0 : 13552, 4, 2021/11/26, 15:14:22.751, 371724693864, testhost.dll, TestPluginCache: Discoverers are ''.
TpTrace Verbose: 0 : 13552, 4, 2021/11/26, 15:14:22.751, 371724694058, testhost.dll, TestPluginCache: Executors are 'executor://MSTestAdapter/v2'.
TpTrace Verbose: 0 : 13552, 4, 2021/11/26, 15:14:22.751, 371724694404, testhost.dll, TestPluginCache: Executors2 are ''.
TpTrace Verbose: 0 : 13552, 4, 2021/11/26, 15:14:22.751, 371724694527, testhost.dll, TestPluginCache: Setting providers are ''.
TpTrace Verbose: 0 : 13552, 4, 2021/11/26, 15:14:22.751, 371724694643, testhost.dll, TestPluginCache: Loggers are ''.
TpTrace Information: 0 : 13552, 4, 2021/11/26, 15:14:22.757, 371724717879, testhost.dll, TestPluginManager.CreateTestExtension: Attempting to load test extension: Microsoft.VisualStudio.TestPlatform.MSTest.TestAdapter.MSTestExecutor
TpTrace Verbose: 0 : 13552, 4, 2021/11/26, 15:14:22.769, 371724761232, testhost.dll, TestExecutorExtensionManager: Loading executor Microsoft.VisualStudio.TestPlatform.MSTest.TestAdapter.MSTestExecutor
TpTrace Verbose: 0 : 13552, 4, 2021/11/26, 15:14:22.769, 371724762018, testhost.dll, TestExecutorService: Loaded the executors
TpTrace Verbose: 0 : 13552, 4, 2021/11/26, 15:14:22.770, 371724766825, testhost.dll, TestPluginCache.DiscoverTestExtensions: finding test extensions in assemblies ends with: TestAdapter.dll TPluginInfo: Microsoft.VisualStudio.TestPlatform.Common.ExtensionFramework.Utilities.TestSettingsProviderPluginInformation TExtension: Microsoft.VisualStudio.TestPlatform.ObjectModel.Adapter.ISettingsProvider
TpTrace Verbose: 0 : 13552, 4, 2021/11/26, 15:14:22.770, 371724767489, testhost.dll, TestPluginCache.GetExtensionPaths: Filtered extension paths: 
TpTrace Verbose: 0 : 13552, 4, 2021/11/26, 15:14:22.771, 371724767745, testhost.dll, TestPluginCache.GetExtensionPaths: Added default extension paths: C:\Users\User\Documents\GitHub\Grupa-3-Verifikovani-i-Validirani-Softverasi\Pijaca\Zadatak 2\bin\Debug\net5.0\fine-code-coverage\build-output\Microsoft.VisualStudio.TestPlatform.MSTest.TestAdapter.dll
TpTrace Verbose: 0 : 13552, 4, 2021/11/26, 15:14:22.771, 371724767893, testhost.dll, TestPluginCache.GetExtensionPaths: Added unfilterableExtensionPaths: 
TpTrace Information: 0 : 13552, 4, 2021/11/26, 15:14:22.771, 371724768581, testhost.dll, AssemblyResolver.AddSearchDirectories: Adding more searchDirectories C:\Users\User\Documents\GitHub\Grupa-3-Verifikovani-i-Validirani-Softverasi\Pijaca\Zadatak 2\bin\Debug\net5.0\fine-code-coverage\build-output
TpTrace Verbose: 0 : 13552, 4, 2021/11/26, 15:14:22.771, 371724768789, testhost.dll, TestPluginCache.DiscoverTestExtensions: Discovering the extensions using extension path.
TpTrace Verbose: 0 : 13552, 4, 2021/11/26, 15:14:22.771, 371724768955, testhost.dll, TestPluginCache.GetExtensionPaths: Filtered extension paths: 
TpTrace Verbose: 0 : 13552, 4, 2021/11/26, 15:14:22.771, 371724769106, testhost.dll, TestPluginCache.GetExtensionPaths: Added default extension paths: C:\Users\User\Documents\GitHub\Grupa-3-Verifikovani-i-Validirani-Softverasi\Pijaca\Zadatak 2\bin\Debug\net5.0\fine-code-coverage\build-output\Microsoft.VisualStudio.TestPlatform.MSTest.TestAdapter.dll
TpTrace Verbose: 0 : 13552, 4, 2021/11/26, 15:14:22.771, 371724769254, testhost.dll, TestPluginCache.GetExtensionPaths: Added unfilterableExtensionPaths: 
TpTrace Verbose: 0 : 13552, 4, 2021/11/26, 15:14:22.771, 371724769457, testhost.dll, TestPluginCache.DiscoverTestExtensions: Discovering the extensions using allExtensionPaths: C:\Users\User\Documents\GitHub\Grupa-3-Verifikovani-i-Validirani-Softverasi\Pijaca\Zadatak 2\bin\Debug\net5.0\fine-code-coverage\build-output\Microsoft.VisualStudio.TestPlatform.MSTest.TestAdapter.dll
TpTrace Information: 0 : 13552, 4, 2021/11/26, 15:14:22.771, 371724769697, testhost.dll, AssemblyResolver.AddSearchDirectories: Adding more searchDirectories C:\Users\User\Documents\GitHub\Grupa-3-Verifikovani-i-Validirani-Softverasi\Pijaca\Zadatak 2\bin\Debug\net5.0\fine-code-coverage\build-output
TpTrace Verbose: 0 : 13552, 4, 2021/11/26, 15:14:22.772, 371724772016, testhost.dll, TestPluginCache: Discovered the extensions using extension path ''.
TpTrace Verbose: 0 : 13552, 4, 2021/11/26, 15:14:22.772, 371724772539, testhost.dll, TestPluginCache: Discoverers are ''.
TpTrace Verbose: 0 : 13552, 4, 2021/11/26, 15:14:22.772, 371724772704, testhost.dll, TestPluginCache: Executors are 'executor://MSTestAdapter/v2'.
TpTrace Verbose: 0 : 13552, 4, 2021/11/26, 15:14:22.772, 371724772848, testhost.dll, TestPluginCache: Executors2 are ''.
TpTrace Verbose: 0 : 13552, 4, 2021/11/26, 15:14:22.772, 371724773084, testhost.dll, TestPluginCache: Setting providers are ''.
TpTrace Verbose: 0 : 13552, 4, 2021/11/26, 15:14:22.772, 371724773224, testhost.dll, TestPluginCache: Loggers are ''.
TpTrace Verbose: 0 : 13552, 4, 2021/11/26, 15:14:22.773, 371724778724, testhost.dll, TestExecutorService: Loaded the settings providers
TpTrace Information: 0 : 13552, 4, 2021/11/26, 15:14:22.774, 371724779291, testhost.dll, TestExecutorService: Loaded the extensions
TpTrace Information: 0 : 13552, 4, 2021/11/26, 15:14:22.886, 371725196405, testhost.dll, TestDiscoveryManager: Discovering tests from sources C:\Users\User\Documents\GitHub\Grupa-3-Verifikovani-i-Validirani-Softverasi\Pijaca\Zadatak 2\bin\Debug\net5.0\fine-code-coverage\build-output\Zadatak 2.dll
TpTrace Verbose: 0 : 13552, 4, 2021/11/26, 15:14:22.890, 371725210110, testhost.dll, TestPluginCache.DiscoverTestExtensions: finding test extensions in assemblies ends with: TestAdapter.dll TPluginInfo: Microsoft.VisualStudio.TestPlatform.Common.ExtensionFramework.Utilities.TestDiscovererPluginInformation TExtension: Microsoft.VisualStudio.TestPlatform.ObjectModel.Adapter.ITestDiscoverer
TpTrace Verbose: 0 : 13552, 4, 2021/11/26, 15:14:22.890, 371725211425, testhost.dll, TestPluginCache.GetExtensionPaths: Filtered extension paths: 
TpTrace Verbose: 0 : 13552, 4, 2021/11/26, 15:14:22.890, 371725211712, testhost.dll, TestPluginCache.GetExtensionPaths: Added default extension paths: C:\Users\User\Documents\GitHub\Grupa-3-Verifikovani-i-Validirani-Softverasi\Pijaca\Zadatak 2\bin\Debug\net5.0\fine-code-coverage\build-output\Microsoft.VisualStudio.TestPlatform.MSTest.TestAdapter.dll
TpTrace Verbose: 0 : 13552, 4, 2021/11/26, 15:14:22.890, 371725211865, testhost.dll, TestPluginCache.GetExtensionPaths: Added unfilterableExtensionPaths: 
TpTrace Information: 0 : 13552, 4, 2021/11/26, 15:14:22.891, 371725212531, testhost.dll, AssemblyResolver.AddSearchDirectories: Adding more searchDirectories C:\Users\User\Documents\GitHub\Grupa-3-Verifikovani-i-Validirani-Softverasi\Pijaca\Zadatak 2\bin\Debug\net5.0\fine-code-coverage\build-output
TpTrace Verbose: 0 : 13552, 4, 2021/11/26, 15:14:22.891, 371725212759, testhost.dll, TestPluginCache.DiscoverTestExtensions: Discovering the extensions using extension path.
TpTrace Verbose: 0 : 13552, 4, 2021/11/26, 15:14:22.891, 371725212913, testhost.dll, TestPluginCache.GetExtensionPaths: Filtered extension paths: 
TpTrace Verbose: 0 : 13552, 4, 2021/11/26, 15:14:22.891, 371725213053, testhost.dll, TestPluginCache.GetExtensionPaths: Added default extension paths: C:\Users\User\Documents\GitHub\Grupa-3-Verifikovani-i-Validirani-Softverasi\Pijaca\Zadatak 2\bin\Debug\net5.0\fine-code-coverage\build-output\Microsoft.VisualStudio.TestPlatform.MSTest.TestAdapter.dll
TpTrace Verbose: 0 : 13552, 4, 2021/11/26, 15:14:22.891, 371725213190, testhost.dll, TestPluginCache.GetExtensionPaths: Added unfilterableExtensionPaths: 
TpTrace Verbose: 0 : 13552, 4, 2021/11/26, 15:14:22.891, 371725213372, testhost.dll, TestPluginCache.DiscoverTestExtensions: Discovering the extensions using allExtensionPaths: C:\Users\User\Documents\GitHub\Grupa-3-Verifikovani-i-Validirani-Softverasi\Pijaca\Zadatak 2\bin\Debug\net5.0\fine-code-coverage\build-output\Microsoft.VisualStudio.TestPlatform.MSTest.TestAdapter.dll
TpTrace Information: 0 : 13552, 4, 2021/11/26, 15:14:22.891, 371725213587, testhost.dll, AssemblyResolver.AddSearchDirectories: Adding more searchDirectories C:\Users\User\Documents\GitHub\Grupa-3-Verifikovani-i-Validirani-Softverasi\Pijaca\Zadatak 2\bin\Debug\net5.0\fine-code-coverage\build-output
TpTrace Verbose: 0 : 13552, 4, 2021/11/26, 15:14:22.895, 371725228185, testhost.dll, TestPluginCache: Discovered the extensions using extension path ''.
TpTrace Verbose: 0 : 13552, 4, 2021/11/26, 15:14:22.895, 371725229020, testhost.dll, TestPluginCache: Discoverers are 'Microsoft.VisualStudio.TestPlatform.MSTest.TestAdapter.MSTestDiscoverer, Microsoft.VisualStudio.TestPlatform.MSTest.TestAdapter, Version=14.0.0.0, Culture=neutral, PublicKeyToken=b03f5f7f11d50a3a'.
TpTrace Verbose: 0 : 13552, 4, 2021/11/26, 15:14:22.895, 371725229225, testhost.dll, TestPluginCache: Executors are 'executor://MSTestAdapter/v2'.
TpTrace Verbose: 0 : 13552, 4, 2021/11/26, 15:14:22.895, 371725229395, testhost.dll, TestPluginCache: Executors2 are ''.
TpTrace Verbose: 0 : 13552, 4, 2021/11/26, 15:14:22.895, 371725229661, testhost.dll, TestPluginCache: Setting providers are ''.
TpTrace Verbose: 0 : 13552, 4, 2021/11/26, 15:14:22.895, 371725229850, testhost.dll, TestPluginCache: Loggers are ''.
TpTrace Verbose: 0 : 13552, 4, 2021/11/26, 15:14:22.905, 371725266386, testhost.dll, BaseRunTests.RunTestInternalWithExecutors: Running tests for executor://MSTestAdapter/v2
TpTrace Information: 0 : 13552, 4, 2021/11/26, 15:14:22.906, 371725270223, testhost.dll, AssemblyResolver.OnResolve: Microsoft.VisualStudio.TestPlatform.MSTestAdapter.PlatformServices.Interface: Resolving assembly.
TpTrace Information: 0 : 13552, 4, 2021/11/26, 15:14:22.908, 371725277620, testhost.dll, AssemblyResolver.OnResolve: Resolved assembly: Microsoft.VisualStudio.TestPlatform.MSTestAdapter.PlatformServices.Interface, from path: C:\Users\User\Documents\GitHub\Grupa-3-Verifikovani-i-Validirani-Softverasi\Pijaca\Zadatak 2\bin\Debug\net5.0\fine-code-coverage\build-output\Microsoft.VisualStudio.TestPlatform.MSTestAdapter.PlatformServices.Interface.dll
TpTrace Information: 0 : 13552, 4, 2021/11/26, 15:14:22.912, 371725292899, testhost.dll, AssemblyResolver.OnResolve: Microsoft.VisualStudio.TestPlatform.MSTestAdapter.PlatformServices: Resolving assembly.
TpTrace Information: 0 : 13552, 4, 2021/11/26, 15:14:22.916, 371725306781, testhost.dll, AssemblyResolver.OnResolve: Resolved assembly: Microsoft.VisualStudio.TestPlatform.MSTestAdapter.PlatformServices, from path: C:\Users\User\Documents\GitHub\Grupa-3-Verifikovani-i-Validirani-Softverasi\Pijaca\Zadatak 2\bin\Debug\net5.0\fine-code-coverage\build-output\Microsoft.VisualStudio.TestPlatform.MSTestAdapter.PlatformServices.dll
TpTrace Information: 0 : 13552, 4, 2021/11/26, 15:14:22.917, 371725309182, testhost.dll, MSTest - MSTestExecutor.RunTests: Running tests from sources.
TpTrace Information: 0 : 13552, 4, 2021/11/26, 15:14:22.921, 371725324075, testhost.dll, MSTest - CollectSourceInformation value Found : False 
TpTrace Information: 0 : 13552, 4, 2021/11/26, 15:14:22.953, 371725442893, testhost.dll, AssemblyResolver.OnResolve: Microsoft.TestPlatform.AdapterUtilities: Resolving assembly.
TpTrace Information: 0 : 13552, 4, 2021/11/26, 15:14:22.954, 371725448298, testhost.dll, AssemblyResolver.OnResolve: Resolved assembly: Microsoft.TestPlatform.AdapterUtilities, from path: C:\Users\User\Documents\GitHub\Grupa-3-Verifikovani-i-Validirani-Softverasi\Pijaca\Zadatak 2\bin\Debug\net5.0\fine-code-coverage\build-output\Microsoft.TestPlatform.AdapterUtilities.dll
TpTrace Information: 0 : 13552, 4, 2021/11/26, 15:14:22.970, 371725508389, testhost.dll, MSTest - MSTestDiscoverer: Found 5 tests from source C:\Users\User\Documents\GitHub\Grupa-3-Verifikovani-i-Validirani-Softverasi\Pijaca\Zadatak 2\bin\Debug\net5.0\fine-code-coverage\build-output\Zadatak 2.dll
TpTrace Information: 0 : 13552, 4, 2021/11/26, 15:14:22.991, 371725582676, testhost.dll, AssemblyResolver.OnResolve: Microsoft.VisualStudio.TestPlatform.MSTestAdapter.PlatformServices.resources: Resolving assembly.
TpTrace Information: 0 : 13552, 4, 2021/11/26, 15:14:22.991, 371725583491, testhost.dll, AssemblyResolver.OnResolve: Microsoft.VisualStudio.TestPlatform.MSTestAdapter.PlatformServices.resources: Failed to load assembly.
TpTrace Information: 0 : 13552, 4, 2021/11/26, 15:14:22.991, 371725585546, testhost.dll, AssemblyResolver.OnResolve: Microsoft.VisualStudio.TestPlatform.MSTestAdapter.PlatformServices.resources: Resolving assembly.
TpTrace Information: 0 : 13552, 4, 2021/11/26, 15:14:22.991, 371725585851, testhost.dll, AssemblyResolver.OnResolve: Microsoft.VisualStudio.TestPlatform.MSTestAdapter.PlatformServices.resources: Resolved from cache.
TpTrace Information: 0 : 13552, 4, 2021/11/26, 15:14:23.010, 371725654306, testhost.dll, MSTest - Created unit-test runner C:\Users\User\Documents\GitHub\Grupa-3-Verifikovani-i-Validirani-Softverasi\Pijaca\Zadatak 2\bin\Debug\net5.0\fine-code-coverage\build-output\Zadatak 2.dll
TpTrace Verbose: 0 : 13552, 4, 2021/11/26, 15:14:23.016, 371725676325, testhost.dll, TestExecutionRecorder.RecordStart: Starting test: Zadatak_2.TDD.TestZamjenskiObjekat.
TpTrace Information: 0 : 13552, 4, 2021/11/26, 15:14:23.131, 371726101654, testhost.dll, MSTest - Executing test TestZamjenskiObjekat
TpTrace Information: 0 : 13552, 4, 2021/11/26, 15:14:23.197, 371726347586, testhost.dll, MSTest - Executed test TestZamjenskiObjekat
TpTrace Verbose: 0 : 13552, 4, 2021/11/26, 15:14:23.204, 371726373801, testhost.dll, TestExecutionRecorder.RecordEnd: test: Zadatak_2.TDD.TestZamjenskiObjekat execution completed.
TpTrace Verbose: 0 : 13552, 4, 2021/11/26, 15:14:23.239, 371726503996, testhost.dll, TestExecutionRecorder.RecordResult: Received result for test: Zadatak_2.TDD.TestZamjenskiObjekat.
TpTrace Warning: 0 : 13552, 4, 2021/11/26, 15:14:23.246, 371726530057, testhost.dll, TestRunCache: InProgressTests is null
TpTrace Warning: 0 : 13552, 4, 2021/11/26, 15:14:23.260, 371726580153, testhost.dll, TestRunCache: No test found corresponding to testResult '' in inProgress list.
TpTrace Verbose: 0 : 13552, 4, 2021/11/26, 15:14:23.260, 371726581412, testhost.dll, TestExecutionRecorder.RecordStart: Starting test: Zadatak_2.TDD.DodavanjeMesnihProizvoda.
TpTrace Information: 0 : 13552, 4, 2021/11/26, 15:14:23.263, 371726593247, testhost.dll, MSTest - Executing test DodavanjeMesnihProizvoda
TpTrace Information: 0 : 13552, 4, 2021/11/26, 15:14:23.270, 371726616973, testhost.dll, MSTest - Executed test DodavanjeMesnihProizvoda
TpTrace Verbose: 0 : 13552, 4, 2021/11/26, 15:14:23.270, 371726617522, testhost.dll, TestExecutionRecorder.RecordEnd: test: Zadatak_2.TDD.DodavanjeMesnihProizvoda execution completed.
TpTrace Verbose: 0 : 13552, 4, 2021/11/26, 15:14:23.273, 371726628634, testhost.dll, TestExecutionRecorder.RecordResult: Received result for test: Zadatak_2.TDD.DodavanjeMesnihProizvoda.
TpTrace Warning: 0 : 13552, 4, 2021/11/26, 15:14:23.273, 371726629128, testhost.dll, TestRunCache: InProgressTests is null
TpTrace Warning: 0 : 13552, 4, 2021/11/26, 15:14:23.273, 371726629299, testhost.dll, TestRunCache: No test found corresponding to testResult '' in inProgress list.
TpTrace Verbose: 0 : 13552, 4, 2021/11/26, 15:14:23.273, 371726629594, testhost.dll, TestExecutionRecorder.RecordStart: Starting test: Zadatak_2.TDD.DodavanjeVoćaIBrisanje.
TpTrace Information: 0 : 13552, 4, 2021/11/26, 15:14:23.276, 371726639718, testhost.dll, MSTest - Executing test DodavanjeVoćaIBrisanje
TpTrace Information: 0 : 13552, 4, 2021/11/26, 15:14:23.278, 371726646527, testhost.dll, MSTest - Executed test DodavanjeVoćaIBrisanje
TpTrace Verbose: 0 : 13552, 4, 2021/11/26, 15:14:23.278, 371726647010, testhost.dll, TestExecutionRecorder.RecordEnd: test: Zadatak_2.TDD.DodavanjeVoćaIBrisanje execution completed.
TpTrace Verbose: 0 : 13552, 4, 2021/11/26, 15:14:23.281, 371726657901, testhost.dll, TestExecutionRecorder.RecordResult: Received result for test: Zadatak_2.TDD.DodavanjeVoćaIBrisanje.
TpTrace Warning: 0 : 13552, 4, 2021/11/26, 15:14:23.281, 371726658303, testhost.dll, TestRunCache: InProgressTests is null
TpTrace Warning: 0 : 13552, 4, 2021/11/26, 15:14:23.281, 371726658475, testhost.dll, TestRunCache: No test found corresponding to testResult '' in inProgress list.
TpTrace Verbose: 0 : 13552, 4, 2021/11/26, 15:14:23.281, 371726658761, testhost.dll, TestExecutionRecorder.RecordStart: Starting test: Zadatak_2.TDD.NepodržaniTipDodavanja.
TpTrace Information: 0 : 13552, 4, 2021/11/26, 15:14:23.286, 371726676322, testhost.dll, MSTest - Executing test NepodržaniTipDodavanja
TpTrace Information: 0 : 13552, 4, 2021/11/26, 15:14:23.289, 371726689097, testhost.dll, MSTest - Executed test NepodržaniTipDodavanja
TpTrace Verbose: 0 : 13552, 4, 2021/11/26, 15:14:23.289, 371726689575, testhost.dll, TestExecutionRecorder.RecordEnd: test: Zadatak_2.TDD.NepodržaniTipDodavanja execution completed.
TpTrace Verbose: 0 : 13552, 4, 2021/11/26, 15:14:23.310, 371726766436, testhost.dll, TestExecutionRecorder.RecordResult: Received result for test: Zadatak_2.TDD.NepodržaniTipDodavanja.
TpTrace Warning: 0 : 13552, 4, 2021/11/26, 15:14:23.310, 371726766883, testhost.dll, TestRunCache: InProgressTests is null
TpTrace Warning: 0 : 13552, 4, 2021/11/26, 15:14:23.310, 371726767535, testhost.dll, TestRunCache: No test found corresponding to testResult '' in inProgress list.
TpTrace Verbose: 0 : 13552, 4, 2021/11/26, 15:14:23.310, 371726767969, testhost.dll, TestExecutionRecorder.RecordStart: Starting test: Zadatak_2.TDD.NemogućeDodavanjeUzBrisanje.
TpTrace Information: 0 : 13552, 4, 2021/11/26, 15:14:23.314, 371726779269, testhost.dll, MSTest - Executing test NemogućeDodavanjeUzBrisanje
TpTrace Information: 0 : 13552, 4, 2021/11/26, 15:14:23.315, 371726785183, testhost.dll, MSTest - Executed test NemogućeDodavanjeUzBrisanje
TpTrace Verbose: 0 : 13552, 4, 2021/11/26, 15:14:23.315, 371726785604, testhost.dll, TestExecutionRecorder.RecordEnd: test: Zadatak_2.TDD.NemogućeDodavanjeUzBrisanje execution completed.
TpTrace Verbose: 0 : 13552, 4, 2021/11/26, 15:14:23.326, 371726824417, testhost.dll, TestExecutionRecorder.RecordResult: Received result for test: Zadatak_2.TDD.NemogućeDodavanjeUzBrisanje.
TpTrace Warning: 0 : 13552, 4, 2021/11/26, 15:14:23.326, 371726824860, testhost.dll, TestRunCache: InProgressTests is null
TpTrace Warning: 0 : 13552, 4, 2021/11/26, 15:14:23.326, 371726825036, testhost.dll, TestRunCache: No test found corresponding to testResult '' in inProgress list.
TpTrace Information: 0 : 13552, 4, 2021/11/26, 15:14:23.326, 371726826347, testhost.dll, MSTest - Executing cleanup methods.
TpTrace Information: 0 : 13552, 4, 2021/11/26, 15:14:23.329, 371726835796, testhost.dll, MSTest - Executed cleanup methods.
TpTrace Information: 0 : 13552, 4, 2021/11/26, 15:14:23.329, 371726836457, testhost.dll, MSTest - Executed tests belonging to source C:\Users\User\Documents\GitHub\Grupa-3-Verifikovani-i-Validirani-Softverasi\Pijaca\Zadatak 2\bin\Debug\net5.0\fine-code-coverage\build-output\Zadatak 2.dll
TpTrace Information: 0 : 13552, 4, 2021/11/26, 15:14:23.329, 371726838043, testhost.dll, Deleting deployment directory C:\Users\User\Documents\GitHub\Grupa-3-Verifikovani-i-Validirani-Softverasi\Pijaca\Zadatak 2\bin\Debug\net5.0\fine-code-coverage\coverage-tool-output\Deploy_User 2021-11-26 15_14_22
TpTrace Information: 0 : 13552, 4, 2021/11/26, 15:14:23.334, 371726854498, testhost.dll, Deleted deployment directory C:\Users\User\Documents\GitHub\Grupa-3-Verifikovani-i-Validirani-Softverasi\Pijaca\Zadatak 2\bin\Debug\net5.0\fine-code-coverage\coverage-tool-output\Deploy_User 2021-11-26 15_14_22
TpTrace Verbose: 0 : 13552, 4, 2021/11/26, 15:14:23.335, 371726857904, testhost.dll, BaseRunTests.RunTestInternalWithExecutors: Completed running tests for executor://MSTestAdapter/v2
TpTrace Information: 0 : 13552, 4, 2021/11/26, 15:14:23.342, 371726883535, testhost.dll, Sending test run complete
TpTrace Verbose: 0 : 13552, 4, 2021/11/26, 15:14:23.423, 371727183847, testhost.dll, TestRequestHandler.SendData:  sending data from testhost: {"Version":5,"MessageType":"TestExecution.Completed","Payload":{"TestRunCompleteArgs":{"TestRunStatistics":{"ExecutedTests":5,"Stats":{"Passed":5}},"IsCanceled":false,"IsAborted":false,"Error":null,"AttachmentSets":[],"ElapsedTimeInRunningTests":"00:00:00.4369809","Metrics":{}},"LastRunTests":{"NewTestResults":[{"TestCase":{"Id":"cd075b4d-61b2-de77-403b-0cfb69a56f47","FullyQualifiedName":"Zadatak_2.TDD.TestZamjenskiObjekat","DisplayName":"TestZamjenskiObjekat","ExecutorUri":"executor://MSTestAdapter/v2","Source":"C:\\Users\\User\\Documents\\GitHub\\Grupa-3-Verifikovani-i-Validirani-Softverasi\\Pijaca\\Zadatak 2\\bin\\Debug\\net5.0\\fine-code-coverage\\build-output\\Zadatak 2.dll","CodeFilePath":null,"LineNumber":-1,"Properties":[{"Key":{"Id":"TestCase.ManagedType","Label":"ManagedType","Category":"","Description":"","Attributes":1,"ValueType":"System.String"},"Value":"Zadatak_2.TDD"},{"Key":{"Id":"TestCase.ManagedMethod","Label":"ManagedMethod","Category":"","Description":"","Attributes":1,"ValueType":"System.String"},"Value":"TestZamjenskiObjekat"},{"Key":{"Id":"MSTestDiscoverer.TestClassName","Label":"ClassName","Category":"","Description":"","Attributes":1,"ValueType":"System.String"},"Value":"Zadatak_2.TDD"},{"Key":{"Id":"TestObject.Traits","Label":"Traits","Category":"","Description":"","Attributes":5,"ValueType":"System.Collections.Generic.KeyValuePair`2[[System.String],[System.String]][]"},"Value":[]}]},"Attachments":[],"Outcome":1,"ErrorMessage":null,"ErrorStackTrace":null,"DisplayName":null,"Messages":[],"ComputerName":null,"Duration":"00:00:00.0136866","StartTime":"2021-11-26T15:14:23.1301053+01:00","EndTime":"2021-11-26T15:14:23.1971092+01:00","Properties":[{"Key":{"Id":"ExecutionId","Label":"ExecutionId","Category":"","Description":"","Attributes":1,"ValueType":"System.Guid"},"Value":"00000000-0000-0000-0000-000000000000"},{"Key":{"Id":"ParentExecId","Label":"ParentExecId","Category":"","Description":"","Attributes":1,"ValueType":"System.Guid"},"Value":"00000000-0000-0000-0000-000000000000"},{"Key":{"Id":"InnerResultsCount","Label":"InnerResultsCount","Category":"","Description":"","Attributes":1,"ValueType":"System.Int32"},"Value":0}]},{"TestCase":{"Id":"3a1d8414-af96-8075-3e91-63006d286d73","FullyQualifiedName":"Zadatak_2.TDD.DodavanjeMesnihProizvoda","DisplayName":"DodavanjeMesnihProizvoda","ExecutorUri":"executor://MSTestAdapter/v2","Source":"C:\\Users\\User\\Documents\\GitHub\\Grupa-3-Verifikovani-i-Validirani-Softverasi\\Pijaca\\Zadatak 2\\bin\\Debug\\net5.0\\fine-code-coverage\\build-output\\Zadatak 2.dll","CodeFilePath":null,"LineNumber":-1,"Properties":[{"Key":{"Id":"TestCase.ManagedType","Label":"ManagedType","Category":"","Description":"","Attributes":1,"ValueType":"System.String"},"Value":"Zadatak_2.TDD"},{"Key":{"Id":"TestCase.ManagedMethod","Label":"ManagedMethod","Category":"","Description":"","Attributes":1,"ValueType":"System.String"},"Value":"DodavanjeMesnihProizvoda"},{"Key":{"Id":"MSTestDiscoverer.TestClassName","Label":"ClassName","Category":"","Description":"","Attributes":1,"ValueType":"System.String"},"Value":"Zadatak_2.TDD"},{"Key":{"Id":"TestObject.Traits","Label":"Traits","Category":"","Description":"","Attributes":5,"ValueType":"System.Collections.Generic.KeyValuePair`2[[System.String],[System.String]][]"},"Value":[]}]},"Attachments":[],"Outcome":1,"ErrorMessage":null,"ErrorStackTrace":null,"DisplayName":null,"Messages":[],"ComputerName":null,"Duration":"00:00:00.0059291","StartTime":"2021-11-26T15:14:23.2631129+01:00","EndTime":"2021-11-26T15:14:23.2701133+01:00","Properties":[{"Key":{"Id":"ExecutionId","Label":"ExecutionId","Category":"","Description":"","Attributes":1,"ValueType":"System.Guid"},"Value":"00000000-0000-0000-0000-000000000000"},{"Key":{"Id":"ParentExecId","Label":"ParentExecId","Category":"","Description":"","Attributes":1,"ValueType":"System.Guid"},"Value":"00000000-0000-0000-0000-000000000000"},{"Key":{"Id":"InnerResultsCount","Label":"InnerResultsCount","Category":"","Description":"","Attributes":1,"ValueType":"System.Int32"},"Value":0}]},{"TestCase":{"Id":"3f4528f8-6f76-6b66-8987-b10996504e89","FullyQualifiedName":"Zadatak_2.TDD.DodavanjeVoćaIBrisanje","DisplayName":"DodavanjeVoćaIBrisanje","ExecutorUri":"executor://MSTestAdapter/v2","Source":"C:\\Users\\User\\Documents\\GitHub\\Grupa-3-Verifikovani-i-Validirani-Softverasi\\Pijaca\\Zadatak 2\\bin\\Debug\\net5.0\\fine-code-coverage\\build-output\\Zadatak 2.dll","CodeFilePath":null,"LineNumber":-1,"Properties":[{"Key":{"Id":"TestCase.ManagedType","Label":"ManagedType","Category":"","Description":"","Attributes":1,"ValueType":"System.String"},"Value":"Zadatak_2.TDD"},{"Key":{"Id":"TestCase.ManagedMethod","Label":"ManagedMethod","Category":"","Description":"","Attributes":1,"ValueType":"System.String"},"Value":"DodavanjeVoćaIBrisanje"},{"Key":{"Id":"MSTestDiscoverer.TestClassName","Label":"ClassName","Category":"","Description":"","Attributes":1,"ValueType":"System.String"},"Value":"Zadatak_2.TDD"},{"Key":{"Id":"TestObject.Traits","Label":"Traits","Category":"","Description":"","Attributes":5,"ValueType":"System.Collections.Generic.KeyValuePair`2[[System.String],[System.String]][]"},"Value":[]}]},"Attachments":[],"Outcome":1,"ErrorMessage":null,"ErrorStackTrace":null,"DisplayName":null,"Messages":[],"ComputerName":null,"Duration":"00:00:00.0014899","StartTime":"2021-11-26T15:14:23.2761137+01:00","EndTime":"2021-11-26T15:14:23.2781138+01:00","Properties":[{"Key":{"Id":"ExecutionId","Label":"ExecutionId","Category":"","Description":"","Attributes":1,"ValueType":"System.Guid"},"Value":"00000000-0000-0000-0000-000000000000"},{"Key":{"Id":"ParentExecId","Label":"ParentExecId","Category":"","Description":"","Attributes":1,"ValueType":"System.Guid"},"Value":"00000000-0000-0000-0000-000000000000"},{"Key":{"Id":"InnerResultsCount","Label":"InnerResultsCount","Category":"","Description":"","Attributes":1,"ValueType":"System.Int32"},"Value":0}]},{"TestCase":{"Id":"94f032db-9346-302f-6689-ffa07b4ffe55","FullyQualifiedName":"Zadatak_2.TDD.NepodržaniTipDodavanja","DisplayName":"NepodržaniTipDodavanja","ExecutorUri":"executor://MSTestAdapter/v2","Source":"C:\\Users\\User\\Documents\\GitHub\\Grupa-3-Verifikovani-i-Validirani-Softverasi\\Pijaca\\Zadatak 2\\bin\\Debug\\net5.0\\fine-code-coverage\\build-output\\Zadatak 2.dll","CodeFilePath":null,"LineNumber":-1,"Properties":[{"Key":{"Id":"TestCase.ManagedType","Label":"ManagedType","Category":"","Description":"","Attributes":1,"ValueType":"System.String"},"Value":"Zadatak_2.TDD"},{"Key":{"Id":"TestCase.ManagedMethod","Label":"ManagedMethod","Category":"","Description":"","Attributes":1,"ValueType":"System.String"},"Value":"NepodržaniTipDodavanja"},{"Key":{"Id":"MSTestDiscoverer.TestClassName","Label":"ClassName","Category":"","Description":"","Attributes":1,"ValueType":"System.String"},"Value":"Zadatak_2.TDD"},{"Key":{"Id":"TestObject.Traits","Label":"Traits","Category":"","Description":"","Attributes":5,"ValueType":"System.Collections.Generic.KeyValuePair`2[[System.String],[System.String]][]"},"Value":[]}]},"Attachments":[],"Outcome":1,"ErrorMessage":null,"ErrorStackTrace":null,"DisplayName":null,"Messages":[],"ComputerName":null,"Duration":"00:00:00.0028669","StartTime":"2021-11-26T15:14:23.2861143+01:00","EndTime":"2021-11-26T15:14:23.2891144+01:00","Properties":[{"Key":{"Id":"ExecutionId","Label":"ExecutionId","Category":"","Description":"","Attributes":1,"ValueType":"System.Guid"},"Value":"00000000-0000-0000-0000-000000000000"},{"Key":{"Id":"ParentExecId","Label":"ParentExecId","Category":"","Description":"","Attributes":1,"ValueType":"System.Guid"},"Value":"00000000-0000-0000-0000-000000000000"},{"Key":{"Id":"InnerResultsCount","Label":"InnerResultsCount","Category":"","Description":"","Attributes":1,"ValueType":"System.Int32"},"Value":0}]},{"TestCase":{"Id":"0e86f05c-b4ae-450e-5451-e8f8450dc484","FullyQualifiedName":"Zadatak_2.TDD.NemogućeDodavanjeUzBrisanje","DisplayName":"NemogućeDodavanjeUzBrisanje","ExecutorUri":"executor://MSTestAdapter/v2","Source":"C:\\Users\\User\\Documents\\GitHub\\Grupa-3-Verifikovani-i-Validirani-Softverasi\\Pijaca\\Zadatak 2\\bin\\Debug\\net5.0\\fine-code-coverage\\build-output\\Zadatak 2.dll","CodeFilePath":null,"LineNumber":-1,"Properties":[{"Key":{"Id":"TestCase.ManagedType","Label":"ManagedType","Category":"","Description":"","Attributes":1,"ValueType":"System.String"},"Value":"Zadatak_2.TDD"},{"Key":{"Id":"TestCase.ManagedMethod","Label":"ManagedMethod","Category":"","Description":"","Attributes":1,"ValueType":"System.String"},"Value":"NemogućeDodavanjeUzBrisanje"},{"Key":{"Id":"MSTestDiscoverer.TestClassName","Label":"ClassName","Category":"","Description":"","Attributes":1,"ValueType":"System.String"},"Value":"Zadatak_2.TDD"},{"Key":{"Id":"TestObject.Traits","Label":"Traits","Category":"","Description":"","Attributes":5,"ValueType":"System.Collections.Generic.KeyValuePair`2[[System.String],[System.String]][]"},"Value":[]}]},"Attachments":[],"Outcome":1,"ErrorMessage":null,"ErrorStackTrace":null,"DisplayName":null,"Messages":[],"ComputerName":null,"Duration":"00:00:00.0011870","StartTime":"2021-11-26T15:14:23.3141159+01:00","EndTime":"2021-11-26T15:14:23.3151159+01:00","Properties":[{"Key":{"Id":"ExecutionId","Label":"ExecutionId","Category":"","Description":"","Attributes":1,"ValueType":"System.Guid"},"Value":"00000000-0000-0000-0000-000000000000"},{"Key":{"Id":"ParentExecId","Label":"ParentExecId","Category":"","Description":"","Attributes":1,"ValueType":"System.Guid"},"Value":"00000000-0000-0000-0000-000000000000"},{"Key":{"Id":"InnerResultsCount","Label":"InnerResultsCount","Category":"","Description":"","Attributes":1,"ValueType":"System.Int32"},"Value":0}]}],"TestRunStatistics":{"ExecutedTests":5,"Stats":{"Passed":5}},"ActiveTests":[]},"RunAttachments":[],"ExecutorUris":["executor://mstestadapter/v2"]}}
TpTrace Verbose: 0 : 13552, 4, 2021/11/26, 15:14:23.424, 371727190379, testhost.dll, BaseRunTests.RunTests: Run is complete.
TpTrace Verbose: 0 : 13552, 5, 2021/11/26, 15:14:23.427, 371727201102, testhost.dll, TcpClientExtensions.MessageLoopAsync: NotifyDataAvailable remoteEndPoint: [::ffff:127.0.0.1]:60711 localEndPoint: [::ffff:127.0.0.1]:60712
TpTrace Information: 0 : 13552, 5, 2021/11/26, 15:14:23.428, 371727202050, testhost.dll, TestRequestHandler.ProcessRequests: received message: (TestSession.Terminate) -> null
TpTrace Information: 0 : 13552, 5, 2021/11/26, 15:14:23.428, 371727202265, testhost.dll, Session End message received from server. Closing the connection.
TpTrace Information: 0 : 13552, 5, 2021/11/26, 15:14:23.428, 371727204336, testhost.dll, SocketClient.Stop: Stop communication from server endpoint: 127.0.0.1:060711
TpTrace Information: 0 : 13552, 5, 2021/11/26, 15:14:23.428, 371727204658, testhost.dll, SocketClient: Stop: Cancellation requested. Stopping message loop.
TpTrace Verbose: 0 : 13552, 5, 2021/11/26, 15:14:23.429, 371727205770, testhost.dll, LengthPrefixCommunicationChannel.Dispose: Dispose reader and writer.
TpTrace Information: 0 : 13552, 5, 2021/11/26, 15:14:23.429, 371727206021, testhost.dll, Closing the connection !
TpTrace Information: 0 : 13552, 5, 2021/11/26, 15:14:23.429, 371727207765, testhost.dll, SocketClient.PrivateStop: Stop communication from server endpoint: 127.0.0.1:060711, error:
TpTrace Verbose: 0 : 13552, 5, 2021/11/26, 15:14:23.430, 371727210379, testhost.dll, LengthPrefixCommunicationChannel.Dispose: Dispose reader and writer.
TpTrace Information: 0 : 13552, 1, 2021/11/26, 15:14:23.430, 371727210379, testhost.dll, Closing the connection !
TpTrace Verbose: 0 : 13552, 5, 2021/11/26, 15:14:23.430, 371727210876, testhost.dll, TcpClientExtensions.MessageLoopAsync: exiting MessageLoopAsync remoteEndPoint: [::ffff:127.0.0.1]:60711 localEndPoint: [::ffff:127.0.0.1]:60712
TpTrace Information: 0 : 13552, 1, 2021/11/26, 15:14:23.430, 371727211066, testhost.dll, SocketClient.Stop: Stop communication from server endpoint: 127.0.0.1:060711
TpTrace Verbose: 0 : 13552, 1, 2021/11/26, 15:14:23.430, 371727211305, testhost.dll, LengthPrefixCommunicationChannel.Dispose: Dispose reader and writer.
TpTrace Information: 0 : 13552, 1, 2021/11/26, 15:14:23.430, 371727211916, testhost.dll, Testhost process exiting.
