TpTrace Verbose: 0 : 19904, 1, 2021/11/28, 12:57:19.444, 5951732867189, testhost.dll, Version: 16.9.4
TpTrace Information: 0 : 19904, 1, 2021/11/28, 12:57:19.451, 5951732911272, testhost.dll, DefaultEngineInvoker.Invoke: Testhost process started with args :[--port, 61624],[--endpoint, 127.0.0.1:061624],[--role, client],[--parentprocessid, 10044],[--diag, C:\Users\Armin\Documents\GitHub\Grupa-3-Verifikovani-i-Validirani-Softverasi\Pijaca\Zadatak 2\bin\Debug\net5.0\fine-code-coverage\coverage-tool-output\diagnostics.host.21-11-28_12-57-19_25925_6.log],[--tracelevel, 4],[--datacollectionport, 61623],[--telemetryoptedin, false]
TpTrace Information: 0 : 19904, 1, 2021/11/28, 12:57:19.461, 5951733010862, testhost.dll, Setting up debug trace listener.
TpTrace Verbose: 0 : 19904, 1, 2021/11/28, 12:57:19.462, 5951733015139, testhost.dll, TestPlatformTraceListener.Setup: Replacing listener 0 with TestHostTraceListener.
TpTrace Verbose: 0 : 19904, 1, 2021/11/28, 12:57:19.462, 5951733016051, testhost.dll, TestPlatformTraceListener.Setup: Added test platform trace listener.
TpTrace Information: 0 : 19904, 1, 2021/11/28, 12:57:19.463, 5951733022138, testhost.dll, DefaultEngineInvoker.SetParentProcessExitCallback: Monitoring parent process with id: '10044'
TpTrace Information: 0 : 19904, 1, 2021/11/28, 12:57:19.469, 5951733083886, testhost.dll, DefaultEngineInvoker.GetConnectionInfo: Initialize communication on endpoint address: '127.0.0.1:061624'
TpTrace Information: 0 : 19904, 1, 2021/11/28, 12:57:19.487, 5951733265897, testhost.dll, SocketClient.Start: connecting to server endpoint: 127.0.0.1:061624
TpTrace Information: 0 : 19904, 1, 2021/11/28, 12:57:19.498, 5951733372171, testhost.dll, DefaultEngineInvoker.ConnectToDatacollector: Connecting to datacollector, port: 61623
TpTrace Information: 0 : 19904, 5, 2021/11/28, 12:57:19.498, 5951733379854, testhost.dll, SocketClient.OnServerConnected: connected to server endpoint: 127.0.0.1:061624
TpTrace Verbose: 0 : 19904, 5, 2021/11/28, 12:57:19.500, 5951733395043, testhost.dll, Connected to server, and starting MessageLoopAsync
TpTrace Information: 0 : 19904, 1, 2021/11/28, 12:57:19.500, 5951733399806, testhost.dll, Trying to connect to server on socket : 127.0.0.1:61623 
TpTrace Verbose: 0 : 19904, 1, 2021/11/28, 12:57:19.501, 5951733402966, testhost.dll, SocketCommunicationManager : SetupClientAsync : Attempting to connect to the server.
TpTrace Information: 0 : 19904, 9, 2021/11/28, 12:57:19.502, 5951733416999, testhost.dll, Connected to the server successfully 
TpTrace Verbose: 0 : 19904, 5, 2021/11/28, 12:57:19.502, 5951733417987, testhost.dll, TcpClientExtensions.MessageLoopAsync: Polling on remoteEndPoint: [::ffff:127.0.0.1]:61624 localEndPoint: [::ffff:127.0.0.1]:61625
TpTrace Information: 0 : 19904, 9, 2021/11/28, 12:57:19.502, 5951733418095, testhost.dll, Using the buffer size of 16384 bytes
TpTrace Verbose: 0 : 19904, 5, 2021/11/28, 12:57:19.502, 5951733420813, testhost.dll, TcpClientExtensions.MessageLoopAsync: NotifyDataAvailable remoteEndPoint: [::ffff:127.0.0.1]:61624 localEndPoint: [::ffff:127.0.0.1]:61625
TpTrace Information: 0 : 19904, 1, 2021/11/28, 12:57:19.503, 5951733422139, testhost.dll, DefaultEngineInvoker.Invoke: Start Request Processing.
TpTrace Information: 0 : 19904, 11, 2021/11/28, 12:57:19.504, 5951733436528, testhost.dll, DefaultEngineInvoker.StartProcessingAsync: Connected to vstest.console, Starting process requests.
TpTrace Information: 0 : 19904, 5, 2021/11/28, 12:57:19.648, 5951734876444, testhost.dll, TestRequestHandler.ProcessRequests: received message: (ProtocolVersion) -> 5
TpTrace Verbose: 0 : 19904, 5, 2021/11/28, 12:57:19.693, 5951735323417, testhost.dll, TestRequestHandler.SendData:  sending data from testhost: {"Version":5,"MessageType":"TestSession.Message","Payload":{"MessageLevel":0,"Message":"Logging TestHost Diagnostics in file: C:\\Users\\Armin\\Documents\\GitHub\\Grupa-3-Verifikovani-i-Validirani-Softverasi\\Pijaca\\Zadatak 2\\bin\\Debug\\net5.0\\fine-code-coverage\\coverage-tool-output\\diagnostics.host.21-11-28_12-57-19_25925_6.log"}}
TpTrace Verbose: 0 : 19904, 5, 2021/11/28, 12:57:19.693, 5951735328159, testhost.dll, TcpClientExtensions.MessageLoopAsync: Polling on remoteEndPoint: [::ffff:127.0.0.1]:61624 localEndPoint: [::ffff:127.0.0.1]:61625
TpTrace Verbose: 0 : 19904, 5, 2021/11/28, 12:57:19.693, 5951735329475, testhost.dll, TcpClientExtensions.MessageLoopAsync: NotifyDataAvailable remoteEndPoint: [::ffff:127.0.0.1]:61624 localEndPoint: [::ffff:127.0.0.1]:61625
TpTrace Information: 0 : 19904, 5, 2021/11/28, 12:57:19.698, 5951735373922, testhost.dll, TestRequestHandler.ProcessRequests: received message: (TestExecution.Initialize) -> [
  "C:\\Users\\Armin\\Documents\\GitHub\\Grupa-3-Verifikovani-i-Validirani-Softverasi\\Pijaca\\Zadatak 2\\bin\\Debug\\net5.0\\fine-code-coverage\\build-output\\Microsoft.VisualStudio.TestPlatform.MSTest.TestAdapter.dll"
]
TpTrace Information: 0 : 19904, 5, 2021/11/28, 12:57:19.698, 5951735375569, testhost.dll, Execution Session Initialize.
TpTrace Verbose: 0 : 19904, 5, 2021/11/28, 12:57:19.709, 5951735485558, testhost.dll, TcpClientExtensions.MessageLoopAsync: Polling on remoteEndPoint: [::ffff:127.0.0.1]:61624 localEndPoint: [::ffff:127.0.0.1]:61625
TpTrace Verbose: 0 : 19904, 5, 2021/11/28, 12:57:19.709, 5951735487452, testhost.dll, TcpClientExtensions.MessageLoopAsync: NotifyDataAvailable remoteEndPoint: [::ffff:127.0.0.1]:61624 localEndPoint: [::ffff:127.0.0.1]:61625
TpTrace Verbose: 0 : 19904, 4, 2021/11/28, 12:57:19.712, 5951735513562, testhost.dll, TestExecutorService: Loading the extensions
TpTrace Information: 0 : 19904, 5, 2021/11/28, 12:57:19.712, 5951735520529, testhost.dll, TestRequestHandler.ProcessRequests: received message: (TestExecution.StartWithSources) -> {
  "AdapterSourceMap": {
    "_none_": [
      "C:\\Users\\Armin\\Documents\\GitHub\\Grupa-3-Verifikovani-i-Validirani-Softverasi\\Pijaca\\Zadatak 2\\bin\\Debug\\net5.0\\fine-code-coverage\\build-output\\Zadatak 2.dll"
    ]
  },
  "RunSettings": "<RunSettings>\r\n  <RunConfiguration>\r\n    <ResultsDirectory>C:\\Users\\Armin\\Documents\\GitHub\\Grupa-3-Verifikovani-i-Validirani-Softverasi\\Pijaca\\Zadatak 2\\bin\\Debug\\net5.0\\fine-code-coverage\\coverage-tool-output</ResultsDirectory>\r\n    <TargetPlatform>X64</TargetPlatform>\r\n    <TargetFrameworkVersion>.NETCoreApp,Version=v5.0</TargetFrameworkVersion>\r\n    <DesignMode>False</DesignMode>\r\n    <CollectSourceInformation>False</CollectSourceInformation>\r\n  </RunConfiguration>\r\n  <LoggerRunSettings>\r\n    <Loggers>\r\n      <Logger friendlyName=\"blame\" enabled=\"True\" />\r\n      <Logger friendlyName=\"Console\" uri=\"logger://microsoft/TestPlatform/ConsoleLogger/v1\" assemblyQualifiedName=\"Microsoft.VisualStudio.TestPlatform.CommandLine.Internal.ConsoleLogger, vstest.console, Version=15.0.0.0, Culture=neutral, PublicKeyToken=b03f5f7f11d50a3a\" codeBase=\"C:\\Program Files\\dotnet\\sdk\\5.0.402\\vstest.console.dll\" enabled=\"True\" />\r\n    </Loggers>\r\n  </LoggerRunSettings>\r\n  <DataCollectionRunSettings>\r\n    <DataCollectors>\r\n      <DataCollector friendlyName=\"blame\" enabled=\"True\">\r\n        <Configuration>\r\n          <ResultsDirectory>C:\\Users\\Armin\\Documents\\GitHub\\Grupa-3-Verifikovani-i-Validirani-Softverasi\\Pijaca\\Zadatak 2\\bin\\Debug\\net5.0\\fine-code-coverage\\coverage-tool-output</ResultsDirectory>\r\n        </Configuration>\r\n      </DataCollector>\r\n    </DataCollectors>\r\n  </DataCollectionRunSettings>\r\n</RunSettings>",
  "TestExecutionContext": {
    "FrequencyOfRunStatsChangeEvent": 10,
    "RunStatsChangeEventTimeout": "00:00:01.5000000",
    "InIsolation": false,
    "KeepAlive": false,
    "AreTestCaseLevelEventsRequired": false,
    "IsDebug": false,
    "TestCaseFilter": null,
    "FilterOptions": null
  },
  "Package": null
}
TpTrace Information: 0 : 19904, 5, 2021/11/28, 12:57:19.713, 5951735521982, testhost.dll, Execution started.
TpTrace Verbose: 0 : 19904, 4, 2021/11/28, 12:57:19.713, 5951735531327, testhost.dll, TestPluginCache.DiscoverTestExtensions: finding test extensions in assemblies ends with: TestAdapter.dll TPluginInfo: Microsoft.VisualStudio.TestPlatform.Common.ExtensionFramework.Utilities.TestExecutorPluginInformation TExtension: Microsoft.VisualStudio.TestPlatform.ObjectModel.Adapter.ITestExecutor
TpTrace Verbose: 0 : 19904, 4, 2021/11/28, 12:57:19.715, 5951735542123, testhost.dll, TestPluginCache.GetExtensionPaths: Filtered extension paths: 
TpTrace Verbose: 0 : 19904, 4, 2021/11/28, 12:57:19.715, 5951735547193, testhost.dll, TestPluginCache.GetExtensionPaths: Added default extension paths: C:\Users\Armin\Documents\GitHub\Grupa-3-Verifikovani-i-Validirani-Softverasi\Pijaca\Zadatak 2\bin\Debug\net5.0\fine-code-coverage\build-output\Microsoft.VisualStudio.TestPlatform.MSTest.TestAdapter.dll
TpTrace Verbose: 0 : 19904, 4, 2021/11/28, 12:57:19.715, 5951735548003, testhost.dll, TestPluginCache.GetExtensionPaths: Added unfilterableExtensionPaths: 
TpTrace Information: 0 : 19904, 4, 2021/11/28, 12:57:19.718, 5951735571846, testhost.dll, AssemblyResolver.ctor: Creating AssemblyResolver with searchDirectories C:\Users\Armin\Documents\GitHub\Grupa-3-Verifikovani-i-Validirani-Softverasi\Pijaca\Zadatak 2\bin\Debug\net5.0\fine-code-coverage\build-output
TpTrace Verbose: 0 : 19904, 4, 2021/11/28, 12:57:19.719, 5951735589724, testhost.dll, TestPluginCache.DiscoverTestExtensions: Discovering the extensions using extension path.
TpTrace Verbose: 0 : 19904, 4, 2021/11/28, 12:57:19.720, 5951735591613, testhost.dll, TestPluginCache.GetExtensionPaths: Filtered extension paths: 
TpTrace Verbose: 0 : 19904, 4, 2021/11/28, 12:57:19.720, 5951735592052, testhost.dll, TestPluginCache.GetExtensionPaths: Added default extension paths: C:\Users\Armin\Documents\GitHub\Grupa-3-Verifikovani-i-Validirani-Softverasi\Pijaca\Zadatak 2\bin\Debug\net5.0\fine-code-coverage\build-output\Microsoft.VisualStudio.TestPlatform.MSTest.TestAdapter.dll
TpTrace Verbose: 0 : 19904, 4, 2021/11/28, 12:57:19.720, 5951735592343, testhost.dll, TestPluginCache.GetExtensionPaths: Added unfilterableExtensionPaths: 
TpTrace Verbose: 0 : 19904, 4, 2021/11/28, 12:57:19.720, 5951735592965, testhost.dll, TestPluginCache.DiscoverTestExtensions: Discovering the extensions using allExtensionPaths: C:\Users\Armin\Documents\GitHub\Grupa-3-Verifikovani-i-Validirani-Softverasi\Pijaca\Zadatak 2\bin\Debug\net5.0\fine-code-coverage\build-output\Microsoft.VisualStudio.TestPlatform.MSTest.TestAdapter.dll
TpTrace Information: 0 : 19904, 4, 2021/11/28, 12:57:19.723, 5951735625477, testhost.dll, AssemblyResolver.AddSearchDirectories: Adding more searchDirectories C:\Users\Armin\Documents\GitHub\Grupa-3-Verifikovani-i-Validirani-Softverasi\Pijaca\Zadatak 2\bin\Debug\net5.0\fine-code-coverage\build-output
TpTrace Information: 0 : 19904, 4, 2021/11/28, 12:57:19.731, 5951735703663, testhost.dll, AssemblyResolver.OnResolve: Microsoft.VisualStudio.TestPlatform.MSTest.TestAdapter: Resolving assembly.
TpTrace Information: 0 : 19904, 4, 2021/11/28, 12:57:19.734, 5951735732329, testhost.dll, AssemblyResolver.OnResolve: Resolved assembly: Microsoft.VisualStudio.TestPlatform.MSTest.TestAdapter, from path: C:\Users\Armin\Documents\GitHub\Grupa-3-Verifikovani-i-Validirani-Softverasi\Pijaca\Zadatak 2\bin\Debug\net5.0\fine-code-coverage\build-output\Microsoft.VisualStudio.TestPlatform.MSTest.TestAdapter.dll
TpTrace Verbose: 0 : 19904, 4, 2021/11/28, 12:57:19.745, 5951735848758, testhost.dll, TestPluginCache: Discovered the extensions using extension path ''.
TpTrace Verbose: 0 : 19904, 4, 2021/11/28, 12:57:19.746, 5951735853508, testhost.dll, TestPluginCache: Discoverers are ''.
TpTrace Verbose: 0 : 19904, 4, 2021/11/28, 12:57:19.746, 5951735854470, testhost.dll, TestPluginCache: Executors are 'executor://MSTestAdapter/v2'.
TpTrace Verbose: 0 : 19904, 4, 2021/11/28, 12:57:19.746, 5951735855232, testhost.dll, TestPluginCache: Executors2 are ''.
TpTrace Verbose: 0 : 19904, 4, 2021/11/28, 12:57:19.746, 5951735855881, testhost.dll, TestPluginCache: Setting providers are ''.
TpTrace Verbose: 0 : 19904, 4, 2021/11/28, 12:57:19.746, 5951735856422, testhost.dll, TestPluginCache: Loggers are ''.
TpTrace Verbose: 0 : 19904, 4, 2021/11/28, 12:57:19.749, 5951735884406, testhost.dll, TestPluginCache.DiscoverTestExtensions: finding test extensions in assemblies ends with: TestAdapter.dll TPluginInfo: Microsoft.VisualStudio.TestPlatform.Common.ExtensionFramework.Utilities.TestExecutorPluginInformation2 TExtension: Microsoft.VisualStudio.TestPlatform.ObjectModel.Adapter.ITestExecutor2
TpTrace Verbose: 0 : 19904, 4, 2021/11/28, 12:57:19.749, 5951735887506, testhost.dll, TestPluginCache.GetExtensionPaths: Filtered extension paths: 
TpTrace Verbose: 0 : 19904, 4, 2021/11/28, 12:57:19.749, 5951735888333, testhost.dll, TestPluginCache.GetExtensionPaths: Added default extension paths: C:\Users\Armin\Documents\GitHub\Grupa-3-Verifikovani-i-Validirani-Softverasi\Pijaca\Zadatak 2\bin\Debug\net5.0\fine-code-coverage\build-output\Microsoft.VisualStudio.TestPlatform.MSTest.TestAdapter.dll
TpTrace Verbose: 0 : 19904, 4, 2021/11/28, 12:57:19.749, 5951735888659, testhost.dll, TestPluginCache.GetExtensionPaths: Added unfilterableExtensionPaths: 
TpTrace Verbose: 0 : 19904, 5, 2021/11/28, 12:57:19.749, 5951735890008, testhost.dll, TcpClientExtensions.MessageLoopAsync: Polling on remoteEndPoint: [::ffff:127.0.0.1]:61624 localEndPoint: [::ffff:127.0.0.1]:61625
TpTrace Information: 0 : 19904, 4, 2021/11/28, 12:57:19.749, 5951735890758, testhost.dll, AssemblyResolver.AddSearchDirectories: Adding more searchDirectories C:\Users\Armin\Documents\GitHub\Grupa-3-Verifikovani-i-Validirani-Softverasi\Pijaca\Zadatak 2\bin\Debug\net5.0\fine-code-coverage\build-output
TpTrace Verbose: 0 : 19904, 4, 2021/11/28, 12:57:19.749, 5951735891307, testhost.dll, TestPluginCache.DiscoverTestExtensions: Discovering the extensions using extension path.
TpTrace Verbose: 0 : 19904, 4, 2021/11/28, 12:57:19.750, 5951735891640, testhost.dll, TestPluginCache.GetExtensionPaths: Filtered extension paths: 
TpTrace Verbose: 0 : 19904, 4, 2021/11/28, 12:57:19.750, 5951735891932, testhost.dll, TestPluginCache.GetExtensionPaths: Added default extension paths: C:\Users\Armin\Documents\GitHub\Grupa-3-Verifikovani-i-Validirani-Softverasi\Pijaca\Zadatak 2\bin\Debug\net5.0\fine-code-coverage\build-output\Microsoft.VisualStudio.TestPlatform.MSTest.TestAdapter.dll
TpTrace Verbose: 0 : 19904, 4, 2021/11/28, 12:57:19.750, 5951735892213, testhost.dll, TestPluginCache.GetExtensionPaths: Added unfilterableExtensionPaths: 
TpTrace Verbose: 0 : 19904, 4, 2021/11/28, 12:57:19.750, 5951735893115, testhost.dll, TestPluginCache.DiscoverTestExtensions: Discovering the extensions using allExtensionPaths: C:\Users\Armin\Documents\GitHub\Grupa-3-Verifikovani-i-Validirani-Softverasi\Pijaca\Zadatak 2\bin\Debug\net5.0\fine-code-coverage\build-output\Microsoft.VisualStudio.TestPlatform.MSTest.TestAdapter.dll
TpTrace Information: 0 : 19904, 4, 2021/11/28, 12:57:19.750, 5951735893563, testhost.dll, AssemblyResolver.AddSearchDirectories: Adding more searchDirectories C:\Users\Armin\Documents\GitHub\Grupa-3-Verifikovani-i-Validirani-Softverasi\Pijaca\Zadatak 2\bin\Debug\net5.0\fine-code-coverage\build-output
TpTrace Verbose: 0 : 19904, 4, 2021/11/28, 12:57:19.750, 5951735897116, testhost.dll, TestPluginCache: Discovered the extensions using extension path ''.
TpTrace Verbose: 0 : 19904, 4, 2021/11/28, 12:57:19.750, 5951735897679, testhost.dll, TestPluginCache: Discoverers are ''.
TpTrace Verbose: 0 : 19904, 4, 2021/11/28, 12:57:19.750, 5951735898556, testhost.dll, TestPluginCache: Executors are 'executor://MSTestAdapter/v2'.
TpTrace Verbose: 0 : 19904, 4, 2021/11/28, 12:57:19.750, 5951735899268, testhost.dll, TestPluginCache: Executors2 are ''.
TpTrace Verbose: 0 : 19904, 4, 2021/11/28, 12:57:19.750, 5951735899620, testhost.dll, TestPluginCache: Setting providers are ''.
TpTrace Verbose: 0 : 19904, 4, 2021/11/28, 12:57:19.750, 5951735899889, testhost.dll, TestPluginCache: Loggers are ''.
TpTrace Information: 0 : 19904, 4, 2021/11/28, 12:57:19.760, 5951735991596, testhost.dll, TestPluginManager.CreateTestExtension: Attempting to load test extension: Microsoft.VisualStudio.TestPlatform.MSTest.TestAdapter.MSTestExecutor
TpTrace Verbose: 0 : 19904, 4, 2021/11/28, 12:57:19.767, 5951736064218, testhost.dll, TestExecutorExtensionManager: Loading executor Microsoft.VisualStudio.TestPlatform.MSTest.TestAdapter.MSTestExecutor
TpTrace Verbose: 0 : 19904, 4, 2021/11/28, 12:57:19.767, 5951736065474, testhost.dll, TestExecutorService: Loaded the executors
TpTrace Verbose: 0 : 19904, 4, 2021/11/28, 12:57:19.768, 5951736074295, testhost.dll, TestPluginCache.DiscoverTestExtensions: finding test extensions in assemblies ends with: TestAdapter.dll TPluginInfo: Microsoft.VisualStudio.TestPlatform.Common.ExtensionFramework.Utilities.TestSettingsProviderPluginInformation TExtension: Microsoft.VisualStudio.TestPlatform.ObjectModel.Adapter.ISettingsProvider
TpTrace Verbose: 0 : 19904, 4, 2021/11/28, 12:57:19.768, 5951736076001, testhost.dll, TestPluginCache.GetExtensionPaths: Filtered extension paths: 
TpTrace Verbose: 0 : 19904, 4, 2021/11/28, 12:57:19.768, 5951736076424, testhost.dll, TestPluginCache.GetExtensionPaths: Added default extension paths: C:\Users\Armin\Documents\GitHub\Grupa-3-Verifikovani-i-Validirani-Softverasi\Pijaca\Zadatak 2\bin\Debug\net5.0\fine-code-coverage\build-output\Microsoft.VisualStudio.TestPlatform.MSTest.TestAdapter.dll
TpTrace Verbose: 0 : 19904, 4, 2021/11/28, 12:57:19.768, 5951736076707, testhost.dll, TestPluginCache.GetExtensionPaths: Added unfilterableExtensionPaths: 
TpTrace Information: 0 : 19904, 4, 2021/11/28, 12:57:19.768, 5951736078233, testhost.dll, AssemblyResolver.AddSearchDirectories: Adding more searchDirectories C:\Users\Armin\Documents\GitHub\Grupa-3-Verifikovani-i-Validirani-Softverasi\Pijaca\Zadatak 2\bin\Debug\net5.0\fine-code-coverage\build-output
TpTrace Verbose: 0 : 19904, 4, 2021/11/28, 12:57:19.768, 5951736078715, testhost.dll, TestPluginCache.DiscoverTestExtensions: Discovering the extensions using extension path.
TpTrace Verbose: 0 : 19904, 4, 2021/11/28, 12:57:19.768, 5951736079018, testhost.dll, TestPluginCache.GetExtensionPaths: Filtered extension paths: 
TpTrace Verbose: 0 : 19904, 4, 2021/11/28, 12:57:19.768, 5951736079273, testhost.dll, TestPluginCache.GetExtensionPaths: Added default extension paths: C:\Users\Armin\Documents\GitHub\Grupa-3-Verifikovani-i-Validirani-Softverasi\Pijaca\Zadatak 2\bin\Debug\net5.0\fine-code-coverage\build-output\Microsoft.VisualStudio.TestPlatform.MSTest.TestAdapter.dll
TpTrace Verbose: 0 : 19904, 4, 2021/11/28, 12:57:19.768, 5951736079712, testhost.dll, TestPluginCache.GetExtensionPaths: Added unfilterableExtensionPaths: 
TpTrace Verbose: 0 : 19904, 4, 2021/11/28, 12:57:19.768, 5951736080036, testhost.dll, TestPluginCache.DiscoverTestExtensions: Discovering the extensions using allExtensionPaths: C:\Users\Armin\Documents\GitHub\Grupa-3-Verifikovani-i-Validirani-Softverasi\Pijaca\Zadatak 2\bin\Debug\net5.0\fine-code-coverage\build-output\Microsoft.VisualStudio.TestPlatform.MSTest.TestAdapter.dll
TpTrace Information: 0 : 19904, 4, 2021/11/28, 12:57:19.768, 5951736080408, testhost.dll, AssemblyResolver.AddSearchDirectories: Adding more searchDirectories C:\Users\Armin\Documents\GitHub\Grupa-3-Verifikovani-i-Validirani-Softverasi\Pijaca\Zadatak 2\bin\Debug\net5.0\fine-code-coverage\build-output
TpTrace Verbose: 0 : 19904, 4, 2021/11/28, 12:57:19.769, 5951736082642, testhost.dll, TestPluginCache: Discovered the extensions using extension path ''.
TpTrace Verbose: 0 : 19904, 4, 2021/11/28, 12:57:19.769, 5951736083180, testhost.dll, TestPluginCache: Discoverers are ''.
TpTrace Verbose: 0 : 19904, 4, 2021/11/28, 12:57:19.769, 5951736083477, testhost.dll, TestPluginCache: Executors are 'executor://MSTestAdapter/v2'.
TpTrace Verbose: 0 : 19904, 4, 2021/11/28, 12:57:19.769, 5951736083750, testhost.dll, TestPluginCache: Executors2 are ''.
TpTrace Verbose: 0 : 19904, 4, 2021/11/28, 12:57:19.769, 5951736084116, testhost.dll, TestPluginCache: Setting providers are ''.
TpTrace Verbose: 0 : 19904, 4, 2021/11/28, 12:57:19.769, 5951736084385, testhost.dll, TestPluginCache: Loggers are ''.
TpTrace Verbose: 0 : 19904, 4, 2021/11/28, 12:57:19.770, 5951736093665, testhost.dll, TestExecutorService: Loaded the settings providers
TpTrace Information: 0 : 19904, 4, 2021/11/28, 12:57:19.770, 5951736099136, testhost.dll, TestExecutorService: Loaded the extensions
TpTrace Information: 0 : 19904, 4, 2021/11/28, 12:57:19.868, 5951737075236, testhost.dll, TestDiscoveryManager: Discovering tests from sources C:\Users\Armin\Documents\GitHub\Grupa-3-Verifikovani-i-Validirani-Softverasi\Pijaca\Zadatak 2\bin\Debug\net5.0\fine-code-coverage\build-output\Zadatak 2.dll
TpTrace Verbose: 0 : 19904, 4, 2021/11/28, 12:57:19.870, 5951737098505, testhost.dll, TestPluginCache.DiscoverTestExtensions: finding test extensions in assemblies ends with: TestAdapter.dll TPluginInfo: Microsoft.VisualStudio.TestPlatform.Common.ExtensionFramework.Utilities.TestDiscovererPluginInformation TExtension: Microsoft.VisualStudio.TestPlatform.ObjectModel.Adapter.ITestDiscoverer
TpTrace Verbose: 0 : 19904, 4, 2021/11/28, 12:57:19.871, 5951737108063, testhost.dll, TestPluginCache.GetExtensionPaths: Filtered extension paths: 
TpTrace Verbose: 0 : 19904, 4, 2021/11/28, 12:57:19.871, 5951737111366, testhost.dll, TestPluginCache.GetExtensionPaths: Added default extension paths: C:\Users\Armin\Documents\GitHub\Grupa-3-Verifikovani-i-Validirani-Softverasi\Pijaca\Zadatak 2\bin\Debug\net5.0\fine-code-coverage\build-output\Microsoft.VisualStudio.TestPlatform.MSTest.TestAdapter.dll
TpTrace Verbose: 0 : 19904, 4, 2021/11/28, 12:57:19.872, 5951737112244, testhost.dll, TestPluginCache.GetExtensionPaths: Added unfilterableExtensionPaths: 
TpTrace Information: 0 : 19904, 4, 2021/11/28, 12:57:19.872, 5951737118531, testhost.dll, AssemblyResolver.AddSearchDirectories: Adding more searchDirectories C:\Users\Armin\Documents\GitHub\Grupa-3-Verifikovani-i-Validirani-Softverasi\Pijaca\Zadatak 2\bin\Debug\net5.0\fine-code-coverage\build-output
TpTrace Verbose: 0 : 19904, 4, 2021/11/28, 12:57:19.873, 5951737123563, testhost.dll, TestPluginCache.DiscoverTestExtensions: Discovering the extensions using extension path.
TpTrace Verbose: 0 : 19904, 4, 2021/11/28, 12:57:19.873, 5951737125585, testhost.dll, TestPluginCache.GetExtensionPaths: Filtered extension paths: 
TpTrace Verbose: 0 : 19904, 4, 2021/11/28, 12:57:19.873, 5951737128715, testhost.dll, TestPluginCache.GetExtensionPaths: Added default extension paths: C:\Users\Armin\Documents\GitHub\Grupa-3-Verifikovani-i-Validirani-Softverasi\Pijaca\Zadatak 2\bin\Debug\net5.0\fine-code-coverage\build-output\Microsoft.VisualStudio.TestPlatform.MSTest.TestAdapter.dll
TpTrace Verbose: 0 : 19904, 4, 2021/11/28, 12:57:19.873, 5951737129580, testhost.dll, TestPluginCache.GetExtensionPaths: Added unfilterableExtensionPaths: 
TpTrace Verbose: 0 : 19904, 4, 2021/11/28, 12:57:19.873, 5951737130354, testhost.dll, TestPluginCache.DiscoverTestExtensions: Discovering the extensions using allExtensionPaths: C:\Users\Armin\Documents\GitHub\Grupa-3-Verifikovani-i-Validirani-Softverasi\Pijaca\Zadatak 2\bin\Debug\net5.0\fine-code-coverage\build-output\Microsoft.VisualStudio.TestPlatform.MSTest.TestAdapter.dll
TpTrace Information: 0 : 19904, 4, 2021/11/28, 12:57:19.874, 5951737131922, testhost.dll, AssemblyResolver.AddSearchDirectories: Adding more searchDirectories C:\Users\Armin\Documents\GitHub\Grupa-3-Verifikovani-i-Validirani-Softverasi\Pijaca\Zadatak 2\bin\Debug\net5.0\fine-code-coverage\build-output
TpTrace Verbose: 0 : 19904, 4, 2021/11/28, 12:57:19.877, 5951737167589, testhost.dll, TestPluginCache: Discovered the extensions using extension path ''.
TpTrace Verbose: 0 : 19904, 4, 2021/11/28, 12:57:19.877, 5951737170126, testhost.dll, TestPluginCache: Discoverers are 'Microsoft.VisualStudio.TestPlatform.MSTest.TestAdapter.MSTestDiscoverer, Microsoft.VisualStudio.TestPlatform.MSTest.TestAdapter, Version=14.0.0.0, Culture=neutral, PublicKeyToken=b03f5f7f11d50a3a'.
TpTrace Verbose: 0 : 19904, 4, 2021/11/28, 12:57:19.877, 5951737170779, testhost.dll, TestPluginCache: Executors are 'executor://MSTestAdapter/v2'.
TpTrace Verbose: 0 : 19904, 4, 2021/11/28, 12:57:19.877, 5951737171287, testhost.dll, TestPluginCache: Executors2 are ''.
TpTrace Verbose: 0 : 19904, 4, 2021/11/28, 12:57:19.878, 5951737171931, testhost.dll, TestPluginCache: Setting providers are ''.
TpTrace Verbose: 0 : 19904, 4, 2021/11/28, 12:57:19.878, 5951737172604, testhost.dll, TestPluginCache: Loggers are ''.
TpTrace Verbose: 0 : 19904, 4, 2021/11/28, 12:57:19.886, 5951737253133, testhost.dll, BaseRunTests.RunTestInternalWithExecutors: Running tests for executor://MSTestAdapter/v2
TpTrace Information: 0 : 19904, 4, 2021/11/28, 12:57:19.886, 5951737260816, testhost.dll, AssemblyResolver.OnResolve: Microsoft.VisualStudio.TestPlatform.MSTestAdapter.PlatformServices.Interface: Resolving assembly.
TpTrace Information: 0 : 19904, 4, 2021/11/28, 12:57:19.890, 5951737296262, testhost.dll, AssemblyResolver.OnResolve: Resolved assembly: Microsoft.VisualStudio.TestPlatform.MSTestAdapter.PlatformServices.Interface, from path: C:\Users\Armin\Documents\GitHub\Grupa-3-Verifikovani-i-Validirani-Softverasi\Pijaca\Zadatak 2\bin\Debug\net5.0\fine-code-coverage\build-output\Microsoft.VisualStudio.TestPlatform.MSTestAdapter.PlatformServices.Interface.dll
TpTrace Information: 0 : 19904, 4, 2021/11/28, 12:57:19.892, 5951737320607, testhost.dll, AssemblyResolver.OnResolve: Microsoft.VisualStudio.TestPlatform.MSTestAdapter.PlatformServices: Resolving assembly.
TpTrace Information: 0 : 19904, 4, 2021/11/28, 12:57:19.894, 5951737336368, testhost.dll, AssemblyResolver.OnResolve: Resolved assembly: Microsoft.VisualStudio.TestPlatform.MSTestAdapter.PlatformServices, from path: C:\Users\Armin\Documents\GitHub\Grupa-3-Verifikovani-i-Validirani-Softverasi\Pijaca\Zadatak 2\bin\Debug\net5.0\fine-code-coverage\build-output\Microsoft.VisualStudio.TestPlatform.MSTestAdapter.PlatformServices.dll
TpTrace Information: 0 : 19904, 4, 2021/11/28, 12:57:19.895, 5951737343321, testhost.dll, MSTest - MSTestExecutor.RunTests: Running tests from sources.
TpTrace Information: 0 : 19904, 4, 2021/11/28, 12:57:19.898, 5951737375397, testhost.dll, MSTest - CollectSourceInformation value Found : False 
TpTrace Information: 0 : 19904, 4, 2021/11/28, 12:57:19.926, 5951737658647, testhost.dll, AssemblyResolver.OnResolve: Microsoft.TestPlatform.AdapterUtilities: Resolving assembly.
TpTrace Information: 0 : 19904, 4, 2021/11/28, 12:57:19.927, 5951737668959, testhost.dll, AssemblyResolver.OnResolve: Resolved assembly: Microsoft.TestPlatform.AdapterUtilities, from path: C:\Users\Armin\Documents\GitHub\Grupa-3-Verifikovani-i-Validirani-Softverasi\Pijaca\Zadatak 2\bin\Debug\net5.0\fine-code-coverage\build-output\Microsoft.TestPlatform.AdapterUtilities.dll
TpTrace Information: 0 : 19904, 4, 2021/11/28, 12:57:19.940, 5951737793917, testhost.dll, MSTest - MSTestDiscoverer: Found 5 tests from source C:\Users\Armin\Documents\GitHub\Grupa-3-Verifikovani-i-Validirani-Softverasi\Pijaca\Zadatak 2\bin\Debug\net5.0\fine-code-coverage\build-output\Zadatak 2.dll
TpTrace Information: 0 : 19904, 4, 2021/11/28, 12:57:19.957, 5951737962680, testhost.dll, AssemblyResolver.OnResolve: Microsoft.VisualStudio.TestPlatform.MSTestAdapter.PlatformServices.resources: Resolving assembly.
TpTrace Information: 0 : 19904, 4, 2021/11/28, 12:57:19.957, 5951737970257, testhost.dll, AssemblyResolver.OnResolve: Microsoft.VisualStudio.TestPlatform.MSTestAdapter.PlatformServices.resources: Failed to load assembly.
TpTrace Information: 0 : 19904, 4, 2021/11/28, 12:57:19.959, 5951737988214, testhost.dll, AssemblyResolver.OnResolve: Microsoft.VisualStudio.TestPlatform.MSTestAdapter.PlatformServices.resources: Resolving assembly.
TpTrace Information: 0 : 19904, 4, 2021/11/28, 12:57:19.959, 5951737989495, testhost.dll, AssemblyResolver.OnResolve: Microsoft.VisualStudio.TestPlatform.MSTestAdapter.PlatformServices.resources: Resolved from cache.
TpTrace Information: 0 : 19904, 4, 2021/11/28, 12:57:19.972, 5951738118227, testhost.dll, MSTest - Created unit-test runner C:\Users\Armin\Documents\GitHub\Grupa-3-Verifikovani-i-Validirani-Softverasi\Pijaca\Zadatak 2\bin\Debug\net5.0\fine-code-coverage\build-output\Zadatak 2.dll
TpTrace Verbose: 0 : 19904, 4, 2021/11/28, 12:57:19.980, 5951738199015, testhost.dll, TestExecutionRecorder.RecordStart: Starting test: Zadatak_2.TDD.TestZamjenskiObjekat.
TpTrace Information: 0 : 19904, 4, 2021/11/28, 12:57:20.074, 5951739132511, testhost.dll, MSTest - Executing test TestZamjenskiObjekat
TpTrace Information: 0 : 19904, 4, 2021/11/28, 12:57:20.122, 5951739621684, testhost.dll, MSTest - Executed test TestZamjenskiObjekat
TpTrace Verbose: 0 : 19904, 4, 2021/11/28, 12:57:20.128, 5951739673999, testhost.dll, TestExecutionRecorder.RecordEnd: test: Zadatak_2.TDD.TestZamjenskiObjekat execution completed.
TpTrace Verbose: 0 : 19904, 4, 2021/11/28, 12:57:20.148, 5951739877802, testhost.dll, TestExecutionRecorder.RecordResult: Received result for test: Zadatak_2.TDD.TestZamjenskiObjekat.
TpTrace Warning: 0 : 19904, 4, 2021/11/28, 12:57:20.152, 5951739918429, testhost.dll, TestRunCache: InProgressTests is null
TpTrace Warning: 0 : 19904, 4, 2021/11/28, 12:57:20.152, 5951739920322, testhost.dll, TestRunCache: No test found corresponding to testResult '' in inProgress list.
TpTrace Verbose: 0 : 19904, 4, 2021/11/28, 12:57:20.152, 5951739921397, testhost.dll, TestExecutionRecorder.RecordStart: Starting test: Zadatak_2.TDD.DodavanjeMesnihProizvoda.
TpTrace Information: 0 : 19904, 4, 2021/11/28, 12:57:20.158, 5951739976145, testhost.dll, MSTest - Executing test DodavanjeMesnihProizvoda
TpTrace Information: 0 : 19904, 4, 2021/11/28, 12:57:20.167, 5951740064836, testhost.dll, MSTest - Executed test DodavanjeMesnihProizvoda
TpTrace Verbose: 0 : 19904, 4, 2021/11/28, 12:57:20.167, 5951740066177, testhost.dll, TestExecutionRecorder.RecordEnd: test: Zadatak_2.TDD.DodavanjeMesnihProizvoda execution completed.
TpTrace Verbose: 0 : 19904, 4, 2021/11/28, 12:57:20.169, 5951740084166, testhost.dll, TestExecutionRecorder.RecordResult: Received result for test: Zadatak_2.TDD.DodavanjeMesnihProizvoda.
TpTrace Warning: 0 : 19904, 4, 2021/11/28, 12:57:20.169, 5951740085009, testhost.dll, TestRunCache: InProgressTests is null
TpTrace Warning: 0 : 19904, 4, 2021/11/28, 12:57:20.169, 5951740085322, testhost.dll, TestRunCache: No test found corresponding to testResult '' in inProgress list.
TpTrace Verbose: 0 : 19904, 4, 2021/11/28, 12:57:20.169, 5951740085925, testhost.dll, TestExecutionRecorder.RecordStart: Starting test: Zadatak_2.TDD.DodavanjeVoćaIBrisanje.
TpTrace Information: 0 : 19904, 4, 2021/11/28, 12:57:20.174, 5951740134127, testhost.dll, MSTest - Executing test DodavanjeVoćaIBrisanje
TpTrace Information: 0 : 19904, 4, 2021/11/28, 12:57:20.176, 5951740155794, testhost.dll, MSTest - Executed test DodavanjeVoćaIBrisanje
TpTrace Verbose: 0 : 19904, 4, 2021/11/28, 12:57:20.176, 5951740158053, testhost.dll, TestExecutionRecorder.RecordEnd: test: Zadatak_2.TDD.DodavanjeVoćaIBrisanje execution completed.
TpTrace Verbose: 0 : 19904, 4, 2021/11/28, 12:57:20.182, 5951740219388, testhost.dll, TestExecutionRecorder.RecordResult: Received result for test: Zadatak_2.TDD.DodavanjeVoćaIBrisanje.
TpTrace Warning: 0 : 19904, 4, 2021/11/28, 12:57:20.182, 5951740220645, testhost.dll, TestRunCache: InProgressTests is null
TpTrace Warning: 0 : 19904, 4, 2021/11/28, 12:57:20.182, 5951740221083, testhost.dll, TestRunCache: No test found corresponding to testResult '' in inProgress list.
TpTrace Verbose: 0 : 19904, 4, 2021/11/28, 12:57:20.183, 5951740222089, testhost.dll, TestExecutionRecorder.RecordStart: Starting test: Zadatak_2.TDD.NepodržaniTipDodavanja.
TpTrace Information: 0 : 19904, 4, 2021/11/28, 12:57:20.185, 5951740243358, testhost.dll, MSTest - Executing test NepodržaniTipDodavanja
TpTrace Information: 0 : 19904, 4, 2021/11/28, 12:57:20.190, 5951740296433, testhost.dll, MSTest - Executed test NepodržaniTipDodavanja
TpTrace Verbose: 0 : 19904, 4, 2021/11/28, 12:57:20.190, 5951740298673, testhost.dll, TestExecutionRecorder.RecordEnd: test: Zadatak_2.TDD.NepodržaniTipDodavanja execution completed.
TpTrace Verbose: 0 : 19904, 4, 2021/11/28, 12:57:20.193, 5951740322073, testhost.dll, TestExecutionRecorder.RecordResult: Received result for test: Zadatak_2.TDD.NepodržaniTipDodavanja.
TpTrace Warning: 0 : 19904, 4, 2021/11/28, 12:57:20.193, 5951740324221, testhost.dll, TestRunCache: InProgressTests is null
TpTrace Warning: 0 : 19904, 4, 2021/11/28, 12:57:20.193, 5951740324748, testhost.dll, TestRunCache: No test found corresponding to testResult '' in inProgress list.
TpTrace Verbose: 0 : 19904, 4, 2021/11/28, 12:57:20.193, 5951740325586, testhost.dll, TestExecutionRecorder.RecordStart: Starting test: Zadatak_2.TDD.NemogućeDodavanjeUzBrisanje.
TpTrace Information: 0 : 19904, 4, 2021/11/28, 12:57:20.195, 5951740344140, testhost.dll, MSTest - Executing test NemogućeDodavanjeUzBrisanje
TpTrace Information: 0 : 19904, 4, 2021/11/28, 12:57:20.196, 5951740356912, testhost.dll, MSTest - Executed test NemogućeDodavanjeUzBrisanje
TpTrace Verbose: 0 : 19904, 4, 2021/11/28, 12:57:20.196, 5951740358040, testhost.dll, TestExecutionRecorder.RecordEnd: test: Zadatak_2.TDD.NemogućeDodavanjeUzBrisanje execution completed.
TpTrace Verbose: 0 : 19904, 4, 2021/11/28, 12:57:20.198, 5951740373927, testhost.dll, TestExecutionRecorder.RecordResult: Received result for test: Zadatak_2.TDD.NemogućeDodavanjeUzBrisanje.
TpTrace Warning: 0 : 19904, 4, 2021/11/28, 12:57:20.198, 5951740375534, testhost.dll, TestRunCache: InProgressTests is null
TpTrace Warning: 0 : 19904, 4, 2021/11/28, 12:57:20.198, 5951740376801, testhost.dll, TestRunCache: No test found corresponding to testResult '' in inProgress list.
TpTrace Information: 0 : 19904, 4, 2021/11/28, 12:57:20.198, 5951740379660, testhost.dll, MSTest - Executing cleanup methods.
TpTrace Information: 0 : 19904, 4, 2021/11/28, 12:57:20.200, 5951740397150, testhost.dll, MSTest - Executed cleanup methods.
TpTrace Information: 0 : 19904, 4, 2021/11/28, 12:57:20.200, 5951740398870, testhost.dll, MSTest - Executed tests belonging to source C:\Users\Armin\Documents\GitHub\Grupa-3-Verifikovani-i-Validirani-Softverasi\Pijaca\Zadatak 2\bin\Debug\net5.0\fine-code-coverage\build-output\Zadatak 2.dll
TpTrace Information: 0 : 19904, 4, 2021/11/28, 12:57:20.201, 5951740401972, testhost.dll, Deleting deployment directory C:\Users\Armin\Documents\GitHub\Grupa-3-Verifikovani-i-Validirani-Softverasi\Pijaca\Zadatak 2\bin\Debug\net5.0\fine-code-coverage\coverage-tool-output\Deploy_Armin 2021-11-28 12_57_19
TpTrace Information: 0 : 19904, 4, 2021/11/28, 12:57:20.203, 5951740428724, testhost.dll, Deleted deployment directory C:\Users\Armin\Documents\GitHub\Grupa-3-Verifikovani-i-Validirani-Softverasi\Pijaca\Zadatak 2\bin\Debug\net5.0\fine-code-coverage\coverage-tool-output\Deploy_Armin 2021-11-28 12_57_19
TpTrace Verbose: 0 : 19904, 4, 2021/11/28, 12:57:20.206, 5951740454796, testhost.dll, BaseRunTests.RunTestInternalWithExecutors: Completed running tests for executor://MSTestAdapter/v2
TpTrace Information: 0 : 19904, 4, 2021/11/28, 12:57:20.212, 5951740516308, testhost.dll, Sending test run complete
TpTrace Verbose: 0 : 19904, 4, 2021/11/28, 12:57:20.260, 5951740995720, testhost.dll, TestRequestHandler.SendData:  sending data from testhost: {"Version":5,"MessageType":"TestExecution.Completed","Payload":{"TestRunCompleteArgs":{"TestRunStatistics":{"ExecutedTests":5,"Stats":{"Passed":5}},"IsCanceled":false,"IsAborted":false,"Error":null,"AttachmentSets":[],"ElapsedTimeInRunningTests":"00:00:00.3270184","Metrics":{}},"LastRunTests":{"NewTestResults":[{"TestCase":{"Id":"cd075b4d-61b2-de77-403b-0cfb69a56f47","FullyQualifiedName":"Zadatak_2.TDD.TestZamjenskiObjekat","DisplayName":"TestZamjenskiObjekat","ExecutorUri":"executor://MSTestAdapter/v2","Source":"C:\\Users\\Armin\\Documents\\GitHub\\Grupa-3-Verifikovani-i-Validirani-Softverasi\\Pijaca\\Zadatak 2\\bin\\Debug\\net5.0\\fine-code-coverage\\build-output\\Zadatak 2.dll","CodeFilePath":null,"LineNumber":-1,"Properties":[{"Key":{"Id":"TestCase.ManagedType","Label":"ManagedType","Category":"","Description":"","Attributes":1,"ValueType":"System.String"},"Value":"Zadatak_2.TDD"},{"Key":{"Id":"TestCase.ManagedMethod","Label":"ManagedMethod","Category":"","Description":"","Attributes":1,"ValueType":"System.String"},"Value":"TestZamjenskiObjekat"},{"Key":{"Id":"MSTestDiscoverer.TestClassName","Label":"ClassName","Category":"","Description":"","Attributes":1,"ValueType":"System.String"},"Value":"Zadatak_2.TDD"},{"Key":{"Id":"TestObject.Traits","Label":"Traits","Category":"","Description":"","Attributes":5,"ValueType":"System.Collections.Generic.KeyValuePair`2[[System.String],[System.String]][]"},"Value":[]}]},"Attachments":[],"Outcome":1,"ErrorMessage":null,"ErrorStackTrace":null,"DisplayName":null,"Messages":[],"ComputerName":null,"Duration":"00:00:00.0076984","StartTime":"2021-11-28T12:57:20.0738843+01:00","EndTime":"2021-11-28T12:57:20.1235821+01:00","Properties":[{"Key":{"Id":"ExecutionId","Label":"ExecutionId","Category":"","Description":"","Attributes":1,"ValueType":"System.Guid"},"Value":"00000000-0000-0000-0000-000000000000"},{"Key":{"Id":"ParentExecId","Label":"ParentExecId","Category":"","Description":"","Attributes":1,"ValueType":"System.Guid"},"Value":"00000000-0000-0000-0000-000000000000"},{"Key":{"Id":"InnerResultsCount","Label":"InnerResultsCount","Category":"","Description":"","Attributes":1,"ValueType":"System.Int32"},"Value":0}]},{"TestCase":{"Id":"3a1d8414-af96-8075-3e91-63006d286d73","FullyQualifiedName":"Zadatak_2.TDD.DodavanjeMesnihProizvoda","DisplayName":"DodavanjeMesnihProizvoda","ExecutorUri":"executor://MSTestAdapter/v2","Source":"C:\\Users\\Armin\\Documents\\GitHub\\Grupa-3-Verifikovani-i-Validirani-Softverasi\\Pijaca\\Zadatak 2\\bin\\Debug\\net5.0\\fine-code-coverage\\build-output\\Zadatak 2.dll","CodeFilePath":null,"LineNumber":-1,"Properties":[{"Key":{"Id":"TestCase.ManagedType","Label":"ManagedType","Category":"","Description":"","Attributes":1,"ValueType":"System.String"},"Value":"Zadatak_2.TDD"},{"Key":{"Id":"TestCase.ManagedMethod","Label":"ManagedMethod","Category":"","Description":"","Attributes":1,"ValueType":"System.String"},"Value":"DodavanjeMesnihProizvoda"},{"Key":{"Id":"MSTestDiscoverer.TestClassName","Label":"ClassName","Category":"","Description":"","Attributes":1,"ValueType":"System.String"},"Value":"Zadatak_2.TDD"},{"Key":{"Id":"TestObject.Traits","Label":"Traits","Category":"","Description":"","Attributes":5,"ValueType":"System.Collections.Generic.KeyValuePair`2[[System.String],[System.String]][]"},"Value":[]}]},"Attachments":[],"Outcome":1,"ErrorMessage":null,"ErrorStackTrace":null,"DisplayName":null,"Messages":[],"ComputerName":null,"Duration":"00:00:00.0082053","StartTime":"2021-11-28T12:57:20.1583073+01:00","EndTime":"2021-11-28T12:57:20.1674418+01:00","Properties":[{"Key":{"Id":"ExecutionId","Label":"ExecutionId","Category":"","Description":"","Attributes":1,"ValueType":"System.Guid"},"Value":"00000000-0000-0000-0000-000000000000"},{"Key":{"Id":"ParentExecId","Label":"ParentExecId","Category":"","Description":"","Attributes":1,"ValueType":"System.Guid"},"Value":"00000000-0000-0000-0000-000000000000"},{"Key":{"Id":"InnerResultsCount","Label":"InnerResultsCount","Category":"","Description":"","Attributes":1,"ValueType":"System.Int32"},"Value":0}]},{"TestCase":{"Id":"3f4528f8-6f76-6b66-8987-b10996504e89","FullyQualifiedName":"Zadatak_2.TDD.DodavanjeVoćaIBrisanje","DisplayName":"DodavanjeVoćaIBrisanje","ExecutorUri":"executor://MSTestAdapter/v2","Source":"C:\\Users\\Armin\\Documents\\GitHub\\Grupa-3-Verifikovani-i-Validirani-Softverasi\\Pijaca\\Zadatak 2\\bin\\Debug\\net5.0\\fine-code-coverage\\build-output\\Zadatak 2.dll","CodeFilePath":null,"LineNumber":-1,"Properties":[{"Key":{"Id":"TestCase.ManagedType","Label":"ManagedType","Category":"","Description":"","Attributes":1,"ValueType":"System.String"},"Value":"Zadatak_2.TDD"},{"Key":{"Id":"TestCase.ManagedMethod","Label":"ManagedMethod","Category":"","Description":"","Attributes":1,"ValueType":"System.String"},"Value":"DodavanjeVoćaIBrisanje"},{"Key":{"Id":"MSTestDiscoverer.TestClassName","Label":"ClassName","Category":"","Description":"","Attributes":1,"ValueType":"System.String"},"Value":"Zadatak_2.TDD"},{"Key":{"Id":"TestObject.Traits","Label":"Traits","Category":"","Description":"","Attributes":5,"ValueType":"System.Collections.Generic.KeyValuePair`2[[System.String],[System.String]][]"},"Value":[]}]},"Attachments":[],"Outcome":1,"ErrorMessage":null,"ErrorStackTrace":null,"DisplayName":null,"Messages":[],"ComputerName":null,"Duration":"00:00:00.0014662","StartTime":"2021-11-28T12:57:20.1742156+01:00","EndTime":"2021-11-28T12:57:20.1766138+01:00","Properties":[{"Key":{"Id":"ExecutionId","Label":"ExecutionId","Category":"","Description":"","Attributes":1,"ValueType":"System.Guid"},"Value":"00000000-0000-0000-0000-000000000000"},{"Key":{"Id":"ParentExecId","Label":"ParentExecId","Category":"","Description":"","Attributes":1,"ValueType":"System.Guid"},"Value":"00000000-0000-0000-0000-000000000000"},{"Key":{"Id":"InnerResultsCount","Label":"InnerResultsCount","Category":"","Description":"","Attributes":1,"ValueType":"System.Int32"},"Value":0}]},{"TestCase":{"Id":"94f032db-9346-302f-6689-ffa07b4ffe55","FullyQualifiedName":"Zadatak_2.TDD.NepodržaniTipDodavanja","DisplayName":"NepodržaniTipDodavanja","ExecutorUri":"executor://MSTestAdapter/v2","Source":"C:\\Users\\Armin\\Documents\\GitHub\\Grupa-3-Verifikovani-i-Validirani-Softverasi\\Pijaca\\Zadatak 2\\bin\\Debug\\net5.0\\fine-code-coverage\\build-output\\Zadatak 2.dll","CodeFilePath":null,"LineNumber":-1,"Properties":[{"Key":{"Id":"TestCase.ManagedType","Label":"ManagedType","Category":"","Description":"","Attributes":1,"ValueType":"System.String"},"Value":"Zadatak_2.TDD"},{"Key":{"Id":"TestCase.ManagedMethod","Label":"ManagedMethod","Category":"","Description":"","Attributes":1,"ValueType":"System.String"},"Value":"NepodržaniTipDodavanja"},{"Key":{"Id":"MSTestDiscoverer.TestClassName","Label":"ClassName","Category":"","Description":"","Attributes":1,"ValueType":"System.String"},"Value":"Zadatak_2.TDD"},{"Key":{"Id":"TestObject.Traits","Label":"Traits","Category":"","Description":"","Attributes":5,"ValueType":"System.Collections.Generic.KeyValuePair`2[[System.String],[System.String]][]"},"Value":[]}]},"Attachments":[],"Outcome":1,"ErrorMessage":null,"ErrorStackTrace":null,"DisplayName":null,"Messages":[],"ComputerName":null,"Duration":"00:00:00.0048618","StartTime":"2021-11-28T12:57:20.1851677+01:00","EndTime":"2021-11-28T12:57:20.190698+01:00","Properties":[{"Key":{"Id":"ExecutionId","Label":"ExecutionId","Category":"","Description":"","Attributes":1,"ValueType":"System.Guid"},"Value":"00000000-0000-0000-0000-000000000000"},{"Key":{"Id":"ParentExecId","Label":"ParentExecId","Category":"","Description":"","Attributes":1,"ValueType":"System.Guid"},"Value":"00000000-0000-0000-0000-000000000000"},{"Key":{"Id":"InnerResultsCount","Label":"InnerResultsCount","Category":"","Description":"","Attributes":1,"ValueType":"System.Int32"},"Value":0}]},{"TestCase":{"Id":"0e86f05c-b4ae-450e-5451-e8f8450dc484","FullyQualifiedName":"Zadatak_2.TDD.NemogućeDodavanjeUzBrisanje","DisplayName":"NemogućeDodavanjeUzBrisanje","ExecutorUri":"executor://MSTestAdapter/v2","Source":"C:\\Users\\Armin\\Documents\\GitHub\\Grupa-3-Verifikovani-i-Validirani-Softverasi\\Pijaca\\Zadatak 2\\bin\\Debug\\net5.0\\fine-code-coverage\\build-output\\Zadatak 2.dll","CodeFilePath":null,"LineNumber":-1,"Properties":[{"Key":{"Id":"TestCase.ManagedType","Label":"ManagedType","Category":"","Description":"","Attributes":1,"ValueType":"System.String"},"Value":"Zadatak_2.TDD"},{"Key":{"Id":"TestCase.ManagedMethod","Label":"ManagedMethod","Category":"","Description":"","Attributes":1,"ValueType":"System.String"},"Value":"NemogućeDodavanjeUzBrisanje"},{"Key":{"Id":"MSTestDiscoverer.TestClassName","Label":"ClassName","Category":"","Description":"","Attributes":1,"ValueType":"System.String"},"Value":"Zadatak_2.TDD"},{"Key":{"Id":"TestObject.Traits","Label":"Traits","Category":"","Description":"","Attributes":5,"ValueType":"System.Collections.Generic.KeyValuePair`2[[System.String],[System.String]][]"},"Value":[]}]},"Attachments":[],"Outcome":1,"ErrorMessage":null,"ErrorStackTrace":null,"DisplayName":null,"Messages":[],"ComputerName":null,"Duration":"00:00:00.0009430","StartTime":"2021-11-28T12:57:20.1952476+01:00","EndTime":"2021-11-28T12:57:20.1966365+01:00","Properties":[{"Key":{"Id":"ExecutionId","Label":"ExecutionId","Category":"","Description":"","Attributes":1,"ValueType":"System.Guid"},"Value":"00000000-0000-0000-0000-000000000000"},{"Key":{"Id":"ParentExecId","Label":"ParentExecId","Category":"","Description":"","Attributes":1,"ValueType":"System.Guid"},"Value":"00000000-0000-0000-0000-000000000000"},{"Key":{"Id":"InnerResultsCount","Label":"InnerResultsCount","Category":"","Description":"","Attributes":1,"ValueType":"System.Int32"},"Value":0}]}],"TestRunStatistics":{"ExecutedTests":5,"Stats":{"Passed":5}},"ActiveTests":[]},"RunAttachments":[],"ExecutorUris":["executor://mstestadapter/v2"]}}
TpTrace Verbose: 0 : 19904, 4, 2021/11/28, 12:57:20.261, 5951741007259, testhost.dll, BaseRunTests.RunTests: Run is complete.
TpTrace Verbose: 0 : 19904, 5, 2021/11/28, 12:57:20.262, 5951741019773, testhost.dll, TcpClientExtensions.MessageLoopAsync: NotifyDataAvailable remoteEndPoint: [::ffff:127.0.0.1]:61624 localEndPoint: [::ffff:127.0.0.1]:61625
TpTrace Information: 0 : 19904, 5, 2021/11/28, 12:57:20.262, 5951741021351, testhost.dll, TestRequestHandler.ProcessRequests: received message: (TestSession.Terminate) -> null
TpTrace Information: 0 : 19904, 5, 2021/11/28, 12:57:20.263, 5951741021771, testhost.dll, Session End message received from server. Closing the connection.
TpTrace Information: 0 : 19904, 5, 2021/11/28, 12:57:20.263, 5951741025193, testhost.dll, SocketClient.Stop: Stop communication from server endpoint: 127.0.0.1:061624
TpTrace Information: 0 : 19904, 5, 2021/11/28, 12:57:20.263, 5951741026051, testhost.dll, SocketClient: Stop: Cancellation requested. Stopping message loop.
TpTrace Verbose: 0 : 19904, 5, 2021/11/28, 12:57:20.263, 5951741027308, testhost.dll, LengthPrefixCommunicationChannel.Dispose: Dispose reader and writer.
TpTrace Information: 0 : 19904, 5, 2021/11/28, 12:57:20.263, 5951741027783, testhost.dll, Closing the connection !
TpTrace Information: 0 : 19904, 5, 2021/11/28, 12:57:20.263, 5951741029551, testhost.dll, SocketClient.PrivateStop: Stop communication from server endpoint: 127.0.0.1:061624, error:
TpTrace Information: 0 : 19904, 1, 2021/11/28, 12:57:20.264, 5951741033261, testhost.dll, Closing the connection !
TpTrace Verbose: 0 : 19904, 5, 2021/11/28, 12:57:20.264, 5951741033256, testhost.dll, LengthPrefixCommunicationChannel.Dispose: Dispose reader and writer.
TpTrace Information: 0 : 19904, 1, 2021/11/28, 12:57:20.264, 5951741034119, testhost.dll, SocketClient.Stop: Stop communication from server endpoint: 127.0.0.1:061624
TpTrace Verbose: 0 : 19904, 5, 2021/11/28, 12:57:20.264, 5951741034686, testhost.dll, TcpClientExtensions.MessageLoopAsync: exiting MessageLoopAsync remoteEndPoint: [::ffff:127.0.0.1]:61624 localEndPoint: [::ffff:127.0.0.1]:61625
TpTrace Verbose: 0 : 19904, 1, 2021/11/28, 12:57:20.264, 5951741035475, testhost.dll, LengthPrefixCommunicationChannel.Dispose: Dispose reader and writer.
TpTrace Information: 0 : 19904, 1, 2021/11/28, 12:57:20.264, 5951741038134, testhost.dll, Testhost process exiting.
