TpTrace Verbose: 0 : 11124, 1, 2021/11/18, 00:31:13.629, 280374518636, testhost.dll, Version: 16.9.4
TpTrace Information: 0 : 11124, 1, 2021/11/18, 00:31:13.642, 280374610979, testhost.dll, DefaultEngineInvoker.Invoke: Testhost process started with args :[--port, 59299],[--endpoint, 127.0.0.1:059299],[--role, client],[--parentprocessid, 7452],[--diag, C:\Users\Armin\Documents\GitHub\Grupa-3-Verifikovani-i-Validirani-Softverasi\Pijaca\Zadatak 2\bin\Debug\net5.0\fine-code-coverage\coverage-tool-output\diagnostics.host.21-11-18_00-31-13_49405_4.log],[--tracelevel, 4],[--datacollectionport, 59298],[--telemetryoptedin, false]
TpTrace Information: 0 : 11124, 1, 2021/11/18, 00:31:13.649, 280374680663, testhost.dll, Setting up debug trace listener.
TpTrace Verbose: 0 : 11124, 1, 2021/11/18, 00:31:13.650, 280374687314, testhost.dll, TestPlatformTraceListener.Setup: Replacing listener 0 with TestHostTraceListener.
TpTrace Verbose: 0 : 11124, 1, 2021/11/18, 00:31:13.650, 280374688678, testhost.dll, TestPlatformTraceListener.Setup: Added test platform trace listener.
TpTrace Information: 0 : 11124, 1, 2021/11/18, 00:31:13.651, 280374696277, testhost.dll, DefaultEngineInvoker.SetParentProcessExitCallback: Monitoring parent process with id: '7452'
TpTrace Information: 0 : 11124, 1, 2021/11/18, 00:31:13.662, 280374811618, testhost.dll, DefaultEngineInvoker.GetConnectionInfo: Initialize communication on endpoint address: '127.0.0.1:059299'
TpTrace Information: 0 : 11124, 1, 2021/11/18, 00:31:13.682, 280375007147, testhost.dll, SocketClient.Start: connecting to server endpoint: 127.0.0.1:059299
TpTrace Information: 0 : 11124, 1, 2021/11/18, 00:31:13.692, 280375101888, testhost.dll, DefaultEngineInvoker.ConnectToDatacollector: Connecting to datacollector, port: 59298
TpTrace Information: 0 : 11124, 6, 2021/11/18, 00:31:13.692, 280375108962, testhost.dll, SocketClient.OnServerConnected: connected to server endpoint: 127.0.0.1:059299
TpTrace Verbose: 0 : 11124, 6, 2021/11/18, 00:31:13.694, 280375124286, testhost.dll, Connected to server, and starting MessageLoopAsync
TpTrace Information: 0 : 11124, 1, 2021/11/18, 00:31:13.694, 280375130794, testhost.dll, Trying to connect to server on socket : 127.0.0.1:59298 
TpTrace Verbose: 0 : 11124, 1, 2021/11/18, 00:31:13.695, 280375134193, testhost.dll, SocketCommunicationManager : SetupClientAsync : Attempting to connect to the server.
TpTrace Information: 0 : 11124, 10, 2021/11/18, 00:31:13.696, 280375151551, testhost.dll, Connected to the server successfully 
TpTrace Information: 0 : 11124, 10, 2021/11/18, 00:31:13.697, 280375153479, testhost.dll, Using the buffer size of 16384 bytes
TpTrace Verbose: 0 : 11124, 6, 2021/11/18, 00:31:13.697, 280375153102, testhost.dll, TcpClientExtensions.MessageLoopAsync: Polling on remoteEndPoint: [::ffff:127.0.0.1]:59299 localEndPoint: [::ffff:127.0.0.1]:59300
TpTrace Information: 0 : 11124, 1, 2021/11/18, 00:31:13.697, 280375157622, testhost.dll, DefaultEngineInvoker.Invoke: Start Request Processing.
TpTrace Verbose: 0 : 11124, 6, 2021/11/18, 00:31:13.697, 280375158186, testhost.dll, TcpClientExtensions.MessageLoopAsync: NotifyDataAvailable remoteEndPoint: [::ffff:127.0.0.1]:59299 localEndPoint: [::ffff:127.0.0.1]:59300
TpTrace Information: 0 : 11124, 11, 2021/11/18, 00:31:13.698, 280375167699, testhost.dll, DefaultEngineInvoker.StartProcessingAsync: Connected to vstest.console, Starting process requests.
TpTrace Information: 0 : 11124, 6, 2021/11/18, 00:31:13.826, 280376445373, testhost.dll, TestRequestHandler.ProcessRequests: received message: (ProtocolVersion) -> 5
TpTrace Verbose: 0 : 11124, 6, 2021/11/18, 00:31:13.861, 280376793342, testhost.dll, TestRequestHandler.SendData:  sending data from testhost: {"Version":5,"MessageType":"TestSession.Message","Payload":{"MessageLevel":0,"Message":"Logging TestHost Diagnostics in file: C:\\Users\\Armin\\Documents\\GitHub\\Grupa-3-Verifikovani-i-Validirani-Softverasi\\Pijaca\\Zadatak 2\\bin\\Debug\\net5.0\\fine-code-coverage\\coverage-tool-output\\diagnostics.host.21-11-18_00-31-13_49405_4.log"}}
TpTrace Verbose: 0 : 11124, 6, 2021/11/18, 00:31:13.861, 280376798252, testhost.dll, TcpClientExtensions.MessageLoopAsync: Polling on remoteEndPoint: [::ffff:127.0.0.1]:59299 localEndPoint: [::ffff:127.0.0.1]:59300
TpTrace Verbose: 0 : 11124, 6, 2021/11/18, 00:31:13.861, 280376800013, testhost.dll, TcpClientExtensions.MessageLoopAsync: NotifyDataAvailable remoteEndPoint: [::ffff:127.0.0.1]:59299 localEndPoint: [::ffff:127.0.0.1]:59300
TpTrace Information: 0 : 11124, 6, 2021/11/18, 00:31:13.865, 280376840551, testhost.dll, TestRequestHandler.ProcessRequests: received message: (TestExecution.Initialize) -> [
  "C:\\Users\\Armin\\Documents\\GitHub\\Grupa-3-Verifikovani-i-Validirani-Softverasi\\Pijaca\\Zadatak 2\\bin\\Debug\\net5.0\\fine-code-coverage\\build-output\\Microsoft.VisualStudio.TestPlatform.MSTest.TestAdapter.dll"
]
TpTrace Information: 0 : 11124, 6, 2021/11/18, 00:31:13.866, 280376842517, testhost.dll, Execution Session Initialize.
TpTrace Verbose: 0 : 11124, 6, 2021/11/18, 00:31:13.873, 280376914819, testhost.dll, TcpClientExtensions.MessageLoopAsync: Polling on remoteEndPoint: [::ffff:127.0.0.1]:59299 localEndPoint: [::ffff:127.0.0.1]:59300
TpTrace Verbose: 0 : 11124, 6, 2021/11/18, 00:31:13.873, 280376916489, testhost.dll, TcpClientExtensions.MessageLoopAsync: NotifyDataAvailable remoteEndPoint: [::ffff:127.0.0.1]:59299 localEndPoint: [::ffff:127.0.0.1]:59300
TpTrace Verbose: 0 : 11124, 4, 2021/11/18, 00:31:13.875, 280376940758, testhost.dll, TestExecutorService: Loading the extensions
TpTrace Information: 0 : 11124, 6, 2021/11/18, 00:31:13.876, 280376946854, testhost.dll, TestRequestHandler.ProcessRequests: received message: (TestExecution.StartWithSources) -> {
  "AdapterSourceMap": {
    "_none_": [
      "C:\\Users\\Armin\\Documents\\GitHub\\Grupa-3-Verifikovani-i-Validirani-Softverasi\\Pijaca\\Zadatak 2\\bin\\Debug\\net5.0\\fine-code-coverage\\build-output\\Zadatak 2.dll"
    ]
  },
  "RunSettings": "<RunSettings>\r\n  <RunConfiguration>\r\n    <ResultsDirectory>C:\\Users\\Armin\\Documents\\GitHub\\Grupa-3-Verifikovani-i-Validirani-Softverasi\\Pijaca\\Zadatak 2\\bin\\Debug\\net5.0\\fine-code-coverage\\coverage-tool-output</ResultsDirectory>\r\n    <TargetPlatform>X64</TargetPlatform>\r\n    <TargetFrameworkVersion>.NETCoreApp,Version=v5.0</TargetFrameworkVersion>\r\n    <DesignMode>False</DesignMode>\r\n    <CollectSourceInformation>False</CollectSourceInformation>\r\n  </RunConfiguration>\r\n  <LoggerRunSettings>\r\n    <Loggers>\r\n      <Logger friendlyName=\"blame\" enabled=\"True\" />\r\n      <Logger friendlyName=\"Console\" uri=\"logger://microsoft/TestPlatform/ConsoleLogger/v1\" assemblyQualifiedName=\"Microsoft.VisualStudio.TestPlatform.CommandLine.Internal.ConsoleLogger, vstest.console, Version=15.0.0.0, Culture=neutral, PublicKeyToken=b03f5f7f11d50a3a\" codeBase=\"C:\\Program Files\\dotnet\\sdk\\5.0.402\\vstest.console.dll\" enabled=\"True\" />\r\n    </Loggers>\r\n  </LoggerRunSettings>\r\n  <DataCollectionRunSettings>\r\n    <DataCollectors>\r\n      <DataCollector friendlyName=\"blame\" enabled=\"True\">\r\n        <Configuration>\r\n          <ResultsDirectory>C:\\Users\\Armin\\Documents\\GitHub\\Grupa-3-Verifikovani-i-Validirani-Softverasi\\Pijaca\\Zadatak 2\\bin\\Debug\\net5.0\\fine-code-coverage\\coverage-tool-output</ResultsDirectory>\r\n        </Configuration>\r\n      </DataCollector>\r\n    </DataCollectors>\r\n  </DataCollectionRunSettings>\r\n</RunSettings>",
  "TestExecutionContext": {
    "FrequencyOfRunStatsChangeEvent": 10,
    "RunStatsChangeEventTimeout": "00:00:01.5000000",
    "InIsolation": false,
    "KeepAlive": false,
    "AreTestCaseLevelEventsRequired": false,
    "IsDebug": false,
    "TestCaseFilter": null,
    "FilterOptions": null
  },
  "Package": null
}
TpTrace Information: 0 : 11124, 6, 2021/11/18, 00:31:13.876, 280376947984, testhost.dll, Execution started.
TpTrace Verbose: 0 : 11124, 4, 2021/11/18, 00:31:13.877, 280376956392, testhost.dll, TestPluginCache.DiscoverTestExtensions: finding test extensions in assemblies ends with: TestAdapter.dll TPluginInfo: Microsoft.VisualStudio.TestPlatform.Common.ExtensionFramework.Utilities.TestExecutorPluginInformation TExtension: Microsoft.VisualStudio.TestPlatform.ObjectModel.Adapter.ITestExecutor
TpTrace Verbose: 0 : 11124, 4, 2021/11/18, 00:31:13.878, 280376966645, testhost.dll, TestPluginCache.GetExtensionPaths: Filtered extension paths: 
TpTrace Verbose: 0 : 11124, 4, 2021/11/18, 00:31:13.878, 280376970063, testhost.dll, TestPluginCache.GetExtensionPaths: Added default extension paths: C:\Users\Armin\Documents\GitHub\Grupa-3-Verifikovani-i-Validirani-Softverasi\Pijaca\Zadatak 2\bin\Debug\net5.0\fine-code-coverage\build-output\Microsoft.VisualStudio.TestPlatform.MSTest.TestAdapter.dll
TpTrace Verbose: 0 : 11124, 4, 2021/11/18, 00:31:13.878, 280376970543, testhost.dll, TestPluginCache.GetExtensionPaths: Added unfilterableExtensionPaths: 
TpTrace Information: 0 : 11124, 4, 2021/11/18, 00:31:13.880, 280376989358, testhost.dll, AssemblyResolver.ctor: Creating AssemblyResolver with searchDirectories C:\Users\Armin\Documents\GitHub\Grupa-3-Verifikovani-i-Validirani-Softverasi\Pijaca\Zadatak 2\bin\Debug\net5.0\fine-code-coverage\build-output
TpTrace Verbose: 0 : 11124, 4, 2021/11/18, 00:31:13.882, 280377004077, testhost.dll, TestPluginCache.DiscoverTestExtensions: Discovering the extensions using extension path.
TpTrace Verbose: 0 : 11124, 4, 2021/11/18, 00:31:13.882, 280377005395, testhost.dll, TestPluginCache.GetExtensionPaths: Filtered extension paths: 
TpTrace Verbose: 0 : 11124, 4, 2021/11/18, 00:31:13.882, 280377005795, testhost.dll, TestPluginCache.GetExtensionPaths: Added default extension paths: C:\Users\Armin\Documents\GitHub\Grupa-3-Verifikovani-i-Validirani-Softverasi\Pijaca\Zadatak 2\bin\Debug\net5.0\fine-code-coverage\build-output\Microsoft.VisualStudio.TestPlatform.MSTest.TestAdapter.dll
TpTrace Verbose: 0 : 11124, 4, 2021/11/18, 00:31:13.882, 280377006082, testhost.dll, TestPluginCache.GetExtensionPaths: Added unfilterableExtensionPaths: 
TpTrace Verbose: 0 : 11124, 4, 2021/11/18, 00:31:13.882, 280377006583, testhost.dll, TestPluginCache.DiscoverTestExtensions: Discovering the extensions using allExtensionPaths: C:\Users\Armin\Documents\GitHub\Grupa-3-Verifikovani-i-Validirani-Softverasi\Pijaca\Zadatak 2\bin\Debug\net5.0\fine-code-coverage\build-output\Microsoft.VisualStudio.TestPlatform.MSTest.TestAdapter.dll
TpTrace Information: 0 : 11124, 4, 2021/11/18, 00:31:13.883, 280377013896, testhost.dll, AssemblyResolver.AddSearchDirectories: Adding more searchDirectories C:\Users\Armin\Documents\GitHub\Grupa-3-Verifikovani-i-Validirani-Softverasi\Pijaca\Zadatak 2\bin\Debug\net5.0\fine-code-coverage\build-output
TpTrace Information: 0 : 11124, 4, 2021/11/18, 00:31:13.887, 280377060557, testhost.dll, AssemblyResolver.OnResolve: Microsoft.VisualStudio.TestPlatform.MSTest.TestAdapter: Resolving assembly.
TpTrace Information: 0 : 11124, 4, 2021/11/18, 00:31:13.889, 280377078883, testhost.dll, AssemblyResolver.OnResolve: Resolved assembly: Microsoft.VisualStudio.TestPlatform.MSTest.TestAdapter, from path: C:\Users\Armin\Documents\GitHub\Grupa-3-Verifikovani-i-Validirani-Softverasi\Pijaca\Zadatak 2\bin\Debug\net5.0\fine-code-coverage\build-output\Microsoft.VisualStudio.TestPlatform.MSTest.TestAdapter.dll
TpTrace Verbose: 0 : 11124, 4, 2021/11/18, 00:31:13.895, 280377131838, testhost.dll, TestPluginCache: Discovered the extensions using extension path ''.
TpTrace Verbose: 0 : 11124, 4, 2021/11/18, 00:31:13.895, 280377136197, testhost.dll, TestPluginCache: Discoverers are ''.
TpTrace Verbose: 0 : 11124, 4, 2021/11/18, 00:31:13.895, 280377137269, testhost.dll, TestPluginCache: Executors are 'executor://MSTestAdapter/v2'.
TpTrace Verbose: 0 : 11124, 4, 2021/11/18, 00:31:13.895, 280377138032, testhost.dll, TestPluginCache: Executors2 are ''.
TpTrace Verbose: 0 : 11124, 4, 2021/11/18, 00:31:13.895, 280377138657, testhost.dll, TestPluginCache: Setting providers are ''.
TpTrace Verbose: 0 : 11124, 4, 2021/11/18, 00:31:13.895, 280377139204, testhost.dll, TestPluginCache: Loggers are ''.
TpTrace Verbose: 0 : 11124, 4, 2021/11/18, 00:31:13.898, 280377165887, testhost.dll, TestPluginCache.DiscoverTestExtensions: finding test extensions in assemblies ends with: TestAdapter.dll TPluginInfo: Microsoft.VisualStudio.TestPlatform.Common.ExtensionFramework.Utilities.TestExecutorPluginInformation2 TExtension: Microsoft.VisualStudio.TestPlatform.ObjectModel.Adapter.ITestExecutor2
TpTrace Verbose: 0 : 11124, 4, 2021/11/18, 00:31:13.898, 280377169674, testhost.dll, TestPluginCache.GetExtensionPaths: Filtered extension paths: 
TpTrace Verbose: 0 : 11124, 4, 2021/11/18, 00:31:13.898, 280377170620, testhost.dll, TestPluginCache.GetExtensionPaths: Added default extension paths: C:\Users\Armin\Documents\GitHub\Grupa-3-Verifikovani-i-Validirani-Softverasi\Pijaca\Zadatak 2\bin\Debug\net5.0\fine-code-coverage\build-output\Microsoft.VisualStudio.TestPlatform.MSTest.TestAdapter.dll
TpTrace Verbose: 0 : 11124, 4, 2021/11/18, 00:31:13.898, 280377171290, testhost.dll, TestPluginCache.GetExtensionPaths: Added unfilterableExtensionPaths: 
TpTrace Information: 0 : 11124, 4, 2021/11/18, 00:31:13.899, 280377173571, testhost.dll, AssemblyResolver.AddSearchDirectories: Adding more searchDirectories C:\Users\Armin\Documents\GitHub\Grupa-3-Verifikovani-i-Validirani-Softverasi\Pijaca\Zadatak 2\bin\Debug\net5.0\fine-code-coverage\build-output
TpTrace Verbose: 0 : 11124, 6, 2021/11/18, 00:31:13.899, 280377174439, testhost.dll, TcpClientExtensions.MessageLoopAsync: Polling on remoteEndPoint: [::ffff:127.0.0.1]:59299 localEndPoint: [::ffff:127.0.0.1]:59300
TpTrace Verbose: 0 : 11124, 4, 2021/11/18, 00:31:13.899, 280377174501, testhost.dll, TestPluginCache.DiscoverTestExtensions: Discovering the extensions using extension path.
TpTrace Verbose: 0 : 11124, 4, 2021/11/18, 00:31:13.899, 280377177477, testhost.dll, TestPluginCache.GetExtensionPaths: Filtered extension paths: 
TpTrace Verbose: 0 : 11124, 4, 2021/11/18, 00:31:13.899, 280377177830, testhost.dll, TestPluginCache.GetExtensionPaths: Added default extension paths: C:\Users\Armin\Documents\GitHub\Grupa-3-Verifikovani-i-Validirani-Softverasi\Pijaca\Zadatak 2\bin\Debug\net5.0\fine-code-coverage\build-output\Microsoft.VisualStudio.TestPlatform.MSTest.TestAdapter.dll
TpTrace Verbose: 0 : 11124, 4, 2021/11/18, 00:31:13.899, 280377178160, testhost.dll, TestPluginCache.GetExtensionPaths: Added unfilterableExtensionPaths: 
TpTrace Verbose: 0 : 11124, 4, 2021/11/18, 00:31:13.899, 280377178617, testhost.dll, TestPluginCache.DiscoverTestExtensions: Discovering the extensions using allExtensionPaths: C:\Users\Armin\Documents\GitHub\Grupa-3-Verifikovani-i-Validirani-Softverasi\Pijaca\Zadatak 2\bin\Debug\net5.0\fine-code-coverage\build-output\Microsoft.VisualStudio.TestPlatform.MSTest.TestAdapter.dll
TpTrace Information: 0 : 11124, 4, 2021/11/18, 00:31:13.899, 280377179087, testhost.dll, AssemblyResolver.AddSearchDirectories: Adding more searchDirectories C:\Users\Armin\Documents\GitHub\Grupa-3-Verifikovani-i-Validirani-Softverasi\Pijaca\Zadatak 2\bin\Debug\net5.0\fine-code-coverage\build-output
TpTrace Verbose: 0 : 11124, 4, 2021/11/18, 00:31:13.900, 280377182621, testhost.dll, TestPluginCache: Discovered the extensions using extension path ''.
TpTrace Verbose: 0 : 11124, 4, 2021/11/18, 00:31:13.900, 280377183116, testhost.dll, TestPluginCache: Discoverers are ''.
TpTrace Verbose: 0 : 11124, 4, 2021/11/18, 00:31:13.900, 280377183596, testhost.dll, TestPluginCache: Executors are 'executor://MSTestAdapter/v2'.
TpTrace Verbose: 0 : 11124, 4, 2021/11/18, 00:31:13.900, 280377184253, testhost.dll, TestPluginCache: Executors2 are ''.
TpTrace Verbose: 0 : 11124, 4, 2021/11/18, 00:31:13.900, 280377184586, testhost.dll, TestPluginCache: Setting providers are ''.
TpTrace Verbose: 0 : 11124, 4, 2021/11/18, 00:31:13.900, 280377185652, testhost.dll, TestPluginCache: Loggers are ''.
TpTrace Information: 0 : 11124, 4, 2021/11/18, 00:31:13.905, 280377238889, testhost.dll, TestPluginManager.CreateTestExtension: Attempting to load test extension: Microsoft.VisualStudio.TestPlatform.MSTest.TestAdapter.MSTestExecutor
TpTrace Verbose: 0 : 11124, 4, 2021/11/18, 00:31:13.912, 280377309411, testhost.dll, TestExecutorExtensionManager: Loading executor Microsoft.VisualStudio.TestPlatform.MSTest.TestAdapter.MSTestExecutor
TpTrace Verbose: 0 : 11124, 4, 2021/11/18, 00:31:13.912, 280377311300, testhost.dll, TestExecutorService: Loaded the executors
TpTrace Verbose: 0 : 11124, 4, 2021/11/18, 00:31:13.913, 280377320117, testhost.dll, TestPluginCache.DiscoverTestExtensions: finding test extensions in assemblies ends with: TestAdapter.dll TPluginInfo: Microsoft.VisualStudio.TestPlatform.Common.ExtensionFramework.Utilities.TestSettingsProviderPluginInformation TExtension: Microsoft.VisualStudio.TestPlatform.ObjectModel.Adapter.ISettingsProvider
TpTrace Verbose: 0 : 11124, 4, 2021/11/18, 00:31:13.913, 280377321531, testhost.dll, TestPluginCache.GetExtensionPaths: Filtered extension paths: 
TpTrace Verbose: 0 : 11124, 4, 2021/11/18, 00:31:13.914, 280377322279, testhost.dll, TestPluginCache.GetExtensionPaths: Added default extension paths: C:\Users\Armin\Documents\GitHub\Grupa-3-Verifikovani-i-Validirani-Softverasi\Pijaca\Zadatak 2\bin\Debug\net5.0\fine-code-coverage\build-output\Microsoft.VisualStudio.TestPlatform.MSTest.TestAdapter.dll
TpTrace Verbose: 0 : 11124, 4, 2021/11/18, 00:31:13.914, 280377322529, testhost.dll, TestPluginCache.GetExtensionPaths: Added unfilterableExtensionPaths: 
TpTrace Information: 0 : 11124, 4, 2021/11/18, 00:31:13.914, 280377323625, testhost.dll, AssemblyResolver.AddSearchDirectories: Adding more searchDirectories C:\Users\Armin\Documents\GitHub\Grupa-3-Verifikovani-i-Validirani-Softverasi\Pijaca\Zadatak 2\bin\Debug\net5.0\fine-code-coverage\build-output
TpTrace Verbose: 0 : 11124, 4, 2021/11/18, 00:31:13.914, 280377324021, testhost.dll, TestPluginCache.DiscoverTestExtensions: Discovering the extensions using extension path.
TpTrace Verbose: 0 : 11124, 4, 2021/11/18, 00:31:13.914, 280377324282, testhost.dll, TestPluginCache.GetExtensionPaths: Filtered extension paths: 
TpTrace Verbose: 0 : 11124, 4, 2021/11/18, 00:31:13.914, 280377324513, testhost.dll, TestPluginCache.GetExtensionPaths: Added default extension paths: C:\Users\Armin\Documents\GitHub\Grupa-3-Verifikovani-i-Validirani-Softverasi\Pijaca\Zadatak 2\bin\Debug\net5.0\fine-code-coverage\build-output\Microsoft.VisualStudio.TestPlatform.MSTest.TestAdapter.dll
TpTrace Verbose: 0 : 11124, 4, 2021/11/18, 00:31:13.914, 280377324826, testhost.dll, TestPluginCache.GetExtensionPaths: Added unfilterableExtensionPaths: 
TpTrace Verbose: 0 : 11124, 4, 2021/11/18, 00:31:13.914, 280377325079, testhost.dll, TestPluginCache.DiscoverTestExtensions: Discovering the extensions using allExtensionPaths: C:\Users\Armin\Documents\GitHub\Grupa-3-Verifikovani-i-Validirani-Softverasi\Pijaca\Zadatak 2\bin\Debug\net5.0\fine-code-coverage\build-output\Microsoft.VisualStudio.TestPlatform.MSTest.TestAdapter.dll
TpTrace Information: 0 : 11124, 4, 2021/11/18, 00:31:13.914, 280377325408, testhost.dll, AssemblyResolver.AddSearchDirectories: Adding more searchDirectories C:\Users\Armin\Documents\GitHub\Grupa-3-Verifikovani-i-Validirani-Softverasi\Pijaca\Zadatak 2\bin\Debug\net5.0\fine-code-coverage\build-output
TpTrace Verbose: 0 : 11124, 4, 2021/11/18, 00:31:13.914, 280377326993, testhost.dll, TestPluginCache: Discovered the extensions using extension path ''.
TpTrace Verbose: 0 : 11124, 4, 2021/11/18, 00:31:13.914, 280377327371, testhost.dll, TestPluginCache: Discoverers are ''.
TpTrace Verbose: 0 : 11124, 4, 2021/11/18, 00:31:13.914, 280377328062, testhost.dll, TestPluginCache: Executors are 'executor://MSTestAdapter/v2'.
TpTrace Verbose: 0 : 11124, 4, 2021/11/18, 00:31:13.914, 280377328319, testhost.dll, TestPluginCache: Executors2 are ''.
TpTrace Verbose: 0 : 11124, 4, 2021/11/18, 00:31:13.914, 280377328658, testhost.dll, TestPluginCache: Setting providers are ''.
TpTrace Verbose: 0 : 11124, 4, 2021/11/18, 00:31:13.914, 280377328925, testhost.dll, TestPluginCache: Loggers are ''.
TpTrace Verbose: 0 : 11124, 4, 2021/11/18, 00:31:13.915, 280377336207, testhost.dll, TestExecutorService: Loaded the settings providers
TpTrace Information: 0 : 11124, 4, 2021/11/18, 00:31:13.915, 280377336715, testhost.dll, TestExecutorService: Loaded the extensions
TpTrace Information: 0 : 11124, 4, 2021/11/18, 00:31:13.987, 280378057022, testhost.dll, TestDiscoveryManager: Discovering tests from sources C:\Users\Armin\Documents\GitHub\Grupa-3-Verifikovani-i-Validirani-Softverasi\Pijaca\Zadatak 2\bin\Debug\net5.0\fine-code-coverage\build-output\Zadatak 2.dll
TpTrace Verbose: 0 : 11124, 4, 2021/11/18, 00:31:13.989, 280378081548, testhost.dll, TestPluginCache.DiscoverTestExtensions: finding test extensions in assemblies ends with: TestAdapter.dll TPluginInfo: Microsoft.VisualStudio.TestPlatform.Common.ExtensionFramework.Utilities.TestDiscovererPluginInformation TExtension: Microsoft.VisualStudio.TestPlatform.ObjectModel.Adapter.ITestDiscoverer
TpTrace Verbose: 0 : 11124, 4, 2021/11/18, 00:31:13.990, 280378083732, testhost.dll, TestPluginCache.GetExtensionPaths: Filtered extension paths: 
TpTrace Verbose: 0 : 11124, 4, 2021/11/18, 00:31:13.990, 280378084608, testhost.dll, TestPluginCache.GetExtensionPaths: Added default extension paths: C:\Users\Armin\Documents\GitHub\Grupa-3-Verifikovani-i-Validirani-Softverasi\Pijaca\Zadatak 2\bin\Debug\net5.0\fine-code-coverage\build-output\Microsoft.VisualStudio.TestPlatform.MSTest.TestAdapter.dll
TpTrace Verbose: 0 : 11124, 4, 2021/11/18, 00:31:13.990, 280378084925, testhost.dll, TestPluginCache.GetExtensionPaths: Added unfilterableExtensionPaths: 
TpTrace Information: 0 : 11124, 4, 2021/11/18, 00:31:13.990, 280378086631, testhost.dll, AssemblyResolver.AddSearchDirectories: Adding more searchDirectories C:\Users\Armin\Documents\GitHub\Grupa-3-Verifikovani-i-Validirani-Softverasi\Pijaca\Zadatak 2\bin\Debug\net5.0\fine-code-coverage\build-output
TpTrace Verbose: 0 : 11124, 4, 2021/11/18, 00:31:13.990, 280378087418, testhost.dll, TestPluginCache.DiscoverTestExtensions: Discovering the extensions using extension path.
TpTrace Verbose: 0 : 11124, 4, 2021/11/18, 00:31:13.990, 280378087925, testhost.dll, TestPluginCache.GetExtensionPaths: Filtered extension paths: 
TpTrace Verbose: 0 : 11124, 4, 2021/11/18, 00:31:13.990, 280378088423, testhost.dll, TestPluginCache.GetExtensionPaths: Added default extension paths: C:\Users\Armin\Documents\GitHub\Grupa-3-Verifikovani-i-Validirani-Softverasi\Pijaca\Zadatak 2\bin\Debug\net5.0\fine-code-coverage\build-output\Microsoft.VisualStudio.TestPlatform.MSTest.TestAdapter.dll
TpTrace Verbose: 0 : 11124, 4, 2021/11/18, 00:31:13.990, 280378088839, testhost.dll, TestPluginCache.GetExtensionPaths: Added unfilterableExtensionPaths: 
TpTrace Verbose: 0 : 11124, 4, 2021/11/18, 00:31:13.990, 280378089298, testhost.dll, TestPluginCache.DiscoverTestExtensions: Discovering the extensions using allExtensionPaths: C:\Users\Armin\Documents\GitHub\Grupa-3-Verifikovani-i-Validirani-Softverasi\Pijaca\Zadatak 2\bin\Debug\net5.0\fine-code-coverage\build-output\Microsoft.VisualStudio.TestPlatform.MSTest.TestAdapter.dll
TpTrace Information: 0 : 11124, 4, 2021/11/18, 00:31:13.990, 280378090028, testhost.dll, AssemblyResolver.AddSearchDirectories: Adding more searchDirectories C:\Users\Armin\Documents\GitHub\Grupa-3-Verifikovani-i-Validirani-Softverasi\Pijaca\Zadatak 2\bin\Debug\net5.0\fine-code-coverage\build-output
TpTrace Verbose: 0 : 11124, 4, 2021/11/18, 00:31:13.993, 280378113777, testhost.dll, TestPluginCache: Discovered the extensions using extension path ''.
TpTrace Verbose: 0 : 11124, 4, 2021/11/18, 00:31:13.993, 280378115455, testhost.dll, TestPluginCache: Discoverers are 'Microsoft.VisualStudio.TestPlatform.MSTest.TestAdapter.MSTestDiscoverer, Microsoft.VisualStudio.TestPlatform.MSTest.TestAdapter, Version=14.0.0.0, Culture=neutral, PublicKeyToken=b03f5f7f11d50a3a'.
TpTrace Verbose: 0 : 11124, 4, 2021/11/18, 00:31:13.993, 280378116582, testhost.dll, TestPluginCache: Executors are 'executor://MSTestAdapter/v2'.
TpTrace Verbose: 0 : 11124, 4, 2021/11/18, 00:31:13.993, 280378116864, testhost.dll, TestPluginCache: Executors2 are ''.
TpTrace Verbose: 0 : 11124, 4, 2021/11/18, 00:31:13.993, 280378117123, testhost.dll, TestPluginCache: Setting providers are ''.
TpTrace Verbose: 0 : 11124, 4, 2021/11/18, 00:31:13.993, 280378117432, testhost.dll, TestPluginCache: Loggers are ''.
TpTrace Verbose: 0 : 11124, 4, 2021/11/18, 00:31:13.999, 280378174295, testhost.dll, BaseRunTests.RunTestInternalWithExecutors: Running tests for executor://MSTestAdapter/v2
TpTrace Information: 0 : 11124, 4, 2021/11/18, 00:31:13.999, 280378179340, testhost.dll, AssemblyResolver.OnResolve: Microsoft.VisualStudio.TestPlatform.MSTestAdapter.PlatformServices.Interface: Resolving assembly.
TpTrace Information: 0 : 11124, 4, 2021/11/18, 00:31:14.000, 280378185949, testhost.dll, AssemblyResolver.OnResolve: Resolved assembly: Microsoft.VisualStudio.TestPlatform.MSTestAdapter.PlatformServices.Interface, from path: C:\Users\Armin\Documents\GitHub\Grupa-3-Verifikovani-i-Validirani-Softverasi\Pijaca\Zadatak 2\bin\Debug\net5.0\fine-code-coverage\build-output\Microsoft.VisualStudio.TestPlatform.MSTestAdapter.PlatformServices.Interface.dll
TpTrace Information: 0 : 11124, 4, 2021/11/18, 00:31:14.001, 280378195640, testhost.dll, AssemblyResolver.OnResolve: Microsoft.VisualStudio.TestPlatform.MSTestAdapter.PlatformServices: Resolving assembly.
TpTrace Information: 0 : 11124, 4, 2021/11/18, 00:31:14.001, 280378200773, testhost.dll, AssemblyResolver.OnResolve: Resolved assembly: Microsoft.VisualStudio.TestPlatform.MSTestAdapter.PlatformServices, from path: C:\Users\Armin\Documents\GitHub\Grupa-3-Verifikovani-i-Validirani-Softverasi\Pijaca\Zadatak 2\bin\Debug\net5.0\fine-code-coverage\build-output\Microsoft.VisualStudio.TestPlatform.MSTestAdapter.PlatformServices.dll
TpTrace Information: 0 : 11124, 4, 2021/11/18, 00:31:14.002, 280378203541, testhost.dll, MSTest - MSTestExecutor.RunTests: Running tests from sources.
TpTrace Information: 0 : 11124, 4, 2021/11/18, 00:31:14.005, 280378232918, testhost.dll, MSTest - CollectSourceInformation value Found : False 
TpTrace Information: 0 : 11124, 4, 2021/11/18, 00:31:14.032, 280378502715, testhost.dll, AssemblyResolver.OnResolve: Microsoft.TestPlatform.AdapterUtilities: Resolving assembly.
TpTrace Information: 0 : 11124, 4, 2021/11/18, 00:31:14.032, 280378509904, testhost.dll, AssemblyResolver.OnResolve: Resolved assembly: Microsoft.TestPlatform.AdapterUtilities, from path: C:\Users\Armin\Documents\GitHub\Grupa-3-Verifikovani-i-Validirani-Softverasi\Pijaca\Zadatak 2\bin\Debug\net5.0\fine-code-coverage\build-output\Microsoft.TestPlatform.AdapterUtilities.dll
TpTrace Information: 0 : 11124, 4, 2021/11/18, 00:31:14.044, 280378627685, testhost.dll, MSTest - MSTestDiscoverer: Found 5 tests from source C:\Users\Armin\Documents\GitHub\Grupa-3-Verifikovani-i-Validirani-Softverasi\Pijaca\Zadatak 2\bin\Debug\net5.0\fine-code-coverage\build-output\Zadatak 2.dll
TpTrace Information: 0 : 11124, 4, 2021/11/18, 00:31:14.064, 280378825630, testhost.dll, AssemblyResolver.OnResolve: Microsoft.VisualStudio.TestPlatform.MSTestAdapter.PlatformServices.resources: Resolving assembly.
TpTrace Information: 0 : 11124, 4, 2021/11/18, 00:31:14.064, 280378828017, testhost.dll, AssemblyResolver.OnResolve: Microsoft.VisualStudio.TestPlatform.MSTestAdapter.PlatformServices.resources: Failed to load assembly.
TpTrace Information: 0 : 11124, 4, 2021/11/18, 00:31:14.065, 280378832890, testhost.dll, AssemblyResolver.OnResolve: Microsoft.VisualStudio.TestPlatform.MSTestAdapter.PlatformServices.resources: Resolving assembly.
TpTrace Information: 0 : 11124, 4, 2021/11/18, 00:31:14.065, 280378833718, testhost.dll, AssemblyResolver.OnResolve: Microsoft.VisualStudio.TestPlatform.MSTestAdapter.PlatformServices.resources: Resolved from cache.
TpTrace Information: 0 : 11124, 4, 2021/11/18, 00:31:14.080, 280378989421, testhost.dll, MSTest - Created unit-test runner C:\Users\Armin\Documents\GitHub\Grupa-3-Verifikovani-i-Validirani-Softverasi\Pijaca\Zadatak 2\bin\Debug\net5.0\fine-code-coverage\build-output\Zadatak 2.dll
TpTrace Verbose: 0 : 11124, 4, 2021/11/18, 00:31:14.085, 280379036503, testhost.dll, TestExecutionRecorder.RecordStart: Starting test: Zadatak_2.TDD.TestZamjenskiObjekat.
TpTrace Information: 0 : 11124, 4, 2021/11/18, 00:31:14.185, 280380032775, testhost.dll, MSTest - Executing test TestZamjenskiObjekat
TpTrace Information: 0 : 11124, 4, 2021/11/18, 00:31:14.244, 280380624896, testhost.dll, MSTest - Executed test TestZamjenskiObjekat
TpTrace Verbose: 0 : 11124, 4, 2021/11/18, 00:31:14.249, 280380675461, testhost.dll, TestExecutionRecorder.RecordEnd: test: Zadatak_2.TDD.TestZamjenskiObjekat execution completed.
TpTrace Verbose: 0 : 11124, 4, 2021/11/18, 00:31:14.273, 280380919189, testhost.dll, TestExecutionRecorder.RecordResult: Received result for test: Zadatak_2.TDD.TestZamjenskiObjekat.
TpTrace Warning: 0 : 11124, 4, 2021/11/18, 00:31:14.280, 280380985754, testhost.dll, TestRunCache: InProgressTests is null
TpTrace Warning: 0 : 11124, 4, 2021/11/18, 00:31:14.280, 280380989151, testhost.dll, TestRunCache: No test found corresponding to testResult '' in inProgress list.
TpTrace Verbose: 0 : 11124, 4, 2021/11/18, 00:31:14.280, 280380991416, testhost.dll, TestExecutionRecorder.RecordStart: Starting test: Zadatak_2.TDD.DodavanjeMesnihProizvoda.
TpTrace Information: 0 : 11124, 4, 2021/11/18, 00:31:14.282, 280381009524, testhost.dll, MSTest - Executing test DodavanjeMesnihProizvoda
TpTrace Information: 0 : 11124, 4, 2021/11/18, 00:31:14.293, 280381119425, testhost.dll, AssemblyResolver.OnResolve: Microsoft.VisualStudio.TestPlatform.TestFramework.resources: Resolving assembly.
TpTrace Information: 0 : 11124, 4, 2021/11/18, 00:31:14.293, 280381121122, testhost.dll, AssemblyResolver.OnResolve: Microsoft.VisualStudio.TestPlatform.TestFramework.resources: Failed to load assembly.
TpTrace Information: 0 : 11124, 4, 2021/11/18, 00:31:14.315, 280381335315, testhost.dll, MSTest - Executed test DodavanjeMesnihProizvoda
TpTrace Verbose: 0 : 11124, 4, 2021/11/18, 00:31:14.315, 280381336822, testhost.dll, TestExecutionRecorder.RecordEnd: test: Zadatak_2.TDD.DodavanjeMesnihProizvoda execution completed.
TpTrace Information: 0 : 11124, 4, 2021/11/18, 00:31:14.316, 280381350525, testhost.dll, MSTest - MSTestExecutor:Test Zadatak_2.TDD.DodavanjeMesnihProizvoda failed. ErrorMessage:Assert.IsTrue failed. , ErrorStackTrace:   at Zadatak_2.TDD.DodavanjeMesnihProizvoda() in C:\Users\Armin\Documents\GitHub\Grupa-3-Verifikovani-i-Validirani-Softverasi\Pijaca\Zadatak 2\TDD.cs:line 67
.
TpTrace Verbose: 0 : 11124, 4, 2021/11/18, 00:31:14.316, 280381351312, testhost.dll, TestExecutionRecorder.RecordResult: Received result for test: Zadatak_2.TDD.DodavanjeMesnihProizvoda.
TpTrace Warning: 0 : 11124, 4, 2021/11/18, 00:31:14.317, 280381351995, testhost.dll, TestRunCache: InProgressTests is null
TpTrace Warning: 0 : 11124, 4, 2021/11/18, 00:31:14.317, 280381352340, testhost.dll, TestRunCache: No test found corresponding to testResult '' in inProgress list.
TpTrace Verbose: 0 : 11124, 4, 2021/11/18, 00:31:14.317, 280381352949, testhost.dll, TestExecutionRecorder.RecordStart: Starting test: Zadatak_2.TDD.DodavanjeVoćaIBrisanje.
TpTrace Information: 0 : 11124, 4, 2021/11/18, 00:31:14.318, 280381362721, testhost.dll, MSTest - Executing test DodavanjeVoćaIBrisanje
TpTrace Information: 0 : 11124, 4, 2021/11/18, 00:31:14.319, 280381371849, testhost.dll, MSTest - Executed test DodavanjeVoćaIBrisanje
TpTrace Verbose: 0 : 11124, 4, 2021/11/18, 00:31:14.319, 280381372622, testhost.dll, TestExecutionRecorder.RecordEnd: test: Zadatak_2.TDD.DodavanjeVoćaIBrisanje execution completed.
TpTrace Verbose: 0 : 11124, 4, 2021/11/18, 00:31:14.323, 280381412444, testhost.dll, TestExecutionRecorder.RecordResult: Received result for test: Zadatak_2.TDD.DodavanjeVoćaIBrisanje.
TpTrace Warning: 0 : 11124, 4, 2021/11/18, 00:31:14.323, 280381413391, testhost.dll, TestRunCache: InProgressTests is null
TpTrace Warning: 0 : 11124, 4, 2021/11/18, 00:31:14.323, 280381413707, testhost.dll, TestRunCache: No test found corresponding to testResult '' in inProgress list.
TpTrace Verbose: 0 : 11124, 4, 2021/11/18, 00:31:14.323, 280381414317, testhost.dll, TestExecutionRecorder.RecordStart: Starting test: Zadatak_2.TDD.NepodržaniTipDodavanja.
TpTrace Information: 0 : 11124, 4, 2021/11/18, 00:31:14.325, 280381433102, testhost.dll, MSTest - Executing test NepodržaniTipDodavanja
TpTrace Information: 0 : 11124, 4, 2021/11/18, 00:31:14.326, 280381444331, testhost.dll, MSTest - Executed test NepodržaniTipDodavanja
TpTrace Verbose: 0 : 11124, 4, 2021/11/18, 00:31:14.326, 280381445088, testhost.dll, TestExecutionRecorder.RecordEnd: test: Zadatak_2.TDD.NepodržaniTipDodavanja execution completed.
TpTrace Verbose: 0 : 11124, 4, 2021/11/18, 00:31:14.327, 280381455226, testhost.dll, TestExecutionRecorder.RecordResult: Received result for test: Zadatak_2.TDD.NepodržaniTipDodavanja.
TpTrace Warning: 0 : 11124, 4, 2021/11/18, 00:31:14.327, 280381455934, testhost.dll, TestRunCache: InProgressTests is null
TpTrace Warning: 0 : 11124, 4, 2021/11/18, 00:31:14.327, 280381456247, testhost.dll, TestRunCache: No test found corresponding to testResult '' in inProgress list.
TpTrace Verbose: 0 : 11124, 4, 2021/11/18, 00:31:14.327, 280381456795, testhost.dll, TestExecutionRecorder.RecordStart: Starting test: Zadatak_2.TDD.NemogućeDodavanjeUzBrisanje.
TpTrace Information: 0 : 11124, 4, 2021/11/18, 00:31:14.328, 280381466109, testhost.dll, MSTest - Executing test NemogućeDodavanjeUzBrisanje
TpTrace Information: 0 : 11124, 4, 2021/11/18, 00:31:14.329, 280381474244, testhost.dll, MSTest - Executed test NemogućeDodavanjeUzBrisanje
TpTrace Verbose: 0 : 11124, 4, 2021/11/18, 00:31:14.329, 280381474959, testhost.dll, TestExecutionRecorder.RecordEnd: test: Zadatak_2.TDD.NemogućeDodavanjeUzBrisanje execution completed.
TpTrace Verbose: 0 : 11124, 4, 2021/11/18, 00:31:14.330, 280381485656, testhost.dll, TestExecutionRecorder.RecordResult: Received result for test: Zadatak_2.TDD.NemogućeDodavanjeUzBrisanje.
TpTrace Warning: 0 : 11124, 4, 2021/11/18, 00:31:14.330, 280381486461, testhost.dll, TestRunCache: InProgressTests is null
TpTrace Warning: 0 : 11124, 4, 2021/11/18, 00:31:14.330, 280381486809, testhost.dll, TestRunCache: No test found corresponding to testResult '' in inProgress list.
TpTrace Information: 0 : 11124, 4, 2021/11/18, 00:31:14.330, 280381488849, testhost.dll, MSTest - Executing cleanup methods.
TpTrace Information: 0 : 11124, 4, 2021/11/18, 00:31:14.332, 280381507876, testhost.dll, MSTest - Executed cleanup methods.
TpTrace Information: 0 : 11124, 4, 2021/11/18, 00:31:14.332, 280381509319, testhost.dll, MSTest - Executed tests belonging to source C:\Users\Armin\Documents\GitHub\Grupa-3-Verifikovani-i-Validirani-Softverasi\Pijaca\Zadatak 2\bin\Debug\net5.0\fine-code-coverage\build-output\Zadatak 2.dll
TpTrace Verbose: 0 : 11124, 4, 2021/11/18, 00:31:14.333, 280381513453, testhost.dll, BaseRunTests.RunTestInternalWithExecutors: Completed running tests for executor://MSTestAdapter/v2
TpTrace Information: 0 : 11124, 4, 2021/11/18, 00:31:14.336, 280381542169, testhost.dll, Sending test run complete
TpTrace Verbose: 0 : 11124, 4, 2021/11/18, 00:31:14.367, 280381860420, testhost.dll, TestRequestHandler.SendData:  sending data from testhost: {"Version":5,"MessageType":"TestExecution.Completed","Payload":{"TestRunCompleteArgs":{"TestRunStatistics":{"ExecutedTests":5,"Stats":{"Passed":4,"Failed":1}},"IsCanceled":false,"IsAborted":false,"Error":null,"AttachmentSets":[],"ElapsedTimeInRunningTests":"00:00:00.3384262","Metrics":{}},"LastRunTests":{"NewTestResults":[{"TestCase":{"Id":"cd075b4d-61b2-de77-403b-0cfb69a56f47","FullyQualifiedName":"Zadatak_2.TDD.TestZamjenskiObjekat","DisplayName":"TestZamjenskiObjekat","ExecutorUri":"executor://MSTestAdapter/v2","Source":"C:\\Users\\Armin\\Documents\\GitHub\\Grupa-3-Verifikovani-i-Validirani-Softverasi\\Pijaca\\Zadatak 2\\bin\\Debug\\net5.0\\fine-code-coverage\\build-output\\Zadatak 2.dll","CodeFilePath":null,"LineNumber":-1,"Properties":[{"Key":{"Id":"TestCase.ManagedType","Label":"ManagedType","Category":"","Description":"","Attributes":1,"ValueType":"System.String"},"Value":"Zadatak_2.TDD"},{"Key":{"Id":"TestCase.ManagedMethod","Label":"ManagedMethod","Category":"","Description":"","Attributes":1,"ValueType":"System.String"},"Value":"TestZamjenskiObjekat"},{"Key":{"Id":"MSTestDiscoverer.TestClassName","Label":"ClassName","Category":"","Description":"","Attributes":1,"ValueType":"System.String"},"Value":"Zadatak_2.TDD"},{"Key":{"Id":"TestObject.Traits","Label":"Traits","Category":"","Description":"","Attributes":5,"ValueType":"System.Collections.Generic.KeyValuePair`2[[System.String],[System.String]][]"},"Value":[]}]},"Attachments":[],"Outcome":1,"ErrorMessage":null,"ErrorStackTrace":null,"DisplayName":null,"Messages":[],"ComputerName":null,"Duration":"00:00:00.0137058","StartTime":"2021-11-18T00:31:14.1849632+01:00","EndTime":"2021-11-18T00:31:14.2444964+01:00","Properties":[{"Key":{"Id":"ExecutionId","Label":"ExecutionId","Category":"","Description":"","Attributes":1,"ValueType":"System.Guid"},"Value":"00000000-0000-0000-0000-000000000000"},{"Key":{"Id":"ParentExecId","Label":"ParentExecId","Category":"","Description":"","Attributes":1,"ValueType":"System.Guid"},"Value":"00000000-0000-0000-0000-000000000000"},{"Key":{"Id":"InnerResultsCount","Label":"InnerResultsCount","Category":"","Description":"","Attributes":1,"ValueType":"System.Int32"},"Value":0}]},{"TestCase":{"Id":"3a1d8414-af96-8075-3e91-63006d286d73","FullyQualifiedName":"Zadatak_2.TDD.DodavanjeMesnihProizvoda","DisplayName":"DodavanjeMesnihProizvoda","ExecutorUri":"executor://MSTestAdapter/v2","Source":"C:\\Users\\Armin\\Documents\\GitHub\\Grupa-3-Verifikovani-i-Validirani-Softverasi\\Pijaca\\Zadatak 2\\bin\\Debug\\net5.0\\fine-code-coverage\\build-output\\Zadatak 2.dll","CodeFilePath":null,"LineNumber":-1,"Properties":[{"Key":{"Id":"TestCase.ManagedType","Label":"ManagedType","Category":"","Description":"","Attributes":1,"ValueType":"System.String"},"Value":"Zadatak_2.TDD"},{"Key":{"Id":"TestCase.ManagedMethod","Label":"ManagedMethod","Category":"","Description":"","Attributes":1,"ValueType":"System.String"},"Value":"DodavanjeMesnihProizvoda"},{"Key":{"Id":"MSTestDiscoverer.TestClassName","Label":"ClassName","Category":"","Description":"","Attributes":1,"ValueType":"System.String"},"Value":"Zadatak_2.TDD"},{"Key":{"Id":"TestObject.Traits","Label":"Traits","Category":"","Description":"","Attributes":5,"ValueType":"System.Collections.Generic.KeyValuePair`2[[System.String],[System.String]][]"},"Value":[]}]},"Attachments":[],"Outcome":2,"ErrorMessage":"Assert.IsTrue failed. ","ErrorStackTrace":"   at Zadatak_2.TDD.DodavanjeMesnihProizvoda() in C:\\Users\\Armin\\Documents\\GitHub\\Grupa-3-Verifikovani-i-Validirani-Softverasi\\Pijaca\\Zadatak 2\\TDD.cs:line 67\r\n","DisplayName":null,"Messages":[],"ComputerName":null,"Duration":"00:00:00.0319918","StartTime":"2021-11-18T00:31:14.2827835+01:00","EndTime":"2021-11-18T00:31:14.3155066+01:00","Properties":[{"Key":{"Id":"ExecutionId","Label":"ExecutionId","Category":"","Description":"","Attributes":1,"ValueType":"System.Guid"},"Value":"00000000-0000-0000-0000-000000000000"},{"Key":{"Id":"ParentExecId","Label":"ParentExecId","Category":"","Description":"","Attributes":1,"ValueType":"System.Guid"},"Value":"00000000-0000-0000-0000-000000000000"},{"Key":{"Id":"InnerResultsCount","Label":"InnerResultsCount","Category":"","Description":"","Attributes":1,"ValueType":"System.Int32"},"Value":0}]},{"TestCase":{"Id":"3f4528f8-6f76-6b66-8987-b10996504e89","FullyQualifiedName":"Zadatak_2.TDD.DodavanjeVoćaIBrisanje","DisplayName":"DodavanjeVoćaIBrisanje","ExecutorUri":"executor://MSTestAdapter/v2","Source":"C:\\Users\\Armin\\Documents\\GitHub\\Grupa-3-Verifikovani-i-Validirani-Softverasi\\Pijaca\\Zadatak 2\\bin\\Debug\\net5.0\\fine-code-coverage\\build-output\\Zadatak 2.dll","CodeFilePath":null,"LineNumber":-1,"Properties":[{"Key":{"Id":"TestCase.ManagedType","Label":"ManagedType","Category":"","Description":"","Attributes":1,"ValueType":"System.String"},"Value":"Zadatak_2.TDD"},{"Key":{"Id":"TestCase.ManagedMethod","Label":"ManagedMethod","Category":"","Description":"","Attributes":1,"ValueType":"System.String"},"Value":"DodavanjeVoćaIBrisanje"},{"Key":{"Id":"MSTestDiscoverer.TestClassName","Label":"ClassName","Category":"","Description":"","Attributes":1,"ValueType":"System.String"},"Value":"Zadatak_2.TDD"},{"Key":{"Id":"TestObject.Traits","Label":"Traits","Category":"","Description":"","Attributes":5,"ValueType":"System.Collections.Generic.KeyValuePair`2[[System.String],[System.String]][]"},"Value":[]}]},"Attachments":[],"Outcome":1,"ErrorMessage":null,"ErrorStackTrace":null,"DisplayName":null,"Messages":[],"ComputerName":null,"Duration":"00:00:00.0007152","StartTime":"2021-11-18T00:31:14.3181088+01:00","EndTime":"2021-11-18T00:31:14.3190971+01:00","Properties":[{"Key":{"Id":"ExecutionId","Label":"ExecutionId","Category":"","Description":"","Attributes":1,"ValueType":"System.Guid"},"Value":"00000000-0000-0000-0000-000000000000"},{"Key":{"Id":"ParentExecId","Label":"ParentExecId","Category":"","Description":"","Attributes":1,"ValueType":"System.Guid"},"Value":"00000000-0000-0000-0000-000000000000"},{"Key":{"Id":"InnerResultsCount","Label":"InnerResultsCount","Category":"","Description":"","Attributes":1,"ValueType":"System.Int32"},"Value":0}]},{"TestCase":{"Id":"94f032db-9346-302f-6689-ffa07b4ffe55","FullyQualifiedName":"Zadatak_2.TDD.NepodržaniTipDodavanja","DisplayName":"NepodržaniTipDodavanja","ExecutorUri":"executor://MSTestAdapter/v2","Source":"C:\\Users\\Armin\\Documents\\GitHub\\Grupa-3-Verifikovani-i-Validirani-Softverasi\\Pijaca\\Zadatak 2\\bin\\Debug\\net5.0\\fine-code-coverage\\build-output\\Zadatak 2.dll","CodeFilePath":null,"LineNumber":-1,"Properties":[{"Key":{"Id":"TestCase.ManagedType","Label":"ManagedType","Category":"","Description":"","Attributes":1,"ValueType":"System.String"},"Value":"Zadatak_2.TDD"},{"Key":{"Id":"TestCase.ManagedMethod","Label":"ManagedMethod","Category":"","Description":"","Attributes":1,"ValueType":"System.String"},"Value":"NepodržaniTipDodavanja"},{"Key":{"Id":"MSTestDiscoverer.TestClassName","Label":"ClassName","Category":"","Description":"","Attributes":1,"ValueType":"System.String"},"Value":"Zadatak_2.TDD"},{"Key":{"Id":"TestObject.Traits","Label":"Traits","Category":"","Description":"","Attributes":5,"ValueType":"System.Collections.Generic.KeyValuePair`2[[System.String],[System.String]][]"},"Value":[]}]},"Attachments":[],"Outcome":1,"ErrorMessage":null,"ErrorStackTrace":null,"DisplayName":null,"Messages":[],"ComputerName":null,"Duration":"00:00:00.0008322","StartTime":"2021-11-18T00:31:14.3251432+01:00","EndTime":"2021-11-18T00:31:14.3263423+01:00","Properties":[{"Key":{"Id":"ExecutionId","Label":"ExecutionId","Category":"","Description":"","Attributes":1,"ValueType":"System.Guid"},"Value":"00000000-0000-0000-0000-000000000000"},{"Key":{"Id":"ParentExecId","Label":"ParentExecId","Category":"","Description":"","Attributes":1,"ValueType":"System.Guid"},"Value":"00000000-0000-0000-0000-000000000000"},{"Key":{"Id":"InnerResultsCount","Label":"InnerResultsCount","Category":"","Description":"","Attributes":1,"ValueType":"System.Int32"},"Value":0}]},{"TestCase":{"Id":"0e86f05c-b4ae-450e-5451-e8f8450dc484","FullyQualifiedName":"Zadatak_2.TDD.NemogućeDodavanjeUzBrisanje","DisplayName":"NemogućeDodavanjeUzBrisanje","ExecutorUri":"executor://MSTestAdapter/v2","Source":"C:\\Users\\Armin\\Documents\\GitHub\\Grupa-3-Verifikovani-i-Validirani-Softverasi\\Pijaca\\Zadatak 2\\bin\\Debug\\net5.0\\fine-code-coverage\\build-output\\Zadatak 2.dll","CodeFilePath":null,"LineNumber":-1,"Properties":[{"Key":{"Id":"TestCase.ManagedType","Label":"ManagedType","Category":"","Description":"","Attributes":1,"ValueType":"System.String"},"Value":"Zadatak_2.TDD"},{"Key":{"Id":"TestCase.ManagedMethod","Label":"ManagedMethod","Category":"","Description":"","Attributes":1,"ValueType":"System.String"},"Value":"NemogućeDodavanjeUzBrisanje"},{"Key":{"Id":"MSTestDiscoverer.TestClassName","Label":"ClassName","Category":"","Description":"","Attributes":1,"ValueType":"System.String"},"Value":"Zadatak_2.TDD"},{"Key":{"Id":"TestObject.Traits","Label":"Traits","Category":"","Description":"","Attributes":5,"ValueType":"System.Collections.Generic.KeyValuePair`2[[System.String],[System.String]][]"},"Value":[]}]},"Attachments":[],"Outcome":1,"ErrorMessage":null,"ErrorStackTrace":null,"DisplayName":null,"Messages":[],"ComputerName":null,"Duration":"00:00:00.0006008","StartTime":"2021-11-18T00:31:14.3284489+01:00","EndTime":"2021-11-18T00:31:14.3293314+01:00","Properties":[{"Key":{"Id":"ExecutionId","Label":"ExecutionId","Category":"","Description":"","Attributes":1,"ValueType":"System.Guid"},"Value":"00000000-0000-0000-0000-000000000000"},{"Key":{"Id":"ParentExecId","Label":"ParentExecId","Category":"","Description":"","Attributes":1,"ValueType":"System.Guid"},"Value":"00000000-0000-0000-0000-000000000000"},{"Key":{"Id":"InnerResultsCount","Label":"InnerResultsCount","Category":"","Description":"","Attributes":1,"ValueType":"System.Int32"},"Value":0}]}],"TestRunStatistics":{"ExecutedTests":5,"Stats":{"Passed":4,"Failed":1}},"ActiveTests":[]},"RunAttachments":[],"ExecutorUris":["executor://mstestadapter/v2"]}}
TpTrace Verbose: 0 : 11124, 4, 2021/11/18, 00:31:14.368, 280381870392, testhost.dll, BaseRunTests.RunTests: Run is complete.
TpTrace Verbose: 0 : 11124, 6, 2021/11/18, 00:31:14.370, 280381886089, testhost.dll, TcpClientExtensions.MessageLoopAsync: NotifyDataAvailable remoteEndPoint: [::ffff:127.0.0.1]:59299 localEndPoint: [::ffff:127.0.0.1]:59300
TpTrace Information: 0 : 11124, 6, 2021/11/18, 00:31:14.370, 280381889196, testhost.dll, TestRequestHandler.ProcessRequests: received message: (TestSession.Terminate) -> null
TpTrace Information: 0 : 11124, 6, 2021/11/18, 00:31:14.370, 280381890269, testhost.dll, Session End message received from server. Closing the connection.
TpTrace Information: 0 : 11124, 6, 2021/11/18, 00:31:14.371, 280381895734, testhost.dll, SocketClient.Stop: Stop communication from server endpoint: 127.0.0.1:059299
TpTrace Information: 0 : 11124, 6, 2021/11/18, 00:31:14.371, 280381897816, testhost.dll, SocketClient: Stop: Cancellation requested. Stopping message loop.
TpTrace Verbose: 0 : 11124, 6, 2021/11/18, 00:31:14.371, 280381900496, testhost.dll, LengthPrefixCommunicationChannel.Dispose: Dispose reader and writer.
TpTrace Information: 0 : 11124, 6, 2021/11/18, 00:31:14.372, 280381901939, testhost.dll, Closing the connection !
TpTrace Information: 0 : 11124, 6, 2021/11/18, 00:31:14.372, 280381906741, testhost.dll, SocketClient.PrivateStop: Stop communication from server endpoint: 127.0.0.1:059299, error:
TpTrace Verbose: 0 : 11124, 6, 2021/11/18, 00:31:14.372, 280381909340, testhost.dll, LengthPrefixCommunicationChannel.Dispose: Dispose reader and writer.
TpTrace Information: 0 : 11124, 1, 2021/11/18, 00:31:14.372, 280381909379, testhost.dll, Closing the connection !
TpTrace Verbose: 0 : 11124, 6, 2021/11/18, 00:31:14.372, 280381910070, testhost.dll, TcpClientExtensions.MessageLoopAsync: exiting MessageLoopAsync remoteEndPoint: [::ffff:127.0.0.1]:59299 localEndPoint: [::ffff:127.0.0.1]:59300
TpTrace Information: 0 : 11124, 1, 2021/11/18, 00:31:14.373, 280381911574, testhost.dll, SocketClient.Stop: Stop communication from server endpoint: 127.0.0.1:059299
TpTrace Verbose: 0 : 11124, 1, 2021/11/18, 00:31:14.373, 280381912629, testhost.dll, LengthPrefixCommunicationChannel.Dispose: Dispose reader and writer.
TpTrace Information: 0 : 11124, 1, 2021/11/18, 00:31:14.373, 280381914014, testhost.dll, Testhost process exiting.
