TpTrace Verbose: 0 : 1380, 1, 2021/11/26, 15:14:21.436, 371719841331, datacollector.dll, Version: 16.9.1
TpTrace Information: 0 : 1380, 1, 2021/11/26, 15:14:21.446, 371719862958, datacollector.dll, DataCollectorMain.Run: Starting data collector run with args: --port,60708,--parentprocessid,11184,--diag,C:\Users\User\Documents\GitHub\Grupa-3-Verifikovani-i-Validirani-Softverasi\Pijaca\Zadatak 2\bin\Debug\net5.0\fine-code-coverage\coverage-tool-output\diagnostics.datacollector.21-11-26_15-14-21_23999_4.log,--tracelevel,4
TpTrace Information: 0 : 1380, 1, 2021/11/26, 15:14:21.447, 371719864219, datacollector.dll, DataCollector: Monitoring parent process with id: '11184'
TpTrace Information: 0 : 1380, 1, 2021/11/26, 15:14:21.463, 371719925594, datacollector.dll, Trying to connect to server on socket : 127.0.0.1:60708 
TpTrace Verbose: 0 : 1380, 1, 2021/11/26, 15:14:21.486, 371720009728, datacollector.dll, SocketCommunicationManager : SetupClientAsync : Attempting to connect to the server.
TpTrace Information: 0 : 1380, 6, 2021/11/26, 15:14:21.534, 371720186799, datacollector.dll, Connected to the server successfully 
TpTrace Information: 0 : 1380, 6, 2021/11/26, 15:14:21.534, 371720187322, datacollector.dll, Using the buffer size of 16384 bytes
TpTrace Information: 0 : 1380, 1, 2021/11/26, 15:14:21.750, 371720987856, datacollector.dll, DataCollector: Start Request Processing.
TpTrace Information: 0 : 1380, 1, 2021/11/26, 15:14:21.757, 371721011853, datacollector.dll, DataCollectionRequestHandler.ProcessRequests : Datacollector received message: (DataCollection.BeforeTestRunStart) -> {
  "SettingsXml": "<RunSettings><RunConfiguration><ResultsDirectory>C:\\Users\\User\\Documents\\GitHub\\Grupa-3-Verifikovani-i-Validirani-Softverasi\\Pijaca\\Zadatak 2\\bin\\Debug\\net5.0\\fine-code-coverage\\coverage-tool-output</ResultsDirectory><TargetPlatform>X64</TargetPlatform><TargetFrameworkVersion>.NETCoreApp,Version=v5.0</TargetFrameworkVersion><DesignMode>False</DesignMode><CollectSourceInformation>False</CollectSourceInformation><TestAdaptersPaths>C:\\Program Files\\dotnet\\sdk\\5.0.201\\Extensions</TestAdaptersPaths></RunConfiguration><LoggerRunSettings><Loggers><Logger friendlyName=\"blame\" enabled=\"True\" /><Logger friendlyName=\"Console\" uri=\"logger://microsoft/TestPlatform/ConsoleLogger/v1\" assemblyQualifiedName=\"Microsoft.VisualStudio.TestPlatform.CommandLine.Internal.ConsoleLogger, vstest.console, Version=15.0.0.0, Culture=neutral, PublicKeyToken=b03f5f7f11d50a3a\" codeBase=\"C:\\Program Files\\dotnet\\sdk\\5.0.201\\vstest.console.dll\" enabled=\"True\" /></Loggers></LoggerRunSettings><DataCollectionRunSettings><DataCollectors><DataCollector friendlyName=\"blame\" enabled=\"True\"><Configuration><ResultsDirectory>C:\\Users\\User\\Documents\\GitHub\\Grupa-3-Verifikovani-i-Validirani-Softverasi\\Pijaca\\Zadatak 2\\bin\\Debug\\net5.0\\fine-code-coverage\\coverage-tool-output</ResultsDirectory></Configuration></DataCollector></DataCollectors></DataCollectionRunSettings></RunSettings>",
  "Sources": [
    "C:\\Users\\User\\Documents\\GitHub\\Grupa-3-Verifikovani-i-Validirani-Softverasi\\Pijaca\\Zadatak 2\\bin\\Debug\\net5.0\\fine-code-coverage\\build-output\\Zadatak 2.dll"
  ],
  "IsTelemetryOptedIn": false
}
TpTrace Verbose: 0 : 1380, 1, 2021/11/26, 15:14:21.875, 371721451075, datacollector.dll, TestPluginCache: Update extensions started. Skip filter = False
TpTrace Verbose: 0 : 1380, 1, 2021/11/26, 15:14:21.876, 371721455007, datacollector.dll, TestPluginCache: Using directories for assembly resolution 'C:\Program Files\dotnet\sdk\5.0.201\Extensions'.
TpTrace Verbose: 0 : 1380, 1, 2021/11/26, 15:14:21.876, 371721455313, datacollector.dll, TestPluginCache: Updated the available extensions to 'C:\Program Files\dotnet\sdk\5.0.201\Extensions\Microsoft.TestPlatform.Extensions.BlameDataCollector.dll,C:\Program Files\dotnet\sdk\5.0.201\Extensions\Microsoft.TestPlatform.Extensions.EventLogCollector.dll'.
TpTrace Verbose: 0 : 1380, 1, 2021/11/26, 15:14:21.888, 371721496845, datacollector.dll, TestPluginCache.DiscoverTestExtensions: finding test extensions in assemblies ends with: Collector.dll TPluginInfo: Microsoft.VisualStudio.TestPlatform.Common.DataCollector.DataCollectorConfig TExtension: Microsoft.VisualStudio.TestPlatform.ObjectModel.DataCollection.DataCollector
TpTrace Verbose: 0 : 1380, 1, 2021/11/26, 15:14:21.888, 371721498032, datacollector.dll, TestPluginCache.GetExtensionPaths: Filtered extension paths: C:\Program Files\dotnet\sdk\5.0.201\Extensions\Microsoft.TestPlatform.Extensions.BlameDataCollector.dll
C:\Program Files\dotnet\sdk\5.0.201\Extensions\Microsoft.TestPlatform.Extensions.EventLogCollector.dll
TpTrace Verbose: 0 : 1380, 1, 2021/11/26, 15:14:21.888, 371721498243, datacollector.dll, TestPluginCache.GetExtensionPaths: Added default extension paths: 
TpTrace Verbose: 0 : 1380, 1, 2021/11/26, 15:14:21.888, 371721498387, datacollector.dll, TestPluginCache.GetExtensionPaths: Added unfilterableExtensionPaths: 
TpTrace Information: 0 : 1380, 1, 2021/11/26, 15:14:21.889, 371721501243, datacollector.dll, AssemblyResolver.ctor: Creating AssemblyResolver with searchDirectories C:\Program Files\dotnet\sdk\5.0.201\Extensions,C:\Program Files\dotnet\sdk\5.0.201
TpTrace Verbose: 0 : 1380, 1, 2021/11/26, 15:14:21.891, 371721509332, datacollector.dll, TestPluginCache.DiscoverTestExtensions: Discovering the extensions using extension path.
TpTrace Verbose: 0 : 1380, 1, 2021/11/26, 15:14:21.891, 371721510403, datacollector.dll, TestPluginCache.GetExtensionPaths: Filtered extension paths: C:\Program Files\dotnet\sdk\5.0.201\Extensions\Microsoft.TestPlatform.Extensions.BlameDataCollector.dll
C:\Program Files\dotnet\sdk\5.0.201\Extensions\Microsoft.TestPlatform.Extensions.EventLogCollector.dll
TpTrace Verbose: 0 : 1380, 1, 2021/11/26, 15:14:21.891, 371721510622, datacollector.dll, TestPluginCache.GetExtensionPaths: Added default extension paths: 
TpTrace Verbose: 0 : 1380, 1, 2021/11/26, 15:14:21.891, 371721510791, datacollector.dll, TestPluginCache.GetExtensionPaths: Added unfilterableExtensionPaths: 
TpTrace Verbose: 0 : 1380, 1, 2021/11/26, 15:14:21.891, 371721511121, datacollector.dll, TestPluginCache.DiscoverTestExtensions: Discovering the extensions using allExtensionPaths: C:\Program Files\dotnet\sdk\5.0.201\Extensions\Microsoft.TestPlatform.Extensions.BlameDataCollector.dll
C:\Program Files\dotnet\sdk\5.0.201\Extensions\Microsoft.TestPlatform.Extensions.EventLogCollector.dll
TpTrace Information: 0 : 1380, 1, 2021/11/26, 15:14:21.892, 371721511677, datacollector.dll, AssemblyResolver.AddSearchDirectories: Adding more searchDirectories C:\Program Files\dotnet\sdk\5.0.201\Extensions,C:\Program Files\dotnet\sdk\5.0.201
TpTrace Information: 0 : 1380, 1, 2021/11/26, 15:14:21.892, 371721511974, datacollector.dll, AssemblyResolver.AddSearchDirectories: Adding more searchDirectories C:\Program Files\dotnet\sdk\5.0.201\Extensions,C:\Program Files\dotnet\sdk\5.0.201
TpTrace Information: 0 : 1380, 1, 2021/11/26, 15:14:21.892, 371721514178, datacollector.dll, AssemblyResolver.OnResolve: Microsoft.TestPlatform.Extensions.BlameDataCollector: Resolving assembly.
TpTrace Information: 0 : 1380, 1, 2021/11/26, 15:14:21.900, 371721543065, datacollector.dll, AssemblyResolver.OnResolve: Resolved assembly: Microsoft.TestPlatform.Extensions.BlameDataCollector, from path: C:\Program Files\dotnet\sdk\5.0.201\Extensions\Microsoft.TestPlatform.Extensions.BlameDataCollector.dll
TpTrace Error: 0 : 1380, 1, 2021/11/26, 15:14:21.908, 371721572397, datacollector.dll, The type "Microsoft.TestPlatform.Extensions.BlameDataCollector.BlameCollector" defined in "Microsoft.TestPlatform.Extensions.BlameDataCollector.dll" does not have ExtensionUri attribute.
TpTrace Information: 0 : 1380, 1, 2021/11/26, 15:14:22.015, 371721968665, datacollector.dll, AssemblyResolver.OnResolve: Microsoft.TestPlatform.Extensions.EventLogCollector: Resolving assembly.
TpTrace Information: 0 : 1380, 1, 2021/11/26, 15:14:22.016, 371721971814, datacollector.dll, AssemblyResolver.OnResolve: Resolved assembly: Microsoft.TestPlatform.Extensions.EventLogCollector, from path: C:\Program Files\dotnet\sdk\5.0.201\Extensions\Microsoft.TestPlatform.Extensions.EventLogCollector.dll
TpTrace Error: 0 : 1380, 1, 2021/11/26, 15:14:22.018, 371721981486, datacollector.dll, The type "Microsoft.TestPlatform.Extensions.EventLogCollector.EventLogDataCollector" defined in "Microsoft.TestPlatform.Extensions.EventLogCollector.dll" does not have ExtensionUri attribute.
TpTrace Verbose: 0 : 1380, 1, 2021/11/26, 15:14:22.019, 371721983766, datacollector.dll, TestPluginCache: Discovered the extensions using extension path 'C:\Program Files\dotnet\sdk\5.0.201\Extensions\Microsoft.TestPlatform.Extensions.BlameDataCollector.dll,C:\Program Files\dotnet\sdk\5.0.201\Extensions\Microsoft.TestPlatform.Extensions.EventLogCollector.dll'.
TpTrace Verbose: 0 : 1380, 1, 2021/11/26, 15:14:22.019, 371721984134, datacollector.dll, TestPluginCache: Discoverers are ''.
TpTrace Verbose: 0 : 1380, 1, 2021/11/26, 15:14:22.019, 371721984301, datacollector.dll, TestPluginCache: Executors are ''.
TpTrace Verbose: 0 : 1380, 1, 2021/11/26, 15:14:22.019, 371721984458, datacollector.dll, TestPluginCache: Executors2 are ''.
TpTrace Verbose: 0 : 1380, 1, 2021/11/26, 15:14:22.019, 371721984619, datacollector.dll, TestPluginCache: Setting providers are ''.
TpTrace Verbose: 0 : 1380, 1, 2021/11/26, 15:14:22.019, 371721984762, datacollector.dll, TestPluginCache: Loggers are ''.
TpTrace Information: 0 : 1380, 1, 2021/11/26, 15:14:22.021, 371721991540, datacollector.dll, TestPluginManager.CreateTestExtension: Attempting to load test extension: Microsoft.TestPlatform.Extensions.BlameDataCollector.BlameCollector
TpTrace Error: 0 : 1380, 1, 2021/11/26, 15:14:22.022, 371721994353, datacollector.dll, The type "Microsoft.TestPlatform.Extensions.BlameDataCollector.BlameCollector" defined in "Microsoft.TestPlatform.Extensions.BlameDataCollector.dll" does not have ExtensionUri attribute.
TpTrace Information: 0 : 1380, 1, 2021/11/26, 15:14:22.031, 371722027558, datacollector.dll, Listening on Endpoint : 127.0.0.1:60710
TpTrace Information: 0 : 1380, 1, 2021/11/26, 15:14:22.053, 371722110967, datacollector.dll, DataCollectionRequestHandler.ProcessRequests : DataCollection started.
TpTrace Information: 0 : 1380, 1, 2021/11/26, 15:14:22.085, 371722227704, datacollector.dll, DataCollectionRequestHandler.ProcessRequests : Datacollector received message: (DataCollection.TestHostLaunched) -> {
  "ProcessId": 13552
}
TpTrace Information: 0 : 1380, 6, 2021/11/26, 15:14:22.417, 371723458343, datacollector.dll, Using the buffer size of 16384 bytes
TpTrace Information: 0 : 1380, 6, 2021/11/26, 15:14:22.417, 371723458886, datacollector.dll, Accepted Client request and set the flag
TpTrace Information: 0 : 1380, 5, 2021/11/26, 15:14:23.058, 371725832813, datacollector.dll, DataCollectionTestCaseEventHandler: Test case starting.
TpTrace Information: 0 : 1380, 5, 2021/11/26, 15:14:23.127, 371726087271, datacollector.dll, Blame Collector : Test Case Start
TpTrace Information: 0 : 1380, 5, 2021/11/26, 15:14:23.183, 371726297249, datacollector.dll, DataCollectionTestCaseEventHandler: Test case 'TestZamjenskiObjekat - cd075b4d-61b2-de77-403b-0cfb69a56f47' started.
TpTrace Information: 0 : 1380, 5, 2021/11/26, 15:14:23.213, 371726405714, datacollector.dll, DataCollectionTestCaseEventHandler : Test case completing.
TpTrace Information: 0 : 1380, 5, 2021/11/26, 15:14:23.222, 371726440880, datacollector.dll, Blame Collector : Test Case End
TpTrace Information: 0 : 1380, 5, 2021/11/26, 15:14:23.231, 371726471895, datacollector.dll, DataCollectionTestCaseEventHandler: Test case 'TestZamjenskiObjekat - cd075b4d-61b2-de77-403b-0cfb69a56f47' completed
TpTrace Information: 0 : 1380, 5, 2021/11/26, 15:14:23.262, 371726586851, datacollector.dll, DataCollectionTestCaseEventHandler: Test case starting.
TpTrace Information: 0 : 1380, 5, 2021/11/26, 15:14:23.263, 371726591776, datacollector.dll, Blame Collector : Test Case Start
TpTrace Information: 0 : 1380, 5, 2021/11/26, 15:14:23.263, 371726593067, datacollector.dll, DataCollectionTestCaseEventHandler: Test case 'DodavanjeMesnihProizvoda - 3a1d8414-af96-8075-3e91-63006d286d73' started.
TpTrace Information: 0 : 1380, 5, 2021/11/26, 15:14:23.271, 371726622597, datacollector.dll, DataCollectionTestCaseEventHandler : Test case completing.
TpTrace Information: 0 : 1380, 5, 2021/11/26, 15:14:23.272, 371726626750, datacollector.dll, Blame Collector : Test Case End
TpTrace Information: 0 : 1380, 5, 2021/11/26, 15:14:23.273, 371726628243, datacollector.dll, DataCollectionTestCaseEventHandler: Test case 'DodavanjeMesnihProizvoda - 3a1d8414-af96-8075-3e91-63006d286d73' completed
TpTrace Information: 0 : 1380, 5, 2021/11/26, 15:14:23.274, 371726634697, datacollector.dll, DataCollectionTestCaseEventHandler: Test case starting.
TpTrace Information: 0 : 1380, 5, 2021/11/26, 15:14:23.275, 371726638365, datacollector.dll, Blame Collector : Test Case Start
TpTrace Information: 0 : 1380, 5, 2021/11/26, 15:14:23.276, 371726639469, datacollector.dll, DataCollectionTestCaseEventHandler: Test case 'DodavanjeVoćaIBrisanje - 3f4528f8-6f76-6b66-8987-b10996504e89' started.
TpTrace Information: 0 : 1380, 5, 2021/11/26, 15:14:23.279, 371726652077, datacollector.dll, DataCollectionTestCaseEventHandler : Test case completing.
TpTrace Information: 0 : 1380, 5, 2021/11/26, 15:14:23.280, 371726656094, datacollector.dll, Blame Collector : Test Case End
TpTrace Information: 0 : 1380, 5, 2021/11/26, 15:14:23.281, 371726657040, datacollector.dll, DataCollectionTestCaseEventHandler: Test case 'DodavanjeVoćaIBrisanje - 3f4528f8-6f76-6b66-8987-b10996504e89' completed
TpTrace Information: 0 : 1380, 5, 2021/11/26, 15:14:23.283, 371726665812, datacollector.dll, DataCollectionTestCaseEventHandler: Test case starting.
TpTrace Information: 0 : 1380, 5, 2021/11/26, 15:14:23.284, 371726669795, datacollector.dll, Blame Collector : Test Case Start
TpTrace Information: 0 : 1380, 5, 2021/11/26, 15:14:23.286, 371726676068, datacollector.dll, DataCollectionTestCaseEventHandler: Test case 'NepodržaniTipDodavanja - 94f032db-9346-302f-6689-ffa07b4ffe55' started.
TpTrace Information: 0 : 1380, 5, 2021/11/26, 15:14:23.308, 371726758848, datacollector.dll, DataCollectionTestCaseEventHandler : Test case completing.
TpTrace Information: 0 : 1380, 5, 2021/11/26, 15:14:23.309, 371726764824, datacollector.dll, Blame Collector : Test Case End
TpTrace Information: 0 : 1380, 5, 2021/11/26, 15:14:23.310, 371726766098, datacollector.dll, DataCollectionTestCaseEventHandler: Test case 'NepodržaniTipDodavanja - 94f032db-9346-302f-6689-ffa07b4ffe55' completed
TpTrace Information: 0 : 1380, 5, 2021/11/26, 15:14:23.312, 371726773169, datacollector.dll, DataCollectionTestCaseEventHandler: Test case starting.
TpTrace Information: 0 : 1380, 5, 2021/11/26, 15:14:23.313, 371726777898, datacollector.dll, Blame Collector : Test Case Start
TpTrace Information: 0 : 1380, 5, 2021/11/26, 15:14:23.313, 371726779049, datacollector.dll, DataCollectionTestCaseEventHandler: Test case 'NemogućeDodavanjeUzBrisanje - 0e86f05c-b4ae-450e-5451-e8f8450dc484' started.
TpTrace Information: 0 : 1380, 5, 2021/11/26, 15:14:23.324, 371726819168, datacollector.dll, DataCollectionTestCaseEventHandler : Test case completing.
TpTrace Information: 0 : 1380, 5, 2021/11/26, 15:14:23.325, 371726822836, datacollector.dll, Blame Collector : Test Case End
TpTrace Information: 0 : 1380, 5, 2021/11/26, 15:14:23.326, 371726824068, datacollector.dll, DataCollectionTestCaseEventHandler: Test case 'NemogućeDodavanjeUzBrisanje - 0e86f05c-b4ae-450e-5451-e8f8450dc484' completed
TpTrace Information: 0 : 1380, 5, 2021/11/26, 15:14:23.338, 371726869888, datacollector.dll, DataCollectionTestCaseEventHandler: Test session ended
TpTrace Information: 0 : 1380, 1, 2021/11/26, 15:14:23.482, 371727405197, datacollector.dll, DataCollectionRequestHandler.ProcessRequests : Datacollector received message: (DataCollection.AfterTestRunEnd) -> false
TpTrace Information: 0 : 1380, 1, 2021/11/26, 15:14:23.483, 371727408906, datacollector.dll, Blame Collector : Session End
TpTrace Information: 0 : 1380, 1, 2021/11/26, 15:14:23.484, 371727409413, datacollector.dll, BlameCollector.CollectDumpAndAbortTesthost: Custom path to dump directory was provided via VSTEST_DUMP_PATH. Skipping attachment upload, the caller is responsible for collecting and uploading the dumps themselves.
TpTrace Information: 0 : 1380, 1, 2021/11/26, 15:14:23.484, 371727410322, datacollector.dll, DataCollectionManager.CleanupPlugins: CleanupPlugins called
TpTrace Verbose: 0 : 1380, 1, 2021/11/26, 15:14:23.484, 371727410560, datacollector.dll, DataCollectionManager.CleanupPlugins: Cleaning up 1 plugins
TpTrace Verbose: 0 : 1380, 1, 2021/11/26, 15:14:23.484, 371727411141, datacollector.dll, dataCollectorInfo.DisposeDataCollector: calling Dispose() on Microsoft.TestPlatform.Extensions.BlameDataCollector.BlameCollector
TpTrace Information: 0 : 1380, 1, 2021/11/26, 15:14:23.484, 371727411527, datacollector.dll, DataCollectionManager.CleanupPlugins: CleanupPlugins finished
TpTrace Information: 0 : 1380, 1, 2021/11/26, 15:14:23.489, 371727429524, datacollector.dll, DataCollectionRequestHandler.ProcessRequests : Session End message received from server. Closing the connection.
TpTrace Information: 0 : 1380, 1, 2021/11/26, 15:14:23.489, 371727430728, datacollector.dll, Closing the connection !
TpTrace Information: 0 : 1380, 1, 2021/11/26, 15:14:23.489, 371727430954, datacollector.dll, DataCollectionRequestHandler.ProcessRequests : DataCollection completed
TpTrace Information: 0 : 1380, 1, 2021/11/26, 15:14:23.489, 371727431089, datacollector.dll, Program.Main: exiting datacollector process.
