TpTrace Verbose: 0 : 2556, 1, 2021/11/18, 15:08:08.638, 806550509628, testhost.dll, Version: 16.9.4
TpTrace Information: 0 : 2556, 1, 2021/11/18, 15:08:08.649, 806550584704, testhost.dll, DefaultEngineInvoker.Invoke: Testhost process started with args :[--port, 63838],[--endpoint, 127.0.0.1:063838],[--role, client],[--parentprocessid, 16716],[--diag, C:\Users\Armin\Documents\GitHub\Grupa-3-Verifikovani-i-Validirani-Softverasi\Pijaca\Zadatak 2\bin\Debug\net5.0\fine-code-coverage\coverage-tool-output\diagnostics.host.21-11-18_15-08-08_49262_6.log],[--tracelevel, 4],[--datacollectionport, 63837],[--telemetryoptedin, false]
TpTrace Information: 0 : 2556, 1, 2021/11/18, 15:08:08.652, 806550609328, testhost.dll, Setting up debug trace listener.
TpTrace Verbose: 0 : 2556, 1, 2021/11/18, 15:08:08.652, 806550612696, testhost.dll, TestPlatformTraceListener.Setup: Replacing listener 0 with TestHostTraceListener.
TpTrace Verbose: 0 : 2556, 1, 2021/11/18, 15:08:08.652, 806550613530, testhost.dll, TestPlatformTraceListener.Setup: Added test platform trace listener.
TpTrace Information: 0 : 2556, 1, 2021/11/18, 15:08:08.653, 806550620958, testhost.dll, DefaultEngineInvoker.SetParentProcessExitCallback: Monitoring parent process with id: '16716'
TpTrace Information: 0 : 2556, 1, 2021/11/18, 15:08:08.660, 806550693139, testhost.dll, DefaultEngineInvoker.GetConnectionInfo: Initialize communication on endpoint address: '127.0.0.1:063838'
TpTrace Information: 0 : 2556, 1, 2021/11/18, 15:08:08.674, 806550835036, testhost.dll, SocketClient.Start: connecting to server endpoint: 127.0.0.1:063838
TpTrace Information: 0 : 2556, 1, 2021/11/18, 15:08:08.682, 806550911762, testhost.dll, DefaultEngineInvoker.ConnectToDatacollector: Connecting to datacollector, port: 63837
TpTrace Information: 0 : 2556, 6, 2021/11/18, 15:08:08.683, 806550920852, testhost.dll, SocketClient.OnServerConnected: connected to server endpoint: 127.0.0.1:063838
TpTrace Information: 0 : 2556, 1, 2021/11/18, 15:08:08.686, 806550946212, testhost.dll, Trying to connect to server on socket : 127.0.0.1:63837 
TpTrace Verbose: 0 : 2556, 6, 2021/11/18, 15:08:08.686, 806550947184, testhost.dll, Connected to server, and starting MessageLoopAsync
TpTrace Verbose: 0 : 2556, 1, 2021/11/18, 15:08:08.686, 806550949665, testhost.dll, SocketCommunicationManager : SetupClientAsync : Attempting to connect to the server.
TpTrace Information: 0 : 2556, 9, 2021/11/18, 15:08:08.687, 806550965642, testhost.dll, Connected to the server successfully 
TpTrace Information: 0 : 2556, 9, 2021/11/18, 15:08:08.688, 806550967196, testhost.dll, Using the buffer size of 16384 bytes
TpTrace Information: 0 : 2556, 1, 2021/11/18, 15:08:08.688, 806550972717, testhost.dll, DefaultEngineInvoker.Invoke: Start Request Processing.
TpTrace Verbose: 0 : 2556, 6, 2021/11/18, 15:08:08.688, 806550973378, testhost.dll, TcpClientExtensions.MessageLoopAsync: Polling on remoteEndPoint: [::ffff:127.0.0.1]:63838 localEndPoint: [::ffff:127.0.0.1]:63839
TpTrace Verbose: 0 : 2556, 6, 2021/11/18, 15:08:08.689, 806550979683, testhost.dll, TcpClientExtensions.MessageLoopAsync: NotifyDataAvailable remoteEndPoint: [::ffff:127.0.0.1]:63838 localEndPoint: [::ffff:127.0.0.1]:63839
TpTrace Information: 0 : 2556, 11, 2021/11/18, 15:08:08.690, 806550989954, testhost.dll, DefaultEngineInvoker.StartProcessingAsync: Connected to vstest.console, Starting process requests.
TpTrace Information: 0 : 2556, 6, 2021/11/18, 15:08:08.843, 806552520468, testhost.dll, TestRequestHandler.ProcessRequests: received message: (ProtocolVersion) -> 5
TpTrace Verbose: 0 : 2556, 6, 2021/11/18, 15:08:08.892, 806553006329, testhost.dll, TestRequestHandler.SendData:  sending data from testhost: {"Version":5,"MessageType":"TestSession.Message","Payload":{"MessageLevel":0,"Message":"Logging TestHost Diagnostics in file: C:\\Users\\Armin\\Documents\\GitHub\\Grupa-3-Verifikovani-i-Validirani-Softverasi\\Pijaca\\Zadatak 2\\bin\\Debug\\net5.0\\fine-code-coverage\\coverage-tool-output\\diagnostics.host.21-11-18_15-08-08_49262_6.log"}}
TpTrace Verbose: 0 : 2556, 6, 2021/11/18, 15:08:08.892, 806553010982, testhost.dll, TcpClientExtensions.MessageLoopAsync: Polling on remoteEndPoint: [::ffff:127.0.0.1]:63838 localEndPoint: [::ffff:127.0.0.1]:63839
TpTrace Verbose: 0 : 2556, 6, 2021/11/18, 15:08:08.892, 806553014146, testhost.dll, TcpClientExtensions.MessageLoopAsync: NotifyDataAvailable remoteEndPoint: [::ffff:127.0.0.1]:63838 localEndPoint: [::ffff:127.0.0.1]:63839
TpTrace Information: 0 : 2556, 6, 2021/11/18, 15:08:08.899, 806553077333, testhost.dll, TestRequestHandler.ProcessRequests: received message: (TestExecution.Initialize) -> [
  "C:\\Users\\Armin\\Documents\\GitHub\\Grupa-3-Verifikovani-i-Validirani-Softverasi\\Pijaca\\Zadatak 2\\bin\\Debug\\net5.0\\fine-code-coverage\\build-output\\Microsoft.VisualStudio.TestPlatform.MSTest.TestAdapter.dll"
]
TpTrace Information: 0 : 2556, 6, 2021/11/18, 15:08:08.899, 806553079658, testhost.dll, Execution Session Initialize.
TpTrace Verbose: 0 : 2556, 6, 2021/11/18, 15:08:08.909, 806553183473, testhost.dll, TcpClientExtensions.MessageLoopAsync: Polling on remoteEndPoint: [::ffff:127.0.0.1]:63838 localEndPoint: [::ffff:127.0.0.1]:63839
TpTrace Verbose: 0 : 2556, 6, 2021/11/18, 15:08:08.909, 806553185335, testhost.dll, TcpClientExtensions.MessageLoopAsync: NotifyDataAvailable remoteEndPoint: [::ffff:127.0.0.1]:63838 localEndPoint: [::ffff:127.0.0.1]:63839
TpTrace Verbose: 0 : 2556, 4, 2021/11/18, 15:08:08.912, 806553212225, testhost.dll, TestExecutorService: Loading the extensions
TpTrace Information: 0 : 2556, 6, 2021/11/18, 15:08:08.912, 806553215331, testhost.dll, TestRequestHandler.ProcessRequests: received message: (TestExecution.StartWithSources) -> {
  "AdapterSourceMap": {
    "_none_": [
      "C:\\Users\\Armin\\Documents\\GitHub\\Grupa-3-Verifikovani-i-Validirani-Softverasi\\Pijaca\\Zadatak 2\\bin\\Debug\\net5.0\\fine-code-coverage\\build-output\\Zadatak 2.dll"
    ]
  },
  "RunSettings": "<RunSettings>\r\n  <RunConfiguration>\r\n    <ResultsDirectory>C:\\Users\\Armin\\Documents\\GitHub\\Grupa-3-Verifikovani-i-Validirani-Softverasi\\Pijaca\\Zadatak 2\\bin\\Debug\\net5.0\\fine-code-coverage\\coverage-tool-output</ResultsDirectory>\r\n    <TargetPlatform>X64</TargetPlatform>\r\n    <TargetFrameworkVersion>.NETCoreApp,Version=v5.0</TargetFrameworkVersion>\r\n    <DesignMode>False</DesignMode>\r\n    <CollectSourceInformation>False</CollectSourceInformation>\r\n  </RunConfiguration>\r\n  <LoggerRunSettings>\r\n    <Loggers>\r\n      <Logger friendlyName=\"blame\" enabled=\"True\" />\r\n      <Logger friendlyName=\"Console\" uri=\"logger://microsoft/TestPlatform/ConsoleLogger/v1\" assemblyQualifiedName=\"Microsoft.VisualStudio.TestPlatform.CommandLine.Internal.ConsoleLogger, vstest.console, Version=15.0.0.0, Culture=neutral, PublicKeyToken=b03f5f7f11d50a3a\" codeBase=\"C:\\Program Files\\dotnet\\sdk\\5.0.402\\vstest.console.dll\" enabled=\"True\" />\r\n    </Loggers>\r\n  </LoggerRunSettings>\r\n  <DataCollectionRunSettings>\r\n    <DataCollectors>\r\n      <DataCollector friendlyName=\"blame\" enabled=\"True\">\r\n        <Configuration>\r\n          <ResultsDirectory>C:\\Users\\Armin\\Documents\\GitHub\\Grupa-3-Verifikovani-i-Validirani-Softverasi\\Pijaca\\Zadatak 2\\bin\\Debug\\net5.0\\fine-code-coverage\\coverage-tool-output</ResultsDirectory>\r\n        </Configuration>\r\n      </DataCollector>\r\n    </DataCollectors>\r\n  </DataCollectionRunSettings>\r\n</RunSettings>",
  "TestExecutionContext": {
    "FrequencyOfRunStatsChangeEvent": 10,
    "RunStatsChangeEventTimeout": "00:00:01.5000000",
    "InIsolation": false,
    "KeepAlive": false,
    "AreTestCaseLevelEventsRequired": false,
    "IsDebug": false,
    "TestCaseFilter": null,
    "FilterOptions": null
  },
  "Package": null
}
TpTrace Information: 0 : 2556, 6, 2021/11/18, 15:08:08.913, 806553216516, testhost.dll, Execution started.
TpTrace Verbose: 0 : 2556, 4, 2021/11/18, 15:08:08.916, 806553249087, testhost.dll, TestPluginCache.DiscoverTestExtensions: finding test extensions in assemblies ends with: TestAdapter.dll TPluginInfo: Microsoft.VisualStudio.TestPlatform.Common.ExtensionFramework.Utilities.TestExecutorPluginInformation TExtension: Microsoft.VisualStudio.TestPlatform.ObjectModel.Adapter.ITestExecutor
TpTrace Verbose: 0 : 2556, 4, 2021/11/18, 15:08:08.918, 806553269030, testhost.dll, TestPluginCache.GetExtensionPaths: Filtered extension paths: 
TpTrace Verbose: 0 : 2556, 4, 2021/11/18, 15:08:08.918, 806553273542, testhost.dll, TestPluginCache.GetExtensionPaths: Added default extension paths: C:\Users\Armin\Documents\GitHub\Grupa-3-Verifikovani-i-Validirani-Softverasi\Pijaca\Zadatak 2\bin\Debug\net5.0\fine-code-coverage\build-output\Microsoft.VisualStudio.TestPlatform.MSTest.TestAdapter.dll
TpTrace Verbose: 0 : 2556, 4, 2021/11/18, 15:08:08.918, 806553274559, testhost.dll, TestPluginCache.GetExtensionPaths: Added unfilterableExtensionPaths: 
TpTrace Information: 0 : 2556, 4, 2021/11/18, 15:08:08.921, 806553305516, testhost.dll, AssemblyResolver.ctor: Creating AssemblyResolver with searchDirectories C:\Users\Armin\Documents\GitHub\Grupa-3-Verifikovani-i-Validirani-Softverasi\Pijaca\Zadatak 2\bin\Debug\net5.0\fine-code-coverage\build-output
TpTrace Verbose: 0 : 2556, 4, 2021/11/18, 15:08:08.923, 806553321204, testhost.dll, TestPluginCache.DiscoverTestExtensions: Discovering the extensions using extension path.
TpTrace Verbose: 0 : 2556, 4, 2021/11/18, 15:08:08.923, 806553322869, testhost.dll, TestPluginCache.GetExtensionPaths: Filtered extension paths: 
TpTrace Verbose: 0 : 2556, 4, 2021/11/18, 15:08:08.923, 806553323364, testhost.dll, TestPluginCache.GetExtensionPaths: Added default extension paths: C:\Users\Armin\Documents\GitHub\Grupa-3-Verifikovani-i-Validirani-Softverasi\Pijaca\Zadatak 2\bin\Debug\net5.0\fine-code-coverage\build-output\Microsoft.VisualStudio.TestPlatform.MSTest.TestAdapter.dll
TpTrace Verbose: 0 : 2556, 4, 2021/11/18, 15:08:08.923, 806553323670, testhost.dll, TestPluginCache.GetExtensionPaths: Added unfilterableExtensionPaths: 
TpTrace Verbose: 0 : 2556, 4, 2021/11/18, 15:08:08.923, 806553324316, testhost.dll, TestPluginCache.DiscoverTestExtensions: Discovering the extensions using allExtensionPaths: C:\Users\Armin\Documents\GitHub\Grupa-3-Verifikovani-i-Validirani-Softverasi\Pijaca\Zadatak 2\bin\Debug\net5.0\fine-code-coverage\build-output\Microsoft.VisualStudio.TestPlatform.MSTest.TestAdapter.dll
TpTrace Information: 0 : 2556, 4, 2021/11/18, 15:08:08.924, 806553334176, testhost.dll, AssemblyResolver.AddSearchDirectories: Adding more searchDirectories C:\Users\Armin\Documents\GitHub\Grupa-3-Verifikovani-i-Validirani-Softverasi\Pijaca\Zadatak 2\bin\Debug\net5.0\fine-code-coverage\build-output
TpTrace Information: 0 : 2556, 4, 2021/11/18, 15:08:08.929, 806553377028, testhost.dll, AssemblyResolver.OnResolve: Microsoft.VisualStudio.TestPlatform.MSTest.TestAdapter: Resolving assembly.
TpTrace Information: 0 : 2556, 4, 2021/11/18, 15:08:08.931, 806553400460, testhost.dll, AssemblyResolver.OnResolve: Resolved assembly: Microsoft.VisualStudio.TestPlatform.MSTest.TestAdapter, from path: C:\Users\Armin\Documents\GitHub\Grupa-3-Verifikovani-i-Validirani-Softverasi\Pijaca\Zadatak 2\bin\Debug\net5.0\fine-code-coverage\build-output\Microsoft.VisualStudio.TestPlatform.MSTest.TestAdapter.dll
TpTrace Verbose: 0 : 2556, 4, 2021/11/18, 15:08:08.939, 806553484663, testhost.dll, TestPluginCache: Discovered the extensions using extension path ''.
TpTrace Verbose: 0 : 2556, 4, 2021/11/18, 15:08:08.940, 806553490821, testhost.dll, TestPluginCache: Discoverers are ''.
TpTrace Verbose: 0 : 2556, 4, 2021/11/18, 15:08:08.940, 806553492374, testhost.dll, TestPluginCache: Executors are 'executor://MSTestAdapter/v2'.
TpTrace Verbose: 0 : 2556, 4, 2021/11/18, 15:08:08.940, 806553493519, testhost.dll, TestPluginCache: Executors2 are ''.
TpTrace Verbose: 0 : 2556, 4, 2021/11/18, 15:08:08.940, 806553494413, testhost.dll, TestPluginCache: Setting providers are ''.
TpTrace Verbose: 0 : 2556, 4, 2021/11/18, 15:08:08.940, 806553495273, testhost.dll, TestPluginCache: Loggers are ''.
TpTrace Verbose: 0 : 2556, 4, 2021/11/18, 15:08:08.944, 806553534139, testhost.dll, TestPluginCache.DiscoverTestExtensions: finding test extensions in assemblies ends with: TestAdapter.dll TPluginInfo: Microsoft.VisualStudio.TestPlatform.Common.ExtensionFramework.Utilities.TestExecutorPluginInformation2 TExtension: Microsoft.VisualStudio.TestPlatform.ObjectModel.Adapter.ITestExecutor2
TpTrace Verbose: 0 : 2556, 4, 2021/11/18, 15:08:08.945, 806553538512, testhost.dll, TestPluginCache.GetExtensionPaths: Filtered extension paths: 
TpTrace Verbose: 0 : 2556, 4, 2021/11/18, 15:08:08.945, 806553539630, testhost.dll, TestPluginCache.GetExtensionPaths: Added default extension paths: C:\Users\Armin\Documents\GitHub\Grupa-3-Verifikovani-i-Validirani-Softverasi\Pijaca\Zadatak 2\bin\Debug\net5.0\fine-code-coverage\build-output\Microsoft.VisualStudio.TestPlatform.MSTest.TestAdapter.dll
TpTrace Verbose: 0 : 2556, 4, 2021/11/18, 15:08:08.945, 806553540178, testhost.dll, TestPluginCache.GetExtensionPaths: Added unfilterableExtensionPaths: 
TpTrace Verbose: 0 : 2556, 6, 2021/11/18, 15:08:08.945, 806553540761, testhost.dll, TcpClientExtensions.MessageLoopAsync: Polling on remoteEndPoint: [::ffff:127.0.0.1]:63838 localEndPoint: [::ffff:127.0.0.1]:63839
TpTrace Information: 0 : 2556, 4, 2021/11/18, 15:08:08.945, 806553542641, testhost.dll, AssemblyResolver.AddSearchDirectories: Adding more searchDirectories C:\Users\Armin\Documents\GitHub\Grupa-3-Verifikovani-i-Validirani-Softverasi\Pijaca\Zadatak 2\bin\Debug\net5.0\fine-code-coverage\build-output
TpTrace Verbose: 0 : 2556, 4, 2021/11/18, 15:08:08.945, 806553543489, testhost.dll, TestPluginCache.DiscoverTestExtensions: Discovering the extensions using extension path.
TpTrace Verbose: 0 : 2556, 4, 2021/11/18, 15:08:08.945, 806553543970, testhost.dll, TestPluginCache.GetExtensionPaths: Filtered extension paths: 
TpTrace Verbose: 0 : 2556, 4, 2021/11/18, 15:08:08.945, 806553544414, testhost.dll, TestPluginCache.GetExtensionPaths: Added default extension paths: C:\Users\Armin\Documents\GitHub\Grupa-3-Verifikovani-i-Validirani-Softverasi\Pijaca\Zadatak 2\bin\Debug\net5.0\fine-code-coverage\build-output\Microsoft.VisualStudio.TestPlatform.MSTest.TestAdapter.dll
TpTrace Verbose: 0 : 2556, 4, 2021/11/18, 15:08:08.945, 806553544814, testhost.dll, TestPluginCache.GetExtensionPaths: Added unfilterableExtensionPaths: 
TpTrace Verbose: 0 : 2556, 4, 2021/11/18, 15:08:08.945, 806553545414, testhost.dll, TestPluginCache.DiscoverTestExtensions: Discovering the extensions using allExtensionPaths: C:\Users\Armin\Documents\GitHub\Grupa-3-Verifikovani-i-Validirani-Softverasi\Pijaca\Zadatak 2\bin\Debug\net5.0\fine-code-coverage\build-output\Microsoft.VisualStudio.TestPlatform.MSTest.TestAdapter.dll
TpTrace Information: 0 : 2556, 4, 2021/11/18, 15:08:08.945, 806553546061, testhost.dll, AssemblyResolver.AddSearchDirectories: Adding more searchDirectories C:\Users\Armin\Documents\GitHub\Grupa-3-Verifikovani-i-Validirani-Softverasi\Pijaca\Zadatak 2\bin\Debug\net5.0\fine-code-coverage\build-output
TpTrace Verbose: 0 : 2556, 4, 2021/11/18, 15:08:08.946, 806553549902, testhost.dll, TestPluginCache: Discovered the extensions using extension path ''.
TpTrace Verbose: 0 : 2556, 4, 2021/11/18, 15:08:08.946, 806553550709, testhost.dll, TestPluginCache: Discoverers are ''.
TpTrace Verbose: 0 : 2556, 4, 2021/11/18, 15:08:08.947, 806553556708, testhost.dll, TestPluginCache: Executors are 'executor://MSTestAdapter/v2'.
TpTrace Verbose: 0 : 2556, 4, 2021/11/18, 15:08:08.947, 806553559361, testhost.dll, TestPluginCache: Executors2 are ''.
TpTrace Verbose: 0 : 2556, 4, 2021/11/18, 15:08:08.947, 806553560171, testhost.dll, TestPluginCache: Setting providers are ''.
TpTrace Verbose: 0 : 2556, 4, 2021/11/18, 15:08:08.947, 806553560633, testhost.dll, TestPluginCache: Loggers are ''.
TpTrace Information: 0 : 2556, 4, 2021/11/18, 15:08:08.959, 806553682060, testhost.dll, TestPluginManager.CreateTestExtension: Attempting to load test extension: Microsoft.VisualStudio.TestPlatform.MSTest.TestAdapter.MSTestExecutor
TpTrace Verbose: 0 : 2556, 4, 2021/11/18, 15:08:08.974, 806553832725, testhost.dll, TestExecutorExtensionManager: Loading executor Microsoft.VisualStudio.TestPlatform.MSTest.TestAdapter.MSTestExecutor
TpTrace Verbose: 0 : 2556, 4, 2021/11/18, 15:08:08.974, 806553834236, testhost.dll, TestExecutorService: Loaded the executors
TpTrace Verbose: 0 : 2556, 4, 2021/11/18, 15:08:08.976, 806553848321, testhost.dll, TestPluginCache.DiscoverTestExtensions: finding test extensions in assemblies ends with: TestAdapter.dll TPluginInfo: Microsoft.VisualStudio.TestPlatform.Common.ExtensionFramework.Utilities.TestSettingsProviderPluginInformation TExtension: Microsoft.VisualStudio.TestPlatform.ObjectModel.Adapter.ISettingsProvider
TpTrace Verbose: 0 : 2556, 4, 2021/11/18, 15:08:08.976, 806553850613, testhost.dll, TestPluginCache.GetExtensionPaths: Filtered extension paths: 
TpTrace Verbose: 0 : 2556, 4, 2021/11/18, 15:08:08.976, 806553851200, testhost.dll, TestPluginCache.GetExtensionPaths: Added default extension paths: C:\Users\Armin\Documents\GitHub\Grupa-3-Verifikovani-i-Validirani-Softverasi\Pijaca\Zadatak 2\bin\Debug\net5.0\fine-code-coverage\build-output\Microsoft.VisualStudio.TestPlatform.MSTest.TestAdapter.dll
TpTrace Verbose: 0 : 2556, 4, 2021/11/18, 15:08:08.976, 806553851521, testhost.dll, TestPluginCache.GetExtensionPaths: Added unfilterableExtensionPaths: 
TpTrace Information: 0 : 2556, 4, 2021/11/18, 15:08:08.976, 806553853121, testhost.dll, AssemblyResolver.AddSearchDirectories: Adding more searchDirectories C:\Users\Armin\Documents\GitHub\Grupa-3-Verifikovani-i-Validirani-Softverasi\Pijaca\Zadatak 2\bin\Debug\net5.0\fine-code-coverage\build-output
TpTrace Verbose: 0 : 2556, 4, 2021/11/18, 15:08:08.976, 806553853690, testhost.dll, TestPluginCache.DiscoverTestExtensions: Discovering the extensions using extension path.
TpTrace Verbose: 0 : 2556, 4, 2021/11/18, 15:08:08.976, 806553854011, testhost.dll, TestPluginCache.GetExtensionPaths: Filtered extension paths: 
TpTrace Verbose: 0 : 2556, 4, 2021/11/18, 15:08:08.976, 806553854287, testhost.dll, TestPluginCache.GetExtensionPaths: Added default extension paths: C:\Users\Armin\Documents\GitHub\Grupa-3-Verifikovani-i-Validirani-Softverasi\Pijaca\Zadatak 2\bin\Debug\net5.0\fine-code-coverage\build-output\Microsoft.VisualStudio.TestPlatform.MSTest.TestAdapter.dll
TpTrace Verbose: 0 : 2556, 4, 2021/11/18, 15:08:08.976, 806553854648, testhost.dll, TestPluginCache.GetExtensionPaths: Added unfilterableExtensionPaths: 
TpTrace Verbose: 0 : 2556, 4, 2021/11/18, 15:08:08.976, 806553854973, testhost.dll, TestPluginCache.DiscoverTestExtensions: Discovering the extensions using allExtensionPaths: C:\Users\Armin\Documents\GitHub\Grupa-3-Verifikovani-i-Validirani-Softverasi\Pijaca\Zadatak 2\bin\Debug\net5.0\fine-code-coverage\build-output\Microsoft.VisualStudio.TestPlatform.MSTest.TestAdapter.dll
TpTrace Information: 0 : 2556, 4, 2021/11/18, 15:08:08.976, 806553855462, testhost.dll, AssemblyResolver.AddSearchDirectories: Adding more searchDirectories C:\Users\Armin\Documents\GitHub\Grupa-3-Verifikovani-i-Validirani-Softverasi\Pijaca\Zadatak 2\bin\Debug\net5.0\fine-code-coverage\build-output
TpTrace Verbose: 0 : 2556, 4, 2021/11/18, 15:08:08.977, 806553858418, testhost.dll, TestPluginCache: Discovered the extensions using extension path ''.
TpTrace Verbose: 0 : 2556, 4, 2021/11/18, 15:08:08.977, 806553859115, testhost.dll, TestPluginCache: Discoverers are ''.
TpTrace Verbose: 0 : 2556, 4, 2021/11/18, 15:08:08.977, 806553859487, testhost.dll, TestPluginCache: Executors are 'executor://MSTestAdapter/v2'.
TpTrace Verbose: 0 : 2556, 4, 2021/11/18, 15:08:08.977, 806553859856, testhost.dll, TestPluginCache: Executors2 are ''.
TpTrace Verbose: 0 : 2556, 4, 2021/11/18, 15:08:08.977, 806553860385, testhost.dll, TestPluginCache: Setting providers are ''.
TpTrace Verbose: 0 : 2556, 4, 2021/11/18, 15:08:08.977, 806553861258, testhost.dll, TestPluginCache: Loggers are ''.
TpTrace Verbose: 0 : 2556, 4, 2021/11/18, 15:08:08.978, 806553874030, testhost.dll, TestExecutorService: Loaded the settings providers
TpTrace Information: 0 : 2556, 4, 2021/11/18, 15:08:08.978, 806553875117, testhost.dll, TestExecutorService: Loaded the extensions
TpTrace Information: 0 : 2556, 4, 2021/11/18, 15:08:09.096, 806555046404, testhost.dll, TestDiscoveryManager: Discovering tests from sources C:\Users\Armin\Documents\GitHub\Grupa-3-Verifikovani-i-Validirani-Softverasi\Pijaca\Zadatak 2\bin\Debug\net5.0\fine-code-coverage\build-output\Zadatak 2.dll
TpTrace Verbose: 0 : 2556, 4, 2021/11/18, 15:08:09.099, 806555078443, testhost.dll, TestPluginCache.DiscoverTestExtensions: finding test extensions in assemblies ends with: TestAdapter.dll TPluginInfo: Microsoft.VisualStudio.TestPlatform.Common.ExtensionFramework.Utilities.TestDiscovererPluginInformation TExtension: Microsoft.VisualStudio.TestPlatform.ObjectModel.Adapter.ITestDiscoverer
TpTrace Verbose: 0 : 2556, 4, 2021/11/18, 15:08:09.099, 806555080528, testhost.dll, TestPluginCache.GetExtensionPaths: Filtered extension paths: 
TpTrace Verbose: 0 : 2556, 4, 2021/11/18, 15:08:09.099, 806555081095, testhost.dll, TestPluginCache.GetExtensionPaths: Added default extension paths: C:\Users\Armin\Documents\GitHub\Grupa-3-Verifikovani-i-Validirani-Softverasi\Pijaca\Zadatak 2\bin\Debug\net5.0\fine-code-coverage\build-output\Microsoft.VisualStudio.TestPlatform.MSTest.TestAdapter.dll
TpTrace Verbose: 0 : 2556, 4, 2021/11/18, 15:08:09.099, 806555081412, testhost.dll, TestPluginCache.GetExtensionPaths: Added unfilterableExtensionPaths: 
TpTrace Information: 0 : 2556, 4, 2021/11/18, 15:08:09.099, 806555083242, testhost.dll, AssemblyResolver.AddSearchDirectories: Adding more searchDirectories C:\Users\Armin\Documents\GitHub\Grupa-3-Verifikovani-i-Validirani-Softverasi\Pijaca\Zadatak 2\bin\Debug\net5.0\fine-code-coverage\build-output
TpTrace Verbose: 0 : 2556, 4, 2021/11/18, 15:08:09.099, 806555084309, testhost.dll, TestPluginCache.DiscoverTestExtensions: Discovering the extensions using extension path.
TpTrace Verbose: 0 : 2556, 4, 2021/11/18, 15:08:09.099, 806555084906, testhost.dll, TestPluginCache.GetExtensionPaths: Filtered extension paths: 
TpTrace Verbose: 0 : 2556, 4, 2021/11/18, 15:08:09.099, 806555085331, testhost.dll, TestPluginCache.GetExtensionPaths: Added default extension paths: C:\Users\Armin\Documents\GitHub\Grupa-3-Verifikovani-i-Validirani-Softverasi\Pijaca\Zadatak 2\bin\Debug\net5.0\fine-code-coverage\build-output\Microsoft.VisualStudio.TestPlatform.MSTest.TestAdapter.dll
TpTrace Verbose: 0 : 2556, 4, 2021/11/18, 15:08:09.099, 806555085746, testhost.dll, TestPluginCache.GetExtensionPaths: Added unfilterableExtensionPaths: 
TpTrace Verbose: 0 : 2556, 4, 2021/11/18, 15:08:09.100, 806555086110, testhost.dll, TestPluginCache.DiscoverTestExtensions: Discovering the extensions using allExtensionPaths: C:\Users\Armin\Documents\GitHub\Grupa-3-Verifikovani-i-Validirani-Softverasi\Pijaca\Zadatak 2\bin\Debug\net5.0\fine-code-coverage\build-output\Microsoft.VisualStudio.TestPlatform.MSTest.TestAdapter.dll
TpTrace Information: 0 : 2556, 4, 2021/11/18, 15:08:09.100, 806555086672, testhost.dll, AssemblyResolver.AddSearchDirectories: Adding more searchDirectories C:\Users\Armin\Documents\GitHub\Grupa-3-Verifikovani-i-Validirani-Softverasi\Pijaca\Zadatak 2\bin\Debug\net5.0\fine-code-coverage\build-output
TpTrace Verbose: 0 : 2556, 4, 2021/11/18, 15:08:09.103, 806555118218, testhost.dll, TestPluginCache: Discovered the extensions using extension path ''.
TpTrace Verbose: 0 : 2556, 4, 2021/11/18, 15:08:09.103, 806555120062, testhost.dll, TestPluginCache: Discoverers are 'Microsoft.VisualStudio.TestPlatform.MSTest.TestAdapter.MSTestDiscoverer, Microsoft.VisualStudio.TestPlatform.MSTest.TestAdapter, Version=14.0.0.0, Culture=neutral, PublicKeyToken=b03f5f7f11d50a3a'.
TpTrace Verbose: 0 : 2556, 4, 2021/11/18, 15:08:09.103, 806555120784, testhost.dll, TestPluginCache: Executors are 'executor://MSTestAdapter/v2'.
TpTrace Verbose: 0 : 2556, 4, 2021/11/18, 15:08:09.103, 806555121294, testhost.dll, TestPluginCache: Executors2 are ''.
TpTrace Verbose: 0 : 2556, 4, 2021/11/18, 15:08:09.103, 806555121812, testhost.dll, TestPluginCache: Setting providers are ''.
TpTrace Verbose: 0 : 2556, 4, 2021/11/18, 15:08:09.103, 806555123015, testhost.dll, TestPluginCache: Loggers are ''.
TpTrace Verbose: 0 : 2556, 4, 2021/11/18, 15:08:09.117, 806555265925, testhost.dll, BaseRunTests.RunTestInternalWithExecutors: Running tests for executor://MSTestAdapter/v2
TpTrace Information: 0 : 2556, 4, 2021/11/18, 15:08:09.118, 806555273493, testhost.dll, AssemblyResolver.OnResolve: Microsoft.VisualStudio.TestPlatform.MSTestAdapter.PlatformServices.Interface: Resolving assembly.
TpTrace Information: 0 : 2556, 4, 2021/11/18, 15:08:09.119, 806555282304, testhost.dll, AssemblyResolver.OnResolve: Resolved assembly: Microsoft.VisualStudio.TestPlatform.MSTestAdapter.PlatformServices.Interface, from path: C:\Users\Armin\Documents\GitHub\Grupa-3-Verifikovani-i-Validirani-Softverasi\Pijaca\Zadatak 2\bin\Debug\net5.0\fine-code-coverage\build-output\Microsoft.VisualStudio.TestPlatform.MSTestAdapter.PlatformServices.Interface.dll
TpTrace Information: 0 : 2556, 4, 2021/11/18, 15:08:09.121, 806555305995, testhost.dll, AssemblyResolver.OnResolve: Microsoft.VisualStudio.TestPlatform.MSTestAdapter.PlatformServices: Resolving assembly.
TpTrace Information: 0 : 2556, 4, 2021/11/18, 15:08:09.122, 806555315473, testhost.dll, AssemblyResolver.OnResolve: Resolved assembly: Microsoft.VisualStudio.TestPlatform.MSTestAdapter.PlatformServices, from path: C:\Users\Armin\Documents\GitHub\Grupa-3-Verifikovani-i-Validirani-Softverasi\Pijaca\Zadatak 2\bin\Debug\net5.0\fine-code-coverage\build-output\Microsoft.VisualStudio.TestPlatform.MSTestAdapter.PlatformServices.dll
TpTrace Information: 0 : 2556, 4, 2021/11/18, 15:08:09.123, 806555320415, testhost.dll, MSTest - MSTestExecutor.RunTests: Running tests from sources.
TpTrace Information: 0 : 2556, 4, 2021/11/18, 15:08:09.127, 806555356467, testhost.dll, MSTest - CollectSourceInformation value Found : False 
TpTrace Information: 0 : 2556, 4, 2021/11/18, 15:08:09.156, 806555654608, testhost.dll, AssemblyResolver.OnResolve: Microsoft.TestPlatform.AdapterUtilities: Resolving assembly.
TpTrace Information: 0 : 2556, 4, 2021/11/18, 15:08:09.157, 806555662073, testhost.dll, AssemblyResolver.OnResolve: Resolved assembly: Microsoft.TestPlatform.AdapterUtilities, from path: C:\Users\Armin\Documents\GitHub\Grupa-3-Verifikovani-i-Validirani-Softverasi\Pijaca\Zadatak 2\bin\Debug\net5.0\fine-code-coverage\build-output\Microsoft.TestPlatform.AdapterUtilities.dll
TpTrace Information: 0 : 2556, 4, 2021/11/18, 15:08:09.178, 806555869621, testhost.dll, MSTest - MSTestDiscoverer: Found 5 tests from source C:\Users\Armin\Documents\GitHub\Grupa-3-Verifikovani-i-Validirani-Softverasi\Pijaca\Zadatak 2\bin\Debug\net5.0\fine-code-coverage\build-output\Zadatak 2.dll
TpTrace Information: 0 : 2556, 4, 2021/11/18, 15:08:09.206, 806556146614, testhost.dll, AssemblyResolver.OnResolve: Microsoft.VisualStudio.TestPlatform.MSTestAdapter.PlatformServices.resources: Resolving assembly.
TpTrace Information: 0 : 2556, 4, 2021/11/18, 15:08:09.206, 806556150726, testhost.dll, AssemblyResolver.OnResolve: Microsoft.VisualStudio.TestPlatform.MSTestAdapter.PlatformServices.resources: Failed to load assembly.
TpTrace Information: 0 : 2556, 4, 2021/11/18, 15:08:09.207, 806556156588, testhost.dll, AssemblyResolver.OnResolve: Microsoft.VisualStudio.TestPlatform.MSTestAdapter.PlatformServices.resources: Resolving assembly.
TpTrace Information: 0 : 2556, 4, 2021/11/18, 15:08:09.207, 806556158191, testhost.dll, AssemblyResolver.OnResolve: Microsoft.VisualStudio.TestPlatform.MSTestAdapter.PlatformServices.resources: Resolved from cache.
TpTrace Information: 0 : 2556, 4, 2021/11/18, 15:08:09.223, 806556323213, testhost.dll, MSTest - Created unit-test runner C:\Users\Armin\Documents\GitHub\Grupa-3-Verifikovani-i-Validirani-Softverasi\Pijaca\Zadatak 2\bin\Debug\net5.0\fine-code-coverage\build-output\Zadatak 2.dll
TpTrace Verbose: 0 : 2556, 4, 2021/11/18, 15:08:09.228, 806556375843, testhost.dll, TestExecutionRecorder.RecordStart: Starting test: Zadatak_2.TDD.TestZamjenskiObjekat.
TpTrace Information: 0 : 2556, 4, 2021/11/18, 15:08:09.320, 806557294409, testhost.dll, MSTest - Executing test TestZamjenskiObjekat
TpTrace Information: 0 : 2556, 4, 2021/11/18, 15:08:09.362, 806557711210, testhost.dll, MSTest - Executed test TestZamjenskiObjekat
TpTrace Verbose: 0 : 2556, 4, 2021/11/18, 15:08:09.367, 806557758936, testhost.dll, TestExecutionRecorder.RecordEnd: test: Zadatak_2.TDD.TestZamjenskiObjekat execution completed.
TpTrace Verbose: 0 : 2556, 4, 2021/11/18, 15:08:09.385, 806557942933, testhost.dll, TestExecutionRecorder.RecordResult: Received result for test: Zadatak_2.TDD.TestZamjenskiObjekat.
TpTrace Warning: 0 : 2556, 4, 2021/11/18, 15:08:09.389, 806557979410, testhost.dll, TestRunCache: InProgressTests is null
TpTrace Warning: 0 : 2556, 4, 2021/11/18, 15:08:09.389, 806557980832, testhost.dll, TestRunCache: No test found corresponding to testResult '' in inProgress list.
TpTrace Verbose: 0 : 2556, 4, 2021/11/18, 15:08:09.389, 806557981826, testhost.dll, TestExecutionRecorder.RecordStart: Starting test: Zadatak_2.TDD.DodavanjeMesnihProizvoda.
TpTrace Information: 0 : 2556, 4, 2021/11/18, 15:08:09.390, 806557994086, testhost.dll, MSTest - Executing test DodavanjeMesnihProizvoda
TpTrace Information: 0 : 2556, 4, 2021/11/18, 15:08:09.397, 806558061796, testhost.dll, MSTest - Executed test DodavanjeMesnihProizvoda
TpTrace Verbose: 0 : 2556, 4, 2021/11/18, 15:08:09.397, 806558063269, testhost.dll, TestExecutionRecorder.RecordEnd: test: Zadatak_2.TDD.DodavanjeMesnihProizvoda execution completed.
TpTrace Verbose: 0 : 2556, 4, 2021/11/18, 15:08:09.398, 806558075827, testhost.dll, TestExecutionRecorder.RecordResult: Received result for test: Zadatak_2.TDD.DodavanjeMesnihProizvoda.
TpTrace Warning: 0 : 2556, 4, 2021/11/18, 15:08:09.399, 806558076625, testhost.dll, TestRunCache: InProgressTests is null
TpTrace Warning: 0 : 2556, 4, 2021/11/18, 15:08:09.399, 806558076935, testhost.dll, TestRunCache: No test found corresponding to testResult '' in inProgress list.
TpTrace Verbose: 0 : 2556, 4, 2021/11/18, 15:08:09.399, 806558077483, testhost.dll, TestExecutionRecorder.RecordStart: Starting test: Zadatak_2.TDD.DodavanjeVoćaIBrisanje.
TpTrace Information: 0 : 2556, 4, 2021/11/18, 15:08:09.399, 806558086006, testhost.dll, MSTest - Executing test DodavanjeVoćaIBrisanje
TpTrace Information: 0 : 2556, 4, 2021/11/18, 15:08:09.400, 806558094350, testhost.dll, MSTest - Executed test DodavanjeVoćaIBrisanje
TpTrace Verbose: 0 : 2556, 4, 2021/11/18, 15:08:09.400, 806558095074, testhost.dll, TestExecutionRecorder.RecordEnd: test: Zadatak_2.TDD.DodavanjeVoćaIBrisanje execution completed.
TpTrace Verbose: 0 : 2556, 4, 2021/11/18, 15:08:09.404, 806558134526, testhost.dll, TestExecutionRecorder.RecordResult: Received result for test: Zadatak_2.TDD.DodavanjeVoćaIBrisanje.
TpTrace Warning: 0 : 2556, 4, 2021/11/18, 15:08:09.404, 806558135540, testhost.dll, TestRunCache: InProgressTests is null
TpTrace Warning: 0 : 2556, 4, 2021/11/18, 15:08:09.404, 806558135856, testhost.dll, TestRunCache: No test found corresponding to testResult '' in inProgress list.
TpTrace Verbose: 0 : 2556, 4, 2021/11/18, 15:08:09.405, 806558136437, testhost.dll, TestExecutionRecorder.RecordStart: Starting test: Zadatak_2.TDD.NepodržaniTipDodavanja.
TpTrace Information: 0 : 2556, 4, 2021/11/18, 15:08:09.406, 806558153659, testhost.dll, MSTest - Executing test NepodržaniTipDodavanja
TpTrace Information: 0 : 2556, 4, 2021/11/18, 15:08:09.408, 806558172826, testhost.dll, MSTest - Executed test NepodržaniTipDodavanja
TpTrace Verbose: 0 : 2556, 4, 2021/11/18, 15:08:09.408, 806558173742, testhost.dll, TestExecutionRecorder.RecordEnd: test: Zadatak_2.TDD.NepodržaniTipDodavanja execution completed.
TpTrace Verbose: 0 : 2556, 4, 2021/11/18, 15:08:09.409, 806558184426, testhost.dll, TestExecutionRecorder.RecordResult: Received result for test: Zadatak_2.TDD.NepodržaniTipDodavanja.
TpTrace Warning: 0 : 2556, 4, 2021/11/18, 15:08:09.409, 806558185091, testhost.dll, TestRunCache: InProgressTests is null
TpTrace Warning: 0 : 2556, 4, 2021/11/18, 15:08:09.409, 806558185399, testhost.dll, TestRunCache: No test found corresponding to testResult '' in inProgress list.
TpTrace Verbose: 0 : 2556, 4, 2021/11/18, 15:08:09.410, 806558186552, testhost.dll, TestExecutionRecorder.RecordStart: Starting test: Zadatak_2.TDD.NemogućeDodavanjeUzBrisanje.
TpTrace Information: 0 : 2556, 4, 2021/11/18, 15:08:09.410, 806558194749, testhost.dll, MSTest - Executing test NemogućeDodavanjeUzBrisanje
TpTrace Information: 0 : 2556, 4, 2021/11/18, 15:08:09.411, 806558202576, testhost.dll, MSTest - Executed test NemogućeDodavanjeUzBrisanje
TpTrace Verbose: 0 : 2556, 4, 2021/11/18, 15:08:09.411, 806558203224, testhost.dll, TestExecutionRecorder.RecordEnd: test: Zadatak_2.TDD.NemogućeDodavanjeUzBrisanje execution completed.
TpTrace Verbose: 0 : 2556, 4, 2021/11/18, 15:08:09.412, 806558212811, testhost.dll, TestExecutionRecorder.RecordResult: Received result for test: Zadatak_2.TDD.NemogućeDodavanjeUzBrisanje.
TpTrace Warning: 0 : 2556, 4, 2021/11/18, 15:08:09.412, 806558213873, testhost.dll, TestRunCache: InProgressTests is null
TpTrace Warning: 0 : 2556, 4, 2021/11/18, 15:08:09.412, 806558214449, testhost.dll, TestRunCache: No test found corresponding to testResult '' in inProgress list.
TpTrace Information: 0 : 2556, 4, 2021/11/18, 15:08:09.413, 806558218539, testhost.dll, MSTest - Executing cleanup methods.
TpTrace Information: 0 : 2556, 4, 2021/11/18, 15:08:09.415, 806558242935, testhost.dll, MSTest - Executed cleanup methods.
TpTrace Information: 0 : 2556, 4, 2021/11/18, 15:08:09.415, 806558244141, testhost.dll, MSTest - Executed tests belonging to source C:\Users\Armin\Documents\GitHub\Grupa-3-Verifikovani-i-Validirani-Softverasi\Pijaca\Zadatak 2\bin\Debug\net5.0\fine-code-coverage\build-output\Zadatak 2.dll
TpTrace Information: 0 : 2556, 4, 2021/11/18, 15:08:09.416, 806558246398, testhost.dll, Deleting deployment directory C:\Users\Armin\Documents\GitHub\Grupa-3-Verifikovani-i-Validirani-Softverasi\Pijaca\Zadatak 2\bin\Debug\net5.0\fine-code-coverage\coverage-tool-output\Deploy_Armin 2021-11-18 15_08_09
TpTrace Information: 0 : 2556, 4, 2021/11/18, 15:08:09.418, 806558266863, testhost.dll, Deleted deployment directory C:\Users\Armin\Documents\GitHub\Grupa-3-Verifikovani-i-Validirani-Softverasi\Pijaca\Zadatak 2\bin\Debug\net5.0\fine-code-coverage\coverage-tool-output\Deploy_Armin 2021-11-18 15_08_09
TpTrace Verbose: 0 : 2556, 4, 2021/11/18, 15:08:09.418, 806558272297, testhost.dll, BaseRunTests.RunTestInternalWithExecutors: Completed running tests for executor://MSTestAdapter/v2
TpTrace Information: 0 : 2556, 4, 2021/11/18, 15:08:09.421, 806558300348, testhost.dll, Sending test run complete
TpTrace Verbose: 0 : 2556, 4, 2021/11/18, 15:08:09.453, 806558622237, testhost.dll, TestRequestHandler.SendData:  sending data from testhost: {"Version":5,"MessageType":"TestExecution.Completed","Payload":{"TestRunCompleteArgs":{"TestRunStatistics":{"ExecutedTests":5,"Stats":{"Passed":5}},"IsCanceled":false,"IsAborted":false,"Error":null,"AttachmentSets":[],"ElapsedTimeInRunningTests":"00:00:00.3115419","Metrics":{}},"LastRunTests":{"NewTestResults":[{"TestCase":{"Id":"cd075b4d-61b2-de77-403b-0cfb69a56f47","FullyQualifiedName":"Zadatak_2.TDD.TestZamjenskiObjekat","DisplayName":"TestZamjenskiObjekat","ExecutorUri":"executor://MSTestAdapter/v2","Source":"C:\\Users\\Armin\\Documents\\GitHub\\Grupa-3-Verifikovani-i-Validirani-Softverasi\\Pijaca\\Zadatak 2\\bin\\Debug\\net5.0\\fine-code-coverage\\build-output\\Zadatak 2.dll","CodeFilePath":null,"LineNumber":-1,"Properties":[{"Key":{"Id":"TestCase.ManagedType","Label":"ManagedType","Category":"","Description":"","Attributes":1,"ValueType":"System.String"},"Value":"Zadatak_2.TDD"},{"Key":{"Id":"TestCase.ManagedMethod","Label":"ManagedMethod","Category":"","Description":"","Attributes":1,"ValueType":"System.String"},"Value":"TestZamjenskiObjekat"},{"Key":{"Id":"MSTestDiscoverer.TestClassName","Label":"ClassName","Category":"","Description":"","Attributes":1,"ValueType":"System.String"},"Value":"Zadatak_2.TDD"},{"Key":{"Id":"TestObject.Traits","Label":"Traits","Category":"","Description":"","Attributes":5,"ValueType":"System.Collections.Generic.KeyValuePair`2[[System.String],[System.String]][]"},"Value":[]}]},"Attachments":[],"Outcome":1,"ErrorMessage":null,"ErrorStackTrace":null,"DisplayName":null,"Messages":[],"ComputerName":null,"Duration":"00:00:00.0078448","StartTime":"2021-11-18T15:08:09.3207435+01:00","EndTime":"2021-11-18T15:08:09.3626309+01:00","Properties":[{"Key":{"Id":"ExecutionId","Label":"ExecutionId","Category":"","Description":"","Attributes":1,"ValueType":"System.Guid"},"Value":"00000000-0000-0000-0000-000000000000"},{"Key":{"Id":"ParentExecId","Label":"ParentExecId","Category":"","Description":"","Attributes":1,"ValueType":"System.Guid"},"Value":"00000000-0000-0000-0000-000000000000"},{"Key":{"Id":"InnerResultsCount","Label":"InnerResultsCount","Category":"","Description":"","Attributes":1,"ValueType":"System.Int32"},"Value":0}]},{"TestCase":{"Id":"3a1d8414-af96-8075-3e91-63006d286d73","FullyQualifiedName":"Zadatak_2.TDD.DodavanjeMesnihProizvoda","DisplayName":"DodavanjeMesnihProizvoda","ExecutorUri":"executor://MSTestAdapter/v2","Source":"C:\\Users\\Armin\\Documents\\GitHub\\Grupa-3-Verifikovani-i-Validirani-Softverasi\\Pijaca\\Zadatak 2\\bin\\Debug\\net5.0\\fine-code-coverage\\build-output\\Zadatak 2.dll","CodeFilePath":null,"LineNumber":-1,"Properties":[{"Key":{"Id":"TestCase.ManagedType","Label":"ManagedType","Category":"","Description":"","Attributes":1,"ValueType":"System.String"},"Value":"Zadatak_2.TDD"},{"Key":{"Id":"TestCase.ManagedMethod","Label":"ManagedMethod","Category":"","Description":"","Attributes":1,"ValueType":"System.String"},"Value":"DodavanjeMesnihProizvoda"},{"Key":{"Id":"MSTestDiscoverer.TestClassName","Label":"ClassName","Category":"","Description":"","Attributes":1,"ValueType":"System.String"},"Value":"Zadatak_2.TDD"},{"Key":{"Id":"TestObject.Traits","Label":"Traits","Category":"","Description":"","Attributes":5,"ValueType":"System.Collections.Generic.KeyValuePair`2[[System.String],[System.String]][]"},"Value":[]}]},"Attachments":[],"Outcome":1,"ErrorMessage":null,"ErrorStackTrace":null,"DisplayName":null,"Messages":[],"ComputerName":null,"Duration":"00:00:00.0065074","StartTime":"2021-11-18T15:08:09.3907903+01:00","EndTime":"2021-11-18T15:08:09.3976928+01:00","Properties":[{"Key":{"Id":"ExecutionId","Label":"ExecutionId","Category":"","Description":"","Attributes":1,"ValueType":"System.Guid"},"Value":"00000000-0000-0000-0000-000000000000"},{"Key":{"Id":"ParentExecId","Label":"ParentExecId","Category":"","Description":"","Attributes":1,"ValueType":"System.Guid"},"Value":"00000000-0000-0000-0000-000000000000"},{"Key":{"Id":"InnerResultsCount","Label":"InnerResultsCount","Category":"","Description":"","Attributes":1,"ValueType":"System.Int32"},"Value":0}]},{"TestCase":{"Id":"3f4528f8-6f76-6b66-8987-b10996504e89","FullyQualifiedName":"Zadatak_2.TDD.DodavanjeVoćaIBrisanje","DisplayName":"DodavanjeVoćaIBrisanje","ExecutorUri":"executor://MSTestAdapter/v2","Source":"C:\\Users\\Armin\\Documents\\GitHub\\Grupa-3-Verifikovani-i-Validirani-Softverasi\\Pijaca\\Zadatak 2\\bin\\Debug\\net5.0\\fine-code-coverage\\build-output\\Zadatak 2.dll","CodeFilePath":null,"LineNumber":-1,"Properties":[{"Key":{"Id":"TestCase.ManagedType","Label":"ManagedType","Category":"","Description":"","Attributes":1,"ValueType":"System.String"},"Value":"Zadatak_2.TDD"},{"Key":{"Id":"TestCase.ManagedMethod","Label":"ManagedMethod","Category":"","Description":"","Attributes":1,"ValueType":"System.String"},"Value":"DodavanjeVoćaIBrisanje"},{"Key":{"Id":"MSTestDiscoverer.TestClassName","Label":"ClassName","Category":"","Description":"","Attributes":1,"ValueType":"System.String"},"Value":"Zadatak_2.TDD"},{"Key":{"Id":"TestObject.Traits","Label":"Traits","Category":"","Description":"","Attributes":5,"ValueType":"System.Collections.Generic.KeyValuePair`2[[System.String],[System.String]][]"},"Value":[]}]},"Attachments":[],"Outcome":1,"ErrorMessage":null,"ErrorStackTrace":null,"DisplayName":null,"Messages":[],"ComputerName":null,"Duration":"00:00:00.0006911","StartTime":"2021-11-18T15:08:09.3999856+01:00","EndTime":"2021-11-18T15:08:09.40089+01:00","Properties":[{"Key":{"Id":"ExecutionId","Label":"ExecutionId","Category":"","Description":"","Attributes":1,"ValueType":"System.Guid"},"Value":"00000000-0000-0000-0000-000000000000"},{"Key":{"Id":"ParentExecId","Label":"ParentExecId","Category":"","Description":"","Attributes":1,"ValueType":"System.Guid"},"Value":"00000000-0000-0000-0000-000000000000"},{"Key":{"Id":"InnerResultsCount","Label":"InnerResultsCount","Category":"","Description":"","Attributes":1,"ValueType":"System.Int32"},"Value":0}]},{"TestCase":{"Id":"94f032db-9346-302f-6689-ffa07b4ffe55","FullyQualifiedName":"Zadatak_2.TDD.NepodržaniTipDodavanja","DisplayName":"NepodržaniTipDodavanja","ExecutorUri":"executor://MSTestAdapter/v2","Source":"C:\\Users\\Armin\\Documents\\GitHub\\Grupa-3-Verifikovani-i-Validirani-Softverasi\\Pijaca\\Zadatak 2\\bin\\Debug\\net5.0\\fine-code-coverage\\build-output\\Zadatak 2.dll","CodeFilePath":null,"LineNumber":-1,"Properties":[{"Key":{"Id":"TestCase.ManagedType","Label":"ManagedType","Category":"","Description":"","Attributes":1,"ValueType":"System.String"},"Value":"Zadatak_2.TDD"},{"Key":{"Id":"TestCase.ManagedMethod","Label":"ManagedMethod","Category":"","Description":"","Attributes":1,"ValueType":"System.String"},"Value":"NepodržaniTipDodavanja"},{"Key":{"Id":"MSTestDiscoverer.TestClassName","Label":"ClassName","Category":"","Description":"","Attributes":1,"ValueType":"System.String"},"Value":"Zadatak_2.TDD"},{"Key":{"Id":"TestObject.Traits","Label":"Traits","Category":"","Description":"","Attributes":5,"ValueType":"System.Collections.Generic.KeyValuePair`2[[System.String],[System.String]][]"},"Value":[]}]},"Attachments":[],"Outcome":1,"ErrorMessage":null,"ErrorStackTrace":null,"DisplayName":null,"Messages":[],"ComputerName":null,"Duration":"00:00:00.0016311","StartTime":"2021-11-18T15:08:09.4067443+01:00","EndTime":"2021-11-18T15:08:09.4087514+01:00","Properties":[{"Key":{"Id":"ExecutionId","Label":"ExecutionId","Category":"","Description":"","Attributes":1,"ValueType":"System.Guid"},"Value":"00000000-0000-0000-0000-000000000000"},{"Key":{"Id":"ParentExecId","Label":"ParentExecId","Category":"","Description":"","Attributes":1,"ValueType":"System.Guid"},"Value":"00000000-0000-0000-0000-000000000000"},{"Key":{"Id":"InnerResultsCount","Label":"InnerResultsCount","Category":"","Description":"","Attributes":1,"ValueType":"System.Int32"},"Value":0}]},{"TestCase":{"Id":"0e86f05c-b4ae-450e-5451-e8f8450dc484","FullyQualifiedName":"Zadatak_2.TDD.NemogućeDodavanjeUzBrisanje","DisplayName":"NemogućeDodavanjeUzBrisanje","ExecutorUri":"executor://MSTestAdapter/v2","Source":"C:\\Users\\Armin\\Documents\\GitHub\\Grupa-3-Verifikovani-i-Validirani-Softverasi\\Pijaca\\Zadatak 2\\bin\\Debug\\net5.0\\fine-code-coverage\\build-output\\Zadatak 2.dll","CodeFilePath":null,"LineNumber":-1,"Properties":[{"Key":{"Id":"TestCase.ManagedType","Label":"ManagedType","Category":"","Description":"","Attributes":1,"ValueType":"System.String"},"Value":"Zadatak_2.TDD"},{"Key":{"Id":"TestCase.ManagedMethod","Label":"ManagedMethod","Category":"","Description":"","Attributes":1,"ValueType":"System.String"},"Value":"NemogućeDodavanjeUzBrisanje"},{"Key":{"Id":"MSTestDiscoverer.TestClassName","Label":"ClassName","Category":"","Description":"","Attributes":1,"ValueType":"System.String"},"Value":"Zadatak_2.TDD"},{"Key":{"Id":"TestObject.Traits","Label":"Traits","Category":"","Description":"","Attributes":5,"ValueType":"System.Collections.Generic.KeyValuePair`2[[System.String],[System.String]][]"},"Value":[]}]},"Attachments":[],"Outcome":1,"ErrorMessage":null,"ErrorStackTrace":null,"DisplayName":null,"Messages":[],"ComputerName":null,"Duration":"00:00:00.0005943","StartTime":"2021-11-18T15:08:09.4108601+01:00","EndTime":"2021-11-18T15:08:09.4117047+01:00","Properties":[{"Key":{"Id":"ExecutionId","Label":"ExecutionId","Category":"","Description":"","Attributes":1,"ValueType":"System.Guid"},"Value":"00000000-0000-0000-0000-000000000000"},{"Key":{"Id":"ParentExecId","Label":"ParentExecId","Category":"","Description":"","Attributes":1,"ValueType":"System.Guid"},"Value":"00000000-0000-0000-0000-000000000000"},{"Key":{"Id":"InnerResultsCount","Label":"InnerResultsCount","Category":"","Description":"","Attributes":1,"ValueType":"System.Int32"},"Value":0}]}],"TestRunStatistics":{"ExecutedTests":5,"Stats":{"Passed":5}},"ActiveTests":[]},"RunAttachments":[],"ExecutorUris":["executor://mstestadapter/v2"]}}
TpTrace Verbose: 0 : 2556, 4, 2021/11/18, 15:08:09.454, 806558633402, testhost.dll, BaseRunTests.RunTests: Run is complete.
TpTrace Verbose: 0 : 2556, 6, 2021/11/18, 15:08:09.456, 806558648134, testhost.dll, TcpClientExtensions.MessageLoopAsync: NotifyDataAvailable remoteEndPoint: [::ffff:127.0.0.1]:63838 localEndPoint: [::ffff:127.0.0.1]:63839
TpTrace Information: 0 : 2556, 6, 2021/11/18, 15:08:09.456, 806558650020, testhost.dll, TestRequestHandler.ProcessRequests: received message: (TestSession.Terminate) -> null
TpTrace Information: 0 : 2556, 6, 2021/11/18, 15:08:09.456, 806558650837, testhost.dll, Session End message received from server. Closing the connection.
TpTrace Information: 0 : 2556, 6, 2021/11/18, 15:08:09.456, 806558653637, testhost.dll, SocketClient.Stop: Stop communication from server endpoint: 127.0.0.1:063838
TpTrace Information: 0 : 2556, 6, 2021/11/18, 15:08:09.456, 806558654098, testhost.dll, SocketClient: Stop: Cancellation requested. Stopping message loop.
TpTrace Verbose: 0 : 2556, 6, 2021/11/18, 15:08:09.456, 806558655209, testhost.dll, LengthPrefixCommunicationChannel.Dispose: Dispose reader and writer.
TpTrace Information: 0 : 2556, 6, 2021/11/18, 15:08:09.456, 806558655669, testhost.dll, Closing the connection !
TpTrace Information: 0 : 2556, 6, 2021/11/18, 15:08:09.457, 806558657347, testhost.dll, SocketClient.PrivateStop: Stop communication from server endpoint: 127.0.0.1:063838, error:
TpTrace Information: 0 : 2556, 1, 2021/11/18, 15:08:09.457, 806558660825, testhost.dll, Closing the connection !
TpTrace Information: 0 : 2556, 1, 2021/11/18, 15:08:09.457, 806558661565, testhost.dll, SocketClient.Stop: Stop communication from server endpoint: 127.0.0.1:063838
TpTrace Verbose: 0 : 2556, 6, 2021/11/18, 15:08:09.457, 806558660803, testhost.dll, LengthPrefixCommunicationChannel.Dispose: Dispose reader and writer.
TpTrace Verbose: 0 : 2556, 1, 2021/11/18, 15:08:09.457, 806558661880, testhost.dll, LengthPrefixCommunicationChannel.Dispose: Dispose reader and writer.
TpTrace Verbose: 0 : 2556, 6, 2021/11/18, 15:08:09.457, 806558662478, testhost.dll, TcpClientExtensions.MessageLoopAsync: exiting MessageLoopAsync remoteEndPoint: [::ffff:127.0.0.1]:63838 localEndPoint: [::ffff:127.0.0.1]:63839
TpTrace Information: 0 : 2556, 1, 2021/11/18, 15:08:09.457, 806558663228, testhost.dll, Testhost process exiting.
