TpTrace Verbose: 0 : 14072, 1, 2021/11/18, 15:25:24.545, 816909576737, testhost.dll, Version: 16.9.4
TpTrace Information: 0 : 14072, 1, 2021/11/18, 15:25:24.554, 816909633752, testhost.dll, DefaultEngineInvoker.Invoke: Testhost process started with args :[--port, 64094],[--endpoint, 127.0.0.1:064094],[--role, client],[--parentprocessid, 9080],[--diag, C:\Users\Armin\Documents\GitHub\Grupa-3-Verifikovani-i-Validirani-Softverasi\Pijaca\Zadatak 2\bin\Debug\net5.0\fine-code-coverage\coverage-tool-output\diagnostics.host.21-11-18_15-25-24_40338_6.log],[--tracelevel, 4],[--datacollectionport, 64093],[--telemetryoptedin, false]
TpTrace Information: 0 : 14072, 1, 2021/11/18, 15:25:24.556, 816909654246, testhost.dll, Setting up debug trace listener.
TpTrace Verbose: 0 : 14072, 1, 2021/11/18, 15:25:24.557, 816909657680, testhost.dll, TestPlatformTraceListener.Setup: Replacing listener 0 with TestHostTraceListener.
TpTrace Verbose: 0 : 14072, 1, 2021/11/18, 15:25:24.557, 816909658326, testhost.dll, TestPlatformTraceListener.Setup: Added test platform trace listener.
TpTrace Information: 0 : 14072, 1, 2021/11/18, 15:25:24.557, 816909664033, testhost.dll, DefaultEngineInvoker.SetParentProcessExitCallback: Monitoring parent process with id: '9080'
TpTrace Information: 0 : 14072, 1, 2021/11/18, 15:25:24.565, 816909746005, testhost.dll, DefaultEngineInvoker.GetConnectionInfo: Initialize communication on endpoint address: '127.0.0.1:064094'
TpTrace Information: 0 : 14072, 1, 2021/11/18, 15:25:24.580, 816909888097, testhost.dll, SocketClient.Start: connecting to server endpoint: 127.0.0.1:064094
TpTrace Information: 0 : 14072, 1, 2021/11/18, 15:25:24.588, 816909971427, testhost.dll, DefaultEngineInvoker.ConnectToDatacollector: Connecting to datacollector, port: 64093
TpTrace Information: 0 : 14072, 6, 2021/11/18, 15:25:24.589, 816909979762, testhost.dll, SocketClient.OnServerConnected: connected to server endpoint: 127.0.0.1:064094
TpTrace Verbose: 0 : 14072, 6, 2021/11/18, 15:25:24.590, 816909995355, testhost.dll, Connected to server, and starting MessageLoopAsync
TpTrace Information: 0 : 14072, 1, 2021/11/18, 15:25:24.591, 816910000519, testhost.dll, Trying to connect to server on socket : 127.0.0.1:64093 
TpTrace Verbose: 0 : 14072, 1, 2021/11/18, 15:25:24.591, 816910004131, testhost.dll, SocketCommunicationManager : SetupClientAsync : Attempting to connect to the server.
TpTrace Information: 0 : 14072, 10, 2021/11/18, 15:25:24.593, 816910022533, testhost.dll, Connected to the server successfully 
TpTrace Information: 0 : 14072, 10, 2021/11/18, 15:25:24.593, 816910023661, testhost.dll, Using the buffer size of 16384 bytes
TpTrace Verbose: 0 : 14072, 6, 2021/11/18, 15:25:24.593, 816910022868, testhost.dll, TcpClientExtensions.MessageLoopAsync: Polling on remoteEndPoint: [::ffff:127.0.0.1]:64094 localEndPoint: [::ffff:127.0.0.1]:64095
TpTrace Verbose: 0 : 14072, 6, 2021/11/18, 15:25:24.594, 816910027047, testhost.dll, TcpClientExtensions.MessageLoopAsync: NotifyDataAvailable remoteEndPoint: [::ffff:127.0.0.1]:64094 localEndPoint: [::ffff:127.0.0.1]:64095
TpTrace Information: 0 : 14072, 1, 2021/11/18, 15:25:24.594, 816910027922, testhost.dll, DefaultEngineInvoker.Invoke: Start Request Processing.
TpTrace Information: 0 : 14072, 11, 2021/11/18, 15:25:24.595, 816910037364, testhost.dll, DefaultEngineInvoker.StartProcessingAsync: Connected to vstest.console, Starting process requests.
TpTrace Information: 0 : 14072, 6, 2021/11/18, 15:25:24.731, 816911402951, testhost.dll, TestRequestHandler.ProcessRequests: received message: (ProtocolVersion) -> 5
TpTrace Verbose: 0 : 14072, 6, 2021/11/18, 15:25:24.765, 816911746036, testhost.dll, TestRequestHandler.SendData:  sending data from testhost: {"Version":5,"MessageType":"TestSession.Message","Payload":{"MessageLevel":0,"Message":"Logging TestHost Diagnostics in file: C:\\Users\\Armin\\Documents\\GitHub\\Grupa-3-Verifikovani-i-Validirani-Softverasi\\Pijaca\\Zadatak 2\\bin\\Debug\\net5.0\\fine-code-coverage\\coverage-tool-output\\diagnostics.host.21-11-18_15-25-24_40338_6.log"}}
TpTrace Verbose: 0 : 14072, 6, 2021/11/18, 15:25:24.766, 816911748883, testhost.dll, TcpClientExtensions.MessageLoopAsync: Polling on remoteEndPoint: [::ffff:127.0.0.1]:64094 localEndPoint: [::ffff:127.0.0.1]:64095
TpTrace Verbose: 0 : 14072, 6, 2021/11/18, 15:25:24.766, 816911749710, testhost.dll, TcpClientExtensions.MessageLoopAsync: NotifyDataAvailable remoteEndPoint: [::ffff:127.0.0.1]:64094 localEndPoint: [::ffff:127.0.0.1]:64095
TpTrace Information: 0 : 14072, 6, 2021/11/18, 15:25:24.770, 816911791734, testhost.dll, TestRequestHandler.ProcessRequests: received message: (TestExecution.Initialize) -> [
  "C:\\Users\\Armin\\Documents\\GitHub\\Grupa-3-Verifikovani-i-Validirani-Softverasi\\Pijaca\\Zadatak 2\\bin\\Debug\\net5.0\\fine-code-coverage\\build-output\\Microsoft.VisualStudio.TestPlatform.MSTest.TestAdapter.dll"
]
TpTrace Information: 0 : 14072, 6, 2021/11/18, 15:25:24.770, 816911793978, testhost.dll, Execution Session Initialize.
TpTrace Verbose: 0 : 14072, 6, 2021/11/18, 15:25:24.777, 816911856476, testhost.dll, TcpClientExtensions.MessageLoopAsync: Polling on remoteEndPoint: [::ffff:127.0.0.1]:64094 localEndPoint: [::ffff:127.0.0.1]:64095
TpTrace Verbose: 0 : 14072, 6, 2021/11/18, 15:25:24.777, 816911857648, testhost.dll, TcpClientExtensions.MessageLoopAsync: NotifyDataAvailable remoteEndPoint: [::ffff:127.0.0.1]:64094 localEndPoint: [::ffff:127.0.0.1]:64095
TpTrace Verbose: 0 : 14072, 4, 2021/11/18, 15:25:24.778, 816911875504, testhost.dll, TestExecutorService: Loading the extensions
TpTrace Information: 0 : 14072, 6, 2021/11/18, 15:25:24.779, 816911881155, testhost.dll, TestRequestHandler.ProcessRequests: received message: (TestExecution.StartWithSources) -> {
  "AdapterSourceMap": {
    "_none_": [
      "C:\\Users\\Armin\\Documents\\GitHub\\Grupa-3-Verifikovani-i-Validirani-Softverasi\\Pijaca\\Zadatak 2\\bin\\Debug\\net5.0\\fine-code-coverage\\build-output\\Zadatak 2.dll"
    ]
  },
  "RunSettings": "<RunSettings>\r\n  <RunConfiguration>\r\n    <ResultsDirectory>C:\\Users\\Armin\\Documents\\GitHub\\Grupa-3-Verifikovani-i-Validirani-Softverasi\\Pijaca\\Zadatak 2\\bin\\Debug\\net5.0\\fine-code-coverage\\coverage-tool-output</ResultsDirectory>\r\n    <TargetPlatform>X64</TargetPlatform>\r\n    <TargetFrameworkVersion>.NETCoreApp,Version=v5.0</TargetFrameworkVersion>\r\n    <DesignMode>False</DesignMode>\r\n    <CollectSourceInformation>False</CollectSourceInformation>\r\n  </RunConfiguration>\r\n  <LoggerRunSettings>\r\n    <Loggers>\r\n      <Logger friendlyName=\"blame\" enabled=\"True\" />\r\n      <Logger friendlyName=\"Console\" uri=\"logger://microsoft/TestPlatform/ConsoleLogger/v1\" assemblyQualifiedName=\"Microsoft.VisualStudio.TestPlatform.CommandLine.Internal.ConsoleLogger, vstest.console, Version=15.0.0.0, Culture=neutral, PublicKeyToken=b03f5f7f11d50a3a\" codeBase=\"C:\\Program Files\\dotnet\\sdk\\5.0.402\\vstest.console.dll\" enabled=\"True\" />\r\n    </Loggers>\r\n  </LoggerRunSettings>\r\n  <DataCollectionRunSettings>\r\n    <DataCollectors>\r\n      <DataCollector friendlyName=\"blame\" enabled=\"True\">\r\n        <Configuration>\r\n          <ResultsDirectory>C:\\Users\\Armin\\Documents\\GitHub\\Grupa-3-Verifikovani-i-Validirani-Softverasi\\Pijaca\\Zadatak 2\\bin\\Debug\\net5.0\\fine-code-coverage\\coverage-tool-output</ResultsDirectory>\r\n        </Configuration>\r\n      </DataCollector>\r\n    </DataCollectors>\r\n  </DataCollectionRunSettings>\r\n</RunSettings>",
  "TestExecutionContext": {
    "FrequencyOfRunStatsChangeEvent": 10,
    "RunStatsChangeEventTimeout": "00:00:01.5000000",
    "InIsolation": false,
    "KeepAlive": false,
    "AreTestCaseLevelEventsRequired": false,
    "IsDebug": false,
    "TestCaseFilter": null,
    "FilterOptions": null
  },
  "Package": null
}
TpTrace Information: 0 : 14072, 6, 2021/11/18, 15:25:24.779, 816911882376, testhost.dll, Execution started.
TpTrace Verbose: 0 : 14072, 4, 2021/11/18, 15:25:24.780, 816911890600, testhost.dll, TestPluginCache.DiscoverTestExtensions: finding test extensions in assemblies ends with: TestAdapter.dll TPluginInfo: Microsoft.VisualStudio.TestPlatform.Common.ExtensionFramework.Utilities.TestExecutorPluginInformation TExtension: Microsoft.VisualStudio.TestPlatform.ObjectModel.Adapter.ITestExecutor
TpTrace Verbose: 0 : 14072, 4, 2021/11/18, 15:25:24.781, 816911901394, testhost.dll, TestPluginCache.GetExtensionPaths: Filtered extension paths: 
TpTrace Verbose: 0 : 14072, 4, 2021/11/18, 15:25:24.782, 816911907390, testhost.dll, TestPluginCache.GetExtensionPaths: Added default extension paths: C:\Users\Armin\Documents\GitHub\Grupa-3-Verifikovani-i-Validirani-Softverasi\Pijaca\Zadatak 2\bin\Debug\net5.0\fine-code-coverage\build-output\Microsoft.VisualStudio.TestPlatform.MSTest.TestAdapter.dll
TpTrace Verbose: 0 : 14072, 4, 2021/11/18, 15:25:24.782, 816911908486, testhost.dll, TestPluginCache.GetExtensionPaths: Added unfilterableExtensionPaths: 
TpTrace Information: 0 : 14072, 4, 2021/11/18, 15:25:24.785, 816911938705, testhost.dll, AssemblyResolver.ctor: Creating AssemblyResolver with searchDirectories C:\Users\Armin\Documents\GitHub\Grupa-3-Verifikovani-i-Validirani-Softverasi\Pijaca\Zadatak 2\bin\Debug\net5.0\fine-code-coverage\build-output
TpTrace Verbose: 0 : 14072, 4, 2021/11/18, 15:25:24.787, 816911963549, testhost.dll, TestPluginCache.DiscoverTestExtensions: Discovering the extensions using extension path.
TpTrace Verbose: 0 : 14072, 4, 2021/11/18, 15:25:24.787, 816911965827, testhost.dll, TestPluginCache.GetExtensionPaths: Filtered extension paths: 
TpTrace Verbose: 0 : 14072, 4, 2021/11/18, 15:25:24.788, 816911966557, testhost.dll, TestPluginCache.GetExtensionPaths: Added default extension paths: C:\Users\Armin\Documents\GitHub\Grupa-3-Verifikovani-i-Validirani-Softverasi\Pijaca\Zadatak 2\bin\Debug\net5.0\fine-code-coverage\build-output\Microsoft.VisualStudio.TestPlatform.MSTest.TestAdapter.dll
TpTrace Verbose: 0 : 14072, 4, 2021/11/18, 15:25:24.788, 816911967053, testhost.dll, TestPluginCache.GetExtensionPaths: Added unfilterableExtensionPaths: 
TpTrace Verbose: 0 : 14072, 4, 2021/11/18, 15:25:24.788, 816911967998, testhost.dll, TestPluginCache.DiscoverTestExtensions: Discovering the extensions using allExtensionPaths: C:\Users\Armin\Documents\GitHub\Grupa-3-Verifikovani-i-Validirani-Softverasi\Pijaca\Zadatak 2\bin\Debug\net5.0\fine-code-coverage\build-output\Microsoft.VisualStudio.TestPlatform.MSTest.TestAdapter.dll
TpTrace Information: 0 : 14072, 4, 2021/11/18, 15:25:24.789, 816911982772, testhost.dll, AssemblyResolver.AddSearchDirectories: Adding more searchDirectories C:\Users\Armin\Documents\GitHub\Grupa-3-Verifikovani-i-Validirani-Softverasi\Pijaca\Zadatak 2\bin\Debug\net5.0\fine-code-coverage\build-output
TpTrace Information: 0 : 14072, 4, 2021/11/18, 15:25:24.797, 816912056858, testhost.dll, AssemblyResolver.OnResolve: Microsoft.VisualStudio.TestPlatform.MSTest.TestAdapter: Resolving assembly.
TpTrace Information: 0 : 14072, 4, 2021/11/18, 15:25:24.799, 816912083322, testhost.dll, AssemblyResolver.OnResolve: Resolved assembly: Microsoft.VisualStudio.TestPlatform.MSTest.TestAdapter, from path: C:\Users\Armin\Documents\GitHub\Grupa-3-Verifikovani-i-Validirani-Softverasi\Pijaca\Zadatak 2\bin\Debug\net5.0\fine-code-coverage\build-output\Microsoft.VisualStudio.TestPlatform.MSTest.TestAdapter.dll
TpTrace Verbose: 0 : 14072, 4, 2021/11/18, 15:25:24.808, 816912173688, testhost.dll, TestPluginCache: Discovered the extensions using extension path ''.
TpTrace Verbose: 0 : 14072, 4, 2021/11/18, 15:25:24.810, 816912192401, testhost.dll, TestPluginCache: Discoverers are ''.
TpTrace Verbose: 0 : 14072, 4, 2021/11/18, 15:25:24.810, 816912193951, testhost.dll, TestPluginCache: Executors are 'executor://MSTestAdapter/v2'.
TpTrace Verbose: 0 : 14072, 4, 2021/11/18, 15:25:24.810, 816912194879, testhost.dll, TestPluginCache: Executors2 are ''.
TpTrace Verbose: 0 : 14072, 4, 2021/11/18, 15:25:24.810, 816912195535, testhost.dll, TestPluginCache: Setting providers are ''.
TpTrace Verbose: 0 : 14072, 4, 2021/11/18, 15:25:24.811, 816912196108, testhost.dll, TestPluginCache: Loggers are ''.
TpTrace Verbose: 0 : 14072, 4, 2021/11/18, 15:25:24.815, 816912241456, testhost.dll, TestPluginCache.DiscoverTestExtensions: finding test extensions in assemblies ends with: TestAdapter.dll TPluginInfo: Microsoft.VisualStudio.TestPlatform.Common.ExtensionFramework.Utilities.TestExecutorPluginInformation2 TExtension: Microsoft.VisualStudio.TestPlatform.ObjectModel.Adapter.ITestExecutor2
TpTrace Verbose: 0 : 14072, 4, 2021/11/18, 15:25:24.816, 816912246404, testhost.dll, TestPluginCache.GetExtensionPaths: Filtered extension paths: 
TpTrace Verbose: 0 : 14072, 4, 2021/11/18, 15:25:24.816, 816912247634, testhost.dll, TestPluginCache.GetExtensionPaths: Added default extension paths: C:\Users\Armin\Documents\GitHub\Grupa-3-Verifikovani-i-Validirani-Softverasi\Pijaca\Zadatak 2\bin\Debug\net5.0\fine-code-coverage\build-output\Microsoft.VisualStudio.TestPlatform.MSTest.TestAdapter.dll
TpTrace Verbose: 0 : 14072, 4, 2021/11/18, 15:25:24.816, 816912248828, testhost.dll, TestPluginCache.GetExtensionPaths: Added unfilterableExtensionPaths: 
TpTrace Information: 0 : 14072, 4, 2021/11/18, 15:25:24.816, 816912251353, testhost.dll, AssemblyResolver.AddSearchDirectories: Adding more searchDirectories C:\Users\Armin\Documents\GitHub\Grupa-3-Verifikovani-i-Validirani-Softverasi\Pijaca\Zadatak 2\bin\Debug\net5.0\fine-code-coverage\build-output
TpTrace Verbose: 0 : 14072, 4, 2021/11/18, 15:25:24.816, 816912252618, testhost.dll, TestPluginCache.DiscoverTestExtensions: Discovering the extensions using extension path.
TpTrace Verbose: 0 : 14072, 4, 2021/11/18, 15:25:24.816, 816912253829, testhost.dll, TestPluginCache.GetExtensionPaths: Filtered extension paths: 
TpTrace Verbose: 0 : 14072, 4, 2021/11/18, 15:25:24.816, 816912255134, testhost.dll, TestPluginCache.GetExtensionPaths: Added default extension paths: C:\Users\Armin\Documents\GitHub\Grupa-3-Verifikovani-i-Validirani-Softverasi\Pijaca\Zadatak 2\bin\Debug\net5.0\fine-code-coverage\build-output\Microsoft.VisualStudio.TestPlatform.MSTest.TestAdapter.dll
TpTrace Verbose: 0 : 14072, 4, 2021/11/18, 15:25:24.816, 816912255609, testhost.dll, TestPluginCache.GetExtensionPaths: Added unfilterableExtensionPaths: 
TpTrace Verbose: 0 : 14072, 4, 2021/11/18, 15:25:24.817, 816912256171, testhost.dll, TestPluginCache.DiscoverTestExtensions: Discovering the extensions using allExtensionPaths: C:\Users\Armin\Documents\GitHub\Grupa-3-Verifikovani-i-Validirani-Softverasi\Pijaca\Zadatak 2\bin\Debug\net5.0\fine-code-coverage\build-output\Microsoft.VisualStudio.TestPlatform.MSTest.TestAdapter.dll
TpTrace Information: 0 : 14072, 4, 2021/11/18, 15:25:24.817, 816912256842, testhost.dll, AssemblyResolver.AddSearchDirectories: Adding more searchDirectories C:\Users\Armin\Documents\GitHub\Grupa-3-Verifikovani-i-Validirani-Softverasi\Pijaca\Zadatak 2\bin\Debug\net5.0\fine-code-coverage\build-output
TpTrace Verbose: 0 : 14072, 4, 2021/11/18, 15:25:24.817, 816912260974, testhost.dll, TestPluginCache: Discovered the extensions using extension path ''.
TpTrace Verbose: 0 : 14072, 4, 2021/11/18, 15:25:24.817, 816912261618, testhost.dll, TestPluginCache: Discoverers are ''.
TpTrace Verbose: 0 : 14072, 4, 2021/11/18, 15:25:24.817, 816912262300, testhost.dll, TestPluginCache: Executors are 'executor://MSTestAdapter/v2'.
TpTrace Verbose: 0 : 14072, 4, 2021/11/18, 15:25:24.817, 816912264287, testhost.dll, TestPluginCache: Executors2 are ''.
TpTrace Verbose: 0 : 14072, 4, 2021/11/18, 15:25:24.817, 816912265294, testhost.dll, TestPluginCache: Setting providers are ''.
TpTrace Verbose: 0 : 14072, 4, 2021/11/18, 15:25:24.818, 816912266640, testhost.dll, TestPluginCache: Loggers are ''.
TpTrace Verbose: 0 : 14072, 6, 2021/11/18, 15:25:24.821, 816912302039, testhost.dll, TcpClientExtensions.MessageLoopAsync: Polling on remoteEndPoint: [::ffff:127.0.0.1]:64094 localEndPoint: [::ffff:127.0.0.1]:64095
TpTrace Information: 0 : 14072, 4, 2021/11/18, 15:25:24.824, 816912331718, testhost.dll, TestPluginManager.CreateTestExtension: Attempting to load test extension: Microsoft.VisualStudio.TestPlatform.MSTest.TestAdapter.MSTestExecutor
TpTrace Verbose: 0 : 14072, 4, 2021/11/18, 15:25:24.836, 816912449579, testhost.dll, TestExecutorExtensionManager: Loading executor Microsoft.VisualStudio.TestPlatform.MSTest.TestAdapter.MSTestExecutor
TpTrace Verbose: 0 : 14072, 4, 2021/11/18, 15:25:24.836, 816912450670, testhost.dll, TestExecutorService: Loaded the executors
TpTrace Verbose: 0 : 14072, 4, 2021/11/18, 15:25:24.837, 816912458874, testhost.dll, TestPluginCache.DiscoverTestExtensions: finding test extensions in assemblies ends with: TestAdapter.dll TPluginInfo: Microsoft.VisualStudio.TestPlatform.Common.ExtensionFramework.Utilities.TestSettingsProviderPluginInformation TExtension: Microsoft.VisualStudio.TestPlatform.ObjectModel.Adapter.ISettingsProvider
TpTrace Verbose: 0 : 14072, 4, 2021/11/18, 15:25:24.837, 816912460482, testhost.dll, TestPluginCache.GetExtensionPaths: Filtered extension paths: 
TpTrace Verbose: 0 : 14072, 4, 2021/11/18, 15:25:24.837, 816912460932, testhost.dll, TestPluginCache.GetExtensionPaths: Added default extension paths: C:\Users\Armin\Documents\GitHub\Grupa-3-Verifikovani-i-Validirani-Softverasi\Pijaca\Zadatak 2\bin\Debug\net5.0\fine-code-coverage\build-output\Microsoft.VisualStudio.TestPlatform.MSTest.TestAdapter.dll
TpTrace Verbose: 0 : 14072, 4, 2021/11/18, 15:25:24.837, 816912461239, testhost.dll, TestPluginCache.GetExtensionPaths: Added unfilterableExtensionPaths: 
TpTrace Information: 0 : 14072, 4, 2021/11/18, 15:25:24.837, 816912462510, testhost.dll, AssemblyResolver.AddSearchDirectories: Adding more searchDirectories C:\Users\Armin\Documents\GitHub\Grupa-3-Verifikovani-i-Validirani-Softverasi\Pijaca\Zadatak 2\bin\Debug\net5.0\fine-code-coverage\build-output
TpTrace Verbose: 0 : 14072, 4, 2021/11/18, 15:25:24.837, 816912463017, testhost.dll, TestPluginCache.DiscoverTestExtensions: Discovering the extensions using extension path.
TpTrace Verbose: 0 : 14072, 4, 2021/11/18, 15:25:24.837, 816912463342, testhost.dll, TestPluginCache.GetExtensionPaths: Filtered extension paths: 
TpTrace Verbose: 0 : 14072, 4, 2021/11/18, 15:25:24.837, 816912463632, testhost.dll, TestPluginCache.GetExtensionPaths: Added default extension paths: C:\Users\Armin\Documents\GitHub\Grupa-3-Verifikovani-i-Validirani-Softverasi\Pijaca\Zadatak 2\bin\Debug\net5.0\fine-code-coverage\build-output\Microsoft.VisualStudio.TestPlatform.MSTest.TestAdapter.dll
TpTrace Verbose: 0 : 14072, 4, 2021/11/18, 15:25:24.837, 816912464017, testhost.dll, TestPluginCache.GetExtensionPaths: Added unfilterableExtensionPaths: 
TpTrace Verbose: 0 : 14072, 4, 2021/11/18, 15:25:24.837, 816912464336, testhost.dll, TestPluginCache.DiscoverTestExtensions: Discovering the extensions using allExtensionPaths: C:\Users\Armin\Documents\GitHub\Grupa-3-Verifikovani-i-Validirani-Softverasi\Pijaca\Zadatak 2\bin\Debug\net5.0\fine-code-coverage\build-output\Microsoft.VisualStudio.TestPlatform.MSTest.TestAdapter.dll
TpTrace Information: 0 : 14072, 4, 2021/11/18, 15:25:24.837, 816912464756, testhost.dll, AssemblyResolver.AddSearchDirectories: Adding more searchDirectories C:\Users\Armin\Documents\GitHub\Grupa-3-Verifikovani-i-Validirani-Softverasi\Pijaca\Zadatak 2\bin\Debug\net5.0\fine-code-coverage\build-output
TpTrace Verbose: 0 : 14072, 4, 2021/11/18, 15:25:24.838, 816912466819, testhost.dll, TestPluginCache: Discovered the extensions using extension path ''.
TpTrace Verbose: 0 : 14072, 4, 2021/11/18, 15:25:24.838, 816912467308, testhost.dll, TestPluginCache: Discoverers are ''.
TpTrace Verbose: 0 : 14072, 4, 2021/11/18, 15:25:24.838, 816912467604, testhost.dll, TestPluginCache: Executors are 'executor://MSTestAdapter/v2'.
TpTrace Verbose: 0 : 14072, 4, 2021/11/18, 15:25:24.838, 816912467899, testhost.dll, TestPluginCache: Executors2 are ''.
TpTrace Verbose: 0 : 14072, 4, 2021/11/18, 15:25:24.838, 816912468308, testhost.dll, TestPluginCache: Setting providers are ''.
TpTrace Verbose: 0 : 14072, 4, 2021/11/18, 15:25:24.838, 816912468607, testhost.dll, TestPluginCache: Loggers are ''.
TpTrace Verbose: 0 : 14072, 4, 2021/11/18, 15:25:24.839, 816912477589, testhost.dll, TestExecutorService: Loaded the settings providers
TpTrace Information: 0 : 14072, 4, 2021/11/18, 15:25:24.839, 816912478513, testhost.dll, TestExecutorService: Loaded the extensions
TpTrace Information: 0 : 14072, 4, 2021/11/18, 15:25:24.951, 816913605946, testhost.dll, TestDiscoveryManager: Discovering tests from sources C:\Users\Armin\Documents\GitHub\Grupa-3-Verifikovani-i-Validirani-Softverasi\Pijaca\Zadatak 2\bin\Debug\net5.0\fine-code-coverage\build-output\Zadatak 2.dll
TpTrace Verbose: 0 : 14072, 4, 2021/11/18, 15:25:24.954, 816913627600, testhost.dll, TestPluginCache.DiscoverTestExtensions: finding test extensions in assemblies ends with: TestAdapter.dll TPluginInfo: Microsoft.VisualStudio.TestPlatform.Common.ExtensionFramework.Utilities.TestDiscovererPluginInformation TExtension: Microsoft.VisualStudio.TestPlatform.ObjectModel.Adapter.ITestDiscoverer
TpTrace Verbose: 0 : 14072, 4, 2021/11/18, 15:25:24.954, 816913629248, testhost.dll, TestPluginCache.GetExtensionPaths: Filtered extension paths: 
TpTrace Verbose: 0 : 14072, 4, 2021/11/18, 15:25:24.954, 816913629777, testhost.dll, TestPluginCache.GetExtensionPaths: Added default extension paths: C:\Users\Armin\Documents\GitHub\Grupa-3-Verifikovani-i-Validirani-Softverasi\Pijaca\Zadatak 2\bin\Debug\net5.0\fine-code-coverage\build-output\Microsoft.VisualStudio.TestPlatform.MSTest.TestAdapter.dll
TpTrace Verbose: 0 : 14072, 4, 2021/11/18, 15:25:24.954, 816913630137, testhost.dll, TestPluginCache.GetExtensionPaths: Added unfilterableExtensionPaths: 
TpTrace Information: 0 : 14072, 4, 2021/11/18, 15:25:24.954, 816913631456, testhost.dll, AssemblyResolver.AddSearchDirectories: Adding more searchDirectories C:\Users\Armin\Documents\GitHub\Grupa-3-Verifikovani-i-Validirani-Softverasi\Pijaca\Zadatak 2\bin\Debug\net5.0\fine-code-coverage\build-output
TpTrace Verbose: 0 : 14072, 4, 2021/11/18, 15:25:24.954, 816913632025, testhost.dll, TestPluginCache.DiscoverTestExtensions: Discovering the extensions using extension path.
TpTrace Verbose: 0 : 14072, 4, 2021/11/18, 15:25:24.954, 816913632390, testhost.dll, TestPluginCache.GetExtensionPaths: Filtered extension paths: 
TpTrace Verbose: 0 : 14072, 4, 2021/11/18, 15:25:24.954, 816913632752, testhost.dll, TestPluginCache.GetExtensionPaths: Added default extension paths: C:\Users\Armin\Documents\GitHub\Grupa-3-Verifikovani-i-Validirani-Softverasi\Pijaca\Zadatak 2\bin\Debug\net5.0\fine-code-coverage\build-output\Microsoft.VisualStudio.TestPlatform.MSTest.TestAdapter.dll
TpTrace Verbose: 0 : 14072, 4, 2021/11/18, 15:25:24.954, 816913633082, testhost.dll, TestPluginCache.GetExtensionPaths: Added unfilterableExtensionPaths: 
TpTrace Verbose: 0 : 14072, 4, 2021/11/18, 15:25:24.954, 816913633431, testhost.dll, TestPluginCache.DiscoverTestExtensions: Discovering the extensions using allExtensionPaths: C:\Users\Armin\Documents\GitHub\Grupa-3-Verifikovani-i-Validirani-Softverasi\Pijaca\Zadatak 2\bin\Debug\net5.0\fine-code-coverage\build-output\Microsoft.VisualStudio.TestPlatform.MSTest.TestAdapter.dll
TpTrace Information: 0 : 14072, 4, 2021/11/18, 15:25:24.954, 816913633886, testhost.dll, AssemblyResolver.AddSearchDirectories: Adding more searchDirectories C:\Users\Armin\Documents\GitHub\Grupa-3-Verifikovani-i-Validirani-Softverasi\Pijaca\Zadatak 2\bin\Debug\net5.0\fine-code-coverage\build-output
TpTrace Verbose: 0 : 14072, 4, 2021/11/18, 15:25:24.957, 816913663104, testhost.dll, TestPluginCache: Discovered the extensions using extension path ''.
TpTrace Verbose: 0 : 14072, 4, 2021/11/18, 15:25:24.957, 816913664892, testhost.dll, TestPluginCache: Discoverers are 'Microsoft.VisualStudio.TestPlatform.MSTest.TestAdapter.MSTestDiscoverer, Microsoft.VisualStudio.TestPlatform.MSTest.TestAdapter, Version=14.0.0.0, Culture=neutral, PublicKeyToken=b03f5f7f11d50a3a'.
TpTrace Verbose: 0 : 14072, 4, 2021/11/18, 15:25:24.957, 816913665530, testhost.dll, TestPluginCache: Executors are 'executor://MSTestAdapter/v2'.
TpTrace Verbose: 0 : 14072, 4, 2021/11/18, 15:25:24.957, 816913665867, testhost.dll, TestPluginCache: Executors2 are ''.
TpTrace Verbose: 0 : 14072, 4, 2021/11/18, 15:25:24.958, 816913666156, testhost.dll, TestPluginCache: Setting providers are ''.
TpTrace Verbose: 0 : 14072, 4, 2021/11/18, 15:25:24.958, 816913666491, testhost.dll, TestPluginCache: Loggers are ''.
TpTrace Verbose: 0 : 14072, 4, 2021/11/18, 15:25:24.967, 816913758795, testhost.dll, BaseRunTests.RunTestInternalWithExecutors: Running tests for executor://MSTestAdapter/v2
TpTrace Information: 0 : 14072, 4, 2021/11/18, 15:25:24.968, 816913774449, testhost.dll, AssemblyResolver.OnResolve: Microsoft.VisualStudio.TestPlatform.MSTestAdapter.PlatformServices.Interface: Resolving assembly.
TpTrace Information: 0 : 14072, 4, 2021/11/18, 15:25:24.970, 816913787339, testhost.dll, AssemblyResolver.OnResolve: Resolved assembly: Microsoft.VisualStudio.TestPlatform.MSTestAdapter.PlatformServices.Interface, from path: C:\Users\Armin\Documents\GitHub\Grupa-3-Verifikovani-i-Validirani-Softverasi\Pijaca\Zadatak 2\bin\Debug\net5.0\fine-code-coverage\build-output\Microsoft.VisualStudio.TestPlatform.MSTestAdapter.PlatformServices.Interface.dll
TpTrace Information: 0 : 14072, 4, 2021/11/18, 15:25:24.971, 816913803408, testhost.dll, AssemblyResolver.OnResolve: Microsoft.VisualStudio.TestPlatform.MSTestAdapter.PlatformServices: Resolving assembly.
TpTrace Information: 0 : 14072, 4, 2021/11/18, 15:25:24.972, 816913811532, testhost.dll, AssemblyResolver.OnResolve: Resolved assembly: Microsoft.VisualStudio.TestPlatform.MSTestAdapter.PlatformServices, from path: C:\Users\Armin\Documents\GitHub\Grupa-3-Verifikovani-i-Validirani-Softverasi\Pijaca\Zadatak 2\bin\Debug\net5.0\fine-code-coverage\build-output\Microsoft.VisualStudio.TestPlatform.MSTestAdapter.PlatformServices.dll
TpTrace Information: 0 : 14072, 4, 2021/11/18, 15:25:24.973, 816913816751, testhost.dll, MSTest - MSTestExecutor.RunTests: Running tests from sources.
TpTrace Information: 0 : 14072, 4, 2021/11/18, 15:25:24.978, 816913868465, testhost.dll, MSTest - CollectSourceInformation value Found : False 
TpTrace Information: 0 : 14072, 4, 2021/11/18, 15:25:25.011, 816914204149, testhost.dll, AssemblyResolver.OnResolve: Microsoft.TestPlatform.AdapterUtilities: Resolving assembly.
TpTrace Information: 0 : 14072, 4, 2021/11/18, 15:25:25.012, 816914211727, testhost.dll, AssemblyResolver.OnResolve: Resolved assembly: Microsoft.TestPlatform.AdapterUtilities, from path: C:\Users\Armin\Documents\GitHub\Grupa-3-Verifikovani-i-Validirani-Softverasi\Pijaca\Zadatak 2\bin\Debug\net5.0\fine-code-coverage\build-output\Microsoft.TestPlatform.AdapterUtilities.dll
TpTrace Information: 0 : 14072, 4, 2021/11/18, 15:25:25.030, 816914391520, testhost.dll, MSTest - MSTestDiscoverer: Found 5 tests from source C:\Users\Armin\Documents\GitHub\Grupa-3-Verifikovani-i-Validirani-Softverasi\Pijaca\Zadatak 2\bin\Debug\net5.0\fine-code-coverage\build-output\Zadatak 2.dll
TpTrace Information: 0 : 14072, 4, 2021/11/18, 15:25:25.048, 816914567997, testhost.dll, AssemblyResolver.OnResolve: Microsoft.VisualStudio.TestPlatform.MSTestAdapter.PlatformServices.resources: Resolving assembly.
TpTrace Information: 0 : 14072, 4, 2021/11/18, 15:25:25.048, 816914570783, testhost.dll, AssemblyResolver.OnResolve: Microsoft.VisualStudio.TestPlatform.MSTestAdapter.PlatformServices.resources: Failed to load assembly.
TpTrace Information: 0 : 14072, 4, 2021/11/18, 15:25:25.048, 816914576064, testhost.dll, AssemblyResolver.OnResolve: Microsoft.VisualStudio.TestPlatform.MSTestAdapter.PlatformServices.resources: Resolving assembly.
TpTrace Information: 0 : 14072, 4, 2021/11/18, 15:25:25.049, 816914576947, testhost.dll, AssemblyResolver.OnResolve: Microsoft.VisualStudio.TestPlatform.MSTestAdapter.PlatformServices.resources: Resolved from cache.
TpTrace Information: 0 : 14072, 4, 2021/11/18, 15:25:25.070, 816914795581, testhost.dll, MSTest - Created unit-test runner C:\Users\Armin\Documents\GitHub\Grupa-3-Verifikovani-i-Validirani-Softverasi\Pijaca\Zadatak 2\bin\Debug\net5.0\fine-code-coverage\build-output\Zadatak 2.dll
TpTrace Verbose: 0 : 14072, 4, 2021/11/18, 15:25:25.077, 816914865024, testhost.dll, TestExecutionRecorder.RecordStart: Starting test: Zadatak_2.TDD.TestZamjenskiObjekat.
TpTrace Information: 0 : 14072, 4, 2021/11/18, 15:25:25.191, 816916005711, testhost.dll, MSTest - Executing test TestZamjenskiObjekat
TpTrace Information: 0 : 14072, 4, 2021/11/18, 15:25:25.245, 816916539176, testhost.dll, MSTest - Executed test TestZamjenskiObjekat
TpTrace Verbose: 0 : 14072, 4, 2021/11/18, 15:25:25.250, 816916588672, testhost.dll, TestExecutionRecorder.RecordEnd: test: Zadatak_2.TDD.TestZamjenskiObjekat execution completed.
TpTrace Verbose: 0 : 14072, 4, 2021/11/18, 15:25:25.271, 816916796962, testhost.dll, TestExecutionRecorder.RecordResult: Received result for test: Zadatak_2.TDD.TestZamjenskiObjekat.
TpTrace Warning: 0 : 14072, 4, 2021/11/18, 15:25:25.276, 816916848251, testhost.dll, TestRunCache: InProgressTests is null
TpTrace Warning: 0 : 14072, 4, 2021/11/18, 15:25:25.276, 816916850355, testhost.dll, TestRunCache: No test found corresponding to testResult '' in inProgress list.
TpTrace Verbose: 0 : 14072, 4, 2021/11/18, 15:25:25.276, 816916851603, testhost.dll, TestExecutionRecorder.RecordStart: Starting test: Zadatak_2.TDD.DodavanjeMesnihProizvoda.
TpTrace Information: 0 : 14072, 4, 2021/11/18, 15:25:25.278, 816916868763, testhost.dll, MSTest - Executing test DodavanjeMesnihProizvoda
TpTrace Information: 0 : 14072, 4, 2021/11/18, 15:25:25.287, 816916959679, testhost.dll, MSTest - Executed test DodavanjeMesnihProizvoda
TpTrace Verbose: 0 : 14072, 4, 2021/11/18, 15:25:25.287, 816916961011, testhost.dll, TestExecutionRecorder.RecordEnd: test: Zadatak_2.TDD.DodavanjeMesnihProizvoda execution completed.
TpTrace Verbose: 0 : 14072, 4, 2021/11/18, 15:25:25.288, 816916974870, testhost.dll, TestExecutionRecorder.RecordResult: Received result for test: Zadatak_2.TDD.DodavanjeMesnihProizvoda.
TpTrace Warning: 0 : 14072, 4, 2021/11/18, 15:25:25.288, 816916975848, testhost.dll, TestRunCache: InProgressTests is null
TpTrace Warning: 0 : 14072, 4, 2021/11/18, 15:25:25.289, 816916976222, testhost.dll, TestRunCache: No test found corresponding to testResult '' in inProgress list.
TpTrace Verbose: 0 : 14072, 4, 2021/11/18, 15:25:25.289, 816916976885, testhost.dll, TestExecutionRecorder.RecordStart: Starting test: Zadatak_2.TDD.DodavanjeVoćaIBrisanje.
TpTrace Information: 0 : 14072, 4, 2021/11/18, 15:25:25.290, 816916988229, testhost.dll, MSTest - Executing test DodavanjeVoćaIBrisanje
TpTrace Information: 0 : 14072, 4, 2021/11/18, 15:25:25.291, 816916998631, testhost.dll, MSTest - Executed test DodavanjeVoćaIBrisanje
TpTrace Verbose: 0 : 14072, 4, 2021/11/18, 15:25:25.291, 816917000121, testhost.dll, TestExecutionRecorder.RecordEnd: test: Zadatak_2.TDD.DodavanjeVoćaIBrisanje execution completed.
TpTrace Verbose: 0 : 14072, 4, 2021/11/18, 15:25:25.296, 816917053637, testhost.dll, TestExecutionRecorder.RecordResult: Received result for test: Zadatak_2.TDD.DodavanjeVoćaIBrisanje.
TpTrace Warning: 0 : 14072, 4, 2021/11/18, 15:25:25.296, 816917054956, testhost.dll, TestRunCache: InProgressTests is null
TpTrace Warning: 0 : 14072, 4, 2021/11/18, 15:25:25.296, 816917055507, testhost.dll, TestRunCache: No test found corresponding to testResult '' in inProgress list.
TpTrace Verbose: 0 : 14072, 4, 2021/11/18, 15:25:25.297, 816917056786, testhost.dll, TestExecutionRecorder.RecordStart: Starting test: Zadatak_2.TDD.NepodržaniTipDodavanja.
TpTrace Information: 0 : 14072, 4, 2021/11/18, 15:25:25.299, 816917082282, testhost.dll, MSTest - Executing test NepodržaniTipDodavanja
TpTrace Information: 0 : 14072, 4, 2021/11/18, 15:25:25.301, 816917101886, testhost.dll, MSTest - Executed test NepodržaniTipDodavanja
TpTrace Verbose: 0 : 14072, 4, 2021/11/18, 15:25:25.301, 816917102887, testhost.dll, TestExecutionRecorder.RecordEnd: test: Zadatak_2.TDD.NepodržaniTipDodavanja execution completed.
TpTrace Verbose: 0 : 14072, 4, 2021/11/18, 15:25:25.302, 816917114594, testhost.dll, TestExecutionRecorder.RecordResult: Received result for test: Zadatak_2.TDD.NepodržaniTipDodavanja.
TpTrace Warning: 0 : 14072, 4, 2021/11/18, 15:25:25.302, 816917115561, testhost.dll, TestRunCache: InProgressTests is null
TpTrace Warning: 0 : 14072, 4, 2021/11/18, 15:25:25.303, 816917116425, testhost.dll, TestRunCache: No test found corresponding to testResult '' in inProgress list.
TpTrace Verbose: 0 : 14072, 4, 2021/11/18, 15:25:25.303, 816917117160, testhost.dll, TestExecutionRecorder.RecordStart: Starting test: Zadatak_2.TDD.NemogućeDodavanjeUzBrisanje.
TpTrace Information: 0 : 14072, 4, 2021/11/18, 15:25:25.304, 816917129188, testhost.dll, MSTest - Executing test NemogućeDodavanjeUzBrisanje
TpTrace Information: 0 : 14072, 4, 2021/11/18, 15:25:25.305, 816917139762, testhost.dll, MSTest - Executed test NemogućeDodavanjeUzBrisanje
TpTrace Verbose: 0 : 14072, 4, 2021/11/18, 15:25:25.305, 816917140938, testhost.dll, TestExecutionRecorder.RecordEnd: test: Zadatak_2.TDD.NemogućeDodavanjeUzBrisanje execution completed.
TpTrace Verbose: 0 : 14072, 4, 2021/11/18, 15:25:25.306, 816917153789, testhost.dll, TestExecutionRecorder.RecordResult: Received result for test: Zadatak_2.TDD.NemogućeDodavanjeUzBrisanje.
TpTrace Warning: 0 : 14072, 4, 2021/11/18, 15:25:25.306, 816917154935, testhost.dll, TestRunCache: InProgressTests is null
TpTrace Warning: 0 : 14072, 4, 2021/11/18, 15:25:25.306, 816917155410, testhost.dll, TestRunCache: No test found corresponding to testResult '' in inProgress list.
TpTrace Information: 0 : 14072, 4, 2021/11/18, 15:25:25.307, 816917158081, testhost.dll, MSTest - Executing cleanup methods.
TpTrace Information: 0 : 14072, 4, 2021/11/18, 15:25:25.308, 816917174237, testhost.dll, MSTest - Executed cleanup methods.
TpTrace Information: 0 : 14072, 4, 2021/11/18, 15:25:25.308, 816917175642, testhost.dll, MSTest - Executed tests belonging to source C:\Users\Armin\Documents\GitHub\Grupa-3-Verifikovani-i-Validirani-Softverasi\Pijaca\Zadatak 2\bin\Debug\net5.0\fine-code-coverage\build-output\Zadatak 2.dll
TpTrace Information: 0 : 14072, 4, 2021/11/18, 15:25:25.309, 816917177949, testhost.dll, Deleting deployment directory C:\Users\Armin\Documents\GitHub\Grupa-3-Verifikovani-i-Validirani-Softverasi\Pijaca\Zadatak 2\bin\Debug\net5.0\fine-code-coverage\coverage-tool-output\Deploy_Armin 2021-11-18 15_25_25
TpTrace Information: 0 : 14072, 4, 2021/11/18, 15:25:25.311, 816917202124, testhost.dll, Deleted deployment directory C:\Users\Armin\Documents\GitHub\Grupa-3-Verifikovani-i-Validirani-Softverasi\Pijaca\Zadatak 2\bin\Debug\net5.0\fine-code-coverage\coverage-tool-output\Deploy_Armin 2021-11-18 15_25_25
TpTrace Verbose: 0 : 14072, 4, 2021/11/18, 15:25:25.312, 816917207623, testhost.dll, BaseRunTests.RunTestInternalWithExecutors: Completed running tests for executor://MSTestAdapter/v2
TpTrace Information: 0 : 14072, 4, 2021/11/18, 15:25:25.316, 816917248633, testhost.dll, Sending test run complete
TpTrace Verbose: 0 : 14072, 4, 2021/11/18, 15:25:25.352, 816917612999, testhost.dll, TestRequestHandler.SendData:  sending data from testhost: {"Version":5,"MessageType":"TestExecution.Completed","Payload":{"TestRunCompleteArgs":{"TestRunStatistics":{"ExecutedTests":5,"Stats":{"Passed":5}},"IsCanceled":false,"IsAborted":false,"Error":null,"AttachmentSets":[],"ElapsedTimeInRunningTests":"00:00:00.3526769","Metrics":{}},"LastRunTests":{"NewTestResults":[{"TestCase":{"Id":"cd075b4d-61b2-de77-403b-0cfb69a56f47","FullyQualifiedName":"Zadatak_2.TDD.TestZamjenskiObjekat","DisplayName":"TestZamjenskiObjekat","ExecutorUri":"executor://MSTestAdapter/v2","Source":"C:\\Users\\Armin\\Documents\\GitHub\\Grupa-3-Verifikovani-i-Validirani-Softverasi\\Pijaca\\Zadatak 2\\bin\\Debug\\net5.0\\fine-code-coverage\\build-output\\Zadatak 2.dll","CodeFilePath":null,"LineNumber":-1,"Properties":[{"Key":{"Id":"TestCase.ManagedType","Label":"ManagedType","Category":"","Description":"","Attributes":1,"ValueType":"System.String"},"Value":"Zadatak_2.TDD"},{"Key":{"Id":"TestCase.ManagedMethod","Label":"ManagedMethod","Category":"","Description":"","Attributes":1,"ValueType":"System.String"},"Value":"TestZamjenskiObjekat"},{"Key":{"Id":"MSTestDiscoverer.TestClassName","Label":"ClassName","Category":"","Description":"","Attributes":1,"ValueType":"System.String"},"Value":"Zadatak_2.TDD"},{"Key":{"Id":"TestObject.Traits","Label":"Traits","Category":"","Description":"","Attributes":5,"ValueType":"System.Collections.Generic.KeyValuePair`2[[System.String],[System.String]][]"},"Value":[]}]},"Attachments":[],"Outcome":1,"ErrorMessage":null,"ErrorStackTrace":null,"DisplayName":null,"Messages":[],"ComputerName":null,"Duration":"00:00:00.0121552","StartTime":"2021-11-18T15:25:25.1918206+01:00","EndTime":"2021-11-18T15:25:25.2454396+01:00","Properties":[{"Key":{"Id":"ExecutionId","Label":"ExecutionId","Category":"","Description":"","Attributes":1,"ValueType":"System.Guid"},"Value":"00000000-0000-0000-0000-000000000000"},{"Key":{"Id":"ParentExecId","Label":"ParentExecId","Category":"","Description":"","Attributes":1,"ValueType":"System.Guid"},"Value":"00000000-0000-0000-0000-000000000000"},{"Key":{"Id":"InnerResultsCount","Label":"InnerResultsCount","Category":"","Description":"","Attributes":1,"ValueType":"System.Int32"},"Value":0}]},{"TestCase":{"Id":"3a1d8414-af96-8075-3e91-63006d286d73","FullyQualifiedName":"Zadatak_2.TDD.DodavanjeMesnihProizvoda","DisplayName":"DodavanjeMesnihProizvoda","ExecutorUri":"executor://MSTestAdapter/v2","Source":"C:\\Users\\Armin\\Documents\\GitHub\\Grupa-3-Verifikovani-i-Validirani-Softverasi\\Pijaca\\Zadatak 2\\bin\\Debug\\net5.0\\fine-code-coverage\\build-output\\Zadatak 2.dll","CodeFilePath":null,"LineNumber":-1,"Properties":[{"Key":{"Id":"TestCase.ManagedType","Label":"ManagedType","Category":"","Description":"","Attributes":1,"ValueType":"System.String"},"Value":"Zadatak_2.TDD"},{"Key":{"Id":"TestCase.ManagedMethod","Label":"ManagedMethod","Category":"","Description":"","Attributes":1,"ValueType":"System.String"},"Value":"DodavanjeMesnihProizvoda"},{"Key":{"Id":"MSTestDiscoverer.TestClassName","Label":"ClassName","Category":"","Description":"","Attributes":1,"ValueType":"System.String"},"Value":"Zadatak_2.TDD"},{"Key":{"Id":"TestObject.Traits","Label":"Traits","Category":"","Description":"","Attributes":5,"ValueType":"System.Collections.Generic.KeyValuePair`2[[System.String],[System.String]][]"},"Value":[]}]},"Attachments":[],"Outcome":1,"ErrorMessage":null,"ErrorStackTrace":null,"DisplayName":null,"Messages":[],"ComputerName":null,"Duration":"00:00:00.0087665","StartTime":"2021-11-18T15:25:25.2782528+01:00","EndTime":"2021-11-18T15:25:25.2874676+01:00","Properties":[{"Key":{"Id":"ExecutionId","Label":"ExecutionId","Category":"","Description":"","Attributes":1,"ValueType":"System.Guid"},"Value":"00000000-0000-0000-0000-000000000000"},{"Key":{"Id":"ParentExecId","Label":"ParentExecId","Category":"","Description":"","Attributes":1,"ValueType":"System.Guid"},"Value":"00000000-0000-0000-0000-000000000000"},{"Key":{"Id":"InnerResultsCount","Label":"InnerResultsCount","Category":"","Description":"","Attributes":1,"ValueType":"System.Int32"},"Value":0}]},{"TestCase":{"Id":"3f4528f8-6f76-6b66-8987-b10996504e89","FullyQualifiedName":"Zadatak_2.TDD.DodavanjeVoćaIBrisanje","DisplayName":"DodavanjeVoćaIBrisanje","ExecutorUri":"executor://MSTestAdapter/v2","Source":"C:\\Users\\Armin\\Documents\\GitHub\\Grupa-3-Verifikovani-i-Validirani-Softverasi\\Pijaca\\Zadatak 2\\bin\\Debug\\net5.0\\fine-code-coverage\\build-output\\Zadatak 2.dll","CodeFilePath":null,"LineNumber":-1,"Properties":[{"Key":{"Id":"TestCase.ManagedType","Label":"ManagedType","Category":"","Description":"","Attributes":1,"ValueType":"System.String"},"Value":"Zadatak_2.TDD"},{"Key":{"Id":"TestCase.ManagedMethod","Label":"ManagedMethod","Category":"","Description":"","Attributes":1,"ValueType":"System.String"},"Value":"DodavanjeVoćaIBrisanje"},{"Key":{"Id":"MSTestDiscoverer.TestClassName","Label":"ClassName","Category":"","Description":"","Attributes":1,"ValueType":"System.String"},"Value":"Zadatak_2.TDD"},{"Key":{"Id":"TestObject.Traits","Label":"Traits","Category":"","Description":"","Attributes":5,"ValueType":"System.Collections.Generic.KeyValuePair`2[[System.String],[System.String]][]"},"Value":[]}]},"Attachments":[],"Outcome":1,"ErrorMessage":null,"ErrorStackTrace":null,"DisplayName":null,"Messages":[],"ComputerName":null,"Duration":"00:00:00.0008144","StartTime":"2021-11-18T15:25:25.2902012+01:00","EndTime":"2021-11-18T15:25:25.2913781+01:00","Properties":[{"Key":{"Id":"ExecutionId","Label":"ExecutionId","Category":"","Description":"","Attributes":1,"ValueType":"System.Guid"},"Value":"00000000-0000-0000-0000-000000000000"},{"Key":{"Id":"ParentExecId","Label":"ParentExecId","Category":"","Description":"","Attributes":1,"ValueType":"System.Guid"},"Value":"00000000-0000-0000-0000-000000000000"},{"Key":{"Id":"InnerResultsCount","Label":"InnerResultsCount","Category":"","Description":"","Attributes":1,"ValueType":"System.Int32"},"Value":0}]},{"TestCase":{"Id":"94f032db-9346-302f-6689-ffa07b4ffe55","FullyQualifiedName":"Zadatak_2.TDD.NepodržaniTipDodavanja","DisplayName":"NepodržaniTipDodavanja","ExecutorUri":"executor://MSTestAdapter/v2","Source":"C:\\Users\\Armin\\Documents\\GitHub\\Grupa-3-Verifikovani-i-Validirani-Softverasi\\Pijaca\\Zadatak 2\\bin\\Debug\\net5.0\\fine-code-coverage\\build-output\\Zadatak 2.dll","CodeFilePath":null,"LineNumber":-1,"Properties":[{"Key":{"Id":"TestCase.ManagedType","Label":"ManagedType","Category":"","Description":"","Attributes":1,"ValueType":"System.String"},"Value":"Zadatak_2.TDD"},{"Key":{"Id":"TestCase.ManagedMethod","Label":"ManagedMethod","Category":"","Description":"","Attributes":1,"ValueType":"System.String"},"Value":"NepodržaniTipDodavanja"},{"Key":{"Id":"MSTestDiscoverer.TestClassName","Label":"ClassName","Category":"","Description":"","Attributes":1,"ValueType":"System.String"},"Value":"Zadatak_2.TDD"},{"Key":{"Id":"TestObject.Traits","Label":"Traits","Category":"","Description":"","Attributes":5,"ValueType":"System.Collections.Generic.KeyValuePair`2[[System.String],[System.String]][]"},"Value":[]}]},"Attachments":[],"Outcome":1,"ErrorMessage":null,"ErrorStackTrace":null,"DisplayName":null,"Messages":[],"ComputerName":null,"Duration":"00:00:00.0016189","StartTime":"2021-11-18T15:25:25.299602+01:00","EndTime":"2021-11-18T15:25:25.301665+01:00","Properties":[{"Key":{"Id":"ExecutionId","Label":"ExecutionId","Category":"","Description":"","Attributes":1,"ValueType":"System.Guid"},"Value":"00000000-0000-0000-0000-000000000000"},{"Key":{"Id":"ParentExecId","Label":"ParentExecId","Category":"","Description":"","Attributes":1,"ValueType":"System.Guid"},"Value":"00000000-0000-0000-0000-000000000000"},{"Key":{"Id":"InnerResultsCount","Label":"InnerResultsCount","Category":"","Description":"","Attributes":1,"ValueType":"System.Int32"},"Value":0}]},{"TestCase":{"Id":"0e86f05c-b4ae-450e-5451-e8f8450dc484","FullyQualifiedName":"Zadatak_2.TDD.NemogućeDodavanjeUzBrisanje","DisplayName":"NemogućeDodavanjeUzBrisanje","ExecutorUri":"executor://MSTestAdapter/v2","Source":"C:\\Users\\Armin\\Documents\\GitHub\\Grupa-3-Verifikovani-i-Validirani-Softverasi\\Pijaca\\Zadatak 2\\bin\\Debug\\net5.0\\fine-code-coverage\\build-output\\Zadatak 2.dll","CodeFilePath":null,"LineNumber":-1,"Properties":[{"Key":{"Id":"TestCase.ManagedType","Label":"ManagedType","Category":"","Description":"","Attributes":1,"ValueType":"System.String"},"Value":"Zadatak_2.TDD"},{"Key":{"Id":"TestCase.ManagedMethod","Label":"ManagedMethod","Category":"","Description":"","Attributes":1,"ValueType":"System.String"},"Value":"NemogućeDodavanjeUzBrisanje"},{"Key":{"Id":"MSTestDiscoverer.TestClassName","Label":"ClassName","Category":"","Description":"","Attributes":1,"ValueType":"System.String"},"Value":"Zadatak_2.TDD"},{"Key":{"Id":"TestObject.Traits","Label":"Traits","Category":"","Description":"","Attributes":5,"ValueType":"System.Collections.Generic.KeyValuePair`2[[System.String],[System.String]][]"},"Value":[]}]},"Attachments":[],"Outcome":1,"ErrorMessage":null,"ErrorStackTrace":null,"DisplayName":null,"Messages":[],"ComputerName":null,"Duration":"00:00:00.0007754","StartTime":"2021-11-18T15:25:25.3042954+01:00","EndTime":"2021-11-18T15:25:25.3054662+01:00","Properties":[{"Key":{"Id":"ExecutionId","Label":"ExecutionId","Category":"","Description":"","Attributes":1,"ValueType":"System.Guid"},"Value":"00000000-0000-0000-0000-000000000000"},{"Key":{"Id":"ParentExecId","Label":"ParentExecId","Category":"","Description":"","Attributes":1,"ValueType":"System.Guid"},"Value":"00000000-0000-0000-0000-000000000000"},{"Key":{"Id":"InnerResultsCount","Label":"InnerResultsCount","Category":"","Description":"","Attributes":1,"ValueType":"System.Int32"},"Value":0}]}],"TestRunStatistics":{"ExecutedTests":5,"Stats":{"Passed":5}},"ActiveTests":[]},"RunAttachments":[],"ExecutorUris":["executor://mstestadapter/v2"]}}
TpTrace Verbose: 0 : 14072, 4, 2021/11/18, 15:25:25.353, 816917621856, testhost.dll, BaseRunTests.RunTests: Run is complete.
TpTrace Verbose: 0 : 14072, 6, 2021/11/18, 15:25:25.354, 816917635920, testhost.dll, TcpClientExtensions.MessageLoopAsync: NotifyDataAvailable remoteEndPoint: [::ffff:127.0.0.1]:64094 localEndPoint: [::ffff:127.0.0.1]:64095
TpTrace Information: 0 : 14072, 6, 2021/11/18, 15:25:25.355, 816917637764, testhost.dll, TestRequestHandler.ProcessRequests: received message: (TestSession.Terminate) -> null
TpTrace Information: 0 : 14072, 6, 2021/11/18, 15:25:25.355, 816917638222, testhost.dll, Session End message received from server. Closing the connection.
TpTrace Information: 0 : 14072, 6, 2021/11/18, 15:25:25.355, 816917642575, testhost.dll, SocketClient.Stop: Stop communication from server endpoint: 127.0.0.1:064094
TpTrace Information: 0 : 14072, 6, 2021/11/18, 15:25:25.355, 816917643876, testhost.dll, SocketClient: Stop: Cancellation requested. Stopping message loop.
TpTrace Verbose: 0 : 14072, 6, 2021/11/18, 15:25:25.355, 816917645634, testhost.dll, LengthPrefixCommunicationChannel.Dispose: Dispose reader and writer.
TpTrace Information: 0 : 14072, 6, 2021/11/18, 15:25:25.356, 816917646364, testhost.dll, Closing the connection !
TpTrace Information: 0 : 14072, 6, 2021/11/18, 15:25:25.356, 816917648856, testhost.dll, SocketClient.PrivateStop: Stop communication from server endpoint: 127.0.0.1:064094, error:
TpTrace Information: 0 : 14072, 1, 2021/11/18, 15:25:25.356, 816917652128, testhost.dll, Closing the connection !
TpTrace Verbose: 0 : 14072, 6, 2021/11/18, 15:25:25.356, 816917652143, testhost.dll, LengthPrefixCommunicationChannel.Dispose: Dispose reader and writer.
TpTrace Information: 0 : 14072, 1, 2021/11/18, 15:25:25.356, 816917652779, testhost.dll, SocketClient.Stop: Stop communication from server endpoint: 127.0.0.1:064094
TpTrace Verbose: 0 : 14072, 6, 2021/11/18, 15:25:25.356, 816917653322, testhost.dll, TcpClientExtensions.MessageLoopAsync: exiting MessageLoopAsync remoteEndPoint: [::ffff:127.0.0.1]:64094 localEndPoint: [::ffff:127.0.0.1]:64095
TpTrace Verbose: 0 : 14072, 1, 2021/11/18, 15:25:25.356, 816917653811, testhost.dll, LengthPrefixCommunicationChannel.Dispose: Dispose reader and writer.
TpTrace Information: 0 : 14072, 1, 2021/11/18, 15:25:25.356, 816917655140, testhost.dll, Testhost process exiting.
