TpTrace Verbose: 0 : 20212, 1, 2021/11/18, 17:48:15.410, 902618211647, datacollector.dll, Version: 16.11.0
TpTrace Information: 0 : 20212, 1, 2021/11/18, 17:48:15.418, 902618274342, datacollector.dll, DataCollectorMain.Run: Starting data collector run with args: --port,62216,--parentprocessid,14676,--diag,C:\Users\Armin\Documents\GitHub\Grupa-3-Verifikovani-i-Validirani-Softverasi\Pijaca\Zadatak 2\bin\Debug\net5.0\fine-code-coverage\coverage-tool-output\diagnostics.datacollector.21-11-18_17-48-15_27572_4.log,--tracelevel,4
TpTrace Information: 0 : 20212, 1, 2021/11/18, 17:48:15.419, 902618280665, datacollector.dll, DataCollector: Monitoring parent process with id: '14676'
TpTrace Information: 0 : 20212, 1, 2021/11/18, 17:48:15.427, 902618356473, datacollector.dll, Trying to connect to server on socket : 127.0.0.1:62216 
TpTrace Verbose: 0 : 20212, 1, 2021/11/18, 17:48:15.454, 902618628529, datacollector.dll, SocketCommunicationManager : SetupClientAsync : Attempting to connect to the server.
TpTrace Information: 0 : 20212, 7, 2021/11/18, 17:48:15.461, 902618701702, datacollector.dll, Connected to the server successfully 
TpTrace Information: 0 : 20212, 7, 2021/11/18, 17:48:15.461, 902618702579, datacollector.dll, Using the buffer size of 16384 bytes
TpTrace Information: 0 : 20212, 1, 2021/11/18, 17:48:15.539, 902619477569, datacollector.dll, DataCollector: Start Request Processing.
TpTrace Information: 0 : 20212, 1, 2021/11/18, 17:48:15.542, 902619509802, datacollector.dll, DataCollectionRequestHandler.ProcessRequests : Datacollector received message: (DataCollection.BeforeTestRunStart) -> {
  "SettingsXml": "<RunSettings><RunConfiguration><ResultsDirectory>C:\\Users\\Armin\\Documents\\GitHub\\Grupa-3-Verifikovani-i-Validirani-Softverasi\\Pijaca\\Zadatak 2\\bin\\Debug\\net5.0\\fine-code-coverage\\coverage-tool-output</ResultsDirectory><TargetPlatform>X64</TargetPlatform><TargetFrameworkVersion>.NETCoreApp,Version=v5.0</TargetFrameworkVersion><DesignMode>False</DesignMode><CollectSourceInformation>False</CollectSourceInformation><TestAdaptersPaths>C:\\Program Files\\dotnet\\sdk\\5.0.402\\Extensions</TestAdaptersPaths></RunConfiguration><LoggerRunSettings><Loggers><Logger friendlyName=\"blame\" enabled=\"True\" /><Logger friendlyName=\"Console\" uri=\"logger://microsoft/TestPlatform/ConsoleLogger/v1\" assemblyQualifiedName=\"Microsoft.VisualStudio.TestPlatform.CommandLine.Internal.ConsoleLogger, vstest.console, Version=15.0.0.0, Culture=neutral, PublicKeyToken=b03f5f7f11d50a3a\" codeBase=\"C:\\Program Files\\dotnet\\sdk\\5.0.402\\vstest.console.dll\" enabled=\"True\" /></Loggers></LoggerRunSettings><DataCollectionRunSettings><DataCollectors><DataCollector friendlyName=\"blame\" enabled=\"True\"><Configuration><ResultsDirectory>C:\\Users\\Armin\\Documents\\GitHub\\Grupa-3-Verifikovani-i-Validirani-Softverasi\\Pijaca\\Zadatak 2\\bin\\Debug\\net5.0\\fine-code-coverage\\coverage-tool-output</ResultsDirectory></Configuration></DataCollector></DataCollectors></DataCollectionRunSettings></RunSettings>",
  "Sources": [
    "C:\\Users\\Armin\\Documents\\GitHub\\Grupa-3-Verifikovani-i-Validirani-Softverasi\\Pijaca\\Zadatak 2\\bin\\Debug\\net5.0\\fine-code-coverage\\build-output\\Zadatak 2.dll"
  ],
  "IsTelemetryOptedIn": false
}
TpTrace Verbose: 0 : 20212, 1, 2021/11/18, 17:48:15.586, 902619955171, datacollector.dll, TestPluginCache: Update extensions started. Skip filter = False
TpTrace Verbose: 0 : 20212, 1, 2021/11/18, 17:48:15.588, 902619967726, datacollector.dll, TestPluginCache: Using directories for assembly resolution 'C:\Program Files\dotnet\sdk\5.0.402\Extensions'.
TpTrace Verbose: 0 : 20212, 1, 2021/11/18, 17:48:15.588, 902619970425, datacollector.dll, TestPluginCache: Updated the available extensions to 'C:\Program Files\dotnet\sdk\5.0.402\Extensions\Microsoft.TestPlatform.Extensions.BlameDataCollector.dll,C:\Program Files\dotnet\sdk\5.0.402\Extensions\Microsoft.TestPlatform.Extensions.EventLogCollector.dll'.
TpTrace Verbose: 0 : 20212, 1, 2021/11/18, 17:48:15.598, 902620074282, datacollector.dll, TestPluginCache.DiscoverTestExtensions: finding test extensions in assemblies ends with: Collector.dll TPluginInfo: Microsoft.VisualStudio.TestPlatform.Common.DataCollector.DataCollectorConfig TExtension: Microsoft.VisualStudio.TestPlatform.ObjectModel.DataCollection.DataCollector
TpTrace Verbose: 0 : 20212, 1, 2021/11/18, 17:48:15.600, 902620087985, datacollector.dll, TestPluginCache.GetExtensionPaths: Filtered extension paths: C:\Program Files\dotnet\sdk\5.0.402\Extensions\Microsoft.TestPlatform.Extensions.BlameDataCollector.dll
C:\Program Files\dotnet\sdk\5.0.402\Extensions\Microsoft.TestPlatform.Extensions.EventLogCollector.dll
TpTrace Verbose: 0 : 20212, 1, 2021/11/18, 17:48:15.600, 902620089623, datacollector.dll, TestPluginCache.GetExtensionPaths: Added default extension paths: 
TpTrace Verbose: 0 : 20212, 1, 2021/11/18, 17:48:15.600, 902620090177, datacollector.dll, TestPluginCache.GetExtensionPaths: Added unfilterableExtensionPaths: 
TpTrace Information: 0 : 20212, 1, 2021/11/18, 17:48:15.601, 902620100958, datacollector.dll, AssemblyResolver.ctor: Creating AssemblyResolver with searchDirectories C:\Program Files\dotnet\sdk\5.0.402\Extensions,C:\Program Files\dotnet\sdk\5.0.402
TpTrace Verbose: 0 : 20212, 1, 2021/11/18, 17:48:15.603, 902620122425, datacollector.dll, TestPluginCache.DiscoverTestExtensions: Discovering the extensions using extension path.
TpTrace Verbose: 0 : 20212, 1, 2021/11/18, 17:48:15.603, 902620125186, datacollector.dll, TestPluginCache.GetExtensionPaths: Filtered extension paths: C:\Program Files\dotnet\sdk\5.0.402\Extensions\Microsoft.TestPlatform.Extensions.BlameDataCollector.dll
C:\Program Files\dotnet\sdk\5.0.402\Extensions\Microsoft.TestPlatform.Extensions.EventLogCollector.dll
TpTrace Verbose: 0 : 20212, 1, 2021/11/18, 17:48:15.603, 902620125835, datacollector.dll, TestPluginCache.GetExtensionPaths: Added default extension paths: 
TpTrace Verbose: 0 : 20212, 1, 2021/11/18, 17:48:15.604, 902620126121, datacollector.dll, TestPluginCache.GetExtensionPaths: Added unfilterableExtensionPaths: 
TpTrace Verbose: 0 : 20212, 1, 2021/11/18, 17:48:15.604, 902620126642, datacollector.dll, TestPluginCache.DiscoverTestExtensions: Discovering the extensions using allExtensionPaths: C:\Program Files\dotnet\sdk\5.0.402\Extensions\Microsoft.TestPlatform.Extensions.BlameDataCollector.dll
C:\Program Files\dotnet\sdk\5.0.402\Extensions\Microsoft.TestPlatform.Extensions.EventLogCollector.dll
TpTrace Information: 0 : 20212, 1, 2021/11/18, 17:48:15.604, 902620127790, datacollector.dll, AssemblyResolver.AddSearchDirectories: Adding more searchDirectories C:\Program Files\dotnet\sdk\5.0.402\Extensions,C:\Program Files\dotnet\sdk\5.0.402
TpTrace Information: 0 : 20212, 1, 2021/11/18, 17:48:15.604, 902620128398, datacollector.dll, AssemblyResolver.AddSearchDirectories: Adding more searchDirectories C:\Program Files\dotnet\sdk\5.0.402\Extensions,C:\Program Files\dotnet\sdk\5.0.402
TpTrace Information: 0 : 20212, 1, 2021/11/18, 17:48:15.604, 902620132726, datacollector.dll, AssemblyResolver.OnResolve: Microsoft.TestPlatform.Extensions.BlameDataCollector: Resolving assembly.
TpTrace Information: 0 : 20212, 1, 2021/11/18, 17:48:15.604, 902620133462, datacollector.dll, AssemblyResolver.OnResolve: Microsoft.TestPlatform.Extensions.BlameDataCollector: Searching in: 'C:\Program Files\dotnet\sdk\5.0.402\Extensions'.
TpTrace Information: 0 : 20212, 1, 2021/11/18, 17:48:15.605, 902620137603, datacollector.dll, AssemblyResolver.OnResolve: Microsoft.TestPlatform.Extensions.BlameDataCollector: Loading assembly 'C:\Program Files\dotnet\sdk\5.0.402\Extensions\Microsoft.TestPlatform.Extensions.BlameDataCollector.dll'.
TpTrace Information: 0 : 20212, 1, 2021/11/18, 17:48:15.605, 902620142386, datacollector.dll, AssemblyResolver.OnResolve: Resolved assembly: Microsoft.TestPlatform.Extensions.BlameDataCollector, from path: C:\Program Files\dotnet\sdk\5.0.402\Extensions\Microsoft.TestPlatform.Extensions.BlameDataCollector.dll
TpTrace Error: 0 : 20212, 1, 2021/11/18, 17:48:15.606, 902620153867, datacollector.dll, The type "Microsoft.TestPlatform.Extensions.BlameDataCollector.BlameCollector" defined in "Microsoft.TestPlatform.Extensions.BlameDataCollector.dll" does not have ExtensionUri attribute.
TpTrace Information: 0 : 20212, 1, 2021/11/18, 17:48:15.608, 902620172837, datacollector.dll, AssemblyResolver.OnResolve: Microsoft.TestPlatform.Extensions.EventLogCollector: Resolving assembly.
TpTrace Information: 0 : 20212, 1, 2021/11/18, 17:48:15.608, 902620174764, datacollector.dll, AssemblyResolver.OnResolve: Microsoft.TestPlatform.Extensions.EventLogCollector: Searching in: 'C:\Program Files\dotnet\sdk\5.0.402\Extensions'.
TpTrace Information: 0 : 20212, 1, 2021/11/18, 17:48:15.609, 902620178769, datacollector.dll, AssemblyResolver.OnResolve: Microsoft.TestPlatform.Extensions.EventLogCollector: Loading assembly 'C:\Program Files\dotnet\sdk\5.0.402\Extensions\Microsoft.TestPlatform.Extensions.EventLogCollector.dll'.
TpTrace Information: 0 : 20212, 1, 2021/11/18, 17:48:15.609, 902620183114, datacollector.dll, AssemblyResolver.OnResolve: Resolved assembly: Microsoft.TestPlatform.Extensions.EventLogCollector, from path: C:\Program Files\dotnet\sdk\5.0.402\Extensions\Microsoft.TestPlatform.Extensions.EventLogCollector.dll
TpTrace Error: 0 : 20212, 1, 2021/11/18, 17:48:15.611, 902620196552, datacollector.dll, The type "Microsoft.TestPlatform.Extensions.EventLogCollector.EventLogDataCollector" defined in "Microsoft.TestPlatform.Extensions.EventLogCollector.dll" does not have ExtensionUri attribute.
TpTrace Verbose: 0 : 20212, 1, 2021/11/18, 17:48:15.611, 902620200220, datacollector.dll, TestPluginCache: Discovered the extensions using extension path 'C:\Program Files\dotnet\sdk\5.0.402\Extensions\Microsoft.TestPlatform.Extensions.BlameDataCollector.dll,C:\Program Files\dotnet\sdk\5.0.402\Extensions\Microsoft.TestPlatform.Extensions.EventLogCollector.dll'.
TpTrace Verbose: 0 : 20212, 1, 2021/11/18, 17:48:15.611, 902620201142, datacollector.dll, TestPluginCache: Discoverers are ''.
TpTrace Verbose: 0 : 20212, 1, 2021/11/18, 17:48:15.611, 902620201418, datacollector.dll, TestPluginCache: Executors are ''.
TpTrace Verbose: 0 : 20212, 1, 2021/11/18, 17:48:15.611, 902620201666, datacollector.dll, TestPluginCache: Executors2 are ''.
TpTrace Verbose: 0 : 20212, 1, 2021/11/18, 17:48:15.611, 902620201988, datacollector.dll, TestPluginCache: Setting providers are ''.
TpTrace Verbose: 0 : 20212, 1, 2021/11/18, 17:48:15.611, 902620202288, datacollector.dll, TestPluginCache: Loggers are ''.
TpTrace Information: 0 : 20212, 1, 2021/11/18, 17:48:15.612, 902620213613, datacollector.dll, TestPluginManager.CreateTestExtension: Attempting to load test extension: Microsoft.TestPlatform.Extensions.BlameDataCollector.BlameCollector
TpTrace Error: 0 : 20212, 1, 2021/11/18, 17:48:15.613, 902620218858, datacollector.dll, The type "Microsoft.TestPlatform.Extensions.BlameDataCollector.BlameCollector" defined in "Microsoft.TestPlatform.Extensions.BlameDataCollector.dll" does not have ExtensionUri attribute.
TpTrace Information: 0 : 20212, 1, 2021/11/18, 17:48:15.622, 902620314812, datacollector.dll, Listening on Endpoint : 127.0.0.1:62218
TpTrace Information: 0 : 20212, 1, 2021/11/18, 17:48:15.628, 902620374506, datacollector.dll, DataCollectionRequestHandler.ProcessRequests : DataCollection started.
TpTrace Information: 0 : 20212, 1, 2021/11/18, 17:48:15.653, 902620620610, datacollector.dll, DataCollectionRequestHandler.ProcessRequests : Datacollector received message: (DataCollection.TestHostLaunched) -> {
  "ProcessId": 21580
}
TpTrace Information: 0 : 20212, 5, 2021/11/18, 17:48:15.876, 902622849916, datacollector.dll, Using the buffer size of 16384 bytes
TpTrace Information: 0 : 20212, 5, 2021/11/18, 17:48:15.876, 902622850771, datacollector.dll, Accepted Client request and set the flag
TpTrace Information: 0 : 20212, 7, 2021/11/18, 17:48:16.417, 902628261543, datacollector.dll, DataCollectionTestCaseEventHandler: Test case starting.
TpTrace Information: 0 : 20212, 7, 2021/11/18, 17:48:16.467, 902628766002, datacollector.dll, Blame Collector : Test Case Start
TpTrace Information: 0 : 20212, 7, 2021/11/18, 17:48:16.470, 902628791569, datacollector.dll, DataCollectionTestCaseEventHandler: Test case 'TestZamjenskiObjekat - cd075b4d-61b2-de77-403b-0cfb69a56f47' started.
TpTrace Information: 0 : 20212, 7, 2021/11/18, 17:48:16.528, 902629375082, datacollector.dll, DataCollectionTestCaseEventHandler : Test case completing.
TpTrace Information: 0 : 20212, 7, 2021/11/18, 17:48:16.536, 902629452789, datacollector.dll, Blame Collector : Test Case End
TpTrace Information: 0 : 20212, 7, 2021/11/18, 17:48:16.539, 902629485847, datacollector.dll, DataCollectionTestCaseEventHandler: Test case 'TestZamjenskiObjekat - cd075b4d-61b2-de77-403b-0cfb69a56f47' completed
TpTrace Information: 0 : 20212, 7, 2021/11/18, 17:48:16.552, 902629610803, datacollector.dll, DataCollectionTestCaseEventHandler: Test case starting.
TpTrace Information: 0 : 20212, 7, 2021/11/18, 17:48:16.553, 902629617101, datacollector.dll, Blame Collector : Test Case Start
TpTrace Information: 0 : 20212, 7, 2021/11/18, 17:48:16.553, 902629619104, datacollector.dll, DataCollectionTestCaseEventHandler: Test case 'DodavanjeMesnihProizvoda - 3a1d8414-af96-8075-3e91-63006d286d73' started.
TpTrace Information: 0 : 20212, 7, 2021/11/18, 17:48:16.560, 902629692061, datacollector.dll, DataCollectionTestCaseEventHandler : Test case completing.
TpTrace Information: 0 : 20212, 7, 2021/11/18, 17:48:16.561, 902629696654, datacollector.dll, Blame Collector : Test Case End
TpTrace Information: 0 : 20212, 7, 2021/11/18, 17:48:16.561, 902629698220, datacollector.dll, DataCollectionTestCaseEventHandler: Test case 'DodavanjeMesnihProizvoda - 3a1d8414-af96-8075-3e91-63006d286d73' completed
TpTrace Information: 0 : 20212, 7, 2021/11/18, 17:48:16.561, 902629705179, datacollector.dll, DataCollectionTestCaseEventHandler: Test case starting.
TpTrace Information: 0 : 20212, 7, 2021/11/18, 17:48:16.562, 902629711339, datacollector.dll, Blame Collector : Test Case Start
TpTrace Information: 0 : 20212, 7, 2021/11/18, 17:48:16.562, 902629714238, datacollector.dll, DataCollectionTestCaseEventHandler: Test case 'DodavanjeVoćaIBrisanje - 3f4528f8-6f76-6b66-8987-b10996504e89' started.
TpTrace Information: 0 : 20212, 7, 2021/11/18, 17:48:16.567, 902629758523, datacollector.dll, DataCollectionTestCaseEventHandler : Test case completing.
TpTrace Information: 0 : 20212, 7, 2021/11/18, 17:48:16.570, 902629789101, datacollector.dll, Blame Collector : Test Case End
TpTrace Information: 0 : 20212, 7, 2021/11/18, 17:48:16.570, 902629792434, datacollector.dll, DataCollectionTestCaseEventHandler: Test case 'DodavanjeVoćaIBrisanje - 3f4528f8-6f76-6b66-8987-b10996504e89' completed
TpTrace Information: 0 : 20212, 7, 2021/11/18, 17:48:16.571, 902629800785, datacollector.dll, DataCollectionTestCaseEventHandler: Test case starting.
TpTrace Information: 0 : 20212, 7, 2021/11/18, 17:48:16.571, 902629804664, datacollector.dll, Blame Collector : Test Case Start
TpTrace Information: 0 : 20212, 7, 2021/11/18, 17:48:16.572, 902629812206, datacollector.dll, DataCollectionTestCaseEventHandler: Test case 'NepodržaniTipDodavanja - 94f032db-9346-302f-6689-ffa07b4ffe55' started.
TpTrace Information: 0 : 20212, 7, 2021/11/18, 17:48:16.575, 902629841375, datacollector.dll, DataCollectionTestCaseEventHandler : Test case completing.
TpTrace Information: 0 : 20212, 7, 2021/11/18, 17:48:16.575, 902629845284, datacollector.dll, Blame Collector : Test Case End
TpTrace Information: 0 : 20212, 7, 2021/11/18, 17:48:16.576, 902629846491, datacollector.dll, DataCollectionTestCaseEventHandler: Test case 'NepodržaniTipDodavanja - 94f032db-9346-302f-6689-ffa07b4ffe55' completed
TpTrace Information: 0 : 20212, 7, 2021/11/18, 17:48:16.576, 902629853744, datacollector.dll, DataCollectionTestCaseEventHandler: Test case starting.
TpTrace Information: 0 : 20212, 7, 2021/11/18, 17:48:16.577, 902629856567, datacollector.dll, Blame Collector : Test Case Start
TpTrace Information: 0 : 20212, 7, 2021/11/18, 17:48:16.577, 902629857500, datacollector.dll, DataCollectionTestCaseEventHandler: Test case 'NemogućeDodavanjeUzBrisanje - 0e86f05c-b4ae-450e-5451-e8f8450dc484' started.
TpTrace Information: 0 : 20212, 7, 2021/11/18, 17:48:16.578, 902629874832, datacollector.dll, DataCollectionTestCaseEventHandler : Test case completing.
TpTrace Information: 0 : 20212, 7, 2021/11/18, 17:48:16.579, 902629880200, datacollector.dll, Blame Collector : Test Case End
TpTrace Information: 0 : 20212, 7, 2021/11/18, 17:48:16.579, 902629882294, datacollector.dll, DataCollectionTestCaseEventHandler: Test case 'NemogućeDodavanjeUzBrisanje - 0e86f05c-b4ae-450e-5451-e8f8450dc484' completed
TpTrace Information: 0 : 20212, 7, 2021/11/18, 17:48:16.590, 902629986709, datacollector.dll, DataCollectionTestCaseEventHandler: Test session ended
TpTrace Information: 0 : 20212, 1, 2021/11/18, 17:48:16.693, 902631024661, datacollector.dll, DataCollectionRequestHandler.ProcessRequests : Datacollector received message: (DataCollection.AfterTestRunEnd) -> false
TpTrace Information: 0 : 20212, 1, 2021/11/18, 17:48:16.695, 902631037387, datacollector.dll, Blame Collector : Session End
TpTrace Information: 0 : 20212, 1, 2021/11/18, 17:48:16.695, 902631039190, datacollector.dll, BlameCollector.CollectDumpAndAbortTesthost: Custom path to dump directory was provided via VSTEST_DUMP_PATH. Skipping attachment upload, the caller is responsible for collecting and uploading the dumps themselves.
TpTrace Information: 0 : 20212, 1, 2021/11/18, 17:48:16.695, 902631040211, datacollector.dll, DataCollectionManager.CleanupPlugins: CleanupPlugins called
TpTrace Verbose: 0 : 20212, 1, 2021/11/18, 17:48:16.695, 902631040627, datacollector.dll, DataCollectionManager.CleanupPlugins: Cleaning up 1 plugins
TpTrace Verbose: 0 : 20212, 1, 2021/11/18, 17:48:16.695, 902631042336, datacollector.dll, dataCollectorInfo.DisposeDataCollector: calling Dispose() on Microsoft.TestPlatform.Extensions.BlameDataCollector.BlameCollector
TpTrace Information: 0 : 20212, 1, 2021/11/18, 17:48:16.695, 902631043021, datacollector.dll, DataCollectionManager.CleanupPlugins: CleanupPlugins finished
TpTrace Information: 0 : 20212, 1, 2021/11/18, 17:48:16.702, 902631113441, datacollector.dll, DataCollectionRequestHandler.ProcessRequests : Session End message received from server. Closing the connection.
TpTrace Information: 0 : 20212, 1, 2021/11/18, 17:48:16.703, 902631120002, datacollector.dll, Closing the connection !
TpTrace Information: 0 : 20212, 1, 2021/11/18, 17:48:16.703, 902631121635, datacollector.dll, DataCollectionRequestHandler.ProcessRequests : DataCollection completed
TpTrace Information: 0 : 20212, 1, 2021/11/18, 17:48:16.703, 902631122135, datacollector.dll, Program.Main: exiting datacollector process.
