TpTrace Verbose: 0 : 7900, 1, 2021/11/27, 16:05:01.735, 5200343270316, testhost.dll, Version: 16.9.4
TpTrace Information: 0 : 7900, 1, 2021/11/27, 16:05:01.756, 5200343362360, testhost.dll, DefaultEngineInvoker.Invoke: Testhost process started with args :[--port, 54072],[--endpoint, 127.0.0.1:054072],[--role, client],[--parentprocessid, 2676],[--diag, C:\Users\Armin\Documents\GitHub\Grupa-3-Verifikovani-i-Validirani-Softverasi\Pijaca\Zadatak 2\bin\Debug\net5.0\fine-code-coverage\coverage-tool-output\diagnostics.host.21-11-27_16-05-01_48205_6.log],[--tracelevel, 4],[--datacollectionport, 54071],[--telemetryoptedin, false]
TpTrace Information: 0 : 7900, 1, 2021/11/27, 16:05:01.766, 5200343461571, testhost.dll, Setting up debug trace listener.
TpTrace Verbose: 0 : 7900, 1, 2021/11/27, 16:05:01.766, 5200343466782, testhost.dll, TestPlatformTraceListener.Setup: Replacing listener 0 with TestHostTraceListener.
TpTrace Verbose: 0 : 7900, 1, 2021/11/27, 16:05:01.767, 5200343468359, testhost.dll, TestPlatformTraceListener.Setup: Added test platform trace listener.
TpTrace Information: 0 : 7900, 1, 2021/11/27, 16:05:01.768, 5200343478321, testhost.dll, DefaultEngineInvoker.SetParentProcessExitCallback: Monitoring parent process with id: '2676'
TpTrace Information: 0 : 7900, 1, 2021/11/27, 16:05:01.782, 5200343620979, testhost.dll, DefaultEngineInvoker.GetConnectionInfo: Initialize communication on endpoint address: '127.0.0.1:054072'
TpTrace Information: 0 : 7900, 1, 2021/11/27, 16:05:01.807, 5200343876243, testhost.dll, SocketClient.Start: connecting to server endpoint: 127.0.0.1:054072
TpTrace Information: 0 : 7900, 1, 2021/11/27, 16:05:01.821, 5200344014555, testhost.dll, DefaultEngineInvoker.ConnectToDatacollector: Connecting to datacollector, port: 54071
TpTrace Information: 0 : 7900, 5, 2021/11/27, 16:05:01.823, 5200344032024, testhost.dll, SocketClient.OnServerConnected: connected to server endpoint: 127.0.0.1:054072
TpTrace Verbose: 0 : 7900, 5, 2021/11/27, 16:05:01.828, 5200344081548, testhost.dll, Connected to server, and starting MessageLoopAsync
TpTrace Information: 0 : 7900, 1, 2021/11/27, 16:05:01.829, 5200344089069, testhost.dll, Trying to connect to server on socket : 127.0.0.1:54071 
TpTrace Verbose: 0 : 7900, 1, 2021/11/27, 16:05:01.829, 5200344097179, testhost.dll, SocketCommunicationManager : SetupClientAsync : Attempting to connect to the server.
TpTrace Information: 0 : 7900, 10, 2021/11/27, 16:05:01.832, 5200344121829, testhost.dll, Connected to the server successfully 
TpTrace Information: 0 : 7900, 10, 2021/11/27, 16:05:01.832, 5200344123325, testhost.dll, Using the buffer size of 16384 bytes
TpTrace Verbose: 0 : 7900, 5, 2021/11/27, 16:05:01.832, 5200344126217, testhost.dll, TcpClientExtensions.MessageLoopAsync: Polling on remoteEndPoint: [::ffff:127.0.0.1]:54072 localEndPoint: [::ffff:127.0.0.1]:54073
TpTrace Verbose: 0 : 7900, 5, 2021/11/27, 16:05:01.833, 5200344130999, testhost.dll, TcpClientExtensions.MessageLoopAsync: NotifyDataAvailable remoteEndPoint: [::ffff:127.0.0.1]:54072 localEndPoint: [::ffff:127.0.0.1]:54073
TpTrace Information: 0 : 7900, 1, 2021/11/27, 16:05:01.833, 5200344132200, testhost.dll, DefaultEngineInvoker.Invoke: Start Request Processing.
TpTrace Information: 0 : 7900, 11, 2021/11/27, 16:05:01.834, 5200344146802, testhost.dll, DefaultEngineInvoker.StartProcessingAsync: Connected to vstest.console, Starting process requests.
TpTrace Information: 0 : 7900, 5, 2021/11/27, 16:05:02.041, 5200346212844, testhost.dll, TestRequestHandler.ProcessRequests: received message: (ProtocolVersion) -> 5
TpTrace Verbose: 0 : 7900, 5, 2021/11/27, 16:05:02.116, 5200346962847, testhost.dll, TestRequestHandler.SendData:  sending data from testhost: {"Version":5,"MessageType":"TestSession.Message","Payload":{"MessageLevel":0,"Message":"Logging TestHost Diagnostics in file: C:\\Users\\Armin\\Documents\\GitHub\\Grupa-3-Verifikovani-i-Validirani-Softverasi\\Pijaca\\Zadatak 2\\bin\\Debug\\net5.0\\fine-code-coverage\\coverage-tool-output\\diagnostics.host.21-11-27_16-05-01_48205_6.log"}}
TpTrace Verbose: 0 : 7900, 5, 2021/11/27, 16:05:02.117, 5200346967619, testhost.dll, TcpClientExtensions.MessageLoopAsync: Polling on remoteEndPoint: [::ffff:127.0.0.1]:54072 localEndPoint: [::ffff:127.0.0.1]:54073
TpTrace Verbose: 0 : 7900, 5, 2021/11/27, 16:05:02.117, 5200346969467, testhost.dll, TcpClientExtensions.MessageLoopAsync: NotifyDataAvailable remoteEndPoint: [::ffff:127.0.0.1]:54072 localEndPoint: [::ffff:127.0.0.1]:54073
TpTrace Information: 0 : 7900, 5, 2021/11/27, 16:05:02.123, 5200347033817, testhost.dll, TestRequestHandler.ProcessRequests: received message: (TestExecution.Initialize) -> [
  "C:\\Users\\Armin\\Documents\\GitHub\\Grupa-3-Verifikovani-i-Validirani-Softverasi\\Pijaca\\Zadatak 2\\bin\\Debug\\net5.0\\fine-code-coverage\\build-output\\Microsoft.VisualStudio.TestPlatform.MSTest.TestAdapter.dll"
]
TpTrace Information: 0 : 7900, 5, 2021/11/27, 16:05:02.124, 5200347042455, testhost.dll, Execution Session Initialize.
TpTrace Verbose: 0 : 7900, 5, 2021/11/27, 16:05:02.139, 5200347191236, testhost.dll, TcpClientExtensions.MessageLoopAsync: Polling on remoteEndPoint: [::ffff:127.0.0.1]:54072 localEndPoint: [::ffff:127.0.0.1]:54073
TpTrace Verbose: 0 : 7900, 5, 2021/11/27, 16:05:02.139, 5200347193880, testhost.dll, TcpClientExtensions.MessageLoopAsync: NotifyDataAvailable remoteEndPoint: [::ffff:127.0.0.1]:54072 localEndPoint: [::ffff:127.0.0.1]:54073
TpTrace Verbose: 0 : 7900, 4, 2021/11/27, 16:05:02.146, 5200347258149, testhost.dll, TestExecutorService: Loading the extensions
TpTrace Information: 0 : 7900, 5, 2021/11/27, 16:05:02.147, 5200347270207, testhost.dll, TestRequestHandler.ProcessRequests: received message: (TestExecution.StartWithSources) -> {
  "AdapterSourceMap": {
    "_none_": [
      "C:\\Users\\Armin\\Documents\\GitHub\\Grupa-3-Verifikovani-i-Validirani-Softverasi\\Pijaca\\Zadatak 2\\bin\\Debug\\net5.0\\fine-code-coverage\\build-output\\Zadatak 2.dll"
    ]
  },
  "RunSettings": "<RunSettings>\r\n  <RunConfiguration>\r\n    <ResultsDirectory>C:\\Users\\Armin\\Documents\\GitHub\\Grupa-3-Verifikovani-i-Validirani-Softverasi\\Pijaca\\Zadatak 2\\bin\\Debug\\net5.0\\fine-code-coverage\\coverage-tool-output</ResultsDirectory>\r\n    <TargetPlatform>X64</TargetPlatform>\r\n    <TargetFrameworkVersion>.NETCoreApp,Version=v5.0</TargetFrameworkVersion>\r\n    <DesignMode>False</DesignMode>\r\n    <CollectSourceInformation>False</CollectSourceInformation>\r\n  </RunConfiguration>\r\n  <LoggerRunSettings>\r\n    <Loggers>\r\n      <Logger friendlyName=\"blame\" enabled=\"True\" />\r\n      <Logger friendlyName=\"Console\" uri=\"logger://microsoft/TestPlatform/ConsoleLogger/v1\" assemblyQualifiedName=\"Microsoft.VisualStudio.TestPlatform.CommandLine.Internal.ConsoleLogger, vstest.console, Version=15.0.0.0, Culture=neutral, PublicKeyToken=b03f5f7f11d50a3a\" codeBase=\"C:\\Program Files\\dotnet\\sdk\\5.0.402\\vstest.console.dll\" enabled=\"True\" />\r\n    </Loggers>\r\n  </LoggerRunSettings>\r\n  <DataCollectionRunSettings>\r\n    <DataCollectors>\r\n      <DataCollector friendlyName=\"blame\" enabled=\"True\">\r\n        <Configuration>\r\n          <ResultsDirectory>C:\\Users\\Armin\\Documents\\GitHub\\Grupa-3-Verifikovani-i-Validirani-Softverasi\\Pijaca\\Zadatak 2\\bin\\Debug\\net5.0\\fine-code-coverage\\coverage-tool-output</ResultsDirectory>\r\n        </Configuration>\r\n      </DataCollector>\r\n    </DataCollectors>\r\n  </DataCollectionRunSettings>\r\n</RunSettings>",
  "TestExecutionContext": {
    "FrequencyOfRunStatsChangeEvent": 10,
    "RunStatsChangeEventTimeout": "00:00:01.5000000",
    "InIsolation": false,
    "KeepAlive": false,
    "AreTestCaseLevelEventsRequired": false,
    "IsDebug": false,
    "TestCaseFilter": null,
    "FilterOptions": null
  },
  "Package": null
}
TpTrace Information: 0 : 7900, 5, 2021/11/27, 16:05:02.147, 5200347273226, testhost.dll, Execution started.
TpTrace Verbose: 0 : 7900, 4, 2021/11/27, 16:05:02.149, 5200347297178, testhost.dll, TestPluginCache.DiscoverTestExtensions: finding test extensions in assemblies ends with: TestAdapter.dll TPluginInfo: Microsoft.VisualStudio.TestPlatform.Common.ExtensionFramework.Utilities.TestExecutorPluginInformation TExtension: Microsoft.VisualStudio.TestPlatform.ObjectModel.Adapter.ITestExecutor
TpTrace Verbose: 0 : 7900, 4, 2021/11/27, 16:05:02.151, 5200347316318, testhost.dll, TestPluginCache.GetExtensionPaths: Filtered extension paths: 
TpTrace Verbose: 0 : 7900, 4, 2021/11/27, 16:05:02.152, 5200347324198, testhost.dll, TestPluginCache.GetExtensionPaths: Added default extension paths: C:\Users\Armin\Documents\GitHub\Grupa-3-Verifikovani-i-Validirani-Softverasi\Pijaca\Zadatak 2\bin\Debug\net5.0\fine-code-coverage\build-output\Microsoft.VisualStudio.TestPlatform.MSTest.TestAdapter.dll
TpTrace Verbose: 0 : 7900, 4, 2021/11/27, 16:05:02.152, 5200347325884, testhost.dll, TestPluginCache.GetExtensionPaths: Added unfilterableExtensionPaths: 
TpTrace Information: 0 : 7900, 4, 2021/11/27, 16:05:02.156, 5200347364204, testhost.dll, AssemblyResolver.ctor: Creating AssemblyResolver with searchDirectories C:\Users\Armin\Documents\GitHub\Grupa-3-Verifikovani-i-Validirani-Softverasi\Pijaca\Zadatak 2\bin\Debug\net5.0\fine-code-coverage\build-output
TpTrace Verbose: 0 : 7900, 4, 2021/11/27, 16:05:02.162, 5200347420891, testhost.dll, TestPluginCache.DiscoverTestExtensions: Discovering the extensions using extension path.
TpTrace Verbose: 0 : 7900, 4, 2021/11/27, 16:05:02.162, 5200347423960, testhost.dll, TestPluginCache.GetExtensionPaths: Filtered extension paths: 
TpTrace Verbose: 0 : 7900, 4, 2021/11/27, 16:05:02.162, 5200347425198, testhost.dll, TestPluginCache.GetExtensionPaths: Added default extension paths: C:\Users\Armin\Documents\GitHub\Grupa-3-Verifikovani-i-Validirani-Softverasi\Pijaca\Zadatak 2\bin\Debug\net5.0\fine-code-coverage\build-output\Microsoft.VisualStudio.TestPlatform.MSTest.TestAdapter.dll
TpTrace Verbose: 0 : 7900, 4, 2021/11/27, 16:05:02.162, 5200347426148, testhost.dll, TestPluginCache.GetExtensionPaths: Added unfilterableExtensionPaths: 
TpTrace Verbose: 0 : 7900, 4, 2021/11/27, 16:05:02.163, 5200347427977, testhost.dll, TestPluginCache.DiscoverTestExtensions: Discovering the extensions using allExtensionPaths: C:\Users\Armin\Documents\GitHub\Grupa-3-Verifikovani-i-Validirani-Softverasi\Pijaca\Zadatak 2\bin\Debug\net5.0\fine-code-coverage\build-output\Microsoft.VisualStudio.TestPlatform.MSTest.TestAdapter.dll
TpTrace Information: 0 : 7900, 4, 2021/11/27, 16:05:02.165, 5200347448726, testhost.dll, AssemblyResolver.AddSearchDirectories: Adding more searchDirectories C:\Users\Armin\Documents\GitHub\Grupa-3-Verifikovani-i-Validirani-Softverasi\Pijaca\Zadatak 2\bin\Debug\net5.0\fine-code-coverage\build-output
TpTrace Information: 0 : 7900, 4, 2021/11/27, 16:05:02.175, 5200347548647, testhost.dll, AssemblyResolver.OnResolve: Microsoft.VisualStudio.TestPlatform.MSTest.TestAdapter: Resolving assembly.
TpTrace Information: 0 : 7900, 4, 2021/11/27, 16:05:02.180, 5200347603902, testhost.dll, AssemblyResolver.OnResolve: Resolved assembly: Microsoft.VisualStudio.TestPlatform.MSTest.TestAdapter, from path: C:\Users\Armin\Documents\GitHub\Grupa-3-Verifikovani-i-Validirani-Softverasi\Pijaca\Zadatak 2\bin\Debug\net5.0\fine-code-coverage\build-output\Microsoft.VisualStudio.TestPlatform.MSTest.TestAdapter.dll
TpTrace Verbose: 0 : 7900, 4, 2021/11/27, 16:05:02.195, 5200347755892, testhost.dll, TestPluginCache: Discovered the extensions using extension path ''.
TpTrace Verbose: 0 : 7900, 4, 2021/11/27, 16:05:02.196, 5200347764993, testhost.dll, TestPluginCache: Discoverers are ''.
TpTrace Verbose: 0 : 7900, 4, 2021/11/27, 16:05:02.196, 5200347766920, testhost.dll, TestPluginCache: Executors are 'executor://MSTestAdapter/v2'.
TpTrace Verbose: 0 : 7900, 4, 2021/11/27, 16:05:02.197, 5200347768429, testhost.dll, TestPluginCache: Executors2 are ''.
TpTrace Verbose: 0 : 7900, 4, 2021/11/27, 16:05:02.197, 5200347769912, testhost.dll, TestPluginCache: Setting providers are ''.
TpTrace Verbose: 0 : 7900, 4, 2021/11/27, 16:05:02.197, 5200347770993, testhost.dll, TestPluginCache: Loggers are ''.
TpTrace Verbose: 0 : 7900, 4, 2021/11/27, 16:05:02.202, 5200347819068, testhost.dll, TestPluginCache.DiscoverTestExtensions: finding test extensions in assemblies ends with: TestAdapter.dll TPluginInfo: Microsoft.VisualStudio.TestPlatform.Common.ExtensionFramework.Utilities.TestExecutorPluginInformation2 TExtension: Microsoft.VisualStudio.TestPlatform.ObjectModel.Adapter.ITestExecutor2
TpTrace Verbose: 0 : 7900, 4, 2021/11/27, 16:05:02.202, 5200347823390, testhost.dll, TestPluginCache.GetExtensionPaths: Filtered extension paths: 
TpTrace Verbose: 0 : 7900, 4, 2021/11/27, 16:05:02.202, 5200347824524, testhost.dll, TestPluginCache.GetExtensionPaths: Added default extension paths: C:\Users\Armin\Documents\GitHub\Grupa-3-Verifikovani-i-Validirani-Softverasi\Pijaca\Zadatak 2\bin\Debug\net5.0\fine-code-coverage\build-output\Microsoft.VisualStudio.TestPlatform.MSTest.TestAdapter.dll
TpTrace Verbose: 0 : 7900, 4, 2021/11/27, 16:05:02.202, 5200347825084, testhost.dll, TestPluginCache.GetExtensionPaths: Added unfilterableExtensionPaths: 
TpTrace Information: 0 : 7900, 4, 2021/11/27, 16:05:02.203, 5200347827782, testhost.dll, AssemblyResolver.AddSearchDirectories: Adding more searchDirectories C:\Users\Armin\Documents\GitHub\Grupa-3-Verifikovani-i-Validirani-Softverasi\Pijaca\Zadatak 2\bin\Debug\net5.0\fine-code-coverage\build-output
TpTrace Verbose: 0 : 7900, 4, 2021/11/27, 16:05:02.203, 5200347828797, testhost.dll, TestPluginCache.DiscoverTestExtensions: Discovering the extensions using extension path.
TpTrace Verbose: 0 : 7900, 4, 2021/11/27, 16:05:02.203, 5200347829453, testhost.dll, TestPluginCache.GetExtensionPaths: Filtered extension paths: 
TpTrace Verbose: 0 : 7900, 4, 2021/11/27, 16:05:02.203, 5200347829939, testhost.dll, TestPluginCache.GetExtensionPaths: Added default extension paths: C:\Users\Armin\Documents\GitHub\Grupa-3-Verifikovani-i-Validirani-Softverasi\Pijaca\Zadatak 2\bin\Debug\net5.0\fine-code-coverage\build-output\Microsoft.VisualStudio.TestPlatform.MSTest.TestAdapter.dll
TpTrace Verbose: 0 : 7900, 4, 2021/11/27, 16:05:02.203, 5200347830422, testhost.dll, TestPluginCache.GetExtensionPaths: Added unfilterableExtensionPaths: 
TpTrace Verbose: 0 : 7900, 4, 2021/11/27, 16:05:02.203, 5200347831015, testhost.dll, TestPluginCache.DiscoverTestExtensions: Discovering the extensions using allExtensionPaths: C:\Users\Armin\Documents\GitHub\Grupa-3-Verifikovani-i-Validirani-Softverasi\Pijaca\Zadatak 2\bin\Debug\net5.0\fine-code-coverage\build-output\Microsoft.VisualStudio.TestPlatform.MSTest.TestAdapter.dll
TpTrace Information: 0 : 7900, 4, 2021/11/27, 16:05:02.203, 5200347831733, testhost.dll, AssemblyResolver.AddSearchDirectories: Adding more searchDirectories C:\Users\Armin\Documents\GitHub\Grupa-3-Verifikovani-i-Validirani-Softverasi\Pijaca\Zadatak 2\bin\Debug\net5.0\fine-code-coverage\build-output
TpTrace Verbose: 0 : 7900, 4, 2021/11/27, 16:05:02.203, 5200347834906, testhost.dll, TestPluginCache: Discovered the extensions using extension path ''.
TpTrace Verbose: 0 : 7900, 4, 2021/11/27, 16:05:02.203, 5200347835742, testhost.dll, TestPluginCache: Discoverers are ''.
TpTrace Verbose: 0 : 7900, 4, 2021/11/27, 16:05:02.203, 5200347836483, testhost.dll, TestPluginCache: Executors are 'executor://MSTestAdapter/v2'.
TpTrace Verbose: 0 : 7900, 4, 2021/11/27, 16:05:02.204, 5200347837567, testhost.dll, TestPluginCache: Executors2 are ''.
TpTrace Verbose: 0 : 7900, 4, 2021/11/27, 16:05:02.204, 5200347838152, testhost.dll, TestPluginCache: Setting providers are ''.
TpTrace Verbose: 0 : 7900, 4, 2021/11/27, 16:05:02.204, 5200347838658, testhost.dll, TestPluginCache: Loggers are ''.
TpTrace Verbose: 0 : 7900, 5, 2021/11/27, 16:05:02.205, 5200347850601, testhost.dll, TcpClientExtensions.MessageLoopAsync: Polling on remoteEndPoint: [::ffff:127.0.0.1]:54072 localEndPoint: [::ffff:127.0.0.1]:54073
TpTrace Information: 0 : 7900, 4, 2021/11/27, 16:05:02.214, 5200347946070, testhost.dll, TestPluginManager.CreateTestExtension: Attempting to load test extension: Microsoft.VisualStudio.TestPlatform.MSTest.TestAdapter.MSTestExecutor
TpTrace Verbose: 0 : 7900, 4, 2021/11/27, 16:05:02.229, 5200348092893, testhost.dll, TestExecutorExtensionManager: Loading executor Microsoft.VisualStudio.TestPlatform.MSTest.TestAdapter.MSTestExecutor
TpTrace Verbose: 0 : 7900, 4, 2021/11/27, 16:05:02.229, 5200348095181, testhost.dll, TestExecutorService: Loaded the executors
TpTrace Verbose: 0 : 7900, 4, 2021/11/27, 16:05:02.231, 5200348111593, testhost.dll, TestPluginCache.DiscoverTestExtensions: finding test extensions in assemblies ends with: TestAdapter.dll TPluginInfo: Microsoft.VisualStudio.TestPlatform.Common.ExtensionFramework.Utilities.TestSettingsProviderPluginInformation TExtension: Microsoft.VisualStudio.TestPlatform.ObjectModel.Adapter.ISettingsProvider
TpTrace Verbose: 0 : 7900, 4, 2021/11/27, 16:05:02.231, 5200348113978, testhost.dll, TestPluginCache.GetExtensionPaths: Filtered extension paths: 
TpTrace Verbose: 0 : 7900, 4, 2021/11/27, 16:05:02.231, 5200348115154, testhost.dll, TestPluginCache.GetExtensionPaths: Added default extension paths: C:\Users\Armin\Documents\GitHub\Grupa-3-Verifikovani-i-Validirani-Softverasi\Pijaca\Zadatak 2\bin\Debug\net5.0\fine-code-coverage\build-output\Microsoft.VisualStudio.TestPlatform.MSTest.TestAdapter.dll
TpTrace Verbose: 0 : 7900, 4, 2021/11/27, 16:05:02.231, 5200348116002, testhost.dll, TestPluginCache.GetExtensionPaths: Added unfilterableExtensionPaths: 
TpTrace Information: 0 : 7900, 4, 2021/11/27, 16:05:02.232, 5200348118141, testhost.dll, AssemblyResolver.AddSearchDirectories: Adding more searchDirectories C:\Users\Armin\Documents\GitHub\Grupa-3-Verifikovani-i-Validirani-Softverasi\Pijaca\Zadatak 2\bin\Debug\net5.0\fine-code-coverage\build-output
TpTrace Verbose: 0 : 7900, 4, 2021/11/27, 16:05:02.232, 5200348118988, testhost.dll, TestPluginCache.DiscoverTestExtensions: Discovering the extensions using extension path.
TpTrace Verbose: 0 : 7900, 4, 2021/11/27, 16:05:02.232, 5200348119717, testhost.dll, TestPluginCache.GetExtensionPaths: Filtered extension paths: 
TpTrace Verbose: 0 : 7900, 4, 2021/11/27, 16:05:02.232, 5200348120204, testhost.dll, TestPluginCache.GetExtensionPaths: Added default extension paths: C:\Users\Armin\Documents\GitHub\Grupa-3-Verifikovani-i-Validirani-Softverasi\Pijaca\Zadatak 2\bin\Debug\net5.0\fine-code-coverage\build-output\Microsoft.VisualStudio.TestPlatform.MSTest.TestAdapter.dll
TpTrace Verbose: 0 : 7900, 4, 2021/11/27, 16:05:02.232, 5200348121004, testhost.dll, TestPluginCache.GetExtensionPaths: Added unfilterableExtensionPaths: 
TpTrace Verbose: 0 : 7900, 4, 2021/11/27, 16:05:02.232, 5200348121866, testhost.dll, TestPluginCache.DiscoverTestExtensions: Discovering the extensions using allExtensionPaths: C:\Users\Armin\Documents\GitHub\Grupa-3-Verifikovani-i-Validirani-Softverasi\Pijaca\Zadatak 2\bin\Debug\net5.0\fine-code-coverage\build-output\Microsoft.VisualStudio.TestPlatform.MSTest.TestAdapter.dll
TpTrace Information: 0 : 7900, 4, 2021/11/27, 16:05:02.232, 5200348122738, testhost.dll, AssemblyResolver.AddSearchDirectories: Adding more searchDirectories C:\Users\Armin\Documents\GitHub\Grupa-3-Verifikovani-i-Validirani-Softverasi\Pijaca\Zadatak 2\bin\Debug\net5.0\fine-code-coverage\build-output
TpTrace Verbose: 0 : 7900, 4, 2021/11/27, 16:05:02.232, 5200348126643, testhost.dll, TestPluginCache: Discovered the extensions using extension path ''.
TpTrace Verbose: 0 : 7900, 4, 2021/11/27, 16:05:02.233, 5200348127636, testhost.dll, TestPluginCache: Discoverers are ''.
TpTrace Verbose: 0 : 7900, 4, 2021/11/27, 16:05:02.233, 5200348128174, testhost.dll, TestPluginCache: Executors are 'executor://MSTestAdapter/v2'.
TpTrace Verbose: 0 : 7900, 4, 2021/11/27, 16:05:02.233, 5200348128674, testhost.dll, TestPluginCache: Executors2 are ''.
TpTrace Verbose: 0 : 7900, 4, 2021/11/27, 16:05:02.233, 5200348129303, testhost.dll, TestPluginCache: Setting providers are ''.
TpTrace Verbose: 0 : 7900, 4, 2021/11/27, 16:05:02.233, 5200348129980, testhost.dll, TestPluginCache: Loggers are ''.
TpTrace Verbose: 0 : 7900, 4, 2021/11/27, 16:05:02.234, 5200348145880, testhost.dll, TestExecutorService: Loaded the settings providers
TpTrace Information: 0 : 7900, 4, 2021/11/27, 16:05:02.235, 5200348148069, testhost.dll, TestExecutorService: Loaded the extensions
TpTrace Information: 0 : 7900, 4, 2021/11/27, 16:05:02.402, 5200349819871, testhost.dll, TestDiscoveryManager: Discovering tests from sources C:\Users\Armin\Documents\GitHub\Grupa-3-Verifikovani-i-Validirani-Softverasi\Pijaca\Zadatak 2\bin\Debug\net5.0\fine-code-coverage\build-output\Zadatak 2.dll
TpTrace Verbose: 0 : 7900, 4, 2021/11/27, 16:05:02.405, 5200349851113, testhost.dll, TestPluginCache.DiscoverTestExtensions: finding test extensions in assemblies ends with: TestAdapter.dll TPluginInfo: Microsoft.VisualStudio.TestPlatform.Common.ExtensionFramework.Utilities.TestDiscovererPluginInformation TExtension: Microsoft.VisualStudio.TestPlatform.ObjectModel.Adapter.ITestDiscoverer
TpTrace Verbose: 0 : 7900, 4, 2021/11/27, 16:05:02.405, 5200349853229, testhost.dll, TestPluginCache.GetExtensionPaths: Filtered extension paths: 
TpTrace Verbose: 0 : 7900, 4, 2021/11/27, 16:05:02.405, 5200349854004, testhost.dll, TestPluginCache.GetExtensionPaths: Added default extension paths: C:\Users\Armin\Documents\GitHub\Grupa-3-Verifikovani-i-Validirani-Softverasi\Pijaca\Zadatak 2\bin\Debug\net5.0\fine-code-coverage\build-output\Microsoft.VisualStudio.TestPlatform.MSTest.TestAdapter.dll
TpTrace Verbose: 0 : 7900, 4, 2021/11/27, 16:05:02.405, 5200349854496, testhost.dll, TestPluginCache.GetExtensionPaths: Added unfilterableExtensionPaths: 
TpTrace Information: 0 : 7900, 4, 2021/11/27, 16:05:02.405, 5200349856852, testhost.dll, AssemblyResolver.AddSearchDirectories: Adding more searchDirectories C:\Users\Armin\Documents\GitHub\Grupa-3-Verifikovani-i-Validirani-Softverasi\Pijaca\Zadatak 2\bin\Debug\net5.0\fine-code-coverage\build-output
TpTrace Verbose: 0 : 7900, 4, 2021/11/27, 16:05:02.406, 5200349857708, testhost.dll, TestPluginCache.DiscoverTestExtensions: Discovering the extensions using extension path.
TpTrace Verbose: 0 : 7900, 4, 2021/11/27, 16:05:02.406, 5200349858229, testhost.dll, TestPluginCache.GetExtensionPaths: Filtered extension paths: 
TpTrace Verbose: 0 : 7900, 4, 2021/11/27, 16:05:02.406, 5200349858755, testhost.dll, TestPluginCache.GetExtensionPaths: Added default extension paths: C:\Users\Armin\Documents\GitHub\Grupa-3-Verifikovani-i-Validirani-Softverasi\Pijaca\Zadatak 2\bin\Debug\net5.0\fine-code-coverage\build-output\Microsoft.VisualStudio.TestPlatform.MSTest.TestAdapter.dll
TpTrace Verbose: 0 : 7900, 4, 2021/11/27, 16:05:02.406, 5200349859226, testhost.dll, TestPluginCache.GetExtensionPaths: Added unfilterableExtensionPaths: 
TpTrace Verbose: 0 : 7900, 4, 2021/11/27, 16:05:02.406, 5200349859736, testhost.dll, TestPluginCache.DiscoverTestExtensions: Discovering the extensions using allExtensionPaths: C:\Users\Armin\Documents\GitHub\Grupa-3-Verifikovani-i-Validirani-Softverasi\Pijaca\Zadatak 2\bin\Debug\net5.0\fine-code-coverage\build-output\Microsoft.VisualStudio.TestPlatform.MSTest.TestAdapter.dll
TpTrace Information: 0 : 7900, 4, 2021/11/27, 16:05:02.406, 5200349860418, testhost.dll, AssemblyResolver.AddSearchDirectories: Adding more searchDirectories C:\Users\Armin\Documents\GitHub\Grupa-3-Verifikovani-i-Validirani-Softverasi\Pijaca\Zadatak 2\bin\Debug\net5.0\fine-code-coverage\build-output
TpTrace Verbose: 0 : 7900, 4, 2021/11/27, 16:05:02.412, 5200349925193, testhost.dll, TestPluginCache: Discovered the extensions using extension path ''.
TpTrace Verbose: 0 : 7900, 4, 2021/11/27, 16:05:02.413, 5200349928214, testhost.dll, TestPluginCache: Discoverers are 'Microsoft.VisualStudio.TestPlatform.MSTest.TestAdapter.MSTestDiscoverer, Microsoft.VisualStudio.TestPlatform.MSTest.TestAdapter, Version=14.0.0.0, Culture=neutral, PublicKeyToken=b03f5f7f11d50a3a'.
TpTrace Verbose: 0 : 7900, 4, 2021/11/27, 16:05:02.413, 5200349929389, testhost.dll, TestPluginCache: Executors are 'executor://MSTestAdapter/v2'.
TpTrace Verbose: 0 : 7900, 4, 2021/11/27, 16:05:02.413, 5200349930025, testhost.dll, TestPluginCache: Executors2 are ''.
TpTrace Verbose: 0 : 7900, 4, 2021/11/27, 16:05:02.413, 5200349930670, testhost.dll, TestPluginCache: Setting providers are ''.
TpTrace Verbose: 0 : 7900, 4, 2021/11/27, 16:05:02.413, 5200349931266, testhost.dll, TestPluginCache: Loggers are ''.
TpTrace Verbose: 0 : 7900, 4, 2021/11/27, 16:05:02.422, 5200350026889, testhost.dll, BaseRunTests.RunTestInternalWithExecutors: Running tests for executor://MSTestAdapter/v2
TpTrace Information: 0 : 7900, 4, 2021/11/27, 16:05:02.425, 5200350050120, testhost.dll, AssemblyResolver.OnResolve: Microsoft.VisualStudio.TestPlatform.MSTestAdapter.PlatformServices.Interface: Resolving assembly.
TpTrace Information: 0 : 7900, 4, 2021/11/27, 16:05:02.427, 5200350075439, testhost.dll, AssemblyResolver.OnResolve: Resolved assembly: Microsoft.VisualStudio.TestPlatform.MSTestAdapter.PlatformServices.Interface, from path: C:\Users\Armin\Documents\GitHub\Grupa-3-Verifikovani-i-Validirani-Softverasi\Pijaca\Zadatak 2\bin\Debug\net5.0\fine-code-coverage\build-output\Microsoft.VisualStudio.TestPlatform.MSTestAdapter.PlatformServices.Interface.dll
TpTrace Information: 0 : 7900, 4, 2021/11/27, 16:05:02.430, 5200350097792, testhost.dll, AssemblyResolver.OnResolve: Microsoft.VisualStudio.TestPlatform.MSTestAdapter.PlatformServices: Resolving assembly.
TpTrace Information: 0 : 7900, 4, 2021/11/27, 16:05:02.431, 5200350108781, testhost.dll, AssemblyResolver.OnResolve: Resolved assembly: Microsoft.VisualStudio.TestPlatform.MSTestAdapter.PlatformServices, from path: C:\Users\Armin\Documents\GitHub\Grupa-3-Verifikovani-i-Validirani-Softverasi\Pijaca\Zadatak 2\bin\Debug\net5.0\fine-code-coverage\build-output\Microsoft.VisualStudio.TestPlatform.MSTestAdapter.PlatformServices.dll
TpTrace Information: 0 : 7900, 4, 2021/11/27, 16:05:02.431, 5200350114259, testhost.dll, MSTest - MSTestExecutor.RunTests: Running tests from sources.
TpTrace Information: 0 : 7900, 4, 2021/11/27, 16:05:02.435, 5200350153585, testhost.dll, MSTest - CollectSourceInformation value Found : False 
TpTrace Information: 0 : 7900, 4, 2021/11/27, 16:05:02.465, 5200350456192, testhost.dll, AssemblyResolver.OnResolve: Microsoft.TestPlatform.AdapterUtilities: Resolving assembly.
TpTrace Information: 0 : 7900, 4, 2021/11/27, 16:05:02.466, 5200350465194, testhost.dll, AssemblyResolver.OnResolve: Resolved assembly: Microsoft.TestPlatform.AdapterUtilities, from path: C:\Users\Armin\Documents\GitHub\Grupa-3-Verifikovani-i-Validirani-Softverasi\Pijaca\Zadatak 2\bin\Debug\net5.0\fine-code-coverage\build-output\Microsoft.TestPlatform.AdapterUtilities.dll
TpTrace Information: 0 : 7900, 4, 2021/11/27, 16:05:02.483, 5200350635271, testhost.dll, MSTest - MSTestDiscoverer: Found 5 tests from source C:\Users\Armin\Documents\GitHub\Grupa-3-Verifikovani-i-Validirani-Softverasi\Pijaca\Zadatak 2\bin\Debug\net5.0\fine-code-coverage\build-output\Zadatak 2.dll
TpTrace Information: 0 : 7900, 4, 2021/11/27, 16:05:02.504, 5200350846550, testhost.dll, AssemblyResolver.OnResolve: Microsoft.VisualStudio.TestPlatform.MSTestAdapter.PlatformServices.resources: Resolving assembly.
TpTrace Information: 0 : 7900, 4, 2021/11/27, 16:05:02.505, 5200350849400, testhost.dll, AssemblyResolver.OnResolve: Microsoft.VisualStudio.TestPlatform.MSTestAdapter.PlatformServices.resources: Failed to load assembly.
TpTrace Information: 0 : 7900, 4, 2021/11/27, 16:05:02.505, 5200350855132, testhost.dll, AssemblyResolver.OnResolve: Microsoft.VisualStudio.TestPlatform.MSTestAdapter.PlatformServices.resources: Resolving assembly.
TpTrace Information: 0 : 7900, 4, 2021/11/27, 16:05:02.505, 5200350856128, testhost.dll, AssemblyResolver.OnResolve: Microsoft.VisualStudio.TestPlatform.MSTestAdapter.PlatformServices.resources: Resolved from cache.
TpTrace Information: 0 : 7900, 4, 2021/11/27, 16:05:02.529, 5200351095673, testhost.dll, MSTest - Created unit-test runner C:\Users\Armin\Documents\GitHub\Grupa-3-Verifikovani-i-Validirani-Softverasi\Pijaca\Zadatak 2\bin\Debug\net5.0\fine-code-coverage\build-output\Zadatak 2.dll
TpTrace Verbose: 0 : 7900, 4, 2021/11/27, 16:05:02.535, 5200351148450, testhost.dll, TestExecutionRecorder.RecordStart: Starting test: Zadatak_2.TDD.TestZamjenskiObjekat.
TpTrace Information: 0 : 7900, 4, 2021/11/27, 16:05:02.656, 5200352364581, testhost.dll, MSTest - Executing test TestZamjenskiObjekat
TpTrace Information: 0 : 7900, 4, 2021/11/27, 16:05:02.732, 5200353117672, testhost.dll, MSTest - Executed test TestZamjenskiObjekat
TpTrace Verbose: 0 : 7900, 4, 2021/11/27, 16:05:02.737, 5200353172329, testhost.dll, TestExecutionRecorder.RecordEnd: test: Zadatak_2.TDD.TestZamjenskiObjekat execution completed.
TpTrace Verbose: 0 : 7900, 4, 2021/11/27, 16:05:02.766, 5200353457801, testhost.dll, TestExecutionRecorder.RecordResult: Received result for test: Zadatak_2.TDD.TestZamjenskiObjekat.
TpTrace Warning: 0 : 7900, 4, 2021/11/27, 16:05:02.772, 5200353526623, testhost.dll, TestRunCache: InProgressTests is null
TpTrace Warning: 0 : 7900, 4, 2021/11/27, 16:05:02.773, 5200353530196, testhost.dll, TestRunCache: No test found corresponding to testResult '' in inProgress list.
TpTrace Verbose: 0 : 7900, 4, 2021/11/27, 16:05:02.773, 5200353532604, testhost.dll, TestExecutionRecorder.RecordStart: Starting test: Zadatak_2.TDD.DodavanjeMesnihProizvoda.
TpTrace Information: 0 : 7900, 4, 2021/11/27, 16:05:02.777, 5200353573863, testhost.dll, MSTest - Executing test DodavanjeMesnihProizvoda
TpTrace Information: 0 : 7900, 4, 2021/11/27, 16:05:02.788, 5200353680900, testhost.dll, MSTest - Executed test DodavanjeMesnihProizvoda
TpTrace Verbose: 0 : 7900, 4, 2021/11/27, 16:05:02.788, 5200353682951, testhost.dll, TestExecutionRecorder.RecordEnd: test: Zadatak_2.TDD.DodavanjeMesnihProizvoda execution completed.
TpTrace Verbose: 0 : 7900, 4, 2021/11/27, 16:05:02.790, 5200353705484, testhost.dll, TestExecutionRecorder.RecordResult: Received result for test: Zadatak_2.TDD.DodavanjeMesnihProizvoda.
TpTrace Warning: 0 : 7900, 4, 2021/11/27, 16:05:02.791, 5200353709666, testhost.dll, TestRunCache: InProgressTests is null
TpTrace Warning: 0 : 7900, 4, 2021/11/27, 16:05:02.791, 5200353711128, testhost.dll, TestRunCache: No test found corresponding to testResult '' in inProgress list.
TpTrace Verbose: 0 : 7900, 4, 2021/11/27, 16:05:02.791, 5200353714152, testhost.dll, TestExecutionRecorder.RecordStart: Starting test: Zadatak_2.TDD.DodavanjeVoćaIBrisanje.
TpTrace Information: 0 : 7900, 4, 2021/11/27, 16:05:02.795, 5200353747775, testhost.dll, MSTest - Executing test DodavanjeVoćaIBrisanje
TpTrace Information: 0 : 7900, 4, 2021/11/27, 16:05:02.796, 5200353763425, testhost.dll, MSTest - Executed test DodavanjeVoćaIBrisanje
TpTrace Verbose: 0 : 7900, 4, 2021/11/27, 16:05:02.796, 5200353764951, testhost.dll, TestExecutionRecorder.RecordEnd: test: Zadatak_2.TDD.DodavanjeVoćaIBrisanje execution completed.
TpTrace Verbose: 0 : 7900, 4, 2021/11/27, 16:05:02.802, 5200353822588, testhost.dll, TestExecutionRecorder.RecordResult: Received result for test: Zadatak_2.TDD.DodavanjeVoćaIBrisanje.
TpTrace Warning: 0 : 7900, 4, 2021/11/27, 16:05:02.802, 5200353824416, testhost.dll, TestRunCache: InProgressTests is null
TpTrace Warning: 0 : 7900, 4, 2021/11/27, 16:05:02.802, 5200353825274, testhost.dll, TestRunCache: No test found corresponding to testResult '' in inProgress list.
TpTrace Verbose: 0 : 7900, 4, 2021/11/27, 16:05:02.802, 5200353826690, testhost.dll, TestExecutionRecorder.RecordStart: Starting test: Zadatak_2.TDD.NepodržaniTipDodavanja.
TpTrace Information: 0 : 7900, 4, 2021/11/27, 16:05:02.805, 5200353856051, testhost.dll, MSTest - Executing test NepodržaniTipDodavanja
TpTrace Information: 0 : 7900, 4, 2021/11/27, 16:05:02.811, 5200353914634, testhost.dll, MSTest - Executed test NepodržaniTipDodavanja
TpTrace Verbose: 0 : 7900, 4, 2021/11/27, 16:05:02.811, 5200353916320, testhost.dll, TestExecutionRecorder.RecordEnd: test: Zadatak_2.TDD.NepodržaniTipDodavanja execution completed.
TpTrace Verbose: 0 : 7900, 4, 2021/11/27, 16:05:02.813, 5200353935067, testhost.dll, TestExecutionRecorder.RecordResult: Received result for test: Zadatak_2.TDD.NepodržaniTipDodavanja.
TpTrace Warning: 0 : 7900, 4, 2021/11/27, 16:05:02.813, 5200353936721, testhost.dll, TestRunCache: InProgressTests is null
TpTrace Warning: 0 : 7900, 4, 2021/11/27, 16:05:02.813, 5200353937378, testhost.dll, TestRunCache: No test found corresponding to testResult '' in inProgress list.
TpTrace Verbose: 0 : 7900, 4, 2021/11/27, 16:05:02.814, 5200353938352, testhost.dll, TestExecutionRecorder.RecordStart: Starting test: Zadatak_2.TDD.NemogućeDodavanjeUzBrisanje.
TpTrace Information: 0 : 7900, 4, 2021/11/27, 16:05:02.815, 5200353952541, testhost.dll, MSTest - Executing test NemogućeDodavanjeUzBrisanje
TpTrace Information: 0 : 7900, 4, 2021/11/27, 16:05:02.816, 5200353965340, testhost.dll, MSTest - Executed test NemogućeDodavanjeUzBrisanje
TpTrace Verbose: 0 : 7900, 4, 2021/11/27, 16:05:02.816, 5200353966438, testhost.dll, TestExecutionRecorder.RecordEnd: test: Zadatak_2.TDD.NemogućeDodavanjeUzBrisanje execution completed.
TpTrace Verbose: 0 : 7900, 4, 2021/11/27, 16:05:02.818, 5200353984827, testhost.dll, TestExecutionRecorder.RecordResult: Received result for test: Zadatak_2.TDD.NemogućeDodavanjeUzBrisanje.
TpTrace Warning: 0 : 7900, 4, 2021/11/27, 16:05:02.818, 5200353986534, testhost.dll, TestRunCache: InProgressTests is null
TpTrace Warning: 0 : 7900, 4, 2021/11/27, 16:05:02.818, 5200353987388, testhost.dll, TestRunCache: No test found corresponding to testResult '' in inProgress list.
TpTrace Information: 0 : 7900, 4, 2021/11/27, 16:05:02.819, 5200353991274, testhost.dll, MSTest - Executing cleanup methods.
TpTrace Information: 0 : 7900, 4, 2021/11/27, 16:05:02.821, 5200354010786, testhost.dll, MSTest - Executed cleanup methods.
TpTrace Information: 0 : 7900, 4, 2021/11/27, 16:05:02.821, 5200354011890, testhost.dll, MSTest - Executed tests belonging to source C:\Users\Armin\Documents\GitHub\Grupa-3-Verifikovani-i-Validirani-Softverasi\Pijaca\Zadatak 2\bin\Debug\net5.0\fine-code-coverage\build-output\Zadatak 2.dll
TpTrace Information: 0 : 7900, 4, 2021/11/27, 16:05:02.821, 5200354015137, testhost.dll, Deleting deployment directory C:\Users\Armin\Documents\GitHub\Grupa-3-Verifikovani-i-Validirani-Softverasi\Pijaca\Zadatak 2\bin\Debug\net5.0\fine-code-coverage\coverage-tool-output\Deploy_Armin 2021-11-27 16_05_02
TpTrace Information: 0 : 7900, 4, 2021/11/27, 16:05:02.828, 5200354079561, testhost.dll, Deleted deployment directory C:\Users\Armin\Documents\GitHub\Grupa-3-Verifikovani-i-Validirani-Softverasi\Pijaca\Zadatak 2\bin\Debug\net5.0\fine-code-coverage\coverage-tool-output\Deploy_Armin 2021-11-27 16_05_02
TpTrace Verbose: 0 : 7900, 4, 2021/11/27, 16:05:02.829, 5200354089428, testhost.dll, BaseRunTests.RunTestInternalWithExecutors: Completed running tests for executor://MSTestAdapter/v2
TpTrace Information: 0 : 7900, 4, 2021/11/27, 16:05:02.834, 5200354143800, testhost.dll, Sending test run complete
TpTrace Verbose: 0 : 7900, 4, 2021/11/27, 16:05:02.900, 5200354805435, testhost.dll, TestRequestHandler.SendData:  sending data from testhost: {"Version":5,"MessageType":"TestExecution.Completed","Payload":{"TestRunCompleteArgs":{"TestRunStatistics":{"ExecutedTests":5,"Stats":{"Passed":5}},"IsCanceled":false,"IsAborted":false,"Error":null,"AttachmentSets":[],"ElapsedTimeInRunningTests":"00:00:00.4137431","Metrics":{}},"LastRunTests":{"NewTestResults":[{"TestCase":{"Id":"cd075b4d-61b2-de77-403b-0cfb69a56f47","FullyQualifiedName":"Zadatak_2.TDD.TestZamjenskiObjekat","DisplayName":"TestZamjenskiObjekat","ExecutorUri":"executor://MSTestAdapter/v2","Source":"C:\\Users\\Armin\\Documents\\GitHub\\Grupa-3-Verifikovani-i-Validirani-Softverasi\\Pijaca\\Zadatak 2\\bin\\Debug\\net5.0\\fine-code-coverage\\build-output\\Zadatak 2.dll","CodeFilePath":null,"LineNumber":-1,"Properties":[{"Key":{"Id":"TestCase.ManagedType","Label":"ManagedType","Category":"","Description":"","Attributes":1,"ValueType":"System.String"},"Value":"Zadatak_2.TDD"},{"Key":{"Id":"TestCase.ManagedMethod","Label":"ManagedMethod","Category":"","Description":"","Attributes":1,"ValueType":"System.String"},"Value":"TestZamjenskiObjekat"},{"Key":{"Id":"MSTestDiscoverer.TestClassName","Label":"ClassName","Category":"","Description":"","Attributes":1,"ValueType":"System.String"},"Value":"Zadatak_2.TDD"},{"Key":{"Id":"TestObject.Traits","Label":"Traits","Category":"","Description":"","Attributes":5,"ValueType":"System.Collections.Generic.KeyValuePair`2[[System.String],[System.String]][]"},"Value":[]}]},"Attachments":[],"Outcome":1,"ErrorMessage":null,"ErrorStackTrace":null,"DisplayName":null,"Messages":[],"ComputerName":null,"Duration":"00:00:00.0135832","StartTime":"2021-11-27T16:05:02.6566041+01:00","EndTime":"2021-11-27T16:05:02.7321833+01:00","Properties":[{"Key":{"Id":"ExecutionId","Label":"ExecutionId","Category":"","Description":"","Attributes":1,"ValueType":"System.Guid"},"Value":"00000000-0000-0000-0000-000000000000"},{"Key":{"Id":"ParentExecId","Label":"ParentExecId","Category":"","Description":"","Attributes":1,"ValueType":"System.Guid"},"Value":"00000000-0000-0000-0000-000000000000"},{"Key":{"Id":"InnerResultsCount","Label":"InnerResultsCount","Category":"","Description":"","Attributes":1,"ValueType":"System.Int32"},"Value":0}]},{"TestCase":{"Id":"3a1d8414-af96-8075-3e91-63006d286d73","FullyQualifiedName":"Zadatak_2.TDD.DodavanjeMesnihProizvoda","DisplayName":"DodavanjeMesnihProizvoda","ExecutorUri":"executor://MSTestAdapter/v2","Source":"C:\\Users\\Armin\\Documents\\GitHub\\Grupa-3-Verifikovani-i-Validirani-Softverasi\\Pijaca\\Zadatak 2\\bin\\Debug\\net5.0\\fine-code-coverage\\build-output\\Zadatak 2.dll","CodeFilePath":null,"LineNumber":-1,"Properties":[{"Key":{"Id":"TestCase.ManagedType","Label":"ManagedType","Category":"","Description":"","Attributes":1,"ValueType":"System.String"},"Value":"Zadatak_2.TDD"},{"Key":{"Id":"TestCase.ManagedMethod","Label":"ManagedMethod","Category":"","Description":"","Attributes":1,"ValueType":"System.String"},"Value":"DodavanjeMesnihProizvoda"},{"Key":{"Id":"MSTestDiscoverer.TestClassName","Label":"ClassName","Category":"","Description":"","Attributes":1,"ValueType":"System.String"},"Value":"Zadatak_2.TDD"},{"Key":{"Id":"TestObject.Traits","Label":"Traits","Category":"","Description":"","Attributes":5,"ValueType":"System.Collections.Generic.KeyValuePair`2[[System.String],[System.String]][]"},"Value":[]}]},"Attachments":[],"Outcome":1,"ErrorMessage":null,"ErrorStackTrace":null,"DisplayName":null,"Messages":[],"ComputerName":null,"Duration":"00:00:00.0102161","StartTime":"2021-11-27T16:05:02.7776262+01:00","EndTime":"2021-11-27T16:05:02.7885178+01:00","Properties":[{"Key":{"Id":"ExecutionId","Label":"ExecutionId","Category":"","Description":"","Attributes":1,"ValueType":"System.Guid"},"Value":"00000000-0000-0000-0000-000000000000"},{"Key":{"Id":"ParentExecId","Label":"ParentExecId","Category":"","Description":"","Attributes":1,"ValueType":"System.Guid"},"Value":"00000000-0000-0000-0000-000000000000"},{"Key":{"Id":"InnerResultsCount","Label":"InnerResultsCount","Category":"","Description":"","Attributes":1,"ValueType":"System.Int32"},"Value":0}]},{"TestCase":{"Id":"3f4528f8-6f76-6b66-8987-b10996504e89","FullyQualifiedName":"Zadatak_2.TDD.DodavanjeVoćaIBrisanje","DisplayName":"DodavanjeVoćaIBrisanje","ExecutorUri":"executor://MSTestAdapter/v2","Source":"C:\\Users\\Armin\\Documents\\GitHub\\Grupa-3-Verifikovani-i-Validirani-Softverasi\\Pijaca\\Zadatak 2\\bin\\Debug\\net5.0\\fine-code-coverage\\build-output\\Zadatak 2.dll","CodeFilePath":null,"LineNumber":-1,"Properties":[{"Key":{"Id":"TestCase.ManagedType","Label":"ManagedType","Category":"","Description":"","Attributes":1,"ValueType":"System.String"},"Value":"Zadatak_2.TDD"},{"Key":{"Id":"TestCase.ManagedMethod","Label":"ManagedMethod","Category":"","Description":"","Attributes":1,"ValueType":"System.String"},"Value":"DodavanjeVoćaIBrisanje"},{"Key":{"Id":"MSTestDiscoverer.TestClassName","Label":"ClassName","Category":"","Description":"","Attributes":1,"ValueType":"System.String"},"Value":"Zadatak_2.TDD"},{"Key":{"Id":"TestObject.Traits","Label":"Traits","Category":"","Description":"","Attributes":5,"ValueType":"System.Collections.Generic.KeyValuePair`2[[System.String],[System.String]][]"},"Value":[]}]},"Attachments":[],"Outcome":1,"ErrorMessage":null,"ErrorStackTrace":null,"DisplayName":null,"Messages":[],"ComputerName":null,"Duration":"00:00:00.0011558","StartTime":"2021-11-27T16:05:02.7950162+01:00","EndTime":"2021-11-27T16:05:02.7967357+01:00","Properties":[{"Key":{"Id":"ExecutionId","Label":"ExecutionId","Category":"","Description":"","Attributes":1,"ValueType":"System.Guid"},"Value":"00000000-0000-0000-0000-000000000000"},{"Key":{"Id":"ParentExecId","Label":"ParentExecId","Category":"","Description":"","Attributes":1,"ValueType":"System.Guid"},"Value":"00000000-0000-0000-0000-000000000000"},{"Key":{"Id":"InnerResultsCount","Label":"InnerResultsCount","Category":"","Description":"","Attributes":1,"ValueType":"System.Int32"},"Value":0}]},{"TestCase":{"Id":"94f032db-9346-302f-6689-ffa07b4ffe55","FullyQualifiedName":"Zadatak_2.TDD.NepodržaniTipDodavanja","DisplayName":"NepodržaniTipDodavanja","ExecutorUri":"executor://MSTestAdapter/v2","Source":"C:\\Users\\Armin\\Documents\\GitHub\\Grupa-3-Verifikovani-i-Validirani-Softverasi\\Pijaca\\Zadatak 2\\bin\\Debug\\net5.0\\fine-code-coverage\\build-output\\Zadatak 2.dll","CodeFilePath":null,"LineNumber":-1,"Properties":[{"Key":{"Id":"TestCase.ManagedType","Label":"ManagedType","Category":"","Description":"","Attributes":1,"ValueType":"System.String"},"Value":"Zadatak_2.TDD"},{"Key":{"Id":"TestCase.ManagedMethod","Label":"ManagedMethod","Category":"","Description":"","Attributes":1,"ValueType":"System.String"},"Value":"NepodržaniTipDodavanja"},{"Key":{"Id":"MSTestDiscoverer.TestClassName","Label":"ClassName","Category":"","Description":"","Attributes":1,"ValueType":"System.String"},"Value":"Zadatak_2.TDD"},{"Key":{"Id":"TestObject.Traits","Label":"Traits","Category":"","Description":"","Attributes":5,"ValueType":"System.Collections.Generic.KeyValuePair`2[[System.String],[System.String]][]"},"Value":[]}]},"Attachments":[],"Outcome":1,"ErrorMessage":null,"ErrorStackTrace":null,"DisplayName":null,"Messages":[],"ComputerName":null,"Duration":"00:00:00.0054321","StartTime":"2021-11-27T16:05:02.8058477+01:00","EndTime":"2021-11-27T16:05:02.8118689+01:00","Properties":[{"Key":{"Id":"ExecutionId","Label":"ExecutionId","Category":"","Description":"","Attributes":1,"ValueType":"System.Guid"},"Value":"00000000-0000-0000-0000-000000000000"},{"Key":{"Id":"ParentExecId","Label":"ParentExecId","Category":"","Description":"","Attributes":1,"ValueType":"System.Guid"},"Value":"00000000-0000-0000-0000-000000000000"},{"Key":{"Id":"InnerResultsCount","Label":"InnerResultsCount","Category":"","Description":"","Attributes":1,"ValueType":"System.Int32"},"Value":0}]},{"TestCase":{"Id":"0e86f05c-b4ae-450e-5451-e8f8450dc484","FullyQualifiedName":"Zadatak_2.TDD.NemogućeDodavanjeUzBrisanje","DisplayName":"NemogućeDodavanjeUzBrisanje","ExecutorUri":"executor://MSTestAdapter/v2","Source":"C:\\Users\\Armin\\Documents\\GitHub\\Grupa-3-Verifikovani-i-Validirani-Softverasi\\Pijaca\\Zadatak 2\\bin\\Debug\\net5.0\\fine-code-coverage\\build-output\\Zadatak 2.dll","CodeFilePath":null,"LineNumber":-1,"Properties":[{"Key":{"Id":"TestCase.ManagedType","Label":"ManagedType","Category":"","Description":"","Attributes":1,"ValueType":"System.String"},"Value":"Zadatak_2.TDD"},{"Key":{"Id":"TestCase.ManagedMethod","Label":"ManagedMethod","Category":"","Description":"","Attributes":1,"ValueType":"System.String"},"Value":"NemogućeDodavanjeUzBrisanje"},{"Key":{"Id":"MSTestDiscoverer.TestClassName","Label":"ClassName","Category":"","Description":"","Attributes":1,"ValueType":"System.String"},"Value":"Zadatak_2.TDD"},{"Key":{"Id":"TestObject.Traits","Label":"Traits","Category":"","Description":"","Attributes":5,"ValueType":"System.Collections.Generic.KeyValuePair`2[[System.String],[System.String]][]"},"Value":[]}]},"Attachments":[],"Outcome":1,"ErrorMessage":null,"ErrorStackTrace":null,"DisplayName":null,"Messages":[],"ComputerName":null,"Duration":"00:00:00.0009361","StartTime":"2021-11-27T16:05:02.8154988+01:00","EndTime":"2021-11-27T16:05:02.8168875+01:00","Properties":[{"Key":{"Id":"ExecutionId","Label":"ExecutionId","Category":"","Description":"","Attributes":1,"ValueType":"System.Guid"},"Value":"00000000-0000-0000-0000-000000000000"},{"Key":{"Id":"ParentExecId","Label":"ParentExecId","Category":"","Description":"","Attributes":1,"ValueType":"System.Guid"},"Value":"00000000-0000-0000-0000-000000000000"},{"Key":{"Id":"InnerResultsCount","Label":"InnerResultsCount","Category":"","Description":"","Attributes":1,"ValueType":"System.Int32"},"Value":0}]}],"TestRunStatistics":{"ExecutedTests":5,"Stats":{"Passed":5}},"ActiveTests":[]},"RunAttachments":[],"ExecutorUris":["executor://mstestadapter/v2"]}}
TpTrace Verbose: 0 : 7900, 4, 2021/11/27, 16:05:02.902, 5200354818420, testhost.dll, BaseRunTests.RunTests: Run is complete.
TpTrace Verbose: 0 : 7900, 5, 2021/11/27, 16:05:02.903, 5200354836986, testhost.dll, TcpClientExtensions.MessageLoopAsync: NotifyDataAvailable remoteEndPoint: [::ffff:127.0.0.1]:54072 localEndPoint: [::ffff:127.0.0.1]:54073
TpTrace Information: 0 : 7900, 5, 2021/11/27, 16:05:02.904, 5200354839247, testhost.dll, TestRequestHandler.ProcessRequests: received message: (TestSession.Terminate) -> null
TpTrace Information: 0 : 7900, 5, 2021/11/27, 16:05:02.904, 5200354839949, testhost.dll, Session End message received from server. Closing the connection.
TpTrace Information: 0 : 7900, 5, 2021/11/27, 16:05:02.904, 5200354843668, testhost.dll, SocketClient.Stop: Stop communication from server endpoint: 127.0.0.1:054072
TpTrace Information: 0 : 7900, 5, 2021/11/27, 16:05:02.904, 5200354844583, testhost.dll, SocketClient: Stop: Cancellation requested. Stopping message loop.
TpTrace Verbose: 0 : 7900, 5, 2021/11/27, 16:05:02.904, 5200354846488, testhost.dll, LengthPrefixCommunicationChannel.Dispose: Dispose reader and writer.
TpTrace Information: 0 : 7900, 5, 2021/11/27, 16:05:02.904, 5200354847279, testhost.dll, Closing the connection !
TpTrace Information: 0 : 7900, 5, 2021/11/27, 16:05:02.905, 5200354850047, testhost.dll, SocketClient.PrivateStop: Stop communication from server endpoint: 127.0.0.1:054072, error:
TpTrace Verbose: 0 : 7900, 5, 2021/11/27, 16:05:02.905, 5200354854759, testhost.dll, LengthPrefixCommunicationChannel.Dispose: Dispose reader and writer.
TpTrace Information: 0 : 7900, 1, 2021/11/27, 16:05:02.905, 5200354854763, testhost.dll, Closing the connection !
TpTrace Verbose: 0 : 7900, 5, 2021/11/27, 16:05:02.905, 5200354855948, testhost.dll, TcpClientExtensions.MessageLoopAsync: exiting MessageLoopAsync remoteEndPoint: [::ffff:127.0.0.1]:54072 localEndPoint: [::ffff:127.0.0.1]:54073
TpTrace Information: 0 : 7900, 1, 2021/11/27, 16:05:02.905, 5200354857018, testhost.dll, SocketClient.Stop: Stop communication from server endpoint: 127.0.0.1:054072
TpTrace Verbose: 0 : 7900, 1, 2021/11/27, 16:05:02.906, 5200354857975, testhost.dll, LengthPrefixCommunicationChannel.Dispose: Dispose reader and writer.
TpTrace Information: 0 : 7900, 1, 2021/11/27, 16:05:02.906, 5200354859379, testhost.dll, Testhost process exiting.
