TpTrace Verbose: 0 : 5124, 1, 2021/11/27, 19:33:33.561, 749373954229, testhost.dll, Version: 16.9.4
TpTrace Information: 0 : 5124, 1, 2021/11/27, 19:33:33.577, 749373988038, testhost.dll, DefaultEngineInvoker.Invoke: Testhost process started with args :[--port, 64188],[--endpoint, 127.0.0.1:064188],[--role, client],[--parentprocessid, 10972],[--diag, C:\Users\User\Documents\GitHub\Grupa-3-Verifikovani-i-Validirani-Softverasi\Pijaca\Zadatak 2\bin\Debug\net5.0\fine-code-coverage\coverage-tool-output\diagnostics.host.21-11-27_19-33-33_29959_9.log],[--tracelevel, 4],[--datacollectionport, 64187],[--telemetryoptedin, false]
TpTrace Information: 0 : 5124, 1, 2021/11/27, 19:33:33.579, 749373996287, testhost.dll, Setting up debug trace listener.
TpTrace Verbose: 0 : 5124, 1, 2021/11/27, 19:33:33.579, 749373997973, testhost.dll, TestPlatformTraceListener.Setup: Replacing listener 0 with TestHostTraceListener.
TpTrace Verbose: 0 : 5124, 1, 2021/11/27, 19:33:33.580, 749373998483, testhost.dll, TestPlatformTraceListener.Setup: Added test platform trace listener.
TpTrace Information: 0 : 5124, 1, 2021/11/27, 19:33:33.580, 749374001507, testhost.dll, DefaultEngineInvoker.SetParentProcessExitCallback: Monitoring parent process with id: '10972'
TpTrace Information: 0 : 5124, 1, 2021/11/27, 19:33:33.593, 749374049091, testhost.dll, DefaultEngineInvoker.GetConnectionInfo: Initialize communication on endpoint address: '127.0.0.1:064188'
TpTrace Information: 0 : 5124, 1, 2021/11/27, 19:33:33.625, 749374165040, testhost.dll, SocketClient.Start: connecting to server endpoint: 127.0.0.1:064188
TpTrace Information: 0 : 5124, 1, 2021/11/27, 19:33:33.639, 749374217673, testhost.dll, DefaultEngineInvoker.ConnectToDatacollector: Connecting to datacollector, port: 64187
TpTrace Information: 0 : 5124, 5, 2021/11/27, 19:33:33.640, 749374223209, testhost.dll, SocketClient.OnServerConnected: connected to server endpoint: 127.0.0.1:064188
TpTrace Verbose: 0 : 5124, 5, 2021/11/27, 19:33:33.643, 749374234716, testhost.dll, Connected to server, and starting MessageLoopAsync
TpTrace Information: 0 : 5124, 1, 2021/11/27, 19:33:33.645, 749374239884, testhost.dll, Trying to connect to server on socket : 127.0.0.1:64187 
TpTrace Verbose: 0 : 5124, 1, 2021/11/27, 19:33:33.646, 749374242690, testhost.dll, SocketCommunicationManager : SetupClientAsync : Attempting to connect to the server.
TpTrace Verbose: 0 : 5124, 5, 2021/11/27, 19:33:33.648, 749374252951, testhost.dll, TcpClientExtensions.MessageLoopAsync: Polling on remoteEndPoint: [::ffff:127.0.0.1]:64188 localEndPoint: [::ffff:127.0.0.1]:64189
TpTrace Verbose: 0 : 5124, 5, 2021/11/27, 19:33:33.649, 749374256235, testhost.dll, TcpClientExtensions.MessageLoopAsync: NotifyDataAvailable remoteEndPoint: [::ffff:127.0.0.1]:64188 localEndPoint: [::ffff:127.0.0.1]:64189
TpTrace Information: 0 : 5124, 9, 2021/11/27, 19:33:33.651, 749374263931, testhost.dll, Connected to the server successfully 
TpTrace Information: 0 : 5124, 9, 2021/11/27, 19:33:33.651, 749374264484, testhost.dll, Using the buffer size of 16384 bytes
TpTrace Information: 0 : 5124, 1, 2021/11/27, 19:33:33.652, 749374267752, testhost.dll, DefaultEngineInvoker.Invoke: Start Request Processing.
TpTrace Information: 0 : 5124, 13, 2021/11/27, 19:33:33.654, 749374272968, testhost.dll, DefaultEngineInvoker.StartProcessingAsync: Connected to vstest.console, Starting process requests.
TpTrace Information: 0 : 5124, 5, 2021/11/27, 19:33:33.861, 749375071080, testhost.dll, TestRequestHandler.ProcessRequests: received message: (ProtocolVersion) -> 5
TpTrace Verbose: 0 : 5124, 5, 2021/11/27, 19:33:33.924, 749375272736, testhost.dll, TestRequestHandler.SendData:  sending data from testhost: {"Version":5,"MessageType":"TestSession.Message","Payload":{"MessageLevel":0,"Message":"Logging TestHost Diagnostics in file: C:\\Users\\User\\Documents\\GitHub\\Grupa-3-Verifikovani-i-Validirani-Softverasi\\Pijaca\\Zadatak 2\\bin\\Debug\\net5.0\\fine-code-coverage\\coverage-tool-output\\diagnostics.host.21-11-27_19-33-33_29959_9.log"}}
TpTrace Verbose: 0 : 5124, 5, 2021/11/27, 19:33:33.924, 749375274048, testhost.dll, TcpClientExtensions.MessageLoopAsync: Polling on remoteEndPoint: [::ffff:127.0.0.1]:64188 localEndPoint: [::ffff:127.0.0.1]:64189
TpTrace Verbose: 0 : 5124, 5, 2021/11/27, 19:33:33.924, 749375274648, testhost.dll, TcpClientExtensions.MessageLoopAsync: NotifyDataAvailable remoteEndPoint: [::ffff:127.0.0.1]:64188 localEndPoint: [::ffff:127.0.0.1]:64189
TpTrace Information: 0 : 5124, 5, 2021/11/27, 19:33:33.931, 749375298507, testhost.dll, TestRequestHandler.ProcessRequests: received message: (TestExecution.Initialize) -> [
  "C:\\Users\\User\\Documents\\GitHub\\Grupa-3-Verifikovani-i-Validirani-Softverasi\\Pijaca\\Zadatak 2\\bin\\Debug\\net5.0\\fine-code-coverage\\build-output\\Microsoft.VisualStudio.TestPlatform.MSTest.TestAdapter.dll"
]
TpTrace Information: 0 : 5124, 5, 2021/11/27, 19:33:33.931, 749375299285, testhost.dll, Execution Session Initialize.
TpTrace Verbose: 0 : 5124, 5, 2021/11/27, 19:33:33.943, 749375343294, testhost.dll, TcpClientExtensions.MessageLoopAsync: Polling on remoteEndPoint: [::ffff:127.0.0.1]:64188 localEndPoint: [::ffff:127.0.0.1]:64189
TpTrace Verbose: 0 : 5124, 5, 2021/11/27, 19:33:33.943, 749375343952, testhost.dll, TcpClientExtensions.MessageLoopAsync: NotifyDataAvailable remoteEndPoint: [::ffff:127.0.0.1]:64188 localEndPoint: [::ffff:127.0.0.1]:64189
TpTrace Verbose: 0 : 5124, 4, 2021/11/27, 19:33:33.947, 749375360343, testhost.dll, TestExecutorService: Loading the extensions
TpTrace Information: 0 : 5124, 5, 2021/11/27, 19:33:33.948, 749375362590, testhost.dll, TestRequestHandler.ProcessRequests: received message: (TestExecution.StartWithSources) -> {
  "AdapterSourceMap": {
    "_none_": [
      "C:\\Users\\User\\Documents\\GitHub\\Grupa-3-Verifikovani-i-Validirani-Softverasi\\Pijaca\\Zadatak 2\\bin\\Debug\\net5.0\\fine-code-coverage\\build-output\\Zadatak 2.dll"
    ]
  },
  "RunSettings": "<RunSettings>\r\n  <RunConfiguration>\r\n    <ResultsDirectory>C:\\Users\\User\\Documents\\GitHub\\Grupa-3-Verifikovani-i-Validirani-Softverasi\\Pijaca\\Zadatak 2\\bin\\Debug\\net5.0\\fine-code-coverage\\coverage-tool-output</ResultsDirectory>\r\n    <TargetPlatform>X64</TargetPlatform>\r\n    <TargetFrameworkVersion>.NETCoreApp,Version=v5.0</TargetFrameworkVersion>\r\n    <DesignMode>False</DesignMode>\r\n    <CollectSourceInformation>False</CollectSourceInformation>\r\n  </RunConfiguration>\r\n  <LoggerRunSettings>\r\n    <Loggers>\r\n      <Logger friendlyName=\"blame\" enabled=\"True\" />\r\n      <Logger friendlyName=\"Console\" uri=\"logger://microsoft/TestPlatform/ConsoleLogger/v1\" assemblyQualifiedName=\"Microsoft.VisualStudio.TestPlatform.CommandLine.Internal.ConsoleLogger, vstest.console, Version=15.0.0.0, Culture=neutral, PublicKeyToken=b03f5f7f11d50a3a\" codeBase=\"C:\\Program Files\\dotnet\\sdk\\5.0.201\\vstest.console.dll\" enabled=\"True\" />\r\n    </Loggers>\r\n  </LoggerRunSettings>\r\n  <DataCollectionRunSettings>\r\n    <DataCollectors>\r\n      <DataCollector friendlyName=\"blame\" enabled=\"True\">\r\n        <Configuration>\r\n          <ResultsDirectory>C:\\Users\\User\\Documents\\GitHub\\Grupa-3-Verifikovani-i-Validirani-Softverasi\\Pijaca\\Zadatak 2\\bin\\Debug\\net5.0\\fine-code-coverage\\coverage-tool-output</ResultsDirectory>\r\n        </Configuration>\r\n      </DataCollector>\r\n    </DataCollectors>\r\n  </DataCollectionRunSettings>\r\n</RunSettings>",
  "TestExecutionContext": {
    "FrequencyOfRunStatsChangeEvent": 10,
    "RunStatsChangeEventTimeout": "00:00:01.5000000",
    "InIsolation": false,
    "KeepAlive": false,
    "AreTestCaseLevelEventsRequired": false,
    "IsDebug": false,
    "TestCaseFilter": null,
    "FilterOptions": null
  },
  "Package": null
}
TpTrace Information: 0 : 5124, 5, 2021/11/27, 19:33:33.948, 749375363425, testhost.dll, Execution started.
TpTrace Verbose: 0 : 5124, 4, 2021/11/27, 19:33:33.950, 749375372290, testhost.dll, TestPluginCache.DiscoverTestExtensions: finding test extensions in assemblies ends with: TestAdapter.dll TPluginInfo: Microsoft.VisualStudio.TestPlatform.Common.ExtensionFramework.Utilities.TestExecutorPluginInformation TExtension: Microsoft.VisualStudio.TestPlatform.ObjectModel.Adapter.ITestExecutor
TpTrace Verbose: 0 : 5124, 4, 2021/11/27, 19:33:33.953, 749375380168, testhost.dll, TestPluginCache.GetExtensionPaths: Filtered extension paths: 
TpTrace Verbose: 0 : 5124, 4, 2021/11/27, 19:33:33.953, 749375382541, testhost.dll, TestPluginCache.GetExtensionPaths: Added default extension paths: C:\Users\User\Documents\GitHub\Grupa-3-Verifikovani-i-Validirani-Softverasi\Pijaca\Zadatak 2\bin\Debug\net5.0\fine-code-coverage\build-output\Microsoft.VisualStudio.TestPlatform.MSTest.TestAdapter.dll
TpTrace Verbose: 0 : 5124, 4, 2021/11/27, 19:33:33.953, 749375382862, testhost.dll, TestPluginCache.GetExtensionPaths: Added unfilterableExtensionPaths: 
TpTrace Information: 0 : 5124, 4, 2021/11/27, 19:33:33.958, 749375398828, testhost.dll, AssemblyResolver.ctor: Creating AssemblyResolver with searchDirectories C:\Users\User\Documents\GitHub\Grupa-3-Verifikovani-i-Validirani-Softverasi\Pijaca\Zadatak 2\bin\Debug\net5.0\fine-code-coverage\build-output
TpTrace Verbose: 0 : 5124, 4, 2021/11/27, 19:33:33.960, 749375409560, testhost.dll, TestPluginCache.DiscoverTestExtensions: Discovering the extensions using extension path.
TpTrace Verbose: 0 : 5124, 4, 2021/11/27, 19:33:33.961, 749375410788, testhost.dll, TestPluginCache.GetExtensionPaths: Filtered extension paths: 
TpTrace Verbose: 0 : 5124, 4, 2021/11/27, 19:33:33.961, 749375410999, testhost.dll, TestPluginCache.GetExtensionPaths: Added default extension paths: C:\Users\User\Documents\GitHub\Grupa-3-Verifikovani-i-Validirani-Softverasi\Pijaca\Zadatak 2\bin\Debug\net5.0\fine-code-coverage\build-output\Microsoft.VisualStudio.TestPlatform.MSTest.TestAdapter.dll
TpTrace Verbose: 0 : 5124, 4, 2021/11/27, 19:33:33.961, 749375411158, testhost.dll, TestPluginCache.GetExtensionPaths: Added unfilterableExtensionPaths: 
TpTrace Verbose: 0 : 5124, 4, 2021/11/27, 19:33:33.961, 749375411512, testhost.dll, TestPluginCache.DiscoverTestExtensions: Discovering the extensions using allExtensionPaths: C:\Users\User\Documents\GitHub\Grupa-3-Verifikovani-i-Validirani-Softverasi\Pijaca\Zadatak 2\bin\Debug\net5.0\fine-code-coverage\build-output\Microsoft.VisualStudio.TestPlatform.MSTest.TestAdapter.dll
TpTrace Information: 0 : 5124, 4, 2021/11/27, 19:33:33.963, 749375418065, testhost.dll, AssemblyResolver.AddSearchDirectories: Adding more searchDirectories C:\Users\User\Documents\GitHub\Grupa-3-Verifikovani-i-Validirani-Softverasi\Pijaca\Zadatak 2\bin\Debug\net5.0\fine-code-coverage\build-output
TpTrace Information: 0 : 5124, 4, 2021/11/27, 19:33:33.971, 749375447875, testhost.dll, AssemblyResolver.OnResolve: Microsoft.VisualStudio.TestPlatform.MSTest.TestAdapter: Resolving assembly.
TpTrace Information: 0 : 5124, 4, 2021/11/27, 19:33:33.974, 749375460144, testhost.dll, AssemblyResolver.OnResolve: Resolved assembly: Microsoft.VisualStudio.TestPlatform.MSTest.TestAdapter, from path: C:\Users\User\Documents\GitHub\Grupa-3-Verifikovani-i-Validirani-Softverasi\Pijaca\Zadatak 2\bin\Debug\net5.0\fine-code-coverage\build-output\Microsoft.VisualStudio.TestPlatform.MSTest.TestAdapter.dll
TpTrace Verbose: 0 : 5124, 4, 2021/11/27, 19:33:33.987, 749375506799, testhost.dll, TestPluginCache: Discovered the extensions using extension path ''.
TpTrace Verbose: 0 : 5124, 4, 2021/11/27, 19:33:33.988, 749375510436, testhost.dll, TestPluginCache: Discoverers are ''.
TpTrace Verbose: 0 : 5124, 4, 2021/11/27, 19:33:33.988, 749375511165, testhost.dll, TestPluginCache: Executors are 'executor://MSTestAdapter/v2'.
TpTrace Verbose: 0 : 5124, 4, 2021/11/27, 19:33:33.988, 749375511624, testhost.dll, TestPluginCache: Executors2 are ''.
TpTrace Verbose: 0 : 5124, 4, 2021/11/27, 19:33:33.988, 749375511959, testhost.dll, TestPluginCache: Setting providers are ''.
TpTrace Verbose: 0 : 5124, 4, 2021/11/27, 19:33:33.988, 749375512441, testhost.dll, TestPluginCache: Loggers are ''.
TpTrace Verbose: 0 : 5124, 5, 2021/11/27, 19:33:33.993, 749375528567, testhost.dll, TcpClientExtensions.MessageLoopAsync: Polling on remoteEndPoint: [::ffff:127.0.0.1]:64188 localEndPoint: [::ffff:127.0.0.1]:64189
TpTrace Verbose: 0 : 5124, 4, 2021/11/27, 19:33:33.994, 749375532574, testhost.dll, TestPluginCache.DiscoverTestExtensions: finding test extensions in assemblies ends with: TestAdapter.dll TPluginInfo: Microsoft.VisualStudio.TestPlatform.Common.ExtensionFramework.Utilities.TestExecutorPluginInformation2 TExtension: Microsoft.VisualStudio.TestPlatform.ObjectModel.Adapter.ITestExecutor2
TpTrace Verbose: 0 : 5124, 4, 2021/11/27, 19:33:33.994, 749375534390, testhost.dll, TestPluginCache.GetExtensionPaths: Filtered extension paths: 
TpTrace Verbose: 0 : 5124, 4, 2021/11/27, 19:33:33.994, 749375534699, testhost.dll, TestPluginCache.GetExtensionPaths: Added default extension paths: C:\Users\User\Documents\GitHub\Grupa-3-Verifikovani-i-Validirani-Softverasi\Pijaca\Zadatak 2\bin\Debug\net5.0\fine-code-coverage\build-output\Microsoft.VisualStudio.TestPlatform.MSTest.TestAdapter.dll
TpTrace Verbose: 0 : 5124, 4, 2021/11/27, 19:33:33.994, 749375534940, testhost.dll, TestPluginCache.GetExtensionPaths: Added unfilterableExtensionPaths: 
TpTrace Information: 0 : 5124, 4, 2021/11/27, 19:33:33.995, 749375536194, testhost.dll, AssemblyResolver.AddSearchDirectories: Adding more searchDirectories C:\Users\User\Documents\GitHub\Grupa-3-Verifikovani-i-Validirani-Softverasi\Pijaca\Zadatak 2\bin\Debug\net5.0\fine-code-coverage\build-output
TpTrace Verbose: 0 : 5124, 4, 2021/11/27, 19:33:33.995, 749375536560, testhost.dll, TestPluginCache.DiscoverTestExtensions: Discovering the extensions using extension path.
TpTrace Verbose: 0 : 5124, 4, 2021/11/27, 19:33:33.995, 749375536786, testhost.dll, TestPluginCache.GetExtensionPaths: Filtered extension paths: 
TpTrace Verbose: 0 : 5124, 4, 2021/11/27, 19:33:33.995, 749375536964, testhost.dll, TestPluginCache.GetExtensionPaths: Added default extension paths: C:\Users\User\Documents\GitHub\Grupa-3-Verifikovani-i-Validirani-Softverasi\Pijaca\Zadatak 2\bin\Debug\net5.0\fine-code-coverage\build-output\Microsoft.VisualStudio.TestPlatform.MSTest.TestAdapter.dll
TpTrace Verbose: 0 : 5124, 4, 2021/11/27, 19:33:33.995, 749375537111, testhost.dll, TestPluginCache.GetExtensionPaths: Added unfilterableExtensionPaths: 
TpTrace Verbose: 0 : 5124, 4, 2021/11/27, 19:33:33.995, 749375537344, testhost.dll, TestPluginCache.DiscoverTestExtensions: Discovering the extensions using allExtensionPaths: C:\Users\User\Documents\GitHub\Grupa-3-Verifikovani-i-Validirani-Softverasi\Pijaca\Zadatak 2\bin\Debug\net5.0\fine-code-coverage\build-output\Microsoft.VisualStudio.TestPlatform.MSTest.TestAdapter.dll
TpTrace Information: 0 : 5124, 4, 2021/11/27, 19:33:33.995, 749375538160, testhost.dll, AssemblyResolver.AddSearchDirectories: Adding more searchDirectories C:\Users\User\Documents\GitHub\Grupa-3-Verifikovani-i-Validirani-Softverasi\Pijaca\Zadatak 2\bin\Debug\net5.0\fine-code-coverage\build-output
TpTrace Verbose: 0 : 5124, 4, 2021/11/27, 19:33:33.996, 749375540147, testhost.dll, TestPluginCache: Discovered the extensions using extension path ''.
TpTrace Verbose: 0 : 5124, 4, 2021/11/27, 19:33:33.996, 749375540460, testhost.dll, TestPluginCache: Discoverers are ''.
TpTrace Verbose: 0 : 5124, 4, 2021/11/27, 19:33:33.996, 749375540802, testhost.dll, TestPluginCache: Executors are 'executor://MSTestAdapter/v2'.
TpTrace Verbose: 0 : 5124, 4, 2021/11/27, 19:33:33.996, 749375541208, testhost.dll, TestPluginCache: Executors2 are ''.
TpTrace Verbose: 0 : 5124, 4, 2021/11/27, 19:33:33.996, 749375541370, testhost.dll, TestPluginCache: Setting providers are ''.
TpTrace Verbose: 0 : 5124, 4, 2021/11/27, 19:33:33.996, 749375541540, testhost.dll, TestPluginCache: Loggers are ''.
TpTrace Information: 0 : 5124, 4, 2021/11/27, 19:33:34.005, 749375575616, testhost.dll, TestPluginManager.CreateTestExtension: Attempting to load test extension: Microsoft.VisualStudio.TestPlatform.MSTest.TestAdapter.MSTestExecutor
TpTrace Verbose: 0 : 5124, 4, 2021/11/27, 19:33:34.019, 749375625507, testhost.dll, TestExecutorExtensionManager: Loading executor Microsoft.VisualStudio.TestPlatform.MSTest.TestAdapter.MSTestExecutor
TpTrace Verbose: 0 : 5124, 4, 2021/11/27, 19:33:34.019, 749375626480, testhost.dll, TestExecutorService: Loaded the executors
TpTrace Verbose: 0 : 5124, 4, 2021/11/27, 19:33:34.020, 749375631844, testhost.dll, TestPluginCache.DiscoverTestExtensions: finding test extensions in assemblies ends with: TestAdapter.dll TPluginInfo: Microsoft.VisualStudio.TestPlatform.Common.ExtensionFramework.Utilities.TestSettingsProviderPluginInformation TExtension: Microsoft.VisualStudio.TestPlatform.ObjectModel.Adapter.ISettingsProvider
TpTrace Verbose: 0 : 5124, 4, 2021/11/27, 19:33:34.021, 749375632660, testhost.dll, TestPluginCache.GetExtensionPaths: Filtered extension paths: 
TpTrace Verbose: 0 : 5124, 4, 2021/11/27, 19:33:34.021, 749375632911, testhost.dll, TestPluginCache.GetExtensionPaths: Added default extension paths: C:\Users\User\Documents\GitHub\Grupa-3-Verifikovani-i-Validirani-Softverasi\Pijaca\Zadatak 2\bin\Debug\net5.0\fine-code-coverage\build-output\Microsoft.VisualStudio.TestPlatform.MSTest.TestAdapter.dll
TpTrace Verbose: 0 : 5124, 4, 2021/11/27, 19:33:34.021, 749375633067, testhost.dll, TestPluginCache.GetExtensionPaths: Added unfilterableExtensionPaths: 
TpTrace Information: 0 : 5124, 4, 2021/11/27, 19:33:34.021, 749375633762, testhost.dll, AssemblyResolver.AddSearchDirectories: Adding more searchDirectories C:\Users\User\Documents\GitHub\Grupa-3-Verifikovani-i-Validirani-Softverasi\Pijaca\Zadatak 2\bin\Debug\net5.0\fine-code-coverage\build-output
TpTrace Verbose: 0 : 5124, 4, 2021/11/27, 19:33:34.021, 749375634087, testhost.dll, TestPluginCache.DiscoverTestExtensions: Discovering the extensions using extension path.
TpTrace Verbose: 0 : 5124, 4, 2021/11/27, 19:33:34.021, 749375634440, testhost.dll, TestPluginCache.GetExtensionPaths: Filtered extension paths: 
TpTrace Verbose: 0 : 5124, 4, 2021/11/27, 19:33:34.021, 749375634761, testhost.dll, TestPluginCache.GetExtensionPaths: Added default extension paths: C:\Users\User\Documents\GitHub\Grupa-3-Verifikovani-i-Validirani-Softverasi\Pijaca\Zadatak 2\bin\Debug\net5.0\fine-code-coverage\build-output\Microsoft.VisualStudio.TestPlatform.MSTest.TestAdapter.dll
TpTrace Verbose: 0 : 5124, 4, 2021/11/27, 19:33:34.021, 749375635086, testhost.dll, TestPluginCache.GetExtensionPaths: Added unfilterableExtensionPaths: 
TpTrace Verbose: 0 : 5124, 4, 2021/11/27, 19:33:34.022, 749375635545, testhost.dll, TestPluginCache.DiscoverTestExtensions: Discovering the extensions using allExtensionPaths: C:\Users\User\Documents\GitHub\Grupa-3-Verifikovani-i-Validirani-Softverasi\Pijaca\Zadatak 2\bin\Debug\net5.0\fine-code-coverage\build-output\Microsoft.VisualStudio.TestPlatform.MSTest.TestAdapter.dll
TpTrace Information: 0 : 5124, 4, 2021/11/27, 19:33:34.022, 749375635982, testhost.dll, AssemblyResolver.AddSearchDirectories: Adding more searchDirectories C:\Users\User\Documents\GitHub\Grupa-3-Verifikovani-i-Validirani-Softverasi\Pijaca\Zadatak 2\bin\Debug\net5.0\fine-code-coverage\build-output
TpTrace Verbose: 0 : 5124, 4, 2021/11/27, 19:33:34.022, 749375637743, testhost.dll, TestPluginCache: Discovered the extensions using extension path ''.
TpTrace Verbose: 0 : 5124, 4, 2021/11/27, 19:33:34.022, 749375638092, testhost.dll, TestPluginCache: Discoverers are ''.
TpTrace Verbose: 0 : 5124, 4, 2021/11/27, 19:33:34.022, 749375638267, testhost.dll, TestPluginCache: Executors are 'executor://MSTestAdapter/v2'.
TpTrace Verbose: 0 : 5124, 4, 2021/11/27, 19:33:34.022, 749375638443, testhost.dll, TestPluginCache: Executors2 are ''.
TpTrace Verbose: 0 : 5124, 4, 2021/11/27, 19:33:34.022, 749375638745, testhost.dll, TestPluginCache: Setting providers are ''.
TpTrace Verbose: 0 : 5124, 4, 2021/11/27, 19:33:34.022, 749375638940, testhost.dll, TestPluginCache: Loggers are ''.
TpTrace Verbose: 0 : 5124, 4, 2021/11/27, 19:33:34.024, 749375644682, testhost.dll, TestExecutorService: Loaded the settings providers
TpTrace Information: 0 : 5124, 4, 2021/11/27, 19:33:34.024, 749375645233, testhost.dll, TestExecutorService: Loaded the extensions
TpTrace Information: 0 : 5124, 4, 2021/11/27, 19:33:34.133, 749376073157, testhost.dll, TestDiscoveryManager: Discovering tests from sources C:\Users\User\Documents\GitHub\Grupa-3-Verifikovani-i-Validirani-Softverasi\Pijaca\Zadatak 2\bin\Debug\net5.0\fine-code-coverage\build-output\Zadatak 2.dll
TpTrace Verbose: 0 : 5124, 4, 2021/11/27, 19:33:34.143, 749376087689, testhost.dll, TestPluginCache.DiscoverTestExtensions: finding test extensions in assemblies ends with: TestAdapter.dll TPluginInfo: Microsoft.VisualStudio.TestPlatform.Common.ExtensionFramework.Utilities.TestDiscovererPluginInformation TExtension: Microsoft.VisualStudio.TestPlatform.ObjectModel.Adapter.ITestDiscoverer
TpTrace Verbose: 0 : 5124, 4, 2021/11/27, 19:33:34.143, 749376088711, testhost.dll, TestPluginCache.GetExtensionPaths: Filtered extension paths: 
TpTrace Verbose: 0 : 5124, 4, 2021/11/27, 19:33:34.143, 749376088913, testhost.dll, TestPluginCache.GetExtensionPaths: Added default extension paths: C:\Users\User\Documents\GitHub\Grupa-3-Verifikovani-i-Validirani-Softverasi\Pijaca\Zadatak 2\bin\Debug\net5.0\fine-code-coverage\build-output\Microsoft.VisualStudio.TestPlatform.MSTest.TestAdapter.dll
TpTrace Verbose: 0 : 5124, 4, 2021/11/27, 19:33:34.143, 749376089115, testhost.dll, TestPluginCache.GetExtensionPaths: Added unfilterableExtensionPaths: 
TpTrace Information: 0 : 5124, 4, 2021/11/27, 19:33:34.143, 749376089736, testhost.dll, AssemblyResolver.AddSearchDirectories: Adding more searchDirectories C:\Users\User\Documents\GitHub\Grupa-3-Verifikovani-i-Validirani-Softverasi\Pijaca\Zadatak 2\bin\Debug\net5.0\fine-code-coverage\build-output
TpTrace Verbose: 0 : 5124, 4, 2021/11/27, 19:33:34.143, 749376089951, testhost.dll, TestPluginCache.DiscoverTestExtensions: Discovering the extensions using extension path.
TpTrace Verbose: 0 : 5124, 4, 2021/11/27, 19:33:34.143, 749376090503, testhost.dll, TestPluginCache.GetExtensionPaths: Filtered extension paths: 
TpTrace Verbose: 0 : 5124, 4, 2021/11/27, 19:33:34.143, 749376090669, testhost.dll, TestPluginCache.GetExtensionPaths: Added default extension paths: C:\Users\User\Documents\GitHub\Grupa-3-Verifikovani-i-Validirani-Softverasi\Pijaca\Zadatak 2\bin\Debug\net5.0\fine-code-coverage\build-output\Microsoft.VisualStudio.TestPlatform.MSTest.TestAdapter.dll
TpTrace Verbose: 0 : 5124, 4, 2021/11/27, 19:33:34.143, 749376090811, testhost.dll, TestPluginCache.GetExtensionPaths: Added unfilterableExtensionPaths: 
TpTrace Verbose: 0 : 5124, 4, 2021/11/27, 19:33:34.143, 749376090965, testhost.dll, TestPluginCache.DiscoverTestExtensions: Discovering the extensions using allExtensionPaths: C:\Users\User\Documents\GitHub\Grupa-3-Verifikovani-i-Validirani-Softverasi\Pijaca\Zadatak 2\bin\Debug\net5.0\fine-code-coverage\build-output\Microsoft.VisualStudio.TestPlatform.MSTest.TestAdapter.dll
TpTrace Information: 0 : 5124, 4, 2021/11/27, 19:33:34.143, 749376091240, testhost.dll, AssemblyResolver.AddSearchDirectories: Adding more searchDirectories C:\Users\User\Documents\GitHub\Grupa-3-Verifikovani-i-Validirani-Softverasi\Pijaca\Zadatak 2\bin\Debug\net5.0\fine-code-coverage\build-output
TpTrace Verbose: 0 : 5124, 4, 2021/11/27, 19:33:34.143, 749376104781, testhost.dll, TestPluginCache: Discovered the extensions using extension path ''.
TpTrace Verbose: 0 : 5124, 4, 2021/11/27, 19:33:34.143, 749376105440, testhost.dll, TestPluginCache: Discoverers are 'Microsoft.VisualStudio.TestPlatform.MSTest.TestAdapter.MSTestDiscoverer, Microsoft.VisualStudio.TestPlatform.MSTest.TestAdapter, Version=14.0.0.0, Culture=neutral, PublicKeyToken=b03f5f7f11d50a3a'.
TpTrace Verbose: 0 : 5124, 4, 2021/11/27, 19:33:34.143, 749376105649, testhost.dll, TestPluginCache: Executors are 'executor://MSTestAdapter/v2'.
TpTrace Verbose: 0 : 5124, 4, 2021/11/27, 19:33:34.143, 749376105888, testhost.dll, TestPluginCache: Executors2 are ''.
TpTrace Verbose: 0 : 5124, 4, 2021/11/27, 19:33:34.143, 749376106176, testhost.dll, TestPluginCache: Setting providers are ''.
TpTrace Verbose: 0 : 5124, 4, 2021/11/27, 19:33:34.143, 749376106653, testhost.dll, TestPluginCache: Loggers are ''.
TpTrace Verbose: 0 : 5124, 4, 2021/11/27, 19:33:34.153, 749376142885, testhost.dll, BaseRunTests.RunTestInternalWithExecutors: Running tests for executor://MSTestAdapter/v2
TpTrace Information: 0 : 5124, 4, 2021/11/27, 19:33:34.153, 749376146349, testhost.dll, AssemblyResolver.OnResolve: Microsoft.VisualStudio.TestPlatform.MSTestAdapter.PlatformServices.Interface: Resolving assembly.
TpTrace Information: 0 : 5124, 4, 2021/11/27, 19:33:34.153, 749376151764, testhost.dll, AssemblyResolver.OnResolve: Resolved assembly: Microsoft.VisualStudio.TestPlatform.MSTestAdapter.PlatformServices.Interface, from path: C:\Users\User\Documents\GitHub\Grupa-3-Verifikovani-i-Validirani-Softverasi\Pijaca\Zadatak 2\bin\Debug\net5.0\fine-code-coverage\build-output\Microsoft.VisualStudio.TestPlatform.MSTestAdapter.PlatformServices.Interface.dll
TpTrace Information: 0 : 5124, 4, 2021/11/27, 19:33:34.163, 749376159351, testhost.dll, AssemblyResolver.OnResolve: Microsoft.VisualStudio.TestPlatform.MSTestAdapter.PlatformServices: Resolving assembly.
TpTrace Information: 0 : 5124, 4, 2021/11/27, 19:33:34.163, 749376163693, testhost.dll, AssemblyResolver.OnResolve: Resolved assembly: Microsoft.VisualStudio.TestPlatform.MSTestAdapter.PlatformServices, from path: C:\Users\User\Documents\GitHub\Grupa-3-Verifikovani-i-Validirani-Softverasi\Pijaca\Zadatak 2\bin\Debug\net5.0\fine-code-coverage\build-output\Microsoft.VisualStudio.TestPlatform.MSTestAdapter.PlatformServices.dll
TpTrace Information: 0 : 5124, 4, 2021/11/27, 19:33:34.163, 749376166055, testhost.dll, MSTest - MSTestExecutor.RunTests: Running tests from sources.
TpTrace Information: 0 : 5124, 4, 2021/11/27, 19:33:34.163, 749376184583, testhost.dll, MSTest - CollectSourceInformation value Found : False 
TpTrace Information: 0 : 5124, 4, 2021/11/27, 19:33:34.201, 749376298592, testhost.dll, AssemblyResolver.OnResolve: Microsoft.TestPlatform.AdapterUtilities: Resolving assembly.
TpTrace Information: 0 : 5124, 4, 2021/11/27, 19:33:34.202, 749376303493, testhost.dll, AssemblyResolver.OnResolve: Resolved assembly: Microsoft.TestPlatform.AdapterUtilities, from path: C:\Users\User\Documents\GitHub\Grupa-3-Verifikovani-i-Validirani-Softverasi\Pijaca\Zadatak 2\bin\Debug\net5.0\fine-code-coverage\build-output\Microsoft.TestPlatform.AdapterUtilities.dll
TpTrace Information: 0 : 5124, 4, 2021/11/27, 19:33:34.220, 749376372339, testhost.dll, MSTest - MSTestDiscoverer: Found 5 tests from source C:\Users\User\Documents\GitHub\Grupa-3-Verifikovani-i-Validirani-Softverasi\Pijaca\Zadatak 2\bin\Debug\net5.0\fine-code-coverage\build-output\Zadatak 2.dll
TpTrace Information: 0 : 5124, 4, 2021/11/27, 19:33:34.244, 749376459541, testhost.dll, AssemblyResolver.OnResolve: Microsoft.VisualStudio.TestPlatform.MSTestAdapter.PlatformServices.resources: Resolving assembly.
TpTrace Information: 0 : 5124, 4, 2021/11/27, 19:33:34.244, 749376460430, testhost.dll, AssemblyResolver.OnResolve: Microsoft.VisualStudio.TestPlatform.MSTestAdapter.PlatformServices.resources: Failed to load assembly.
TpTrace Information: 0 : 5124, 4, 2021/11/27, 19:33:34.245, 749376463051, testhost.dll, AssemblyResolver.OnResolve: Microsoft.VisualStudio.TestPlatform.MSTestAdapter.PlatformServices.resources: Resolving assembly.
TpTrace Information: 0 : 5124, 4, 2021/11/27, 19:33:34.245, 749376463484, testhost.dll, AssemblyResolver.OnResolve: Microsoft.VisualStudio.TestPlatform.MSTestAdapter.PlatformServices.resources: Resolved from cache.
TpTrace Information: 0 : 5124, 4, 2021/11/27, 19:33:34.268, 749376549890, testhost.dll, MSTest - Created unit-test runner C:\Users\User\Documents\GitHub\Grupa-3-Verifikovani-i-Validirani-Softverasi\Pijaca\Zadatak 2\bin\Debug\net5.0\fine-code-coverage\build-output\Zadatak 2.dll
TpTrace Verbose: 0 : 5124, 4, 2021/11/27, 19:33:34.275, 749376574596, testhost.dll, TestExecutionRecorder.RecordStart: Starting test: Zadatak_2.TDD.TestZamjenskiObjekat.
TpTrace Information: 0 : 5124, 4, 2021/11/27, 19:33:34.400, 749377036132, testhost.dll, MSTest - Executing test TestZamjenskiObjekat
TpTrace Information: 0 : 5124, 4, 2021/11/27, 19:33:34.464, 749377274015, testhost.dll, MSTest - Executed test TestZamjenskiObjekat
TpTrace Verbose: 0 : 5124, 4, 2021/11/27, 19:33:34.470, 749377298224, testhost.dll, TestExecutionRecorder.RecordEnd: test: Zadatak_2.TDD.TestZamjenskiObjekat execution completed.
TpTrace Verbose: 0 : 5124, 4, 2021/11/27, 19:33:34.502, 749377416068, testhost.dll, TestExecutionRecorder.RecordResult: Received result for test: Zadatak_2.TDD.TestZamjenskiObjekat.
TpTrace Warning: 0 : 5124, 4, 2021/11/27, 19:33:34.511, 749377448340, testhost.dll, TestRunCache: InProgressTests is null
TpTrace Warning: 0 : 5124, 4, 2021/11/27, 19:33:34.511, 749377449346, testhost.dll, TestRunCache: No test found corresponding to testResult '' in inProgress list.
TpTrace Verbose: 0 : 5124, 4, 2021/11/27, 19:33:34.511, 749377449889, testhost.dll, TestExecutionRecorder.RecordStart: Starting test: Zadatak_2.TDD.DodavanjeMesnihProizvoda.
TpTrace Information: 0 : 5124, 4, 2021/11/27, 19:33:34.514, 749377460354, testhost.dll, MSTest - Executing test DodavanjeMesnihProizvoda
TpTrace Information: 0 : 5124, 4, 2021/11/27, 19:33:34.520, 749377483495, testhost.dll, MSTest - Executed test DodavanjeMesnihProizvoda
TpTrace Verbose: 0 : 5124, 4, 2021/11/27, 19:33:34.521, 749377484113, testhost.dll, TestExecutionRecorder.RecordEnd: test: Zadatak_2.TDD.DodavanjeMesnihProizvoda execution completed.
TpTrace Verbose: 0 : 5124, 4, 2021/11/27, 19:33:34.524, 749377496894, testhost.dll, TestExecutionRecorder.RecordResult: Received result for test: Zadatak_2.TDD.DodavanjeMesnihProizvoda.
TpTrace Warning: 0 : 5124, 4, 2021/11/27, 19:33:34.524, 749377497647, testhost.dll, TestRunCache: InProgressTests is null
TpTrace Warning: 0 : 5124, 4, 2021/11/27, 19:33:34.524, 749377497885, testhost.dll, TestRunCache: No test found corresponding to testResult '' in inProgress list.
TpTrace Verbose: 0 : 5124, 4, 2021/11/27, 19:33:34.524, 749377498166, testhost.dll, TestExecutionRecorder.RecordStart: Starting test: Zadatak_2.TDD.DodavanjeVoćaIBrisanje.
TpTrace Information: 0 : 5124, 4, 2021/11/27, 19:33:34.525, 749377508380, testhost.dll, MSTest - Executing test DodavanjeVoćaIBrisanje
TpTrace Information: 0 : 5124, 4, 2021/11/27, 19:33:34.525, 749377514715, testhost.dll, MSTest - Executed test DodavanjeVoćaIBrisanje
TpTrace Verbose: 0 : 5124, 4, 2021/11/27, 19:33:34.525, 749377515256, testhost.dll, TestExecutionRecorder.RecordEnd: test: Zadatak_2.TDD.DodavanjeVoćaIBrisanje execution completed.
TpTrace Verbose: 0 : 5124, 4, 2021/11/27, 19:33:34.525, 749377527581, testhost.dll, TestExecutionRecorder.RecordResult: Received result for test: Zadatak_2.TDD.DodavanjeVoćaIBrisanje.
TpTrace Warning: 0 : 5124, 4, 2021/11/27, 19:33:34.525, 749377528318, testhost.dll, TestRunCache: InProgressTests is null
TpTrace Warning: 0 : 5124, 4, 2021/11/27, 19:33:34.525, 749377528448, testhost.dll, TestRunCache: No test found corresponding to testResult '' in inProgress list.
TpTrace Verbose: 0 : 5124, 4, 2021/11/27, 19:33:34.525, 749377528683, testhost.dll, TestExecutionRecorder.RecordStart: Starting test: Zadatak_2.TDD.NepodržaniTipDodavanja.
TpTrace Information: 0 : 5124, 4, 2021/11/27, 19:33:34.535, 749377540800, testhost.dll, MSTest - Executing test NepodržaniTipDodavanja
TpTrace Information: 0 : 5124, 4, 2021/11/27, 19:33:34.535, 749377551775, testhost.dll, MSTest - Executed test NepodržaniTipDodavanja
TpTrace Verbose: 0 : 5124, 4, 2021/11/27, 19:33:34.535, 749377552240, testhost.dll, TestExecutionRecorder.RecordEnd: test: Zadatak_2.TDD.NepodržaniTipDodavanja execution completed.
TpTrace Verbose: 0 : 5124, 4, 2021/11/27, 19:33:34.535, 749377559827, testhost.dll, TestExecutionRecorder.RecordResult: Received result for test: Zadatak_2.TDD.NepodržaniTipDodavanja.
TpTrace Warning: 0 : 5124, 4, 2021/11/27, 19:33:34.535, 749377560097, testhost.dll, TestRunCache: InProgressTests is null
TpTrace Warning: 0 : 5124, 4, 2021/11/27, 19:33:34.535, 749377560216, testhost.dll, TestRunCache: No test found corresponding to testResult '' in inProgress list.
TpTrace Verbose: 0 : 5124, 4, 2021/11/27, 19:33:34.535, 749377560662, testhost.dll, TestExecutionRecorder.RecordStart: Starting test: Zadatak_2.TDD.NemogućeDodavanjeUzBrisanje.
TpTrace Information: 0 : 5124, 4, 2021/11/27, 19:33:34.535, 749377567974, testhost.dll, MSTest - Executing test NemogućeDodavanjeUzBrisanje
TpTrace Information: 0 : 5124, 4, 2021/11/27, 19:33:34.535, 749377572650, testhost.dll, MSTest - Executed test NemogućeDodavanjeUzBrisanje
TpTrace Verbose: 0 : 5124, 4, 2021/11/27, 19:33:34.545, 749377573386, testhost.dll, TestExecutionRecorder.RecordEnd: test: Zadatak_2.TDD.NemogućeDodavanjeUzBrisanje execution completed.
TpTrace Verbose: 0 : 5124, 4, 2021/11/27, 19:33:34.545, 749377584412, testhost.dll, TestExecutionRecorder.RecordResult: Received result for test: Zadatak_2.TDD.NemogućeDodavanjeUzBrisanje.
TpTrace Warning: 0 : 5124, 4, 2021/11/27, 19:33:34.545, 749377585205, testhost.dll, TestRunCache: InProgressTests is null
TpTrace Warning: 0 : 5124, 4, 2021/11/27, 19:33:34.545, 749377585361, testhost.dll, TestRunCache: No test found corresponding to testResult '' in inProgress list.
TpTrace Information: 0 : 5124, 4, 2021/11/27, 19:33:34.545, 749377586798, testhost.dll, MSTest - Executing cleanup methods.
TpTrace Information: 0 : 5124, 4, 2021/11/27, 19:33:34.545, 749377596188, testhost.dll, MSTest - Executed cleanup methods.
TpTrace Information: 0 : 5124, 4, 2021/11/27, 19:33:34.545, 749377596739, testhost.dll, MSTest - Executed tests belonging to source C:\Users\User\Documents\GitHub\Grupa-3-Verifikovani-i-Validirani-Softverasi\Pijaca\Zadatak 2\bin\Debug\net5.0\fine-code-coverage\build-output\Zadatak 2.dll
TpTrace Information: 0 : 5124, 4, 2021/11/27, 19:33:34.545, 749377598180, testhost.dll, Deleting deployment directory C:\Users\User\Documents\GitHub\Grupa-3-Verifikovani-i-Validirani-Softverasi\Pijaca\Zadatak 2\bin\Debug\net5.0\fine-code-coverage\coverage-tool-output\Deploy_User 2021-11-27 19_33_34
TpTrace Information: 0 : 5124, 4, 2021/11/27, 19:33:34.555, 749377620064, testhost.dll, Deleted deployment directory C:\Users\User\Documents\GitHub\Grupa-3-Verifikovani-i-Validirani-Softverasi\Pijaca\Zadatak 2\bin\Debug\net5.0\fine-code-coverage\coverage-tool-output\Deploy_User 2021-11-27 19_33_34
TpTrace Verbose: 0 : 5124, 4, 2021/11/27, 19:33:34.555, 749377624184, testhost.dll, BaseRunTests.RunTestInternalWithExecutors: Completed running tests for executor://MSTestAdapter/v2
TpTrace Information: 0 : 5124, 4, 2021/11/27, 19:33:34.555, 749377646074, testhost.dll, Sending test run complete
TpTrace Verbose: 0 : 5124, 4, 2021/11/27, 19:33:34.634, 749377929840, testhost.dll, TestRequestHandler.SendData:  sending data from testhost: {"Version":5,"MessageType":"TestExecution.Completed","Payload":{"TestRunCompleteArgs":{"TestRunStatistics":{"ExecutedTests":5,"Stats":{"Passed":5}},"IsCanceled":false,"IsAborted":false,"Error":null,"AttachmentSets":[],"ElapsedTimeInRunningTests":"00:00:00.4075049","Metrics":{}},"LastRunTests":{"NewTestResults":[{"TestCase":{"Id":"cd075b4d-61b2-de77-403b-0cfb69a56f47","FullyQualifiedName":"Zadatak_2.TDD.TestZamjenskiObjekat","DisplayName":"TestZamjenskiObjekat","ExecutorUri":"executor://MSTestAdapter/v2","Source":"C:\\Users\\User\\Documents\\GitHub\\Grupa-3-Verifikovani-i-Validirani-Softverasi\\Pijaca\\Zadatak 2\\bin\\Debug\\net5.0\\fine-code-coverage\\build-output\\Zadatak 2.dll","CodeFilePath":null,"LineNumber":-1,"Properties":[{"Key":{"Id":"TestCase.ManagedType","Label":"ManagedType","Category":"","Description":"","Attributes":1,"ValueType":"System.String"},"Value":"Zadatak_2.TDD"},{"Key":{"Id":"TestCase.ManagedMethod","Label":"ManagedMethod","Category":"","Description":"","Attributes":1,"ValueType":"System.String"},"Value":"TestZamjenskiObjekat"},{"Key":{"Id":"MSTestDiscoverer.TestClassName","Label":"ClassName","Category":"","Description":"","Attributes":1,"ValueType":"System.String"},"Value":"Zadatak_2.TDD"},{"Key":{"Id":"TestObject.Traits","Label":"Traits","Category":"","Description":"","Attributes":5,"ValueType":"System.Collections.Generic.KeyValuePair`2[[System.String],[System.String]][]"},"Value":[]}]},"Attachments":[],"Outcome":1,"ErrorMessage":null,"ErrorStackTrace":null,"DisplayName":null,"Messages":[],"ComputerName":null,"Duration":"00:00:00.0145694","StartTime":"2021-11-27T19:33:34.3996327+01:00","EndTime":"2021-11-27T19:33:34.4646364+01:00","Properties":[{"Key":{"Id":"ExecutionId","Label":"ExecutionId","Category":"","Description":"","Attributes":1,"ValueType":"System.Guid"},"Value":"00000000-0000-0000-0000-000000000000"},{"Key":{"Id":"ParentExecId","Label":"ParentExecId","Category":"","Description":"","Attributes":1,"ValueType":"System.Guid"},"Value":"00000000-0000-0000-0000-000000000000"},{"Key":{"Id":"InnerResultsCount","Label":"InnerResultsCount","Category":"","Description":"","Attributes":1,"ValueType":"System.Int32"},"Value":0}]},{"TestCase":{"Id":"3a1d8414-af96-8075-3e91-63006d286d73","FullyQualifiedName":"Zadatak_2.TDD.DodavanjeMesnihProizvoda","DisplayName":"DodavanjeMesnihProizvoda","ExecutorUri":"executor://MSTestAdapter/v2","Source":"C:\\Users\\User\\Documents\\GitHub\\Grupa-3-Verifikovani-i-Validirani-Softverasi\\Pijaca\\Zadatak 2\\bin\\Debug\\net5.0\\fine-code-coverage\\build-output\\Zadatak 2.dll","CodeFilePath":null,"LineNumber":-1,"Properties":[{"Key":{"Id":"TestCase.ManagedType","Label":"ManagedType","Category":"","Description":"","Attributes":1,"ValueType":"System.String"},"Value":"Zadatak_2.TDD"},{"Key":{"Id":"TestCase.ManagedMethod","Label":"ManagedMethod","Category":"","Description":"","Attributes":1,"ValueType":"System.String"},"Value":"DodavanjeMesnihProizvoda"},{"Key":{"Id":"MSTestDiscoverer.TestClassName","Label":"ClassName","Category":"","Description":"","Attributes":1,"ValueType":"System.String"},"Value":"Zadatak_2.TDD"},{"Key":{"Id":"TestObject.Traits","Label":"Traits","Category":"","Description":"","Attributes":5,"ValueType":"System.Collections.Generic.KeyValuePair`2[[System.String],[System.String]][]"},"Value":[]}]},"Attachments":[],"Outcome":1,"ErrorMessage":null,"ErrorStackTrace":null,"DisplayName":null,"Messages":[],"ComputerName":null,"Duration":"00:00:00.0054477","StartTime":"2021-11-27T19:33:34.5146393+01:00","EndTime":"2021-11-27T19:33:34.5216397+01:00","Properties":[{"Key":{"Id":"ExecutionId","Label":"ExecutionId","Category":"","Description":"","Attributes":1,"ValueType":"System.Guid"},"Value":"00000000-0000-0000-0000-000000000000"},{"Key":{"Id":"ParentExecId","Label":"ParentExecId","Category":"","Description":"","Attributes":1,"ValueType":"System.Guid"},"Value":"00000000-0000-0000-0000-000000000000"},{"Key":{"Id":"InnerResultsCount","Label":"InnerResultsCount","Category":"","Description":"","Attributes":1,"ValueType":"System.Int32"},"Value":0}]},{"TestCase":{"Id":"3f4528f8-6f76-6b66-8987-b10996504e89","FullyQualifiedName":"Zadatak_2.TDD.DodavanjeVoćaIBrisanje","DisplayName":"DodavanjeVoćaIBrisanje","ExecutorUri":"executor://MSTestAdapter/v2","Source":"C:\\Users\\User\\Documents\\GitHub\\Grupa-3-Verifikovani-i-Validirani-Softverasi\\Pijaca\\Zadatak 2\\bin\\Debug\\net5.0\\fine-code-coverage\\build-output\\Zadatak 2.dll","CodeFilePath":null,"LineNumber":-1,"Properties":[{"Key":{"Id":"TestCase.ManagedType","Label":"ManagedType","Category":"","Description":"","Attributes":1,"ValueType":"System.String"},"Value":"Zadatak_2.TDD"},{"Key":{"Id":"TestCase.ManagedMethod","Label":"ManagedMethod","Category":"","Description":"","Attributes":1,"ValueType":"System.String"},"Value":"DodavanjeVoćaIBrisanje"},{"Key":{"Id":"MSTestDiscoverer.TestClassName","Label":"ClassName","Category":"","Description":"","Attributes":1,"ValueType":"System.String"},"Value":"Zadatak_2.TDD"},{"Key":{"Id":"TestObject.Traits","Label":"Traits","Category":"","Description":"","Attributes":5,"ValueType":"System.Collections.Generic.KeyValuePair`2[[System.String],[System.String]][]"},"Value":[]}]},"Attachments":[],"Outcome":1,"ErrorMessage":null,"ErrorStackTrace":null,"DisplayName":null,"Messages":[],"ComputerName":null,"Duration":"00:00:00.0012887","StartTime":"2021-11-27T19:33:34.5256399+01:00","EndTime":"2021-11-27T19:33:34.5256399+01:00","Properties":[{"Key":{"Id":"ExecutionId","Label":"ExecutionId","Category":"","Description":"","Attributes":1,"ValueType":"System.Guid"},"Value":"00000000-0000-0000-0000-000000000000"},{"Key":{"Id":"ParentExecId","Label":"ParentExecId","Category":"","Description":"","Attributes":1,"ValueType":"System.Guid"},"Value":"00000000-0000-0000-0000-000000000000"},{"Key":{"Id":"InnerResultsCount","Label":"InnerResultsCount","Category":"","Description":"","Attributes":1,"ValueType":"System.Int32"},"Value":0}]},{"TestCase":{"Id":"94f032db-9346-302f-6689-ffa07b4ffe55","FullyQualifiedName":"Zadatak_2.TDD.NepodržaniTipDodavanja","DisplayName":"NepodržaniTipDodavanja","ExecutorUri":"executor://MSTestAdapter/v2","Source":"C:\\Users\\User\\Documents\\GitHub\\Grupa-3-Verifikovani-i-Validirani-Softverasi\\Pijaca\\Zadatak 2\\bin\\Debug\\net5.0\\fine-code-coverage\\build-output\\Zadatak 2.dll","CodeFilePath":null,"LineNumber":-1,"Properties":[{"Key":{"Id":"TestCase.ManagedType","Label":"ManagedType","Category":"","Description":"","Attributes":1,"ValueType":"System.String"},"Value":"Zadatak_2.TDD"},{"Key":{"Id":"TestCase.ManagedMethod","Label":"ManagedMethod","Category":"","Description":"","Attributes":1,"ValueType":"System.String"},"Value":"NepodržaniTipDodavanja"},{"Key":{"Id":"MSTestDiscoverer.TestClassName","Label":"ClassName","Category":"","Description":"","Attributes":1,"ValueType":"System.String"},"Value":"Zadatak_2.TDD"},{"Key":{"Id":"TestObject.Traits","Label":"Traits","Category":"","Description":"","Attributes":5,"ValueType":"System.Collections.Generic.KeyValuePair`2[[System.String],[System.String]][]"},"Value":[]}]},"Attachments":[],"Outcome":1,"ErrorMessage":null,"ErrorStackTrace":null,"DisplayName":null,"Messages":[],"ComputerName":null,"Duration":"00:00:00.0024952","StartTime":"2021-11-27T19:33:34.5356399+01:00","EndTime":"2021-11-27T19:33:34.5356399+01:00","Properties":[{"Key":{"Id":"ExecutionId","Label":"ExecutionId","Category":"","Description":"","Attributes":1,"ValueType":"System.Guid"},"Value":"00000000-0000-0000-0000-000000000000"},{"Key":{"Id":"ParentExecId","Label":"ParentExecId","Category":"","Description":"","Attributes":1,"ValueType":"System.Guid"},"Value":"00000000-0000-0000-0000-000000000000"},{"Key":{"Id":"InnerResultsCount","Label":"InnerResultsCount","Category":"","Description":"","Attributes":1,"ValueType":"System.Int32"},"Value":0}]},{"TestCase":{"Id":"0e86f05c-b4ae-450e-5451-e8f8450dc484","FullyQualifiedName":"Zadatak_2.TDD.NemogućeDodavanjeUzBrisanje","DisplayName":"NemogućeDodavanjeUzBrisanje","ExecutorUri":"executor://MSTestAdapter/v2","Source":"C:\\Users\\User\\Documents\\GitHub\\Grupa-3-Verifikovani-i-Validirani-Softverasi\\Pijaca\\Zadatak 2\\bin\\Debug\\net5.0\\fine-code-coverage\\build-output\\Zadatak 2.dll","CodeFilePath":null,"LineNumber":-1,"Properties":[{"Key":{"Id":"TestCase.ManagedType","Label":"ManagedType","Category":"","Description":"","Attributes":1,"ValueType":"System.String"},"Value":"Zadatak_2.TDD"},{"Key":{"Id":"TestCase.ManagedMethod","Label":"ManagedMethod","Category":"","Description":"","Attributes":1,"ValueType":"System.String"},"Value":"NemogućeDodavanjeUzBrisanje"},{"Key":{"Id":"MSTestDiscoverer.TestClassName","Label":"ClassName","Category":"","Description":"","Attributes":1,"ValueType":"System.String"},"Value":"Zadatak_2.TDD"},{"Key":{"Id":"TestObject.Traits","Label":"Traits","Category":"","Description":"","Attributes":5,"ValueType":"System.Collections.Generic.KeyValuePair`2[[System.String],[System.String]][]"},"Value":[]}]},"Attachments":[],"Outcome":1,"ErrorMessage":null,"ErrorStackTrace":null,"DisplayName":null,"Messages":[],"ComputerName":null,"Duration":"00:00:00.0009081","StartTime":"2021-11-27T19:33:34.5356399+01:00","EndTime":"2021-11-27T19:33:34.54564+01:00","Properties":[{"Key":{"Id":"ExecutionId","Label":"ExecutionId","Category":"","Description":"","Attributes":1,"ValueType":"System.Guid"},"Value":"00000000-0000-0000-0000-000000000000"},{"Key":{"Id":"ParentExecId","Label":"ParentExecId","Category":"","Description":"","Attributes":1,"ValueType":"System.Guid"},"Value":"00000000-0000-0000-0000-000000000000"},{"Key":{"Id":"InnerResultsCount","Label":"InnerResultsCount","Category":"","Description":"","Attributes":1,"ValueType":"System.Int32"},"Value":0}]}],"TestRunStatistics":{"ExecutedTests":5,"Stats":{"Passed":5}},"ActiveTests":[]},"RunAttachments":[],"ExecutorUris":["executor://mstestadapter/v2"]}}
TpTrace Verbose: 0 : 5124, 4, 2021/11/27, 19:33:34.634, 749377936403, testhost.dll, BaseRunTests.RunTests: Run is complete.
TpTrace Verbose: 0 : 5124, 5, 2021/11/27, 19:33:34.644, 749377947485, testhost.dll, TcpClientExtensions.MessageLoopAsync: NotifyDataAvailable remoteEndPoint: [::ffff:127.0.0.1]:64188 localEndPoint: [::ffff:127.0.0.1]:64189
TpTrace Information: 0 : 5124, 5, 2021/11/27, 19:33:34.644, 749377948484, testhost.dll, TestRequestHandler.ProcessRequests: received message: (TestSession.Terminate) -> null
TpTrace Information: 0 : 5124, 5, 2021/11/27, 19:33:34.644, 749377948685, testhost.dll, Session End message received from server. Closing the connection.
TpTrace Information: 0 : 5124, 5, 2021/11/27, 19:33:34.644, 749377950493, testhost.dll, SocketClient.Stop: Stop communication from server endpoint: 127.0.0.1:064188
TpTrace Information: 0 : 5124, 5, 2021/11/27, 19:33:34.644, 749377950745, testhost.dll, SocketClient: Stop: Cancellation requested. Stopping message loop.
TpTrace Verbose: 0 : 5124, 5, 2021/11/27, 19:33:34.644, 749377951507, testhost.dll, LengthPrefixCommunicationChannel.Dispose: Dispose reader and writer.
TpTrace Information: 0 : 5124, 5, 2021/11/27, 19:33:34.644, 749377951720, testhost.dll, Closing the connection !
TpTrace Information: 0 : 5124, 5, 2021/11/27, 19:33:34.644, 749377952703, testhost.dll, SocketClient.PrivateStop: Stop communication from server endpoint: 127.0.0.1:064188, error:
TpTrace Verbose: 0 : 5124, 5, 2021/11/27, 19:33:34.644, 749377955265, testhost.dll, LengthPrefixCommunicationChannel.Dispose: Dispose reader and writer.
TpTrace Information: 0 : 5124, 1, 2021/11/27, 19:33:34.644, 749377955311, testhost.dll, Closing the connection !
TpTrace Verbose: 0 : 5124, 5, 2021/11/27, 19:33:34.644, 749377955679, testhost.dll, TcpClientExtensions.MessageLoopAsync: exiting MessageLoopAsync remoteEndPoint: [::ffff:127.0.0.1]:64188 localEndPoint: [::ffff:127.0.0.1]:64189
TpTrace Information: 0 : 5124, 1, 2021/11/27, 19:33:34.644, 749377956274, testhost.dll, SocketClient.Stop: Stop communication from server endpoint: 127.0.0.1:064188
TpTrace Verbose: 0 : 5124, 1, 2021/11/27, 19:33:34.644, 749377956542, testhost.dll, LengthPrefixCommunicationChannel.Dispose: Dispose reader and writer.
TpTrace Information: 0 : 5124, 1, 2021/11/27, 19:33:34.644, 749377957334, testhost.dll, Testhost process exiting.
