TpTrace Verbose: 0 : 19600, 1, 2021/11/18, 15:25:24.210, 816906212055, datacollector.dll, Version: 16.11.0
TpTrace Information: 0 : 19600, 1, 2021/11/18, 15:25:24.216, 816906250895, datacollector.dll, DataCollectorMain.Run: Starting data collector run with args: --port,64091,--parentprocessid,9080,--diag,C:\Users\Armin\Documents\GitHub\Grupa-3-Verifikovani-i-Validirani-Softverasi\Pijaca\Zadatak 2\bin\Debug\net5.0\fine-code-coverage\coverage-tool-output\diagnostics.datacollector.21-11-18_15-25-24_09494_4.log,--tracelevel,4
TpTrace Information: 0 : 19600, 1, 2021/11/18, 15:25:24.217, 816906256363, datacollector.dll, DataCollector: Monitoring parent process with id: '9080'
TpTrace Information: 0 : 19600, 1, 2021/11/18, 15:25:24.225, 816906337563, datacollector.dll, Trying to connect to server on socket : 127.0.0.1:64091 
TpTrace Verbose: 0 : 19600, 1, 2021/11/18, 15:25:24.252, 816906606751, datacollector.dll, SocketCommunicationManager : SetupClientAsync : Attempting to connect to the server.
TpTrace Information: 0 : 19600, 7, 2021/11/18, 15:25:24.261, 816906700473, datacollector.dll, Connected to the server successfully 
TpTrace Information: 0 : 19600, 7, 2021/11/18, 15:25:24.261, 816906701333, datacollector.dll, Using the buffer size of 16384 bytes
TpTrace Information: 0 : 19600, 1, 2021/11/18, 15:25:24.326, 816907346906, datacollector.dll, DataCollector: Start Request Processing.
TpTrace Information: 0 : 19600, 1, 2021/11/18, 15:25:24.329, 816907377219, datacollector.dll, DataCollectionRequestHandler.ProcessRequests : Datacollector received message: (DataCollection.BeforeTestRunStart) -> {
  "SettingsXml": "<RunSettings><RunConfiguration><ResultsDirectory>C:\\Users\\Armin\\Documents\\GitHub\\Grupa-3-Verifikovani-i-Validirani-Softverasi\\Pijaca\\Zadatak 2\\bin\\Debug\\net5.0\\fine-code-coverage\\coverage-tool-output</ResultsDirectory><TargetPlatform>X64</TargetPlatform><TargetFrameworkVersion>.NETCoreApp,Version=v5.0</TargetFrameworkVersion><DesignMode>False</DesignMode><CollectSourceInformation>False</CollectSourceInformation><TestAdaptersPaths>C:\\Program Files\\dotnet\\sdk\\5.0.402\\Extensions</TestAdaptersPaths></RunConfiguration><LoggerRunSettings><Loggers><Logger friendlyName=\"blame\" enabled=\"True\" /><Logger friendlyName=\"Console\" uri=\"logger://microsoft/TestPlatform/ConsoleLogger/v1\" assemblyQualifiedName=\"Microsoft.VisualStudio.TestPlatform.CommandLine.Internal.ConsoleLogger, vstest.console, Version=15.0.0.0, Culture=neutral, PublicKeyToken=b03f5f7f11d50a3a\" codeBase=\"C:\\Program Files\\dotnet\\sdk\\5.0.402\\vstest.console.dll\" enabled=\"True\" /></Loggers></LoggerRunSettings><DataCollectionRunSettings><DataCollectors><DataCollector friendlyName=\"blame\" enabled=\"True\"><Configuration><ResultsDirectory>C:\\Users\\Armin\\Documents\\GitHub\\Grupa-3-Verifikovani-i-Validirani-Softverasi\\Pijaca\\Zadatak 2\\bin\\Debug\\net5.0\\fine-code-coverage\\coverage-tool-output</ResultsDirectory></Configuration></DataCollector></DataCollectors></DataCollectionRunSettings></RunSettings>",
  "Sources": [
    "C:\\Users\\Armin\\Documents\\GitHub\\Grupa-3-Verifikovani-i-Validirani-Softverasi\\Pijaca\\Zadatak 2\\bin\\Debug\\net5.0\\fine-code-coverage\\build-output\\Zadatak 2.dll"
  ],
  "IsTelemetryOptedIn": false
}
TpTrace Verbose: 0 : 19600, 1, 2021/11/18, 15:25:24.360, 816907689967, datacollector.dll, TestPluginCache: Update extensions started. Skip filter = False
TpTrace Verbose: 0 : 19600, 1, 2021/11/18, 15:25:24.361, 816907702117, datacollector.dll, TestPluginCache: Using directories for assembly resolution 'C:\Program Files\dotnet\sdk\5.0.402\Extensions'.
TpTrace Verbose: 0 : 19600, 1, 2021/11/18, 15:25:24.361, 816907703192, datacollector.dll, TestPluginCache: Updated the available extensions to 'C:\Program Files\dotnet\sdk\5.0.402\Extensions\Microsoft.TestPlatform.Extensions.BlameDataCollector.dll,C:\Program Files\dotnet\sdk\5.0.402\Extensions\Microsoft.TestPlatform.Extensions.EventLogCollector.dll'.
TpTrace Verbose: 0 : 19600, 1, 2021/11/18, 15:25:24.368, 816907770782, datacollector.dll, TestPluginCache.DiscoverTestExtensions: finding test extensions in assemblies ends with: Collector.dll TPluginInfo: Microsoft.VisualStudio.TestPlatform.Common.DataCollector.DataCollectorConfig TExtension: Microsoft.VisualStudio.TestPlatform.ObjectModel.DataCollection.DataCollector
TpTrace Verbose: 0 : 19600, 1, 2021/11/18, 15:25:24.368, 816907773781, datacollector.dll, TestPluginCache.GetExtensionPaths: Filtered extension paths: C:\Program Files\dotnet\sdk\5.0.402\Extensions\Microsoft.TestPlatform.Extensions.BlameDataCollector.dll
C:\Program Files\dotnet\sdk\5.0.402\Extensions\Microsoft.TestPlatform.Extensions.EventLogCollector.dll
TpTrace Verbose: 0 : 19600, 1, 2021/11/18, 15:25:24.368, 816907774284, datacollector.dll, TestPluginCache.GetExtensionPaths: Added default extension paths: 
TpTrace Verbose: 0 : 19600, 1, 2021/11/18, 15:25:24.368, 816907774946, datacollector.dll, TestPluginCache.GetExtensionPaths: Added unfilterableExtensionPaths: 
TpTrace Information: 0 : 19600, 1, 2021/11/18, 15:25:24.369, 816907780536, datacollector.dll, AssemblyResolver.ctor: Creating AssemblyResolver with searchDirectories C:\Program Files\dotnet\sdk\5.0.402\Extensions,C:\Program Files\dotnet\sdk\5.0.402
TpTrace Verbose: 0 : 19600, 1, 2021/11/18, 15:25:24.370, 816907793289, datacollector.dll, TestPluginCache.DiscoverTestExtensions: Discovering the extensions using extension path.
TpTrace Verbose: 0 : 19600, 1, 2021/11/18, 15:25:24.370, 816907795357, datacollector.dll, TestPluginCache.GetExtensionPaths: Filtered extension paths: C:\Program Files\dotnet\sdk\5.0.402\Extensions\Microsoft.TestPlatform.Extensions.BlameDataCollector.dll
C:\Program Files\dotnet\sdk\5.0.402\Extensions\Microsoft.TestPlatform.Extensions.EventLogCollector.dll
TpTrace Verbose: 0 : 19600, 1, 2021/11/18, 15:25:24.370, 816907795755, datacollector.dll, TestPluginCache.GetExtensionPaths: Added default extension paths: 
TpTrace Verbose: 0 : 19600, 1, 2021/11/18, 15:25:24.370, 816907796054, datacollector.dll, TestPluginCache.GetExtensionPaths: Added unfilterableExtensionPaths: 
TpTrace Verbose: 0 : 19600, 1, 2021/11/18, 15:25:24.371, 816907797010, datacollector.dll, TestPluginCache.DiscoverTestExtensions: Discovering the extensions using allExtensionPaths: C:\Program Files\dotnet\sdk\5.0.402\Extensions\Microsoft.TestPlatform.Extensions.BlameDataCollector.dll
C:\Program Files\dotnet\sdk\5.0.402\Extensions\Microsoft.TestPlatform.Extensions.EventLogCollector.dll
TpTrace Information: 0 : 19600, 1, 2021/11/18, 15:25:24.371, 816907798154, datacollector.dll, AssemblyResolver.AddSearchDirectories: Adding more searchDirectories C:\Program Files\dotnet\sdk\5.0.402\Extensions,C:\Program Files\dotnet\sdk\5.0.402
TpTrace Information: 0 : 19600, 1, 2021/11/18, 15:25:24.371, 816907798672, datacollector.dll, AssemblyResolver.AddSearchDirectories: Adding more searchDirectories C:\Program Files\dotnet\sdk\5.0.402\Extensions,C:\Program Files\dotnet\sdk\5.0.402
TpTrace Information: 0 : 19600, 1, 2021/11/18, 15:25:24.371, 816907802734, datacollector.dll, AssemblyResolver.OnResolve: Microsoft.TestPlatform.Extensions.BlameDataCollector: Resolving assembly.
TpTrace Information: 0 : 19600, 1, 2021/11/18, 15:25:24.371, 816907803649, datacollector.dll, AssemblyResolver.OnResolve: Microsoft.TestPlatform.Extensions.BlameDataCollector: Searching in: 'C:\Program Files\dotnet\sdk\5.0.402\Extensions'.
TpTrace Information: 0 : 19600, 1, 2021/11/18, 15:25:24.372, 816907807764, datacollector.dll, AssemblyResolver.OnResolve: Microsoft.TestPlatform.Extensions.BlameDataCollector: Loading assembly 'C:\Program Files\dotnet\sdk\5.0.402\Extensions\Microsoft.TestPlatform.Extensions.BlameDataCollector.dll'.
TpTrace Information: 0 : 19600, 1, 2021/11/18, 15:25:24.372, 816907812557, datacollector.dll, AssemblyResolver.OnResolve: Resolved assembly: Microsoft.TestPlatform.Extensions.BlameDataCollector, from path: C:\Program Files\dotnet\sdk\5.0.402\Extensions\Microsoft.TestPlatform.Extensions.BlameDataCollector.dll
TpTrace Error: 0 : 19600, 1, 2021/11/18, 15:25:24.373, 816907822014, datacollector.dll, The type "Microsoft.TestPlatform.Extensions.BlameDataCollector.BlameCollector" defined in "Microsoft.TestPlatform.Extensions.BlameDataCollector.dll" does not have ExtensionUri attribute.
TpTrace Information: 0 : 19600, 1, 2021/11/18, 15:25:24.375, 816907838382, datacollector.dll, AssemblyResolver.OnResolve: Microsoft.TestPlatform.Extensions.EventLogCollector: Resolving assembly.
TpTrace Information: 0 : 19600, 1, 2021/11/18, 15:25:24.375, 816907840435, datacollector.dll, AssemblyResolver.OnResolve: Microsoft.TestPlatform.Extensions.EventLogCollector: Searching in: 'C:\Program Files\dotnet\sdk\5.0.402\Extensions'.
TpTrace Information: 0 : 19600, 1, 2021/11/18, 15:25:24.376, 816907846522, datacollector.dll, AssemblyResolver.OnResolve: Microsoft.TestPlatform.Extensions.EventLogCollector: Loading assembly 'C:\Program Files\dotnet\sdk\5.0.402\Extensions\Microsoft.TestPlatform.Extensions.EventLogCollector.dll'.
TpTrace Information: 0 : 19600, 1, 2021/11/18, 15:25:24.376, 816907850115, datacollector.dll, AssemblyResolver.OnResolve: Resolved assembly: Microsoft.TestPlatform.Extensions.EventLogCollector, from path: C:\Program Files\dotnet\sdk\5.0.402\Extensions\Microsoft.TestPlatform.Extensions.EventLogCollector.dll
TpTrace Error: 0 : 19600, 1, 2021/11/18, 15:25:24.379, 816907879159, datacollector.dll, The type "Microsoft.TestPlatform.Extensions.EventLogCollector.EventLogDataCollector" defined in "Microsoft.TestPlatform.Extensions.EventLogCollector.dll" does not have ExtensionUri attribute.
TpTrace Verbose: 0 : 19600, 1, 2021/11/18, 15:25:24.379, 816907883437, datacollector.dll, TestPluginCache: Discovered the extensions using extension path 'C:\Program Files\dotnet\sdk\5.0.402\Extensions\Microsoft.TestPlatform.Extensions.BlameDataCollector.dll,C:\Program Files\dotnet\sdk\5.0.402\Extensions\Microsoft.TestPlatform.Extensions.EventLogCollector.dll'.
TpTrace Verbose: 0 : 19600, 1, 2021/11/18, 15:25:24.379, 816907884272, datacollector.dll, TestPluginCache: Discoverers are ''.
TpTrace Verbose: 0 : 19600, 1, 2021/11/18, 15:25:24.379, 816907884569, datacollector.dll, TestPluginCache: Executors are ''.
TpTrace Verbose: 0 : 19600, 1, 2021/11/18, 15:25:24.379, 816907884823, datacollector.dll, TestPluginCache: Executors2 are ''.
TpTrace Verbose: 0 : 19600, 1, 2021/11/18, 15:25:24.379, 816907885069, datacollector.dll, TestPluginCache: Setting providers are ''.
TpTrace Verbose: 0 : 19600, 1, 2021/11/18, 15:25:24.379, 816907885315, datacollector.dll, TestPluginCache: Loggers are ''.
TpTrace Information: 0 : 19600, 1, 2021/11/18, 15:25:24.381, 816907897970, datacollector.dll, TestPluginManager.CreateTestExtension: Attempting to load test extension: Microsoft.TestPlatform.Extensions.BlameDataCollector.BlameCollector
TpTrace Error: 0 : 19600, 1, 2021/11/18, 15:25:24.381, 816907904047, datacollector.dll, The type "Microsoft.TestPlatform.Extensions.BlameDataCollector.BlameCollector" defined in "Microsoft.TestPlatform.Extensions.BlameDataCollector.dll" does not have ExtensionUri attribute.
TpTrace Information: 0 : 19600, 1, 2021/11/18, 15:25:24.386, 816907954910, datacollector.dll, Listening on Endpoint : 127.0.0.1:64093
TpTrace Information: 0 : 19600, 1, 2021/11/18, 15:25:24.393, 816908023451, datacollector.dll, DataCollectionRequestHandler.ProcessRequests : DataCollection started.
TpTrace Information: 0 : 19600, 1, 2021/11/18, 15:25:24.411, 816908201980, datacollector.dll, DataCollectionRequestHandler.ProcessRequests : Datacollector received message: (DataCollection.TestHostLaunched) -> {
  "ProcessId": 14072
}
TpTrace Information: 0 : 19600, 5, 2021/11/18, 15:25:24.594, 816910031893, datacollector.dll, Using the buffer size of 16384 bytes
TpTrace Information: 0 : 19600, 5, 2021/11/18, 15:25:24.594, 816910033055, datacollector.dll, Accepted Client request and set the flag
TpTrace Information: 0 : 19600, 7, 2021/11/18, 15:25:25.135, 816915438997, datacollector.dll, DataCollectionTestCaseEventHandler: Test case starting.
TpTrace Information: 0 : 19600, 7, 2021/11/18, 15:25:25.188, 816915973832, datacollector.dll, Blame Collector : Test Case Start
TpTrace Information: 0 : 19600, 7, 2021/11/18, 15:25:25.191, 816916003480, datacollector.dll, DataCollectionTestCaseEventHandler: Test case 'TestZamjenskiObjekat - cd075b4d-61b2-de77-403b-0cfb69a56f47' started.
TpTrace Information: 0 : 19600, 7, 2021/11/18, 15:25:25.255, 816916636655, datacollector.dll, DataCollectionTestCaseEventHandler : Test case completing.
TpTrace Information: 0 : 19600, 7, 2021/11/18, 15:25:25.259, 816916685029, datacollector.dll, Blame Collector : Test Case End
TpTrace Information: 0 : 19600, 7, 2021/11/18, 15:25:25.265, 816916738377, datacollector.dll, DataCollectionTestCaseEventHandler: Test case 'TestZamjenskiObjekat - cd075b4d-61b2-de77-403b-0cfb69a56f47' completed
TpTrace Information: 0 : 19600, 7, 2021/11/18, 15:25:25.277, 816916859626, datacollector.dll, DataCollectionTestCaseEventHandler: Test case starting.
TpTrace Information: 0 : 19600, 7, 2021/11/18, 15:25:25.277, 816916865907, datacollector.dll, Blame Collector : Test Case Start
TpTrace Information: 0 : 19600, 7, 2021/11/18, 15:25:25.278, 816916868102, datacollector.dll, DataCollectionTestCaseEventHandler: Test case 'DodavanjeMesnihProizvoda - 3a1d8414-af96-8075-3e91-63006d286d73' started.
TpTrace Information: 0 : 19600, 7, 2021/11/18, 15:25:25.288, 816916966880, datacollector.dll, DataCollectionTestCaseEventHandler : Test case completing.
TpTrace Information: 0 : 19600, 7, 2021/11/18, 15:25:25.288, 816916971724, datacollector.dll, Blame Collector : Test Case End
TpTrace Information: 0 : 19600, 7, 2021/11/18, 15:25:25.288, 816916973986, datacollector.dll, DataCollectionTestCaseEventHandler: Test case 'DodavanjeMesnihProizvoda - 3a1d8414-af96-8075-3e91-63006d286d73' completed
TpTrace Information: 0 : 19600, 7, 2021/11/18, 15:25:25.289, 816916981998, datacollector.dll, DataCollectionTestCaseEventHandler: Test case starting.
TpTrace Information: 0 : 19600, 7, 2021/11/18, 15:25:25.290, 816916986230, datacollector.dll, Blame Collector : Test Case Start
TpTrace Information: 0 : 19600, 7, 2021/11/18, 15:25:25.290, 816916987816, datacollector.dll, DataCollectionTestCaseEventHandler: Test case 'DodavanjeVoćaIBrisanje - 3f4528f8-6f76-6b66-8987-b10996504e89' started.
TpTrace Information: 0 : 19600, 7, 2021/11/18, 15:25:25.292, 816917007458, datacollector.dll, DataCollectionTestCaseEventHandler : Test case completing.
TpTrace Information: 0 : 19600, 7, 2021/11/18, 15:25:25.296, 816917048706, datacollector.dll, Blame Collector : Test Case End
TpTrace Information: 0 : 19600, 7, 2021/11/18, 15:25:25.296, 816917052979, datacollector.dll, DataCollectionTestCaseEventHandler: Test case 'DodavanjeVoćaIBrisanje - 3f4528f8-6f76-6b66-8987-b10996504e89' completed
TpTrace Information: 0 : 19600, 7, 2021/11/18, 15:25:25.297, 816917065941, datacollector.dll, DataCollectionTestCaseEventHandler: Test case starting.
TpTrace Information: 0 : 19600, 7, 2021/11/18, 15:25:25.298, 816917072246, datacollector.dll, Blame Collector : Test Case Start
TpTrace Information: 0 : 19600, 7, 2021/11/18, 15:25:25.299, 816917081894, datacollector.dll, DataCollectionTestCaseEventHandler: Test case 'NepodržaniTipDodavanja - 94f032db-9346-302f-6689-ffa07b4ffe55' started.
TpTrace Information: 0 : 19600, 7, 2021/11/18, 15:25:25.302, 816917107909, datacollector.dll, DataCollectionTestCaseEventHandler : Test case completing.
TpTrace Information: 0 : 19600, 7, 2021/11/18, 15:25:25.302, 816917112244, datacollector.dll, Blame Collector : Test Case End
TpTrace Information: 0 : 19600, 7, 2021/11/18, 15:25:25.302, 816917113909, datacollector.dll, DataCollectionTestCaseEventHandler: Test case 'NepodržaniTipDodavanja - 94f032db-9346-302f-6689-ffa07b4ffe55' completed
TpTrace Information: 0 : 19600, 7, 2021/11/18, 15:25:25.303, 816917122550, datacollector.dll, DataCollectionTestCaseEventHandler: Test case starting.
TpTrace Information: 0 : 19600, 7, 2021/11/18, 15:25:25.304, 816917126736, datacollector.dll, Blame Collector : Test Case Start
TpTrace Information: 0 : 19600, 7, 2021/11/18, 15:25:25.304, 816917128468, datacollector.dll, DataCollectionTestCaseEventHandler: Test case 'NemogućeDodavanjeUzBrisanje - 0e86f05c-b4ae-450e-5451-e8f8450dc484' started.
TpTrace Information: 0 : 19600, 7, 2021/11/18, 15:25:25.306, 816917147082, datacollector.dll, DataCollectionTestCaseEventHandler : Test case completing.
TpTrace Information: 0 : 19600, 7, 2021/11/18, 15:25:25.306, 816917151496, datacollector.dll, Blame Collector : Test Case End
TpTrace Information: 0 : 19600, 7, 2021/11/18, 15:25:25.306, 816917153298, datacollector.dll, DataCollectionTestCaseEventHandler: Test case 'NemogućeDodavanjeUzBrisanje - 0e86f05c-b4ae-450e-5451-e8f8450dc484' completed
TpTrace Information: 0 : 19600, 7, 2021/11/18, 15:25:25.313, 816917218242, datacollector.dll, DataCollectionTestCaseEventHandler: Test session ended
TpTrace Information: 0 : 19600, 1, 2021/11/18, 15:25:25.399, 816918083770, datacollector.dll, DataCollectionRequestHandler.ProcessRequests : Datacollector received message: (DataCollection.AfterTestRunEnd) -> false
TpTrace Information: 0 : 19600, 1, 2021/11/18, 15:25:25.400, 816918090164, datacollector.dll, Blame Collector : Session End
TpTrace Information: 0 : 19600, 1, 2021/11/18, 15:25:25.400, 816918091311, datacollector.dll, BlameCollector.CollectDumpAndAbortTesthost: Custom path to dump directory was provided via VSTEST_DUMP_PATH. Skipping attachment upload, the caller is responsible for collecting and uploading the dumps themselves.
TpTrace Information: 0 : 19600, 1, 2021/11/18, 15:25:25.400, 816918092273, datacollector.dll, DataCollectionManager.CleanupPlugins: CleanupPlugins called
TpTrace Verbose: 0 : 19600, 1, 2021/11/18, 15:25:25.400, 816918092673, datacollector.dll, DataCollectionManager.CleanupPlugins: Cleaning up 1 plugins
TpTrace Verbose: 0 : 19600, 1, 2021/11/18, 15:25:25.400, 816918093565, datacollector.dll, dataCollectorInfo.DisposeDataCollector: calling Dispose() on Microsoft.TestPlatform.Extensions.BlameDataCollector.BlameCollector
TpTrace Information: 0 : 19600, 1, 2021/11/18, 15:25:25.400, 816918094299, datacollector.dll, DataCollectionManager.CleanupPlugins: CleanupPlugins finished
TpTrace Information: 0 : 19600, 1, 2021/11/18, 15:25:25.403, 816918116327, datacollector.dll, DataCollectionRequestHandler.ProcessRequests : Session End message received from server. Closing the connection.
TpTrace Information: 0 : 19600, 1, 2021/11/18, 15:25:25.403, 816918118446, datacollector.dll, Closing the connection !
TpTrace Information: 0 : 19600, 1, 2021/11/18, 15:25:25.403, 816918118939, datacollector.dll, DataCollectionRequestHandler.ProcessRequests : DataCollection completed
TpTrace Information: 0 : 19600, 1, 2021/11/18, 15:25:25.403, 816918119232, datacollector.dll, Program.Main: exiting datacollector process.
