TpTrace Verbose: 0 : 9692, 1, 2021/11/28, 12:57:19.001, 5951728432896, datacollector.dll, Version: 16.11.0
TpTrace Information: 0 : 9692, 1, 2021/11/28, 12:57:19.010, 5951728493416, datacollector.dll, DataCollectorMain.Run: Starting data collector run with args: --port,61621,--parentprocessid,10044,--diag,C:\Users\Armin\Documents\GitHub\Grupa-3-Verifikovani-i-Validirani-Softverasi\Pijaca\Zadatak 2\bin\Debug\net5.0\fine-code-coverage\coverage-tool-output\diagnostics.datacollector.21-11-28_12-57-18_84874_4.log,--tracelevel,4
TpTrace Information: 0 : 9692, 1, 2021/11/28, 12:57:19.015, 5951728543674, datacollector.dll, DataCollector: Monitoring parent process with id: '10044'
TpTrace Information: 0 : 9692, 1, 2021/11/28, 12:57:19.028, 5951728678538, datacollector.dll, Trying to connect to server on socket : 127.0.0.1:61621 
TpTrace Verbose: 0 : 9692, 1, 2021/11/28, 12:57:19.062, 5951729017013, datacollector.dll, SocketCommunicationManager : SetupClientAsync : Attempting to connect to the server.
TpTrace Information: 0 : 9692, 5, 2021/11/28, 12:57:19.070, 5951729092737, datacollector.dll, Connected to the server successfully 
TpTrace Information: 0 : 9692, 5, 2021/11/28, 12:57:19.070, 5951729093962, datacollector.dll, Using the buffer size of 16384 bytes
TpTrace Information: 0 : 9692, 1, 2021/11/28, 12:57:19.162, 5951730013145, datacollector.dll, DataCollector: Start Request Processing.
TpTrace Information: 0 : 9692, 1, 2021/11/28, 12:57:19.165, 5951730042436, datacollector.dll, DataCollectionRequestHandler.ProcessRequests : Datacollector received message: (DataCollection.BeforeTestRunStart) -> {
  "SettingsXml": "<RunSettings><RunConfiguration><ResultsDirectory>C:\\Users\\Armin\\Documents\\GitHub\\Grupa-3-Verifikovani-i-Validirani-Softverasi\\Pijaca\\Zadatak 2\\bin\\Debug\\net5.0\\fine-code-coverage\\coverage-tool-output</ResultsDirectory><TargetPlatform>X64</TargetPlatform><TargetFrameworkVersion>.NETCoreApp,Version=v5.0</TargetFrameworkVersion><DesignMode>False</DesignMode><CollectSourceInformation>False</CollectSourceInformation><TestAdaptersPaths>C:\\Program Files\\dotnet\\sdk\\5.0.402\\Extensions</TestAdaptersPaths></RunConfiguration><LoggerRunSettings><Loggers><Logger friendlyName=\"blame\" enabled=\"True\" /><Logger friendlyName=\"Console\" uri=\"logger://microsoft/TestPlatform/ConsoleLogger/v1\" assemblyQualifiedName=\"Microsoft.VisualStudio.TestPlatform.CommandLine.Internal.ConsoleLogger, vstest.console, Version=15.0.0.0, Culture=neutral, PublicKeyToken=b03f5f7f11d50a3a\" codeBase=\"C:\\Program Files\\dotnet\\sdk\\5.0.402\\vstest.console.dll\" enabled=\"True\" /></Loggers></LoggerRunSettings><DataCollectionRunSettings><DataCollectors><DataCollector friendlyName=\"blame\" enabled=\"True\"><Configuration><ResultsDirectory>C:\\Users\\Armin\\Documents\\GitHub\\Grupa-3-Verifikovani-i-Validirani-Softverasi\\Pijaca\\Zadatak 2\\bin\\Debug\\net5.0\\fine-code-coverage\\coverage-tool-output</ResultsDirectory></Configuration></DataCollector></DataCollectors></DataCollectionRunSettings></RunSettings>",
  "Sources": [
    "C:\\Users\\Armin\\Documents\\GitHub\\Grupa-3-Verifikovani-i-Validirani-Softverasi\\Pijaca\\Zadatak 2\\bin\\Debug\\net5.0\\fine-code-coverage\\build-output\\Zadatak 2.dll"
  ],
  "IsTelemetryOptedIn": false
}
TpTrace Verbose: 0 : 9692, 1, 2021/11/28, 12:57:19.202, 5951730413832, datacollector.dll, TestPluginCache: Update extensions started. Skip filter = False
TpTrace Verbose: 0 : 9692, 1, 2021/11/28, 12:57:19.202, 5951730419772, datacollector.dll, TestPluginCache: Using directories for assembly resolution 'C:\Program Files\dotnet\sdk\5.0.402\Extensions'.
TpTrace Verbose: 0 : 9692, 1, 2021/11/28, 12:57:19.202, 5951730420454, datacollector.dll, TestPluginCache: Updated the available extensions to 'C:\Program Files\dotnet\sdk\5.0.402\Extensions\Microsoft.TestPlatform.Extensions.BlameDataCollector.dll,C:\Program Files\dotnet\sdk\5.0.402\Extensions\Microsoft.TestPlatform.Extensions.EventLogCollector.dll'.
TpTrace Verbose: 0 : 9692, 1, 2021/11/28, 12:57:19.211, 5951730505307, datacollector.dll, TestPluginCache.DiscoverTestExtensions: finding test extensions in assemblies ends with: Collector.dll TPluginInfo: Microsoft.VisualStudio.TestPlatform.Common.DataCollector.DataCollectorConfig TExtension: Microsoft.VisualStudio.TestPlatform.ObjectModel.DataCollection.DataCollector
TpTrace Verbose: 0 : 9692, 1, 2021/11/28, 12:57:19.211, 5951730507936, datacollector.dll, TestPluginCache.GetExtensionPaths: Filtered extension paths: C:\Program Files\dotnet\sdk\5.0.402\Extensions\Microsoft.TestPlatform.Extensions.BlameDataCollector.dll
C:\Program Files\dotnet\sdk\5.0.402\Extensions\Microsoft.TestPlatform.Extensions.EventLogCollector.dll
TpTrace Verbose: 0 : 9692, 1, 2021/11/28, 12:57:19.211, 5951730508672, datacollector.dll, TestPluginCache.GetExtensionPaths: Added default extension paths: 
TpTrace Verbose: 0 : 9692, 1, 2021/11/28, 12:57:19.211, 5951730508982, datacollector.dll, TestPluginCache.GetExtensionPaths: Added unfilterableExtensionPaths: 
TpTrace Information: 0 : 9692, 1, 2021/11/28, 12:57:19.212, 5951730513984, datacollector.dll, AssemblyResolver.ctor: Creating AssemblyResolver with searchDirectories C:\Program Files\dotnet\sdk\5.0.402\Extensions,C:\Program Files\dotnet\sdk\5.0.402
TpTrace Verbose: 0 : 9692, 1, 2021/11/28, 12:57:19.213, 5951730529418, datacollector.dll, TestPluginCache.DiscoverTestExtensions: Discovering the extensions using extension path.
TpTrace Verbose: 0 : 9692, 1, 2021/11/28, 12:57:19.214, 5951730531614, datacollector.dll, TestPluginCache.GetExtensionPaths: Filtered extension paths: C:\Program Files\dotnet\sdk\5.0.402\Extensions\Microsoft.TestPlatform.Extensions.BlameDataCollector.dll
C:\Program Files\dotnet\sdk\5.0.402\Extensions\Microsoft.TestPlatform.Extensions.EventLogCollector.dll
TpTrace Verbose: 0 : 9692, 1, 2021/11/28, 12:57:19.214, 5951730532194, datacollector.dll, TestPluginCache.GetExtensionPaths: Added default extension paths: 
TpTrace Verbose: 0 : 9692, 1, 2021/11/28, 12:57:19.214, 5951730532710, datacollector.dll, TestPluginCache.GetExtensionPaths: Added unfilterableExtensionPaths: 
TpTrace Verbose: 0 : 9692, 1, 2021/11/28, 12:57:19.214, 5951730533364, datacollector.dll, TestPluginCache.DiscoverTestExtensions: Discovering the extensions using allExtensionPaths: C:\Program Files\dotnet\sdk\5.0.402\Extensions\Microsoft.TestPlatform.Extensions.BlameDataCollector.dll
C:\Program Files\dotnet\sdk\5.0.402\Extensions\Microsoft.TestPlatform.Extensions.EventLogCollector.dll
TpTrace Information: 0 : 9692, 1, 2021/11/28, 12:57:19.214, 5951730534533, datacollector.dll, AssemblyResolver.AddSearchDirectories: Adding more searchDirectories C:\Program Files\dotnet\sdk\5.0.402\Extensions,C:\Program Files\dotnet\sdk\5.0.402
TpTrace Information: 0 : 9692, 1, 2021/11/28, 12:57:19.214, 5951730535156, datacollector.dll, AssemblyResolver.AddSearchDirectories: Adding more searchDirectories C:\Program Files\dotnet\sdk\5.0.402\Extensions,C:\Program Files\dotnet\sdk\5.0.402
TpTrace Information: 0 : 9692, 1, 2021/11/28, 12:57:19.214, 5951730539013, datacollector.dll, AssemblyResolver.OnResolve: Microsoft.TestPlatform.Extensions.BlameDataCollector: Resolving assembly.
TpTrace Information: 0 : 9692, 1, 2021/11/28, 12:57:19.214, 5951730539643, datacollector.dll, AssemblyResolver.OnResolve: Microsoft.TestPlatform.Extensions.BlameDataCollector: Searching in: 'C:\Program Files\dotnet\sdk\5.0.402\Extensions'.
TpTrace Information: 0 : 9692, 1, 2021/11/28, 12:57:19.215, 5951730543574, datacollector.dll, AssemblyResolver.OnResolve: Microsoft.TestPlatform.Extensions.BlameDataCollector: Loading assembly 'C:\Program Files\dotnet\sdk\5.0.402\Extensions\Microsoft.TestPlatform.Extensions.BlameDataCollector.dll'.
TpTrace Information: 0 : 9692, 1, 2021/11/28, 12:57:19.215, 5951730548628, datacollector.dll, AssemblyResolver.OnResolve: Resolved assembly: Microsoft.TestPlatform.Extensions.BlameDataCollector, from path: C:\Program Files\dotnet\sdk\5.0.402\Extensions\Microsoft.TestPlatform.Extensions.BlameDataCollector.dll
TpTrace Error: 0 : 9692, 1, 2021/11/28, 12:57:19.216, 5951730559754, datacollector.dll, The type "Microsoft.TestPlatform.Extensions.BlameDataCollector.BlameCollector" defined in "Microsoft.TestPlatform.Extensions.BlameDataCollector.dll" does not have ExtensionUri attribute.
TpTrace Information: 0 : 9692, 1, 2021/11/28, 12:57:19.218, 5951730574813, datacollector.dll, AssemblyResolver.OnResolve: Microsoft.TestPlatform.Extensions.EventLogCollector: Resolving assembly.
TpTrace Information: 0 : 9692, 1, 2021/11/28, 12:57:19.218, 5951730576029, datacollector.dll, AssemblyResolver.OnResolve: Microsoft.TestPlatform.Extensions.EventLogCollector: Searching in: 'C:\Program Files\dotnet\sdk\5.0.402\Extensions'.
TpTrace Information: 0 : 9692, 1, 2021/11/28, 12:57:19.218, 5951730579256, datacollector.dll, AssemblyResolver.OnResolve: Microsoft.TestPlatform.Extensions.EventLogCollector: Loading assembly 'C:\Program Files\dotnet\sdk\5.0.402\Extensions\Microsoft.TestPlatform.Extensions.EventLogCollector.dll'.
TpTrace Information: 0 : 9692, 1, 2021/11/28, 12:57:19.219, 5951730582592, datacollector.dll, AssemblyResolver.OnResolve: Resolved assembly: Microsoft.TestPlatform.Extensions.EventLogCollector, from path: C:\Program Files\dotnet\sdk\5.0.402\Extensions\Microsoft.TestPlatform.Extensions.EventLogCollector.dll
TpTrace Error: 0 : 9692, 1, 2021/11/28, 12:57:19.220, 5951730599177, datacollector.dll, The type "Microsoft.TestPlatform.Extensions.EventLogCollector.EventLogDataCollector" defined in "Microsoft.TestPlatform.Extensions.EventLogCollector.dll" does not have ExtensionUri attribute.
TpTrace Verbose: 0 : 9692, 1, 2021/11/28, 12:57:19.222, 5951730611861, datacollector.dll, TestPluginCache: Discovered the extensions using extension path 'C:\Program Files\dotnet\sdk\5.0.402\Extensions\Microsoft.TestPlatform.Extensions.BlameDataCollector.dll,C:\Program Files\dotnet\sdk\5.0.402\Extensions\Microsoft.TestPlatform.Extensions.EventLogCollector.dll'.
TpTrace Verbose: 0 : 9692, 1, 2021/11/28, 12:57:19.222, 5951730614350, datacollector.dll, TestPluginCache: Discoverers are ''.
TpTrace Verbose: 0 : 9692, 1, 2021/11/28, 12:57:19.222, 5951730614836, datacollector.dll, TestPluginCache: Executors are ''.
TpTrace Verbose: 0 : 9692, 1, 2021/11/28, 12:57:19.222, 5951730615134, datacollector.dll, TestPluginCache: Executors2 are ''.
TpTrace Verbose: 0 : 9692, 1, 2021/11/28, 12:57:19.222, 5951730615492, datacollector.dll, TestPluginCache: Setting providers are ''.
TpTrace Verbose: 0 : 9692, 1, 2021/11/28, 12:57:19.222, 5951730616067, datacollector.dll, TestPluginCache: Loggers are ''.
TpTrace Information: 0 : 9692, 1, 2021/11/28, 12:57:19.226, 5951730652495, datacollector.dll, TestPluginManager.CreateTestExtension: Attempting to load test extension: Microsoft.TestPlatform.Extensions.BlameDataCollector.BlameCollector
TpTrace Error: 0 : 9692, 1, 2021/11/28, 12:57:19.226, 5951730659438, datacollector.dll, The type "Microsoft.TestPlatform.Extensions.BlameDataCollector.BlameCollector" defined in "Microsoft.TestPlatform.Extensions.BlameDataCollector.dll" does not have ExtensionUri attribute.
TpTrace Information: 0 : 9692, 1, 2021/11/28, 12:57:19.232, 5951730720417, datacollector.dll, Listening on Endpoint : 127.0.0.1:61623
TpTrace Information: 0 : 9692, 1, 2021/11/28, 12:57:19.245, 5951730844369, datacollector.dll, DataCollectionRequestHandler.ProcessRequests : DataCollection started.
TpTrace Information: 0 : 9692, 1, 2021/11/28, 12:57:19.268, 5951731077049, datacollector.dll, DataCollectionRequestHandler.ProcessRequests : Datacollector received message: (DataCollection.TestHostLaunched) -> {
  "ProcessId": 19904
}
TpTrace Information: 0 : 9692, 6, 2021/11/28, 12:57:19.503, 5951733425734, datacollector.dll, Using the buffer size of 16384 bytes
TpTrace Information: 0 : 9692, 6, 2021/11/28, 12:57:19.503, 5951733426687, datacollector.dll, Accepted Client request and set the flag
TpTrace Information: 0 : 9692, 5, 2021/11/28, 12:57:20.023, 5951738629926, datacollector.dll, DataCollectionTestCaseEventHandler: Test case starting.
TpTrace Information: 0 : 9692, 5, 2021/11/28, 12:57:20.069, 5951739086150, datacollector.dll, Blame Collector : Test Case Start
TpTrace Information: 0 : 9692, 5, 2021/11/28, 12:57:20.073, 5951739129952, datacollector.dll, DataCollectionTestCaseEventHandler: Test case 'TestZamjenskiObjekat - cd075b4d-61b2-de77-403b-0cfb69a56f47' started.
TpTrace Information: 0 : 9692, 5, 2021/11/28, 12:57:20.132, 5951739715874, datacollector.dll, DataCollectionTestCaseEventHandler : Test case completing.
TpTrace Information: 0 : 9692, 5, 2021/11/28, 12:57:20.135, 5951739748834, datacollector.dll, Blame Collector : Test Case End
TpTrace Information: 0 : 9692, 5, 2021/11/28, 12:57:20.143, 5951739829326, datacollector.dll, DataCollectionTestCaseEventHandler: Test case 'TestZamjenskiObjekat - cd075b4d-61b2-de77-403b-0cfb69a56f47' completed
TpTrace Information: 0 : 9692, 5, 2021/11/28, 12:57:20.154, 5951739933268, datacollector.dll, DataCollectionTestCaseEventHandler: Test case starting.
TpTrace Information: 0 : 9692, 5, 2021/11/28, 12:57:20.157, 5951739964619, datacollector.dll, Blame Collector : Test Case Start
TpTrace Information: 0 : 9692, 5, 2021/11/28, 12:57:20.158, 5951739972971, datacollector.dll, DataCollectionTestCaseEventHandler: Test case 'DodavanjeMesnihProizvoda - 3a1d8414-af96-8075-3e91-63006d286d73' started.
TpTrace Information: 0 : 9692, 5, 2021/11/28, 12:57:20.168, 5951740074586, datacollector.dll, DataCollectionTestCaseEventHandler : Test case completing.
TpTrace Information: 0 : 9692, 5, 2021/11/28, 12:57:20.168, 5951740081158, datacollector.dll, Blame Collector : Test Case End
TpTrace Information: 0 : 9692, 5, 2021/11/28, 12:57:20.169, 5951740083547, datacollector.dll, DataCollectionTestCaseEventHandler: Test case 'DodavanjeMesnihProizvoda - 3a1d8414-af96-8075-3e91-63006d286d73' completed
TpTrace Information: 0 : 9692, 5, 2021/11/28, 12:57:20.170, 5951740094783, datacollector.dll, DataCollectionTestCaseEventHandler: Test case starting.
TpTrace Information: 0 : 9692, 5, 2021/11/28, 12:57:20.172, 5951740120644, datacollector.dll, Blame Collector : Test Case Start
TpTrace Information: 0 : 9692, 5, 2021/11/28, 12:57:20.174, 5951740132912, datacollector.dll, DataCollectionTestCaseEventHandler: Test case 'DodavanjeVoćaIBrisanje - 3f4528f8-6f76-6b66-8987-b10996504e89' started.
TpTrace Information: 0 : 9692, 5, 2021/11/28, 12:57:20.178, 5951740173147, datacollector.dll, DataCollectionTestCaseEventHandler : Test case completing.
TpTrace Information: 0 : 9692, 5, 2021/11/28, 12:57:20.182, 5951740214929, datacollector.dll, Blame Collector : Test Case End
TpTrace Information: 0 : 9692, 5, 2021/11/28, 12:57:20.182, 5951740218577, datacollector.dll, DataCollectionTestCaseEventHandler: Test case 'DodavanjeVoćaIBrisanje - 3f4528f8-6f76-6b66-8987-b10996504e89' completed
TpTrace Information: 0 : 9692, 5, 2021/11/28, 12:57:20.183, 5951740229589, datacollector.dll, DataCollectionTestCaseEventHandler: Test case starting.
TpTrace Information: 0 : 9692, 5, 2021/11/28, 12:57:20.184, 5951740234472, datacollector.dll, Blame Collector : Test Case Start
TpTrace Information: 0 : 9692, 5, 2021/11/28, 12:57:20.185, 5951740242595, datacollector.dll, DataCollectionTestCaseEventHandler: Test case 'NepodržaniTipDodavanja - 94f032db-9346-302f-6689-ffa07b4ffe55' started.
TpTrace Information: 0 : 9692, 5, 2021/11/28, 12:57:20.191, 5951740309232, datacollector.dll, DataCollectionTestCaseEventHandler : Test case completing.
TpTrace Information: 0 : 9692, 5, 2021/11/28, 12:57:20.192, 5951740318406, datacollector.dll, Blame Collector : Test Case End
TpTrace Information: 0 : 9692, 5, 2021/11/28, 12:57:20.192, 5951740321311, datacollector.dll, DataCollectionTestCaseEventHandler: Test case 'NepodržaniTipDodavanja - 94f032db-9346-302f-6689-ffa07b4ffe55' completed
TpTrace Information: 0 : 9692, 5, 2021/11/28, 12:57:20.194, 5951740333879, datacollector.dll, DataCollectionTestCaseEventHandler: Test case starting.
TpTrace Information: 0 : 9692, 5, 2021/11/28, 12:57:20.194, 5951740340951, datacollector.dll, Blame Collector : Test Case Start
TpTrace Information: 0 : 9692, 5, 2021/11/28, 12:57:20.195, 5951740343401, datacollector.dll, DataCollectionTestCaseEventHandler: Test case 'NemogućeDodavanjeUzBrisanje - 0e86f05c-b4ae-450e-5451-e8f8450dc484' started.
TpTrace Information: 0 : 9692, 5, 2021/11/28, 12:57:20.197, 5951740364750, datacollector.dll, DataCollectionTestCaseEventHandler : Test case completing.
TpTrace Information: 0 : 9692, 5, 2021/11/28, 12:57:20.197, 5951740371371, datacollector.dll, Blame Collector : Test Case End
TpTrace Information: 0 : 9692, 5, 2021/11/28, 12:57:20.198, 5951740373439, datacollector.dll, DataCollectionTestCaseEventHandler: Test case 'NemogućeDodavanjeUzBrisanje - 0e86f05c-b4ae-450e-5451-e8f8450dc484' completed
TpTrace Information: 0 : 9692, 5, 2021/11/28, 12:57:20.209, 5951740486135, datacollector.dll, DataCollectionTestCaseEventHandler: Test session ended
TpTrace Information: 0 : 9692, 1, 2021/11/28, 12:57:20.313, 5951741531216, datacollector.dll, DataCollectionRequestHandler.ProcessRequests : Datacollector received message: (DataCollection.AfterTestRunEnd) -> false
TpTrace Information: 0 : 9692, 1, 2021/11/28, 12:57:20.314, 5951741539409, datacollector.dll, Blame Collector : Session End
TpTrace Information: 0 : 9692, 1, 2021/11/28, 12:57:20.314, 5951741540363, datacollector.dll, BlameCollector.CollectDumpAndAbortTesthost: Custom path to dump directory was provided via VSTEST_DUMP_PATH. Skipping attachment upload, the caller is responsible for collecting and uploading the dumps themselves.
TpTrace Information: 0 : 9692, 1, 2021/11/28, 12:57:20.315, 5951741542415, datacollector.dll, DataCollectionManager.CleanupPlugins: CleanupPlugins called
TpTrace Verbose: 0 : 9692, 1, 2021/11/28, 12:57:20.315, 5951741543273, datacollector.dll, DataCollectionManager.CleanupPlugins: Cleaning up 1 plugins
TpTrace Verbose: 0 : 9692, 1, 2021/11/28, 12:57:20.315, 5951741544148, datacollector.dll, dataCollectorInfo.DisposeDataCollector: calling Dispose() on Microsoft.TestPlatform.Extensions.BlameDataCollector.BlameCollector
TpTrace Information: 0 : 9692, 1, 2021/11/28, 12:57:20.315, 5951741545071, datacollector.dll, DataCollectionManager.CleanupPlugins: CleanupPlugins finished
TpTrace Information: 0 : 9692, 1, 2021/11/28, 12:57:20.318, 5951741581439, datacollector.dll, DataCollectionRequestHandler.ProcessRequests : Session End message received from server. Closing the connection.
TpTrace Information: 0 : 9692, 1, 2021/11/28, 12:57:20.319, 5951741583942, datacollector.dll, Closing the connection !
TpTrace Information: 0 : 9692, 1, 2021/11/28, 12:57:20.319, 5951741584411, datacollector.dll, DataCollectionRequestHandler.ProcessRequests : DataCollection completed
TpTrace Information: 0 : 9692, 1, 2021/11/28, 12:57:20.319, 5951741584709, datacollector.dll, Program.Main: exiting datacollector process.
