TpTrace Verbose: 0 : 20696, 1, 2021/11/18, 15:08:08.294, 806547065057, datacollector.dll, Version: 16.11.0
TpTrace Information: 0 : 20696, 1, 2021/11/18, 15:08:08.300, 806547095685, datacollector.dll, DataCollectorMain.Run: Starting data collector run with args: --port,63835,--parentprocessid,16716,--diag,C:\Users\Armin\Documents\GitHub\Grupa-3-Verifikovani-i-Validirani-Softverasi\Pijaca\Zadatak 2\bin\Debug\net5.0\fine-code-coverage\coverage-tool-output\diagnostics.datacollector.21-11-18_15-08-08_17574_4.log,--tracelevel,4
TpTrace Information: 0 : 20696, 1, 2021/11/18, 15:08:08.301, 806547099410, datacollector.dll, DataCollector: Monitoring parent process with id: '16716'
TpTrace Information: 0 : 20696, 1, 2021/11/18, 15:08:08.309, 806547182875, datacollector.dll, Trying to connect to server on socket : 127.0.0.1:63835 
TpTrace Verbose: 0 : 20696, 1, 2021/11/18, 15:08:08.331, 806547403162, datacollector.dll, SocketCommunicationManager : SetupClientAsync : Attempting to connect to the server.
TpTrace Information: 0 : 20696, 7, 2021/11/18, 15:08:08.340, 806547486297, datacollector.dll, Connected to the server successfully 
TpTrace Information: 0 : 20696, 7, 2021/11/18, 15:08:08.340, 806547487376, datacollector.dll, Using the buffer size of 16384 bytes
TpTrace Information: 0 : 20696, 1, 2021/11/18, 15:08:08.414, 806548231704, datacollector.dll, DataCollector: Start Request Processing.
TpTrace Information: 0 : 20696, 1, 2021/11/18, 15:08:08.420, 806548286908, datacollector.dll, DataCollectionRequestHandler.ProcessRequests : Datacollector received message: (DataCollection.BeforeTestRunStart) -> {
  "SettingsXml": "<RunSettings><RunConfiguration><ResultsDirectory>C:\\Users\\Armin\\Documents\\GitHub\\Grupa-3-Verifikovani-i-Validirani-Softverasi\\Pijaca\\Zadatak 2\\bin\\Debug\\net5.0\\fine-code-coverage\\coverage-tool-output</ResultsDirectory><TargetPlatform>X64</TargetPlatform><TargetFrameworkVersion>.NETCoreApp,Version=v5.0</TargetFrameworkVersion><DesignMode>False</DesignMode><CollectSourceInformation>False</CollectSourceInformation><TestAdaptersPaths>C:\\Program Files\\dotnet\\sdk\\5.0.402\\Extensions</TestAdaptersPaths></RunConfiguration><LoggerRunSettings><Loggers><Logger friendlyName=\"blame\" enabled=\"True\" /><Logger friendlyName=\"Console\" uri=\"logger://microsoft/TestPlatform/ConsoleLogger/v1\" assemblyQualifiedName=\"Microsoft.VisualStudio.TestPlatform.CommandLine.Internal.ConsoleLogger, vstest.console, Version=15.0.0.0, Culture=neutral, PublicKeyToken=b03f5f7f11d50a3a\" codeBase=\"C:\\Program Files\\dotnet\\sdk\\5.0.402\\vstest.console.dll\" enabled=\"True\" /></Loggers></LoggerRunSettings><DataCollectionRunSettings><DataCollectors><DataCollector friendlyName=\"blame\" enabled=\"True\"><Configuration><ResultsDirectory>C:\\Users\\Armin\\Documents\\GitHub\\Grupa-3-Verifikovani-i-Validirani-Softverasi\\Pijaca\\Zadatak 2\\bin\\Debug\\net5.0\\fine-code-coverage\\coverage-tool-output</ResultsDirectory></Configuration></DataCollector></DataCollectors></DataCollectionRunSettings></RunSettings>",
  "Sources": [
    "C:\\Users\\Armin\\Documents\\GitHub\\Grupa-3-Verifikovani-i-Validirani-Softverasi\\Pijaca\\Zadatak 2\\bin\\Debug\\net5.0\\fine-code-coverage\\build-output\\Zadatak 2.dll"
  ],
  "IsTelemetryOptedIn": false
}
TpTrace Verbose: 0 : 20696, 1, 2021/11/18, 15:08:08.455, 806548640873, datacollector.dll, TestPluginCache: Update extensions started. Skip filter = False
TpTrace Verbose: 0 : 20696, 1, 2021/11/18, 15:08:08.456, 806548649634, datacollector.dll, TestPluginCache: Using directories for assembly resolution 'C:\Program Files\dotnet\sdk\5.0.402\Extensions'.
TpTrace Verbose: 0 : 20696, 1, 2021/11/18, 15:08:08.456, 806548651221, datacollector.dll, TestPluginCache: Updated the available extensions to 'C:\Program Files\dotnet\sdk\5.0.402\Extensions\Microsoft.TestPlatform.Extensions.BlameDataCollector.dll,C:\Program Files\dotnet\sdk\5.0.402\Extensions\Microsoft.TestPlatform.Extensions.EventLogCollector.dll'.
TpTrace Verbose: 0 : 20696, 1, 2021/11/18, 15:08:08.462, 806548712476, datacollector.dll, TestPluginCache.DiscoverTestExtensions: finding test extensions in assemblies ends with: Collector.dll TPluginInfo: Microsoft.VisualStudio.TestPlatform.Common.DataCollector.DataCollectorConfig TExtension: Microsoft.VisualStudio.TestPlatform.ObjectModel.DataCollection.DataCollector
TpTrace Verbose: 0 : 20696, 1, 2021/11/18, 15:08:08.462, 806548715238, datacollector.dll, TestPluginCache.GetExtensionPaths: Filtered extension paths: C:\Program Files\dotnet\sdk\5.0.402\Extensions\Microsoft.TestPlatform.Extensions.BlameDataCollector.dll
C:\Program Files\dotnet\sdk\5.0.402\Extensions\Microsoft.TestPlatform.Extensions.EventLogCollector.dll
TpTrace Verbose: 0 : 20696, 1, 2021/11/18, 15:08:08.463, 806548716729, datacollector.dll, TestPluginCache.GetExtensionPaths: Added default extension paths: 
TpTrace Verbose: 0 : 20696, 1, 2021/11/18, 15:08:08.463, 806548717017, datacollector.dll, TestPluginCache.GetExtensionPaths: Added unfilterableExtensionPaths: 
TpTrace Information: 0 : 20696, 1, 2021/11/18, 15:08:08.464, 806548732302, datacollector.dll, AssemblyResolver.ctor: Creating AssemblyResolver with searchDirectories C:\Program Files\dotnet\sdk\5.0.402\Extensions,C:\Program Files\dotnet\sdk\5.0.402
TpTrace Verbose: 0 : 20696, 1, 2021/11/18, 15:08:08.466, 806548747601, datacollector.dll, TestPluginCache.DiscoverTestExtensions: Discovering the extensions using extension path.
TpTrace Verbose: 0 : 20696, 1, 2021/11/18, 15:08:08.466, 806548749556, datacollector.dll, TestPluginCache.GetExtensionPaths: Filtered extension paths: C:\Program Files\dotnet\sdk\5.0.402\Extensions\Microsoft.TestPlatform.Extensions.BlameDataCollector.dll
C:\Program Files\dotnet\sdk\5.0.402\Extensions\Microsoft.TestPlatform.Extensions.EventLogCollector.dll
TpTrace Verbose: 0 : 20696, 1, 2021/11/18, 15:08:08.466, 806548749999, datacollector.dll, TestPluginCache.GetExtensionPaths: Added default extension paths: 
TpTrace Verbose: 0 : 20696, 1, 2021/11/18, 15:08:08.466, 806548750271, datacollector.dll, TestPluginCache.GetExtensionPaths: Added unfilterableExtensionPaths: 
TpTrace Verbose: 0 : 20696, 1, 2021/11/18, 15:08:08.466, 806548750769, datacollector.dll, TestPluginCache.DiscoverTestExtensions: Discovering the extensions using allExtensionPaths: C:\Program Files\dotnet\sdk\5.0.402\Extensions\Microsoft.TestPlatform.Extensions.BlameDataCollector.dll
C:\Program Files\dotnet\sdk\5.0.402\Extensions\Microsoft.TestPlatform.Extensions.EventLogCollector.dll
TpTrace Information: 0 : 20696, 1, 2021/11/18, 15:08:08.466, 806548751708, datacollector.dll, AssemblyResolver.AddSearchDirectories: Adding more searchDirectories C:\Program Files\dotnet\sdk\5.0.402\Extensions,C:\Program Files\dotnet\sdk\5.0.402
TpTrace Information: 0 : 20696, 1, 2021/11/18, 15:08:08.466, 806548752284, datacollector.dll, AssemblyResolver.AddSearchDirectories: Adding more searchDirectories C:\Program Files\dotnet\sdk\5.0.402\Extensions,C:\Program Files\dotnet\sdk\5.0.402
TpTrace Information: 0 : 20696, 1, 2021/11/18, 15:08:08.466, 806548755720, datacollector.dll, AssemblyResolver.OnResolve: Microsoft.TestPlatform.Extensions.BlameDataCollector: Resolving assembly.
TpTrace Information: 0 : 20696, 1, 2021/11/18, 15:08:08.467, 806548756325, datacollector.dll, AssemblyResolver.OnResolve: Microsoft.TestPlatform.Extensions.BlameDataCollector: Searching in: 'C:\Program Files\dotnet\sdk\5.0.402\Extensions'.
TpTrace Information: 0 : 20696, 1, 2021/11/18, 15:08:08.467, 806548760455, datacollector.dll, AssemblyResolver.OnResolve: Microsoft.TestPlatform.Extensions.BlameDataCollector: Loading assembly 'C:\Program Files\dotnet\sdk\5.0.402\Extensions\Microsoft.TestPlatform.Extensions.BlameDataCollector.dll'.
TpTrace Information: 0 : 20696, 1, 2021/11/18, 15:08:08.467, 806548765539, datacollector.dll, AssemblyResolver.OnResolve: Resolved assembly: Microsoft.TestPlatform.Extensions.BlameDataCollector, from path: C:\Program Files\dotnet\sdk\5.0.402\Extensions\Microsoft.TestPlatform.Extensions.BlameDataCollector.dll
TpTrace Error: 0 : 20696, 1, 2021/11/18, 15:08:08.468, 806548775730, datacollector.dll, The type "Microsoft.TestPlatform.Extensions.BlameDataCollector.BlameCollector" defined in "Microsoft.TestPlatform.Extensions.BlameDataCollector.dll" does not have ExtensionUri attribute.
TpTrace Information: 0 : 20696, 1, 2021/11/18, 15:08:08.470, 806548789190, datacollector.dll, AssemblyResolver.OnResolve: Microsoft.TestPlatform.Extensions.EventLogCollector: Resolving assembly.
TpTrace Information: 0 : 20696, 1, 2021/11/18, 15:08:08.470, 806548790298, datacollector.dll, AssemblyResolver.OnResolve: Microsoft.TestPlatform.Extensions.EventLogCollector: Searching in: 'C:\Program Files\dotnet\sdk\5.0.402\Extensions'.
TpTrace Information: 0 : 20696, 1, 2021/11/18, 15:08:08.470, 806548793178, datacollector.dll, AssemblyResolver.OnResolve: Microsoft.TestPlatform.Extensions.EventLogCollector: Loading assembly 'C:\Program Files\dotnet\sdk\5.0.402\Extensions\Microsoft.TestPlatform.Extensions.EventLogCollector.dll'.
TpTrace Information: 0 : 20696, 1, 2021/11/18, 15:08:08.470, 806548795927, datacollector.dll, AssemblyResolver.OnResolve: Resolved assembly: Microsoft.TestPlatform.Extensions.EventLogCollector, from path: C:\Program Files\dotnet\sdk\5.0.402\Extensions\Microsoft.TestPlatform.Extensions.EventLogCollector.dll
TpTrace Error: 0 : 20696, 1, 2021/11/18, 15:08:08.472, 806548809552, datacollector.dll, The type "Microsoft.TestPlatform.Extensions.EventLogCollector.EventLogDataCollector" defined in "Microsoft.TestPlatform.Extensions.EventLogCollector.dll" does not have ExtensionUri attribute.
TpTrace Verbose: 0 : 20696, 1, 2021/11/18, 15:08:08.472, 806548812982, datacollector.dll, TestPluginCache: Discovered the extensions using extension path 'C:\Program Files\dotnet\sdk\5.0.402\Extensions\Microsoft.TestPlatform.Extensions.BlameDataCollector.dll,C:\Program Files\dotnet\sdk\5.0.402\Extensions\Microsoft.TestPlatform.Extensions.EventLogCollector.dll'.
TpTrace Verbose: 0 : 20696, 1, 2021/11/18, 15:08:08.472, 806548813637, datacollector.dll, TestPluginCache: Discoverers are ''.
TpTrace Verbose: 0 : 20696, 1, 2021/11/18, 15:08:08.472, 806548813922, datacollector.dll, TestPluginCache: Executors are ''.
TpTrace Verbose: 0 : 20696, 1, 2021/11/18, 15:08:08.472, 806548814170, datacollector.dll, TestPluginCache: Executors2 are ''.
TpTrace Verbose: 0 : 20696, 1, 2021/11/18, 15:08:08.472, 806548814408, datacollector.dll, TestPluginCache: Setting providers are ''.
TpTrace Verbose: 0 : 20696, 1, 2021/11/18, 15:08:08.472, 806548814650, datacollector.dll, TestPluginCache: Loggers are ''.
TpTrace Information: 0 : 20696, 1, 2021/11/18, 15:08:08.473, 806548824372, datacollector.dll, TestPluginManager.CreateTestExtension: Attempting to load test extension: Microsoft.TestPlatform.Extensions.BlameDataCollector.BlameCollector
TpTrace Error: 0 : 20696, 1, 2021/11/18, 15:08:08.474, 806548828180, datacollector.dll, The type "Microsoft.TestPlatform.Extensions.BlameDataCollector.BlameCollector" defined in "Microsoft.TestPlatform.Extensions.BlameDataCollector.dll" does not have ExtensionUri attribute.
TpTrace Information: 0 : 20696, 1, 2021/11/18, 15:08:08.478, 806548874282, datacollector.dll, Listening on Endpoint : 127.0.0.1:63837
TpTrace Information: 0 : 20696, 1, 2021/11/18, 15:08:08.485, 806548941097, datacollector.dll, DataCollectionRequestHandler.ProcessRequests : DataCollection started.
TpTrace Information: 0 : 20696, 1, 2021/11/18, 15:08:08.502, 806549112631, datacollector.dll, DataCollectionRequestHandler.ProcessRequests : Datacollector received message: (DataCollection.TestHostLaunched) -> {
  "ProcessId": 2556
}
TpTrace Information: 0 : 20696, 5, 2021/11/18, 15:08:08.689, 806550976320, datacollector.dll, Using the buffer size of 16384 bytes
TpTrace Information: 0 : 20696, 5, 2021/11/18, 15:08:08.689, 806550977544, datacollector.dll, Accepted Client request and set the flag
TpTrace Information: 0 : 20696, 7, 2021/11/18, 15:08:09.273, 806556819804, datacollector.dll, DataCollectionTestCaseEventHandler: Test case starting.
TpTrace Information: 0 : 20696, 7, 2021/11/18, 15:08:09.318, 806557271605, datacollector.dll, Blame Collector : Test Case Start
TpTrace Information: 0 : 20696, 7, 2021/11/18, 15:08:09.320, 806557292878, datacollector.dll, DataCollectionTestCaseEventHandler: Test case 'TestZamjenskiObjekat - cd075b4d-61b2-de77-403b-0cfb69a56f47' started.
TpTrace Information: 0 : 20696, 7, 2021/11/18, 15:08:09.372, 806557809846, datacollector.dll, DataCollectionTestCaseEventHandler : Test case completing.
TpTrace Information: 0 : 20696, 7, 2021/11/18, 15:08:09.376, 806557850789, datacollector.dll, Blame Collector : Test Case End
TpTrace Information: 0 : 20696, 7, 2021/11/18, 15:08:09.380, 806557889036, datacollector.dll, DataCollectionTestCaseEventHandler: Test case 'TestZamjenskiObjekat - cd075b4d-61b2-de77-403b-0cfb69a56f47' completed
TpTrace Information: 0 : 20696, 7, 2021/11/18, 15:08:09.390, 806557987808, datacollector.dll, DataCollectionTestCaseEventHandler: Test case starting.
TpTrace Information: 0 : 20696, 7, 2021/11/18, 15:08:09.390, 806557992331, datacollector.dll, Blame Collector : Test Case Start
TpTrace Information: 0 : 20696, 7, 2021/11/18, 15:08:09.390, 806557993774, datacollector.dll, DataCollectionTestCaseEventHandler: Test case 'DodavanjeMesnihProizvoda - 3a1d8414-af96-8075-3e91-63006d286d73' started.
TpTrace Information: 0 : 20696, 7, 2021/11/18, 15:08:09.398, 806558069068, datacollector.dll, DataCollectionTestCaseEventHandler : Test case completing.
TpTrace Information: 0 : 20696, 7, 2021/11/18, 15:08:09.398, 806558073346, datacollector.dll, Blame Collector : Test Case End
TpTrace Information: 0 : 20696, 7, 2021/11/18, 15:08:09.398, 806558075095, datacollector.dll, DataCollectionTestCaseEventHandler: Test case 'DodavanjeMesnihProizvoda - 3a1d8414-af96-8075-3e91-63006d286d73' completed
TpTrace Information: 0 : 20696, 7, 2021/11/18, 15:08:09.399, 806558081722, datacollector.dll, DataCollectionTestCaseEventHandler: Test case starting.
TpTrace Information: 0 : 20696, 7, 2021/11/18, 15:08:09.399, 806558084452, datacollector.dll, Blame Collector : Test Case Start
TpTrace Information: 0 : 20696, 7, 2021/11/18, 15:08:09.399, 806558085545, datacollector.dll, DataCollectionTestCaseEventHandler: Test case 'DodavanjeVoćaIBrisanje - 3f4528f8-6f76-6b66-8987-b10996504e89' started.
TpTrace Information: 0 : 20696, 7, 2021/11/18, 15:08:09.401, 806558099383, datacollector.dll, DataCollectionTestCaseEventHandler : Test case completing.
TpTrace Information: 0 : 20696, 7, 2021/11/18, 15:08:09.404, 806558130827, datacollector.dll, Blame Collector : Test Case End
TpTrace Information: 0 : 20696, 7, 2021/11/18, 15:08:09.404, 806558133572, datacollector.dll, DataCollectionTestCaseEventHandler: Test case 'DodavanjeVoćaIBrisanje - 3f4528f8-6f76-6b66-8987-b10996504e89' completed
TpTrace Information: 0 : 20696, 7, 2021/11/18, 15:08:09.405, 806558141670, datacollector.dll, DataCollectionTestCaseEventHandler: Test case starting.
TpTrace Information: 0 : 20696, 7, 2021/11/18, 15:08:09.405, 806558145593, datacollector.dll, Blame Collector : Test Case Start
TpTrace Information: 0 : 20696, 7, 2021/11/18, 15:08:09.406, 806558152898, datacollector.dll, DataCollectionTestCaseEventHandler: Test case 'NepodržaniTipDodavanja - 94f032db-9346-302f-6689-ffa07b4ffe55' started.
TpTrace Information: 0 : 20696, 7, 2021/11/18, 15:08:09.409, 806558178744, datacollector.dll, DataCollectionTestCaseEventHandler : Test case completing.
TpTrace Information: 0 : 20696, 7, 2021/11/18, 15:08:09.409, 806558182523, datacollector.dll, Blame Collector : Test Case End
TpTrace Information: 0 : 20696, 7, 2021/11/18, 15:08:09.409, 806558183854, datacollector.dll, DataCollectionTestCaseEventHandler: Test case 'NepodržaniTipDodavanja - 94f032db-9346-302f-6689-ffa07b4ffe55' completed
TpTrace Information: 0 : 20696, 7, 2021/11/18, 15:08:09.410, 806558190580, datacollector.dll, DataCollectionTestCaseEventHandler: Test case starting.
TpTrace Information: 0 : 20696, 7, 2021/11/18, 15:08:09.410, 806558193315, datacollector.dll, Blame Collector : Test Case Start
TpTrace Information: 0 : 20696, 7, 2021/11/18, 15:08:09.410, 806558194307, datacollector.dll, DataCollectionTestCaseEventHandler: Test case 'NemogućeDodavanjeUzBrisanje - 0e86f05c-b4ae-450e-5451-e8f8450dc484' started.
TpTrace Information: 0 : 20696, 7, 2021/11/18, 15:08:09.412, 806558207364, datacollector.dll, DataCollectionTestCaseEventHandler : Test case completing.
TpTrace Information: 0 : 20696, 7, 2021/11/18, 15:08:09.412, 806558210582, datacollector.dll, Blame Collector : Test Case End
TpTrace Information: 0 : 20696, 7, 2021/11/18, 15:08:09.412, 806558212332, datacollector.dll, DataCollectionTestCaseEventHandler: Test case 'NemogućeDodavanjeUzBrisanje - 0e86f05c-b4ae-450e-5451-e8f8450dc484' completed
TpTrace Information: 0 : 20696, 7, 2021/11/18, 15:08:09.419, 806558283120, datacollector.dll, DataCollectionTestCaseEventHandler: Test session ended
TpTrace Information: 0 : 20696, 1, 2021/11/18, 15:08:09.486, 806558951944, datacollector.dll, DataCollectionRequestHandler.ProcessRequests : Datacollector received message: (DataCollection.AfterTestRunEnd) -> false
TpTrace Information: 0 : 20696, 1, 2021/11/18, 15:08:09.487, 806558957605, datacollector.dll, Blame Collector : Session End
TpTrace Information: 0 : 20696, 1, 2021/11/18, 15:08:09.487, 806558958309, datacollector.dll, BlameCollector.CollectDumpAndAbortTesthost: Custom path to dump directory was provided via VSTEST_DUMP_PATH. Skipping attachment upload, the caller is responsible for collecting and uploading the dumps themselves.
TpTrace Information: 0 : 20696, 1, 2021/11/18, 15:08:09.487, 806558959243, datacollector.dll, DataCollectionManager.CleanupPlugins: CleanupPlugins called
TpTrace Verbose: 0 : 20696, 1, 2021/11/18, 15:08:09.487, 806558959630, datacollector.dll, DataCollectionManager.CleanupPlugins: Cleaning up 1 plugins
TpTrace Verbose: 0 : 20696, 1, 2021/11/18, 15:08:09.487, 806558960526, datacollector.dll, dataCollectorInfo.DisposeDataCollector: calling Dispose() on Microsoft.TestPlatform.Extensions.BlameDataCollector.BlameCollector
TpTrace Information: 0 : 20696, 1, 2021/11/18, 15:08:09.487, 806558961194, datacollector.dll, DataCollectionManager.CleanupPlugins: CleanupPlugins finished
TpTrace Information: 0 : 20696, 1, 2021/11/18, 15:08:09.489, 806558985051, datacollector.dll, DataCollectionRequestHandler.ProcessRequests : Session End message received from server. Closing the connection.
TpTrace Information: 0 : 20696, 1, 2021/11/18, 15:08:09.490, 806558987920, datacollector.dll, Closing the connection !
TpTrace Information: 0 : 20696, 1, 2021/11/18, 15:08:09.490, 806558988746, datacollector.dll, DataCollectionRequestHandler.ProcessRequests : DataCollection completed
TpTrace Information: 0 : 20696, 1, 2021/11/18, 15:08:09.490, 806558989179, datacollector.dll, Program.Main: exiting datacollector process.
