TpTrace Verbose: 0 : 18084, 1, 2021/11/17, 22:14:04.083, 198079038810, datacollector.dll, Version: 16.11.0
TpTrace Information: 0 : 18084, 1, 2021/11/17, 22:14:04.089, 198079072769, datacollector.dll, DataCollectorMain.Run: Starting data collector run with args: --port,56755,--parentprocessid,19960,--diag,C:\Users\Armin\Documents\GitHub\Grupa-3-Verifikovani-i-Validirani-Softverasi\Pijaca\Zadatak 2\bin\Debug\net5.0\fine-code-coverage\coverage-tool-output\diagnostics.datacollector.21-11-17_22-14-03_95581_4.log,--tracelevel,4
TpTrace Information: 0 : 18084, 1, 2021/11/17, 22:14:04.090, 198079086276, datacollector.dll, DataCollector: Monitoring parent process with id: '19960'
TpTrace Information: 0 : 18084, 1, 2021/11/17, 22:14:04.101, 198079192868, datacollector.dll, Trying to connect to server on socket : 127.0.0.1:56755 
TpTrace Verbose: 0 : 18084, 1, 2021/11/17, 22:14:04.126, 198079449855, datacollector.dll, SocketCommunicationManager : SetupClientAsync : Attempting to connect to the server.
TpTrace Information: 0 : 18084, 7, 2021/11/17, 22:14:04.140, 198079586415, datacollector.dll, Connected to the server successfully 
TpTrace Information: 0 : 18084, 7, 2021/11/17, 22:14:04.140, 198079587339, datacollector.dll, Using the buffer size of 16384 bytes
TpTrace Information: 0 : 18084, 1, 2021/11/17, 22:14:04.220, 198080389016, datacollector.dll, DataCollector: Start Request Processing.
TpTrace Information: 0 : 18084, 1, 2021/11/17, 22:14:04.224, 198080426223, datacollector.dll, DataCollectionRequestHandler.ProcessRequests : Datacollector received message: (DataCollection.BeforeTestRunStart) -> {
  "SettingsXml": "<RunSettings><RunConfiguration><ResultsDirectory>C:\\Users\\Armin\\Documents\\GitHub\\Grupa-3-Verifikovani-i-Validirani-Softverasi\\Pijaca\\Zadatak 2\\bin\\Debug\\net5.0\\fine-code-coverage\\coverage-tool-output</ResultsDirectory><TargetPlatform>X64</TargetPlatform><TargetFrameworkVersion>.NETCoreApp,Version=v5.0</TargetFrameworkVersion><DesignMode>False</DesignMode><CollectSourceInformation>False</CollectSourceInformation><TestAdaptersPaths>C:\\Program Files\\dotnet\\sdk\\5.0.402\\Extensions</TestAdaptersPaths></RunConfiguration><LoggerRunSettings><Loggers><Logger friendlyName=\"blame\" enabled=\"True\" /><Logger friendlyName=\"Console\" uri=\"logger://microsoft/TestPlatform/ConsoleLogger/v1\" assemblyQualifiedName=\"Microsoft.VisualStudio.TestPlatform.CommandLine.Internal.ConsoleLogger, vstest.console, Version=15.0.0.0, Culture=neutral, PublicKeyToken=b03f5f7f11d50a3a\" codeBase=\"C:\\Program Files\\dotnet\\sdk\\5.0.402\\vstest.console.dll\" enabled=\"True\" /></Loggers></LoggerRunSettings><DataCollectionRunSettings><DataCollectors><DataCollector friendlyName=\"blame\" enabled=\"True\"><Configuration><ResultsDirectory>C:\\Users\\Armin\\Documents\\GitHub\\Grupa-3-Verifikovani-i-Validirani-Softverasi\\Pijaca\\Zadatak 2\\bin\\Debug\\net5.0\\fine-code-coverage\\coverage-tool-output</ResultsDirectory></Configuration></DataCollector></DataCollectors></DataCollectionRunSettings></RunSettings>",
  "Sources": [
    "C:\\Users\\Armin\\Documents\\GitHub\\Grupa-3-Verifikovani-i-Validirani-Softverasi\\Pijaca\\Zadatak 2\\bin\\Debug\\net5.0\\fine-code-coverage\\build-output\\Zadatak 2.dll"
  ],
  "IsTelemetryOptedIn": false
}
TpTrace Verbose: 0 : 18084, 1, 2021/11/17, 22:14:04.266, 198080847128, datacollector.dll, TestPluginCache: Update extensions started. Skip filter = False
TpTrace Verbose: 0 : 18084, 1, 2021/11/17, 22:14:04.267, 198080853429, datacollector.dll, TestPluginCache: Using directories for assembly resolution 'C:\Program Files\dotnet\sdk\5.0.402\Extensions'.
TpTrace Verbose: 0 : 18084, 1, 2021/11/17, 22:14:04.267, 198080854148, datacollector.dll, TestPluginCache: Updated the available extensions to 'C:\Program Files\dotnet\sdk\5.0.402\Extensions\Microsoft.TestPlatform.Extensions.BlameDataCollector.dll,C:\Program Files\dotnet\sdk\5.0.402\Extensions\Microsoft.TestPlatform.Extensions.EventLogCollector.dll'.
TpTrace Verbose: 0 : 18084, 1, 2021/11/17, 22:14:04.272, 198080909927, datacollector.dll, TestPluginCache.DiscoverTestExtensions: finding test extensions in assemblies ends with: Collector.dll TPluginInfo: Microsoft.VisualStudio.TestPlatform.Common.DataCollector.DataCollectorConfig TExtension: Microsoft.VisualStudio.TestPlatform.ObjectModel.DataCollection.DataCollector
TpTrace Verbose: 0 : 18084, 1, 2021/11/17, 22:14:04.273, 198080912761, datacollector.dll, TestPluginCache.GetExtensionPaths: Filtered extension paths: C:\Program Files\dotnet\sdk\5.0.402\Extensions\Microsoft.TestPlatform.Extensions.BlameDataCollector.dll
C:\Program Files\dotnet\sdk\5.0.402\Extensions\Microsoft.TestPlatform.Extensions.EventLogCollector.dll
TpTrace Verbose: 0 : 18084, 1, 2021/11/17, 22:14:04.273, 198080913375, datacollector.dll, TestPluginCache.GetExtensionPaths: Added default extension paths: 
TpTrace Verbose: 0 : 18084, 1, 2021/11/17, 22:14:04.273, 198080913850, datacollector.dll, TestPluginCache.GetExtensionPaths: Added unfilterableExtensionPaths: 
TpTrace Information: 0 : 18084, 1, 2021/11/17, 22:14:04.273, 198080920079, datacollector.dll, AssemblyResolver.ctor: Creating AssemblyResolver with searchDirectories C:\Program Files\dotnet\sdk\5.0.402\Extensions,C:\Program Files\dotnet\sdk\5.0.402
TpTrace Verbose: 0 : 18084, 1, 2021/11/17, 22:14:04.275, 198080932584, datacollector.dll, TestPluginCache.DiscoverTestExtensions: Discovering the extensions using extension path.
TpTrace Verbose: 0 : 18084, 1, 2021/11/17, 22:14:04.275, 198080934386, datacollector.dll, TestPluginCache.GetExtensionPaths: Filtered extension paths: C:\Program Files\dotnet\sdk\5.0.402\Extensions\Microsoft.TestPlatform.Extensions.BlameDataCollector.dll
C:\Program Files\dotnet\sdk\5.0.402\Extensions\Microsoft.TestPlatform.Extensions.EventLogCollector.dll
TpTrace Verbose: 0 : 18084, 1, 2021/11/17, 22:14:04.275, 198080934921, datacollector.dll, TestPluginCache.GetExtensionPaths: Added default extension paths: 
TpTrace Verbose: 0 : 18084, 1, 2021/11/17, 22:14:04.275, 198080935370, datacollector.dll, TestPluginCache.GetExtensionPaths: Added unfilterableExtensionPaths: 
TpTrace Verbose: 0 : 18084, 1, 2021/11/17, 22:14:04.275, 198080936133, datacollector.dll, TestPluginCache.DiscoverTestExtensions: Discovering the extensions using allExtensionPaths: C:\Program Files\dotnet\sdk\5.0.402\Extensions\Microsoft.TestPlatform.Extensions.BlameDataCollector.dll
C:\Program Files\dotnet\sdk\5.0.402\Extensions\Microsoft.TestPlatform.Extensions.EventLogCollector.dll
TpTrace Information: 0 : 18084, 1, 2021/11/17, 22:14:04.275, 198080937352, datacollector.dll, AssemblyResolver.AddSearchDirectories: Adding more searchDirectories C:\Program Files\dotnet\sdk\5.0.402\Extensions,C:\Program Files\dotnet\sdk\5.0.402
TpTrace Information: 0 : 18084, 1, 2021/11/17, 22:14:04.275, 198080938012, datacollector.dll, AssemblyResolver.AddSearchDirectories: Adding more searchDirectories C:\Program Files\dotnet\sdk\5.0.402\Extensions,C:\Program Files\dotnet\sdk\5.0.402
TpTrace Information: 0 : 18084, 1, 2021/11/17, 22:14:04.276, 198080942279, datacollector.dll, AssemblyResolver.OnResolve: Microsoft.TestPlatform.Extensions.BlameDataCollector: Resolving assembly.
TpTrace Information: 0 : 18084, 1, 2021/11/17, 22:14:04.276, 198080943333, datacollector.dll, AssemblyResolver.OnResolve: Microsoft.TestPlatform.Extensions.BlameDataCollector: Searching in: 'C:\Program Files\dotnet\sdk\5.0.402\Extensions'.
TpTrace Information: 0 : 18084, 1, 2021/11/17, 22:14:04.276, 198080947545, datacollector.dll, AssemblyResolver.OnResolve: Microsoft.TestPlatform.Extensions.BlameDataCollector: Loading assembly 'C:\Program Files\dotnet\sdk\5.0.402\Extensions\Microsoft.TestPlatform.Extensions.BlameDataCollector.dll'.
TpTrace Information: 0 : 18084, 1, 2021/11/17, 22:14:04.277, 198080957066, datacollector.dll, AssemblyResolver.OnResolve: Resolved assembly: Microsoft.TestPlatform.Extensions.BlameDataCollector, from path: C:\Program Files\dotnet\sdk\5.0.402\Extensions\Microsoft.TestPlatform.Extensions.BlameDataCollector.dll
TpTrace Error: 0 : 18084, 1, 2021/11/17, 22:14:04.281, 198080992453, datacollector.dll, The type "Microsoft.TestPlatform.Extensions.BlameDataCollector.BlameCollector" defined in "Microsoft.TestPlatform.Extensions.BlameDataCollector.dll" does not have ExtensionUri attribute.
TpTrace Information: 0 : 18084, 1, 2021/11/17, 22:14:04.283, 198081012004, datacollector.dll, AssemblyResolver.OnResolve: Microsoft.TestPlatform.Extensions.EventLogCollector: Resolving assembly.
TpTrace Information: 0 : 18084, 1, 2021/11/17, 22:14:04.283, 198081013568, datacollector.dll, AssemblyResolver.OnResolve: Microsoft.TestPlatform.Extensions.EventLogCollector: Searching in: 'C:\Program Files\dotnet\sdk\5.0.402\Extensions'.
TpTrace Information: 0 : 18084, 1, 2021/11/17, 22:14:04.283, 198081017029, datacollector.dll, AssemblyResolver.OnResolve: Microsoft.TestPlatform.Extensions.EventLogCollector: Loading assembly 'C:\Program Files\dotnet\sdk\5.0.402\Extensions\Microsoft.TestPlatform.Extensions.EventLogCollector.dll'.
TpTrace Information: 0 : 18084, 1, 2021/11/17, 22:14:04.284, 198081021707, datacollector.dll, AssemblyResolver.OnResolve: Resolved assembly: Microsoft.TestPlatform.Extensions.EventLogCollector, from path: C:\Program Files\dotnet\sdk\5.0.402\Extensions\Microsoft.TestPlatform.Extensions.EventLogCollector.dll
TpTrace Error: 0 : 18084, 1, 2021/11/17, 22:14:04.285, 198081040220, datacollector.dll, The type "Microsoft.TestPlatform.Extensions.EventLogCollector.EventLogDataCollector" defined in "Microsoft.TestPlatform.Extensions.EventLogCollector.dll" does not have ExtensionUri attribute.
TpTrace Verbose: 0 : 18084, 1, 2021/11/17, 22:14:04.286, 198081043677, datacollector.dll, TestPluginCache: Discovered the extensions using extension path 'C:\Program Files\dotnet\sdk\5.0.402\Extensions\Microsoft.TestPlatform.Extensions.BlameDataCollector.dll,C:\Program Files\dotnet\sdk\5.0.402\Extensions\Microsoft.TestPlatform.Extensions.EventLogCollector.dll'.
TpTrace Verbose: 0 : 18084, 1, 2021/11/17, 22:14:04.286, 198081044212, datacollector.dll, TestPluginCache: Discoverers are ''.
TpTrace Verbose: 0 : 18084, 1, 2021/11/17, 22:14:04.286, 198081044489, datacollector.dll, TestPluginCache: Executors are ''.
TpTrace Verbose: 0 : 18084, 1, 2021/11/17, 22:14:04.286, 198081044743, datacollector.dll, TestPluginCache: Executors2 are ''.
TpTrace Verbose: 0 : 18084, 1, 2021/11/17, 22:14:04.286, 198081044985, datacollector.dll, TestPluginCache: Setting providers are ''.
TpTrace Verbose: 0 : 18084, 1, 2021/11/17, 22:14:04.286, 198081045275, datacollector.dll, TestPluginCache: Loggers are ''.
TpTrace Information: 0 : 18084, 1, 2021/11/17, 22:14:04.287, 198081054783, datacollector.dll, TestPluginManager.CreateTestExtension: Attempting to load test extension: Microsoft.TestPlatform.Extensions.BlameDataCollector.BlameCollector
TpTrace Error: 0 : 18084, 1, 2021/11/17, 22:14:04.287, 198081058465, datacollector.dll, The type "Microsoft.TestPlatform.Extensions.BlameDataCollector.BlameCollector" defined in "Microsoft.TestPlatform.Extensions.BlameDataCollector.dll" does not have ExtensionUri attribute.
TpTrace Information: 0 : 18084, 1, 2021/11/17, 22:14:04.292, 198081106295, datacollector.dll, Listening on Endpoint : 127.0.0.1:56757
TpTrace Information: 0 : 18084, 1, 2021/11/17, 22:14:04.302, 198081211103, datacollector.dll, DataCollectionRequestHandler.ProcessRequests : DataCollection started.
TpTrace Information: 0 : 18084, 1, 2021/11/17, 22:14:04.332, 198081506632, datacollector.dll, DataCollectionRequestHandler.ProcessRequests : Datacollector received message: (DataCollection.TestHostLaunched) -> {
  "ProcessId": 10016
}
TpTrace Information: 0 : 18084, 5, 2021/11/17, 22:14:04.539, 198083577963, datacollector.dll, Using the buffer size of 16384 bytes
TpTrace Information: 0 : 18084, 5, 2021/11/17, 22:14:04.539, 198083578879, datacollector.dll, Accepted Client request and set the flag
TpTrace Information: 0 : 18084, 7, 2021/11/17, 22:14:05.099, 198089172632, datacollector.dll, DataCollectionTestCaseEventHandler: Test case starting.
TpTrace Information: 0 : 18084, 7, 2021/11/17, 22:14:05.148, 198089666196, datacollector.dll, Blame Collector : Test Case Start
TpTrace Information: 0 : 18084, 7, 2021/11/17, 22:14:05.150, 198089690666, datacollector.dll, DataCollectionTestCaseEventHandler: Test case 'TestZamjenskiObjekat - cd075b4d-61b2-de77-403b-0cfb69a56f47' started.
TpTrace Information: 0 : 18084, 7, 2021/11/17, 22:14:05.228, 198090469794, datacollector.dll, DataCollectionTestCaseEventHandler : Test case completing.
TpTrace Information: 0 : 18084, 7, 2021/11/17, 22:14:05.233, 198090516801, datacollector.dll, Blame Collector : Test Case End
TpTrace Information: 0 : 18084, 7, 2021/11/17, 22:14:05.237, 198090553670, datacollector.dll, DataCollectionTestCaseEventHandler: Test case 'TestZamjenskiObjekat - cd075b4d-61b2-de77-403b-0cfb69a56f47' completed
TpTrace Information: 0 : 18084, 7, 2021/11/17, 22:14:05.249, 198090679683, datacollector.dll, DataCollectionTestCaseEventHandler: Test case starting.
TpTrace Information: 0 : 18084, 7, 2021/11/17, 22:14:05.250, 198090684525, datacollector.dll, Blame Collector : Test Case Start
TpTrace Information: 0 : 18084, 7, 2021/11/17, 22:14:05.250, 198090685839, datacollector.dll, DataCollectionTestCaseEventHandler: Test case 'DodavanjeMesnihProizvoda - 3a1d8414-af96-8075-3e91-63006d286d73' started.
TpTrace Information: 0 : 18084, 7, 2021/11/17, 22:14:05.258, 198090765977, datacollector.dll, DataCollectionTestCaseEventHandler : Test case completing.
TpTrace Information: 0 : 18084, 7, 2021/11/17, 22:14:05.258, 198090770420, datacollector.dll, Blame Collector : Test Case End
TpTrace Information: 0 : 18084, 7, 2021/11/17, 22:14:05.259, 198090771933, datacollector.dll, DataCollectionTestCaseEventHandler: Test case 'DodavanjeMesnihProizvoda - 3a1d8414-af96-8075-3e91-63006d286d73' completed
TpTrace Information: 0 : 18084, 7, 2021/11/17, 22:14:05.259, 198090778714, datacollector.dll, DataCollectionTestCaseEventHandler: Test case starting.
TpTrace Information: 0 : 18084, 7, 2021/11/17, 22:14:05.260, 198090783329, datacollector.dll, Blame Collector : Test Case Start
TpTrace Information: 0 : 18084, 7, 2021/11/17, 22:14:05.260, 198090787700, datacollector.dll, DataCollectionTestCaseEventHandler: Test case 'DodavanjeVoćaIBrisanje - 3f4528f8-6f76-6b66-8987-b10996504e89' started.
TpTrace Information: 0 : 18084, 7, 2021/11/17, 22:14:05.264, 198090830653, datacollector.dll, DataCollectionTestCaseEventHandler : Test case completing.
TpTrace Information: 0 : 18084, 7, 2021/11/17, 22:14:05.267, 198090856909, datacollector.dll, Blame Collector : Test Case End
TpTrace Information: 0 : 18084, 7, 2021/11/17, 22:14:05.267, 198090859622, datacollector.dll, DataCollectionTestCaseEventHandler: Test case 'DodavanjeVoćaIBrisanje - 3f4528f8-6f76-6b66-8987-b10996504e89' completed
TpTrace Information: 0 : 18084, 7, 2021/11/17, 22:14:05.269, 198090872386, datacollector.dll, DataCollectionTestCaseEventHandler: Test case starting.
TpTrace Information: 0 : 18084, 7, 2021/11/17, 22:14:05.269, 198090876800, datacollector.dll, Blame Collector : Test Case Start
TpTrace Information: 0 : 18084, 7, 2021/11/17, 22:14:05.270, 198090884147, datacollector.dll, DataCollectionTestCaseEventHandler: Test case 'NepodržaniTipDodavanja - 94f032db-9346-302f-6689-ffa07b4ffe55' started.
TpTrace Information: 0 : 18084, 7, 2021/11/17, 22:14:05.273, 198090915951, datacollector.dll, DataCollectionTestCaseEventHandler : Test case completing.
TpTrace Information: 0 : 18084, 7, 2021/11/17, 22:14:05.273, 198090920397, datacollector.dll, Blame Collector : Test Case End
TpTrace Information: 0 : 18084, 7, 2021/11/17, 22:14:05.274, 198090921855, datacollector.dll, DataCollectionTestCaseEventHandler: Test case 'NepodržaniTipDodavanja - 94f032db-9346-302f-6689-ffa07b4ffe55' completed
TpTrace Information: 0 : 18084, 7, 2021/11/17, 22:14:05.274, 198090929127, datacollector.dll, DataCollectionTestCaseEventHandler: Test case starting.
TpTrace Information: 0 : 18084, 7, 2021/11/17, 22:14:05.275, 198090932486, datacollector.dll, Blame Collector : Test Case Start
TpTrace Information: 0 : 18084, 7, 2021/11/17, 22:14:05.275, 198090933653, datacollector.dll, DataCollectionTestCaseEventHandler: Test case 'NemogućeDodavanjeUzBrisanje - 0e86f05c-b4ae-450e-5451-e8f8450dc484' started.
TpTrace Information: 0 : 18084, 7, 2021/11/17, 22:14:05.276, 198090949120, datacollector.dll, DataCollectionTestCaseEventHandler : Test case completing.
TpTrace Information: 0 : 18084, 7, 2021/11/17, 22:14:05.277, 198090960890, datacollector.dll, Blame Collector : Test Case End
TpTrace Information: 0 : 18084, 7, 2021/11/17, 22:14:05.278, 198090965514, datacollector.dll, DataCollectionTestCaseEventHandler: Test case 'NemogućeDodavanjeUzBrisanje - 0e86f05c-b4ae-450e-5451-e8f8450dc484' completed
TpTrace Information: 0 : 18084, 7, 2021/11/17, 22:14:05.283, 198091012532, datacollector.dll, DataCollectionTestCaseEventHandler: Test session ended
TpTrace Information: 0 : 18084, 1, 2021/11/17, 22:14:05.375, 198091936980, datacollector.dll, DataCollectionRequestHandler.ProcessRequests : Datacollector received message: (DataCollection.AfterTestRunEnd) -> false
TpTrace Information: 0 : 18084, 1, 2021/11/17, 22:14:05.376, 198091944732, datacollector.dll, Blame Collector : Session End
TpTrace Information: 0 : 18084, 1, 2021/11/17, 22:14:05.376, 198091946009, datacollector.dll, BlameCollector.CollectDumpAndAbortTesthost: Custom path to dump directory was provided via VSTEST_DUMP_PATH. Skipping attachment upload, the caller is responsible for collecting and uploading the dumps themselves.
TpTrace Information: 0 : 18084, 1, 2021/11/17, 22:14:05.376, 198091948210, datacollector.dll, DataCollectionManager.CleanupPlugins: CleanupPlugins called
TpTrace Verbose: 0 : 18084, 1, 2021/11/17, 22:14:05.376, 198091949159, datacollector.dll, DataCollectionManager.CleanupPlugins: Cleaning up 1 plugins
TpTrace Verbose: 0 : 18084, 1, 2021/11/17, 22:14:05.377, 198091953615, datacollector.dll, dataCollectorInfo.DisposeDataCollector: calling Dispose() on Microsoft.TestPlatform.Extensions.BlameDataCollector.BlameCollector
TpTrace Information: 0 : 18084, 1, 2021/11/17, 22:14:05.377, 198091957784, datacollector.dll, DataCollectionManager.CleanupPlugins: CleanupPlugins finished
TpTrace Information: 0 : 18084, 1, 2021/11/17, 22:14:05.384, 198092029672, datacollector.dll, DataCollectionRequestHandler.ProcessRequests : Session End message received from server. Closing the connection.
TpTrace Information: 0 : 18084, 1, 2021/11/17, 22:14:05.385, 198092033433, datacollector.dll, Closing the connection !
TpTrace Information: 0 : 18084, 1, 2021/11/17, 22:14:05.385, 198092034253, datacollector.dll, DataCollectionRequestHandler.ProcessRequests : DataCollection completed
TpTrace Information: 0 : 18084, 1, 2021/11/17, 22:14:05.385, 198092034638, datacollector.dll, Program.Main: exiting datacollector process.
