TpTrace Verbose: 0 : 12680, 1, 2021/11/28, 21:39:39.607, 159065977110, datacollector.dll, Version: 16.9.1
TpTrace Information: 0 : 12680, 1, 2021/11/28, 21:39:39.617, 159065996512, datacollector.dll, DataCollectorMain.Run: Starting data collector run with args: --port,62181,--parentprocessid,15104,--diag,C:\Users\User\Documents\GitHub\Grupa-3-Verifikovani-i-Validirani-Softverasi\Pijaca\Zadatak 2\bin\Debug\net5.0\fine-code-coverage\coverage-tool-output\diagnostics.datacollector.21-11-28_21-39-39_41210_4.log,--tracelevel,4
TpTrace Information: 0 : 12680, 1, 2021/11/28, 21:39:39.618, 159065998625, datacollector.dll, DataCollector: Monitoring parent process with id: '15104'
TpTrace Information: 0 : 12680, 1, 2021/11/28, 21:39:39.638, 159066075185, datacollector.dll, Trying to connect to server on socket : 127.0.0.1:62181 
TpTrace Verbose: 0 : 12680, 1, 2021/11/28, 21:39:39.661, 159066160032, datacollector.dll, SocketCommunicationManager : SetupClientAsync : Attempting to connect to the server.
TpTrace Information: 0 : 12680, 8, 2021/11/28, 21:39:39.685, 159066246797, datacollector.dll, Connected to the server successfully 
TpTrace Information: 0 : 12680, 8, 2021/11/28, 21:39:39.685, 159066247352, datacollector.dll, Using the buffer size of 16384 bytes
TpTrace Information: 0 : 12680, 1, 2021/11/28, 21:39:39.797, 159066664611, datacollector.dll, DataCollector: Start Request Processing.
TpTrace Information: 0 : 12680, 1, 2021/11/28, 21:39:39.808, 159066702615, datacollector.dll, DataCollectionRequestHandler.ProcessRequests : Datacollector received message: (DataCollection.BeforeTestRunStart) -> {
  "SettingsXml": "<RunSettings><RunConfiguration><ResultsDirectory>C:\\Users\\User\\Documents\\GitHub\\Grupa-3-Verifikovani-i-Validirani-Softverasi\\Pijaca\\Zadatak 2\\bin\\Debug\\net5.0\\fine-code-coverage\\coverage-tool-output</ResultsDirectory><TargetPlatform>X64</TargetPlatform><TargetFrameworkVersion>.NETCoreApp,Version=v5.0</TargetFrameworkVersion><DesignMode>False</DesignMode><CollectSourceInformation>False</CollectSourceInformation><TestAdaptersPaths>C:\\Program Files\\dotnet\\sdk\\5.0.201\\Extensions</TestAdaptersPaths></RunConfiguration><LoggerRunSettings><Loggers><Logger friendlyName=\"blame\" enabled=\"True\" /><Logger friendlyName=\"Console\" uri=\"logger://microsoft/TestPlatform/ConsoleLogger/v1\" assemblyQualifiedName=\"Microsoft.VisualStudio.TestPlatform.CommandLine.Internal.ConsoleLogger, vstest.console, Version=15.0.0.0, Culture=neutral, PublicKeyToken=b03f5f7f11d50a3a\" codeBase=\"C:\\Program Files\\dotnet\\sdk\\5.0.201\\vstest.console.dll\" enabled=\"True\" /></Loggers></LoggerRunSettings><DataCollectionRunSettings><DataCollectors><DataCollector friendlyName=\"blame\" enabled=\"True\"><Configuration><ResultsDirectory>C:\\Users\\User\\Documents\\GitHub\\Grupa-3-Verifikovani-i-Validirani-Softverasi\\Pijaca\\Zadatak 2\\bin\\Debug\\net5.0\\fine-code-coverage\\coverage-tool-output</ResultsDirectory></Configuration></DataCollector></DataCollectors></DataCollectionRunSettings></RunSettings>",
  "Sources": [
    "C:\\Users\\User\\Documents\\GitHub\\Grupa-3-Verifikovani-i-Validirani-Softverasi\\Pijaca\\Zadatak 2\\bin\\Debug\\net5.0\\fine-code-coverage\\build-output\\Zadatak 2.dll"
  ],
  "IsTelemetryOptedIn": false
}
TpTrace Verbose: 0 : 12680, 1, 2021/11/28, 21:39:39.896, 159067028737, datacollector.dll, TestPluginCache: Update extensions started. Skip filter = False
TpTrace Verbose: 0 : 12680, 1, 2021/11/28, 21:39:39.897, 159067033173, datacollector.dll, TestPluginCache: Using directories for assembly resolution 'C:\Program Files\dotnet\sdk\5.0.201\Extensions'.
TpTrace Verbose: 0 : 12680, 1, 2021/11/28, 21:39:39.897, 159067033962, datacollector.dll, TestPluginCache: Updated the available extensions to 'C:\Program Files\dotnet\sdk\5.0.201\Extensions\Microsoft.TestPlatform.Extensions.BlameDataCollector.dll,C:\Program Files\dotnet\sdk\5.0.201\Extensions\Microsoft.TestPlatform.Extensions.EventLogCollector.dll'.
TpTrace Verbose: 0 : 12680, 1, 2021/11/28, 21:39:39.944, 159067206559, datacollector.dll, TestPluginCache.DiscoverTestExtensions: finding test extensions in assemblies ends with: Collector.dll TPluginInfo: Microsoft.VisualStudio.TestPlatform.Common.DataCollector.DataCollectorConfig TExtension: Microsoft.VisualStudio.TestPlatform.ObjectModel.DataCollection.DataCollector
TpTrace Verbose: 0 : 12680, 1, 2021/11/28, 21:39:39.944, 159067207919, datacollector.dll, TestPluginCache.GetExtensionPaths: Filtered extension paths: C:\Program Files\dotnet\sdk\5.0.201\Extensions\Microsoft.TestPlatform.Extensions.BlameDataCollector.dll
C:\Program Files\dotnet\sdk\5.0.201\Extensions\Microsoft.TestPlatform.Extensions.EventLogCollector.dll
TpTrace Verbose: 0 : 12680, 1, 2021/11/28, 21:39:39.944, 159067208157, datacollector.dll, TestPluginCache.GetExtensionPaths: Added default extension paths: 
TpTrace Verbose: 0 : 12680, 1, 2021/11/28, 21:39:39.944, 159067208404, datacollector.dll, TestPluginCache.GetExtensionPaths: Added unfilterableExtensionPaths: 
TpTrace Information: 0 : 12680, 1, 2021/11/28, 21:39:39.945, 159067211542, datacollector.dll, AssemblyResolver.ctor: Creating AssemblyResolver with searchDirectories C:\Program Files\dotnet\sdk\5.0.201\Extensions,C:\Program Files\dotnet\sdk\5.0.201
TpTrace Verbose: 0 : 12680, 1, 2021/11/28, 21:39:39.948, 159067221767, datacollector.dll, TestPluginCache.DiscoverTestExtensions: Discovering the extensions using extension path.
TpTrace Verbose: 0 : 12680, 1, 2021/11/28, 21:39:39.948, 159067222976, datacollector.dll, TestPluginCache.GetExtensionPaths: Filtered extension paths: C:\Program Files\dotnet\sdk\5.0.201\Extensions\Microsoft.TestPlatform.Extensions.BlameDataCollector.dll
C:\Program Files\dotnet\sdk\5.0.201\Extensions\Microsoft.TestPlatform.Extensions.EventLogCollector.dll
TpTrace Verbose: 0 : 12680, 1, 2021/11/28, 21:39:39.948, 159067223175, datacollector.dll, TestPluginCache.GetExtensionPaths: Added default extension paths: 
TpTrace Verbose: 0 : 12680, 1, 2021/11/28, 21:39:39.948, 159067223326, datacollector.dll, TestPluginCache.GetExtensionPaths: Added unfilterableExtensionPaths: 
TpTrace Verbose: 0 : 12680, 1, 2021/11/28, 21:39:39.948, 159067223613, datacollector.dll, TestPluginCache.DiscoverTestExtensions: Discovering the extensions using allExtensionPaths: C:\Program Files\dotnet\sdk\5.0.201\Extensions\Microsoft.TestPlatform.Extensions.BlameDataCollector.dll
C:\Program Files\dotnet\sdk\5.0.201\Extensions\Microsoft.TestPlatform.Extensions.EventLogCollector.dll
TpTrace Information: 0 : 12680, 1, 2021/11/28, 21:39:39.948, 159067224175, datacollector.dll, AssemblyResolver.AddSearchDirectories: Adding more searchDirectories C:\Program Files\dotnet\sdk\5.0.201\Extensions,C:\Program Files\dotnet\sdk\5.0.201
TpTrace Information: 0 : 12680, 1, 2021/11/28, 21:39:39.950, 159067231048, datacollector.dll, AssemblyResolver.AddSearchDirectories: Adding more searchDirectories C:\Program Files\dotnet\sdk\5.0.201\Extensions,C:\Program Files\dotnet\sdk\5.0.201
TpTrace Information: 0 : 12680, 1, 2021/11/28, 21:39:39.951, 159067234077, datacollector.dll, AssemblyResolver.OnResolve: Microsoft.TestPlatform.Extensions.BlameDataCollector: Resolving assembly.
TpTrace Information: 0 : 12680, 1, 2021/11/28, 21:39:39.953, 159067240496, datacollector.dll, AssemblyResolver.OnResolve: Resolved assembly: Microsoft.TestPlatform.Extensions.BlameDataCollector, from path: C:\Program Files\dotnet\sdk\5.0.201\Extensions\Microsoft.TestPlatform.Extensions.BlameDataCollector.dll
TpTrace Error: 0 : 12680, 1, 2021/11/28, 21:39:39.955, 159067248820, datacollector.dll, The type "Microsoft.TestPlatform.Extensions.BlameDataCollector.BlameCollector" defined in "Microsoft.TestPlatform.Extensions.BlameDataCollector.dll" does not have ExtensionUri attribute.
TpTrace Information: 0 : 12680, 1, 2021/11/28, 21:39:39.958, 159067258709, datacollector.dll, AssemblyResolver.OnResolve: Microsoft.TestPlatform.Extensions.EventLogCollector: Resolving assembly.
TpTrace Information: 0 : 12680, 1, 2021/11/28, 21:39:39.959, 159067262755, datacollector.dll, AssemblyResolver.OnResolve: Resolved assembly: Microsoft.TestPlatform.Extensions.EventLogCollector, from path: C:\Program Files\dotnet\sdk\5.0.201\Extensions\Microsoft.TestPlatform.Extensions.EventLogCollector.dll
TpTrace Error: 0 : 12680, 1, 2021/11/28, 21:39:39.962, 159067273696, datacollector.dll, The type "Microsoft.TestPlatform.Extensions.EventLogCollector.EventLogDataCollector" defined in "Microsoft.TestPlatform.Extensions.EventLogCollector.dll" does not have ExtensionUri attribute.
TpTrace Verbose: 0 : 12680, 1, 2021/11/28, 21:39:39.962, 159067275946, datacollector.dll, TestPluginCache: Discovered the extensions using extension path 'C:\Program Files\dotnet\sdk\5.0.201\Extensions\Microsoft.TestPlatform.Extensions.BlameDataCollector.dll,C:\Program Files\dotnet\sdk\5.0.201\Extensions\Microsoft.TestPlatform.Extensions.EventLogCollector.dll'.
TpTrace Verbose: 0 : 12680, 1, 2021/11/28, 21:39:39.962, 159067276293, datacollector.dll, TestPluginCache: Discoverers are ''.
TpTrace Verbose: 0 : 12680, 1, 2021/11/28, 21:39:39.963, 159067276479, datacollector.dll, TestPluginCache: Executors are ''.
TpTrace Verbose: 0 : 12680, 1, 2021/11/28, 21:39:39.963, 159067276625, datacollector.dll, TestPluginCache: Executors2 are ''.
TpTrace Verbose: 0 : 12680, 1, 2021/11/28, 21:39:39.963, 159067276764, datacollector.dll, TestPluginCache: Setting providers are ''.
TpTrace Verbose: 0 : 12680, 1, 2021/11/28, 21:39:39.963, 159067276902, datacollector.dll, TestPluginCache: Loggers are ''.
TpTrace Information: 0 : 12680, 1, 2021/11/28, 21:39:39.966, 159067287782, datacollector.dll, TestPluginManager.CreateTestExtension: Attempting to load test extension: Microsoft.TestPlatform.Extensions.BlameDataCollector.BlameCollector
TpTrace Error: 0 : 12680, 1, 2021/11/28, 21:39:39.966, 159067291014, datacollector.dll, The type "Microsoft.TestPlatform.Extensions.BlameDataCollector.BlameCollector" defined in "Microsoft.TestPlatform.Extensions.BlameDataCollector.dll" does not have ExtensionUri attribute.
TpTrace Information: 0 : 12680, 1, 2021/11/28, 21:39:39.978, 159067333510, datacollector.dll, Listening on Endpoint : 127.0.0.1:62183
TpTrace Information: 0 : 12680, 1, 2021/11/28, 21:39:39.992, 159067386005, datacollector.dll, DataCollectionRequestHandler.ProcessRequests : DataCollection started.
TpTrace Information: 0 : 12680, 1, 2021/11/28, 21:39:40.021, 159067491973, datacollector.dll, DataCollectionRequestHandler.ProcessRequests : Datacollector received message: (DataCollection.TestHostLaunched) -> {
  "ProcessId": 14548
}
TpTrace Information: 0 : 12680, 6, 2021/11/28, 21:39:40.386, 159068846791, datacollector.dll, Using the buffer size of 16384 bytes
TpTrace Information: 0 : 12680, 6, 2021/11/28, 21:39:40.387, 159068847471, datacollector.dll, Accepted Client request and set the flag
TpTrace Information: 0 : 12680, 8, 2021/11/28, 21:39:41.095, 159071470986, datacollector.dll, DataCollectionTestCaseEventHandler: Test case starting.
TpTrace Information: 0 : 12680, 8, 2021/11/28, 21:39:41.175, 159071766159, datacollector.dll, Blame Collector : Test Case Start
TpTrace Information: 0 : 12680, 8, 2021/11/28, 21:39:41.178, 159071779010, datacollector.dll, DataCollectionTestCaseEventHandler: Test case 'TestZamjenskiObjekat - cd075b4d-61b2-de77-403b-0cfb69a56f47' started.
TpTrace Information: 0 : 12680, 8, 2021/11/28, 21:39:41.274, 159072133376, datacollector.dll, DataCollectionTestCaseEventHandler : Test case completing.
TpTrace Information: 0 : 12680, 8, 2021/11/28, 21:39:41.280, 159072157767, datacollector.dll, Blame Collector : Test Case End
TpTrace Information: 0 : 12680, 8, 2021/11/28, 21:39:41.288, 159072186234, datacollector.dll, DataCollectionTestCaseEventHandler: Test case 'TestZamjenskiObjekat - cd075b4d-61b2-de77-403b-0cfb69a56f47' completed
TpTrace Information: 0 : 12680, 8, 2021/11/28, 21:39:41.306, 159072254276, datacollector.dll, DataCollectionTestCaseEventHandler: Test case starting.
TpTrace Information: 0 : 12680, 8, 2021/11/28, 21:39:41.307, 159072258611, datacollector.dll, Blame Collector : Test Case Start
TpTrace Information: 0 : 12680, 8, 2021/11/28, 21:39:41.308, 159072259672, datacollector.dll, DataCollectionTestCaseEventHandler: Test case 'DodavanjeMesnihProizvoda - 3a1d8414-af96-8075-3e91-63006d286d73' started.
TpTrace Information: 0 : 12680, 8, 2021/11/28, 21:39:41.316, 159072290576, datacollector.dll, DataCollectionTestCaseEventHandler : Test case completing.
TpTrace Information: 0 : 12680, 8, 2021/11/28, 21:39:41.317, 159072295680, datacollector.dll, Blame Collector : Test Case End
TpTrace Information: 0 : 12680, 8, 2021/11/28, 21:39:41.318, 159072296766, datacollector.dll, DataCollectionTestCaseEventHandler: Test case 'DodavanjeMesnihProizvoda - 3a1d8414-af96-8075-3e91-63006d286d73' completed
TpTrace Information: 0 : 12680, 8, 2021/11/28, 21:39:41.320, 159072303443, datacollector.dll, DataCollectionTestCaseEventHandler: Test case starting.
TpTrace Information: 0 : 12680, 8, 2021/11/28, 21:39:41.321, 159072307716, datacollector.dll, Blame Collector : Test Case Start
TpTrace Information: 0 : 12680, 8, 2021/11/28, 21:39:41.321, 159072308651, datacollector.dll, DataCollectionTestCaseEventHandler: Test case 'DodavanjeVoćaIBrisanje - 3f4528f8-6f76-6b66-8987-b10996504e89' started.
TpTrace Information: 0 : 12680, 8, 2021/11/28, 21:39:41.325, 159072322399, datacollector.dll, DataCollectionTestCaseEventHandler : Test case completing.
TpTrace Information: 0 : 12680, 8, 2021/11/28, 21:39:41.326, 159072326773, datacollector.dll, Blame Collector : Test Case End
TpTrace Information: 0 : 12680, 8, 2021/11/28, 21:39:41.326, 159072327745, datacollector.dll, DataCollectionTestCaseEventHandler: Test case 'DodavanjeVoćaIBrisanje - 3f4528f8-6f76-6b66-8987-b10996504e89' completed
TpTrace Information: 0 : 12680, 8, 2021/11/28, 21:39:41.328, 159072334628, datacollector.dll, DataCollectionTestCaseEventHandler: Test case starting.
TpTrace Information: 0 : 12680, 8, 2021/11/28, 21:39:41.329, 159072339018, datacollector.dll, Blame Collector : Test Case Start
TpTrace Information: 0 : 12680, 8, 2021/11/28, 21:39:41.331, 159072344996, datacollector.dll, DataCollectionTestCaseEventHandler: Test case 'NepodržaniTipDodavanja - 94f032db-9346-302f-6689-ffa07b4ffe55' started.
TpTrace Information: 0 : 12680, 8, 2021/11/28, 21:39:41.336, 159072364278, datacollector.dll, DataCollectionTestCaseEventHandler : Test case completing.
TpTrace Information: 0 : 12680, 8, 2021/11/28, 21:39:41.337, 159072368558, datacollector.dll, Blame Collector : Test Case End
TpTrace Information: 0 : 12680, 8, 2021/11/28, 21:39:41.337, 159072369560, datacollector.dll, DataCollectionTestCaseEventHandler: Test case 'NepodržaniTipDodavanja - 94f032db-9346-302f-6689-ffa07b4ffe55' completed
TpTrace Information: 0 : 12680, 8, 2021/11/28, 21:39:41.339, 159072375770, datacollector.dll, DataCollectionTestCaseEventHandler: Test case starting.
TpTrace Information: 0 : 12680, 8, 2021/11/28, 21:39:41.340, 159072380751, datacollector.dll, Blame Collector : Test Case Start
TpTrace Information: 0 : 12680, 8, 2021/11/28, 21:39:41.341, 159072381881, datacollector.dll, DataCollectionTestCaseEventHandler: Test case 'NemogućeDodavanjeUzBrisanje - 0e86f05c-b4ae-450e-5451-e8f8450dc484' started.
TpTrace Information: 0 : 12680, 8, 2021/11/28, 21:39:41.344, 159072394010, datacollector.dll, DataCollectionTestCaseEventHandler : Test case completing.
TpTrace Information: 0 : 12680, 8, 2021/11/28, 21:39:41.345, 159072398413, datacollector.dll, Blame Collector : Test Case End
TpTrace Information: 0 : 12680, 8, 2021/11/28, 21:39:41.345, 159072399410, datacollector.dll, DataCollectionTestCaseEventHandler: Test case 'NemogućeDodavanjeUzBrisanje - 0e86f05c-b4ae-450e-5451-e8f8450dc484' completed
TpTrace Information: 0 : 12680, 8, 2021/11/28, 21:39:41.357, 159072442568, datacollector.dll, DataCollectionTestCaseEventHandler: Test session ended
TpTrace Information: 0 : 12680, 1, 2021/11/28, 21:39:41.505, 159072989373, datacollector.dll, DataCollectionRequestHandler.ProcessRequests : Datacollector received message: (DataCollection.AfterTestRunEnd) -> false
TpTrace Information: 0 : 12680, 1, 2021/11/28, 21:39:41.506, 159072993589, datacollector.dll, Blame Collector : Session End
TpTrace Information: 0 : 12680, 1, 2021/11/28, 21:39:41.506, 159072994558, datacollector.dll, BlameCollector.CollectDumpAndAbortTesthost: Custom path to dump directory was provided via VSTEST_DUMP_PATH. Skipping attachment upload, the caller is responsible for collecting and uploading the dumps themselves.
TpTrace Information: 0 : 12680, 1, 2021/11/28, 21:39:41.506, 159072995152, datacollector.dll, DataCollectionManager.CleanupPlugins: CleanupPlugins called
TpTrace Verbose: 0 : 12680, 1, 2021/11/28, 21:39:41.506, 159072995311, datacollector.dll, DataCollectionManager.CleanupPlugins: Cleaning up 1 plugins
TpTrace Verbose: 0 : 12680, 1, 2021/11/28, 21:39:41.506, 159072995838, datacollector.dll, dataCollectorInfo.DisposeDataCollector: calling Dispose() on Microsoft.TestPlatform.Extensions.BlameDataCollector.BlameCollector
TpTrace Information: 0 : 12680, 1, 2021/11/28, 21:39:41.507, 159072996244, datacollector.dll, DataCollectionManager.CleanupPlugins: CleanupPlugins finished
TpTrace Information: 0 : 12680, 1, 2021/11/28, 21:39:41.512, 159073015210, datacollector.dll, DataCollectionRequestHandler.ProcessRequests : Session End message received from server. Closing the connection.
TpTrace Information: 0 : 12680, 1, 2021/11/28, 21:39:41.512, 159073016473, datacollector.dll, Closing the connection !
TpTrace Information: 0 : 12680, 1, 2021/11/28, 21:39:41.512, 159073016710, datacollector.dll, DataCollectionRequestHandler.ProcessRequests : DataCollection completed
TpTrace Information: 0 : 12680, 1, 2021/11/28, 21:39:41.512, 159073016885, datacollector.dll, Program.Main: exiting datacollector process.
