TpTrace Verbose: 0 : 19288, 1, 2021/11/28, 20:50:31.395, 6235652542282, datacollector.dll, Version: 16.11.0
TpTrace Information: 0 : 19288, 1, 2021/11/28, 20:50:31.402, 6235652575932, datacollector.dll, DataCollectorMain.Run: Starting data collector run with args: --port,63450,--parentprocessid,21432,--diag,C:\Users\Armin\Documents\GitHub\Grupa-3-Verifikovani-i-Validirani-Softverasi\Pijaca\Zadatak 2\bin\Debug\net5.0\fine-code-coverage\coverage-tool-output\diagnostics.datacollector.21-11-28_20-50-31_27084_4.log,--tracelevel,4
TpTrace Information: 0 : 19288, 1, 2021/11/28, 20:50:31.402, 6235652579996, datacollector.dll, DataCollector: Monitoring parent process with id: '21432'
TpTrace Information: 0 : 19288, 1, 2021/11/28, 20:50:31.409, 6235652647792, datacollector.dll, Trying to connect to server on socket : 127.0.0.1:63450 
TpTrace Verbose: 0 : 19288, 1, 2021/11/28, 20:50:31.435, 6235652907578, datacollector.dll, SocketCommunicationManager : SetupClientAsync : Attempting to connect to the server.
TpTrace Information: 0 : 19288, 7, 2021/11/28, 20:50:31.444, 6235653000954, datacollector.dll, Connected to the server successfully 
TpTrace Information: 0 : 19288, 7, 2021/11/28, 20:50:31.444, 6235653002376, datacollector.dll, Using the buffer size of 16384 bytes
TpTrace Information: 0 : 19288, 1, 2021/11/28, 20:50:31.528, 6235653842510, datacollector.dll, DataCollector: Start Request Processing.
TpTrace Information: 0 : 19288, 1, 2021/11/28, 20:50:31.532, 6235653884442, datacollector.dll, DataCollectionRequestHandler.ProcessRequests : Datacollector received message: (DataCollection.BeforeTestRunStart) -> {
  "SettingsXml": "<RunSettings><RunConfiguration><ResultsDirectory>C:\\Users\\Armin\\Documents\\GitHub\\Grupa-3-Verifikovani-i-Validirani-Softverasi\\Pijaca\\Zadatak 2\\bin\\Debug\\net5.0\\fine-code-coverage\\coverage-tool-output</ResultsDirectory><TargetPlatform>X64</TargetPlatform><TargetFrameworkVersion>.NETCoreApp,Version=v5.0</TargetFrameworkVersion><DesignMode>False</DesignMode><CollectSourceInformation>False</CollectSourceInformation><TestAdaptersPaths>C:\\Program Files\\dotnet\\sdk\\5.0.402\\Extensions</TestAdaptersPaths></RunConfiguration><LoggerRunSettings><Loggers><Logger friendlyName=\"blame\" enabled=\"True\" /><Logger friendlyName=\"Console\" uri=\"logger://microsoft/TestPlatform/ConsoleLogger/v1\" assemblyQualifiedName=\"Microsoft.VisualStudio.TestPlatform.CommandLine.Internal.ConsoleLogger, vstest.console, Version=15.0.0.0, Culture=neutral, PublicKeyToken=b03f5f7f11d50a3a\" codeBase=\"C:\\Program Files\\dotnet\\sdk\\5.0.402\\vstest.console.dll\" enabled=\"True\" /></Loggers></LoggerRunSettings><DataCollectionRunSettings><DataCollectors><DataCollector friendlyName=\"blame\" enabled=\"True\"><Configuration><ResultsDirectory>C:\\Users\\Armin\\Documents\\GitHub\\Grupa-3-Verifikovani-i-Validirani-Softverasi\\Pijaca\\Zadatak 2\\bin\\Debug\\net5.0\\fine-code-coverage\\coverage-tool-output</ResultsDirectory></Configuration></DataCollector></DataCollectors></DataCollectionRunSettings></RunSettings>",
  "Sources": [
    "C:\\Users\\Armin\\Documents\\GitHub\\Grupa-3-Verifikovani-i-Validirani-Softverasi\\Pijaca\\Zadatak 2\\bin\\Debug\\net5.0\\fine-code-coverage\\build-output\\Zadatak 2.dll"
  ],
  "IsTelemetryOptedIn": false
}
TpTrace Verbose: 0 : 19288, 1, 2021/11/28, 20:50:31.571, 6235654274336, datacollector.dll, TestPluginCache: Update extensions started. Skip filter = False
TpTrace Verbose: 0 : 19288, 1, 2021/11/28, 20:50:31.572, 6235654282127, datacollector.dll, TestPluginCache: Using directories for assembly resolution 'C:\Program Files\dotnet\sdk\5.0.402\Extensions'.
TpTrace Verbose: 0 : 19288, 1, 2021/11/28, 20:50:31.572, 6235654283539, datacollector.dll, TestPluginCache: Updated the available extensions to 'C:\Program Files\dotnet\sdk\5.0.402\Extensions\Microsoft.TestPlatform.Extensions.BlameDataCollector.dll,C:\Program Files\dotnet\sdk\5.0.402\Extensions\Microsoft.TestPlatform.Extensions.EventLogCollector.dll'.
TpTrace Verbose: 0 : 19288, 1, 2021/11/28, 20:50:31.578, 6235654340335, datacollector.dll, TestPluginCache.DiscoverTestExtensions: finding test extensions in assemblies ends with: Collector.dll TPluginInfo: Microsoft.VisualStudio.TestPlatform.Common.DataCollector.DataCollectorConfig TExtension: Microsoft.VisualStudio.TestPlatform.ObjectModel.DataCollection.DataCollector
TpTrace Verbose: 0 : 19288, 1, 2021/11/28, 20:50:31.578, 6235654343383, datacollector.dll, TestPluginCache.GetExtensionPaths: Filtered extension paths: C:\Program Files\dotnet\sdk\5.0.402\Extensions\Microsoft.TestPlatform.Extensions.BlameDataCollector.dll
C:\Program Files\dotnet\sdk\5.0.402\Extensions\Microsoft.TestPlatform.Extensions.EventLogCollector.dll
TpTrace Verbose: 0 : 19288, 1, 2021/11/28, 20:50:31.578, 6235654343867, datacollector.dll, TestPluginCache.GetExtensionPaths: Added default extension paths: 
TpTrace Verbose: 0 : 19288, 1, 2021/11/28, 20:50:31.578, 6235654344570, datacollector.dll, TestPluginCache.GetExtensionPaths: Added unfilterableExtensionPaths: 
TpTrace Information: 0 : 19288, 1, 2021/11/28, 20:50:31.579, 6235654349967, datacollector.dll, AssemblyResolver.ctor: Creating AssemblyResolver with searchDirectories C:\Program Files\dotnet\sdk\5.0.402\Extensions,C:\Program Files\dotnet\sdk\5.0.402
TpTrace Verbose: 0 : 19288, 1, 2021/11/28, 20:50:31.581, 6235654365189, datacollector.dll, TestPluginCache.DiscoverTestExtensions: Discovering the extensions using extension path.
TpTrace Verbose: 0 : 19288, 1, 2021/11/28, 20:50:31.581, 6235654369703, datacollector.dll, TestPluginCache.GetExtensionPaths: Filtered extension paths: C:\Program Files\dotnet\sdk\5.0.402\Extensions\Microsoft.TestPlatform.Extensions.BlameDataCollector.dll
C:\Program Files\dotnet\sdk\5.0.402\Extensions\Microsoft.TestPlatform.Extensions.EventLogCollector.dll
TpTrace Verbose: 0 : 19288, 1, 2021/11/28, 20:50:31.581, 6235654370592, datacollector.dll, TestPluginCache.GetExtensionPaths: Added default extension paths: 
TpTrace Verbose: 0 : 19288, 1, 2021/11/28, 20:50:31.581, 6235654371057, datacollector.dll, TestPluginCache.GetExtensionPaths: Added unfilterableExtensionPaths: 
TpTrace Verbose: 0 : 19288, 1, 2021/11/28, 20:50:31.581, 6235654372151, datacollector.dll, TestPluginCache.DiscoverTestExtensions: Discovering the extensions using allExtensionPaths: C:\Program Files\dotnet\sdk\5.0.402\Extensions\Microsoft.TestPlatform.Extensions.BlameDataCollector.dll
C:\Program Files\dotnet\sdk\5.0.402\Extensions\Microsoft.TestPlatform.Extensions.EventLogCollector.dll
TpTrace Information: 0 : 19288, 1, 2021/11/28, 20:50:31.581, 6235654374298, datacollector.dll, AssemblyResolver.AddSearchDirectories: Adding more searchDirectories C:\Program Files\dotnet\sdk\5.0.402\Extensions,C:\Program Files\dotnet\sdk\5.0.402
TpTrace Information: 0 : 19288, 1, 2021/11/28, 20:50:31.582, 6235654375099, datacollector.dll, AssemblyResolver.AddSearchDirectories: Adding more searchDirectories C:\Program Files\dotnet\sdk\5.0.402\Extensions,C:\Program Files\dotnet\sdk\5.0.402
TpTrace Information: 0 : 19288, 1, 2021/11/28, 20:50:31.582, 6235654383046, datacollector.dll, AssemblyResolver.OnResolve: Microsoft.TestPlatform.Extensions.BlameDataCollector: Resolving assembly.
TpTrace Information: 0 : 19288, 1, 2021/11/28, 20:50:31.583, 6235654385712, datacollector.dll, AssemblyResolver.OnResolve: Microsoft.TestPlatform.Extensions.BlameDataCollector: Searching in: 'C:\Program Files\dotnet\sdk\5.0.402\Extensions'.
TpTrace Information: 0 : 19288, 1, 2021/11/28, 20:50:31.583, 6235654393459, datacollector.dll, AssemblyResolver.OnResolve: Microsoft.TestPlatform.Extensions.BlameDataCollector: Loading assembly 'C:\Program Files\dotnet\sdk\5.0.402\Extensions\Microsoft.TestPlatform.Extensions.BlameDataCollector.dll'.
TpTrace Information: 0 : 19288, 1, 2021/11/28, 20:50:31.585, 6235654406758, datacollector.dll, AssemblyResolver.OnResolve: Resolved assembly: Microsoft.TestPlatform.Extensions.BlameDataCollector, from path: C:\Program Files\dotnet\sdk\5.0.402\Extensions\Microsoft.TestPlatform.Extensions.BlameDataCollector.dll
TpTrace Error: 0 : 19288, 1, 2021/11/28, 20:50:31.586, 6235654416306, datacollector.dll, The type "Microsoft.TestPlatform.Extensions.BlameDataCollector.BlameCollector" defined in "Microsoft.TestPlatform.Extensions.BlameDataCollector.dll" does not have ExtensionUri attribute.
TpTrace Information: 0 : 19288, 1, 2021/11/28, 20:50:31.587, 6235654428191, datacollector.dll, AssemblyResolver.OnResolve: Microsoft.TestPlatform.Extensions.EventLogCollector: Resolving assembly.
TpTrace Information: 0 : 19288, 1, 2021/11/28, 20:50:31.587, 6235654428786, datacollector.dll, AssemblyResolver.OnResolve: Microsoft.TestPlatform.Extensions.EventLogCollector: Searching in: 'C:\Program Files\dotnet\sdk\5.0.402\Extensions'.
TpTrace Information: 0 : 19288, 1, 2021/11/28, 20:50:31.587, 6235654432114, datacollector.dll, AssemblyResolver.OnResolve: Microsoft.TestPlatform.Extensions.EventLogCollector: Loading assembly 'C:\Program Files\dotnet\sdk\5.0.402\Extensions\Microsoft.TestPlatform.Extensions.EventLogCollector.dll'.
TpTrace Information: 0 : 19288, 1, 2021/11/28, 20:50:31.588, 6235654435519, datacollector.dll, AssemblyResolver.OnResolve: Resolved assembly: Microsoft.TestPlatform.Extensions.EventLogCollector, from path: C:\Program Files\dotnet\sdk\5.0.402\Extensions\Microsoft.TestPlatform.Extensions.EventLogCollector.dll
TpTrace Error: 0 : 19288, 1, 2021/11/28, 20:50:31.589, 6235654447907, datacollector.dll, The type "Microsoft.TestPlatform.Extensions.EventLogCollector.EventLogDataCollector" defined in "Microsoft.TestPlatform.Extensions.EventLogCollector.dll" does not have ExtensionUri attribute.
TpTrace Verbose: 0 : 19288, 1, 2021/11/28, 20:50:31.589, 6235654451182, datacollector.dll, TestPluginCache: Discovered the extensions using extension path 'C:\Program Files\dotnet\sdk\5.0.402\Extensions\Microsoft.TestPlatform.Extensions.BlameDataCollector.dll,C:\Program Files\dotnet\sdk\5.0.402\Extensions\Microsoft.TestPlatform.Extensions.EventLogCollector.dll'.
TpTrace Verbose: 0 : 19288, 1, 2021/11/28, 20:50:31.589, 6235654451640, datacollector.dll, TestPluginCache: Discoverers are ''.
TpTrace Verbose: 0 : 19288, 1, 2021/11/28, 20:50:31.589, 6235654452375, datacollector.dll, TestPluginCache: Executors are ''.
TpTrace Verbose: 0 : 19288, 1, 2021/11/28, 20:50:31.589, 6235654453543, datacollector.dll, TestPluginCache: Executors2 are ''.
TpTrace Verbose: 0 : 19288, 1, 2021/11/28, 20:50:31.589, 6235654454200, datacollector.dll, TestPluginCache: Setting providers are ''.
TpTrace Verbose: 0 : 19288, 1, 2021/11/28, 20:50:31.590, 6235654454910, datacollector.dll, TestPluginCache: Loggers are ''.
TpTrace Information: 0 : 19288, 1, 2021/11/28, 20:50:31.590, 6235654464418, datacollector.dll, TestPluginManager.CreateTestExtension: Attempting to load test extension: Microsoft.TestPlatform.Extensions.BlameDataCollector.BlameCollector
TpTrace Error: 0 : 19288, 1, 2021/11/28, 20:50:31.591, 6235654473391, datacollector.dll, The type "Microsoft.TestPlatform.Extensions.BlameDataCollector.BlameCollector" defined in "Microsoft.TestPlatform.Extensions.BlameDataCollector.dll" does not have ExtensionUri attribute.
TpTrace Information: 0 : 19288, 1, 2021/11/28, 20:50:31.597, 6235654526088, datacollector.dll, Listening on Endpoint : 127.0.0.1:63452
TpTrace Information: 0 : 19288, 1, 2021/11/28, 20:50:31.604, 6235654595637, datacollector.dll, DataCollectionRequestHandler.ProcessRequests : DataCollection started.
TpTrace Information: 0 : 19288, 1, 2021/11/28, 20:50:31.622, 6235654776717, datacollector.dll, DataCollectionRequestHandler.ProcessRequests : Datacollector received message: (DataCollection.TestHostLaunched) -> {
  "ProcessId": 17924
}
TpTrace Information: 0 : 19288, 5, 2021/11/28, 20:50:31.826, 6235656816673, datacollector.dll, Using the buffer size of 16384 bytes
TpTrace Information: 0 : 19288, 5, 2021/11/28, 20:50:31.826, 6235656818637, datacollector.dll, Accepted Client request and set the flag
TpTrace Information: 0 : 19288, 7, 2021/11/28, 20:50:32.211, 6235660672830, datacollector.dll, DataCollectionTestCaseEventHandler: Test case starting.
TpTrace Information: 0 : 19288, 7, 2021/11/28, 20:50:32.244, 6235661001152, datacollector.dll, Blame Collector : Test Case Start
TpTrace Information: 0 : 19288, 7, 2021/11/28, 20:50:32.246, 6235661021912, datacollector.dll, DataCollectionTestCaseEventHandler: Test case 'TestZamjenskiObjekat - cd075b4d-61b2-de77-403b-0cfb69a56f47' started.
TpTrace Information: 0 : 19288, 7, 2021/11/28, 20:50:32.291, 6235661474652, datacollector.dll, DataCollectionTestCaseEventHandler : Test case completing.
TpTrace Information: 0 : 19288, 7, 2021/11/28, 20:50:32.295, 6235661507358, datacollector.dll, Blame Collector : Test Case End
TpTrace Information: 0 : 19288, 7, 2021/11/28, 20:50:32.300, 6235661555386, datacollector.dll, DataCollectionTestCaseEventHandler: Test case 'TestZamjenskiObjekat - cd075b4d-61b2-de77-403b-0cfb69a56f47' completed
TpTrace Information: 0 : 19288, 7, 2021/11/28, 20:50:32.310, 6235661657284, datacollector.dll, DataCollectionTestCaseEventHandler: Test case starting.
TpTrace Information: 0 : 19288, 7, 2021/11/28, 20:50:32.310, 6235661661680, datacollector.dll, Blame Collector : Test Case Start
TpTrace Information: 0 : 19288, 7, 2021/11/28, 20:50:32.310, 6235661663503, datacollector.dll, DataCollectionTestCaseEventHandler: Test case 'DodavanjeMesnihProizvoda - 3a1d8414-af96-8075-3e91-63006d286d73' started.
TpTrace Information: 0 : 19288, 7, 2021/11/28, 20:50:32.318, 6235661742342, datacollector.dll, DataCollectionTestCaseEventHandler : Test case completing.
TpTrace Information: 0 : 19288, 7, 2021/11/28, 20:50:32.319, 6235661746708, datacollector.dll, Blame Collector : Test Case End
TpTrace Information: 0 : 19288, 7, 2021/11/28, 20:50:32.319, 6235661748514, datacollector.dll, DataCollectionTestCaseEventHandler: Test case 'DodavanjeMesnihProizvoda - 3a1d8414-af96-8075-3e91-63006d286d73' completed
TpTrace Information: 0 : 19288, 7, 2021/11/28, 20:50:32.320, 6235661756378, datacollector.dll, DataCollectionTestCaseEventHandler: Test case starting.
TpTrace Information: 0 : 19288, 7, 2021/11/28, 20:50:32.320, 6235661759730, datacollector.dll, Blame Collector : Test Case Start
TpTrace Information: 0 : 19288, 7, 2021/11/28, 20:50:32.320, 6235661760990, datacollector.dll, DataCollectionTestCaseEventHandler: Test case 'DodavanjeVoćaIBrisanje - 3f4528f8-6f76-6b66-8987-b10996504e89' started.
TpTrace Information: 0 : 19288, 7, 2021/11/28, 20:50:32.322, 6235661776701, datacollector.dll, DataCollectionTestCaseEventHandler : Test case completing.
TpTrace Information: 0 : 19288, 7, 2021/11/28, 20:50:32.325, 6235661814223, datacollector.dll, Blame Collector : Test Case End
TpTrace Information: 0 : 19288, 7, 2021/11/28, 20:50:32.326, 6235661817249, datacollector.dll, DataCollectionTestCaseEventHandler: Test case 'DodavanjeVoćaIBrisanje - 3f4528f8-6f76-6b66-8987-b10996504e89' completed
TpTrace Information: 0 : 19288, 7, 2021/11/28, 20:50:32.327, 6235661826256, datacollector.dll, DataCollectionTestCaseEventHandler: Test case starting.
TpTrace Information: 0 : 19288, 7, 2021/11/28, 20:50:32.327, 6235661830861, datacollector.dll, Blame Collector : Test Case Start
TpTrace Information: 0 : 19288, 7, 2021/11/28, 20:50:32.328, 6235661839057, datacollector.dll, DataCollectionTestCaseEventHandler: Test case 'NepodržaniTipDodavanja - 94f032db-9346-302f-6689-ffa07b4ffe55' started.
TpTrace Information: 0 : 19288, 7, 2021/11/28, 20:50:32.331, 6235661872616, datacollector.dll, DataCollectionTestCaseEventHandler : Test case completing.
TpTrace Information: 0 : 19288, 7, 2021/11/28, 20:50:32.332, 6235661880685, datacollector.dll, Blame Collector : Test Case End
TpTrace Information: 0 : 19288, 7, 2021/11/28, 20:50:32.332, 6235661883368, datacollector.dll, DataCollectionTestCaseEventHandler: Test case 'NepodržaniTipDodavanja - 94f032db-9346-302f-6689-ffa07b4ffe55' completed
TpTrace Information: 0 : 19288, 7, 2021/11/28, 20:50:32.333, 6235661894479, datacollector.dll, DataCollectionTestCaseEventHandler: Test case starting.
TpTrace Information: 0 : 19288, 7, 2021/11/28, 20:50:32.334, 6235661898523, datacollector.dll, Blame Collector : Test Case Start
TpTrace Information: 0 : 19288, 7, 2021/11/28, 20:50:32.334, 6235661900451, datacollector.dll, DataCollectionTestCaseEventHandler: Test case 'NemogućeDodavanjeUzBrisanje - 0e86f05c-b4ae-450e-5451-e8f8450dc484' started.
TpTrace Information: 0 : 19288, 7, 2021/11/28, 20:50:32.336, 6235661917504, datacollector.dll, DataCollectionTestCaseEventHandler : Test case completing.
TpTrace Information: 0 : 19288, 7, 2021/11/28, 20:50:32.336, 6235661921729, datacollector.dll, Blame Collector : Test Case End
TpTrace Information: 0 : 19288, 7, 2021/11/28, 20:50:32.336, 6235661924045, datacollector.dll, DataCollectionTestCaseEventHandler: Test case 'NemogućeDodavanjeUzBrisanje - 0e86f05c-b4ae-450e-5451-e8f8450dc484' completed
TpTrace Information: 0 : 19288, 7, 2021/11/28, 20:50:32.343, 6235661994160, datacollector.dll, DataCollectionTestCaseEventHandler: Test session ended
TpTrace Information: 0 : 19288, 1, 2021/11/28, 20:50:32.432, 6235662876424, datacollector.dll, DataCollectionRequestHandler.ProcessRequests : Datacollector received message: (DataCollection.AfterTestRunEnd) -> false
TpTrace Information: 0 : 19288, 1, 2021/11/28, 20:50:32.433, 6235662886442, datacollector.dll, Blame Collector : Session End
TpTrace Information: 0 : 19288, 1, 2021/11/28, 20:50:32.433, 6235662887951, datacollector.dll, BlameCollector.CollectDumpAndAbortTesthost: Custom path to dump directory was provided via VSTEST_DUMP_PATH. Skipping attachment upload, the caller is responsible for collecting and uploading the dumps themselves.
TpTrace Information: 0 : 19288, 1, 2021/11/28, 20:50:32.433, 6235662891539, datacollector.dll, DataCollectionManager.CleanupPlugins: CleanupPlugins called
TpTrace Verbose: 0 : 19288, 1, 2021/11/28, 20:50:32.433, 6235662892519, datacollector.dll, DataCollectionManager.CleanupPlugins: Cleaning up 1 plugins
TpTrace Verbose: 0 : 19288, 1, 2021/11/28, 20:50:32.433, 6235662894484, datacollector.dll, dataCollectorInfo.DisposeDataCollector: calling Dispose() on Microsoft.TestPlatform.Extensions.BlameDataCollector.BlameCollector
TpTrace Information: 0 : 19288, 1, 2021/11/28, 20:50:32.434, 6235662895781, datacollector.dll, DataCollectionManager.CleanupPlugins: CleanupPlugins finished
TpTrace Information: 0 : 19288, 1, 2021/11/28, 20:50:32.437, 6235662932930, datacollector.dll, DataCollectionRequestHandler.ProcessRequests : Session End message received from server. Closing the connection.
TpTrace Information: 0 : 19288, 1, 2021/11/28, 20:50:32.438, 6235662935615, datacollector.dll, Closing the connection !
TpTrace Information: 0 : 19288, 1, 2021/11/28, 20:50:32.438, 6235662936146, datacollector.dll, DataCollectionRequestHandler.ProcessRequests : DataCollection completed
TpTrace Information: 0 : 19288, 1, 2021/11/28, 20:50:32.438, 6235662936439, datacollector.dll, Program.Main: exiting datacollector process.
