TpTrace Verbose: 0 : 10636, 1, 2021/11/27, 19:33:32.997, 749371861605, datacollector.dll, Version: 16.9.1
TpTrace Information: 0 : 10636, 1, 2021/11/27, 19:33:33.007, 749371883665, datacollector.dll, DataCollectorMain.Run: Starting data collector run with args: --port,64185,--parentprocessid,10972,--diag,C:\Users\User\Documents\GitHub\Grupa-3-Verifikovani-i-Validirani-Softverasi\Pijaca\Zadatak 2\bin\Debug\net5.0\fine-code-coverage\coverage-tool-output\diagnostics.datacollector.21-11-27_19-33-32_68957_4.log,--tracelevel,4
TpTrace Information: 0 : 10636, 1, 2021/11/27, 19:33:33.007, 749371885013, datacollector.dll, DataCollector: Monitoring parent process with id: '10972'
TpTrace Information: 0 : 10636, 1, 2021/11/27, 19:33:33.017, 749371934028, datacollector.dll, Trying to connect to server on socket : 127.0.0.1:64185 
TpTrace Verbose: 0 : 10636, 1, 2021/11/27, 19:33:33.037, 749372016627, datacollector.dll, SocketCommunicationManager : SetupClientAsync : Attempting to connect to the server.
TpTrace Information: 0 : 10636, 5, 2021/11/27, 19:33:33.100, 749372220547, datacollector.dll, Connected to the server successfully 
TpTrace Information: 0 : 10636, 5, 2021/11/27, 19:33:33.100, 749372221163, datacollector.dll, Using the buffer size of 16384 bytes
TpTrace Information: 0 : 10636, 1, 2021/11/27, 19:33:33.181, 749372523097, datacollector.dll, DataCollector: Start Request Processing.
TpTrace Information: 0 : 10636, 1, 2021/11/27, 19:33:33.189, 749372550059, datacollector.dll, DataCollectionRequestHandler.ProcessRequests : Datacollector received message: (DataCollection.BeforeTestRunStart) -> {
  "SettingsXml": "<RunSettings><RunConfiguration><ResultsDirectory>C:\\Users\\User\\Documents\\GitHub\\Grupa-3-Verifikovani-i-Validirani-Softverasi\\Pijaca\\Zadatak 2\\bin\\Debug\\net5.0\\fine-code-coverage\\coverage-tool-output</ResultsDirectory><TargetPlatform>X64</TargetPlatform><TargetFrameworkVersion>.NETCoreApp,Version=v5.0</TargetFrameworkVersion><DesignMode>False</DesignMode><CollectSourceInformation>False</CollectSourceInformation><TestAdaptersPaths>C:\\Program Files\\dotnet\\sdk\\5.0.201\\Extensions</TestAdaptersPaths></RunConfiguration><LoggerRunSettings><Loggers><Logger friendlyName=\"blame\" enabled=\"True\" /><Logger friendlyName=\"Console\" uri=\"logger://microsoft/TestPlatform/ConsoleLogger/v1\" assemblyQualifiedName=\"Microsoft.VisualStudio.TestPlatform.CommandLine.Internal.ConsoleLogger, vstest.console, Version=15.0.0.0, Culture=neutral, PublicKeyToken=b03f5f7f11d50a3a\" codeBase=\"C:\\Program Files\\dotnet\\sdk\\5.0.201\\vstest.console.dll\" enabled=\"True\" /></Loggers></LoggerRunSettings><DataCollectionRunSettings><DataCollectors><DataCollector friendlyName=\"blame\" enabled=\"True\"><Configuration><ResultsDirectory>C:\\Users\\User\\Documents\\GitHub\\Grupa-3-Verifikovani-i-Validirani-Softverasi\\Pijaca\\Zadatak 2\\bin\\Debug\\net5.0\\fine-code-coverage\\coverage-tool-output</ResultsDirectory></Configuration></DataCollector></DataCollectors></DataCollectionRunSettings></RunSettings>",
  "Sources": [
    "C:\\Users\\User\\Documents\\GitHub\\Grupa-3-Verifikovani-i-Validirani-Softverasi\\Pijaca\\Zadatak 2\\bin\\Debug\\net5.0\\fine-code-coverage\\build-output\\Zadatak 2.dll"
  ],
  "IsTelemetryOptedIn": false
}
TpTrace Verbose: 0 : 10636, 1, 2021/11/27, 19:33:33.229, 749372718591, datacollector.dll, TestPluginCache: Update extensions started. Skip filter = False
TpTrace Verbose: 0 : 10636, 1, 2021/11/27, 19:33:33.229, 749372722836, datacollector.dll, TestPluginCache: Using directories for assembly resolution 'C:\Program Files\dotnet\sdk\5.0.201\Extensions'.
TpTrace Verbose: 0 : 10636, 1, 2021/11/27, 19:33:33.229, 749372723345, datacollector.dll, TestPluginCache: Updated the available extensions to 'C:\Program Files\dotnet\sdk\5.0.201\Extensions\Microsoft.TestPlatform.Extensions.BlameDataCollector.dll,C:\Program Files\dotnet\sdk\5.0.201\Extensions\Microsoft.TestPlatform.Extensions.EventLogCollector.dll'.
TpTrace Verbose: 0 : 10636, 1, 2021/11/27, 19:33:33.239, 749372764818, datacollector.dll, TestPluginCache.DiscoverTestExtensions: finding test extensions in assemblies ends with: Collector.dll TPluginInfo: Microsoft.VisualStudio.TestPlatform.Common.DataCollector.DataCollectorConfig TExtension: Microsoft.VisualStudio.TestPlatform.ObjectModel.DataCollection.DataCollector
TpTrace Verbose: 0 : 10636, 1, 2021/11/27, 19:33:33.239, 749372766202, datacollector.dll, TestPluginCache.GetExtensionPaths: Filtered extension paths: C:\Program Files\dotnet\sdk\5.0.201\Extensions\Microsoft.TestPlatform.Extensions.BlameDataCollector.dll
C:\Program Files\dotnet\sdk\5.0.201\Extensions\Microsoft.TestPlatform.Extensions.EventLogCollector.dll
TpTrace Verbose: 0 : 10636, 1, 2021/11/27, 19:33:33.239, 749372766554, datacollector.dll, TestPluginCache.GetExtensionPaths: Added default extension paths: 
TpTrace Verbose: 0 : 10636, 1, 2021/11/27, 19:33:33.239, 749372766786, datacollector.dll, TestPluginCache.GetExtensionPaths: Added unfilterableExtensionPaths: 
TpTrace Information: 0 : 10636, 1, 2021/11/27, 19:33:33.239, 749372770215, datacollector.dll, AssemblyResolver.ctor: Creating AssemblyResolver with searchDirectories C:\Program Files\dotnet\sdk\5.0.201\Extensions,C:\Program Files\dotnet\sdk\5.0.201
TpTrace Verbose: 0 : 10636, 1, 2021/11/27, 19:33:33.249, 749372779085, datacollector.dll, TestPluginCache.DiscoverTestExtensions: Discovering the extensions using extension path.
TpTrace Verbose: 0 : 10636, 1, 2021/11/27, 19:33:33.249, 749372780211, datacollector.dll, TestPluginCache.GetExtensionPaths: Filtered extension paths: C:\Program Files\dotnet\sdk\5.0.201\Extensions\Microsoft.TestPlatform.Extensions.BlameDataCollector.dll
C:\Program Files\dotnet\sdk\5.0.201\Extensions\Microsoft.TestPlatform.Extensions.EventLogCollector.dll
TpTrace Verbose: 0 : 10636, 1, 2021/11/27, 19:33:33.249, 749372780419, datacollector.dll, TestPluginCache.GetExtensionPaths: Added default extension paths: 
TpTrace Verbose: 0 : 10636, 1, 2021/11/27, 19:33:33.249, 749372780569, datacollector.dll, TestPluginCache.GetExtensionPaths: Added unfilterableExtensionPaths: 
TpTrace Verbose: 0 : 10636, 1, 2021/11/27, 19:33:33.249, 749372780855, datacollector.dll, TestPluginCache.DiscoverTestExtensions: Discovering the extensions using allExtensionPaths: C:\Program Files\dotnet\sdk\5.0.201\Extensions\Microsoft.TestPlatform.Extensions.BlameDataCollector.dll
C:\Program Files\dotnet\sdk\5.0.201\Extensions\Microsoft.TestPlatform.Extensions.EventLogCollector.dll
TpTrace Information: 0 : 10636, 1, 2021/11/27, 19:33:33.249, 749372781437, datacollector.dll, AssemblyResolver.AddSearchDirectories: Adding more searchDirectories C:\Program Files\dotnet\sdk\5.0.201\Extensions,C:\Program Files\dotnet\sdk\5.0.201
TpTrace Information: 0 : 10636, 1, 2021/11/27, 19:33:33.249, 749372781719, datacollector.dll, AssemblyResolver.AddSearchDirectories: Adding more searchDirectories C:\Program Files\dotnet\sdk\5.0.201\Extensions,C:\Program Files\dotnet\sdk\5.0.201
TpTrace Information: 0 : 10636, 1, 2021/11/27, 19:33:33.249, 749372784023, datacollector.dll, AssemblyResolver.OnResolve: Microsoft.TestPlatform.Extensions.BlameDataCollector: Resolving assembly.
TpTrace Information: 0 : 10636, 1, 2021/11/27, 19:33:33.249, 749372790130, datacollector.dll, AssemblyResolver.OnResolve: Resolved assembly: Microsoft.TestPlatform.Extensions.BlameDataCollector, from path: C:\Program Files\dotnet\sdk\5.0.201\Extensions\Microsoft.TestPlatform.Extensions.BlameDataCollector.dll
TpTrace Error: 0 : 10636, 1, 2021/11/27, 19:33:33.249, 749372798412, datacollector.dll, The type "Microsoft.TestPlatform.Extensions.BlameDataCollector.BlameCollector" defined in "Microsoft.TestPlatform.Extensions.BlameDataCollector.dll" does not have ExtensionUri attribute.
TpTrace Information: 0 : 10636, 1, 2021/11/27, 19:33:33.249, 749372807096, datacollector.dll, AssemblyResolver.OnResolve: Microsoft.TestPlatform.Extensions.EventLogCollector: Resolving assembly.
TpTrace Information: 0 : 10636, 1, 2021/11/27, 19:33:33.259, 749372811281, datacollector.dll, AssemblyResolver.OnResolve: Resolved assembly: Microsoft.TestPlatform.Extensions.EventLogCollector, from path: C:\Program Files\dotnet\sdk\5.0.201\Extensions\Microsoft.TestPlatform.Extensions.EventLogCollector.dll
TpTrace Error: 0 : 10636, 1, 2021/11/27, 19:33:33.259, 749372822696, datacollector.dll, The type "Microsoft.TestPlatform.Extensions.EventLogCollector.EventLogDataCollector" defined in "Microsoft.TestPlatform.Extensions.EventLogCollector.dll" does not have ExtensionUri attribute.
TpTrace Verbose: 0 : 10636, 1, 2021/11/27, 19:33:33.259, 749372824955, datacollector.dll, TestPluginCache: Discovered the extensions using extension path 'C:\Program Files\dotnet\sdk\5.0.201\Extensions\Microsoft.TestPlatform.Extensions.BlameDataCollector.dll,C:\Program Files\dotnet\sdk\5.0.201\Extensions\Microsoft.TestPlatform.Extensions.EventLogCollector.dll'.
TpTrace Verbose: 0 : 10636, 1, 2021/11/27, 19:33:33.259, 749372825309, datacollector.dll, TestPluginCache: Discoverers are ''.
TpTrace Verbose: 0 : 10636, 1, 2021/11/27, 19:33:33.259, 749372825453, datacollector.dll, TestPluginCache: Executors are ''.
TpTrace Verbose: 0 : 10636, 1, 2021/11/27, 19:33:33.259, 749372825589, datacollector.dll, TestPluginCache: Executors2 are ''.
TpTrace Verbose: 0 : 10636, 1, 2021/11/27, 19:33:33.259, 749372825720, datacollector.dll, TestPluginCache: Setting providers are ''.
TpTrace Verbose: 0 : 10636, 1, 2021/11/27, 19:33:33.259, 749372825863, datacollector.dll, TestPluginCache: Loggers are ''.
TpTrace Information: 0 : 10636, 1, 2021/11/27, 19:33:33.259, 749372831991, datacollector.dll, TestPluginManager.CreateTestExtension: Attempting to load test extension: Microsoft.TestPlatform.Extensions.BlameDataCollector.BlameCollector
TpTrace Error: 0 : 10636, 1, 2021/11/27, 19:33:33.259, 749372835704, datacollector.dll, The type "Microsoft.TestPlatform.Extensions.BlameDataCollector.BlameCollector" defined in "Microsoft.TestPlatform.Extensions.BlameDataCollector.dll" does not have ExtensionUri attribute.
TpTrace Information: 0 : 10636, 1, 2021/11/27, 19:33:33.269, 749372868504, datacollector.dll, Listening on Endpoint : 127.0.0.1:64187
TpTrace Information: 0 : 10636, 1, 2021/11/27, 19:33:33.279, 749372914785, datacollector.dll, DataCollectionRequestHandler.ProcessRequests : DataCollection started.
TpTrace Information: 0 : 10636, 1, 2021/11/27, 19:33:33.309, 749373021728, datacollector.dll, DataCollectionRequestHandler.ProcessRequests : Datacollector received message: (DataCollection.TestHostLaunched) -> {
  "ProcessId": 5124
}
TpTrace Information: 0 : 10636, 6, 2021/11/27, 19:33:33.649, 749374257140, datacollector.dll, Using the buffer size of 16384 bytes
TpTrace Information: 0 : 10636, 6, 2021/11/27, 19:33:33.650, 749374257632, datacollector.dll, Accepted Client request and set the flag
TpTrace Information: 0 : 10636, 9, 2021/11/27, 19:33:34.328, 749376769359, datacollector.dll, DataCollectionTestCaseEventHandler: Test case starting.
TpTrace Information: 0 : 10636, 9, 2021/11/27, 19:33:34.395, 749377020346, datacollector.dll, Blame Collector : Test Case Start
TpTrace Information: 0 : 10636, 9, 2021/11/27, 19:33:34.399, 749377035122, datacollector.dll, DataCollectionTestCaseEventHandler: Test case 'TestZamjenskiObjekat - cd075b4d-61b2-de77-403b-0cfb69a56f47' started.
TpTrace Information: 0 : 10636, 9, 2021/11/27, 19:33:34.477, 749377324177, datacollector.dll, DataCollectionTestCaseEventHandler : Test case completing.
TpTrace Information: 0 : 10636, 9, 2021/11/27, 19:33:34.485, 749377351555, datacollector.dll, Blame Collector : Test Case End
TpTrace Information: 0 : 10636, 9, 2021/11/27, 19:33:34.492, 749377379320, datacollector.dll, DataCollectionTestCaseEventHandler: Test case 'TestZamjenskiObjekat - cd075b4d-61b2-de77-403b-0cfb69a56f47' completed
TpTrace Information: 0 : 10636, 9, 2021/11/27, 19:33:34.513, 749377455484, datacollector.dll, DataCollectionTestCaseEventHandler: Test case starting.
TpTrace Information: 0 : 10636, 9, 2021/11/27, 19:33:34.514, 749377458722, datacollector.dll, Blame Collector : Test Case Start
TpTrace Information: 0 : 10636, 9, 2021/11/27, 19:33:34.514, 749377459944, datacollector.dll, DataCollectionTestCaseEventHandler: Test case 'DodavanjeMesnihProizvoda - 3a1d8414-af96-8075-3e91-63006d286d73' started.
TpTrace Information: 0 : 10636, 9, 2021/11/27, 19:33:34.522, 749377489985, datacollector.dll, DataCollectionTestCaseEventHandler : Test case completing.
TpTrace Information: 0 : 10636, 9, 2021/11/27, 19:33:34.523, 749377494704, datacollector.dll, Blame Collector : Test Case End
TpTrace Information: 0 : 10636, 9, 2021/11/27, 19:33:34.524, 749377496326, datacollector.dll, DataCollectionTestCaseEventHandler: Test case 'DodavanjeMesnihProizvoda - 3a1d8414-af96-8075-3e91-63006d286d73' completed
TpTrace Information: 0 : 10636, 9, 2021/11/27, 19:33:34.525, 749377503196, datacollector.dll, DataCollectionTestCaseEventHandler: Test case starting.
TpTrace Information: 0 : 10636, 9, 2021/11/27, 19:33:34.525, 749377506866, datacollector.dll, Blame Collector : Test Case Start
TpTrace Information: 0 : 10636, 9, 2021/11/27, 19:33:34.525, 749377508096, datacollector.dll, DataCollectionTestCaseEventHandler: Test case 'DodavanjeVoćaIBrisanje - 3f4528f8-6f76-6b66-8987-b10996504e89' started.
TpTrace Information: 0 : 10636, 9, 2021/11/27, 19:33:34.525, 749377520517, datacollector.dll, DataCollectionTestCaseEventHandler : Test case completing.
TpTrace Information: 0 : 10636, 9, 2021/11/27, 19:33:34.525, 749377525412, datacollector.dll, Blame Collector : Test Case End
TpTrace Information: 0 : 10636, 9, 2021/11/27, 19:33:34.525, 749377527046, datacollector.dll, DataCollectionTestCaseEventHandler: Test case 'DodavanjeVoćaIBrisanje - 3f4528f8-6f76-6b66-8987-b10996504e89' completed
TpTrace Information: 0 : 10636, 9, 2021/11/27, 19:33:34.525, 749377532986, datacollector.dll, DataCollectionTestCaseEventHandler: Test case starting.
TpTrace Information: 0 : 10636, 9, 2021/11/27, 19:33:34.525, 749377535711, datacollector.dll, Blame Collector : Test Case Start
TpTrace Information: 0 : 10636, 9, 2021/11/27, 19:33:34.535, 749377540563, datacollector.dll, DataCollectionTestCaseEventHandler: Test case 'NepodržaniTipDodavanja - 94f032db-9346-302f-6689-ffa07b4ffe55' started.
TpTrace Information: 0 : 10636, 9, 2021/11/27, 19:33:34.535, 749377556132, datacollector.dll, DataCollectionTestCaseEventHandler : Test case completing.
TpTrace Information: 0 : 10636, 9, 2021/11/27, 19:33:34.535, 749377558971, datacollector.dll, Blame Collector : Test Case End
TpTrace Information: 0 : 10636, 9, 2021/11/27, 19:33:34.535, 749377559592, datacollector.dll, DataCollectionTestCaseEventHandler: Test case 'NepodržaniTipDodavanja - 94f032db-9346-302f-6689-ffa07b4ffe55' completed
TpTrace Information: 0 : 10636, 9, 2021/11/27, 19:33:34.535, 749377564398, datacollector.dll, DataCollectionTestCaseEventHandler: Test case starting.
TpTrace Information: 0 : 10636, 9, 2021/11/27, 19:33:34.535, 749377566997, datacollector.dll, Blame Collector : Test Case Start
TpTrace Information: 0 : 10636, 9, 2021/11/27, 19:33:34.535, 749377567758, datacollector.dll, DataCollectionTestCaseEventHandler: Test case 'NemogućeDodavanjeUzBrisanje - 0e86f05c-b4ae-450e-5451-e8f8450dc484' started.
TpTrace Information: 0 : 10636, 9, 2021/11/27, 19:33:34.545, 749377578413, datacollector.dll, DataCollectionTestCaseEventHandler : Test case completing.
TpTrace Information: 0 : 10636, 9, 2021/11/27, 19:33:34.545, 749377581935, datacollector.dll, Blame Collector : Test Case End
TpTrace Information: 0 : 10636, 9, 2021/11/27, 19:33:34.545, 749377584028, datacollector.dll, DataCollectionTestCaseEventHandler: Test case 'NemogućeDodavanjeUzBrisanje - 0e86f05c-b4ae-450e-5451-e8f8450dc484' completed
TpTrace Information: 0 : 10636, 9, 2021/11/27, 19:33:34.555, 749377632187, datacollector.dll, DataCollectionTestCaseEventHandler: Test session ended
TpTrace Information: 0 : 10636, 1, 2021/11/27, 19:33:34.694, 749378149485, datacollector.dll, DataCollectionRequestHandler.ProcessRequests : Datacollector received message: (DataCollection.AfterTestRunEnd) -> false
TpTrace Information: 0 : 10636, 1, 2021/11/27, 19:33:34.694, 749378153684, datacollector.dll, Blame Collector : Session End
TpTrace Information: 0 : 10636, 1, 2021/11/27, 19:33:34.694, 749378154724, datacollector.dll, BlameCollector.CollectDumpAndAbortTesthost: Custom path to dump directory was provided via VSTEST_DUMP_PATH. Skipping attachment upload, the caller is responsible for collecting and uploading the dumps themselves.
TpTrace Information: 0 : 10636, 1, 2021/11/27, 19:33:34.694, 749378155362, datacollector.dll, DataCollectionManager.CleanupPlugins: CleanupPlugins called
TpTrace Verbose: 0 : 10636, 1, 2021/11/27, 19:33:34.694, 749378155537, datacollector.dll, DataCollectionManager.CleanupPlugins: Cleaning up 1 plugins
TpTrace Verbose: 0 : 10636, 1, 2021/11/27, 19:33:34.694, 749378156021, datacollector.dll, dataCollectorInfo.DisposeDataCollector: calling Dispose() on Microsoft.TestPlatform.Extensions.BlameDataCollector.BlameCollector
TpTrace Information: 0 : 10636, 1, 2021/11/27, 19:33:34.694, 749378156380, datacollector.dll, DataCollectionManager.CleanupPlugins: CleanupPlugins finished
TpTrace Information: 0 : 10636, 1, 2021/11/27, 19:33:34.704, 749378179393, datacollector.dll, DataCollectionRequestHandler.ProcessRequests : Session End message received from server. Closing the connection.
TpTrace Information: 0 : 10636, 1, 2021/11/27, 19:33:34.704, 749378181214, datacollector.dll, Closing the connection !
TpTrace Information: 0 : 10636, 1, 2021/11/27, 19:33:34.704, 749378181438, datacollector.dll, DataCollectionRequestHandler.ProcessRequests : DataCollection completed
TpTrace Information: 0 : 10636, 1, 2021/11/27, 19:33:34.704, 749378181610, datacollector.dll, Program.Main: exiting datacollector process.
