TpTrace Verbose: 0 : 17836, 1, 2021/11/17, 23:02:00.671, 226844925841, datacollector.dll, Version: 16.11.0
TpTrace Information: 0 : 17836, 1, 2021/11/17, 23:02:00.680, 226844984717, datacollector.dll, DataCollectorMain.Run: Starting data collector run with args: --port,57825,--parentprocessid,5156,--diag,C:\Users\Armin\Documents\GitHub\Grupa-3-Verifikovani-i-Validirani-Softverasi\Pijaca\Zadatak 2\bin\Debug\net5.0\fine-code-coverage\coverage-tool-output\diagnostics.datacollector.21-11-17_23-02-00_53305_4.log,--tracelevel,4
TpTrace Information: 0 : 17836, 1, 2021/11/17, 23:02:00.680, 226844988617, datacollector.dll, DataCollector: Monitoring parent process with id: '5156'
TpTrace Information: 0 : 17836, 1, 2021/11/17, 23:02:00.687, 226845057937, datacollector.dll, Trying to connect to server on socket : 127.0.0.1:57825 
TpTrace Verbose: 0 : 17836, 1, 2021/11/17, 23:02:00.712, 226845304155, datacollector.dll, SocketCommunicationManager : SetupClientAsync : Attempting to connect to the server.
TpTrace Information: 0 : 17836, 6, 2021/11/17, 23:02:00.719, 226845380837, datacollector.dll, Connected to the server successfully 
TpTrace Information: 0 : 17836, 6, 2021/11/17, 23:02:00.720, 226845381853, datacollector.dll, Using the buffer size of 16384 bytes
TpTrace Information: 0 : 17836, 1, 2021/11/17, 23:02:00.876, 226846943585, datacollector.dll, DataCollector: Start Request Processing.
TpTrace Information: 0 : 17836, 1, 2021/11/17, 23:02:00.882, 226847001884, datacollector.dll, DataCollectionRequestHandler.ProcessRequests : Datacollector received message: (DataCollection.BeforeTestRunStart) -> {
  "SettingsXml": "<RunSettings><RunConfiguration><ResultsDirectory>C:\\Users\\Armin\\Documents\\GitHub\\Grupa-3-Verifikovani-i-Validirani-Softverasi\\Pijaca\\Zadatak 2\\bin\\Debug\\net5.0\\fine-code-coverage\\coverage-tool-output</ResultsDirectory><TargetPlatform>X64</TargetPlatform><TargetFrameworkVersion>.NETCoreApp,Version=v5.0</TargetFrameworkVersion><DesignMode>False</DesignMode><CollectSourceInformation>False</CollectSourceInformation><TestAdaptersPaths>C:\\Program Files\\dotnet\\sdk\\5.0.402\\Extensions</TestAdaptersPaths></RunConfiguration><LoggerRunSettings><Loggers><Logger friendlyName=\"blame\" enabled=\"True\" /><Logger friendlyName=\"Console\" uri=\"logger://microsoft/TestPlatform/ConsoleLogger/v1\" assemblyQualifiedName=\"Microsoft.VisualStudio.TestPlatform.CommandLine.Internal.ConsoleLogger, vstest.console, Version=15.0.0.0, Culture=neutral, PublicKeyToken=b03f5f7f11d50a3a\" codeBase=\"C:\\Program Files\\dotnet\\sdk\\5.0.402\\vstest.console.dll\" enabled=\"True\" /></Loggers></LoggerRunSettings><DataCollectionRunSettings><DataCollectors><DataCollector friendlyName=\"blame\" enabled=\"True\"><Configuration><ResultsDirectory>C:\\Users\\Armin\\Documents\\GitHub\\Grupa-3-Verifikovani-i-Validirani-Softverasi\\Pijaca\\Zadatak 2\\bin\\Debug\\net5.0\\fine-code-coverage\\coverage-tool-output</ResultsDirectory></Configuration></DataCollector></DataCollectors></DataCollectionRunSettings></RunSettings>",
  "Sources": [
    "C:\\Users\\Armin\\Documents\\GitHub\\Grupa-3-Verifikovani-i-Validirani-Softverasi\\Pijaca\\Zadatak 2\\bin\\Debug\\net5.0\\fine-code-coverage\\build-output\\Zadatak 2.dll"
  ],
  "IsTelemetryOptedIn": false
}
TpTrace Verbose: 0 : 17836, 1, 2021/11/17, 23:02:00.925, 226847441026, datacollector.dll, TestPluginCache: Update extensions started. Skip filter = False
TpTrace Verbose: 0 : 17836, 1, 2021/11/17, 23:02:00.927, 226847461250, datacollector.dll, TestPluginCache: Using directories for assembly resolution 'C:\Program Files\dotnet\sdk\5.0.402\Extensions'.
TpTrace Verbose: 0 : 17836, 1, 2021/11/17, 23:02:00.928, 226847462602, datacollector.dll, TestPluginCache: Updated the available extensions to 'C:\Program Files\dotnet\sdk\5.0.402\Extensions\Microsoft.TestPlatform.Extensions.BlameDataCollector.dll,C:\Program Files\dotnet\sdk\5.0.402\Extensions\Microsoft.TestPlatform.Extensions.EventLogCollector.dll'.
TpTrace Verbose: 0 : 17836, 1, 2021/11/17, 23:02:00.935, 226847532720, datacollector.dll, TestPluginCache.DiscoverTestExtensions: finding test extensions in assemblies ends with: Collector.dll TPluginInfo: Microsoft.VisualStudio.TestPlatform.Common.DataCollector.DataCollectorConfig TExtension: Microsoft.VisualStudio.TestPlatform.ObjectModel.DataCollection.DataCollector
TpTrace Verbose: 0 : 17836, 1, 2021/11/17, 23:02:00.935, 226847536222, datacollector.dll, TestPluginCache.GetExtensionPaths: Filtered extension paths: C:\Program Files\dotnet\sdk\5.0.402\Extensions\Microsoft.TestPlatform.Extensions.BlameDataCollector.dll
C:\Program Files\dotnet\sdk\5.0.402\Extensions\Microsoft.TestPlatform.Extensions.EventLogCollector.dll
TpTrace Verbose: 0 : 17836, 1, 2021/11/17, 23:02:00.935, 226847536923, datacollector.dll, TestPluginCache.GetExtensionPaths: Added default extension paths: 
TpTrace Verbose: 0 : 17836, 1, 2021/11/17, 23:02:00.935, 226847537301, datacollector.dll, TestPluginCache.GetExtensionPaths: Added unfilterableExtensionPaths: 
TpTrace Information: 0 : 17836, 1, 2021/11/17, 23:02:00.936, 226847542945, datacollector.dll, AssemblyResolver.ctor: Creating AssemblyResolver with searchDirectories C:\Program Files\dotnet\sdk\5.0.402\Extensions,C:\Program Files\dotnet\sdk\5.0.402
TpTrace Verbose: 0 : 17836, 1, 2021/11/17, 23:02:00.937, 226847556468, datacollector.dll, TestPluginCache.DiscoverTestExtensions: Discovering the extensions using extension path.
TpTrace Verbose: 0 : 17836, 1, 2021/11/17, 23:02:00.937, 226847558774, datacollector.dll, TestPluginCache.GetExtensionPaths: Filtered extension paths: C:\Program Files\dotnet\sdk\5.0.402\Extensions\Microsoft.TestPlatform.Extensions.BlameDataCollector.dll
C:\Program Files\dotnet\sdk\5.0.402\Extensions\Microsoft.TestPlatform.Extensions.EventLogCollector.dll
TpTrace Verbose: 0 : 17836, 1, 2021/11/17, 23:02:00.937, 226847559291, datacollector.dll, TestPluginCache.GetExtensionPaths: Added default extension paths: 
TpTrace Verbose: 0 : 17836, 1, 2021/11/17, 23:02:00.937, 226847560356, datacollector.dll, TestPluginCache.GetExtensionPaths: Added unfilterableExtensionPaths: 
TpTrace Verbose: 0 : 17836, 1, 2021/11/17, 23:02:00.938, 226847561755, datacollector.dll, TestPluginCache.DiscoverTestExtensions: Discovering the extensions using allExtensionPaths: C:\Program Files\dotnet\sdk\5.0.402\Extensions\Microsoft.TestPlatform.Extensions.BlameDataCollector.dll
C:\Program Files\dotnet\sdk\5.0.402\Extensions\Microsoft.TestPlatform.Extensions.EventLogCollector.dll
TpTrace Information: 0 : 17836, 1, 2021/11/17, 23:02:00.938, 226847563739, datacollector.dll, AssemblyResolver.AddSearchDirectories: Adding more searchDirectories C:\Program Files\dotnet\sdk\5.0.402\Extensions,C:\Program Files\dotnet\sdk\5.0.402
TpTrace Information: 0 : 17836, 1, 2021/11/17, 23:02:00.938, 226847564685, datacollector.dll, AssemblyResolver.AddSearchDirectories: Adding more searchDirectories C:\Program Files\dotnet\sdk\5.0.402\Extensions,C:\Program Files\dotnet\sdk\5.0.402
TpTrace Information: 0 : 17836, 1, 2021/11/17, 23:02:00.938, 226847570159, datacollector.dll, AssemblyResolver.OnResolve: Microsoft.TestPlatform.Extensions.BlameDataCollector: Resolving assembly.
TpTrace Information: 0 : 17836, 1, 2021/11/17, 23:02:00.938, 226847571237, datacollector.dll, AssemblyResolver.OnResolve: Microsoft.TestPlatform.Extensions.BlameDataCollector: Searching in: 'C:\Program Files\dotnet\sdk\5.0.402\Extensions'.
TpTrace Information: 0 : 17836, 1, 2021/11/17, 23:02:00.939, 226847577297, datacollector.dll, AssemblyResolver.OnResolve: Microsoft.TestPlatform.Extensions.BlameDataCollector: Loading assembly 'C:\Program Files\dotnet\sdk\5.0.402\Extensions\Microsoft.TestPlatform.Extensions.BlameDataCollector.dll'.
TpTrace Information: 0 : 17836, 1, 2021/11/17, 23:02:00.940, 226847582847, datacollector.dll, AssemblyResolver.OnResolve: Resolved assembly: Microsoft.TestPlatform.Extensions.BlameDataCollector, from path: C:\Program Files\dotnet\sdk\5.0.402\Extensions\Microsoft.TestPlatform.Extensions.BlameDataCollector.dll
TpTrace Error: 0 : 17836, 1, 2021/11/17, 23:02:00.942, 226847611034, datacollector.dll, The type "Microsoft.TestPlatform.Extensions.BlameDataCollector.BlameCollector" defined in "Microsoft.TestPlatform.Extensions.BlameDataCollector.dll" does not have ExtensionUri attribute.
TpTrace Information: 0 : 17836, 1, 2021/11/17, 23:02:00.947, 226847658228, datacollector.dll, AssemblyResolver.OnResolve: Microsoft.TestPlatform.Extensions.EventLogCollector: Resolving assembly.
TpTrace Information: 0 : 17836, 1, 2021/11/17, 23:02:00.947, 226847660463, datacollector.dll, AssemblyResolver.OnResolve: Microsoft.TestPlatform.Extensions.EventLogCollector: Searching in: 'C:\Program Files\dotnet\sdk\5.0.402\Extensions'.
TpTrace Information: 0 : 17836, 1, 2021/11/17, 23:02:00.948, 226847666252, datacollector.dll, AssemblyResolver.OnResolve: Microsoft.TestPlatform.Extensions.EventLogCollector: Loading assembly 'C:\Program Files\dotnet\sdk\5.0.402\Extensions\Microsoft.TestPlatform.Extensions.EventLogCollector.dll'.
TpTrace Information: 0 : 17836, 1, 2021/11/17, 23:02:00.949, 226847673095, datacollector.dll, AssemblyResolver.OnResolve: Resolved assembly: Microsoft.TestPlatform.Extensions.EventLogCollector, from path: C:\Program Files\dotnet\sdk\5.0.402\Extensions\Microsoft.TestPlatform.Extensions.EventLogCollector.dll
TpTrace Error: 0 : 17836, 1, 2021/11/17, 23:02:00.951, 226847692599, datacollector.dll, The type "Microsoft.TestPlatform.Extensions.EventLogCollector.EventLogDataCollector" defined in "Microsoft.TestPlatform.Extensions.EventLogCollector.dll" does not have ExtensionUri attribute.
TpTrace Verbose: 0 : 17836, 1, 2021/11/17, 23:02:00.951, 226847698218, datacollector.dll, TestPluginCache: Discovered the extensions using extension path 'C:\Program Files\dotnet\sdk\5.0.402\Extensions\Microsoft.TestPlatform.Extensions.BlameDataCollector.dll,C:\Program Files\dotnet\sdk\5.0.402\Extensions\Microsoft.TestPlatform.Extensions.EventLogCollector.dll'.
TpTrace Verbose: 0 : 17836, 1, 2021/11/17, 23:02:00.951, 226847699306, datacollector.dll, TestPluginCache: Discoverers are ''.
TpTrace Verbose: 0 : 17836, 1, 2021/11/17, 23:02:00.951, 226847699607, datacollector.dll, TestPluginCache: Executors are ''.
TpTrace Verbose: 0 : 17836, 1, 2021/11/17, 23:02:00.951, 226847699876, datacollector.dll, TestPluginCache: Executors2 are ''.
TpTrace Verbose: 0 : 17836, 1, 2021/11/17, 23:02:00.951, 226847700134, datacollector.dll, TestPluginCache: Setting providers are ''.
TpTrace Verbose: 0 : 17836, 1, 2021/11/17, 23:02:00.951, 226847700469, datacollector.dll, TestPluginCache: Loggers are ''.
TpTrace Information: 0 : 17836, 1, 2021/11/17, 23:02:00.953, 226847714534, datacollector.dll, TestPluginManager.CreateTestExtension: Attempting to load test extension: Microsoft.TestPlatform.Extensions.BlameDataCollector.BlameCollector
TpTrace Error: 0 : 17836, 1, 2021/11/17, 23:02:00.953, 226847720895, datacollector.dll, The type "Microsoft.TestPlatform.Extensions.BlameDataCollector.BlameCollector" defined in "Microsoft.TestPlatform.Extensions.BlameDataCollector.dll" does not have ExtensionUri attribute.
TpTrace Information: 0 : 17836, 1, 2021/11/17, 23:02:00.965, 226847838784, datacollector.dll, Listening on Endpoint : 127.0.0.1:57827
TpTrace Information: 0 : 17836, 1, 2021/11/17, 23:02:00.978, 226847963175, datacollector.dll, DataCollectionRequestHandler.ProcessRequests : DataCollection started.
TpTrace Information: 0 : 17836, 1, 2021/11/17, 23:02:01.018, 226848364833, datacollector.dll, DataCollectionRequestHandler.ProcessRequests : Datacollector received message: (DataCollection.TestHostLaunched) -> {
  "ProcessId": 10264
}
TpTrace Information: 0 : 17836, 5, 2021/11/17, 23:02:01.273, 226850916414, datacollector.dll, Using the buffer size of 16384 bytes
TpTrace Information: 0 : 17836, 5, 2021/11/17, 23:02:01.273, 226850917511, datacollector.dll, Accepted Client request and set the flag
TpTrace Information: 0 : 17836, 6, 2021/11/17, 23:02:01.771, 226855898328, datacollector.dll, DataCollectionTestCaseEventHandler: Test case starting.
TpTrace Information: 0 : 17836, 6, 2021/11/17, 23:02:01.848, 226856666038, datacollector.dll, Blame Collector : Test Case Start
TpTrace Information: 0 : 17836, 6, 2021/11/17, 23:02:01.851, 226856695040, datacollector.dll, DataCollectionTestCaseEventHandler: Test case 'TestZamjenskiObjekat - cd075b4d-61b2-de77-403b-0cfb69a56f47' started.
TpTrace Information: 0 : 17836, 6, 2021/11/17, 23:02:01.937, 226857555654, datacollector.dll, DataCollectionTestCaseEventHandler : Test case completing.
TpTrace Information: 0 : 17836, 6, 2021/11/17, 23:02:01.942, 226857603992, datacollector.dll, Blame Collector : Test Case End
TpTrace Information: 0 : 17836, 6, 2021/11/17, 23:02:01.949, 226857673435, datacollector.dll, DataCollectionTestCaseEventHandler: Test case 'TestZamjenskiObjekat - cd075b4d-61b2-de77-403b-0cfb69a56f47' completed
TpTrace Information: 0 : 17836, 6, 2021/11/17, 23:02:01.963, 226857812359, datacollector.dll, DataCollectionTestCaseEventHandler: Test case starting.
TpTrace Information: 0 : 17836, 6, 2021/11/17, 23:02:01.964, 226857821837, datacollector.dll, Blame Collector : Test Case Start
TpTrace Information: 0 : 17836, 6, 2021/11/17, 23:02:01.964, 226857825591, datacollector.dll, DataCollectionTestCaseEventHandler: Test case 'DodavanjeMesnihProizvoda - 3a1d8414-af96-8075-3e91-63006d286d73' started.
TpTrace Information: 0 : 17836, 6, 2021/11/17, 23:02:02.007, 226858253496, datacollector.dll, DataCollectionTestCaseEventHandler : Test case completing.
TpTrace Information: 0 : 17836, 6, 2021/11/17, 23:02:02.009, 226858272996, datacollector.dll, Blame Collector : Test Case End
TpTrace Information: 0 : 17836, 6, 2021/11/17, 23:02:02.011, 226858293350, datacollector.dll, DataCollectionTestCaseEventHandler: Test case 'DodavanjeMesnihProizvoda - 3a1d8414-af96-8075-3e91-63006d286d73' completed
TpTrace Information: 0 : 17836, 6, 2021/11/17, 23:02:02.013, 226858314673, datacollector.dll, DataCollectionTestCaseEventHandler: Test case starting.
TpTrace Information: 0 : 17836, 6, 2021/11/17, 23:02:02.013, 226858319386, datacollector.dll, Blame Collector : Test Case Start
TpTrace Information: 0 : 17836, 6, 2021/11/17, 23:02:02.013, 226858321170, datacollector.dll, DataCollectionTestCaseEventHandler: Test case 'DodavanjeVoćaIBrisanje - 3f4528f8-6f76-6b66-8987-b10996504e89' started.
TpTrace Information: 0 : 17836, 6, 2021/11/17, 23:02:02.016, 226858346618, datacollector.dll, DataCollectionTestCaseEventHandler : Test case completing.
TpTrace Information: 0 : 17836, 6, 2021/11/17, 23:02:02.022, 226858402258, datacollector.dll, Blame Collector : Test Case End
TpTrace Information: 0 : 17836, 6, 2021/11/17, 23:02:02.022, 226858404972, datacollector.dll, DataCollectionTestCaseEventHandler: Test case 'DodavanjeVoćaIBrisanje - 3f4528f8-6f76-6b66-8987-b10996504e89' completed
TpTrace Information: 0 : 17836, 6, 2021/11/17, 23:02:02.023, 226858415662, datacollector.dll, DataCollectionTestCaseEventHandler: Test case starting.
TpTrace Information: 0 : 17836, 6, 2021/11/17, 23:02:02.024, 226858422618, datacollector.dll, Blame Collector : Test Case Start
TpTrace Information: 0 : 17836, 6, 2021/11/17, 23:02:02.026, 226858449522, datacollector.dll, DataCollectionTestCaseEventHandler: Test case 'NepodržaniTipDodavanja - 94f032db-9346-302f-6689-ffa07b4ffe55' started.
TpTrace Information: 0 : 17836, 6, 2021/11/17, 23:02:02.032, 226858504461, datacollector.dll, DataCollectionTestCaseEventHandler : Test case completing.
TpTrace Information: 0 : 17836, 6, 2021/11/17, 23:02:02.032, 226858510088, datacollector.dll, Blame Collector : Test Case End
TpTrace Information: 0 : 17836, 6, 2021/11/17, 23:02:02.033, 226858512777, datacollector.dll, DataCollectionTestCaseEventHandler: Test case 'NepodržaniTipDodavanja - 94f032db-9346-302f-6689-ffa07b4ffe55' completed
TpTrace Information: 0 : 17836, 6, 2021/11/17, 23:02:02.033, 226858520563, datacollector.dll, DataCollectionTestCaseEventHandler: Test case starting.
TpTrace Information: 0 : 17836, 6, 2021/11/17, 23:02:02.034, 226858524040, datacollector.dll, Blame Collector : Test Case Start
TpTrace Information: 0 : 17836, 6, 2021/11/17, 23:02:02.034, 226858525174, datacollector.dll, DataCollectionTestCaseEventHandler: Test case 'NemogućeDodavanjeUzBrisanje - 0e86f05c-b4ae-450e-5451-e8f8450dc484' started.
TpTrace Information: 0 : 17836, 6, 2021/11/17, 23:02:02.036, 226858543725, datacollector.dll, DataCollectionTestCaseEventHandler : Test case completing.
TpTrace Information: 0 : 17836, 6, 2021/11/17, 23:02:02.037, 226858552630, datacollector.dll, Blame Collector : Test Case End
TpTrace Information: 0 : 17836, 6, 2021/11/17, 23:02:02.037, 226858555200, datacollector.dll, DataCollectionTestCaseEventHandler: Test case 'NemogućeDodavanjeUzBrisanje - 0e86f05c-b4ae-450e-5451-e8f8450dc484' completed
TpTrace Information: 0 : 17836, 6, 2021/11/17, 23:02:02.041, 226858592800, datacollector.dll, DataCollectionTestCaseEventHandler: Test session ended
TpTrace Information: 0 : 17836, 1, 2021/11/17, 23:02:02.149, 226859677607, datacollector.dll, DataCollectionRequestHandler.ProcessRequests : Datacollector received message: (DataCollection.AfterTestRunEnd) -> false
TpTrace Information: 0 : 17836, 1, 2021/11/17, 23:02:02.150, 226859690574, datacollector.dll, Blame Collector : Session End
TpTrace Information: 0 : 17836, 1, 2021/11/17, 23:02:02.151, 226859691987, datacollector.dll, BlameCollector.CollectDumpAndAbortTesthost: Custom path to dump directory was provided via VSTEST_DUMP_PATH. Skipping attachment upload, the caller is responsible for collecting and uploading the dumps themselves.
TpTrace Information: 0 : 17836, 1, 2021/11/17, 23:02:02.151, 226859693933, datacollector.dll, DataCollectionManager.CleanupPlugins: CleanupPlugins called
TpTrace Verbose: 0 : 17836, 1, 2021/11/17, 23:02:02.151, 226859694553, datacollector.dll, DataCollectionManager.CleanupPlugins: Cleaning up 1 plugins
TpTrace Verbose: 0 : 17836, 1, 2021/11/17, 23:02:02.151, 226859696055, datacollector.dll, dataCollectorInfo.DisposeDataCollector: calling Dispose() on Microsoft.TestPlatform.Extensions.BlameDataCollector.BlameCollector
TpTrace Information: 0 : 17836, 1, 2021/11/17, 23:02:02.151, 226859697382, datacollector.dll, DataCollectionManager.CleanupPlugins: CleanupPlugins finished
TpTrace Information: 0 : 17836, 1, 2021/11/17, 23:02:02.155, 226859738843, datacollector.dll, DataCollectionRequestHandler.ProcessRequests : Session End message received from server. Closing the connection.
TpTrace Information: 0 : 17836, 1, 2021/11/17, 23:02:02.156, 226859742380, datacollector.dll, Closing the connection !
TpTrace Information: 0 : 17836, 1, 2021/11/17, 23:02:02.156, 226859743234, datacollector.dll, DataCollectionRequestHandler.ProcessRequests : DataCollection completed
TpTrace Information: 0 : 17836, 1, 2021/11/17, 23:02:02.156, 226859743825, datacollector.dll, Program.Main: exiting datacollector process.
