TpTrace Verbose: 0 : 14548, 1, 2021/11/28, 21:39:40.310, 159068582190, testhost.dll, Version: 16.9.4
TpTrace Information: 0 : 14548, 1, 2021/11/28, 21:39:40.323, 159068610030, testhost.dll, DefaultEngineInvoker.Invoke: Testhost process started with args :[--port, 62184],[--endpoint, 127.0.0.1:062184],[--role, client],[--parentprocessid, 15104],[--diag, C:\Users\User\Documents\GitHub\Grupa-3-Verifikovani-i-Validirani-Softverasi\Pijaca\Zadatak 2\bin\Debug\net5.0\fine-code-coverage\coverage-tool-output\diagnostics.host.21-11-28_21-39-40_00813_9.log],[--tracelevel, 4],[--datacollectionport, 62183],[--telemetryoptedin, false]
TpTrace Information: 0 : 14548, 1, 2021/11/28, 21:39:40.324, 159068617027, testhost.dll, Setting up debug trace listener.
TpTrace Verbose: 0 : 14548, 1, 2021/11/28, 21:39:40.325, 159068618972, testhost.dll, TestPlatformTraceListener.Setup: Replacing listener 0 with TestHostTraceListener.
TpTrace Verbose: 0 : 14548, 1, 2021/11/28, 21:39:40.325, 159068619485, testhost.dll, TestPlatformTraceListener.Setup: Added test platform trace listener.
TpTrace Information: 0 : 14548, 1, 2021/11/28, 21:39:40.326, 159068622783, testhost.dll, DefaultEngineInvoker.SetParentProcessExitCallback: Monitoring parent process with id: '15104'
TpTrace Information: 0 : 14548, 1, 2021/11/28, 21:39:40.340, 159068674316, testhost.dll, DefaultEngineInvoker.GetConnectionInfo: Initialize communication on endpoint address: '127.0.0.1:062184'
TpTrace Information: 0 : 14548, 1, 2021/11/28, 21:39:40.362, 159068757348, testhost.dll, SocketClient.Start: connecting to server endpoint: 127.0.0.1:062184
TpTrace Information: 0 : 14548, 1, 2021/11/28, 21:39:40.375, 159068802637, testhost.dll, DefaultEngineInvoker.ConnectToDatacollector: Connecting to datacollector, port: 62183
TpTrace Information: 0 : 14548, 5, 2021/11/28, 21:39:40.376, 159068808552, testhost.dll, SocketClient.OnServerConnected: connected to server endpoint: 127.0.0.1:062184
TpTrace Verbose: 0 : 14548, 5, 2021/11/28, 21:39:40.380, 159068821519, testhost.dll, Connected to server, and starting MessageLoopAsync
TpTrace Information: 0 : 14548, 1, 2021/11/28, 21:39:40.381, 159068825870, testhost.dll, Trying to connect to server on socket : 127.0.0.1:62183 
TpTrace Verbose: 0 : 14548, 1, 2021/11/28, 21:39:40.381, 159068828367, testhost.dll, SocketCommunicationManager : SetupClientAsync : Attempting to connect to the server.
TpTrace Verbose: 0 : 14548, 5, 2021/11/28, 21:39:40.385, 159068843315, testhost.dll, TcpClientExtensions.MessageLoopAsync: Polling on remoteEndPoint: [::ffff:127.0.0.1]:62184 localEndPoint: [::ffff:127.0.0.1]:62186
TpTrace Verbose: 0 : 14548, 5, 2021/11/28, 21:39:40.386, 159068845731, testhost.dll, TcpClientExtensions.MessageLoopAsync: NotifyDataAvailable remoteEndPoint: [::ffff:127.0.0.1]:62184 localEndPoint: [::ffff:127.0.0.1]:62186
TpTrace Information: 0 : 14548, 10, 2021/11/28, 21:39:40.389, 159068858145, testhost.dll, Connected to the server successfully 
TpTrace Information: 0 : 14548, 10, 2021/11/28, 21:39:40.390, 159068858736, testhost.dll, Using the buffer size of 16384 bytes
TpTrace Information: 0 : 14548, 1, 2021/11/28, 21:39:40.390, 159068861393, testhost.dll, DefaultEngineInvoker.Invoke: Start Request Processing.
TpTrace Information: 0 : 14548, 12, 2021/11/28, 21:39:40.392, 159068867529, testhost.dll, DefaultEngineInvoker.StartProcessingAsync: Connected to vstest.console, Starting process requests.
TpTrace Information: 0 : 14548, 5, 2021/11/28, 21:39:40.588, 159069593300, testhost.dll, TestRequestHandler.ProcessRequests: received message: (ProtocolVersion) -> 5
TpTrace Verbose: 0 : 14548, 5, 2021/11/28, 21:39:40.638, 159069778511, testhost.dll, TestRequestHandler.SendData:  sending data from testhost: {"Version":5,"MessageType":"TestSession.Message","Payload":{"MessageLevel":0,"Message":"Logging TestHost Diagnostics in file: C:\\Users\\User\\Documents\\GitHub\\Grupa-3-Verifikovani-i-Validirani-Softverasi\\Pijaca\\Zadatak 2\\bin\\Debug\\net5.0\\fine-code-coverage\\coverage-tool-output\\diagnostics.host.21-11-28_21-39-40_00813_9.log"}}
TpTrace Verbose: 0 : 14548, 5, 2021/11/28, 21:39:40.638, 159069780332, testhost.dll, TcpClientExtensions.MessageLoopAsync: Polling on remoteEndPoint: [::ffff:127.0.0.1]:62184 localEndPoint: [::ffff:127.0.0.1]:62186
TpTrace Verbose: 0 : 14548, 5, 2021/11/28, 21:39:40.639, 159069780764, testhost.dll, TcpClientExtensions.MessageLoopAsync: NotifyDataAvailable remoteEndPoint: [::ffff:127.0.0.1]:62184 localEndPoint: [::ffff:127.0.0.1]:62186
TpTrace Information: 0 : 14548, 5, 2021/11/28, 21:39:40.646, 159069808026, testhost.dll, TestRequestHandler.ProcessRequests: received message: (TestExecution.Initialize) -> [
  "C:\\Users\\User\\Documents\\GitHub\\Grupa-3-Verifikovani-i-Validirani-Softverasi\\Pijaca\\Zadatak 2\\bin\\Debug\\net5.0\\fine-code-coverage\\build-output\\Microsoft.VisualStudio.TestPlatform.MSTest.TestAdapter.dll"
]
TpTrace Information: 0 : 14548, 5, 2021/11/28, 21:39:40.646, 159069808897, testhost.dll, Execution Session Initialize.
TpTrace Verbose: 0 : 14548, 5, 2021/11/28, 21:39:40.656, 159069844044, testhost.dll, TcpClientExtensions.MessageLoopAsync: Polling on remoteEndPoint: [::ffff:127.0.0.1]:62184 localEndPoint: [::ffff:127.0.0.1]:62186
TpTrace Verbose: 0 : 14548, 5, 2021/11/28, 21:39:40.656, 159069845017, testhost.dll, TcpClientExtensions.MessageLoopAsync: NotifyDataAvailable remoteEndPoint: [::ffff:127.0.0.1]:62184 localEndPoint: [::ffff:127.0.0.1]:62186
TpTrace Information: 0 : 14548, 5, 2021/11/28, 21:39:40.660, 159069859606, testhost.dll, TestRequestHandler.ProcessRequests: received message: (TestExecution.StartWithSources) -> {
  "AdapterSourceMap": {
    "_none_": [
      "C:\\Users\\User\\Documents\\GitHub\\Grupa-3-Verifikovani-i-Validirani-Softverasi\\Pijaca\\Zadatak 2\\bin\\Debug\\net5.0\\fine-code-coverage\\build-output\\Zadatak 2.dll"
    ]
  },
  "RunSettings": "<RunSettings>\r\n  <RunConfiguration>\r\n    <ResultsDirectory>C:\\Users\\User\\Documents\\GitHub\\Grupa-3-Verifikovani-i-Validirani-Softverasi\\Pijaca\\Zadatak 2\\bin\\Debug\\net5.0\\fine-code-coverage\\coverage-tool-output</ResultsDirectory>\r\n    <TargetPlatform>X64</TargetPlatform>\r\n    <TargetFrameworkVersion>.NETCoreApp,Version=v5.0</TargetFrameworkVersion>\r\n    <DesignMode>False</DesignMode>\r\n    <CollectSourceInformation>False</CollectSourceInformation>\r\n  </RunConfiguration>\r\n  <LoggerRunSettings>\r\n    <Loggers>\r\n      <Logger friendlyName=\"blame\" enabled=\"True\" />\r\n      <Logger friendlyName=\"Console\" uri=\"logger://microsoft/TestPlatform/ConsoleLogger/v1\" assemblyQualifiedName=\"Microsoft.VisualStudio.TestPlatform.CommandLine.Internal.ConsoleLogger, vstest.console, Version=15.0.0.0, Culture=neutral, PublicKeyToken=b03f5f7f11d50a3a\" codeBase=\"C:\\Program Files\\dotnet\\sdk\\5.0.201\\vstest.console.dll\" enabled=\"True\" />\r\n    </Loggers>\r\n  </LoggerRunSettings>\r\n  <DataCollectionRunSettings>\r\n    <DataCollectors>\r\n      <DataCollector friendlyName=\"blame\" enabled=\"True\">\r\n        <Configuration>\r\n          <ResultsDirectory>C:\\Users\\User\\Documents\\GitHub\\Grupa-3-Verifikovani-i-Validirani-Softverasi\\Pijaca\\Zadatak 2\\bin\\Debug\\net5.0\\fine-code-coverage\\coverage-tool-output</ResultsDirectory>\r\n        </Configuration>\r\n      </DataCollector>\r\n    </DataCollectors>\r\n  </DataCollectionRunSettings>\r\n</RunSettings>",
  "TestExecutionContext": {
    "FrequencyOfRunStatsChangeEvent": 10,
    "RunStatsChangeEventTimeout": "00:00:01.5000000",
    "InIsolation": false,
    "KeepAlive": false,
    "AreTestCaseLevelEventsRequired": false,
    "IsDebug": false,
    "TestCaseFilter": null,
    "FilterOptions": null
  },
  "Package": null
}
TpTrace Verbose: 0 : 14548, 4, 2021/11/28, 21:39:40.660, 159069859714, testhost.dll, TestExecutorService: Loading the extensions
TpTrace Information: 0 : 14548, 5, 2021/11/28, 21:39:40.660, 159069860557, testhost.dll, Execution started.
TpTrace Verbose: 0 : 14548, 4, 2021/11/28, 21:39:40.663, 159069872658, testhost.dll, TestPluginCache.DiscoverTestExtensions: finding test extensions in assemblies ends with: TestAdapter.dll TPluginInfo: Microsoft.VisualStudio.TestPlatform.Common.ExtensionFramework.Utilities.TestExecutorPluginInformation TExtension: Microsoft.VisualStudio.TestPlatform.ObjectModel.Adapter.ITestExecutor
TpTrace Verbose: 0 : 14548, 4, 2021/11/28, 21:39:40.665, 159069880076, testhost.dll, TestPluginCache.GetExtensionPaths: Filtered extension paths: 
TpTrace Verbose: 0 : 14548, 4, 2021/11/28, 21:39:40.666, 159069882557, testhost.dll, TestPluginCache.GetExtensionPaths: Added default extension paths: C:\Users\User\Documents\GitHub\Grupa-3-Verifikovani-i-Validirani-Softverasi\Pijaca\Zadatak 2\bin\Debug\net5.0\fine-code-coverage\build-output\Microsoft.VisualStudio.TestPlatform.MSTest.TestAdapter.dll
TpTrace Verbose: 0 : 14548, 4, 2021/11/28, 21:39:40.666, 159069882848, testhost.dll, TestPluginCache.GetExtensionPaths: Added unfilterableExtensionPaths: 
TpTrace Information: 0 : 14548, 4, 2021/11/28, 21:39:40.670, 159069897890, testhost.dll, AssemblyResolver.ctor: Creating AssemblyResolver with searchDirectories C:\Users\User\Documents\GitHub\Grupa-3-Verifikovani-i-Validirani-Softverasi\Pijaca\Zadatak 2\bin\Debug\net5.0\fine-code-coverage\build-output
TpTrace Verbose: 0 : 14548, 4, 2021/11/28, 21:39:40.673, 159069907705, testhost.dll, TestPluginCache.DiscoverTestExtensions: Discovering the extensions using extension path.
TpTrace Verbose: 0 : 14548, 4, 2021/11/28, 21:39:40.673, 159069908651, testhost.dll, TestPluginCache.GetExtensionPaths: Filtered extension paths: 
TpTrace Verbose: 0 : 14548, 4, 2021/11/28, 21:39:40.673, 159069908881, testhost.dll, TestPluginCache.GetExtensionPaths: Added default extension paths: C:\Users\User\Documents\GitHub\Grupa-3-Verifikovani-i-Validirani-Softverasi\Pijaca\Zadatak 2\bin\Debug\net5.0\fine-code-coverage\build-output\Microsoft.VisualStudio.TestPlatform.MSTest.TestAdapter.dll
TpTrace Verbose: 0 : 14548, 4, 2021/11/28, 21:39:40.673, 159069909047, testhost.dll, TestPluginCache.GetExtensionPaths: Added unfilterableExtensionPaths: 
TpTrace Verbose: 0 : 14548, 4, 2021/11/28, 21:39:40.673, 159069909416, testhost.dll, TestPluginCache.DiscoverTestExtensions: Discovering the extensions using allExtensionPaths: C:\Users\User\Documents\GitHub\Grupa-3-Verifikovani-i-Validirani-Softverasi\Pijaca\Zadatak 2\bin\Debug\net5.0\fine-code-coverage\build-output\Microsoft.VisualStudio.TestPlatform.MSTest.TestAdapter.dll
TpTrace Information: 0 : 14548, 4, 2021/11/28, 21:39:40.675, 159069914723, testhost.dll, AssemblyResolver.AddSearchDirectories: Adding more searchDirectories C:\Users\User\Documents\GitHub\Grupa-3-Verifikovani-i-Validirani-Softverasi\Pijaca\Zadatak 2\bin\Debug\net5.0\fine-code-coverage\build-output
TpTrace Information: 0 : 14548, 4, 2021/11/28, 21:39:40.682, 159069943409, testhost.dll, AssemblyResolver.OnResolve: Microsoft.VisualStudio.TestPlatform.MSTest.TestAdapter: Resolving assembly.
TpTrace Information: 0 : 14548, 4, 2021/11/28, 21:39:40.685, 159069954021, testhost.dll, AssemblyResolver.OnResolve: Resolved assembly: Microsoft.VisualStudio.TestPlatform.MSTest.TestAdapter, from path: C:\Users\User\Documents\GitHub\Grupa-3-Verifikovani-i-Validirani-Softverasi\Pijaca\Zadatak 2\bin\Debug\net5.0\fine-code-coverage\build-output\Microsoft.VisualStudio.TestPlatform.MSTest.TestAdapter.dll
TpTrace Verbose: 0 : 14548, 4, 2021/11/28, 21:39:40.696, 159069994942, testhost.dll, TestPluginCache: Discovered the extensions using extension path ''.
TpTrace Verbose: 0 : 14548, 4, 2021/11/28, 21:39:40.697, 159069998036, testhost.dll, TestPluginCache: Discoverers are ''.
TpTrace Verbose: 0 : 14548, 4, 2021/11/28, 21:39:40.697, 159069998584, testhost.dll, TestPluginCache: Executors are 'executor://MSTestAdapter/v2'.
TpTrace Verbose: 0 : 14548, 4, 2021/11/28, 21:39:40.697, 159069998971, testhost.dll, TestPluginCache: Executors2 are ''.
TpTrace Verbose: 0 : 14548, 4, 2021/11/28, 21:39:40.698, 159070002150, testhost.dll, TestPluginCache: Setting providers are ''.
TpTrace Verbose: 0 : 14548, 4, 2021/11/28, 21:39:40.698, 159070002756, testhost.dll, TestPluginCache: Loggers are ''.
TpTrace Verbose: 0 : 14548, 4, 2021/11/28, 21:39:40.704, 159070021992, testhost.dll, TestPluginCache.DiscoverTestExtensions: finding test extensions in assemblies ends with: TestAdapter.dll TPluginInfo: Microsoft.VisualStudio.TestPlatform.Common.ExtensionFramework.Utilities.TestExecutorPluginInformation2 TExtension: Microsoft.VisualStudio.TestPlatform.ObjectModel.Adapter.ITestExecutor2
TpTrace Verbose: 0 : 14548, 4, 2021/11/28, 21:39:40.704, 159070023998, testhost.dll, TestPluginCache.GetExtensionPaths: Filtered extension paths: 
TpTrace Verbose: 0 : 14548, 4, 2021/11/28, 21:39:40.704, 159070024305, testhost.dll, TestPluginCache.GetExtensionPaths: Added default extension paths: C:\Users\User\Documents\GitHub\Grupa-3-Verifikovani-i-Validirani-Softverasi\Pijaca\Zadatak 2\bin\Debug\net5.0\fine-code-coverage\build-output\Microsoft.VisualStudio.TestPlatform.MSTest.TestAdapter.dll
TpTrace Verbose: 0 : 14548, 4, 2021/11/28, 21:39:40.704, 159070024527, testhost.dll, TestPluginCache.GetExtensionPaths: Added unfilterableExtensionPaths: 
TpTrace Information: 0 : 14548, 4, 2021/11/28, 21:39:40.705, 159070025529, testhost.dll, AssemblyResolver.AddSearchDirectories: Adding more searchDirectories C:\Users\User\Documents\GitHub\Grupa-3-Verifikovani-i-Validirani-Softverasi\Pijaca\Zadatak 2\bin\Debug\net5.0\fine-code-coverage\build-output
TpTrace Verbose: 0 : 14548, 4, 2021/11/28, 21:39:40.705, 159070025826, testhost.dll, TestPluginCache.DiscoverTestExtensions: Discovering the extensions using extension path.
TpTrace Verbose: 0 : 14548, 4, 2021/11/28, 21:39:40.705, 159070025989, testhost.dll, TestPluginCache.GetExtensionPaths: Filtered extension paths: 
TpTrace Verbose: 0 : 14548, 4, 2021/11/28, 21:39:40.705, 159070026148, testhost.dll, TestPluginCache.GetExtensionPaths: Added default extension paths: C:\Users\User\Documents\GitHub\Grupa-3-Verifikovani-i-Validirani-Softverasi\Pijaca\Zadatak 2\bin\Debug\net5.0\fine-code-coverage\build-output\Microsoft.VisualStudio.TestPlatform.MSTest.TestAdapter.dll
TpTrace Verbose: 0 : 14548, 4, 2021/11/28, 21:39:40.705, 159070026296, testhost.dll, TestPluginCache.GetExtensionPaths: Added unfilterableExtensionPaths: 
TpTrace Verbose: 0 : 14548, 4, 2021/11/28, 21:39:40.705, 159070026516, testhost.dll, TestPluginCache.DiscoverTestExtensions: Discovering the extensions using allExtensionPaths: C:\Users\User\Documents\GitHub\Grupa-3-Verifikovani-i-Validirani-Softverasi\Pijaca\Zadatak 2\bin\Debug\net5.0\fine-code-coverage\build-output\Microsoft.VisualStudio.TestPlatform.MSTest.TestAdapter.dll
TpTrace Information: 0 : 14548, 4, 2021/11/28, 21:39:40.705, 159070026744, testhost.dll, AssemblyResolver.AddSearchDirectories: Adding more searchDirectories C:\Users\User\Documents\GitHub\Grupa-3-Verifikovani-i-Validirani-Softverasi\Pijaca\Zadatak 2\bin\Debug\net5.0\fine-code-coverage\build-output
TpTrace Verbose: 0 : 14548, 4, 2021/11/28, 21:39:40.705, 159070028151, testhost.dll, TestPluginCache: Discovered the extensions using extension path ''.
TpTrace Verbose: 0 : 14548, 4, 2021/11/28, 21:39:40.705, 159070028444, testhost.dll, TestPluginCache: Discoverers are ''.
TpTrace Verbose: 0 : 14548, 4, 2021/11/28, 21:39:40.705, 159070028685, testhost.dll, TestPluginCache: Executors are 'executor://MSTestAdapter/v2'.
TpTrace Verbose: 0 : 14548, 4, 2021/11/28, 21:39:40.706, 159070029288, testhost.dll, TestPluginCache: Executors2 are ''.
TpTrace Verbose: 0 : 14548, 4, 2021/11/28, 21:39:40.706, 159070029462, testhost.dll, TestPluginCache: Setting providers are ''.
TpTrace Verbose: 0 : 14548, 5, 2021/11/28, 21:39:40.706, 159070029525, testhost.dll, TcpClientExtensions.MessageLoopAsync: Polling on remoteEndPoint: [::ffff:127.0.0.1]:62184 localEndPoint: [::ffff:127.0.0.1]:62186
TpTrace Verbose: 0 : 14548, 4, 2021/11/28, 21:39:40.706, 159070029608, testhost.dll, TestPluginCache: Loggers are ''.
TpTrace Information: 0 : 14548, 4, 2021/11/28, 21:39:40.715, 159070062694, testhost.dll, TestPluginManager.CreateTestExtension: Attempting to load test extension: Microsoft.VisualStudio.TestPlatform.MSTest.TestAdapter.MSTestExecutor
TpTrace Verbose: 0 : 14548, 4, 2021/11/28, 21:39:40.728, 159070112552, testhost.dll, TestExecutorExtensionManager: Loading executor Microsoft.VisualStudio.TestPlatform.MSTest.TestAdapter.MSTestExecutor
TpTrace Verbose: 0 : 14548, 4, 2021/11/28, 21:39:40.728, 159070113479, testhost.dll, TestExecutorService: Loaded the executors
TpTrace Verbose: 0 : 14548, 4, 2021/11/28, 21:39:40.730, 159070120245, testhost.dll, TestPluginCache.DiscoverTestExtensions: finding test extensions in assemblies ends with: TestAdapter.dll TPluginInfo: Microsoft.VisualStudio.TestPlatform.Common.ExtensionFramework.Utilities.TestSettingsProviderPluginInformation TExtension: Microsoft.VisualStudio.TestPlatform.ObjectModel.Adapter.ISettingsProvider
TpTrace Verbose: 0 : 14548, 4, 2021/11/28, 21:39:40.730, 159070120903, testhost.dll, TestPluginCache.GetExtensionPaths: Filtered extension paths: 
TpTrace Verbose: 0 : 14548, 4, 2021/11/28, 21:39:40.730, 159070121155, testhost.dll, TestPluginCache.GetExtensionPaths: Added default extension paths: C:\Users\User\Documents\GitHub\Grupa-3-Verifikovani-i-Validirani-Softverasi\Pijaca\Zadatak 2\bin\Debug\net5.0\fine-code-coverage\build-output\Microsoft.VisualStudio.TestPlatform.MSTest.TestAdapter.dll
TpTrace Verbose: 0 : 14548, 4, 2021/11/28, 21:39:40.731, 159070121434, testhost.dll, TestPluginCache.GetExtensionPaths: Added unfilterableExtensionPaths: 
TpTrace Information: 0 : 14548, 4, 2021/11/28, 21:39:40.731, 159070121958, testhost.dll, AssemblyResolver.AddSearchDirectories: Adding more searchDirectories C:\Users\User\Documents\GitHub\Grupa-3-Verifikovani-i-Validirani-Softverasi\Pijaca\Zadatak 2\bin\Debug\net5.0\fine-code-coverage\build-output
TpTrace Verbose: 0 : 14548, 4, 2021/11/28, 21:39:40.731, 159070122212, testhost.dll, TestPluginCache.DiscoverTestExtensions: Discovering the extensions using extension path.
TpTrace Verbose: 0 : 14548, 4, 2021/11/28, 21:39:40.731, 159070122400, testhost.dll, TestPluginCache.GetExtensionPaths: Filtered extension paths: 
TpTrace Verbose: 0 : 14548, 4, 2021/11/28, 21:39:40.731, 159070122565, testhost.dll, TestPluginCache.GetExtensionPaths: Added default extension paths: C:\Users\User\Documents\GitHub\Grupa-3-Verifikovani-i-Validirani-Softverasi\Pijaca\Zadatak 2\bin\Debug\net5.0\fine-code-coverage\build-output\Microsoft.VisualStudio.TestPlatform.MSTest.TestAdapter.dll
TpTrace Verbose: 0 : 14548, 4, 2021/11/28, 21:39:40.731, 159070122721, testhost.dll, TestPluginCache.GetExtensionPaths: Added unfilterableExtensionPaths: 
TpTrace Verbose: 0 : 14548, 4, 2021/11/28, 21:39:40.731, 159070122966, testhost.dll, TestPluginCache.DiscoverTestExtensions: Discovering the extensions using allExtensionPaths: C:\Users\User\Documents\GitHub\Grupa-3-Verifikovani-i-Validirani-Softverasi\Pijaca\Zadatak 2\bin\Debug\net5.0\fine-code-coverage\build-output\Microsoft.VisualStudio.TestPlatform.MSTest.TestAdapter.dll
TpTrace Information: 0 : 14548, 4, 2021/11/28, 21:39:40.731, 159070123226, testhost.dll, AssemblyResolver.AddSearchDirectories: Adding more searchDirectories C:\Users\User\Documents\GitHub\Grupa-3-Verifikovani-i-Validirani-Softverasi\Pijaca\Zadatak 2\bin\Debug\net5.0\fine-code-coverage\build-output
TpTrace Verbose: 0 : 14548, 4, 2021/11/28, 21:39:40.731, 159070124933, testhost.dll, TestPluginCache: Discovered the extensions using extension path ''.
TpTrace Verbose: 0 : 14548, 4, 2021/11/28, 21:39:40.732, 159070125264, testhost.dll, TestPluginCache: Discoverers are ''.
TpTrace Verbose: 0 : 14548, 4, 2021/11/28, 21:39:40.732, 159070125429, testhost.dll, TestPluginCache: Executors are 'executor://MSTestAdapter/v2'.
TpTrace Verbose: 0 : 14548, 4, 2021/11/28, 21:39:40.732, 159070125589, testhost.dll, TestPluginCache: Executors2 are ''.
TpTrace Verbose: 0 : 14548, 4, 2021/11/28, 21:39:40.732, 159070125832, testhost.dll, TestPluginCache: Setting providers are ''.
TpTrace Verbose: 0 : 14548, 4, 2021/11/28, 21:39:40.732, 159070126002, testhost.dll, TestPluginCache: Loggers are ''.
TpTrace Verbose: 0 : 14548, 4, 2021/11/28, 21:39:40.733, 159070131570, testhost.dll, TestExecutorService: Loaded the settings providers
TpTrace Information: 0 : 14548, 4, 2021/11/28, 21:39:40.733, 159070131972, testhost.dll, TestExecutorService: Loaded the extensions
TpTrace Information: 0 : 14548, 4, 2021/11/28, 21:39:40.862, 159070609581, testhost.dll, TestDiscoveryManager: Discovering tests from sources C:\Users\User\Documents\GitHub\Grupa-3-Verifikovani-i-Validirani-Softverasi\Pijaca\Zadatak 2\bin\Debug\net5.0\fine-code-coverage\build-output\Zadatak 2.dll
TpTrace Verbose: 0 : 14548, 4, 2021/11/28, 21:39:40.865, 159070621091, testhost.dll, TestPluginCache.DiscoverTestExtensions: finding test extensions in assemblies ends with: TestAdapter.dll TPluginInfo: Microsoft.VisualStudio.TestPlatform.Common.ExtensionFramework.Utilities.TestDiscovererPluginInformation TExtension: Microsoft.VisualStudio.TestPlatform.ObjectModel.Adapter.ITestDiscoverer
TpTrace Verbose: 0 : 14548, 4, 2021/11/28, 21:39:40.866, 159070621899, testhost.dll, TestPluginCache.GetExtensionPaths: Filtered extension paths: 
TpTrace Verbose: 0 : 14548, 4, 2021/11/28, 21:39:40.866, 159070622076, testhost.dll, TestPluginCache.GetExtensionPaths: Added default extension paths: C:\Users\User\Documents\GitHub\Grupa-3-Verifikovani-i-Validirani-Softverasi\Pijaca\Zadatak 2\bin\Debug\net5.0\fine-code-coverage\build-output\Microsoft.VisualStudio.TestPlatform.MSTest.TestAdapter.dll
TpTrace Verbose: 0 : 14548, 4, 2021/11/28, 21:39:40.866, 159070622283, testhost.dll, TestPluginCache.GetExtensionPaths: Added unfilterableExtensionPaths: 
TpTrace Information: 0 : 14548, 4, 2021/11/28, 21:39:40.866, 159070622877, testhost.dll, AssemblyResolver.AddSearchDirectories: Adding more searchDirectories C:\Users\User\Documents\GitHub\Grupa-3-Verifikovani-i-Validirani-Softverasi\Pijaca\Zadatak 2\bin\Debug\net5.0\fine-code-coverage\build-output
TpTrace Verbose: 0 : 14548, 4, 2021/11/28, 21:39:40.866, 159070623096, testhost.dll, TestPluginCache.DiscoverTestExtensions: Discovering the extensions using extension path.
TpTrace Verbose: 0 : 14548, 4, 2021/11/28, 21:39:40.866, 159070623256, testhost.dll, TestPluginCache.GetExtensionPaths: Filtered extension paths: 
TpTrace Verbose: 0 : 14548, 4, 2021/11/28, 21:39:40.866, 159070623404, testhost.dll, TestPluginCache.GetExtensionPaths: Added default extension paths: C:\Users\User\Documents\GitHub\Grupa-3-Verifikovani-i-Validirani-Softverasi\Pijaca\Zadatak 2\bin\Debug\net5.0\fine-code-coverage\build-output\Microsoft.VisualStudio.TestPlatform.MSTest.TestAdapter.dll
TpTrace Verbose: 0 : 14548, 4, 2021/11/28, 21:39:40.866, 159070623546, testhost.dll, TestPluginCache.GetExtensionPaths: Added unfilterableExtensionPaths: 
TpTrace Verbose: 0 : 14548, 4, 2021/11/28, 21:39:40.866, 159070623695, testhost.dll, TestPluginCache.DiscoverTestExtensions: Discovering the extensions using allExtensionPaths: C:\Users\User\Documents\GitHub\Grupa-3-Verifikovani-i-Validirani-Softverasi\Pijaca\Zadatak 2\bin\Debug\net5.0\fine-code-coverage\build-output\Microsoft.VisualStudio.TestPlatform.MSTest.TestAdapter.dll
TpTrace Information: 0 : 14548, 4, 2021/11/28, 21:39:40.866, 159070623918, testhost.dll, AssemblyResolver.AddSearchDirectories: Adding more searchDirectories C:\Users\User\Documents\GitHub\Grupa-3-Verifikovani-i-Validirani-Softverasi\Pijaca\Zadatak 2\bin\Debug\net5.0\fine-code-coverage\build-output
TpTrace Verbose: 0 : 14548, 4, 2021/11/28, 21:39:40.870, 159070636745, testhost.dll, TestPluginCache: Discovered the extensions using extension path ''.
TpTrace Verbose: 0 : 14548, 4, 2021/11/28, 21:39:40.870, 159070637366, testhost.dll, TestPluginCache: Discoverers are 'Microsoft.VisualStudio.TestPlatform.MSTest.TestAdapter.MSTestDiscoverer, Microsoft.VisualStudio.TestPlatform.MSTest.TestAdapter, Version=14.0.0.0, Culture=neutral, PublicKeyToken=b03f5f7f11d50a3a'.
TpTrace Verbose: 0 : 14548, 4, 2021/11/28, 21:39:40.870, 159070637558, testhost.dll, TestPluginCache: Executors are 'executor://MSTestAdapter/v2'.
TpTrace Verbose: 0 : 14548, 4, 2021/11/28, 21:39:40.870, 159070637773, testhost.dll, TestPluginCache: Executors2 are ''.
TpTrace Verbose: 0 : 14548, 4, 2021/11/28, 21:39:40.870, 159070637944, testhost.dll, TestPluginCache: Setting providers are ''.
TpTrace Verbose: 0 : 14548, 4, 2021/11/28, 21:39:40.870, 159070638181, testhost.dll, TestPluginCache: Loggers are ''.
TpTrace Verbose: 0 : 14548, 4, 2021/11/28, 21:39:40.880, 159070675722, testhost.dll, BaseRunTests.RunTestInternalWithExecutors: Running tests for executor://MSTestAdapter/v2
TpTrace Information: 0 : 14548, 4, 2021/11/28, 21:39:40.881, 159070679932, testhost.dll, AssemblyResolver.OnResolve: Microsoft.VisualStudio.TestPlatform.MSTestAdapter.PlatformServices.Interface: Resolving assembly.
TpTrace Information: 0 : 14548, 4, 2021/11/28, 21:39:40.882, 159070683566, testhost.dll, AssemblyResolver.OnResolve: Resolved assembly: Microsoft.VisualStudio.TestPlatform.MSTestAdapter.PlatformServices.Interface, from path: C:\Users\User\Documents\GitHub\Grupa-3-Verifikovani-i-Validirani-Softverasi\Pijaca\Zadatak 2\bin\Debug\net5.0\fine-code-coverage\build-output\Microsoft.VisualStudio.TestPlatform.MSTestAdapter.PlatformServices.Interface.dll
TpTrace Information: 0 : 14548, 4, 2021/11/28, 21:39:40.884, 159070691515, testhost.dll, AssemblyResolver.OnResolve: Microsoft.VisualStudio.TestPlatform.MSTestAdapter.PlatformServices: Resolving assembly.
TpTrace Information: 0 : 14548, 4, 2021/11/28, 21:39:40.886, 159070696043, testhost.dll, AssemblyResolver.OnResolve: Resolved assembly: Microsoft.VisualStudio.TestPlatform.MSTestAdapter.PlatformServices, from path: C:\Users\User\Documents\GitHub\Grupa-3-Verifikovani-i-Validirani-Softverasi\Pijaca\Zadatak 2\bin\Debug\net5.0\fine-code-coverage\build-output\Microsoft.VisualStudio.TestPlatform.MSTestAdapter.PlatformServices.dll
TpTrace Information: 0 : 14548, 4, 2021/11/28, 21:39:40.886, 159070698656, testhost.dll, MSTest - MSTestExecutor.RunTests: Running tests from sources.
TpTrace Information: 0 : 14548, 4, 2021/11/28, 21:39:40.891, 159070715615, testhost.dll, MSTest - CollectSourceInformation value Found : False 
TpTrace Information: 0 : 14548, 4, 2021/11/28, 21:39:40.922, 159070831337, testhost.dll, AssemblyResolver.OnResolve: Microsoft.TestPlatform.AdapterUtilities: Resolving assembly.
TpTrace Information: 0 : 14548, 4, 2021/11/28, 21:39:40.923, 159070835862, testhost.dll, AssemblyResolver.OnResolve: Resolved assembly: Microsoft.TestPlatform.AdapterUtilities, from path: C:\Users\User\Documents\GitHub\Grupa-3-Verifikovani-i-Validirani-Softverasi\Pijaca\Zadatak 2\bin\Debug\net5.0\fine-code-coverage\build-output\Microsoft.TestPlatform.AdapterUtilities.dll
TpTrace Information: 0 : 14548, 4, 2021/11/28, 21:39:40.942, 159070904082, testhost.dll, MSTest - MSTestDiscoverer: Found 5 tests from source C:\Users\User\Documents\GitHub\Grupa-3-Verifikovani-i-Validirani-Softverasi\Pijaca\Zadatak 2\bin\Debug\net5.0\fine-code-coverage\build-output\Zadatak 2.dll
TpTrace Information: 0 : 14548, 4, 2021/11/28, 21:39:40.986, 159071069216, testhost.dll, AssemblyResolver.OnResolve: Microsoft.VisualStudio.TestPlatform.MSTestAdapter.PlatformServices.resources: Resolving assembly.
TpTrace Information: 0 : 14548, 4, 2021/11/28, 21:39:40.987, 159071070136, testhost.dll, AssemblyResolver.OnResolve: Microsoft.VisualStudio.TestPlatform.MSTestAdapter.PlatformServices.resources: Failed to load assembly.
TpTrace Information: 0 : 14548, 4, 2021/11/28, 21:39:40.987, 159071072299, testhost.dll, AssemblyResolver.OnResolve: Microsoft.VisualStudio.TestPlatform.MSTestAdapter.PlatformServices.resources: Resolving assembly.
TpTrace Information: 0 : 14548, 4, 2021/11/28, 21:39:40.987, 159071072627, testhost.dll, AssemblyResolver.OnResolve: Microsoft.VisualStudio.TestPlatform.MSTestAdapter.PlatformServices.resources: Resolved from cache.
TpTrace Information: 0 : 14548, 4, 2021/11/28, 21:39:41.007, 159071143973, testhost.dll, MSTest - Created unit-test runner C:\Users\User\Documents\GitHub\Grupa-3-Verifikovani-i-Validirani-Softverasi\Pijaca\Zadatak 2\bin\Debug\net5.0\fine-code-coverage\build-output\Zadatak 2.dll
TpTrace Verbose: 0 : 14548, 4, 2021/11/28, 21:39:41.014, 159071171917, testhost.dll, TestExecutionRecorder.RecordStart: Starting test: Zadatak_2.TDD.TestZamjenskiObjekat.
TpTrace Information: 0 : 14548, 4, 2021/11/28, 21:39:41.178, 159071779888, testhost.dll, MSTest - Executing test TestZamjenskiObjekat
TpTrace Information: 0 : 14548, 4, 2021/11/28, 21:39:41.259, 159072077945, testhost.dll, MSTest - Executed test TestZamjenskiObjekat
TpTrace Verbose: 0 : 14548, 4, 2021/11/28, 21:39:41.266, 159072104479, testhost.dll, TestExecutionRecorder.RecordEnd: test: Zadatak_2.TDD.TestZamjenskiObjekat execution completed.
TpTrace Verbose: 0 : 14548, 4, 2021/11/28, 21:39:41.297, 159072219130, testhost.dll, TestExecutionRecorder.RecordResult: Received result for test: Zadatak_2.TDD.TestZamjenskiObjekat.
TpTrace Warning: 0 : 14548, 4, 2021/11/28, 21:39:41.304, 159072246292, testhost.dll, TestRunCache: InProgressTests is null
TpTrace Warning: 0 : 14548, 4, 2021/11/28, 21:39:41.304, 159072247275, testhost.dll, TestRunCache: No test found corresponding to testResult '' in inProgress list.
TpTrace Verbose: 0 : 14548, 4, 2021/11/28, 21:39:41.305, 159072248061, testhost.dll, TestExecutionRecorder.RecordStart: Starting test: Zadatak_2.TDD.DodavanjeMesnihProizvoda.
TpTrace Information: 0 : 14548, 4, 2021/11/28, 21:39:41.308, 159072259879, testhost.dll, MSTest - Executing test DodavanjeMesnihProizvoda
TpTrace Information: 0 : 14548, 4, 2021/11/28, 21:39:41.314, 159072284433, testhost.dll, MSTest - Executed test DodavanjeMesnihProizvoda
TpTrace Verbose: 0 : 14548, 4, 2021/11/28, 21:39:41.315, 159072285072, testhost.dll, TestExecutionRecorder.RecordEnd: test: Zadatak_2.TDD.DodavanjeMesnihProizvoda execution completed.
TpTrace Verbose: 0 : 14548, 4, 2021/11/28, 21:39:41.318, 159072297188, testhost.dll, TestExecutionRecorder.RecordResult: Received result for test: Zadatak_2.TDD.DodavanjeMesnihProizvoda.
TpTrace Warning: 0 : 14548, 4, 2021/11/28, 21:39:41.318, 159072297627, testhost.dll, TestRunCache: InProgressTests is null
TpTrace Warning: 0 : 14548, 4, 2021/11/28, 21:39:41.318, 159072297870, testhost.dll, TestRunCache: No test found corresponding to testResult '' in inProgress list.
TpTrace Verbose: 0 : 14548, 4, 2021/11/28, 21:39:41.318, 159072298170, testhost.dll, TestExecutionRecorder.RecordStart: Starting test: Zadatak_2.TDD.DodavanjeVoćaIBrisanje.
TpTrace Information: 0 : 14548, 4, 2021/11/28, 21:39:41.321, 159072308848, testhost.dll, MSTest - Executing test DodavanjeVoćaIBrisanje
TpTrace Information: 0 : 14548, 4, 2021/11/28, 21:39:41.323, 159072315448, testhost.dll, MSTest - Executed test DodavanjeVoćaIBrisanje
TpTrace Verbose: 0 : 14548, 4, 2021/11/28, 21:39:41.323, 159072316289, testhost.dll, TestExecutionRecorder.RecordEnd: test: Zadatak_2.TDD.DodavanjeVoćaIBrisanje execution completed.
TpTrace Verbose: 0 : 14548, 4, 2021/11/28, 21:39:41.326, 159072328049, testhost.dll, TestExecutionRecorder.RecordResult: Received result for test: Zadatak_2.TDD.DodavanjeVoćaIBrisanje.
TpTrace Warning: 0 : 14548, 4, 2021/11/28, 21:39:41.326, 159072328427, testhost.dll, TestRunCache: InProgressTests is null
TpTrace Warning: 0 : 14548, 4, 2021/11/28, 21:39:41.326, 159072328598, testhost.dll, TestRunCache: No test found corresponding to testResult '' in inProgress list.
TpTrace Verbose: 0 : 14548, 4, 2021/11/28, 21:39:41.326, 159072328899, testhost.dll, TestExecutionRecorder.RecordStart: Starting test: Zadatak_2.TDD.NepodržaniTipDodavanja.
TpTrace Information: 0 : 14548, 4, 2021/11/28, 21:39:41.331, 159072345164, testhost.dll, MSTest - Executing test NepodržaniTipDodavanja
TpTrace Information: 0 : 14548, 4, 2021/11/28, 21:39:41.334, 159072358358, testhost.dll, MSTest - Executed test NepodržaniTipDodavanja
TpTrace Verbose: 0 : 14548, 4, 2021/11/28, 21:39:41.335, 159072359156, testhost.dll, TestExecutionRecorder.RecordEnd: test: Zadatak_2.TDD.NepodržaniTipDodavanja execution completed.
TpTrace Verbose: 0 : 14548, 4, 2021/11/28, 21:39:41.337, 159072369848, testhost.dll, TestExecutionRecorder.RecordResult: Received result for test: Zadatak_2.TDD.NepodržaniTipDodavanja.
TpTrace Warning: 0 : 14548, 4, 2021/11/28, 21:39:41.338, 159072370547, testhost.dll, TestRunCache: InProgressTests is null
TpTrace Warning: 0 : 14548, 4, 2021/11/28, 21:39:41.338, 159072370924, testhost.dll, TestRunCache: No test found corresponding to testResult '' in inProgress list.
TpTrace Verbose: 0 : 14548, 4, 2021/11/28, 21:39:41.338, 159072371196, testhost.dll, TestExecutionRecorder.RecordStart: Starting test: Zadatak_2.TDD.NemogućeDodavanjeUzBrisanje.
TpTrace Information: 0 : 14548, 4, 2021/11/28, 21:39:41.341, 159072382242, testhost.dll, MSTest - Executing test NemogućeDodavanjeUzBrisanje
TpTrace Information: 0 : 14548, 4, 2021/11/28, 21:39:41.342, 159072388218, testhost.dll, MSTest - Executed test NemogućeDodavanjeUzBrisanje
TpTrace Verbose: 0 : 14548, 4, 2021/11/28, 21:39:41.343, 159072388775, testhost.dll, TestExecutionRecorder.RecordEnd: test: Zadatak_2.TDD.NemogućeDodavanjeUzBrisanje execution completed.
TpTrace Verbose: 0 : 14548, 4, 2021/11/28, 21:39:41.346, 159072399891, testhost.dll, TestExecutionRecorder.RecordResult: Received result for test: Zadatak_2.TDD.NemogućeDodavanjeUzBrisanje.
TpTrace Warning: 0 : 14548, 4, 2021/11/28, 21:39:41.346, 159072400289, testhost.dll, TestRunCache: InProgressTests is null
TpTrace Warning: 0 : 14548, 4, 2021/11/28, 21:39:41.346, 159072400460, testhost.dll, TestRunCache: No test found corresponding to testResult '' in inProgress list.
TpTrace Information: 0 : 14548, 4, 2021/11/28, 21:39:41.346, 159072402387, testhost.dll, MSTest - Executing cleanup methods.
TpTrace Information: 0 : 14548, 4, 2021/11/28, 21:39:41.349, 159072411565, testhost.dll, MSTest - Executed cleanup methods.
TpTrace Information: 0 : 14548, 4, 2021/11/28, 21:39:41.349, 159072411989, testhost.dll, MSTest - Executed tests belonging to source C:\Users\User\Documents\GitHub\Grupa-3-Verifikovani-i-Validirani-Softverasi\Pijaca\Zadatak 2\bin\Debug\net5.0\fine-code-coverage\build-output\Zadatak 2.dll
TpTrace Information: 0 : 14548, 4, 2021/11/28, 21:39:41.349, 159072413468, testhost.dll, Deleting deployment directory C:\Users\User\Documents\GitHub\Grupa-3-Verifikovani-i-Validirani-Softverasi\Pijaca\Zadatak 2\bin\Debug\net5.0\fine-code-coverage\coverage-tool-output\Deploy_User 2021-11-28 21_39_40
TpTrace Information: 0 : 14548, 4, 2021/11/28, 21:39:41.354, 159072431034, testhost.dll, Deleted deployment directory C:\Users\User\Documents\GitHub\Grupa-3-Verifikovani-i-Validirani-Softverasi\Pijaca\Zadatak 2\bin\Debug\net5.0\fine-code-coverage\coverage-tool-output\Deploy_User 2021-11-28 21_39_40
TpTrace Verbose: 0 : 14548, 4, 2021/11/28, 21:39:41.355, 159072434820, testhost.dll, BaseRunTests.RunTestInternalWithExecutors: Completed running tests for executor://MSTestAdapter/v2
TpTrace Information: 0 : 14548, 4, 2021/11/28, 21:39:41.362, 159072459835, testhost.dll, Sending test run complete
TpTrace Verbose: 0 : 14548, 4, 2021/11/28, 21:39:41.444, 159072764923, testhost.dll, TestRequestHandler.SendData:  sending data from testhost: {"Version":5,"MessageType":"TestExecution.Completed","Payload":{"TestRunCompleteArgs":{"TestRunStatistics":{"ExecutedTests":5,"Stats":{"Passed":5}},"IsCanceled":false,"IsAborted":false,"Error":null,"AttachmentSets":[],"ElapsedTimeInRunningTests":"00:00:00.4825530","Metrics":{}},"LastRunTests":{"NewTestResults":[{"TestCase":{"Id":"cd075b4d-61b2-de77-403b-0cfb69a56f47","FullyQualifiedName":"Zadatak_2.TDD.TestZamjenskiObjekat","DisplayName":"TestZamjenskiObjekat","ExecutorUri":"executor://MSTestAdapter/v2","Source":"C:\\Users\\User\\Documents\\GitHub\\Grupa-3-Verifikovani-i-Validirani-Softverasi\\Pijaca\\Zadatak 2\\bin\\Debug\\net5.0\\fine-code-coverage\\build-output\\Zadatak 2.dll","CodeFilePath":null,"LineNumber":-1,"Properties":[{"Key":{"Id":"TestCase.ManagedType","Label":"ManagedType","Category":"","Description":"","Attributes":1,"ValueType":"System.String"},"Value":"Zadatak_2.TDD"},{"Key":{"Id":"TestCase.ManagedMethod","Label":"ManagedMethod","Category":"","Description":"","Attributes":1,"ValueType":"System.String"},"Value":"TestZamjenskiObjekat"},{"Key":{"Id":"MSTestDiscoverer.TestClassName","Label":"ClassName","Category":"","Description":"","Attributes":1,"ValueType":"System.String"},"Value":"Zadatak_2.TDD"},{"Key":{"Id":"TestObject.Traits","Label":"Traits","Category":"","Description":"","Attributes":5,"ValueType":"System.Collections.Generic.KeyValuePair`2[[System.String],[System.String]][]"},"Value":[]}]},"Attachments":[],"Outcome":1,"ErrorMessage":null,"ErrorStackTrace":null,"DisplayName":null,"Messages":[],"ComputerName":null,"Duration":"00:00:00.0132170","StartTime":"2021-11-28T21:39:41.178206+01:00","EndTime":"2021-11-28T21:39:41.2592106+01:00","Properties":[{"Key":{"Id":"ExecutionId","Label":"ExecutionId","Category":"","Description":"","Attributes":1,"ValueType":"System.Guid"},"Value":"00000000-0000-0000-0000-000000000000"},{"Key":{"Id":"ParentExecId","Label":"ParentExecId","Category":"","Description":"","Attributes":1,"ValueType":"System.Guid"},"Value":"00000000-0000-0000-0000-000000000000"},{"Key":{"Id":"InnerResultsCount","Label":"InnerResultsCount","Category":"","Description":"","Attributes":1,"ValueType":"System.Int32"},"Value":0}]},{"TestCase":{"Id":"3a1d8414-af96-8075-3e91-63006d286d73","FullyQualifiedName":"Zadatak_2.TDD.DodavanjeMesnihProizvoda","DisplayName":"DodavanjeMesnihProizvoda","ExecutorUri":"executor://MSTestAdapter/v2","Source":"C:\\Users\\User\\Documents\\GitHub\\Grupa-3-Verifikovani-i-Validirani-Softverasi\\Pijaca\\Zadatak 2\\bin\\Debug\\net5.0\\fine-code-coverage\\build-output\\Zadatak 2.dll","CodeFilePath":null,"LineNumber":-1,"Properties":[{"Key":{"Id":"TestCase.ManagedType","Label":"ManagedType","Category":"","Description":"","Attributes":1,"ValueType":"System.String"},"Value":"Zadatak_2.TDD"},{"Key":{"Id":"TestCase.ManagedMethod","Label":"ManagedMethod","Category":"","Description":"","Attributes":1,"ValueType":"System.String"},"Value":"DodavanjeMesnihProizvoda"},{"Key":{"Id":"MSTestDiscoverer.TestClassName","Label":"ClassName","Category":"","Description":"","Attributes":1,"ValueType":"System.String"},"Value":"Zadatak_2.TDD"},{"Key":{"Id":"TestObject.Traits","Label":"Traits","Category":"","Description":"","Attributes":5,"ValueType":"System.Collections.Generic.KeyValuePair`2[[System.String],[System.String]][]"},"Value":[]}]},"Attachments":[],"Outcome":1,"ErrorMessage":null,"ErrorStackTrace":null,"DisplayName":null,"Messages":[],"ComputerName":null,"Duration":"00:00:00.0061674","StartTime":"2021-11-28T21:39:41.3082134+01:00","EndTime":"2021-11-28T21:39:41.3152138+01:00","Properties":[{"Key":{"Id":"ExecutionId","Label":"ExecutionId","Category":"","Description":"","Attributes":1,"ValueType":"System.Guid"},"Value":"00000000-0000-0000-0000-000000000000"},{"Key":{"Id":"ParentExecId","Label":"ParentExecId","Category":"","Description":"","Attributes":1,"ValueType":"System.Guid"},"Value":"00000000-0000-0000-0000-000000000000"},{"Key":{"Id":"InnerResultsCount","Label":"InnerResultsCount","Category":"","Description":"","Attributes":1,"ValueType":"System.Int32"},"Value":0}]},{"TestCase":{"Id":"3f4528f8-6f76-6b66-8987-b10996504e89","FullyQualifiedName":"Zadatak_2.TDD.DodavanjeVoćaIBrisanje","DisplayName":"DodavanjeVoćaIBrisanje","ExecutorUri":"executor://MSTestAdapter/v2","Source":"C:\\Users\\User\\Documents\\GitHub\\Grupa-3-Verifikovani-i-Validirani-Softverasi\\Pijaca\\Zadatak 2\\bin\\Debug\\net5.0\\fine-code-coverage\\build-output\\Zadatak 2.dll","CodeFilePath":null,"LineNumber":-1,"Properties":[{"Key":{"Id":"TestCase.ManagedType","Label":"ManagedType","Category":"","Description":"","Attributes":1,"ValueType":"System.String"},"Value":"Zadatak_2.TDD"},{"Key":{"Id":"TestCase.ManagedMethod","Label":"ManagedMethod","Category":"","Description":"","Attributes":1,"ValueType":"System.String"},"Value":"DodavanjeVoćaIBrisanje"},{"Key":{"Id":"MSTestDiscoverer.TestClassName","Label":"ClassName","Category":"","Description":"","Attributes":1,"ValueType":"System.String"},"Value":"Zadatak_2.TDD"},{"Key":{"Id":"TestObject.Traits","Label":"Traits","Category":"","Description":"","Attributes":5,"ValueType":"System.Collections.Generic.KeyValuePair`2[[System.String],[System.String]][]"},"Value":[]}]},"Attachments":[],"Outcome":1,"ErrorMessage":null,"ErrorStackTrace":null,"DisplayName":null,"Messages":[],"ComputerName":null,"Duration":"00:00:00.0013762","StartTime":"2021-11-28T21:39:41.3212142+01:00","EndTime":"2021-11-28T21:39:41.3232143+01:00","Properties":[{"Key":{"Id":"ExecutionId","Label":"ExecutionId","Category":"","Description":"","Attributes":1,"ValueType":"System.Guid"},"Value":"00000000-0000-0000-0000-000000000000"},{"Key":{"Id":"ParentExecId","Label":"ParentExecId","Category":"","Description":"","Attributes":1,"ValueType":"System.Guid"},"Value":"00000000-0000-0000-0000-000000000000"},{"Key":{"Id":"InnerResultsCount","Label":"InnerResultsCount","Category":"","Description":"","Attributes":1,"ValueType":"System.Int32"},"Value":0}]},{"TestCase":{"Id":"94f032db-9346-302f-6689-ffa07b4ffe55","FullyQualifiedName":"Zadatak_2.TDD.NepodržaniTipDodavanja","DisplayName":"NepodržaniTipDodavanja","ExecutorUri":"executor://MSTestAdapter/v2","Source":"C:\\Users\\User\\Documents\\GitHub\\Grupa-3-Verifikovani-i-Validirani-Softverasi\\Pijaca\\Zadatak 2\\bin\\Debug\\net5.0\\fine-code-coverage\\build-output\\Zadatak 2.dll","CodeFilePath":null,"LineNumber":-1,"Properties":[{"Key":{"Id":"TestCase.ManagedType","Label":"ManagedType","Category":"","Description":"","Attributes":1,"ValueType":"System.String"},"Value":"Zadatak_2.TDD"},{"Key":{"Id":"TestCase.ManagedMethod","Label":"ManagedMethod","Category":"","Description":"","Attributes":1,"ValueType":"System.String"},"Value":"NepodržaniTipDodavanja"},{"Key":{"Id":"MSTestDiscoverer.TestClassName","Label":"ClassName","Category":"","Description":"","Attributes":1,"ValueType":"System.String"},"Value":"Zadatak_2.TDD"},{"Key":{"Id":"TestObject.Traits","Label":"Traits","Category":"","Description":"","Attributes":5,"ValueType":"System.Collections.Generic.KeyValuePair`2[[System.String],[System.String]][]"},"Value":[]}]},"Attachments":[],"Outcome":1,"ErrorMessage":null,"ErrorStackTrace":null,"DisplayName":null,"Messages":[],"ComputerName":null,"Duration":"00:00:00.0030148","StartTime":"2021-11-28T21:39:41.3312148+01:00","EndTime":"2021-11-28T21:39:41.335215+01:00","Properties":[{"Key":{"Id":"ExecutionId","Label":"ExecutionId","Category":"","Description":"","Attributes":1,"ValueType":"System.Guid"},"Value":"00000000-0000-0000-0000-000000000000"},{"Key":{"Id":"ParentExecId","Label":"ParentExecId","Category":"","Description":"","Attributes":1,"ValueType":"System.Guid"},"Value":"00000000-0000-0000-0000-000000000000"},{"Key":{"Id":"InnerResultsCount","Label":"InnerResultsCount","Category":"","Description":"","Attributes":1,"ValueType":"System.Int32"},"Value":0}]},{"TestCase":{"Id":"0e86f05c-b4ae-450e-5451-e8f8450dc484","FullyQualifiedName":"Zadatak_2.TDD.NemogućeDodavanjeUzBrisanje","DisplayName":"NemogućeDodavanjeUzBrisanje","ExecutorUri":"executor://MSTestAdapter/v2","Source":"C:\\Users\\User\\Documents\\GitHub\\Grupa-3-Verifikovani-i-Validirani-Softverasi\\Pijaca\\Zadatak 2\\bin\\Debug\\net5.0\\fine-code-coverage\\build-output\\Zadatak 2.dll","CodeFilePath":null,"LineNumber":-1,"Properties":[{"Key":{"Id":"TestCase.ManagedType","Label":"ManagedType","Category":"","Description":"","Attributes":1,"ValueType":"System.String"},"Value":"Zadatak_2.TDD"},{"Key":{"Id":"TestCase.ManagedMethod","Label":"ManagedMethod","Category":"","Description":"","Attributes":1,"ValueType":"System.String"},"Value":"NemogućeDodavanjeUzBrisanje"},{"Key":{"Id":"MSTestDiscoverer.TestClassName","Label":"ClassName","Category":"","Description":"","Attributes":1,"ValueType":"System.String"},"Value":"Zadatak_2.TDD"},{"Key":{"Id":"TestObject.Traits","Label":"Traits","Category":"","Description":"","Attributes":5,"ValueType":"System.Collections.Generic.KeyValuePair`2[[System.String],[System.String]][]"},"Value":[]}]},"Attachments":[],"Outcome":1,"ErrorMessage":null,"ErrorStackTrace":null,"DisplayName":null,"Messages":[],"ComputerName":null,"Duration":"00:00:00.0012301","StartTime":"2021-11-28T21:39:41.3412153+01:00","EndTime":"2021-11-28T21:39:41.3432154+01:00","Properties":[{"Key":{"Id":"ExecutionId","Label":"ExecutionId","Category":"","Description":"","Attributes":1,"ValueType":"System.Guid"},"Value":"00000000-0000-0000-0000-000000000000"},{"Key":{"Id":"ParentExecId","Label":"ParentExecId","Category":"","Description":"","Attributes":1,"ValueType":"System.Guid"},"Value":"00000000-0000-0000-0000-000000000000"},{"Key":{"Id":"InnerResultsCount","Label":"InnerResultsCount","Category":"","Description":"","Attributes":1,"ValueType":"System.Int32"},"Value":0}]}],"TestRunStatistics":{"ExecutedTests":5,"Stats":{"Passed":5}},"ActiveTests":[]},"RunAttachments":[],"ExecutorUris":["executor://mstestadapter/v2"]}}
TpTrace Verbose: 0 : 14548, 4, 2021/11/28, 21:39:41.446, 159072770679, testhost.dll, BaseRunTests.RunTests: Run is complete.
TpTrace Verbose: 0 : 14548, 5, 2021/11/28, 21:39:41.449, 159072781938, testhost.dll, TcpClientExtensions.MessageLoopAsync: NotifyDataAvailable remoteEndPoint: [::ffff:127.0.0.1]:62184 localEndPoint: [::ffff:127.0.0.1]:62186
TpTrace Information: 0 : 14548, 5, 2021/11/28, 21:39:41.449, 159072783210, testhost.dll, TestRequestHandler.ProcessRequests: received message: (TestSession.Terminate) -> null
TpTrace Information: 0 : 14548, 5, 2021/11/28, 21:39:41.449, 159072783415, testhost.dll, Session End message received from server. Closing the connection.
TpTrace Information: 0 : 14548, 5, 2021/11/28, 21:39:41.450, 159072785551, testhost.dll, SocketClient.Stop: Stop communication from server endpoint: 127.0.0.1:062184
TpTrace Information: 0 : 14548, 5, 2021/11/28, 21:39:41.450, 159072785938, testhost.dll, SocketClient: Stop: Cancellation requested. Stopping message loop.
TpTrace Verbose: 0 : 14548, 5, 2021/11/28, 21:39:41.450, 159072787412, testhost.dll, LengthPrefixCommunicationChannel.Dispose: Dispose reader and writer.
TpTrace Information: 0 : 14548, 5, 2021/11/28, 21:39:41.450, 159072787709, testhost.dll, Closing the connection !
TpTrace Information: 0 : 14548, 5, 2021/11/28, 21:39:41.451, 159072788889, testhost.dll, SocketClient.PrivateStop: Stop communication from server endpoint: 127.0.0.1:062184, error:
TpTrace Information: 0 : 14548, 1, 2021/11/28, 21:39:41.452, 159072794201, testhost.dll, Closing the connection !
TpTrace Verbose: 0 : 14548, 5, 2021/11/28, 21:39:41.452, 159072794233, testhost.dll, LengthPrefixCommunicationChannel.Dispose: Dispose reader and writer.
TpTrace Information: 0 : 14548, 1, 2021/11/28, 21:39:41.452, 159072794753, testhost.dll, SocketClient.Stop: Stop communication from server endpoint: 127.0.0.1:062184
TpTrace Verbose: 0 : 14548, 5, 2021/11/28, 21:39:41.452, 159072795161, testhost.dll, TcpClientExtensions.MessageLoopAsync: exiting MessageLoopAsync remoteEndPoint: [::ffff:127.0.0.1]:62184 localEndPoint: [::ffff:127.0.0.1]:62186
TpTrace Verbose: 0 : 14548, 1, 2021/11/28, 21:39:41.452, 159072795310, testhost.dll, LengthPrefixCommunicationChannel.Dispose: Dispose reader and writer.
TpTrace Information: 0 : 14548, 1, 2021/11/28, 21:39:41.453, 159072796194, testhost.dll, Testhost process exiting.
