TpTrace Verbose: 0 : 15900, 1, 2021/11/17, 22:30:55.171, 208189919324, datacollector.dll, Version: 16.11.0
TpTrace Information: 0 : 15900, 1, 2021/11/17, 22:30:55.176, 208189949880, datacollector.dll, DataCollectorMain.Run: Starting data collector run with args: --port,57349,--parentprocessid,3484,--diag,C:\Users\Armin\Documents\GitHub\Grupa-3-Verifikovani-i-Validirani-Softverasi\Pijaca\Zadatak 2\bin\Debug\net5.0\fine-code-coverage\coverage-tool-output\diagnostics.datacollector.21-11-17_22-30-55_03896_4.log,--tracelevel,4
TpTrace Information: 0 : 15900, 1, 2021/11/17, 22:30:55.182, 208190008248, datacollector.dll, DataCollector: Monitoring parent process with id: '3484'
TpTrace Information: 0 : 15900, 1, 2021/11/17, 22:30:55.194, 208190130247, datacollector.dll, Trying to connect to server on socket : 127.0.0.1:57349 
TpTrace Verbose: 0 : 15900, 1, 2021/11/17, 22:30:55.224, 208190428345, datacollector.dll, SocketCommunicationManager : SetupClientAsync : Attempting to connect to the server.
TpTrace Information: 0 : 15900, 7, 2021/11/17, 22:30:55.237, 208190558695, datacollector.dll, Connected to the server successfully 
TpTrace Information: 0 : 15900, 7, 2021/11/17, 22:30:55.237, 208190560193, datacollector.dll, Using the buffer size of 16384 bytes
TpTrace Information: 0 : 15900, 1, 2021/11/17, 22:30:55.321, 208191400754, datacollector.dll, DataCollector: Start Request Processing.
TpTrace Information: 0 : 15900, 1, 2021/11/17, 22:30:55.325, 208191434365, datacollector.dll, DataCollectionRequestHandler.ProcessRequests : Datacollector received message: (DataCollection.BeforeTestRunStart) -> {
  "SettingsXml": "<RunSettings><RunConfiguration><ResultsDirectory>C:\\Users\\Armin\\Documents\\GitHub\\Grupa-3-Verifikovani-i-Validirani-Softverasi\\Pijaca\\Zadatak 2\\bin\\Debug\\net5.0\\fine-code-coverage\\coverage-tool-output</ResultsDirectory><TargetPlatform>X64</TargetPlatform><TargetFrameworkVersion>.NETCoreApp,Version=v5.0</TargetFrameworkVersion><DesignMode>False</DesignMode><CollectSourceInformation>False</CollectSourceInformation><TestAdaptersPaths>C:\\Program Files\\dotnet\\sdk\\5.0.402\\Extensions</TestAdaptersPaths></RunConfiguration><LoggerRunSettings><Loggers><Logger friendlyName=\"blame\" enabled=\"True\" /><Logger friendlyName=\"Console\" uri=\"logger://microsoft/TestPlatform/ConsoleLogger/v1\" assemblyQualifiedName=\"Microsoft.VisualStudio.TestPlatform.CommandLine.Internal.ConsoleLogger, vstest.console, Version=15.0.0.0, Culture=neutral, PublicKeyToken=b03f5f7f11d50a3a\" codeBase=\"C:\\Program Files\\dotnet\\sdk\\5.0.402\\vstest.console.dll\" enabled=\"True\" /></Loggers></LoggerRunSettings><DataCollectionRunSettings><DataCollectors><DataCollector friendlyName=\"blame\" enabled=\"True\"><Configuration><ResultsDirectory>C:\\Users\\Armin\\Documents\\GitHub\\Grupa-3-Verifikovani-i-Validirani-Softverasi\\Pijaca\\Zadatak 2\\bin\\Debug\\net5.0\\fine-code-coverage\\coverage-tool-output</ResultsDirectory></Configuration></DataCollector></DataCollectors></DataCollectionRunSettings></RunSettings>",
  "Sources": [
    "C:\\Users\\Armin\\Documents\\GitHub\\Grupa-3-Verifikovani-i-Validirani-Softverasi\\Pijaca\\Zadatak 2\\bin\\Debug\\net5.0\\fine-code-coverage\\build-output\\Zadatak 2.dll"
  ],
  "IsTelemetryOptedIn": false
}
TpTrace Verbose: 0 : 15900, 1, 2021/11/17, 22:30:55.368, 208191863436, datacollector.dll, TestPluginCache: Update extensions started. Skip filter = False
TpTrace Verbose: 0 : 15900, 1, 2021/11/17, 22:30:55.368, 208191870741, datacollector.dll, TestPluginCache: Using directories for assembly resolution 'C:\Program Files\dotnet\sdk\5.0.402\Extensions'.
TpTrace Verbose: 0 : 15900, 1, 2021/11/17, 22:30:55.368, 208191871476, datacollector.dll, TestPluginCache: Updated the available extensions to 'C:\Program Files\dotnet\sdk\5.0.402\Extensions\Microsoft.TestPlatform.Extensions.BlameDataCollector.dll,C:\Program Files\dotnet\sdk\5.0.402\Extensions\Microsoft.TestPlatform.Extensions.EventLogCollector.dll'.
TpTrace Verbose: 0 : 15900, 1, 2021/11/17, 22:30:55.376, 208191950569, datacollector.dll, TestPluginCache.DiscoverTestExtensions: finding test extensions in assemblies ends with: Collector.dll TPluginInfo: Microsoft.VisualStudio.TestPlatform.Common.DataCollector.DataCollectorConfig TExtension: Microsoft.VisualStudio.TestPlatform.ObjectModel.DataCollection.DataCollector
TpTrace Verbose: 0 : 15900, 1, 2021/11/17, 22:30:55.377, 208191952917, datacollector.dll, TestPluginCache.GetExtensionPaths: Filtered extension paths: C:\Program Files\dotnet\sdk\5.0.402\Extensions\Microsoft.TestPlatform.Extensions.BlameDataCollector.dll
C:\Program Files\dotnet\sdk\5.0.402\Extensions\Microsoft.TestPlatform.Extensions.EventLogCollector.dll
TpTrace Verbose: 0 : 15900, 1, 2021/11/17, 22:30:55.377, 208191953479, datacollector.dll, TestPluginCache.GetExtensionPaths: Added default extension paths: 
TpTrace Verbose: 0 : 15900, 1, 2021/11/17, 22:30:55.377, 208191953824, datacollector.dll, TestPluginCache.GetExtensionPaths: Added unfilterableExtensionPaths: 
TpTrace Information: 0 : 15900, 1, 2021/11/17, 22:30:55.377, 208191960454, datacollector.dll, AssemblyResolver.ctor: Creating AssemblyResolver with searchDirectories C:\Program Files\dotnet\sdk\5.0.402\Extensions,C:\Program Files\dotnet\sdk\5.0.402
TpTrace Verbose: 0 : 15900, 1, 2021/11/17, 22:30:55.380, 208191983874, datacollector.dll, TestPluginCache.DiscoverTestExtensions: Discovering the extensions using extension path.
TpTrace Verbose: 0 : 15900, 1, 2021/11/17, 22:30:55.381, 208191992354, datacollector.dll, TestPluginCache.GetExtensionPaths: Filtered extension paths: C:\Program Files\dotnet\sdk\5.0.402\Extensions\Microsoft.TestPlatform.Extensions.BlameDataCollector.dll
C:\Program Files\dotnet\sdk\5.0.402\Extensions\Microsoft.TestPlatform.Extensions.EventLogCollector.dll
TpTrace Verbose: 0 : 15900, 1, 2021/11/17, 22:30:55.381, 208191995317, datacollector.dll, TestPluginCache.GetExtensionPaths: Added default extension paths: 
TpTrace Verbose: 0 : 15900, 1, 2021/11/17, 22:30:55.381, 208191995933, datacollector.dll, TestPluginCache.GetExtensionPaths: Added unfilterableExtensionPaths: 
TpTrace Verbose: 0 : 15900, 1, 2021/11/17, 22:30:55.381, 208191997682, datacollector.dll, TestPluginCache.DiscoverTestExtensions: Discovering the extensions using allExtensionPaths: C:\Program Files\dotnet\sdk\5.0.402\Extensions\Microsoft.TestPlatform.Extensions.BlameDataCollector.dll
C:\Program Files\dotnet\sdk\5.0.402\Extensions\Microsoft.TestPlatform.Extensions.EventLogCollector.dll
TpTrace Information: 0 : 15900, 1, 2021/11/17, 22:30:55.382, 208192002998, datacollector.dll, AssemblyResolver.AddSearchDirectories: Adding more searchDirectories C:\Program Files\dotnet\sdk\5.0.402\Extensions,C:\Program Files\dotnet\sdk\5.0.402
TpTrace Information: 0 : 15900, 1, 2021/11/17, 22:30:55.382, 208192009261, datacollector.dll, AssemblyResolver.AddSearchDirectories: Adding more searchDirectories C:\Program Files\dotnet\sdk\5.0.402\Extensions,C:\Program Files\dotnet\sdk\5.0.402
TpTrace Information: 0 : 15900, 1, 2021/11/17, 22:30:55.384, 208192025774, datacollector.dll, AssemblyResolver.OnResolve: Microsoft.TestPlatform.Extensions.BlameDataCollector: Resolving assembly.
TpTrace Information: 0 : 15900, 1, 2021/11/17, 22:30:55.384, 208192028938, datacollector.dll, AssemblyResolver.OnResolve: Microsoft.TestPlatform.Extensions.BlameDataCollector: Searching in: 'C:\Program Files\dotnet\sdk\5.0.402\Extensions'.
TpTrace Information: 0 : 15900, 1, 2021/11/17, 22:30:55.385, 208192037872, datacollector.dll, AssemblyResolver.OnResolve: Microsoft.TestPlatform.Extensions.BlameDataCollector: Loading assembly 'C:\Program Files\dotnet\sdk\5.0.402\Extensions\Microsoft.TestPlatform.Extensions.BlameDataCollector.dll'.
TpTrace Information: 0 : 15900, 1, 2021/11/17, 22:30:55.386, 208192044486, datacollector.dll, AssemblyResolver.OnResolve: Resolved assembly: Microsoft.TestPlatform.Extensions.BlameDataCollector, from path: C:\Program Files\dotnet\sdk\5.0.402\Extensions\Microsoft.TestPlatform.Extensions.BlameDataCollector.dll
TpTrace Error: 0 : 15900, 1, 2021/11/17, 22:30:55.387, 208192057626, datacollector.dll, The type "Microsoft.TestPlatform.Extensions.BlameDataCollector.BlameCollector" defined in "Microsoft.TestPlatform.Extensions.BlameDataCollector.dll" does not have ExtensionUri attribute.
TpTrace Information: 0 : 15900, 1, 2021/11/17, 22:30:55.389, 208192075908, datacollector.dll, AssemblyResolver.OnResolve: Microsoft.TestPlatform.Extensions.EventLogCollector: Resolving assembly.
TpTrace Information: 0 : 15900, 1, 2021/11/17, 22:30:55.389, 208192077115, datacollector.dll, AssemblyResolver.OnResolve: Microsoft.TestPlatform.Extensions.EventLogCollector: Searching in: 'C:\Program Files\dotnet\sdk\5.0.402\Extensions'.
TpTrace Information: 0 : 15900, 1, 2021/11/17, 22:30:55.389, 208192079732, datacollector.dll, AssemblyResolver.OnResolve: Microsoft.TestPlatform.Extensions.EventLogCollector: Loading assembly 'C:\Program Files\dotnet\sdk\5.0.402\Extensions\Microsoft.TestPlatform.Extensions.EventLogCollector.dll'.
TpTrace Information: 0 : 15900, 1, 2021/11/17, 22:30:55.390, 208192083648, datacollector.dll, AssemblyResolver.OnResolve: Resolved assembly: Microsoft.TestPlatform.Extensions.EventLogCollector, from path: C:\Program Files\dotnet\sdk\5.0.402\Extensions\Microsoft.TestPlatform.Extensions.EventLogCollector.dll
TpTrace Error: 0 : 15900, 1, 2021/11/17, 22:30:55.391, 208192098877, datacollector.dll, The type "Microsoft.TestPlatform.Extensions.EventLogCollector.EventLogDataCollector" defined in "Microsoft.TestPlatform.Extensions.EventLogCollector.dll" does not have ExtensionUri attribute.
TpTrace Verbose: 0 : 15900, 1, 2021/11/17, 22:30:55.392, 208192102680, datacollector.dll, TestPluginCache: Discovered the extensions using extension path 'C:\Program Files\dotnet\sdk\5.0.402\Extensions\Microsoft.TestPlatform.Extensions.BlameDataCollector.dll,C:\Program Files\dotnet\sdk\5.0.402\Extensions\Microsoft.TestPlatform.Extensions.EventLogCollector.dll'.
TpTrace Verbose: 0 : 15900, 1, 2021/11/17, 22:30:55.392, 208192103312, datacollector.dll, TestPluginCache: Discoverers are ''.
TpTrace Verbose: 0 : 15900, 1, 2021/11/17, 22:30:55.392, 208192103604, datacollector.dll, TestPluginCache: Executors are ''.
TpTrace Verbose: 0 : 15900, 1, 2021/11/17, 22:30:55.392, 208192103858, datacollector.dll, TestPluginCache: Executors2 are ''.
TpTrace Verbose: 0 : 15900, 1, 2021/11/17, 22:30:55.392, 208192104107, datacollector.dll, TestPluginCache: Setting providers are ''.
TpTrace Verbose: 0 : 15900, 1, 2021/11/17, 22:30:55.392, 208192104359, datacollector.dll, TestPluginCache: Loggers are ''.
TpTrace Information: 0 : 15900, 1, 2021/11/17, 22:30:55.393, 208192115379, datacollector.dll, TestPluginManager.CreateTestExtension: Attempting to load test extension: Microsoft.TestPlatform.Extensions.BlameDataCollector.BlameCollector
TpTrace Error: 0 : 15900, 1, 2021/11/17, 22:30:55.393, 208192120611, datacollector.dll, The type "Microsoft.TestPlatform.Extensions.BlameDataCollector.BlameCollector" defined in "Microsoft.TestPlatform.Extensions.BlameDataCollector.dll" does not have ExtensionUri attribute.
TpTrace Information: 0 : 15900, 1, 2021/11/17, 22:30:55.404, 208192223413, datacollector.dll, Listening on Endpoint : 127.0.0.1:57351
TpTrace Information: 0 : 15900, 1, 2021/11/17, 22:30:55.412, 208192306621, datacollector.dll, DataCollectionRequestHandler.ProcessRequests : DataCollection started.
TpTrace Information: 0 : 15900, 1, 2021/11/17, 22:30:55.441, 208192593750, datacollector.dll, DataCollectionRequestHandler.ProcessRequests : Datacollector received message: (DataCollection.TestHostLaunched) -> {
  "ProcessId": 17644
}
TpTrace Information: 0 : 15900, 5, 2021/11/17, 22:30:55.692, 208195103452, datacollector.dll, Using the buffer size of 16384 bytes
TpTrace Information: 0 : 15900, 5, 2021/11/17, 22:30:55.692, 208195104868, datacollector.dll, Accepted Client request and set the flag
TpTrace Information: 0 : 15900, 7, 2021/11/17, 22:30:56.212, 208200302047, datacollector.dll, DataCollectionTestCaseEventHandler: Test case starting.
TpTrace Information: 0 : 15900, 7, 2021/11/17, 22:30:56.270, 208200886749, datacollector.dll, Blame Collector : Test Case Start
TpTrace Information: 0 : 15900, 7, 2021/11/17, 22:30:56.273, 208200916373, datacollector.dll, DataCollectionTestCaseEventHandler: Test case 'TestZamjenskiObjekat - cd075b4d-61b2-de77-403b-0cfb69a56f47' started.
TpTrace Information: 0 : 15900, 7, 2021/11/17, 22:30:56.362, 208201806180, datacollector.dll, DataCollectionTestCaseEventHandler : Test case completing.
TpTrace Information: 0 : 15900, 7, 2021/11/17, 22:30:56.370, 208201887528, datacollector.dll, Blame Collector : Test Case End
TpTrace Information: 0 : 15900, 7, 2021/11/17, 22:30:56.374, 208201927653, datacollector.dll, DataCollectionTestCaseEventHandler: Test case 'TestZamjenskiObjekat - cd075b4d-61b2-de77-403b-0cfb69a56f47' completed
TpTrace Information: 0 : 15900, 7, 2021/11/17, 22:30:56.387, 208202054259, datacollector.dll, DataCollectionTestCaseEventHandler: Test case starting.
TpTrace Information: 0 : 15900, 7, 2021/11/17, 22:30:56.387, 208202059003, datacollector.dll, Blame Collector : Test Case Start
TpTrace Information: 0 : 15900, 7, 2021/11/17, 22:30:56.387, 208202060608, datacollector.dll, DataCollectionTestCaseEventHandler: Test case 'DodavanjeMesnihProizvoda - 3a1d8414-af96-8075-3e91-63006d286d73' started.
TpTrace Information: 0 : 15900, 7, 2021/11/17, 22:30:56.396, 208202141888, datacollector.dll, DataCollectionTestCaseEventHandler : Test case completing.
TpTrace Information: 0 : 15900, 7, 2021/11/17, 22:30:56.396, 208202146059, datacollector.dll, Blame Collector : Test Case End
TpTrace Information: 0 : 15900, 7, 2021/11/17, 22:30:56.396, 208202147545, datacollector.dll, DataCollectionTestCaseEventHandler: Test case 'DodavanjeMesnihProizvoda - 3a1d8414-af96-8075-3e91-63006d286d73' completed
TpTrace Information: 0 : 15900, 7, 2021/11/17, 22:30:56.399, 208202177292, datacollector.dll, DataCollectionTestCaseEventHandler: Test case starting.
TpTrace Information: 0 : 15900, 7, 2021/11/17, 22:30:56.401, 208202191898, datacollector.dll, Blame Collector : Test Case Start
TpTrace Information: 0 : 15900, 7, 2021/11/17, 22:30:56.401, 208202197247, datacollector.dll, DataCollectionTestCaseEventHandler: Test case 'DodavanjeVoćaIBrisanje - 3f4528f8-6f76-6b66-8987-b10996504e89' started.
TpTrace Information: 0 : 15900, 7, 2021/11/17, 22:30:56.405, 208202232073, datacollector.dll, DataCollectionTestCaseEventHandler : Test case completing.
TpTrace Information: 0 : 15900, 7, 2021/11/17, 22:30:56.408, 208202264333, datacollector.dll, Blame Collector : Test Case End
TpTrace Information: 0 : 15900, 7, 2021/11/17, 22:30:56.408, 208202266861, datacollector.dll, DataCollectionTestCaseEventHandler: Test case 'DodavanjeVoćaIBrisanje - 3f4528f8-6f76-6b66-8987-b10996504e89' completed
TpTrace Information: 0 : 15900, 7, 2021/11/17, 22:30:56.409, 208202275769, datacollector.dll, DataCollectionTestCaseEventHandler: Test case starting.
TpTrace Information: 0 : 15900, 7, 2021/11/17, 22:30:56.409, 208202279564, datacollector.dll, Blame Collector : Test Case Start
TpTrace Information: 0 : 15900, 7, 2021/11/17, 22:30:56.410, 208202288359, datacollector.dll, DataCollectionTestCaseEventHandler: Test case 'NepodržaniTipDodavanja - 94f032db-9346-302f-6689-ffa07b4ffe55' started.
TpTrace Information: 0 : 15900, 7, 2021/11/17, 22:30:56.415, 208202336512, datacollector.dll, DataCollectionTestCaseEventHandler : Test case completing.
TpTrace Information: 0 : 15900, 7, 2021/11/17, 22:30:56.417, 208202352547, datacollector.dll, Blame Collector : Test Case End
TpTrace Information: 0 : 15900, 7, 2021/11/17, 22:30:56.417, 208202355635, datacollector.dll, DataCollectionTestCaseEventHandler: Test case 'NepodržaniTipDodavanja - 94f032db-9346-302f-6689-ffa07b4ffe55' completed
TpTrace Information: 0 : 15900, 7, 2021/11/17, 22:30:56.418, 208202368267, datacollector.dll, DataCollectionTestCaseEventHandler: Test case starting.
TpTrace Information: 0 : 15900, 7, 2021/11/17, 22:30:56.419, 208202373317, datacollector.dll, Blame Collector : Test Case Start
TpTrace Information: 0 : 15900, 7, 2021/11/17, 22:30:56.419, 208202374619, datacollector.dll, DataCollectionTestCaseEventHandler: Test case 'NemogućeDodavanjeUzBrisanje - 0e86f05c-b4ae-450e-5451-e8f8450dc484' started.
TpTrace Information: 0 : 15900, 7, 2021/11/17, 22:30:56.420, 208202390989, datacollector.dll, DataCollectionTestCaseEventHandler : Test case completing.
TpTrace Information: 0 : 15900, 7, 2021/11/17, 22:30:56.421, 208202394957, datacollector.dll, Blame Collector : Test Case End
TpTrace Information: 0 : 15900, 7, 2021/11/17, 22:30:56.421, 208202396334, datacollector.dll, DataCollectionTestCaseEventHandler: Test case 'NemogućeDodavanjeUzBrisanje - 0e86f05c-b4ae-450e-5451-e8f8450dc484' completed
TpTrace Information: 0 : 15900, 7, 2021/11/17, 22:30:56.424, 208202426840, datacollector.dll, DataCollectionTestCaseEventHandler: Test session ended
TpTrace Information: 0 : 15900, 1, 2021/11/17, 22:30:56.526, 208203442169, datacollector.dll, DataCollectionRequestHandler.ProcessRequests : Datacollector received message: (DataCollection.AfterTestRunEnd) -> false
TpTrace Information: 0 : 15900, 1, 2021/11/17, 22:30:56.526, 208203451120, datacollector.dll, Blame Collector : Session End
TpTrace Information: 0 : 15900, 1, 2021/11/17, 22:30:56.527, 208203452399, datacollector.dll, BlameCollector.CollectDumpAndAbortTesthost: Custom path to dump directory was provided via VSTEST_DUMP_PATH. Skipping attachment upload, the caller is responsible for collecting and uploading the dumps themselves.
TpTrace Information: 0 : 15900, 1, 2021/11/17, 22:30:56.527, 208203453753, datacollector.dll, DataCollectionManager.CleanupPlugins: CleanupPlugins called
TpTrace Verbose: 0 : 15900, 1, 2021/11/17, 22:30:56.527, 208203454254, datacollector.dll, DataCollectionManager.CleanupPlugins: Cleaning up 1 plugins
TpTrace Verbose: 0 : 15900, 1, 2021/11/17, 22:30:56.527, 208203455388, datacollector.dll, dataCollectorInfo.DisposeDataCollector: calling Dispose() on Microsoft.TestPlatform.Extensions.BlameDataCollector.BlameCollector
TpTrace Information: 0 : 15900, 1, 2021/11/17, 22:30:56.527, 208203456304, datacollector.dll, DataCollectionManager.CleanupPlugins: CleanupPlugins finished
TpTrace Information: 0 : 15900, 1, 2021/11/17, 22:30:56.533, 208203515141, datacollector.dll, DataCollectionRequestHandler.ProcessRequests : Session End message received from server. Closing the connection.
TpTrace Information: 0 : 15900, 1, 2021/11/17, 22:30:56.534, 208203522816, datacollector.dll, Closing the connection !
TpTrace Information: 0 : 15900, 1, 2021/11/17, 22:30:56.534, 208203524815, datacollector.dll, DataCollectionRequestHandler.ProcessRequests : DataCollection completed
TpTrace Information: 0 : 15900, 1, 2021/11/17, 22:30:56.534, 208203525699, datacollector.dll, Program.Main: exiting datacollector process.
