TpTrace Verbose: 0 : 20604, 1, 2021/11/28, 20:50:34.300, 6235681585323, testhost.dll, Version: 16.9.4
TpTrace Information: 0 : 20604, 1, 2021/11/28, 20:50:34.307, 6235681628881, testhost.dll, DefaultEngineInvoker.Invoke: Testhost process started with args :[--port, 63461],[--endpoint, 127.0.0.1:063461],[--role, client],[--parentprocessid, 2008],[--diag, C:\Users\Armin\Documents\GitHub\Grupa-3-Verifikovani-i-Validirani-Softverasi\Pijaca\Zadatak1\bin\Debug\net5.0\fine-code-coverage\coverage-tool-output\diagnostics.host.21-11-28_20-50-34_14445_4.log],[--tracelevel, 4],[--datacollectionport, 63460],[--telemetryoptedin, false]
TpTrace Information: 0 : 20604, 1, 2021/11/28, 20:50:34.308, 6235681642778, testhost.dll, Setting up debug trace listener.
TpTrace Verbose: 0 : 20604, 1, 2021/11/28, 20:50:34.308, 6235681644678, testhost.dll, TestPlatformTraceListener.Setup: Replacing listener 0 with TestHostTraceListener.
TpTrace Verbose: 0 : 20604, 1, 2021/11/28, 20:50:34.309, 6235681645172, testhost.dll, TestPlatformTraceListener.Setup: Added test platform trace listener.
TpTrace Information: 0 : 20604, 1, 2021/11/28, 20:50:34.309, 6235681649213, testhost.dll, DefaultEngineInvoker.SetParentProcessExitCallback: Monitoring parent process with id: '2008'
TpTrace Information: 0 : 20604, 1, 2021/11/28, 20:50:34.316, 6235681724513, testhost.dll, DefaultEngineInvoker.GetConnectionInfo: Initialize communication on endpoint address: '127.0.0.1:063461'
TpTrace Information: 0 : 20604, 1, 2021/11/28, 20:50:34.330, 6235681855851, testhost.dll, SocketClient.Start: connecting to server endpoint: 127.0.0.1:063461
TpTrace Information: 0 : 20604, 1, 2021/11/28, 20:50:34.337, 6235681934568, testhost.dll, DefaultEngineInvoker.ConnectToDatacollector: Connecting to datacollector, port: 63460
TpTrace Information: 0 : 20604, 8, 2021/11/28, 20:50:34.338, 6235681943737, testhost.dll, SocketClient.OnServerConnected: connected to server endpoint: 127.0.0.1:063461
TpTrace Verbose: 0 : 20604, 8, 2021/11/28, 20:50:34.340, 6235681959053, testhost.dll, Connected to server, and starting MessageLoopAsync
TpTrace Information: 0 : 20604, 1, 2021/11/28, 20:50:34.340, 6235681962946, testhost.dll, Trying to connect to server on socket : 127.0.0.1:63460 
TpTrace Verbose: 0 : 20604, 1, 2021/11/28, 20:50:34.341, 6235681965792, testhost.dll, SocketCommunicationManager : SetupClientAsync : Attempting to connect to the server.
TpTrace Information: 0 : 20604, 9, 2021/11/28, 20:50:34.342, 6235681981135, testhost.dll, Connected to the server successfully 
TpTrace Information: 0 : 20604, 9, 2021/11/28, 20:50:34.342, 6235681982403, testhost.dll, Using the buffer size of 16384 bytes
TpTrace Verbose: 0 : 20604, 8, 2021/11/28, 20:50:34.342, 6235681983209, testhost.dll, TcpClientExtensions.MessageLoopAsync: Polling on remoteEndPoint: [::ffff:127.0.0.1]:63461 localEndPoint: [::ffff:127.0.0.1]:63462
TpTrace Verbose: 0 : 20604, 8, 2021/11/28, 20:50:34.343, 6235681986286, testhost.dll, TcpClientExtensions.MessageLoopAsync: NotifyDataAvailable remoteEndPoint: [::ffff:127.0.0.1]:63461 localEndPoint: [::ffff:127.0.0.1]:63462
TpTrace Information: 0 : 20604, 1, 2021/11/28, 20:50:34.343, 6235681986553, testhost.dll, DefaultEngineInvoker.Invoke: Start Request Processing.
TpTrace Information: 0 : 20604, 11, 2021/11/28, 20:50:34.344, 6235681997048, testhost.dll, DefaultEngineInvoker.StartProcessingAsync: Connected to vstest.console, Starting process requests.
TpTrace Information: 0 : 20604, 8, 2021/11/28, 20:50:34.466, 6235683223868, testhost.dll, TestRequestHandler.ProcessRequests: received message: (ProtocolVersion) -> 5
TpTrace Verbose: 0 : 20604, 8, 2021/11/28, 20:50:34.503, 6235683594469, testhost.dll, TestRequestHandler.SendData:  sending data from testhost: {"Version":5,"MessageType":"TestSession.Message","Payload":{"MessageLevel":0,"Message":"Logging TestHost Diagnostics in file: C:\\Users\\Armin\\Documents\\GitHub\\Grupa-3-Verifikovani-i-Validirani-Softverasi\\Pijaca\\Zadatak1\\bin\\Debug\\net5.0\\fine-code-coverage\\coverage-tool-output\\diagnostics.host.21-11-28_20-50-34_14445_4.log"}}
TpTrace Verbose: 0 : 20604, 8, 2021/11/28, 20:50:34.504, 6235683599021, testhost.dll, TcpClientExtensions.MessageLoopAsync: Polling on remoteEndPoint: [::ffff:127.0.0.1]:63461 localEndPoint: [::ffff:127.0.0.1]:63462
TpTrace Verbose: 0 : 20604, 8, 2021/11/28, 20:50:34.504, 6235683600367, testhost.dll, TcpClientExtensions.MessageLoopAsync: NotifyDataAvailable remoteEndPoint: [::ffff:127.0.0.1]:63461 localEndPoint: [::ffff:127.0.0.1]:63462
TpTrace Information: 0 : 20604, 8, 2021/11/28, 20:50:34.508, 6235683643289, testhost.dll, TestRequestHandler.ProcessRequests: received message: (TestExecution.Initialize) -> [
  "C:\\Users\\Armin\\Documents\\GitHub\\Grupa-3-Verifikovani-i-Validirani-Softverasi\\Pijaca\\Zadatak1\\bin\\Debug\\net5.0\\fine-code-coverage\\build-output\\Microsoft.VisualStudio.TestPlatform.MSTest.TestAdapter.dll"
]
TpTrace Information: 0 : 20604, 8, 2021/11/28, 20:50:34.508, 6235683644721, testhost.dll, Execution Session Initialize.
TpTrace Verbose: 0 : 20604, 8, 2021/11/28, 20:50:34.516, 6235683718129, testhost.dll, TcpClientExtensions.MessageLoopAsync: Polling on remoteEndPoint: [::ffff:127.0.0.1]:63461 localEndPoint: [::ffff:127.0.0.1]:63462
TpTrace Verbose: 0 : 20604, 8, 2021/11/28, 20:50:34.516, 6235683720181, testhost.dll, TcpClientExtensions.MessageLoopAsync: NotifyDataAvailable remoteEndPoint: [::ffff:127.0.0.1]:63461 localEndPoint: [::ffff:127.0.0.1]:63462
TpTrace Verbose: 0 : 20604, 4, 2021/11/28, 20:50:34.518, 6235683740409, testhost.dll, TestExecutorService: Loading the extensions
TpTrace Information: 0 : 20604, 8, 2021/11/28, 20:50:34.519, 6235683746277, testhost.dll, TestRequestHandler.ProcessRequests: received message: (TestExecution.StartWithSources) -> {
  "AdapterSourceMap": {
    "_none_": [
      "C:\\Users\\Armin\\Documents\\GitHub\\Grupa-3-Verifikovani-i-Validirani-Softverasi\\Pijaca\\Zadatak1\\bin\\Debug\\net5.0\\fine-code-coverage\\build-output\\Zadatak1.dll"
    ]
  },
  "RunSettings": "<RunSettings>\r\n  <RunConfiguration>\r\n    <ResultsDirectory>C:\\Users\\Armin\\Documents\\GitHub\\Grupa-3-Verifikovani-i-Validirani-Softverasi\\Pijaca\\Zadatak1\\bin\\Debug\\net5.0\\fine-code-coverage\\coverage-tool-output</ResultsDirectory>\r\n    <TargetPlatform>X64</TargetPlatform>\r\n    <TargetFrameworkVersion>.NETCoreApp,Version=v5.0</TargetFrameworkVersion>\r\n    <DesignMode>False</DesignMode>\r\n    <CollectSourceInformation>False</CollectSourceInformation>\r\n  </RunConfiguration>\r\n  <LoggerRunSettings>\r\n    <Loggers>\r\n      <Logger friendlyName=\"blame\" enabled=\"True\" />\r\n      <Logger friendlyName=\"Console\" uri=\"logger://microsoft/TestPlatform/ConsoleLogger/v1\" assemblyQualifiedName=\"Microsoft.VisualStudio.TestPlatform.CommandLine.Internal.ConsoleLogger, vstest.console, Version=15.0.0.0, Culture=neutral, PublicKeyToken=b03f5f7f11d50a3a\" codeBase=\"C:\\Program Files\\dotnet\\sdk\\5.0.402\\vstest.console.dll\" enabled=\"True\" />\r\n    </Loggers>\r\n  </LoggerRunSettings>\r\n  <DataCollectionRunSettings>\r\n    <DataCollectors>\r\n      <DataCollector friendlyName=\"blame\" enabled=\"True\">\r\n        <Configuration>\r\n          <ResultsDirectory>C:\\Users\\Armin\\Documents\\GitHub\\Grupa-3-Verifikovani-i-Validirani-Softverasi\\Pijaca\\Zadatak1\\bin\\Debug\\net5.0\\fine-code-coverage\\coverage-tool-output</ResultsDirectory>\r\n        </Configuration>\r\n      </DataCollector>\r\n    </DataCollectors>\r\n  </DataCollectionRunSettings>\r\n</RunSettings>",
  "TestExecutionContext": {
    "FrequencyOfRunStatsChangeEvent": 10,
    "RunStatsChangeEventTimeout": "00:00:01.5000000",
    "InIsolation": false,
    "KeepAlive": false,
    "AreTestCaseLevelEventsRequired": false,
    "IsDebug": false,
    "TestCaseFilter": null,
    "FilterOptions": null
  },
  "Package": null
}
TpTrace Information: 0 : 20604, 8, 2021/11/28, 20:50:34.519, 6235683747732, testhost.dll, Execution started.
TpTrace Verbose: 0 : 20604, 4, 2021/11/28, 20:50:34.520, 6235683755607, testhost.dll, TestPluginCache.DiscoverTestExtensions: finding test extensions in assemblies ends with: TestAdapter.dll TPluginInfo: Microsoft.VisualStudio.TestPlatform.Common.ExtensionFramework.Utilities.TestExecutorPluginInformation TExtension: Microsoft.VisualStudio.TestPlatform.ObjectModel.Adapter.ITestExecutor
TpTrace Verbose: 0 : 20604, 4, 2021/11/28, 20:50:34.521, 6235683766517, testhost.dll, TestPluginCache.GetExtensionPaths: Filtered extension paths: 
TpTrace Verbose: 0 : 20604, 4, 2021/11/28, 20:50:34.521, 6235683770834, testhost.dll, TestPluginCache.GetExtensionPaths: Added default extension paths: C:\Users\Armin\Documents\GitHub\Grupa-3-Verifikovani-i-Validirani-Softverasi\Pijaca\Zadatak1\bin\Debug\net5.0\fine-code-coverage\build-output\Microsoft.VisualStudio.TestPlatform.MSTest.TestAdapter.dll
TpTrace Verbose: 0 : 20604, 4, 2021/11/28, 20:50:34.521, 6235683771520, testhost.dll, TestPluginCache.GetExtensionPaths: Added unfilterableExtensionPaths: 
TpTrace Information: 0 : 20604, 4, 2021/11/28, 20:50:34.523, 6235683793919, testhost.dll, AssemblyResolver.ctor: Creating AssemblyResolver with searchDirectories C:\Users\Armin\Documents\GitHub\Grupa-3-Verifikovani-i-Validirani-Softverasi\Pijaca\Zadatak1\bin\Debug\net5.0\fine-code-coverage\build-output
TpTrace Verbose: 0 : 20604, 4, 2021/11/28, 20:50:34.525, 6235683809132, testhost.dll, TestPluginCache.DiscoverTestExtensions: Discovering the extensions using extension path.
TpTrace Verbose: 0 : 20604, 4, 2021/11/28, 20:50:34.525, 6235683810783, testhost.dll, TestPluginCache.GetExtensionPaths: Filtered extension paths: 
TpTrace Verbose: 0 : 20604, 4, 2021/11/28, 20:50:34.525, 6235683811930, testhost.dll, TestPluginCache.GetExtensionPaths: Added default extension paths: C:\Users\Armin\Documents\GitHub\Grupa-3-Verifikovani-i-Validirani-Softverasi\Pijaca\Zadatak1\bin\Debug\net5.0\fine-code-coverage\build-output\Microsoft.VisualStudio.TestPlatform.MSTest.TestAdapter.dll
TpTrace Verbose: 0 : 20604, 4, 2021/11/28, 20:50:34.525, 6235683812212, testhost.dll, TestPluginCache.GetExtensionPaths: Added unfilterableExtensionPaths: 
TpTrace Verbose: 0 : 20604, 4, 2021/11/28, 20:50:34.525, 6235683812776, testhost.dll, TestPluginCache.DiscoverTestExtensions: Discovering the extensions using allExtensionPaths: C:\Users\Armin\Documents\GitHub\Grupa-3-Verifikovani-i-Validirani-Softverasi\Pijaca\Zadatak1\bin\Debug\net5.0\fine-code-coverage\build-output\Microsoft.VisualStudio.TestPlatform.MSTest.TestAdapter.dll
TpTrace Information: 0 : 20604, 4, 2021/11/28, 20:50:34.526, 6235683820754, testhost.dll, AssemblyResolver.AddSearchDirectories: Adding more searchDirectories C:\Users\Armin\Documents\GitHub\Grupa-3-Verifikovani-i-Validirani-Softverasi\Pijaca\Zadatak1\bin\Debug\net5.0\fine-code-coverage\build-output
TpTrace Information: 0 : 20604, 4, 2021/11/28, 20:50:34.530, 6235683862222, testhost.dll, AssemblyResolver.OnResolve: Microsoft.VisualStudio.TestPlatform.MSTest.TestAdapter: Resolving assembly.
TpTrace Information: 0 : 20604, 4, 2021/11/28, 20:50:34.532, 6235683884655, testhost.dll, AssemblyResolver.OnResolve: Resolved assembly: Microsoft.VisualStudio.TestPlatform.MSTest.TestAdapter, from path: C:\Users\Armin\Documents\GitHub\Grupa-3-Verifikovani-i-Validirani-Softverasi\Pijaca\Zadatak1\bin\Debug\net5.0\fine-code-coverage\build-output\Microsoft.VisualStudio.TestPlatform.MSTest.TestAdapter.dll
TpTrace Verbose: 0 : 20604, 4, 2021/11/28, 20:50:34.538, 6235683938425, testhost.dll, TestPluginCache: Discovered the extensions using extension path ''.
TpTrace Verbose: 0 : 20604, 4, 2021/11/28, 20:50:34.538, 6235683943733, testhost.dll, TestPluginCache: Discoverers are ''.
TpTrace Verbose: 0 : 20604, 4, 2021/11/28, 20:50:34.539, 6235683944928, testhost.dll, TestPluginCache: Executors are 'executor://MSTestAdapter/v2'.
TpTrace Verbose: 0 : 20604, 4, 2021/11/28, 20:50:34.539, 6235683946404, testhost.dll, TestPluginCache: Executors2 are ''.
TpTrace Verbose: 0 : 20604, 4, 2021/11/28, 20:50:34.539, 6235683947729, testhost.dll, TestPluginCache: Setting providers are ''.
TpTrace Verbose: 0 : 20604, 4, 2021/11/28, 20:50:34.539, 6235683949030, testhost.dll, TestPluginCache: Loggers are ''.
TpTrace Verbose: 0 : 20604, 4, 2021/11/28, 20:50:34.542, 6235683976129, testhost.dll, TestPluginCache.DiscoverTestExtensions: finding test extensions in assemblies ends with: TestAdapter.dll TPluginInfo: Microsoft.VisualStudio.TestPlatform.Common.ExtensionFramework.Utilities.TestExecutorPluginInformation2 TExtension: Microsoft.VisualStudio.TestPlatform.ObjectModel.Adapter.ITestExecutor2
TpTrace Verbose: 0 : 20604, 8, 2021/11/28, 20:50:34.542, 6235683976661, testhost.dll, TcpClientExtensions.MessageLoopAsync: Polling on remoteEndPoint: [::ffff:127.0.0.1]:63461 localEndPoint: [::ffff:127.0.0.1]:63462
TpTrace Verbose: 0 : 20604, 4, 2021/11/28, 20:50:34.542, 6235683981121, testhost.dll, TestPluginCache.GetExtensionPaths: Filtered extension paths: 
TpTrace Verbose: 0 : 20604, 4, 2021/11/28, 20:50:34.542, 6235683981929, testhost.dll, TestPluginCache.GetExtensionPaths: Added default extension paths: C:\Users\Armin\Documents\GitHub\Grupa-3-Verifikovani-i-Validirani-Softverasi\Pijaca\Zadatak1\bin\Debug\net5.0\fine-code-coverage\build-output\Microsoft.VisualStudio.TestPlatform.MSTest.TestAdapter.dll
TpTrace Verbose: 0 : 20604, 4, 2021/11/28, 20:50:34.542, 6235683982261, testhost.dll, TestPluginCache.GetExtensionPaths: Added unfilterableExtensionPaths: 
TpTrace Information: 0 : 20604, 4, 2021/11/28, 20:50:34.542, 6235683984434, testhost.dll, AssemblyResolver.AddSearchDirectories: Adding more searchDirectories C:\Users\Armin\Documents\GitHub\Grupa-3-Verifikovani-i-Validirani-Softverasi\Pijaca\Zadatak1\bin\Debug\net5.0\fine-code-coverage\build-output
TpTrace Verbose: 0 : 20604, 4, 2021/11/28, 20:50:34.543, 6235683984930, testhost.dll, TestPluginCache.DiscoverTestExtensions: Discovering the extensions using extension path.
TpTrace Verbose: 0 : 20604, 4, 2021/11/28, 20:50:34.543, 6235683985622, testhost.dll, TestPluginCache.GetExtensionPaths: Filtered extension paths: 
TpTrace Verbose: 0 : 20604, 4, 2021/11/28, 20:50:34.543, 6235683986660, testhost.dll, TestPluginCache.GetExtensionPaths: Added default extension paths: C:\Users\Armin\Documents\GitHub\Grupa-3-Verifikovani-i-Validirani-Softverasi\Pijaca\Zadatak1\bin\Debug\net5.0\fine-code-coverage\build-output\Microsoft.VisualStudio.TestPlatform.MSTest.TestAdapter.dll
TpTrace Verbose: 0 : 20604, 4, 2021/11/28, 20:50:34.543, 6235683987267, testhost.dll, TestPluginCache.GetExtensionPaths: Added unfilterableExtensionPaths: 
TpTrace Verbose: 0 : 20604, 4, 2021/11/28, 20:50:34.543, 6235683988133, testhost.dll, TestPluginCache.DiscoverTestExtensions: Discovering the extensions using allExtensionPaths: C:\Users\Armin\Documents\GitHub\Grupa-3-Verifikovani-i-Validirani-Softverasi\Pijaca\Zadatak1\bin\Debug\net5.0\fine-code-coverage\build-output\Microsoft.VisualStudio.TestPlatform.MSTest.TestAdapter.dll
TpTrace Information: 0 : 20604, 4, 2021/11/28, 20:50:34.543, 6235683988980, testhost.dll, AssemblyResolver.AddSearchDirectories: Adding more searchDirectories C:\Users\Armin\Documents\GitHub\Grupa-3-Verifikovani-i-Validirani-Softverasi\Pijaca\Zadatak1\bin\Debug\net5.0\fine-code-coverage\build-output
TpTrace Verbose: 0 : 20604, 4, 2021/11/28, 20:50:34.543, 6235683991689, testhost.dll, TestPluginCache: Discovered the extensions using extension path ''.
TpTrace Verbose: 0 : 20604, 4, 2021/11/28, 20:50:34.543, 6235683992157, testhost.dll, TestPluginCache: Discoverers are ''.
TpTrace Verbose: 0 : 20604, 4, 2021/11/28, 20:50:34.543, 6235683992639, testhost.dll, TestPluginCache: Executors are 'executor://MSTestAdapter/v2'.
TpTrace Verbose: 0 : 20604, 4, 2021/11/28, 20:50:34.543, 6235683993389, testhost.dll, TestPluginCache: Executors2 are ''.
TpTrace Verbose: 0 : 20604, 4, 2021/11/28, 20:50:34.543, 6235683994517, testhost.dll, TestPluginCache: Setting providers are ''.
TpTrace Verbose: 0 : 20604, 4, 2021/11/28, 20:50:34.543, 6235683994802, testhost.dll, TestPluginCache: Loggers are ''.
TpTrace Information: 0 : 20604, 4, 2021/11/28, 20:50:34.548, 6235684043136, testhost.dll, TestPluginManager.CreateTestExtension: Attempting to load test extension: Microsoft.VisualStudio.TestPlatform.MSTest.TestAdapter.MSTestExecutor
TpTrace Verbose: 0 : 20604, 4, 2021/11/28, 20:50:34.556, 6235684123882, testhost.dll, TestExecutorExtensionManager: Loading executor Microsoft.VisualStudio.TestPlatform.MSTest.TestAdapter.MSTestExecutor
TpTrace Verbose: 0 : 20604, 4, 2021/11/28, 20:50:34.557, 6235684125371, testhost.dll, TestExecutorService: Loaded the executors
TpTrace Verbose: 0 : 20604, 4, 2021/11/28, 20:50:34.558, 6235684138621, testhost.dll, TestPluginCache.DiscoverTestExtensions: finding test extensions in assemblies ends with: TestAdapter.dll TPluginInfo: Microsoft.VisualStudio.TestPlatform.Common.ExtensionFramework.Utilities.TestSettingsProviderPluginInformation TExtension: Microsoft.VisualStudio.TestPlatform.ObjectModel.Adapter.ISettingsProvider
TpTrace Verbose: 0 : 20604, 4, 2021/11/28, 20:50:34.558, 6235684141444, testhost.dll, TestPluginCache.GetExtensionPaths: Filtered extension paths: 
TpTrace Verbose: 0 : 20604, 4, 2021/11/28, 20:50:34.558, 6235684142555, testhost.dll, TestPluginCache.GetExtensionPaths: Added default extension paths: C:\Users\Armin\Documents\GitHub\Grupa-3-Verifikovani-i-Validirani-Softverasi\Pijaca\Zadatak1\bin\Debug\net5.0\fine-code-coverage\build-output\Microsoft.VisualStudio.TestPlatform.MSTest.TestAdapter.dll
TpTrace Verbose: 0 : 20604, 4, 2021/11/28, 20:50:34.558, 6235684143109, testhost.dll, TestPluginCache.GetExtensionPaths: Added unfilterableExtensionPaths: 
TpTrace Information: 0 : 20604, 4, 2021/11/28, 20:50:34.558, 6235684144786, testhost.dll, AssemblyResolver.AddSearchDirectories: Adding more searchDirectories C:\Users\Armin\Documents\GitHub\Grupa-3-Verifikovani-i-Validirani-Softverasi\Pijaca\Zadatak1\bin\Debug\net5.0\fine-code-coverage\build-output
TpTrace Verbose: 0 : 20604, 4, 2021/11/28, 20:50:34.559, 6235684145547, testhost.dll, TestPluginCache.DiscoverTestExtensions: Discovering the extensions using extension path.
TpTrace Verbose: 0 : 20604, 4, 2021/11/28, 20:50:34.559, 6235684146028, testhost.dll, TestPluginCache.GetExtensionPaths: Filtered extension paths: 
TpTrace Verbose: 0 : 20604, 4, 2021/11/28, 20:50:34.559, 6235684146600, testhost.dll, TestPluginCache.GetExtensionPaths: Added default extension paths: C:\Users\Armin\Documents\GitHub\Grupa-3-Verifikovani-i-Validirani-Softverasi\Pijaca\Zadatak1\bin\Debug\net5.0\fine-code-coverage\build-output\Microsoft.VisualStudio.TestPlatform.MSTest.TestAdapter.dll
TpTrace Verbose: 0 : 20604, 4, 2021/11/28, 20:50:34.559, 6235684147420, testhost.dll, TestPluginCache.GetExtensionPaths: Added unfilterableExtensionPaths: 
TpTrace Verbose: 0 : 20604, 4, 2021/11/28, 20:50:34.559, 6235684147883, testhost.dll, TestPluginCache.DiscoverTestExtensions: Discovering the extensions using allExtensionPaths: C:\Users\Armin\Documents\GitHub\Grupa-3-Verifikovani-i-Validirani-Softverasi\Pijaca\Zadatak1\bin\Debug\net5.0\fine-code-coverage\build-output\Microsoft.VisualStudio.TestPlatform.MSTest.TestAdapter.dll
TpTrace Information: 0 : 20604, 4, 2021/11/28, 20:50:34.559, 6235684148518, testhost.dll, AssemblyResolver.AddSearchDirectories: Adding more searchDirectories C:\Users\Armin\Documents\GitHub\Grupa-3-Verifikovani-i-Validirani-Softverasi\Pijaca\Zadatak1\bin\Debug\net5.0\fine-code-coverage\build-output
TpTrace Verbose: 0 : 20604, 4, 2021/11/28, 20:50:34.559, 6235684151287, testhost.dll, TestPluginCache: Discovered the extensions using extension path ''.
TpTrace Verbose: 0 : 20604, 4, 2021/11/28, 20:50:34.559, 6235684151803, testhost.dll, TestPluginCache: Discoverers are ''.
TpTrace Verbose: 0 : 20604, 4, 2021/11/28, 20:50:34.559, 6235684152133, testhost.dll, TestPluginCache: Executors are 'executor://MSTestAdapter/v2'.
TpTrace Verbose: 0 : 20604, 4, 2021/11/28, 20:50:34.559, 6235684152453, testhost.dll, TestPluginCache: Executors2 are ''.
TpTrace Verbose: 0 : 20604, 4, 2021/11/28, 20:50:34.559, 6235684152830, testhost.dll, TestPluginCache: Setting providers are ''.
TpTrace Verbose: 0 : 20604, 4, 2021/11/28, 20:50:34.559, 6235684153104, testhost.dll, TestPluginCache: Loggers are ''.
TpTrace Verbose: 0 : 20604, 4, 2021/11/28, 20:50:34.560, 6235684163082, testhost.dll, TestExecutorService: Loaded the settings providers
TpTrace Information: 0 : 20604, 4, 2021/11/28, 20:50:34.560, 6235684164230, testhost.dll, TestExecutorService: Loaded the extensions
TpTrace Information: 0 : 20604, 4, 2021/11/28, 20:50:34.631, 6235684871383, testhost.dll, TestDiscoveryManager: Discovering tests from sources C:\Users\Armin\Documents\GitHub\Grupa-3-Verifikovani-i-Validirani-Softverasi\Pijaca\Zadatak1\bin\Debug\net5.0\fine-code-coverage\build-output\Zadatak1.dll
TpTrace Verbose: 0 : 20604, 4, 2021/11/28, 20:50:34.634, 6235684895258, testhost.dll, TestPluginCache.DiscoverTestExtensions: finding test extensions in assemblies ends with: TestAdapter.dll TPluginInfo: Microsoft.VisualStudio.TestPlatform.Common.ExtensionFramework.Utilities.TestDiscovererPluginInformation TExtension: Microsoft.VisualStudio.TestPlatform.ObjectModel.Adapter.ITestDiscoverer
TpTrace Verbose: 0 : 20604, 4, 2021/11/28, 20:50:34.634, 6235684897449, testhost.dll, TestPluginCache.GetExtensionPaths: Filtered extension paths: 
TpTrace Verbose: 0 : 20604, 4, 2021/11/28, 20:50:34.634, 6235684898324, testhost.dll, TestPluginCache.GetExtensionPaths: Added default extension paths: C:\Users\Armin\Documents\GitHub\Grupa-3-Verifikovani-i-Validirani-Softverasi\Pijaca\Zadatak1\bin\Debug\net5.0\fine-code-coverage\build-output\Microsoft.VisualStudio.TestPlatform.MSTest.TestAdapter.dll
TpTrace Verbose: 0 : 20604, 4, 2021/11/28, 20:50:34.634, 6235684898600, testhost.dll, TestPluginCache.GetExtensionPaths: Added unfilterableExtensionPaths: 
TpTrace Information: 0 : 20604, 4, 2021/11/28, 20:50:34.634, 6235684901482, testhost.dll, AssemblyResolver.AddSearchDirectories: Adding more searchDirectories C:\Users\Armin\Documents\GitHub\Grupa-3-Verifikovani-i-Validirani-Softverasi\Pijaca\Zadatak1\bin\Debug\net5.0\fine-code-coverage\build-output
TpTrace Verbose: 0 : 20604, 4, 2021/11/28, 20:50:34.634, 6235684901893, testhost.dll, TestPluginCache.DiscoverTestExtensions: Discovering the extensions using extension path.
TpTrace Verbose: 0 : 20604, 4, 2021/11/28, 20:50:34.634, 6235684902646, testhost.dll, TestPluginCache.GetExtensionPaths: Filtered extension paths: 
TpTrace Verbose: 0 : 20604, 4, 2021/11/28, 20:50:34.634, 6235684904451, testhost.dll, TestPluginCache.GetExtensionPaths: Added default extension paths: C:\Users\Armin\Documents\GitHub\Grupa-3-Verifikovani-i-Validirani-Softverasi\Pijaca\Zadatak1\bin\Debug\net5.0\fine-code-coverage\build-output\Microsoft.VisualStudio.TestPlatform.MSTest.TestAdapter.dll
TpTrace Verbose: 0 : 20604, 4, 2021/11/28, 20:50:34.635, 6235684905074, testhost.dll, TestPluginCache.GetExtensionPaths: Added unfilterableExtensionPaths: 
TpTrace Verbose: 0 : 20604, 4, 2021/11/28, 20:50:34.635, 6235684905328, testhost.dll, TestPluginCache.DiscoverTestExtensions: Discovering the extensions using allExtensionPaths: C:\Users\Armin\Documents\GitHub\Grupa-3-Verifikovani-i-Validirani-Softverasi\Pijaca\Zadatak1\bin\Debug\net5.0\fine-code-coverage\build-output\Microsoft.VisualStudio.TestPlatform.MSTest.TestAdapter.dll
TpTrace Information: 0 : 20604, 4, 2021/11/28, 20:50:34.635, 6235684906060, testhost.dll, AssemblyResolver.AddSearchDirectories: Adding more searchDirectories C:\Users\Armin\Documents\GitHub\Grupa-3-Verifikovani-i-Validirani-Softverasi\Pijaca\Zadatak1\bin\Debug\net5.0\fine-code-coverage\build-output
TpTrace Verbose: 0 : 20604, 4, 2021/11/28, 20:50:34.637, 6235684930173, testhost.dll, TestPluginCache: Discovered the extensions using extension path ''.
TpTrace Verbose: 0 : 20604, 4, 2021/11/28, 20:50:34.637, 6235684931444, testhost.dll, TestPluginCache: Discoverers are 'Microsoft.VisualStudio.TestPlatform.MSTest.TestAdapter.MSTestDiscoverer, Microsoft.VisualStudio.TestPlatform.MSTest.TestAdapter, Version=14.0.0.0, Culture=neutral, PublicKeyToken=b03f5f7f11d50a3a'.
TpTrace Verbose: 0 : 20604, 4, 2021/11/28, 20:50:34.637, 6235684933004, testhost.dll, TestPluginCache: Executors are 'executor://MSTestAdapter/v2'.
TpTrace Verbose: 0 : 20604, 4, 2021/11/28, 20:50:34.637, 6235684933712, testhost.dll, TestPluginCache: Executors2 are ''.
TpTrace Verbose: 0 : 20604, 4, 2021/11/28, 20:50:34.637, 6235684934034, testhost.dll, TestPluginCache: Setting providers are ''.
TpTrace Verbose: 0 : 20604, 4, 2021/11/28, 20:50:34.637, 6235684934319, testhost.dll, TestPluginCache: Loggers are ''.
TpTrace Verbose: 0 : 20604, 4, 2021/11/28, 20:50:34.643, 6235684984965, testhost.dll, BaseRunTests.RunTestInternalWithExecutors: Running tests for executor://MSTestAdapter/v2
TpTrace Information: 0 : 20604, 4, 2021/11/28, 20:50:34.643, 6235684990638, testhost.dll, AssemblyResolver.OnResolve: Microsoft.VisualStudio.TestPlatform.MSTestAdapter.PlatformServices.Interface: Resolving assembly.
TpTrace Information: 0 : 20604, 4, 2021/11/28, 20:50:34.644, 6235685000150, testhost.dll, AssemblyResolver.OnResolve: Resolved assembly: Microsoft.VisualStudio.TestPlatform.MSTestAdapter.PlatformServices.Interface, from path: C:\Users\Armin\Documents\GitHub\Grupa-3-Verifikovani-i-Validirani-Softverasi\Pijaca\Zadatak1\bin\Debug\net5.0\fine-code-coverage\build-output\Microsoft.VisualStudio.TestPlatform.MSTestAdapter.PlatformServices.Interface.dll
TpTrace Information: 0 : 20604, 4, 2021/11/28, 20:50:34.645, 6235685012174, testhost.dll, AssemblyResolver.OnResolve: Microsoft.VisualStudio.TestPlatform.MSTestAdapter.PlatformServices: Resolving assembly.
TpTrace Information: 0 : 20604, 4, 2021/11/28, 20:50:34.646, 6235685018779, testhost.dll, AssemblyResolver.OnResolve: Resolved assembly: Microsoft.VisualStudio.TestPlatform.MSTestAdapter.PlatformServices, from path: C:\Users\Armin\Documents\GitHub\Grupa-3-Verifikovani-i-Validirani-Softverasi\Pijaca\Zadatak1\bin\Debug\net5.0\fine-code-coverage\build-output\Microsoft.VisualStudio.TestPlatform.MSTestAdapter.PlatformServices.dll
TpTrace Information: 0 : 20604, 4, 2021/11/28, 20:50:34.646, 6235685022154, testhost.dll, MSTest - MSTestExecutor.RunTests: Running tests from sources.
TpTrace Information: 0 : 20604, 4, 2021/11/28, 20:50:34.649, 6235685050358, testhost.dll, MSTest - CollectSourceInformation value Found : False 
TpTrace Information: 0 : 20604, 4, 2021/11/28, 20:50:34.667, 6235685234069, testhost.dll, AssemblyResolver.OnResolve: Microsoft.TestPlatform.AdapterUtilities: Resolving assembly.
TpTrace Information: 0 : 20604, 4, 2021/11/28, 20:50:34.668, 6235685243593, testhost.dll, AssemblyResolver.OnResolve: Resolved assembly: Microsoft.TestPlatform.AdapterUtilities, from path: C:\Users\Armin\Documents\GitHub\Grupa-3-Verifikovani-i-Validirani-Softverasi\Pijaca\Zadatak1\bin\Debug\net5.0\fine-code-coverage\build-output\Microsoft.TestPlatform.AdapterUtilities.dll
TpTrace Information: 0 : 20604, 4, 2021/11/28, 20:50:34.683, 6235685387469, testhost.dll, MSTest - MSTestDiscoverer: Found 15 tests from source C:\Users\Armin\Documents\GitHub\Grupa-3-Verifikovani-i-Validirani-Softverasi\Pijaca\Zadatak1\bin\Debug\net5.0\fine-code-coverage\build-output\Zadatak1.dll
TpTrace Information: 0 : 20604, 4, 2021/11/28, 20:50:34.696, 6235685518242, testhost.dll, AssemblyResolver.OnResolve: Microsoft.VisualStudio.TestPlatform.MSTestAdapter.PlatformServices.resources: Resolving assembly.
TpTrace Information: 0 : 20604, 4, 2021/11/28, 20:50:34.696, 6235685520454, testhost.dll, AssemblyResolver.OnResolve: Microsoft.VisualStudio.TestPlatform.MSTestAdapter.PlatformServices.resources: Failed to load assembly.
TpTrace Information: 0 : 20604, 4, 2021/11/28, 20:50:34.696, 6235685524918, testhost.dll, AssemblyResolver.OnResolve: Microsoft.VisualStudio.TestPlatform.MSTestAdapter.PlatformServices.resources: Resolving assembly.
TpTrace Information: 0 : 20604, 4, 2021/11/28, 20:50:34.697, 6235685526742, testhost.dll, AssemblyResolver.OnResolve: Microsoft.VisualStudio.TestPlatform.MSTestAdapter.PlatformServices.resources: Resolved from cache.
TpTrace Information: 0 : 20604, 4, 2021/11/28, 20:50:34.709, 6235685653037, testhost.dll, MSTest - Created unit-test runner C:\Users\Armin\Documents\GitHub\Grupa-3-Verifikovani-i-Validirani-Softverasi\Pijaca\Zadatak1\bin\Debug\net5.0\fine-code-coverage\build-output\Zadatak1.dll
TpTrace Verbose: 0 : 20604, 4, 2021/11/28, 20:50:34.713, 6235685689762, testhost.dll, TestExecutionRecorder.RecordStart: Starting test: Zadatak1.ProdavacTest.TestPogresnaSifra.
TpTrace Information: 0 : 20604, 4, 2021/11/28, 20:50:34.799, 6235686548662, testhost.dll, MSTest - Executing test TestPogresnaSifra
TpTrace Information: 0 : 20604, 4, 2021/11/28, 20:50:34.862, 6235687180679, testhost.dll, MSTest - Executed test TestPogresnaSifra
TpTrace Verbose: 0 : 20604, 4, 2021/11/28, 20:50:34.869, 6235687252054, testhost.dll, TestExecutionRecorder.RecordEnd: test: Zadatak1.ProdavacTest.TestPogresnaSifra execution completed.
TpTrace Verbose: 0 : 20604, 4, 2021/11/28, 20:50:34.892, 6235687477370, testhost.dll, TestExecutionRecorder.RecordResult: Received result for test: Zadatak1.ProdavacTest.TestPogresnaSifra.
TpTrace Warning: 0 : 20604, 4, 2021/11/28, 20:50:34.896, 6235687516195, testhost.dll, TestRunCache: InProgressTests is null
TpTrace Warning: 0 : 20604, 4, 2021/11/28, 20:50:34.896, 6235687518119, testhost.dll, TestRunCache: No test found corresponding to testResult '' in inProgress list.
TpTrace Verbose: 0 : 20604, 4, 2021/11/28, 20:50:34.896, 6235687519137, testhost.dll, TestExecutionRecorder.RecordStart: Starting test: Zadatak1.ProdavacTest.TestAktivnosti.
TpTrace Information: 0 : 20604, 4, 2021/11/28, 20:50:34.899, 6235687548241, testhost.dll, MSTest - Executing test TestAktivnosti
TpTrace Information: 0 : 20604, 4, 2021/11/28, 20:50:34.899, 6235687554508, testhost.dll, MSTest - Executed test TestAktivnosti
TpTrace Verbose: 0 : 20604, 4, 2021/11/28, 20:50:34.900, 6235687555426, testhost.dll, TestExecutionRecorder.RecordEnd: test: Zadatak1.ProdavacTest.TestAktivnosti execution completed.
TpTrace Verbose: 0 : 20604, 4, 2021/11/28, 20:50:34.902, 6235687575135, testhost.dll, TestExecutionRecorder.RecordResult: Received result for test: Zadatak1.ProdavacTest.TestAktivnosti.
TpTrace Warning: 0 : 20604, 4, 2021/11/28, 20:50:34.902, 6235687576178, testhost.dll, TestRunCache: InProgressTests is null
TpTrace Warning: 0 : 20604, 4, 2021/11/28, 20:50:34.902, 6235687576586, testhost.dll, TestRunCache: No test found corresponding to testResult '' in inProgress list.
TpTrace Verbose: 0 : 20604, 4, 2021/11/28, 20:50:34.902, 6235687577311, testhost.dll, TestExecutionRecorder.RecordStart: Starting test: Zadatak1.ProdavacTest.TestPogresnihPodataka.
TpTrace Information: 0 : 20604, 4, 2021/11/28, 20:50:34.903, 6235687589526, testhost.dll, MSTest - Executing test TestPogresnihPodataka
TpTrace Information: 0 : 20604, 4, 2021/11/28, 20:50:34.904, 6235687597200, testhost.dll, MSTest - Executed test TestPogresnihPodataka
TpTrace Verbose: 0 : 20604, 4, 2021/11/28, 20:50:34.904, 6235687597989, testhost.dll, TestExecutionRecorder.RecordEnd: test: Zadatak1.ProdavacTest.TestPogresnihPodataka execution completed.
TpTrace Verbose: 0 : 20604, 4, 2021/11/28, 20:50:34.907, 6235687631887, testhost.dll, TestExecutionRecorder.RecordResult: Received result for test: Zadatak1.ProdavacTest.TestPogresnihPodataka.
TpTrace Warning: 0 : 20604, 4, 2021/11/28, 20:50:34.907, 6235687632858, testhost.dll, TestRunCache: InProgressTests is null
TpTrace Warning: 0 : 20604, 4, 2021/11/28, 20:50:34.907, 6235687633180, testhost.dll, TestRunCache: No test found corresponding to testResult '' in inProgress list.
TpTrace Verbose: 0 : 20604, 4, 2021/11/28, 20:50:34.907, 6235687633792, testhost.dll, TestExecutionRecorder.RecordStart: Starting test: Zadatak1.ProdavacTest.TestPovecanjaPrometa.
TpTrace Information: 0 : 20604, 4, 2021/11/28, 20:50:34.909, 6235687649313, testhost.dll, MSTest - Executing test TestPovecanjaPrometa
TpTrace Information: 0 : 20604, 4, 2021/11/28, 20:50:34.910, 6235687658205, testhost.dll, MSTest - Executed test TestPovecanjaPrometa
TpTrace Verbose: 0 : 20604, 4, 2021/11/28, 20:50:34.910, 6235687658980, testhost.dll, TestExecutionRecorder.RecordEnd: test: Zadatak1.ProdavacTest.TestPovecanjaPrometa execution completed.
TpTrace Verbose: 0 : 20604, 4, 2021/11/28, 20:50:34.911, 6235687669329, testhost.dll, TestExecutionRecorder.RecordResult: Received result for test: Zadatak1.ProdavacTest.TestPovecanjaPrometa.
TpTrace Warning: 0 : 20604, 4, 2021/11/28, 20:50:34.911, 6235687670863, testhost.dll, TestRunCache: InProgressTests is null
TpTrace Warning: 0 : 20604, 4, 2021/11/28, 20:50:34.911, 6235687671376, testhost.dll, TestRunCache: No test found corresponding to testResult '' in inProgress list.
TpTrace Verbose: 0 : 20604, 4, 2021/11/28, 20:50:34.911, 6235687672033, testhost.dll, TestExecutionRecorder.RecordStart: Starting test: Zadatak1.ProdavacTest.TestNegativnogPrometa.
TpTrace Information: 0 : 20604, 4, 2021/11/28, 20:50:34.912, 6235687681862, testhost.dll, MSTest - Executing test TestNegativnogPrometa
TpTrace Information: 0 : 20604, 4, 2021/11/28, 20:50:34.913, 6235687685522, testhost.dll, MSTest - Executed test TestNegativnogPrometa
TpTrace Verbose: 0 : 20604, 4, 2021/11/28, 20:50:34.913, 6235687686155, testhost.dll, TestExecutionRecorder.RecordEnd: test: Zadatak1.ProdavacTest.TestNegativnogPrometa execution completed.
TpTrace Verbose: 0 : 20604, 4, 2021/11/28, 20:50:34.914, 6235687700327, testhost.dll, TestExecutionRecorder.RecordResult: Received result for test: Zadatak1.ProdavacTest.TestNegativnogPrometa.
TpTrace Warning: 0 : 20604, 4, 2021/11/28, 20:50:34.914, 6235687701527, testhost.dll, TestRunCache: InProgressTests is null
TpTrace Warning: 0 : 20604, 4, 2021/11/28, 20:50:34.914, 6235687701887, testhost.dll, TestRunCache: No test found corresponding to testResult '' in inProgress list.
TpTrace Verbose: 0 : 20604, 4, 2021/11/28, 20:50:34.914, 6235687702586, testhost.dll, TestExecutionRecorder.RecordStart: Starting test: Zadatak1.ZatvoriStandoveTestovi.NemaStandova.
TpTrace Information: 0 : 20604, 4, 2021/11/28, 20:50:34.915, 6235687713602, testhost.dll, MSTest - Executing test NemaStandova
TpTrace Information: 0 : 20604, 4, 2021/11/28, 20:50:34.918, 6235687740061, testhost.dll, MSTest - Executed test NemaStandova
TpTrace Verbose: 0 : 20604, 4, 2021/11/28, 20:50:34.918, 6235687741433, testhost.dll, TestExecutionRecorder.RecordEnd: test: Zadatak1.ZatvoriStandoveTestovi.NemaStandova execution completed.
TpTrace Verbose: 0 : 20604, 4, 2021/11/28, 20:50:34.919, 6235687754214, testhost.dll, TestExecutionRecorder.RecordResult: Received result for test: Zadatak1.ZatvoriStandoveTestovi.NemaStandova.
TpTrace Warning: 0 : 20604, 4, 2021/11/28, 20:50:34.920, 6235687755561, testhost.dll, TestRunCache: InProgressTests is null
TpTrace Warning: 0 : 20604, 4, 2021/11/28, 20:50:34.920, 6235687756150, testhost.dll, TestRunCache: No test found corresponding to testResult '' in inProgress list.
TpTrace Verbose: 0 : 20604, 4, 2021/11/28, 20:50:34.920, 6235687757084, testhost.dll, TestExecutionRecorder.RecordStart: Starting test: Zadatak1.ZatvoriStandoveTestovi.nemaProdavaca.
TpTrace Information: 0 : 20604, 4, 2021/11/28, 20:50:34.921, 6235687771117, testhost.dll, MSTest - Executing test nemaProdavaca
TpTrace Information: 0 : 20604, 4, 2021/11/28, 20:50:34.923, 6235687788763, testhost.dll, MSTest - Executed test nemaProdavaca
TpTrace Verbose: 0 : 20604, 4, 2021/11/28, 20:50:34.923, 6235687790269, testhost.dll, TestExecutionRecorder.RecordEnd: test: Zadatak1.ZatvoriStandoveTestovi.nemaProdavaca execution completed.
TpTrace Verbose: 0 : 20604, 4, 2021/11/28, 20:50:34.924, 6235687804656, testhost.dll, TestExecutionRecorder.RecordResult: Received result for test: Zadatak1.ZatvoriStandoveTestovi.nemaProdavaca.
TpTrace Warning: 0 : 20604, 4, 2021/11/28, 20:50:34.925, 6235687805649, testhost.dll, TestRunCache: InProgressTests is null
TpTrace Warning: 0 : 20604, 4, 2021/11/28, 20:50:34.925, 6235687805984, testhost.dll, TestRunCache: No test found corresponding to testResult '' in inProgress list.
TpTrace Verbose: 0 : 20604, 4, 2021/11/28, 20:50:34.925, 6235687806597, testhost.dll, TestExecutionRecorder.RecordStart: Starting test: Zadatak1.ZatvoriStandoveTestovi.prodavacNeaktivanINemaPara.
TpTrace Information: 0 : 20604, 4, 2021/11/28, 20:50:34.926, 6235687818305, testhost.dll, MSTest - Executing test prodavacNeaktivanINemaPara
TpTrace Information: 0 : 20604, 4, 2021/11/28, 20:50:34.927, 6235687825346, testhost.dll, MSTest - Executed test prodavacNeaktivanINemaPara
TpTrace Verbose: 0 : 20604, 4, 2021/11/28, 20:50:34.927, 6235687826123, testhost.dll, TestExecutionRecorder.RecordEnd: test: Zadatak1.ZatvoriStandoveTestovi.prodavacNeaktivanINemaPara execution completed.
TpTrace Verbose: 0 : 20604, 4, 2021/11/28, 20:50:34.928, 6235687836438, testhost.dll, TestExecutionRecorder.RecordResult: Received result for test: Zadatak1.ZatvoriStandoveTestovi.prodavacNeaktivanINemaPara.
TpTrace Warning: 0 : 20604, 4, 2021/11/28, 20:50:34.928, 6235687837110, testhost.dll, TestRunCache: InProgressTests is null
TpTrace Warning: 0 : 20604, 4, 2021/11/28, 20:50:34.928, 6235687837410, testhost.dll, TestRunCache: No test found corresponding to testResult '' in inProgress list.
TpTrace Verbose: 0 : 20604, 4, 2021/11/28, 20:50:34.928, 6235687837954, testhost.dll, TestExecutionRecorder.RecordStart: Starting test: Zadatak1.ZatvoriStandoveTestovi.prodavacNeaktivanAliImaPara.
TpTrace Information: 0 : 20604, 4, 2021/11/28, 20:50:34.929, 6235687846881, testhost.dll, MSTest - Executing test prodavacNeaktivanAliImaPara
TpTrace Information: 0 : 20604, 4, 2021/11/28, 20:50:34.929, 6235687851392, testhost.dll, MSTest - Executed test prodavacNeaktivanAliImaPara
TpTrace Verbose: 0 : 20604, 4, 2021/11/28, 20:50:34.929, 6235687851958, testhost.dll, TestExecutionRecorder.RecordEnd: test: Zadatak1.ZatvoriStandoveTestovi.prodavacNeaktivanAliImaPara execution completed.
TpTrace Verbose: 0 : 20604, 4, 2021/11/28, 20:50:34.931, 6235687866283, testhost.dll, TestExecutionRecorder.RecordResult: Received result for test: Zadatak1.ZatvoriStandoveTestovi.prodavacNeaktivanAliImaPara.
TpTrace Warning: 0 : 20604, 4, 2021/11/28, 20:50:34.931, 6235687869874, testhost.dll, TestRunCache: InProgressTests is null
TpTrace Warning: 0 : 20604, 4, 2021/11/28, 20:50:34.931, 6235687871631, testhost.dll, TestRunCache: No test found corresponding to testResult '' in inProgress list.
TpTrace Verbose: 0 : 20604, 4, 2021/11/28, 20:50:34.932, 6235687875094, testhost.dll, TestExecutionRecorder.RecordStart: Starting test: Zadatak1.ZatvoriStandoveTestovi.prodavacImaParaAliIstekaoZakup.
TpTrace Information: 0 : 20604, 4, 2021/11/28, 20:50:34.933, 6235687893767, testhost.dll, Sending test run statistics
TpTrace Verbose: 0 : 20604, 4, 2021/11/28, 20:50:34.957, 6235688128083, testhost.dll, TestRequestHandler.SendData:  sending data from testhost: {"Version":5,"MessageType":"TestExecution.StatsChange","Payload":{"NewTestResults":[{"TestCase":{"Id":"6b10294d-693c-8bde-94d8-97ba1474c65a","FullyQualifiedName":"Zadatak1.ProdavacTest.TestPogresnaSifra","DisplayName":"TestPogresnaSifra","ExecutorUri":"executor://MSTestAdapter/v2","Source":"C:\\Users\\Armin\\Documents\\GitHub\\Grupa-3-Verifikovani-i-Validirani-Softverasi\\Pijaca\\Zadatak1\\bin\\Debug\\net5.0\\fine-code-coverage\\build-output\\Zadatak1.dll","CodeFilePath":null,"LineNumber":-1,"Properties":[{"Key":{"Id":"TestCase.ManagedType","Label":"ManagedType","Category":"","Description":"","Attributes":1,"ValueType":"System.String"},"Value":"Zadatak1.ProdavacTest"},{"Key":{"Id":"TestCase.ManagedMethod","Label":"ManagedMethod","Category":"","Description":"","Attributes":1,"ValueType":"System.String"},"Value":"TestPogresnaSifra"},{"Key":{"Id":"MSTestDiscoverer.TestClassName","Label":"ClassName","Category":"","Description":"","Attributes":1,"ValueType":"System.String"},"Value":"Zadatak1.ProdavacTest"},{"Key":{"Id":"TestObject.Traits","Label":"Traits","Category":"","Description":"","Attributes":5,"ValueType":"System.Collections.Generic.KeyValuePair`2[[System.String],[System.String]][]"},"Value":[]}]},"Attachments":[],"Outcome":1,"ErrorMessage":null,"ErrorStackTrace":null,"DisplayName":null,"Messages":[],"ComputerName":null,"Duration":"00:00:00.0090394","StartTime":"2021-11-28T20:50:34.7992178+01:00","EndTime":"2021-11-28T20:50:34.8628287+01:00","Properties":[{"Key":{"Id":"ExecutionId","Label":"ExecutionId","Category":"","Description":"","Attributes":1,"ValueType":"System.Guid"},"Value":"00000000-0000-0000-0000-000000000000"},{"Key":{"Id":"ParentExecId","Label":"ParentExecId","Category":"","Description":"","Attributes":1,"ValueType":"System.Guid"},"Value":"00000000-0000-0000-0000-000000000000"},{"Key":{"Id":"InnerResultsCount","Label":"InnerResultsCount","Category":"","Description":"","Attributes":1,"ValueType":"System.Int32"},"Value":0}]},{"TestCase":{"Id":"03d44b12-18f4-0cbe-1c33-4094b2186c06","FullyQualifiedName":"Zadatak1.ProdavacTest.TestAktivnosti","DisplayName":"TestAktivnosti","ExecutorUri":"executor://MSTestAdapter/v2","Source":"C:\\Users\\Armin\\Documents\\GitHub\\Grupa-3-Verifikovani-i-Validirani-Softverasi\\Pijaca\\Zadatak1\\bin\\Debug\\net5.0\\fine-code-coverage\\build-output\\Zadatak1.dll","CodeFilePath":null,"LineNumber":-1,"Properties":[{"Key":{"Id":"TestCase.ManagedType","Label":"ManagedType","Category":"","Description":"","Attributes":1,"ValueType":"System.String"},"Value":"Zadatak1.ProdavacTest"},{"Key":{"Id":"TestCase.ManagedMethod","Label":"ManagedMethod","Category":"","Description":"","Attributes":1,"ValueType":"System.String"},"Value":"TestAktivnosti"},{"Key":{"Id":"MSTestDiscoverer.TestClassName","Label":"ClassName","Category":"","Description":"","Attributes":1,"ValueType":"System.String"},"Value":"Zadatak1.ProdavacTest"},{"Key":{"Id":"TestObject.Traits","Label":"Traits","Category":"","Description":"","Attributes":5,"ValueType":"System.Collections.Generic.KeyValuePair`2[[System.String],[System.String]][]"},"Value":[]}]},"Attachments":[],"Outcome":1,"ErrorMessage":null,"ErrorStackTrace":null,"DisplayName":null,"Messages":[],"ComputerName":null,"Duration":"00:00:00.0003295","StartTime":"2021-11-28T20:50:34.8993238+01:00","EndTime":"2021-11-28T20:50:34.9000399+01:00","Properties":[{"Key":{"Id":"ExecutionId","Label":"ExecutionId","Category":"","Description":"","Attributes":1,"ValueType":"System.Guid"},"Value":"00000000-0000-0000-0000-000000000000"},{"Key":{"Id":"ParentExecId","Label":"ParentExecId","Category":"","Description":"","Attributes":1,"ValueType":"System.Guid"},"Value":"00000000-0000-0000-0000-000000000000"},{"Key":{"Id":"InnerResultsCount","Label":"InnerResultsCount","Category":"","Description":"","Attributes":1,"ValueType":"System.Int32"},"Value":0}]},{"TestCase":{"Id":"c0b925a7-8cbd-7c38-aa41-59795ea98c0e","FullyQualifiedName":"Zadatak1.ProdavacTest.TestPogresnihPodataka","DisplayName":"TestPogresnihPodataka","ExecutorUri":"executor://MSTestAdapter/v2","Source":"C:\\Users\\Armin\\Documents\\GitHub\\Grupa-3-Verifikovani-i-Validirani-Softverasi\\Pijaca\\Zadatak1\\bin\\Debug\\net5.0\\fine-code-coverage\\build-output\\Zadatak1.dll","CodeFilePath":null,"LineNumber":-1,"Properties":[{"Key":{"Id":"TestCase.ManagedType","Label":"ManagedType","Category":"","Description":"","Attributes":1,"ValueType":"System.String"},"Value":"Zadatak1.ProdavacTest"},{"Key":{"Id":"TestCase.ManagedMethod","Label":"ManagedMethod","Category":"","Description":"","Attributes":1,"ValueType":"System.String"},"Value":"TestPogresnihPodataka"},{"Key":{"Id":"MSTestDiscoverer.TestClassName","Label":"ClassName","Category":"","Description":"","Attributes":1,"ValueType":"System.String"},"Value":"Zadatak1.ProdavacTest"},{"Key":{"Id":"TestObject.Traits","Label":"Traits","Category":"","Description":"","Attributes":5,"ValueType":"System.Collections.Generic.KeyValuePair`2[[System.String],[System.String]][]"},"Value":[]}]},"Attachments":[],"Outcome":1,"ErrorMessage":null,"ErrorStackTrace":null,"DisplayName":null,"Messages":[],"ComputerName":null,"Duration":"00:00:00.0004869","StartTime":"2021-11-28T20:50:34.9034568+01:00","EndTime":"2021-11-28T20:50:34.9043024+01:00","Properties":[{"Key":{"Id":"ExecutionId","Label":"ExecutionId","Category":"","Description":"","Attributes":1,"ValueType":"System.Guid"},"Value":"00000000-0000-0000-0000-000000000000"},{"Key":{"Id":"ParentExecId","Label":"ParentExecId","Category":"","Description":"","Attributes":1,"ValueType":"System.Guid"},"Value":"00000000-0000-0000-0000-000000000000"},{"Key":{"Id":"InnerResultsCount","Label":"InnerResultsCount","Category":"","Description":"","Attributes":1,"ValueType":"System.Int32"},"Value":0}]},{"TestCase":{"Id":"e24cc8fb-745b-e81c-73f9-2fc994551ca5","FullyQualifiedName":"Zadatak1.ProdavacTest.TestPovecanjaPrometa","DisplayName":"TestPovecanjaPrometa","ExecutorUri":"executor://MSTestAdapter/v2","Source":"C:\\Users\\Armin\\Documents\\GitHub\\Grupa-3-Verifikovani-i-Validirani-Softverasi\\Pijaca\\Zadatak1\\bin\\Debug\\net5.0\\fine-code-coverage\\build-output\\Zadatak1.dll","CodeFilePath":null,"LineNumber":-1,"Properties":[{"Key":{"Id":"TestCase.ManagedType","Label":"ManagedType","Category":"","Description":"","Attributes":1,"ValueType":"System.String"},"Value":"Zadatak1.ProdavacTest"},{"Key":{"Id":"TestCase.ManagedMethod","Label":"ManagedMethod","Category":"","Description":"","Attributes":1,"ValueType":"System.String"},"Value":"TestPovecanjaPrometa"},{"Key":{"Id":"MSTestDiscoverer.TestClassName","Label":"ClassName","Category":"","Description":"","Attributes":1,"ValueType":"System.String"},"Value":"Zadatak1.ProdavacTest"},{"Key":{"Id":"TestObject.Traits","Label":"Traits","Category":"","Description":"","Attributes":5,"ValueType":"System.Collections.Generic.KeyValuePair`2[[System.String],[System.String]][]"},"Value":[]}]},"Attachments":[],"Outcome":1,"ErrorMessage":null,"ErrorStackTrace":null,"DisplayName":null,"Messages":[],"ComputerName":null,"Duration":"00:00:00.0006926","StartTime":"2021-11-28T20:50:34.9094358+01:00","EndTime":"2021-11-28T20:50:34.910404+01:00","Properties":[{"Key":{"Id":"ExecutionId","Label":"ExecutionId","Category":"","Description":"","Attributes":1,"ValueType":"System.Guid"},"Value":"00000000-0000-0000-0000-000000000000"},{"Key":{"Id":"ParentExecId","Label":"ParentExecId","Category":"","Description":"","Attributes":1,"ValueType":"System.Guid"},"Value":"00000000-0000-0000-0000-000000000000"},{"Key":{"Id":"InnerResultsCount","Label":"InnerResultsCount","Category":"","Description":"","Attributes":1,"ValueType":"System.Int32"},"Value":0}]},{"TestCase":{"Id":"e1e62ecb-27da-a0d2-0bac-6daf339d1ad6","FullyQualifiedName":"Zadatak1.ProdavacTest.TestNegativnogPrometa","DisplayName":"TestNegativnogPrometa","ExecutorUri":"executor://MSTestAdapter/v2","Source":"C:\\Users\\Armin\\Documents\\GitHub\\Grupa-3-Verifikovani-i-Validirani-Softverasi\\Pijaca\\Zadatak1\\bin\\Debug\\net5.0\\fine-code-coverage\\build-output\\Zadatak1.dll","CodeFilePath":null,"LineNumber":-1,"Properties":[{"Key":{"Id":"TestCase.ManagedType","Label":"ManagedType","Category":"","Description":"","Attributes":1,"ValueType":"System.String"},"Value":"Zadatak1.ProdavacTest"},{"Key":{"Id":"TestCase.ManagedMethod","Label":"ManagedMethod","Category":"","Description":"","Attributes":1,"ValueType":"System.String"},"Value":"TestNegativnogPrometa"},{"Key":{"Id":"MSTestDiscoverer.TestClassName","Label":"ClassName","Category":"","Description":"","Attributes":1,"ValueType":"System.String"},"Value":"Zadatak1.ProdavacTest"},{"Key":{"Id":"TestObject.Traits","Label":"Traits","Category":"","Description":"","Attributes":5,"ValueType":"System.Collections.Generic.KeyValuePair`2[[System.String],[System.String]][]"},"Value":[]}]},"Attachments":[],"Outcome":1,"ErrorMessage":null,"ErrorStackTrace":null,"DisplayName":null,"Messages":[],"ComputerName":null,"Duration":"00:00:00.0001888","StartTime":"2021-11-28T20:50:34.9126922+01:00","EndTime":"2021-11-28T20:50:34.9131215+01:00","Properties":[{"Key":{"Id":"ExecutionId","Label":"ExecutionId","Category":"","Description":"","Attributes":1,"ValueType":"System.Guid"},"Value":"00000000-0000-0000-0000-000000000000"},{"Key":{"Id":"ParentExecId","Label":"ParentExecId","Category":"","Description":"","Attributes":1,"ValueType":"System.Guid"},"Value":"00000000-0000-0000-0000-000000000000"},{"Key":{"Id":"InnerResultsCount","Label":"InnerResultsCount","Category":"","Description":"","Attributes":1,"ValueType":"System.Int32"},"Value":0}]},{"TestCase":{"Id":"a8c61c13-c118-f60b-ef21-581a039281e6","FullyQualifiedName":"Zadatak1.ZatvoriStandoveTestovi.NemaStandova","DisplayName":"NemaStandova","ExecutorUri":"executor://MSTestAdapter/v2","Source":"C:\\Users\\Armin\\Documents\\GitHub\\Grupa-3-Verifikovani-i-Validirani-Softverasi\\Pijaca\\Zadatak1\\bin\\Debug\\net5.0\\fine-code-coverage\\build-output\\Zadatak1.dll","CodeFilePath":null,"LineNumber":-1,"Properties":[{"Key":{"Id":"TestCase.ManagedType","Label":"ManagedType","Category":"","Description":"","Attributes":1,"ValueType":"System.String"},"Value":"Zadatak1.ZatvoriStandoveTestovi"},{"Key":{"Id":"TestCase.ManagedMethod","Label":"ManagedMethod","Category":"","Description":"","Attributes":1,"ValueType":"System.String"},"Value":"NemaStandova"},{"Key":{"Id":"MSTestDiscoverer.TestClassName","Label":"ClassName","Category":"","Description":"","Attributes":1,"ValueType":"System.String"},"Value":"Zadatak1.ZatvoriStandoveTestovi"},{"Key":{"Id":"TestObject.Traits","Label":"Traits","Category":"","Description":"","Attributes":5,"ValueType":"System.Collections.Generic.KeyValuePair`2[[System.String],[System.String]][]"},"Value":[]}]},"Attachments":[],"Outcome":1,"ErrorMessage":null,"ErrorStackTrace":null,"DisplayName":null,"Messages":[],"ComputerName":null,"Duration":"00:00:00.0023578","StartTime":"2021-11-28T20:50:34.9158652+01:00","EndTime":"2021-11-28T20:50:34.9186401+01:00","Properties":[{"Key":{"Id":"ExecutionId","Label":"ExecutionId","Category":"","Description":"","Attributes":1,"ValueType":"System.Guid"},"Value":"00000000-0000-0000-0000-000000000000"},{"Key":{"Id":"ParentExecId","Label":"ParentExecId","Category":"","Description":"","Attributes":1,"ValueType":"System.Guid"},"Value":"00000000-0000-0000-0000-000000000000"},{"Key":{"Id":"InnerResultsCount","Label":"InnerResultsCount","Category":"","Description":"","Attributes":1,"ValueType":"System.Int32"},"Value":0}]},{"TestCase":{"Id":"9eac1e30-1799-5f19-b585-91562a28e9c7","FullyQualifiedName":"Zadatak1.ZatvoriStandoveTestovi.nemaProdavaca","DisplayName":"nemaProdavaca","ExecutorUri":"executor://MSTestAdapter/v2","Source":"C:\\Users\\Armin\\Documents\\GitHub\\Grupa-3-Verifikovani-i-Validirani-Softverasi\\Pijaca\\Zadatak1\\bin\\Debug\\net5.0\\fine-code-coverage\\build-output\\Zadatak1.dll","CodeFilePath":null,"LineNumber":-1,"Properties":[{"Key":{"Id":"TestCase.ManagedType","Label":"ManagedType","Category":"","Description":"","Attributes":1,"ValueType":"System.String"},"Value":"Zadatak1.ZatvoriStandoveTestovi"},{"Key":{"Id":"TestCase.ManagedMethod","Label":"ManagedMethod","Category":"","Description":"","Attributes":1,"ValueType":"System.String"},"Value":"nemaProdavaca"},{"Key":{"Id":"MSTestDiscoverer.TestClassName","Label":"ClassName","Category":"","Description":"","Attributes":1,"ValueType":"System.String"},"Value":"Zadatak1.ZatvoriStandoveTestovi"},{"Key":{"Id":"TestObject.Traits","Label":"Traits","Category":"","Description":"","Attributes":5,"ValueType":"System.Collections.Generic.KeyValuePair`2[[System.String],[System.String]][]"},"Value":[]}]},"Attachments":[],"Outcome":1,"ErrorMessage":null,"ErrorStackTrace":null,"DisplayName":null,"Messages":[],"ComputerName":null,"Duration":"00:00:00.0014549","StartTime":"2021-11-28T20:50:34.9215975+01:00","EndTime":"2021-11-28T20:50:34.9235215+01:00","Properties":[{"Key":{"Id":"ExecutionId","Label":"ExecutionId","Category":"","Description":"","Attributes":1,"ValueType":"System.Guid"},"Value":"00000000-0000-0000-0000-000000000000"},{"Key":{"Id":"ParentExecId","Label":"ParentExecId","Category":"","Description":"","Attributes":1,"ValueType":"System.Guid"},"Value":"00000000-0000-0000-0000-000000000000"},{"Key":{"Id":"InnerResultsCount","Label":"InnerResultsCount","Category":"","Description":"","Attributes":1,"ValueType":"System.Int32"},"Value":0}]},{"TestCase":{"Id":"3ea1e50e-a2bb-2f55-f6cf-8f9d6b17d3c0","FullyQualifiedName":"Zadatak1.ZatvoriStandoveTestovi.prodavacNeaktivanINemaPara","DisplayName":"prodavacNeaktivanINemaPara","ExecutorUri":"executor://MSTestAdapter/v2","Source":"C:\\Users\\Armin\\Documents\\GitHub\\Grupa-3-Verifikovani-i-Validirani-Softverasi\\Pijaca\\Zadatak1\\bin\\Debug\\net5.0\\fine-code-coverage\\build-output\\Zadatak1.dll","CodeFilePath":null,"LineNumber":-1,"Properties":[{"Key":{"Id":"TestCase.ManagedType","Label":"ManagedType","Category":"","Description":"","Attributes":1,"ValueType":"System.String"},"Value":"Zadatak1.ZatvoriStandoveTestovi"},{"Key":{"Id":"TestCase.ManagedMethod","Label":"ManagedMethod","Category":"","Description":"","Attributes":1,"ValueType":"System.String"},"Value":"prodavacNeaktivanINemaPara"},{"Key":{"Id":"MSTestDiscoverer.TestClassName","Label":"ClassName","Category":"","Description":"","Attributes":1,"ValueType":"System.String"},"Value":"Zadatak1.ZatvoriStandoveTestovi"},{"Key":{"Id":"TestObject.Traits","Label":"Traits","Category":"","Description":"","Attributes":5,"ValueType":"System.Collections.Generic.KeyValuePair`2[[System.String],[System.String]][]"},"Value":[]}]},"Attachments":[],"Outcome":1,"ErrorMessage":null,"ErrorStackTrace":null,"DisplayName":null,"Messages":[],"ComputerName":null,"Duration":"00:00:00.0005037","StartTime":"2021-11-28T20:50:34.9263182+01:00","EndTime":"2021-11-28T20:50:34.9271188+01:00","Properties":[{"Key":{"Id":"ExecutionId","Label":"ExecutionId","Category":"","Description":"","Attributes":1,"ValueType":"System.Guid"},"Value":"00000000-0000-0000-0000-000000000000"},{"Key":{"Id":"ParentExecId","Label":"ParentExecId","Category":"","Description":"","Attributes":1,"ValueType":"System.Guid"},"Value":"00000000-0000-0000-0000-000000000000"},{"Key":{"Id":"InnerResultsCount","Label":"InnerResultsCount","Category":"","Description":"","Attributes":1,"ValueType":"System.Int32"},"Value":0}]},{"TestCase":{"Id":"6b9b088f-93b2-6e53-34ec-9d7ea7e9e9d8","FullyQualifiedName":"Zadatak1.ZatvoriStandoveTestovi.prodavacNeaktivanAliImaPara","DisplayName":"prodavacNeaktivanAliImaPara","ExecutorUri":"executor://MSTestAdapter/v2","Source":"C:\\Users\\Armin\\Documents\\GitHub\\Grupa-3-Verifikovani-i-Validirani-Softverasi\\Pijaca\\Zadatak1\\bin\\Debug\\net5.0\\fine-code-coverage\\build-output\\Zadatak1.dll","CodeFilePath":null,"LineNumber":-1,"Properties":[{"Key":{"Id":"TestCase.ManagedType","Label":"ManagedType","Category":"","Description":"","Attributes":1,"ValueType":"System.String"},"Value":"Zadatak1.ZatvoriStandoveTestovi"},{"Key":{"Id":"TestCase.ManagedMethod","Label":"ManagedMethod","Category":"","Description":"","Attributes":1,"ValueType":"System.String"},"Value":"prodavacNeaktivanAliImaPara"},{"Key":{"Id":"MSTestDiscoverer.TestClassName","Label":"ClassName","Category":"","Description":"","Attributes":1,"ValueType":"System.String"},"Value":"Zadatak1.ZatvoriStandoveTestovi"},{"Key":{"Id":"TestObject.Traits","Label":"Traits","Category":"","Description":"","Attributes":5,"ValueType":"System.Collections.Generic.KeyValuePair`2[[System.String],[System.String]][]"},"Value":[]}]},"Attachments":[],"Outcome":1,"ErrorMessage":null,"ErrorStackTrace":null,"DisplayName":null,"Messages":[],"ComputerName":null,"Duration":"00:00:00.0003013","StartTime":"2021-11-28T20:50:34.9291962+01:00","EndTime":"2021-11-28T20:50:34.9297045+01:00","Properties":[{"Key":{"Id":"ExecutionId","Label":"ExecutionId","Category":"","Description":"","Attributes":1,"ValueType":"System.Guid"},"Value":"00000000-0000-0000-0000-000000000000"},{"Key":{"Id":"ParentExecId","Label":"ParentExecId","Category":"","Description":"","Attributes":1,"ValueType":"System.Guid"},"Value":"00000000-0000-0000-0000-000000000000"},{"Key":{"Id":"InnerResultsCount","Label":"InnerResultsCount","Category":"","Description":"","Attributes":1,"ValueType":"System.Int32"},"Value":0}]}],"TestRunStatistics":{"ExecutedTests":9,"Stats":{"Passed":9}},"ActiveTests":[{"Id":"1a227832-5551-7933-99cc-71f9a09dd9a3","FullyQualifiedName":"Zadatak1.ZatvoriStandoveTestovi.prodavacImaParaAliIstekaoZakup","DisplayName":"prodavacImaParaAliIstekaoZakup","ExecutorUri":"executor://MSTestAdapter/v2","Source":"C:\\Users\\Armin\\Documents\\GitHub\\Grupa-3-Verifikovani-i-Validirani-Softverasi\\Pijaca\\Zadatak1\\bin\\Debug\\net5.0\\fine-code-coverage\\build-output\\Zadatak1.dll","CodeFilePath":null,"LineNumber":-1,"Properties":[{"Key":{"Id":"TestCase.ManagedType","Label":"ManagedType","Category":"","Description":"","Attributes":1,"ValueType":"System.String"},"Value":"Zadatak1.ZatvoriStandoveTestovi"},{"Key":{"Id":"TestCase.ManagedMethod","Label":"ManagedMethod","Category":"","Description":"","Attributes":1,"ValueType":"System.String"},"Value":"prodavacImaParaAliIstekaoZakup"},{"Key":{"Id":"MSTestDiscoverer.TestClassName","Label":"ClassName","Category":"","Description":"","Attributes":1,"ValueType":"System.String"},"Value":"Zadatak1.ZatvoriStandoveTestovi"},{"Key":{"Id":"TestObject.Traits","Label":"Traits","Category":"","Description":"","Attributes":5,"ValueType":"System.Collections.Generic.KeyValuePair`2[[System.String],[System.String]][]"},"Value":[]}]}]}}
TpTrace Verbose: 0 : 20604, 4, 2021/11/28, 20:50:34.957, 6235688133235, testhost.dll, TestRunCache: OnNewTestResult: Notified the onCacheHit callback.
TpTrace Information: 0 : 20604, 4, 2021/11/28, 20:50:34.959, 6235688144850, testhost.dll, MSTest - Executing test prodavacImaParaAliIstekaoZakup
TpTrace Information: 0 : 20604, 4, 2021/11/28, 20:50:34.959, 6235688149904, testhost.dll, MSTest - Executed test prodavacImaParaAliIstekaoZakup
TpTrace Verbose: 0 : 20604, 4, 2021/11/28, 20:50:34.959, 6235688150540, testhost.dll, TestExecutionRecorder.RecordEnd: test: Zadatak1.ZatvoriStandoveTestovi.prodavacImaParaAliIstekaoZakup execution completed.
TpTrace Warning: 0 : 20604, 4, 2021/11/28, 20:50:34.959, 6235688150899, testhost.dll, TestRunCache: InProgressTests is null
TpTrace Verbose: 0 : 20604, 4, 2021/11/28, 20:50:34.960, 6235688161568, testhost.dll, TestExecutionRecorder.RecordResult: Received result for test: Zadatak1.ZatvoriStandoveTestovi.prodavacImaParaAliIstekaoZakup.
TpTrace Warning: 0 : 20604, 4, 2021/11/28, 20:50:34.960, 6235688162241, testhost.dll, TestRunCache: InProgressTests is null
TpTrace Warning: 0 : 20604, 4, 2021/11/28, 20:50:34.960, 6235688162575, testhost.dll, TestRunCache: No test found corresponding to testResult '' in inProgress list.
TpTrace Verbose: 0 : 20604, 4, 2021/11/28, 20:50:34.960, 6235688163117, testhost.dll, TestExecutionRecorder.RecordStart: Starting test: Zadatak1.ProizvodTest.test1GenerisanjaSifreDomaci.
TpTrace Information: 0 : 20604, 4, 2021/11/28, 20:50:34.961, 6235688172346, testhost.dll, MSTest - Executing test test1GenerisanjaSifreDomaci
TpTrace Information: 0 : 20604, 4, 2021/11/28, 20:50:34.963, 6235688192995, testhost.dll, AssemblyResolver.OnResolve: Microsoft.VisualStudio.TestPlatform.TestFramework.resources: Resolving assembly.
TpTrace Information: 0 : 20604, 4, 2021/11/28, 20:50:34.964, 6235688197994, testhost.dll, AssemblyResolver.OnResolve: Microsoft.VisualStudio.TestPlatform.TestFramework.resources: Failed to load assembly.
TpTrace Information: 0 : 20604, 4, 2021/11/28, 20:50:34.987, 6235688434314, testhost.dll, MSTest - Executed test test1GenerisanjaSifreDomaci
TpTrace Verbose: 0 : 20604, 4, 2021/11/28, 20:50:34.988, 6235688436107, testhost.dll, TestExecutionRecorder.RecordEnd: test: Zadatak1.ProizvodTest.test1GenerisanjaSifreDomaci execution completed.
TpTrace Information: 0 : 20604, 4, 2021/11/28, 20:50:34.989, 6235688450865, testhost.dll, MSTest - MSTestExecutor:Test Zadatak1.ProizvodTest.test1GenerisanjaSifreDomaci failed. ErrorMessage:Assert.AreEqual failed. Expected:<4>. Actual:<9>. , ErrorStackTrace:   at Zadatak1.ProizvodTest.test1GenerisanjaSifreDomaci() in C:\Users\Armin\Documents\GitHub\Grupa-3-Verifikovani-i-Validirani-Softverasi\Pijaca\Zadatak1\UnitTest3.cs:line 32
.
TpTrace Verbose: 0 : 20604, 4, 2021/11/28, 20:50:34.989, 6235688452365, testhost.dll, TestExecutionRecorder.RecordResult: Received result for test: Zadatak1.ProizvodTest.test1GenerisanjaSifreDomaci.
TpTrace Warning: 0 : 20604, 4, 2021/11/28, 20:50:34.989, 6235688452939, testhost.dll, TestRunCache: InProgressTests is null
TpTrace Warning: 0 : 20604, 4, 2021/11/28, 20:50:34.989, 6235688453254, testhost.dll, TestRunCache: No test found corresponding to testResult '' in inProgress list.
TpTrace Verbose: 0 : 20604, 4, 2021/11/28, 20:50:34.990, 6235688454986, testhost.dll, TestExecutionRecorder.RecordStart: Starting test: Zadatak1.ProizvodTest.test2GenerisanjaSifreStrani.
TpTrace Information: 0 : 20604, 4, 2021/11/28, 20:50:34.991, 6235688465907, testhost.dll, MSTest - Executing test test2GenerisanjaSifreStrani
TpTrace Information: 0 : 20604, 4, 2021/11/28, 20:50:34.992, 6235688476069, testhost.dll, MSTest - Executed test test2GenerisanjaSifreStrani
TpTrace Verbose: 0 : 20604, 4, 2021/11/28, 20:50:34.992, 6235688477085, testhost.dll, TestExecutionRecorder.RecordEnd: test: Zadatak1.ProizvodTest.test2GenerisanjaSifreStrani execution completed.
TpTrace Information: 0 : 20604, 4, 2021/11/28, 20:50:34.993, 6235688488537, testhost.dll, MSTest - MSTestExecutor:Test Zadatak1.ProizvodTest.test2GenerisanjaSifreStrani failed. ErrorMessage:Assert.AreEqual failed. Expected:<0>. Actual:<5>. , ErrorStackTrace:   at Zadatak1.ProizvodTest.test2GenerisanjaSifreStrani() in C:\Users\Armin\Documents\GitHub\Grupa-3-Verifikovani-i-Validirani-Softverasi\Pijaca\Zadatak1\UnitTest3.cs:line 50
.
TpTrace Verbose: 0 : 20604, 4, 2021/11/28, 20:50:34.993, 6235688489138, testhost.dll, TestExecutionRecorder.RecordResult: Received result for test: Zadatak1.ProizvodTest.test2GenerisanjaSifreStrani.
TpTrace Warning: 0 : 20604, 4, 2021/11/28, 20:50:34.993, 6235688489612, testhost.dll, TestRunCache: InProgressTests is null
TpTrace Warning: 0 : 20604, 4, 2021/11/28, 20:50:34.993, 6235688489896, testhost.dll, TestRunCache: No test found corresponding to testResult '' in inProgress list.
TpTrace Verbose: 0 : 20604, 4, 2021/11/28, 20:50:34.993, 6235688490499, testhost.dll, TestExecutionRecorder.RecordStart: Starting test: Zadatak1.ProizvodTest.test3BrojacSePovecava.
TpTrace Information: 0 : 20604, 4, 2021/11/28, 20:50:34.994, 6235688501988, testhost.dll, MSTest - Executing test test3BrojacSePovecava
TpTrace Information: 0 : 20604, 4, 2021/11/28, 20:50:34.995, 6235688506417, testhost.dll, MSTest - Executed test test3BrojacSePovecava
TpTrace Verbose: 0 : 20604, 4, 2021/11/28, 20:50:34.995, 6235688507401, testhost.dll, TestExecutionRecorder.RecordEnd: test: Zadatak1.ProizvodTest.test3BrojacSePovecava execution completed.
TpTrace Verbose: 0 : 20604, 4, 2021/11/28, 20:50:34.997, 6235688526379, testhost.dll, TestExecutionRecorder.RecordResult: Received result for test: Zadatak1.ProizvodTest.test3BrojacSePovecava.
TpTrace Warning: 0 : 20604, 4, 2021/11/28, 20:50:34.997, 6235688527843, testhost.dll, TestRunCache: InProgressTests is null
TpTrace Warning: 0 : 20604, 4, 2021/11/28, 20:50:34.997, 6235688528236, testhost.dll, TestRunCache: No test found corresponding to testResult '' in inProgress list.
TpTrace Verbose: 0 : 20604, 4, 2021/11/28, 20:50:34.997, 6235688529119, testhost.dll, TestExecutionRecorder.RecordStart: Starting test: Zadatak1.ProizvodTest.test4VracaSeKaoRezultatFunkcije.
TpTrace Information: 0 : 20604, 4, 2021/11/28, 20:50:34.998, 6235688542045, testhost.dll, MSTest - Executing test test4VracaSeKaoRezultatFunkcije
TpTrace Information: 0 : 20604, 4, 2021/11/28, 20:50:34.999, 6235688546332, testhost.dll, MSTest - Executed test test4VracaSeKaoRezultatFunkcije
TpTrace Verbose: 0 : 20604, 4, 2021/11/28, 20:50:34.999, 6235688547327, testhost.dll, TestExecutionRecorder.RecordEnd: test: Zadatak1.ProizvodTest.test4VracaSeKaoRezultatFunkcije execution completed.
TpTrace Verbose: 0 : 20604, 4, 2021/11/28, 20:50:35.000, 6235688558444, testhost.dll, TestExecutionRecorder.RecordResult: Received result for test: Zadatak1.ProizvodTest.test4VracaSeKaoRezultatFunkcije.
TpTrace Warning: 0 : 20604, 4, 2021/11/28, 20:50:35.000, 6235688559579, testhost.dll, TestRunCache: InProgressTests is null
TpTrace Warning: 0 : 20604, 4, 2021/11/28, 20:50:35.000, 6235688560348, testhost.dll, TestRunCache: No test found corresponding to testResult '' in inProgress list.
TpTrace Verbose: 0 : 20604, 4, 2021/11/28, 20:50:35.000, 6235688560964, testhost.dll, TestExecutionRecorder.RecordStart: Starting test: Zadatak1.ProizvodTest.test5SvegaPomalo.
TpTrace Information: 0 : 20604, 4, 2021/11/28, 20:50:35.001, 6235688572155, testhost.dll, MSTest - Executing test test5SvegaPomalo
TpTrace Information: 0 : 20604, 4, 2021/11/28, 20:50:35.002, 6235688582977, testhost.dll, MSTest - Executed test test5SvegaPomalo
TpTrace Verbose: 0 : 20604, 4, 2021/11/28, 20:50:35.002, 6235688584418, testhost.dll, TestExecutionRecorder.RecordEnd: test: Zadatak1.ProizvodTest.test5SvegaPomalo execution completed.
TpTrace Verbose: 0 : 20604, 4, 2021/11/28, 20:50:35.004, 6235688599698, testhost.dll, TestExecutionRecorder.RecordResult: Received result for test: Zadatak1.ProizvodTest.test5SvegaPomalo.
TpTrace Warning: 0 : 20604, 4, 2021/11/28, 20:50:35.004, 6235688601444, testhost.dll, TestRunCache: InProgressTests is null
TpTrace Warning: 0 : 20604, 4, 2021/11/28, 20:50:35.004, 6235688602553, testhost.dll, TestRunCache: No test found corresponding to testResult '' in inProgress list.
TpTrace Information: 0 : 20604, 4, 2021/11/28, 20:50:35.004, 6235688604499, testhost.dll, MSTest - Executing cleanup methods.
TpTrace Information: 0 : 20604, 4, 2021/11/28, 20:50:35.006, 6235688616978, testhost.dll, MSTest - Executed cleanup methods.
TpTrace Information: 0 : 20604, 4, 2021/11/28, 20:50:35.006, 6235688618206, testhost.dll, MSTest - Executed tests belonging to source C:\Users\Armin\Documents\GitHub\Grupa-3-Verifikovani-i-Validirani-Softverasi\Pijaca\Zadatak1\bin\Debug\net5.0\fine-code-coverage\build-output\Zadatak1.dll
TpTrace Verbose: 0 : 20604, 4, 2021/11/28, 20:50:35.006, 6235688622682, testhost.dll, BaseRunTests.RunTestInternalWithExecutors: Completed running tests for executor://MSTestAdapter/v2
TpTrace Information: 0 : 20604, 4, 2021/11/28, 20:50:35.008, 6235688642252, testhost.dll, Sending test run complete
TpTrace Verbose: 0 : 20604, 4, 2021/11/28, 20:50:35.021, 6235688765901, testhost.dll, TestRequestHandler.SendData:  sending data from testhost: {"Version":5,"MessageType":"TestExecution.Completed","Payload":{"TestRunCompleteArgs":{"TestRunStatistics":{"ExecutedTests":15,"Stats":{"Passed":13,"Failed":2}},"IsCanceled":false,"IsAborted":false,"Error":null,"AttachmentSets":[],"ElapsedTimeInRunningTests":"00:00:00.3677961","Metrics":{}},"LastRunTests":{"NewTestResults":[{"TestCase":{"Id":"1a227832-5551-7933-99cc-71f9a09dd9a3","FullyQualifiedName":"Zadatak1.ZatvoriStandoveTestovi.prodavacImaParaAliIstekaoZakup","DisplayName":"prodavacImaParaAliIstekaoZakup","ExecutorUri":"executor://MSTestAdapter/v2","Source":"C:\\Users\\Armin\\Documents\\GitHub\\Grupa-3-Verifikovani-i-Validirani-Softverasi\\Pijaca\\Zadatak1\\bin\\Debug\\net5.0\\fine-code-coverage\\build-output\\Zadatak1.dll","CodeFilePath":null,"LineNumber":-1,"Properties":[{"Key":{"Id":"TestCase.ManagedType","Label":"ManagedType","Category":"","Description":"","Attributes":1,"ValueType":"System.String"},"Value":"Zadatak1.ZatvoriStandoveTestovi"},{"Key":{"Id":"TestCase.ManagedMethod","Label":"ManagedMethod","Category":"","Description":"","Attributes":1,"ValueType":"System.String"},"Value":"prodavacImaParaAliIstekaoZakup"},{"Key":{"Id":"MSTestDiscoverer.TestClassName","Label":"ClassName","Category":"","Description":"","Attributes":1,"ValueType":"System.String"},"Value":"Zadatak1.ZatvoriStandoveTestovi"},{"Key":{"Id":"TestObject.Traits","Label":"Traits","Category":"","Description":"","Attributes":5,"ValueType":"System.Collections.Generic.KeyValuePair`2[[System.String],[System.String]][]"},"Value":[]}]},"Attachments":[],"Outcome":1,"ErrorMessage":null,"ErrorStackTrace":null,"DisplayName":null,"Messages":[],"ComputerName":null,"Duration":"00:00:00.0003075","StartTime":"2021-11-28T20:50:34.9589899+01:00","EndTime":"2021-11-28T20:50:34.9595622+01:00","Properties":[{"Key":{"Id":"ExecutionId","Label":"ExecutionId","Category":"","Description":"","Attributes":1,"ValueType":"System.Guid"},"Value":"00000000-0000-0000-0000-000000000000"},{"Key":{"Id":"ParentExecId","Label":"ParentExecId","Category":"","Description":"","Attributes":1,"ValueType":"System.Guid"},"Value":"00000000-0000-0000-0000-000000000000"},{"Key":{"Id":"InnerResultsCount","Label":"InnerResultsCount","Category":"","Description":"","Attributes":1,"ValueType":"System.Int32"},"Value":0}]},{"TestCase":{"Id":"1280f3a4-bb0f-9726-766e-96cbe60f2d62","FullyQualifiedName":"Zadatak1.ProizvodTest.test1GenerisanjaSifreDomaci","DisplayName":"test1GenerisanjaSifreDomaci","ExecutorUri":"executor://MSTestAdapter/v2","Source":"C:\\Users\\Armin\\Documents\\GitHub\\Grupa-3-Verifikovani-i-Validirani-Softverasi\\Pijaca\\Zadatak1\\bin\\Debug\\net5.0\\fine-code-coverage\\build-output\\Zadatak1.dll","CodeFilePath":null,"LineNumber":-1,"Properties":[{"Key":{"Id":"TestCase.ManagedType","Label":"ManagedType","Category":"","Description":"","Attributes":1,"ValueType":"System.String"},"Value":"Zadatak1.ProizvodTest"},{"Key":{"Id":"TestCase.ManagedMethod","Label":"ManagedMethod","Category":"","Description":"","Attributes":1,"ValueType":"System.String"},"Value":"test1GenerisanjaSifreDomaci"},{"Key":{"Id":"MSTestDiscoverer.TestClassName","Label":"ClassName","Category":"","Description":"","Attributes":1,"ValueType":"System.String"},"Value":"Zadatak1.ProizvodTest"},{"Key":{"Id":"TestObject.Traits","Label":"Traits","Category":"","Description":"","Attributes":5,"ValueType":"System.Collections.Generic.KeyValuePair`2[[System.String],[System.String]][]"},"Value":[]}]},"Attachments":[],"Outcome":2,"ErrorMessage":"Assert.AreEqual failed. Expected:<4>. Actual:<9>. ","ErrorStackTrace":"   at Zadatak1.ProizvodTest.test1GenerisanjaSifreDomaci() in C:\\Users\\Armin\\Documents\\GitHub\\Grupa-3-Verifikovani-i-Validirani-Softverasi\\Pijaca\\Zadatak1\\UnitTest3.cs:line 32\r\n","DisplayName":null,"Messages":[],"ComputerName":null,"Duration":"00:00:00.0255166","StartTime":"2021-11-28T20:50:34.9617415+01:00","EndTime":"2021-11-28T20:50:34.9881071+01:00","Properties":[{"Key":{"Id":"ExecutionId","Label":"ExecutionId","Category":"","Description":"","Attributes":1,"ValueType":"System.Guid"},"Value":"00000000-0000-0000-0000-000000000000"},{"Key":{"Id":"ParentExecId","Label":"ParentExecId","Category":"","Description":"","Attributes":1,"ValueType":"System.Guid"},"Value":"00000000-0000-0000-0000-000000000000"},{"Key":{"Id":"InnerResultsCount","Label":"InnerResultsCount","Category":"","Description":"","Attributes":1,"ValueType":"System.Int32"},"Value":0}]},{"TestCase":{"Id":"0cde5448-cb6e-15bc-09e1-4093ccd399c5","FullyQualifiedName":"Zadatak1.ProizvodTest.test2GenerisanjaSifreStrani","DisplayName":"test2GenerisanjaSifreStrani","ExecutorUri":"executor://MSTestAdapter/v2","Source":"C:\\Users\\Armin\\Documents\\GitHub\\Grupa-3-Verifikovani-i-Validirani-Softverasi\\Pijaca\\Zadatak1\\bin\\Debug\\net5.0\\fine-code-coverage\\build-output\\Zadatak1.dll","CodeFilePath":null,"LineNumber":-1,"Properties":[{"Key":{"Id":"TestCase.ManagedType","Label":"ManagedType","Category":"","Description":"","Attributes":1,"ValueType":"System.String"},"Value":"Zadatak1.ProizvodTest"},{"Key":{"Id":"TestCase.ManagedMethod","Label":"ManagedMethod","Category":"","Description":"","Attributes":1,"ValueType":"System.String"},"Value":"test2GenerisanjaSifreStrani"},{"Key":{"Id":"MSTestDiscoverer.TestClassName","Label":"ClassName","Category":"","Description":"","Attributes":1,"ValueType":"System.String"},"Value":"Zadatak1.ProizvodTest"},{"Key":{"Id":"TestObject.Traits","Label":"Traits","Category":"","Description":"","Attributes":5,"ValueType":"System.Collections.Generic.KeyValuePair`2[[System.String],[System.String]][]"},"Value":[]}]},"Attachments":[],"Outcome":2,"ErrorMessage":"Assert.AreEqual failed. Expected:<0>. Actual:<5>. ","ErrorStackTrace":"   at Zadatak1.ProizvodTest.test2GenerisanjaSifreStrani() in C:\\Users\\Armin\\Documents\\GitHub\\Grupa-3-Verifikovani-i-Validirani-Softverasi\\Pijaca\\Zadatak1\\UnitTest3.cs:line 50\r\n","DisplayName":null,"Messages":[],"ComputerName":null,"Duration":"00:00:00.0007909","StartTime":"2021-11-28T20:50:34.991098+01:00","EndTime":"2021-11-28T20:50:34.9922109+01:00","Properties":[{"Key":{"Id":"ExecutionId","Label":"ExecutionId","Category":"","Description":"","Attributes":1,"ValueType":"System.Guid"},"Value":"00000000-0000-0000-0000-000000000000"},{"Key":{"Id":"ParentExecId","Label":"ParentExecId","Category":"","Description":"","Attributes":1,"ValueType":"System.Guid"},"Value":"00000000-0000-0000-0000-000000000000"},{"Key":{"Id":"InnerResultsCount","Label":"InnerResultsCount","Category":"","Description":"","Attributes":1,"ValueType":"System.Int32"},"Value":0}]},{"TestCase":{"Id":"9b670348-e4fe-2a6e-9fb8-11b3b2e7e42b","FullyQualifiedName":"Zadatak1.ProizvodTest.test3BrojacSePovecava","DisplayName":"test3BrojacSePovecava","ExecutorUri":"executor://MSTestAdapter/v2","Source":"C:\\Users\\Armin\\Documents\\GitHub\\Grupa-3-Verifikovani-i-Validirani-Softverasi\\Pijaca\\Zadatak1\\bin\\Debug\\net5.0\\fine-code-coverage\\build-output\\Zadatak1.dll","CodeFilePath":null,"LineNumber":-1,"Properties":[{"Key":{"Id":"TestCase.ManagedType","Label":"ManagedType","Category":"","Description":"","Attributes":1,"ValueType":"System.String"},"Value":"Zadatak1.ProizvodTest"},{"Key":{"Id":"TestCase.ManagedMethod","Label":"ManagedMethod","Category":"","Description":"","Attributes":1,"ValueType":"System.String"},"Value":"test3BrojacSePovecava"},{"Key":{"Id":"MSTestDiscoverer.TestClassName","Label":"ClassName","Category":"","Description":"","Attributes":1,"ValueType":"System.String"},"Value":"Zadatak1.ProizvodTest"},{"Key":{"Id":"TestObject.Traits","Label":"Traits","Category":"","Description":"","Attributes":5,"ValueType":"System.Collections.Generic.KeyValuePair`2[[System.String],[System.String]][]"},"Value":[]}]},"Attachments":[],"Outcome":1,"ErrorMessage":null,"ErrorStackTrace":null,"DisplayName":null,"Messages":[],"ComputerName":null,"Duration":"00:00:00.0001403","StartTime":"2021-11-28T20:50:34.9947039+01:00","EndTime":"2021-11-28T20:50:34.995247+01:00","Properties":[{"Key":{"Id":"ExecutionId","Label":"ExecutionId","Category":"","Description":"","Attributes":1,"ValueType":"System.Guid"},"Value":"00000000-0000-0000-0000-000000000000"},{"Key":{"Id":"ParentExecId","Label":"ParentExecId","Category":"","Description":"","Attributes":1,"ValueType":"System.Guid"},"Value":"00000000-0000-0000-0000-000000000000"},{"Key":{"Id":"InnerResultsCount","Label":"InnerResultsCount","Category":"","Description":"","Attributes":1,"ValueType":"System.Int32"},"Value":0}]},{"TestCase":{"Id":"63460974-5d69-b1b2-36ce-36208f766997","FullyQualifiedName":"Zadatak1.ProizvodTest.test4VracaSeKaoRezultatFunkcije","DisplayName":"test4VracaSeKaoRezultatFunkcije","ExecutorUri":"executor://MSTestAdapter/v2","Source":"C:\\Users\\Armin\\Documents\\GitHub\\Grupa-3-Verifikovani-i-Validirani-Softverasi\\Pijaca\\Zadatak1\\bin\\Debug\\net5.0\\fine-code-coverage\\build-output\\Zadatak1.dll","CodeFilePath":null,"LineNumber":-1,"Properties":[{"Key":{"Id":"TestCase.ManagedType","Label":"ManagedType","Category":"","Description":"","Attributes":1,"ValueType":"System.String"},"Value":"Zadatak1.ProizvodTest"},{"Key":{"Id":"TestCase.ManagedMethod","Label":"ManagedMethod","Category":"","Description":"","Attributes":1,"ValueType":"System.String"},"Value":"test4VracaSeKaoRezultatFunkcije"},{"Key":{"Id":"MSTestDiscoverer.TestClassName","Label":"ClassName","Category":"","Description":"","Attributes":1,"ValueType":"System.String"},"Value":"Zadatak1.ProizvodTest"},{"Key":{"Id":"TestObject.Traits","Label":"Traits","Category":"","Description":"","Attributes":5,"ValueType":"System.Collections.Generic.KeyValuePair`2[[System.String],[System.String]][]"},"Value":[]}]},"Attachments":[],"Outcome":1,"ErrorMessage":null,"ErrorStackTrace":null,"DisplayName":null,"Messages":[],"ComputerName":null,"Duration":"00:00:00.0001162","StartTime":"2021-11-28T20:50:34.9987084+01:00","EndTime":"2021-11-28T20:50:34.9992403+01:00","Properties":[{"Key":{"Id":"ExecutionId","Label":"ExecutionId","Category":"","Description":"","Attributes":1,"ValueType":"System.Guid"},"Value":"00000000-0000-0000-0000-000000000000"},{"Key":{"Id":"ParentExecId","Label":"ParentExecId","Category":"","Description":"","Attributes":1,"ValueType":"System.Guid"},"Value":"00000000-0000-0000-0000-000000000000"},{"Key":{"Id":"InnerResultsCount","Label":"InnerResultsCount","Category":"","Description":"","Attributes":1,"ValueType":"System.Int32"},"Value":0}]},{"TestCase":{"Id":"bcbb4829-e07c-1fef-1f19-120a3cf80376","FullyQualifiedName":"Zadatak1.ProizvodTest.test5SvegaPomalo","DisplayName":"test5SvegaPomalo","ExecutorUri":"executor://MSTestAdapter/v2","Source":"C:\\Users\\Armin\\Documents\\GitHub\\Grupa-3-Verifikovani-i-Validirani-Softverasi\\Pijaca\\Zadatak1\\bin\\Debug\\net5.0\\fine-code-coverage\\build-output\\Zadatak1.dll","CodeFilePath":null,"LineNumber":-1,"Properties":[{"Key":{"Id":"TestCase.ManagedType","Label":"ManagedType","Category":"","Description":"","Attributes":1,"ValueType":"System.String"},"Value":"Zadatak1.ProizvodTest"},{"Key":{"Id":"TestCase.ManagedMethod","Label":"ManagedMethod","Category":"","Description":"","Attributes":1,"ValueType":"System.String"},"Value":"test5SvegaPomalo"},{"Key":{"Id":"MSTestDiscoverer.TestClassName","Label":"ClassName","Category":"","Description":"","Attributes":1,"ValueType":"System.String"},"Value":"Zadatak1.ProizvodTest"},{"Key":{"Id":"TestObject.Traits","Label":"Traits","Category":"","Description":"","Attributes":5,"ValueType":"System.Collections.Generic.KeyValuePair`2[[System.String],[System.String]][]"},"Value":[]}]},"Attachments":[],"Outcome":1,"ErrorMessage":null,"ErrorStackTrace":null,"DisplayName":null,"Messages":[],"ComputerName":null,"Duration":"00:00:00.0008377","StartTime":"2021-11-28T20:50:35.0017196+01:00","EndTime":"2021-11-28T20:50:35.0029442+01:00","Properties":[{"Key":{"Id":"ExecutionId","Label":"ExecutionId","Category":"","Description":"","Attributes":1,"ValueType":"System.Guid"},"Value":"00000000-0000-0000-0000-000000000000"},{"Key":{"Id":"ParentExecId","Label":"ParentExecId","Category":"","Description":"","Attributes":1,"ValueType":"System.Guid"},"Value":"00000000-0000-0000-0000-000000000000"},{"Key":{"Id":"InnerResultsCount","Label":"InnerResultsCount","Category":"","Description":"","Attributes":1,"ValueType":"System.Int32"},"Value":0}]}],"TestRunStatistics":{"ExecutedTests":15,"Stats":{"Passed":13,"Failed":2}},"ActiveTests":[]},"RunAttachments":[],"ExecutorUris":["executor://mstestadapter/v2"]}}
TpTrace Verbose: 0 : 20604, 4, 2021/11/28, 20:50:35.021, 6235688773077, testhost.dll, BaseRunTests.RunTests: Run is complete.
TpTrace Verbose: 0 : 20604, 8, 2021/11/28, 20:50:35.023, 6235688786446, testhost.dll, TcpClientExtensions.MessageLoopAsync: NotifyDataAvailable remoteEndPoint: [::ffff:127.0.0.1]:63461 localEndPoint: [::ffff:127.0.0.1]:63462
TpTrace Information: 0 : 20604, 8, 2021/11/28, 20:50:35.023, 6235688788130, testhost.dll, TestRequestHandler.ProcessRequests: received message: (TestSession.Terminate) -> null
TpTrace Information: 0 : 20604, 8, 2021/11/28, 20:50:35.023, 6235688788478, testhost.dll, Session End message received from server. Closing the connection.
TpTrace Information: 0 : 20604, 8, 2021/11/28, 20:50:35.023, 6235688791824, testhost.dll, SocketClient.Stop: Stop communication from server endpoint: 127.0.0.1:063461
TpTrace Information: 0 : 20604, 8, 2021/11/28, 20:50:35.023, 6235688792394, testhost.dll, SocketClient: Stop: Cancellation requested. Stopping message loop.
TpTrace Verbose: 0 : 20604, 8, 2021/11/28, 20:50:35.023, 6235688793635, testhost.dll, LengthPrefixCommunicationChannel.Dispose: Dispose reader and writer.
TpTrace Information: 0 : 20604, 8, 2021/11/28, 20:50:35.023, 6235688794109, testhost.dll, Closing the connection !
TpTrace Information: 0 : 20604, 8, 2021/11/28, 20:50:35.024, 6235688795812, testhost.dll, SocketClient.PrivateStop: Stop communication from server endpoint: 127.0.0.1:063461, error:
TpTrace Verbose: 0 : 20604, 8, 2021/11/28, 20:50:35.024, 6235688798339, testhost.dll, LengthPrefixCommunicationChannel.Dispose: Dispose reader and writer.
TpTrace Verbose: 0 : 20604, 8, 2021/11/28, 20:50:35.024, 6235688799852, testhost.dll, TcpClientExtensions.MessageLoopAsync: exiting MessageLoopAsync remoteEndPoint: [::ffff:127.0.0.1]:63461 localEndPoint: [::ffff:127.0.0.1]:63462
TpTrace Information: 0 : 20604, 1, 2021/11/28, 20:50:35.024, 6235688798350, testhost.dll, Closing the connection !
TpTrace Information: 0 : 20604, 1, 2021/11/28, 20:50:35.024, 6235688801789, testhost.dll, SocketClient.Stop: Stop communication from server endpoint: 127.0.0.1:063461
TpTrace Verbose: 0 : 20604, 1, 2021/11/28, 20:50:35.024, 6235688802122, testhost.dll, LengthPrefixCommunicationChannel.Dispose: Dispose reader and writer.
TpTrace Information: 0 : 20604, 1, 2021/11/28, 20:50:35.024, 6235688803165, testhost.dll, Testhost process exiting.
