TpTrace Verbose: 0 : 14696, 1, 2021/11/18, 17:48:18.553, 902649655183, datacollector.dll, Version: 16.11.0
TpTrace Information: 0 : 14696, 1, 2021/11/18, 17:48:18.560, 902649692870, datacollector.dll, DataCollectorMain.Run: Starting data collector run with args: --port,62223,--parentprocessid,4816,--diag,C:\Users\Armin\Documents\GitHub\Grupa-3-Verifikovani-i-Validirani-Softverasi\Pijaca\Zadatak1\bin\Debug\net5.0\fine-code-coverage\coverage-tool-output\diagnostics.datacollector.21-11-18_17-48-18_36242_4.log,--tracelevel,4
TpTrace Information: 0 : 14696, 1, 2021/11/18, 17:48:18.561, 902649696409, datacollector.dll, DataCollector: Monitoring parent process with id: '4816'
TpTrace Information: 0 : 14696, 1, 2021/11/18, 17:48:18.572, 902649812205, datacollector.dll, Trying to connect to server on socket : 127.0.0.1:62223 
TpTrace Verbose: 0 : 14696, 1, 2021/11/18, 17:48:18.604, 902650133070, datacollector.dll, SocketCommunicationManager : SetupClientAsync : Attempting to connect to the server.
TpTrace Information: 0 : 14696, 5, 2021/11/18, 17:48:18.616, 902650252885, datacollector.dll, Connected to the server successfully 
TpTrace Information: 0 : 14696, 5, 2021/11/18, 17:48:18.616, 902650254589, datacollector.dll, Using the buffer size of 16384 bytes
TpTrace Information: 0 : 14696, 1, 2021/11/18, 17:48:18.707, 902651165257, datacollector.dll, DataCollector: Start Request Processing.
TpTrace Information: 0 : 14696, 1, 2021/11/18, 17:48:18.711, 902651198714, datacollector.dll, DataCollectionRequestHandler.ProcessRequests : Datacollector received message: (DataCollection.BeforeTestRunStart) -> {
  "SettingsXml": "<RunSettings><RunConfiguration><ResultsDirectory>C:\\Users\\Armin\\Documents\\GitHub\\Grupa-3-Verifikovani-i-Validirani-Softverasi\\Pijaca\\Zadatak1\\bin\\Debug\\net5.0\\fine-code-coverage\\coverage-tool-output</ResultsDirectory><TargetPlatform>X64</TargetPlatform><TargetFrameworkVersion>.NETCoreApp,Version=v5.0</TargetFrameworkVersion><DesignMode>False</DesignMode><CollectSourceInformation>False</CollectSourceInformation><TestAdaptersPaths>C:\\Program Files\\dotnet\\sdk\\5.0.402\\Extensions</TestAdaptersPaths></RunConfiguration><LoggerRunSettings><Loggers><Logger friendlyName=\"blame\" enabled=\"True\" /><Logger friendlyName=\"Console\" uri=\"logger://microsoft/TestPlatform/ConsoleLogger/v1\" assemblyQualifiedName=\"Microsoft.VisualStudio.TestPlatform.CommandLine.Internal.ConsoleLogger, vstest.console, Version=15.0.0.0, Culture=neutral, PublicKeyToken=b03f5f7f11d50a3a\" codeBase=\"C:\\Program Files\\dotnet\\sdk\\5.0.402\\vstest.console.dll\" enabled=\"True\" /></Loggers></LoggerRunSettings><DataCollectionRunSettings><DataCollectors><DataCollector friendlyName=\"blame\" enabled=\"True\"><Configuration><ResultsDirectory>C:\\Users\\Armin\\Documents\\GitHub\\Grupa-3-Verifikovani-i-Validirani-Softverasi\\Pijaca\\Zadatak1\\bin\\Debug\\net5.0\\fine-code-coverage\\coverage-tool-output</ResultsDirectory></Configuration></DataCollector></DataCollectors></DataCollectionRunSettings></RunSettings>",
  "Sources": [
    "C:\\Users\\Armin\\Documents\\GitHub\\Grupa-3-Verifikovani-i-Validirani-Softverasi\\Pijaca\\Zadatak1\\bin\\Debug\\net5.0\\fine-code-coverage\\build-output\\Zadatak1.dll"
  ],
  "IsTelemetryOptedIn": false
}
TpTrace Verbose: 0 : 14696, 1, 2021/11/18, 17:48:18.764, 902651727760, datacollector.dll, TestPluginCache: Update extensions started. Skip filter = False
TpTrace Verbose: 0 : 14696, 1, 2021/11/18, 17:48:18.766, 902651747594, datacollector.dll, TestPluginCache: Using directories for assembly resolution 'C:\Program Files\dotnet\sdk\5.0.402\Extensions'.
TpTrace Verbose: 0 : 14696, 1, 2021/11/18, 17:48:18.766, 902651752672, datacollector.dll, TestPluginCache: Updated the available extensions to 'C:\Program Files\dotnet\sdk\5.0.402\Extensions\Microsoft.TestPlatform.Extensions.BlameDataCollector.dll,C:\Program Files\dotnet\sdk\5.0.402\Extensions\Microsoft.TestPlatform.Extensions.EventLogCollector.dll'.
TpTrace Verbose: 0 : 14696, 1, 2021/11/18, 17:48:18.782, 902651910844, datacollector.dll, TestPluginCache.DiscoverTestExtensions: finding test extensions in assemblies ends with: Collector.dll TPluginInfo: Microsoft.VisualStudio.TestPlatform.Common.DataCollector.DataCollectorConfig TExtension: Microsoft.VisualStudio.TestPlatform.ObjectModel.DataCollection.DataCollector
TpTrace Verbose: 0 : 14696, 1, 2021/11/18, 17:48:18.783, 902651921911, datacollector.dll, TestPluginCache.GetExtensionPaths: Filtered extension paths: C:\Program Files\dotnet\sdk\5.0.402\Extensions\Microsoft.TestPlatform.Extensions.BlameDataCollector.dll
C:\Program Files\dotnet\sdk\5.0.402\Extensions\Microsoft.TestPlatform.Extensions.EventLogCollector.dll
TpTrace Verbose: 0 : 14696, 1, 2021/11/18, 17:48:18.784, 902651930637, datacollector.dll, TestPluginCache.GetExtensionPaths: Added default extension paths: 
TpTrace Verbose: 0 : 14696, 1, 2021/11/18, 17:48:18.784, 902651932402, datacollector.dll, TestPluginCache.GetExtensionPaths: Added unfilterableExtensionPaths: 
TpTrace Information: 0 : 14696, 1, 2021/11/18, 17:48:18.785, 902651941631, datacollector.dll, AssemblyResolver.ctor: Creating AssemblyResolver with searchDirectories C:\Program Files\dotnet\sdk\5.0.402\Extensions,C:\Program Files\dotnet\sdk\5.0.402
TpTrace Verbose: 0 : 14696, 1, 2021/11/18, 17:48:18.787, 902651956805, datacollector.dll, TestPluginCache.DiscoverTestExtensions: Discovering the extensions using extension path.
TpTrace Verbose: 0 : 14696, 1, 2021/11/18, 17:48:18.787, 902651959273, datacollector.dll, TestPluginCache.GetExtensionPaths: Filtered extension paths: C:\Program Files\dotnet\sdk\5.0.402\Extensions\Microsoft.TestPlatform.Extensions.BlameDataCollector.dll
C:\Program Files\dotnet\sdk\5.0.402\Extensions\Microsoft.TestPlatform.Extensions.EventLogCollector.dll
TpTrace Verbose: 0 : 14696, 1, 2021/11/18, 17:48:18.787, 902651959870, datacollector.dll, TestPluginCache.GetExtensionPaths: Added default extension paths: 
TpTrace Verbose: 0 : 14696, 1, 2021/11/18, 17:48:18.787, 902651960210, datacollector.dll, TestPluginCache.GetExtensionPaths: Added unfilterableExtensionPaths: 
TpTrace Verbose: 0 : 14696, 1, 2021/11/18, 17:48:18.787, 902651960848, datacollector.dll, TestPluginCache.DiscoverTestExtensions: Discovering the extensions using allExtensionPaths: C:\Program Files\dotnet\sdk\5.0.402\Extensions\Microsoft.TestPlatform.Extensions.BlameDataCollector.dll
C:\Program Files\dotnet\sdk\5.0.402\Extensions\Microsoft.TestPlatform.Extensions.EventLogCollector.dll
TpTrace Information: 0 : 14696, 1, 2021/11/18, 17:48:18.787, 902651962318, datacollector.dll, AssemblyResolver.AddSearchDirectories: Adding more searchDirectories C:\Program Files\dotnet\sdk\5.0.402\Extensions,C:\Program Files\dotnet\sdk\5.0.402
TpTrace Information: 0 : 14696, 1, 2021/11/18, 17:48:18.787, 902651963418, datacollector.dll, AssemblyResolver.AddSearchDirectories: Adding more searchDirectories C:\Program Files\dotnet\sdk\5.0.402\Extensions,C:\Program Files\dotnet\sdk\5.0.402
TpTrace Information: 0 : 14696, 1, 2021/11/18, 17:48:18.788, 902651969789, datacollector.dll, AssemblyResolver.OnResolve: Microsoft.TestPlatform.Extensions.BlameDataCollector: Resolving assembly.
TpTrace Information: 0 : 14696, 1, 2021/11/18, 17:48:18.788, 902651971312, datacollector.dll, AssemblyResolver.OnResolve: Microsoft.TestPlatform.Extensions.BlameDataCollector: Searching in: 'C:\Program Files\dotnet\sdk\5.0.402\Extensions'.
TpTrace Information: 0 : 14696, 1, 2021/11/18, 17:48:18.789, 902651982160, datacollector.dll, AssemblyResolver.OnResolve: Microsoft.TestPlatform.Extensions.BlameDataCollector: Loading assembly 'C:\Program Files\dotnet\sdk\5.0.402\Extensions\Microsoft.TestPlatform.Extensions.BlameDataCollector.dll'.
TpTrace Information: 0 : 14696, 1, 2021/11/18, 17:48:18.791, 902652001806, datacollector.dll, AssemblyResolver.OnResolve: Resolved assembly: Microsoft.TestPlatform.Extensions.BlameDataCollector, from path: C:\Program Files\dotnet\sdk\5.0.402\Extensions\Microsoft.TestPlatform.Extensions.BlameDataCollector.dll
TpTrace Error: 0 : 14696, 1, 2021/11/18, 17:48:18.794, 902652036475, datacollector.dll, The type "Microsoft.TestPlatform.Extensions.BlameDataCollector.BlameCollector" defined in "Microsoft.TestPlatform.Extensions.BlameDataCollector.dll" does not have ExtensionUri attribute.
TpTrace Information: 0 : 14696, 1, 2021/11/18, 17:48:18.798, 902652067972, datacollector.dll, AssemblyResolver.OnResolve: Microsoft.TestPlatform.Extensions.EventLogCollector: Resolving assembly.
TpTrace Information: 0 : 14696, 1, 2021/11/18, 17:48:18.798, 902652070194, datacollector.dll, AssemblyResolver.OnResolve: Microsoft.TestPlatform.Extensions.EventLogCollector: Searching in: 'C:\Program Files\dotnet\sdk\5.0.402\Extensions'.
TpTrace Information: 0 : 14696, 1, 2021/11/18, 17:48:18.799, 902652076141, datacollector.dll, AssemblyResolver.OnResolve: Microsoft.TestPlatform.Extensions.EventLogCollector: Loading assembly 'C:\Program Files\dotnet\sdk\5.0.402\Extensions\Microsoft.TestPlatform.Extensions.EventLogCollector.dll'.
TpTrace Information: 0 : 14696, 1, 2021/11/18, 17:48:18.799, 902652080660, datacollector.dll, AssemblyResolver.OnResolve: Resolved assembly: Microsoft.TestPlatform.Extensions.EventLogCollector, from path: C:\Program Files\dotnet\sdk\5.0.402\Extensions\Microsoft.TestPlatform.Extensions.EventLogCollector.dll
TpTrace Error: 0 : 14696, 1, 2021/11/18, 17:48:18.802, 902652111236, datacollector.dll, The type "Microsoft.TestPlatform.Extensions.EventLogCollector.EventLogDataCollector" defined in "Microsoft.TestPlatform.Extensions.EventLogCollector.dll" does not have ExtensionUri attribute.
TpTrace Verbose: 0 : 14696, 1, 2021/11/18, 17:48:18.803, 902652117443, datacollector.dll, TestPluginCache: Discovered the extensions using extension path 'C:\Program Files\dotnet\sdk\5.0.402\Extensions\Microsoft.TestPlatform.Extensions.BlameDataCollector.dll,C:\Program Files\dotnet\sdk\5.0.402\Extensions\Microsoft.TestPlatform.Extensions.EventLogCollector.dll'.
TpTrace Verbose: 0 : 14696, 1, 2021/11/18, 17:48:18.803, 902652118783, datacollector.dll, TestPluginCache: Discoverers are ''.
TpTrace Verbose: 0 : 14696, 1, 2021/11/18, 17:48:18.803, 902652119237, datacollector.dll, TestPluginCache: Executors are ''.
TpTrace Verbose: 0 : 14696, 1, 2021/11/18, 17:48:18.803, 902652119627, datacollector.dll, TestPluginCache: Executors2 are ''.
TpTrace Verbose: 0 : 14696, 1, 2021/11/18, 17:48:18.803, 902652120004, datacollector.dll, TestPluginCache: Setting providers are ''.
TpTrace Verbose: 0 : 14696, 1, 2021/11/18, 17:48:18.803, 902652120408, datacollector.dll, TestPluginCache: Loggers are ''.
TpTrace Information: 0 : 14696, 1, 2021/11/18, 17:48:18.805, 902652137224, datacollector.dll, TestPluginManager.CreateTestExtension: Attempting to load test extension: Microsoft.TestPlatform.Extensions.BlameDataCollector.BlameCollector
TpTrace Error: 0 : 14696, 1, 2021/11/18, 17:48:18.806, 902652152946, datacollector.dll, The type "Microsoft.TestPlatform.Extensions.BlameDataCollector.BlameCollector" defined in "Microsoft.TestPlatform.Extensions.BlameDataCollector.dll" does not have ExtensionUri attribute.
TpTrace Information: 0 : 14696, 1, 2021/11/18, 17:48:18.817, 902652259475, datacollector.dll, Listening on Endpoint : 127.0.0.1:62225
TpTrace Information: 0 : 14696, 1, 2021/11/18, 17:48:18.828, 902652372512, datacollector.dll, DataCollectionRequestHandler.ProcessRequests : DataCollection started.
TpTrace Information: 0 : 14696, 1, 2021/11/18, 17:48:18.878, 902652868449, datacollector.dll, DataCollectionRequestHandler.ProcessRequests : Datacollector received message: (DataCollection.TestHostLaunched) -> {
  "ProcessId": 21480
}
TpTrace Information: 0 : 14696, 6, 2021/11/18, 17:48:19.121, 902655298087, datacollector.dll, Using the buffer size of 16384 bytes
TpTrace Information: 0 : 14696, 6, 2021/11/18, 17:48:19.121, 902655299956, datacollector.dll, Accepted Client request and set the flag
TpTrace Information: 0 : 14696, 5, 2021/11/18, 17:48:19.685, 902660936654, datacollector.dll, DataCollectionTestCaseEventHandler: Test case starting.
TpTrace Information: 0 : 14696, 5, 2021/11/18, 17:48:19.749, 902661580649, datacollector.dll, Blame Collector : Test Case Start
TpTrace Information: 0 : 14696, 5, 2021/11/18, 17:48:19.752, 902661612125, datacollector.dll, DataCollectionTestCaseEventHandler: Test case 'TestPogresnaSifra - 6b10294d-693c-8bde-94d8-97ba1474c65a' started.
TpTrace Information: 0 : 14696, 5, 2021/11/18, 17:48:19.820, 902662295852, datacollector.dll, DataCollectionTestCaseEventHandler : Test case completing.
TpTrace Information: 0 : 14696, 5, 2021/11/18, 17:48:19.824, 902662329030, datacollector.dll, Blame Collector : Test Case End
TpTrace Information: 0 : 14696, 5, 2021/11/18, 17:48:19.827, 902662361752, datacollector.dll, DataCollectionTestCaseEventHandler: Test case 'TestPogresnaSifra - 6b10294d-693c-8bde-94d8-97ba1474c65a' completed
TpTrace Information: 0 : 14696, 5, 2021/11/18, 17:48:19.838, 902662475953, datacollector.dll, DataCollectionTestCaseEventHandler: Test case starting.
TpTrace Information: 0 : 14696, 5, 2021/11/18, 17:48:19.839, 902662482010, datacollector.dll, Blame Collector : Test Case Start
TpTrace Information: 0 : 14696, 5, 2021/11/18, 17:48:19.839, 902662483625, datacollector.dll, DataCollectionTestCaseEventHandler: Test case 'TestAktivnosti - 03d44b12-18f4-0cbe-1c33-4094b2186c06' started.
TpTrace Information: 0 : 14696, 5, 2021/11/18, 17:48:19.840, 902662495761, datacollector.dll, DataCollectionTestCaseEventHandler : Test case completing.
TpTrace Information: 0 : 14696, 5, 2021/11/18, 17:48:19.841, 902662499751, datacollector.dll, Blame Collector : Test Case End
TpTrace Information: 0 : 14696, 5, 2021/11/18, 17:48:19.841, 902662501181, datacollector.dll, DataCollectionTestCaseEventHandler: Test case 'TestAktivnosti - 03d44b12-18f4-0cbe-1c33-4094b2186c06' completed
TpTrace Information: 0 : 14696, 5, 2021/11/18, 17:48:19.842, 902662507359, datacollector.dll, DataCollectionTestCaseEventHandler: Test case starting.
TpTrace Information: 0 : 14696, 5, 2021/11/18, 17:48:19.842, 902662511020, datacollector.dll, Blame Collector : Test Case Start
TpTrace Information: 0 : 14696, 5, 2021/11/18, 17:48:19.842, 902662512130, datacollector.dll, DataCollectionTestCaseEventHandler: Test case 'TestPogresnihPodataka - c0b925a7-8cbd-7c38-aa41-59795ea98c0e' started.
TpTrace Information: 0 : 14696, 5, 2021/11/18, 17:48:19.843, 902662525790, datacollector.dll, DataCollectionTestCaseEventHandler : Test case completing.
TpTrace Information: 0 : 14696, 5, 2021/11/18, 17:48:19.844, 902662529475, datacollector.dll, Blame Collector : Test Case End
TpTrace Information: 0 : 14696, 5, 2021/11/18, 17:48:19.844, 902662530748, datacollector.dll, DataCollectionTestCaseEventHandler: Test case 'TestPogresnihPodataka - c0b925a7-8cbd-7c38-aa41-59795ea98c0e' completed
TpTrace Information: 0 : 14696, 5, 2021/11/18, 17:48:19.848, 902662573958, datacollector.dll, DataCollectionTestCaseEventHandler: Test case starting.
TpTrace Information: 0 : 14696, 5, 2021/11/18, 17:48:19.849, 902662585823, datacollector.dll, Blame Collector : Test Case Start
TpTrace Information: 0 : 14696, 5, 2021/11/18, 17:48:19.850, 902662595371, datacollector.dll, DataCollectionTestCaseEventHandler: Test case 'TestPovecanjaPrometa - e24cc8fb-745b-e81c-73f9-2fc994551ca5' started.
TpTrace Information: 0 : 14696, 5, 2021/11/18, 17:48:19.852, 902662611838, datacollector.dll, DataCollectionTestCaseEventHandler : Test case completing.
TpTrace Information: 0 : 14696, 5, 2021/11/18, 17:48:19.853, 902662616564, datacollector.dll, Blame Collector : Test Case End
TpTrace Information: 0 : 14696, 5, 2021/11/18, 17:48:19.853, 902662618080, datacollector.dll, DataCollectionTestCaseEventHandler: Test case 'TestPovecanjaPrometa - e24cc8fb-745b-e81c-73f9-2fc994551ca5' completed
TpTrace Information: 0 : 14696, 5, 2021/11/18, 17:48:19.853, 902662625755, datacollector.dll, DataCollectionTestCaseEventHandler: Test case starting.
TpTrace Information: 0 : 14696, 5, 2021/11/18, 17:48:19.854, 902662629497, datacollector.dll, Blame Collector : Test Case Start
TpTrace Information: 0 : 14696, 5, 2021/11/18, 17:48:19.854, 902662630666, datacollector.dll, DataCollectionTestCaseEventHandler: Test case 'TestNegativnogPrometa - e1e62ecb-27da-a0d2-0bac-6daf339d1ad6' started.
TpTrace Information: 0 : 14696, 5, 2021/11/18, 17:48:19.855, 902662639507, datacollector.dll, DataCollectionTestCaseEventHandler : Test case completing.
TpTrace Information: 0 : 14696, 5, 2021/11/18, 17:48:19.855, 902662642907, datacollector.dll, Blame Collector : Test Case End
TpTrace Information: 0 : 14696, 5, 2021/11/18, 17:48:19.855, 902662644125, datacollector.dll, DataCollectionTestCaseEventHandler: Test case 'TestNegativnogPrometa - e1e62ecb-27da-a0d2-0bac-6daf339d1ad6' completed
TpTrace Information: 0 : 14696, 5, 2021/11/18, 17:48:19.861, 902662696670, datacollector.dll, DataCollectionTestCaseEventHandler: Test session ended
TpTrace Information: 0 : 14696, 1, 2021/11/18, 17:48:19.946, 902663552657, datacollector.dll, DataCollectionRequestHandler.ProcessRequests : Datacollector received message: (DataCollection.AfterTestRunEnd) -> false
TpTrace Information: 0 : 14696, 1, 2021/11/18, 17:48:19.948, 902663571937, datacollector.dll, Blame Collector : Session End
TpTrace Information: 0 : 14696, 1, 2021/11/18, 17:48:19.949, 902663577719, datacollector.dll, BlameCollector.CollectDumpAndAbortTesthost: Custom path to dump directory was provided via VSTEST_DUMP_PATH. Skipping attachment upload, the caller is responsible for collecting and uploading the dumps themselves.
TpTrace Information: 0 : 14696, 1, 2021/11/18, 17:48:19.949, 902663584158, datacollector.dll, DataCollectionManager.CleanupPlugins: CleanupPlugins called
TpTrace Verbose: 0 : 14696, 1, 2021/11/18, 17:48:19.950, 902663587296, datacollector.dll, DataCollectionManager.CleanupPlugins: Cleaning up 1 plugins
TpTrace Verbose: 0 : 14696, 1, 2021/11/18, 17:48:19.951, 902663597086, datacollector.dll, dataCollectorInfo.DisposeDataCollector: calling Dispose() on Microsoft.TestPlatform.Extensions.BlameDataCollector.BlameCollector
TpTrace Information: 0 : 14696, 1, 2021/11/18, 17:48:19.951, 902663600158, datacollector.dll, DataCollectionManager.CleanupPlugins: CleanupPlugins finished
TpTrace Information: 0 : 14696, 1, 2021/11/18, 17:48:19.958, 902663673323, datacollector.dll, DataCollectionRequestHandler.ProcessRequests : Session End message received from server. Closing the connection.
TpTrace Information: 0 : 14696, 1, 2021/11/18, 17:48:19.959, 902663677344, datacollector.dll, Closing the connection !
TpTrace Information: 0 : 14696, 1, 2021/11/18, 17:48:19.959, 902663678387, datacollector.dll, DataCollectionRequestHandler.ProcessRequests : DataCollection completed
TpTrace Information: 0 : 14696, 1, 2021/11/18, 17:48:19.959, 902663678868, datacollector.dll, Program.Main: exiting datacollector process.
