TpTrace Verbose: 0 : 17020, 1, 2021/11/17, 22:30:58.279, 208221028689, datacollector.dll, Version: 16.11.0
TpTrace Information: 0 : 17020, 1, 2021/11/17, 22:30:58.287, 208221061580, datacollector.dll, DataCollectorMain.Run: Starting data collector run with args: --port,57358,--parentprocessid,15052,--diag,C:\Users\Armin\Documents\GitHub\Grupa-3-Verifikovani-i-Validirani-Softverasi\Pijaca\Zadatak1\bin\Debug\net5.0\fine-code-coverage\coverage-tool-output\diagnostics.datacollector.21-11-17_22-30-58_11036_4.log,--tracelevel,4
TpTrace Information: 0 : 17020, 1, 2021/11/17, 22:30:58.288, 208221066845, datacollector.dll, DataCollector: Monitoring parent process with id: '15052'
TpTrace Information: 0 : 17020, 1, 2021/11/17, 22:30:58.295, 208221137968, datacollector.dll, Trying to connect to server on socket : 127.0.0.1:57358 
TpTrace Verbose: 0 : 17020, 1, 2021/11/17, 22:30:58.325, 208221431666, datacollector.dll, SocketCommunicationManager : SetupClientAsync : Attempting to connect to the server.
TpTrace Information: 0 : 17020, 5, 2021/11/17, 22:30:58.337, 208221553980, datacollector.dll, Connected to the server successfully 
TpTrace Information: 0 : 17020, 5, 2021/11/17, 22:30:58.337, 208221554876, datacollector.dll, Using the buffer size of 16384 bytes
TpTrace Information: 0 : 17020, 1, 2021/11/17, 22:30:58.439, 208222573687, datacollector.dll, DataCollector: Start Request Processing.
TpTrace Information: 0 : 17020, 1, 2021/11/17, 22:30:58.444, 208222627479, datacollector.dll, DataCollectionRequestHandler.ProcessRequests : Datacollector received message: (DataCollection.BeforeTestRunStart) -> {
  "SettingsXml": "<RunSettings><RunConfiguration><ResultsDirectory>C:\\Users\\Armin\\Documents\\GitHub\\Grupa-3-Verifikovani-i-Validirani-Softverasi\\Pijaca\\Zadatak1\\bin\\Debug\\net5.0\\fine-code-coverage\\coverage-tool-output</ResultsDirectory><TargetPlatform>X64</TargetPlatform><TargetFrameworkVersion>.NETCoreApp,Version=v5.0</TargetFrameworkVersion><DesignMode>False</DesignMode><CollectSourceInformation>False</CollectSourceInformation><TestAdaptersPaths>C:\\Program Files\\dotnet\\sdk\\5.0.402\\Extensions</TestAdaptersPaths></RunConfiguration><LoggerRunSettings><Loggers><Logger friendlyName=\"blame\" enabled=\"True\" /><Logger friendlyName=\"Console\" uri=\"logger://microsoft/TestPlatform/ConsoleLogger/v1\" assemblyQualifiedName=\"Microsoft.VisualStudio.TestPlatform.CommandLine.Internal.ConsoleLogger, vstest.console, Version=15.0.0.0, Culture=neutral, PublicKeyToken=b03f5f7f11d50a3a\" codeBase=\"C:\\Program Files\\dotnet\\sdk\\5.0.402\\vstest.console.dll\" enabled=\"True\" /></Loggers></LoggerRunSettings><DataCollectionRunSettings><DataCollectors><DataCollector friendlyName=\"blame\" enabled=\"True\"><Configuration><ResultsDirectory>C:\\Users\\Armin\\Documents\\GitHub\\Grupa-3-Verifikovani-i-Validirani-Softverasi\\Pijaca\\Zadatak1\\bin\\Debug\\net5.0\\fine-code-coverage\\coverage-tool-output</ResultsDirectory></Configuration></DataCollector></DataCollectors></DataCollectionRunSettings></RunSettings>",
  "Sources": [
    "C:\\Users\\Armin\\Documents\\GitHub\\Grupa-3-Verifikovani-i-Validirani-Softverasi\\Pijaca\\Zadatak1\\bin\\Debug\\net5.0\\fine-code-coverage\\build-output\\Zadatak1.dll"
  ],
  "IsTelemetryOptedIn": false
}
TpTrace Verbose: 0 : 17020, 1, 2021/11/17, 22:30:58.494, 208223128066, datacollector.dll, TestPluginCache: Update extensions started. Skip filter = False
TpTrace Verbose: 0 : 17020, 1, 2021/11/17, 22:30:58.495, 208223135151, datacollector.dll, TestPluginCache: Using directories for assembly resolution 'C:\Program Files\dotnet\sdk\5.0.402\Extensions'.
TpTrace Verbose: 0 : 17020, 1, 2021/11/17, 22:30:58.495, 208223136041, datacollector.dll, TestPluginCache: Updated the available extensions to 'C:\Program Files\dotnet\sdk\5.0.402\Extensions\Microsoft.TestPlatform.Extensions.BlameDataCollector.dll,C:\Program Files\dotnet\sdk\5.0.402\Extensions\Microsoft.TestPlatform.Extensions.EventLogCollector.dll'.
TpTrace Verbose: 0 : 17020, 1, 2021/11/17, 22:30:58.503, 208223220392, datacollector.dll, TestPluginCache.DiscoverTestExtensions: finding test extensions in assemblies ends with: Collector.dll TPluginInfo: Microsoft.VisualStudio.TestPlatform.Common.DataCollector.DataCollectorConfig TExtension: Microsoft.VisualStudio.TestPlatform.ObjectModel.DataCollection.DataCollector
TpTrace Verbose: 0 : 17020, 1, 2021/11/17, 22:30:58.504, 208223223352, datacollector.dll, TestPluginCache.GetExtensionPaths: Filtered extension paths: C:\Program Files\dotnet\sdk\5.0.402\Extensions\Microsoft.TestPlatform.Extensions.BlameDataCollector.dll
C:\Program Files\dotnet\sdk\5.0.402\Extensions\Microsoft.TestPlatform.Extensions.EventLogCollector.dll
TpTrace Verbose: 0 : 17020, 1, 2021/11/17, 22:30:58.504, 208223224037, datacollector.dll, TestPluginCache.GetExtensionPaths: Added default extension paths: 
TpTrace Verbose: 0 : 17020, 1, 2021/11/17, 22:30:58.504, 208223224401, datacollector.dll, TestPluginCache.GetExtensionPaths: Added unfilterableExtensionPaths: 
TpTrace Information: 0 : 17020, 1, 2021/11/17, 22:30:58.504, 208223230506, datacollector.dll, AssemblyResolver.ctor: Creating AssemblyResolver with searchDirectories C:\Program Files\dotnet\sdk\5.0.402\Extensions,C:\Program Files\dotnet\sdk\5.0.402
TpTrace Verbose: 0 : 17020, 1, 2021/11/17, 22:30:58.506, 208223244781, datacollector.dll, TestPluginCache.DiscoverTestExtensions: Discovering the extensions using extension path.
TpTrace Verbose: 0 : 17020, 1, 2021/11/17, 22:30:58.506, 208223247081, datacollector.dll, TestPluginCache.GetExtensionPaths: Filtered extension paths: C:\Program Files\dotnet\sdk\5.0.402\Extensions\Microsoft.TestPlatform.Extensions.BlameDataCollector.dll
C:\Program Files\dotnet\sdk\5.0.402\Extensions\Microsoft.TestPlatform.Extensions.EventLogCollector.dll
TpTrace Verbose: 0 : 17020, 1, 2021/11/17, 22:30:58.506, 208223247654, datacollector.dll, TestPluginCache.GetExtensionPaths: Added default extension paths: 
TpTrace Verbose: 0 : 17020, 1, 2021/11/17, 22:30:58.506, 208223247958, datacollector.dll, TestPluginCache.GetExtensionPaths: Added unfilterableExtensionPaths: 
TpTrace Verbose: 0 : 17020, 1, 2021/11/17, 22:30:58.506, 208223248535, datacollector.dll, TestPluginCache.DiscoverTestExtensions: Discovering the extensions using allExtensionPaths: C:\Program Files\dotnet\sdk\5.0.402\Extensions\Microsoft.TestPlatform.Extensions.BlameDataCollector.dll
C:\Program Files\dotnet\sdk\5.0.402\Extensions\Microsoft.TestPlatform.Extensions.EventLogCollector.dll
TpTrace Information: 0 : 17020, 1, 2021/11/17, 22:30:58.506, 208223249743, datacollector.dll, AssemblyResolver.AddSearchDirectories: Adding more searchDirectories C:\Program Files\dotnet\sdk\5.0.402\Extensions,C:\Program Files\dotnet\sdk\5.0.402
TpTrace Information: 0 : 17020, 1, 2021/11/17, 22:30:58.506, 208223250405, datacollector.dll, AssemblyResolver.AddSearchDirectories: Adding more searchDirectories C:\Program Files\dotnet\sdk\5.0.402\Extensions,C:\Program Files\dotnet\sdk\5.0.402
TpTrace Information: 0 : 17020, 1, 2021/11/17, 22:30:58.507, 208223254788, datacollector.dll, AssemblyResolver.OnResolve: Microsoft.TestPlatform.Extensions.BlameDataCollector: Resolving assembly.
TpTrace Information: 0 : 17020, 1, 2021/11/17, 22:30:58.507, 208223255618, datacollector.dll, AssemblyResolver.OnResolve: Microsoft.TestPlatform.Extensions.BlameDataCollector: Searching in: 'C:\Program Files\dotnet\sdk\5.0.402\Extensions'.
TpTrace Information: 0 : 17020, 1, 2021/11/17, 22:30:58.507, 208223259726, datacollector.dll, AssemblyResolver.OnResolve: Microsoft.TestPlatform.Extensions.BlameDataCollector: Loading assembly 'C:\Program Files\dotnet\sdk\5.0.402\Extensions\Microsoft.TestPlatform.Extensions.BlameDataCollector.dll'.
TpTrace Information: 0 : 17020, 1, 2021/11/17, 22:30:58.508, 208223264500, datacollector.dll, AssemblyResolver.OnResolve: Resolved assembly: Microsoft.TestPlatform.Extensions.BlameDataCollector, from path: C:\Program Files\dotnet\sdk\5.0.402\Extensions\Microsoft.TestPlatform.Extensions.BlameDataCollector.dll
TpTrace Error: 0 : 17020, 1, 2021/11/17, 22:30:58.509, 208223274267, datacollector.dll, The type "Microsoft.TestPlatform.Extensions.BlameDataCollector.BlameCollector" defined in "Microsoft.TestPlatform.Extensions.BlameDataCollector.dll" does not have ExtensionUri attribute.
TpTrace Information: 0 : 17020, 1, 2021/11/17, 22:30:58.510, 208223288802, datacollector.dll, AssemblyResolver.OnResolve: Microsoft.TestPlatform.Extensions.EventLogCollector: Resolving assembly.
TpTrace Information: 0 : 17020, 1, 2021/11/17, 22:30:58.510, 208223289954, datacollector.dll, AssemblyResolver.OnResolve: Microsoft.TestPlatform.Extensions.EventLogCollector: Searching in: 'C:\Program Files\dotnet\sdk\5.0.402\Extensions'.
TpTrace Information: 0 : 17020, 1, 2021/11/17, 22:30:58.511, 208223292907, datacollector.dll, AssemblyResolver.OnResolve: Microsoft.TestPlatform.Extensions.EventLogCollector: Loading assembly 'C:\Program Files\dotnet\sdk\5.0.402\Extensions\Microsoft.TestPlatform.Extensions.EventLogCollector.dll'.
TpTrace Information: 0 : 17020, 1, 2021/11/17, 22:30:58.511, 208223296025, datacollector.dll, AssemblyResolver.OnResolve: Resolved assembly: Microsoft.TestPlatform.Extensions.EventLogCollector, from path: C:\Program Files\dotnet\sdk\5.0.402\Extensions\Microsoft.TestPlatform.Extensions.EventLogCollector.dll
TpTrace Error: 0 : 17020, 1, 2021/11/17, 22:30:58.512, 208223309899, datacollector.dll, The type "Microsoft.TestPlatform.Extensions.EventLogCollector.EventLogDataCollector" defined in "Microsoft.TestPlatform.Extensions.EventLogCollector.dll" does not have ExtensionUri attribute.
TpTrace Verbose: 0 : 17020, 1, 2021/11/17, 22:30:58.513, 208223314282, datacollector.dll, TestPluginCache: Discovered the extensions using extension path 'C:\Program Files\dotnet\sdk\5.0.402\Extensions\Microsoft.TestPlatform.Extensions.BlameDataCollector.dll,C:\Program Files\dotnet\sdk\5.0.402\Extensions\Microsoft.TestPlatform.Extensions.EventLogCollector.dll'.
TpTrace Verbose: 0 : 17020, 1, 2021/11/17, 22:30:58.513, 208223317424, datacollector.dll, TestPluginCache: Discoverers are ''.
TpTrace Verbose: 0 : 17020, 1, 2021/11/17, 22:30:58.513, 208223318805, datacollector.dll, TestPluginCache: Executors are ''.
TpTrace Verbose: 0 : 17020, 1, 2021/11/17, 22:30:58.513, 208223320339, datacollector.dll, TestPluginCache: Executors2 are ''.
TpTrace Verbose: 0 : 17020, 1, 2021/11/17, 22:30:58.513, 208223321106, datacollector.dll, TestPluginCache: Setting providers are ''.
TpTrace Verbose: 0 : 17020, 1, 2021/11/17, 22:30:58.514, 208223322456, datacollector.dll, TestPluginCache: Loggers are ''.
TpTrace Information: 0 : 17020, 1, 2021/11/17, 22:30:58.517, 208223357395, datacollector.dll, TestPluginManager.CreateTestExtension: Attempting to load test extension: Microsoft.TestPlatform.Extensions.BlameDataCollector.BlameCollector
TpTrace Error: 0 : 17020, 1, 2021/11/17, 22:30:58.518, 208223367035, datacollector.dll, The type "Microsoft.TestPlatform.Extensions.BlameDataCollector.BlameCollector" defined in "Microsoft.TestPlatform.Extensions.BlameDataCollector.dll" does not have ExtensionUri attribute.
TpTrace Information: 0 : 17020, 1, 2021/11/17, 22:30:58.523, 208223420774, datacollector.dll, Listening on Endpoint : 127.0.0.1:57360
TpTrace Information: 0 : 17020, 1, 2021/11/17, 22:30:58.530, 208223490198, datacollector.dll, DataCollectionRequestHandler.ProcessRequests : DataCollection started.
TpTrace Information: 0 : 17020, 1, 2021/11/17, 22:30:58.559, 208223781081, datacollector.dll, DataCollectionRequestHandler.ProcessRequests : Datacollector received message: (DataCollection.TestHostLaunched) -> {
  "ProcessId": 17936
}
TpTrace Information: 0 : 17020, 6, 2021/11/17, 22:30:58.797, 208226158029, datacollector.dll, Using the buffer size of 16384 bytes
TpTrace Information: 0 : 17020, 6, 2021/11/17, 22:30:58.798, 208226163215, datacollector.dll, Accepted Client request and set the flag
TpTrace Information: 0 : 17020, 5, 2021/11/17, 22:30:59.240, 208230590644, datacollector.dll, DataCollectionTestCaseEventHandler: Test case starting.
TpTrace Information: 0 : 17020, 5, 2021/11/17, 22:30:59.284, 208231025238, datacollector.dll, Blame Collector : Test Case Start
TpTrace Information: 0 : 17020, 5, 2021/11/17, 22:30:59.286, 208231050660, datacollector.dll, DataCollectionTestCaseEventHandler: Test case 'TestPogresnaSifra - 6b10294d-693c-8bde-94d8-97ba1474c65a' started.
TpTrace Information: 0 : 17020, 5, 2021/11/17, 22:30:59.340, 208231583944, datacollector.dll, DataCollectionTestCaseEventHandler : Test case completing.
TpTrace Information: 0 : 17020, 5, 2021/11/17, 22:30:59.343, 208231614761, datacollector.dll, Blame Collector : Test Case End
TpTrace Information: 0 : 17020, 5, 2021/11/17, 22:30:59.349, 208231679726, datacollector.dll, DataCollectionTestCaseEventHandler: Test case 'TestPogresnaSifra - 6b10294d-693c-8bde-94d8-97ba1474c65a' completed
TpTrace Information: 0 : 17020, 5, 2021/11/17, 22:30:59.360, 208231790084, datacollector.dll, DataCollectionTestCaseEventHandler: Test case starting.
TpTrace Information: 0 : 17020, 5, 2021/11/17, 22:30:59.361, 208231795197, datacollector.dll, Blame Collector : Test Case Start
TpTrace Information: 0 : 17020, 5, 2021/11/17, 22:30:59.361, 208231796980, datacollector.dll, DataCollectionTestCaseEventHandler: Test case 'TestAktivnosti - 03d44b12-18f4-0cbe-1c33-4094b2186c06' started.
TpTrace Information: 0 : 17020, 5, 2021/11/17, 22:30:59.364, 208231831400, datacollector.dll, DataCollectionTestCaseEventHandler : Test case completing.
TpTrace Information: 0 : 17020, 5, 2021/11/17, 22:30:59.367, 208231853242, datacollector.dll, Blame Collector : Test Case End
TpTrace Information: 0 : 17020, 5, 2021/11/17, 22:30:59.367, 208231859342, datacollector.dll, DataCollectionTestCaseEventHandler: Test case 'TestAktivnosti - 03d44b12-18f4-0cbe-1c33-4094b2186c06' completed
TpTrace Information: 0 : 17020, 5, 2021/11/17, 22:30:59.369, 208231875693, datacollector.dll, DataCollectionTestCaseEventHandler: Test case starting.
TpTrace Information: 0 : 17020, 5, 2021/11/17, 22:30:59.370, 208231881990, datacollector.dll, Blame Collector : Test Case Start
TpTrace Information: 0 : 17020, 5, 2021/11/17, 22:30:59.370, 208231884493, datacollector.dll, DataCollectionTestCaseEventHandler: Test case 'TestPogresnihPodataka - c0b925a7-8cbd-7c38-aa41-59795ea98c0e' started.
TpTrace Information: 0 : 17020, 5, 2021/11/17, 22:30:59.371, 208231900442, datacollector.dll, DataCollectionTestCaseEventHandler : Test case completing.
TpTrace Information: 0 : 17020, 5, 2021/11/17, 22:30:59.372, 208231905551, datacollector.dll, Blame Collector : Test Case End
TpTrace Information: 0 : 17020, 5, 2021/11/17, 22:30:59.372, 208231907998, datacollector.dll, DataCollectionTestCaseEventHandler: Test case 'TestPogresnihPodataka - c0b925a7-8cbd-7c38-aa41-59795ea98c0e' completed
TpTrace Information: 0 : 17020, 5, 2021/11/17, 22:30:59.376, 208231951124, datacollector.dll, DataCollectionTestCaseEventHandler: Test case starting.
TpTrace Information: 0 : 17020, 5, 2021/11/17, 22:30:59.377, 208231957398, datacollector.dll, Blame Collector : Test Case Start
TpTrace Information: 0 : 17020, 5, 2021/11/17, 22:30:59.378, 208231969595, datacollector.dll, DataCollectionTestCaseEventHandler: Test case 'TestPovecanjaPrometa - e24cc8fb-745b-e81c-73f9-2fc994551ca5' started.
TpTrace Information: 0 : 17020, 5, 2021/11/17, 22:30:59.383, 208232016425, datacollector.dll, DataCollectionTestCaseEventHandler : Test case completing.
TpTrace Information: 0 : 17020, 5, 2021/11/17, 22:30:59.384, 208232027893, datacollector.dll, Blame Collector : Test Case End
TpTrace Information: 0 : 17020, 5, 2021/11/17, 22:30:59.385, 208232034738, datacollector.dll, DataCollectionTestCaseEventHandler: Test case 'TestPovecanjaPrometa - e24cc8fb-745b-e81c-73f9-2fc994551ca5' completed
TpTrace Information: 0 : 17020, 5, 2021/11/17, 22:30:59.387, 208232052535, datacollector.dll, DataCollectionTestCaseEventHandler: Test case starting.
TpTrace Information: 0 : 17020, 5, 2021/11/17, 22:30:59.387, 208232059735, datacollector.dll, Blame Collector : Test Case Start
TpTrace Information: 0 : 17020, 5, 2021/11/17, 22:30:59.388, 208232062472, datacollector.dll, DataCollectionTestCaseEventHandler: Test case 'TestNegativnogPrometa - e1e62ecb-27da-a0d2-0bac-6daf339d1ad6' started.
TpTrace Information: 0 : 17020, 5, 2021/11/17, 22:30:59.389, 208232075399, datacollector.dll, DataCollectionTestCaseEventHandler : Test case completing.
TpTrace Information: 0 : 17020, 5, 2021/11/17, 22:30:59.389, 208232080068, datacollector.dll, Blame Collector : Test Case End
TpTrace Information: 0 : 17020, 5, 2021/11/17, 22:30:59.390, 208232081976, datacollector.dll, DataCollectionTestCaseEventHandler: Test case 'TestNegativnogPrometa - e1e62ecb-27da-a0d2-0bac-6daf339d1ad6' completed
TpTrace Information: 0 : 17020, 5, 2021/11/17, 22:30:59.398, 208232162096, datacollector.dll, DataCollectionTestCaseEventHandler: Test session ended
TpTrace Information: 0 : 17020, 1, 2021/11/17, 22:30:59.496, 208233147470, datacollector.dll, DataCollectionRequestHandler.ProcessRequests : Datacollector received message: (DataCollection.AfterTestRunEnd) -> false
TpTrace Information: 0 : 17020, 1, 2021/11/17, 22:30:59.499, 208233175914, datacollector.dll, Blame Collector : Session End
TpTrace Information: 0 : 17020, 1, 2021/11/17, 22:30:59.499, 208233180329, datacollector.dll, BlameCollector.CollectDumpAndAbortTesthost: Custom path to dump directory was provided via VSTEST_DUMP_PATH. Skipping attachment upload, the caller is responsible for collecting and uploading the dumps themselves.
TpTrace Information: 0 : 17020, 1, 2021/11/17, 22:30:59.500, 208233182702, datacollector.dll, DataCollectionManager.CleanupPlugins: CleanupPlugins called
TpTrace Verbose: 0 : 17020, 1, 2021/11/17, 22:30:59.500, 208233183569, datacollector.dll, DataCollectionManager.CleanupPlugins: Cleaning up 1 plugins
TpTrace Verbose: 0 : 17020, 1, 2021/11/17, 22:30:59.500, 208233185633, datacollector.dll, dataCollectorInfo.DisposeDataCollector: calling Dispose() on Microsoft.TestPlatform.Extensions.BlameDataCollector.BlameCollector
TpTrace Information: 0 : 17020, 1, 2021/11/17, 22:30:59.500, 208233187054, datacollector.dll, DataCollectionManager.CleanupPlugins: CleanupPlugins finished
TpTrace Information: 0 : 17020, 1, 2021/11/17, 22:30:59.504, 208233222166, datacollector.dll, DataCollectionRequestHandler.ProcessRequests : Session End message received from server. Closing the connection.
TpTrace Information: 0 : 17020, 1, 2021/11/17, 22:30:59.504, 208233224654, datacollector.dll, Closing the connection !
TpTrace Information: 0 : 17020, 1, 2021/11/17, 22:30:59.504, 208233225147, datacollector.dll, DataCollectionRequestHandler.ProcessRequests : DataCollection completed
TpTrace Information: 0 : 17020, 1, 2021/11/17, 22:30:59.504, 208233225429, datacollector.dll, Program.Main: exiting datacollector process.
