TpTrace Verbose: 0 : 10436, 1, 2021/11/26, 15:14:30.392, 371753020745, datacollector.dll, Version: 16.9.1
TpTrace Information: 0 : 10436, 1, 2021/11/26, 15:14:30.403, 371753042368, datacollector.dll, DataCollectorMain.Run: Starting data collector run with args: --port,60723,--parentprocessid,7232,--diag,C:\Users\User\Documents\GitHub\Grupa-3-Verifikovani-i-Validirani-Softverasi\Pijaca\Zadatak1\bin\Debug\net5.0\fine-code-coverage\coverage-tool-output\diagnostics.datacollector.21-11-26_15-14-30_22551_4.log,--tracelevel,4
TpTrace Information: 0 : 10436, 1, 2021/11/26, 15:14:30.404, 371753043623, datacollector.dll, DataCollector: Monitoring parent process with id: '7232'
TpTrace Information: 0 : 10436, 1, 2021/11/26, 15:14:30.416, 371753090983, datacollector.dll, Trying to connect to server on socket : 127.0.0.1:60723 
TpTrace Verbose: 0 : 10436, 1, 2021/11/26, 15:14:30.438, 371753171962, datacollector.dll, SocketCommunicationManager : SetupClientAsync : Attempting to connect to the server.
TpTrace Information: 0 : 10436, 6, 2021/11/26, 15:14:30.452, 371753222685, datacollector.dll, Connected to the server successfully 
TpTrace Information: 0 : 10436, 6, 2021/11/26, 15:14:30.452, 371753223159, datacollector.dll, Using the buffer size of 16384 bytes
TpTrace Information: 0 : 10436, 1, 2021/11/26, 15:14:30.558, 371753617564, datacollector.dll, DataCollector: Start Request Processing.
TpTrace Information: 0 : 10436, 1, 2021/11/26, 15:14:30.568, 371753651942, datacollector.dll, DataCollectionRequestHandler.ProcessRequests : Datacollector received message: (DataCollection.BeforeTestRunStart) -> {
  "SettingsXml": "<RunSettings><RunConfiguration><ResultsDirectory>C:\\Users\\User\\Documents\\GitHub\\Grupa-3-Verifikovani-i-Validirani-Softverasi\\Pijaca\\Zadatak1\\bin\\Debug\\net5.0\\fine-code-coverage\\coverage-tool-output</ResultsDirectory><TargetPlatform>X64</TargetPlatform><TargetFrameworkVersion>.NETCoreApp,Version=v5.0</TargetFrameworkVersion><DesignMode>False</DesignMode><CollectSourceInformation>False</CollectSourceInformation><TestAdaptersPaths>C:\\Program Files\\dotnet\\sdk\\5.0.201\\Extensions</TestAdaptersPaths></RunConfiguration><LoggerRunSettings><Loggers><Logger friendlyName=\"blame\" enabled=\"True\" /><Logger friendlyName=\"Console\" uri=\"logger://microsoft/TestPlatform/ConsoleLogger/v1\" assemblyQualifiedName=\"Microsoft.VisualStudio.TestPlatform.CommandLine.Internal.ConsoleLogger, vstest.console, Version=15.0.0.0, Culture=neutral, PublicKeyToken=b03f5f7f11d50a3a\" codeBase=\"C:\\Program Files\\dotnet\\sdk\\5.0.201\\vstest.console.dll\" enabled=\"True\" /></Loggers></LoggerRunSettings><DataCollectionRunSettings><DataCollectors><DataCollector friendlyName=\"blame\" enabled=\"True\"><Configuration><ResultsDirectory>C:\\Users\\User\\Documents\\GitHub\\Grupa-3-Verifikovani-i-Validirani-Softverasi\\Pijaca\\Zadatak1\\bin\\Debug\\net5.0\\fine-code-coverage\\coverage-tool-output</ResultsDirectory></Configuration></DataCollector></DataCollectors></DataCollectionRunSettings></RunSettings>",
  "Sources": [
    "C:\\Users\\User\\Documents\\GitHub\\Grupa-3-Verifikovani-i-Validirani-Softverasi\\Pijaca\\Zadatak1\\bin\\Debug\\net5.0\\fine-code-coverage\\build-output\\Zadatak1.dll"
  ],
  "IsTelemetryOptedIn": false
}
TpTrace Verbose: 0 : 10436, 1, 2021/11/26, 15:14:30.625, 371753865812, datacollector.dll, TestPluginCache: Update extensions started. Skip filter = False
TpTrace Verbose: 0 : 10436, 1, 2021/11/26, 15:14:30.627, 371753870168, datacollector.dll, TestPluginCache: Using directories for assembly resolution 'C:\Program Files\dotnet\sdk\5.0.201\Extensions'.
TpTrace Verbose: 0 : 10436, 1, 2021/11/26, 15:14:30.627, 371753870583, datacollector.dll, TestPluginCache: Updated the available extensions to 'C:\Program Files\dotnet\sdk\5.0.201\Extensions\Microsoft.TestPlatform.Extensions.BlameDataCollector.dll,C:\Program Files\dotnet\sdk\5.0.201\Extensions\Microsoft.TestPlatform.Extensions.EventLogCollector.dll'.
TpTrace Verbose: 0 : 10436, 1, 2021/11/26, 15:14:30.636, 371753905965, datacollector.dll, TestPluginCache.DiscoverTestExtensions: finding test extensions in assemblies ends with: Collector.dll TPluginInfo: Microsoft.VisualStudio.TestPlatform.Common.DataCollector.DataCollectorConfig TExtension: Microsoft.VisualStudio.TestPlatform.ObjectModel.DataCollection.DataCollector
TpTrace Verbose: 0 : 10436, 1, 2021/11/26, 15:14:30.637, 371753907322, datacollector.dll, TestPluginCache.GetExtensionPaths: Filtered extension paths: C:\Program Files\dotnet\sdk\5.0.201\Extensions\Microsoft.TestPlatform.Extensions.BlameDataCollector.dll
C:\Program Files\dotnet\sdk\5.0.201\Extensions\Microsoft.TestPlatform.Extensions.EventLogCollector.dll
TpTrace Verbose: 0 : 10436, 1, 2021/11/26, 15:14:30.637, 371753907664, datacollector.dll, TestPluginCache.GetExtensionPaths: Added default extension paths: 
TpTrace Verbose: 0 : 10436, 1, 2021/11/26, 15:14:30.637, 371753907887, datacollector.dll, TestPluginCache.GetExtensionPaths: Added unfilterableExtensionPaths: 
TpTrace Information: 0 : 10436, 1, 2021/11/26, 15:14:30.638, 371753911442, datacollector.dll, AssemblyResolver.ctor: Creating AssemblyResolver with searchDirectories C:\Program Files\dotnet\sdk\5.0.201\Extensions,C:\Program Files\dotnet\sdk\5.0.201
TpTrace Verbose: 0 : 10436, 1, 2021/11/26, 15:14:30.640, 371753918455, datacollector.dll, TestPluginCache.DiscoverTestExtensions: Discovering the extensions using extension path.
TpTrace Verbose: 0 : 10436, 1, 2021/11/26, 15:14:30.640, 371753919865, datacollector.dll, TestPluginCache.GetExtensionPaths: Filtered extension paths: C:\Program Files\dotnet\sdk\5.0.201\Extensions\Microsoft.TestPlatform.Extensions.BlameDataCollector.dll
C:\Program Files\dotnet\sdk\5.0.201\Extensions\Microsoft.TestPlatform.Extensions.EventLogCollector.dll
TpTrace Verbose: 0 : 10436, 1, 2021/11/26, 15:14:30.640, 371753920203, datacollector.dll, TestPluginCache.GetExtensionPaths: Added default extension paths: 
TpTrace Verbose: 0 : 10436, 1, 2021/11/26, 15:14:30.640, 371753920396, datacollector.dll, TestPluginCache.GetExtensionPaths: Added unfilterableExtensionPaths: 
TpTrace Verbose: 0 : 10436, 1, 2021/11/26, 15:14:30.640, 371753920775, datacollector.dll, TestPluginCache.DiscoverTestExtensions: Discovering the extensions using allExtensionPaths: C:\Program Files\dotnet\sdk\5.0.201\Extensions\Microsoft.TestPlatform.Extensions.BlameDataCollector.dll
C:\Program Files\dotnet\sdk\5.0.201\Extensions\Microsoft.TestPlatform.Extensions.EventLogCollector.dll
TpTrace Information: 0 : 10436, 1, 2021/11/26, 15:14:30.641, 371753921418, datacollector.dll, AssemblyResolver.AddSearchDirectories: Adding more searchDirectories C:\Program Files\dotnet\sdk\5.0.201\Extensions,C:\Program Files\dotnet\sdk\5.0.201
TpTrace Information: 0 : 10436, 1, 2021/11/26, 15:14:30.641, 371753921818, datacollector.dll, AssemblyResolver.AddSearchDirectories: Adding more searchDirectories C:\Program Files\dotnet\sdk\5.0.201\Extensions,C:\Program Files\dotnet\sdk\5.0.201
TpTrace Information: 0 : 10436, 1, 2021/11/26, 15:14:30.641, 371753924361, datacollector.dll, AssemblyResolver.OnResolve: Microsoft.TestPlatform.Extensions.BlameDataCollector: Resolving assembly.
TpTrace Information: 0 : 10436, 1, 2021/11/26, 15:14:30.643, 371753929005, datacollector.dll, AssemblyResolver.OnResolve: Resolved assembly: Microsoft.TestPlatform.Extensions.BlameDataCollector, from path: C:\Program Files\dotnet\sdk\5.0.201\Extensions\Microsoft.TestPlatform.Extensions.BlameDataCollector.dll
TpTrace Error: 0 : 10436, 1, 2021/11/26, 15:14:30.644, 371753936157, datacollector.dll, The type "Microsoft.TestPlatform.Extensions.BlameDataCollector.BlameCollector" defined in "Microsoft.TestPlatform.Extensions.BlameDataCollector.dll" does not have ExtensionUri attribute.
TpTrace Information: 0 : 10436, 1, 2021/11/26, 15:14:30.668, 371754021572, datacollector.dll, AssemblyResolver.OnResolve: Microsoft.TestPlatform.Extensions.EventLogCollector: Resolving assembly.
TpTrace Information: 0 : 10436, 1, 2021/11/26, 15:14:30.668, 371754024578, datacollector.dll, AssemblyResolver.OnResolve: Resolved assembly: Microsoft.TestPlatform.Extensions.EventLogCollector, from path: C:\Program Files\dotnet\sdk\5.0.201\Extensions\Microsoft.TestPlatform.Extensions.EventLogCollector.dll
TpTrace Error: 0 : 10436, 1, 2021/11/26, 15:14:30.671, 371754032894, datacollector.dll, The type "Microsoft.TestPlatform.Extensions.EventLogCollector.EventLogDataCollector" defined in "Microsoft.TestPlatform.Extensions.EventLogCollector.dll" does not have ExtensionUri attribute.
TpTrace Verbose: 0 : 10436, 1, 2021/11/26, 15:14:30.671, 371754035178, datacollector.dll, TestPluginCache: Discovered the extensions using extension path 'C:\Program Files\dotnet\sdk\5.0.201\Extensions\Microsoft.TestPlatform.Extensions.BlameDataCollector.dll,C:\Program Files\dotnet\sdk\5.0.201\Extensions\Microsoft.TestPlatform.Extensions.EventLogCollector.dll'.
TpTrace Verbose: 0 : 10436, 1, 2021/11/26, 15:14:30.671, 371754035579, datacollector.dll, TestPluginCache: Discoverers are ''.
TpTrace Verbose: 0 : 10436, 1, 2021/11/26, 15:14:30.671, 371754035756, datacollector.dll, TestPluginCache: Executors are ''.
TpTrace Verbose: 0 : 10436, 1, 2021/11/26, 15:14:30.671, 371754035904, datacollector.dll, TestPluginCache: Executors2 are ''.
TpTrace Verbose: 0 : 10436, 1, 2021/11/26, 15:14:30.671, 371754036049, datacollector.dll, TestPluginCache: Setting providers are ''.
TpTrace Verbose: 0 : 10436, 1, 2021/11/26, 15:14:30.671, 371754036194, datacollector.dll, TestPluginCache: Loggers are ''.
TpTrace Information: 0 : 10436, 1, 2021/11/26, 15:14:30.674, 371754043998, datacollector.dll, TestPluginManager.CreateTestExtension: Attempting to load test extension: Microsoft.TestPlatform.Extensions.BlameDataCollector.BlameCollector
TpTrace Error: 0 : 10436, 1, 2021/11/26, 15:14:30.675, 371754047445, datacollector.dll, The type "Microsoft.TestPlatform.Extensions.BlameDataCollector.BlameCollector" defined in "Microsoft.TestPlatform.Extensions.BlameDataCollector.dll" does not have ExtensionUri attribute.
TpTrace Information: 0 : 10436, 1, 2021/11/26, 15:14:30.684, 371754080780, datacollector.dll, Listening on Endpoint : 127.0.0.1:60725
TpTrace Information: 0 : 10436, 1, 2021/11/26, 15:14:30.696, 371754127231, datacollector.dll, DataCollectionRequestHandler.ProcessRequests : DataCollection started.
TpTrace Information: 0 : 10436, 1, 2021/11/26, 15:14:30.731, 371754257586, datacollector.dll, DataCollectionRequestHandler.ProcessRequests : Datacollector received message: (DataCollection.TestHostLaunched) -> {
  "ProcessId": 6460
}
TpTrace Information: 0 : 10436, 6, 2021/11/26, 15:14:31.108, 371755652017, datacollector.dll, Using the buffer size of 16384 bytes
TpTrace Information: 0 : 10436, 6, 2021/11/26, 15:14:31.108, 371755652493, datacollector.dll, Accepted Client request and set the flag
TpTrace Information: 0 : 10436, 5, 2021/11/26, 15:14:31.763, 371758078388, datacollector.dll, DataCollectionTestCaseEventHandler: Test case starting.
TpTrace Information: 0 : 10436, 5, 2021/11/26, 15:14:31.829, 371758323141, datacollector.dll, Blame Collector : Test Case Start
TpTrace Information: 0 : 10436, 5, 2021/11/26, 15:14:31.833, 371758337251, datacollector.dll, DataCollectionTestCaseEventHandler: Test case 'TestPogresnaSifra - 6b10294d-693c-8bde-94d8-97ba1474c65a' started.
TpTrace Information: 0 : 10436, 5, 2021/11/26, 15:14:31.929, 371758694014, datacollector.dll, DataCollectionTestCaseEventHandler : Test case completing.
TpTrace Information: 0 : 10436, 5, 2021/11/26, 15:14:31.936, 371758720560, datacollector.dll, Blame Collector : Test Case End
TpTrace Information: 0 : 10436, 5, 2021/11/26, 15:14:31.944, 371758750508, datacollector.dll, DataCollectionTestCaseEventHandler: Test case 'TestPogresnaSifra - 6b10294d-693c-8bde-94d8-97ba1474c65a' completed
TpTrace Information: 0 : 10436, 5, 2021/11/26, 15:14:31.963, 371758821755, datacollector.dll, DataCollectionTestCaseEventHandler: Test case starting.
TpTrace Information: 0 : 10436, 5, 2021/11/26, 15:14:31.965, 371758826208, datacollector.dll, Blame Collector : Test Case Start
TpTrace Information: 0 : 10436, 5, 2021/11/26, 15:14:31.965, 371758827286, datacollector.dll, DataCollectionTestCaseEventHandler: Test case 'TestAktivnosti - 03d44b12-18f4-0cbe-1c33-4094b2186c06' started.
TpTrace Information: 0 : 10436, 5, 2021/11/26, 15:14:31.968, 371758839685, datacollector.dll, DataCollectionTestCaseEventHandler : Test case completing.
TpTrace Information: 0 : 10436, 5, 2021/11/26, 15:14:31.969, 371758844046, datacollector.dll, Blame Collector : Test Case End
TpTrace Information: 0 : 10436, 5, 2021/11/26, 15:14:31.970, 371758845180, datacollector.dll, DataCollectionTestCaseEventHandler: Test case 'TestAktivnosti - 03d44b12-18f4-0cbe-1c33-4094b2186c06' completed
TpTrace Information: 0 : 10436, 5, 2021/11/26, 15:14:31.972, 371758853499, datacollector.dll, DataCollectionTestCaseEventHandler: Test case starting.
TpTrace Information: 0 : 10436, 5, 2021/11/26, 15:14:31.973, 371758858615, datacollector.dll, Blame Collector : Test Case Start
TpTrace Information: 0 : 10436, 5, 2021/11/26, 15:14:31.974, 371758860066, datacollector.dll, DataCollectionTestCaseEventHandler: Test case 'TestPogresnihPodataka - c0b925a7-8cbd-7c38-aa41-59795ea98c0e' started.
TpTrace Information: 0 : 10436, 5, 2021/11/26, 15:14:31.977, 371758871477, datacollector.dll, DataCollectionTestCaseEventHandler : Test case completing.
TpTrace Information: 0 : 10436, 5, 2021/11/26, 15:14:31.978, 371758876070, datacollector.dll, Blame Collector : Test Case End
TpTrace Information: 0 : 10436, 5, 2021/11/26, 15:14:31.978, 371758877201, datacollector.dll, DataCollectionTestCaseEventHandler: Test case 'TestPogresnihPodataka - c0b925a7-8cbd-7c38-aa41-59795ea98c0e' completed
TpTrace Information: 0 : 10436, 5, 2021/11/26, 15:14:31.980, 371758884448, datacollector.dll, DataCollectionTestCaseEventHandler: Test case starting.
TpTrace Information: 0 : 10436, 5, 2021/11/26, 15:14:31.981, 371758888750, datacollector.dll, Blame Collector : Test Case Start
TpTrace Information: 0 : 10436, 5, 2021/11/26, 15:14:31.983, 371758893925, datacollector.dll, DataCollectionTestCaseEventHandler: Test case 'TestPovecanjaPrometa - e24cc8fb-745b-e81c-73f9-2fc994551ca5' started.
TpTrace Information: 0 : 10436, 5, 2021/11/26, 15:14:31.987, 371758910480, datacollector.dll, DataCollectionTestCaseEventHandler : Test case completing.
TpTrace Information: 0 : 10436, 5, 2021/11/26, 15:14:31.988, 371758914519, datacollector.dll, Blame Collector : Test Case End
TpTrace Information: 0 : 10436, 5, 2021/11/26, 15:14:31.989, 371758915598, datacollector.dll, DataCollectionTestCaseEventHandler: Test case 'TestPovecanjaPrometa - e24cc8fb-745b-e81c-73f9-2fc994551ca5' completed
TpTrace Information: 0 : 10436, 5, 2021/11/26, 15:14:31.991, 371758922754, datacollector.dll, DataCollectionTestCaseEventHandler: Test case starting.
TpTrace Information: 0 : 10436, 5, 2021/11/26, 15:14:31.992, 371758927211, datacollector.dll, Blame Collector : Test Case Start
TpTrace Information: 0 : 10436, 5, 2021/11/26, 15:14:31.992, 371758928459, datacollector.dll, DataCollectionTestCaseEventHandler: Test case 'TestNegativnogPrometa - e1e62ecb-27da-a0d2-0bac-6daf339d1ad6' started.
TpTrace Information: 0 : 10436, 5, 2021/11/26, 15:14:31.995, 371758938466, datacollector.dll, DataCollectionTestCaseEventHandler : Test case completing.
TpTrace Information: 0 : 10436, 5, 2021/11/26, 15:14:31.996, 371758942878, datacollector.dll, Blame Collector : Test Case End
TpTrace Information: 0 : 10436, 5, 2021/11/26, 15:14:31.996, 371758944065, datacollector.dll, DataCollectionTestCaseEventHandler: Test case 'TestNegativnogPrometa - e1e62ecb-27da-a0d2-0bac-6daf339d1ad6' completed
TpTrace Information: 0 : 10436, 5, 2021/11/26, 15:14:32.010, 371758994395, datacollector.dll, DataCollectionTestCaseEventHandler: Test session ended
TpTrace Information: 0 : 10436, 1, 2021/11/26, 15:14:32.150, 371759513626, datacollector.dll, DataCollectionRequestHandler.ProcessRequests : Datacollector received message: (DataCollection.AfterTestRunEnd) -> false
TpTrace Information: 0 : 10436, 1, 2021/11/26, 15:14:32.151, 371759517697, datacollector.dll, Blame Collector : Session End
TpTrace Information: 0 : 10436, 1, 2021/11/26, 15:14:32.151, 371759518305, datacollector.dll, BlameCollector.CollectDumpAndAbortTesthost: Custom path to dump directory was provided via VSTEST_DUMP_PATH. Skipping attachment upload, the caller is responsible for collecting and uploading the dumps themselves.
TpTrace Information: 0 : 10436, 1, 2021/11/26, 15:14:32.152, 371759519363, datacollector.dll, DataCollectionManager.CleanupPlugins: CleanupPlugins called
TpTrace Verbose: 0 : 10436, 1, 2021/11/26, 15:14:32.152, 371759519628, datacollector.dll, DataCollectionManager.CleanupPlugins: Cleaning up 1 plugins
TpTrace Verbose: 0 : 10436, 1, 2021/11/26, 15:14:32.152, 371759520245, datacollector.dll, dataCollectorInfo.DisposeDataCollector: calling Dispose() on Microsoft.TestPlatform.Extensions.BlameDataCollector.BlameCollector
TpTrace Information: 0 : 10436, 1, 2021/11/26, 15:14:32.152, 371759520653, datacollector.dll, DataCollectionManager.CleanupPlugins: CleanupPlugins finished
TpTrace Information: 0 : 10436, 1, 2021/11/26, 15:14:32.157, 371759540651, datacollector.dll, DataCollectionRequestHandler.ProcessRequests : Session End message received from server. Closing the connection.
TpTrace Information: 0 : 10436, 1, 2021/11/26, 15:14:32.158, 371759541915, datacollector.dll, Closing the connection !
TpTrace Information: 0 : 10436, 1, 2021/11/26, 15:14:32.158, 371759542158, datacollector.dll, DataCollectionRequestHandler.ProcessRequests : DataCollection completed
TpTrace Information: 0 : 10436, 1, 2021/11/26, 15:14:32.158, 371759542337, datacollector.dll, Program.Main: exiting datacollector process.
