TpTrace Verbose: 0 : 2904, 1, 2021/11/18, 00:12:32.929, 269167503576, testhost.dll, Version: 16.9.4
TpTrace Information: 0 : 2904, 1, 2021/11/18, 00:12:32.937, 269167558336, testhost.dll, DefaultEngineInvoker.Invoke: Testhost process started with args :[--port, 59024],[--endpoint, 127.0.0.1:059024],[--role, client],[--parentprocessid, 8912],[--diag, C:\Users\Armin\Documents\GitHub\Grupa-3-Verifikovani-i-Validirani-Softverasi\Pijaca\Zadatak1\bin\Debug\net5.0\fine-code-coverage\coverage-tool-output\diagnostics.host.21-11-18_00-12-32_78083_4.log],[--tracelevel, 4],[--datacollectionport, 59023],[--telemetryoptedin, false]
TpTrace Information: 0 : 2904, 1, 2021/11/18, 00:12:32.939, 269167578950, testhost.dll, Setting up debug trace listener.
TpTrace Verbose: 0 : 2904, 1, 2021/11/18, 00:12:32.940, 269167582130, testhost.dll, TestPlatformTraceListener.Setup: Replacing listener 0 with TestHostTraceListener.
TpTrace Verbose: 0 : 2904, 1, 2021/11/18, 00:12:32.940, 269167583110, testhost.dll, TestPlatformTraceListener.Setup: Added test platform trace listener.
TpTrace Information: 0 : 2904, 1, 2021/11/18, 00:12:32.940, 269167589096, testhost.dll, DefaultEngineInvoker.SetParentProcessExitCallback: Monitoring parent process with id: '8912'
TpTrace Information: 0 : 2904, 1, 2021/11/18, 00:12:32.948, 269167665463, testhost.dll, DefaultEngineInvoker.GetConnectionInfo: Initialize communication on endpoint address: '127.0.0.1:059024'
TpTrace Information: 0 : 2904, 1, 2021/11/18, 00:12:32.966, 269167842236, testhost.dll, SocketClient.Start: connecting to server endpoint: 127.0.0.1:059024
TpTrace Information: 0 : 2904, 1, 2021/11/18, 00:12:32.975, 269167932379, testhost.dll, DefaultEngineInvoker.ConnectToDatacollector: Connecting to datacollector, port: 59023
TpTrace Information: 0 : 2904, 6, 2021/11/18, 00:12:32.976, 269167941602, testhost.dll, SocketClient.OnServerConnected: connected to server endpoint: 127.0.0.1:059024
TpTrace Verbose: 0 : 2904, 6, 2021/11/18, 00:12:32.977, 269167957192, testhost.dll, Connected to server, and starting MessageLoopAsync
TpTrace Information: 0 : 2904, 1, 2021/11/18, 00:12:32.977, 269167961549, testhost.dll, Trying to connect to server on socket : 127.0.0.1:59023 
TpTrace Verbose: 0 : 2904, 1, 2021/11/18, 00:12:32.978, 269167964948, testhost.dll, SocketCommunicationManager : SetupClientAsync : Attempting to connect to the server.
TpTrace Information: 0 : 2904, 9, 2021/11/18, 00:12:32.979, 269167980225, testhost.dll, Connected to the server successfully 
TpTrace Information: 0 : 2904, 9, 2021/11/18, 00:12:32.979, 269167981383, testhost.dll, Using the buffer size of 16384 bytes
TpTrace Verbose: 0 : 2904, 6, 2021/11/18, 00:12:32.980, 269167983877, testhost.dll, TcpClientExtensions.MessageLoopAsync: Polling on remoteEndPoint: [::ffff:127.0.0.1]:59024 localEndPoint: [::ffff:127.0.0.1]:59025
TpTrace Information: 0 : 2904, 1, 2021/11/18, 00:12:32.980, 269167985188, testhost.dll, DefaultEngineInvoker.Invoke: Start Request Processing.
TpTrace Verbose: 0 : 2904, 6, 2021/11/18, 00:12:32.981, 269168000051, testhost.dll, TcpClientExtensions.MessageLoopAsync: NotifyDataAvailable remoteEndPoint: [::ffff:127.0.0.1]:59024 localEndPoint: [::ffff:127.0.0.1]:59025
TpTrace Information: 0 : 2904, 11, 2021/11/18, 00:12:32.982, 269168006360, testhost.dll, DefaultEngineInvoker.StartProcessingAsync: Connected to vstest.console, Starting process requests.
TpTrace Information: 0 : 2904, 6, 2021/11/18, 00:12:33.123, 269169414974, testhost.dll, TestRequestHandler.ProcessRequests: received message: (ProtocolVersion) -> 5
TpTrace Verbose: 0 : 2904, 6, 2021/11/18, 00:12:33.152, 269169711363, testhost.dll, TestRequestHandler.SendData:  sending data from testhost: {"Version":5,"MessageType":"TestSession.Message","Payload":{"MessageLevel":0,"Message":"Logging TestHost Diagnostics in file: C:\\Users\\Armin\\Documents\\GitHub\\Grupa-3-Verifikovani-i-Validirani-Softverasi\\Pijaca\\Zadatak1\\bin\\Debug\\net5.0\\fine-code-coverage\\coverage-tool-output\\diagnostics.host.21-11-18_00-12-32_78083_4.log"}}
TpTrace Verbose: 0 : 2904, 6, 2021/11/18, 00:12:33.153, 269169714805, testhost.dll, TcpClientExtensions.MessageLoopAsync: Polling on remoteEndPoint: [::ffff:127.0.0.1]:59024 localEndPoint: [::ffff:127.0.0.1]:59025
TpTrace Verbose: 0 : 2904, 6, 2021/11/18, 00:12:33.153, 269169717731, testhost.dll, TcpClientExtensions.MessageLoopAsync: NotifyDataAvailable remoteEndPoint: [::ffff:127.0.0.1]:59024 localEndPoint: [::ffff:127.0.0.1]:59025
TpTrace Information: 0 : 2904, 6, 2021/11/18, 00:12:33.157, 269169754505, testhost.dll, TestRequestHandler.ProcessRequests: received message: (TestExecution.Initialize) -> [
  "C:\\Users\\Armin\\Documents\\GitHub\\Grupa-3-Verifikovani-i-Validirani-Softverasi\\Pijaca\\Zadatak1\\bin\\Debug\\net5.0\\fine-code-coverage\\build-output\\Microsoft.VisualStudio.TestPlatform.MSTest.TestAdapter.dll"
]
TpTrace Information: 0 : 2904, 6, 2021/11/18, 00:12:33.157, 269169756087, testhost.dll, Execution Session Initialize.
TpTrace Verbose: 0 : 2904, 6, 2021/11/18, 00:12:33.163, 269169814291, testhost.dll, TcpClientExtensions.MessageLoopAsync: Polling on remoteEndPoint: [::ffff:127.0.0.1]:59024 localEndPoint: [::ffff:127.0.0.1]:59025
TpTrace Verbose: 0 : 2904, 6, 2021/11/18, 00:12:33.163, 269169815927, testhost.dll, TcpClientExtensions.MessageLoopAsync: NotifyDataAvailable remoteEndPoint: [::ffff:127.0.0.1]:59024 localEndPoint: [::ffff:127.0.0.1]:59025
TpTrace Verbose: 0 : 2904, 4, 2021/11/18, 00:12:33.166, 269169844882, testhost.dll, TestExecutorService: Loading the extensions
TpTrace Information: 0 : 2904, 6, 2021/11/18, 00:12:33.166, 269169847402, testhost.dll, TestRequestHandler.ProcessRequests: received message: (TestExecution.StartWithSources) -> {
  "AdapterSourceMap": {
    "_none_": [
      "C:\\Users\\Armin\\Documents\\GitHub\\Grupa-3-Verifikovani-i-Validirani-Softverasi\\Pijaca\\Zadatak1\\bin\\Debug\\net5.0\\fine-code-coverage\\build-output\\Zadatak1.dll"
    ]
  },
  "RunSettings": "<RunSettings>\r\n  <RunConfiguration>\r\n    <ResultsDirectory>C:\\Users\\Armin\\Documents\\GitHub\\Grupa-3-Verifikovani-i-Validirani-Softverasi\\Pijaca\\Zadatak1\\bin\\Debug\\net5.0\\fine-code-coverage\\coverage-tool-output</ResultsDirectory>\r\n    <TargetPlatform>X64</TargetPlatform>\r\n    <TargetFrameworkVersion>.NETCoreApp,Version=v5.0</TargetFrameworkVersion>\r\n    <DesignMode>False</DesignMode>\r\n    <CollectSourceInformation>False</CollectSourceInformation>\r\n  </RunConfiguration>\r\n  <LoggerRunSettings>\r\n    <Loggers>\r\n      <Logger friendlyName=\"blame\" enabled=\"True\" />\r\n      <Logger friendlyName=\"Console\" uri=\"logger://microsoft/TestPlatform/ConsoleLogger/v1\" assemblyQualifiedName=\"Microsoft.VisualStudio.TestPlatform.CommandLine.Internal.ConsoleLogger, vstest.console, Version=15.0.0.0, Culture=neutral, PublicKeyToken=b03f5f7f11d50a3a\" codeBase=\"C:\\Program Files\\dotnet\\sdk\\5.0.402\\vstest.console.dll\" enabled=\"True\" />\r\n    </Loggers>\r\n  </LoggerRunSettings>\r\n  <DataCollectionRunSettings>\r\n    <DataCollectors>\r\n      <DataCollector friendlyName=\"blame\" enabled=\"True\">\r\n        <Configuration>\r\n          <ResultsDirectory>C:\\Users\\Armin\\Documents\\GitHub\\Grupa-3-Verifikovani-i-Validirani-Softverasi\\Pijaca\\Zadatak1\\bin\\Debug\\net5.0\\fine-code-coverage\\coverage-tool-output</ResultsDirectory>\r\n        </Configuration>\r\n      </DataCollector>\r\n    </DataCollectors>\r\n  </DataCollectionRunSettings>\r\n</RunSettings>",
  "TestExecutionContext": {
    "FrequencyOfRunStatsChangeEvent": 10,
    "RunStatsChangeEventTimeout": "00:00:01.5000000",
    "InIsolation": false,
    "KeepAlive": false,
    "AreTestCaseLevelEventsRequired": false,
    "IsDebug": false,
    "TestCaseFilter": null,
    "FilterOptions": null
  },
  "Package": null
}
TpTrace Information: 0 : 2904, 6, 2021/11/18, 00:12:33.166, 269169849405, testhost.dll, Execution started.
TpTrace Verbose: 0 : 2904, 4, 2021/11/18, 00:12:33.168, 269169863842, testhost.dll, TestPluginCache.DiscoverTestExtensions: finding test extensions in assemblies ends with: TestAdapter.dll TPluginInfo: Microsoft.VisualStudio.TestPlatform.Common.ExtensionFramework.Utilities.TestExecutorPluginInformation TExtension: Microsoft.VisualStudio.TestPlatform.ObjectModel.Adapter.ITestExecutor
TpTrace Verbose: 0 : 2904, 4, 2021/11/18, 00:12:33.169, 269169875234, testhost.dll, TestPluginCache.GetExtensionPaths: Filtered extension paths: 
TpTrace Verbose: 0 : 2904, 4, 2021/11/18, 00:12:33.169, 269169878789, testhost.dll, TestPluginCache.GetExtensionPaths: Added default extension paths: C:\Users\Armin\Documents\GitHub\Grupa-3-Verifikovani-i-Validirani-Softverasi\Pijaca\Zadatak1\bin\Debug\net5.0\fine-code-coverage\build-output\Microsoft.VisualStudio.TestPlatform.MSTest.TestAdapter.dll
TpTrace Verbose: 0 : 2904, 4, 2021/11/18, 00:12:33.169, 269169879387, testhost.dll, TestPluginCache.GetExtensionPaths: Added unfilterableExtensionPaths: 
TpTrace Information: 0 : 2904, 4, 2021/11/18, 00:12:33.171, 269169899542, testhost.dll, AssemblyResolver.ctor: Creating AssemblyResolver with searchDirectories C:\Users\Armin\Documents\GitHub\Grupa-3-Verifikovani-i-Validirani-Softverasi\Pijaca\Zadatak1\bin\Debug\net5.0\fine-code-coverage\build-output
TpTrace Verbose: 0 : 2904, 4, 2021/11/18, 00:12:33.173, 269169915133, testhost.dll, TestPluginCache.DiscoverTestExtensions: Discovering the extensions using extension path.
TpTrace Verbose: 0 : 2904, 4, 2021/11/18, 00:12:33.173, 269169917134, testhost.dll, TestPluginCache.GetExtensionPaths: Filtered extension paths: 
TpTrace Verbose: 0 : 2904, 4, 2021/11/18, 00:12:33.173, 269169917978, testhost.dll, TestPluginCache.GetExtensionPaths: Added default extension paths: C:\Users\Armin\Documents\GitHub\Grupa-3-Verifikovani-i-Validirani-Softverasi\Pijaca\Zadatak1\bin\Debug\net5.0\fine-code-coverage\build-output\Microsoft.VisualStudio.TestPlatform.MSTest.TestAdapter.dll
TpTrace Verbose: 0 : 2904, 4, 2021/11/18, 00:12:33.173, 269169918265, testhost.dll, TestPluginCache.GetExtensionPaths: Added unfilterableExtensionPaths: 
TpTrace Verbose: 0 : 2904, 4, 2021/11/18, 00:12:33.173, 269169919216, testhost.dll, TestPluginCache.DiscoverTestExtensions: Discovering the extensions using allExtensionPaths: C:\Users\Armin\Documents\GitHub\Grupa-3-Verifikovani-i-Validirani-Softverasi\Pijaca\Zadatak1\bin\Debug\net5.0\fine-code-coverage\build-output\Microsoft.VisualStudio.TestPlatform.MSTest.TestAdapter.dll
TpTrace Information: 0 : 2904, 4, 2021/11/18, 00:12:33.174, 269169926606, testhost.dll, AssemblyResolver.AddSearchDirectories: Adding more searchDirectories C:\Users\Armin\Documents\GitHub\Grupa-3-Verifikovani-i-Validirani-Softverasi\Pijaca\Zadatak1\bin\Debug\net5.0\fine-code-coverage\build-output
TpTrace Information: 0 : 2904, 4, 2021/11/18, 00:12:33.178, 269169965421, testhost.dll, AssemblyResolver.OnResolve: Microsoft.VisualStudio.TestPlatform.MSTest.TestAdapter: Resolving assembly.
TpTrace Information: 0 : 2904, 4, 2021/11/18, 00:12:33.179, 269169980586, testhost.dll, AssemblyResolver.OnResolve: Resolved assembly: Microsoft.VisualStudio.TestPlatform.MSTest.TestAdapter, from path: C:\Users\Armin\Documents\GitHub\Grupa-3-Verifikovani-i-Validirani-Softverasi\Pijaca\Zadatak1\bin\Debug\net5.0\fine-code-coverage\build-output\Microsoft.VisualStudio.TestPlatform.MSTest.TestAdapter.dll
TpTrace Verbose: 0 : 2904, 4, 2021/11/18, 00:12:33.187, 269170053527, testhost.dll, TestPluginCache: Discovered the extensions using extension path ''.
TpTrace Verbose: 0 : 2904, 4, 2021/11/18, 00:12:33.187, 269170057743, testhost.dll, TestPluginCache: Discoverers are ''.
TpTrace Verbose: 0 : 2904, 4, 2021/11/18, 00:12:33.187, 269170058599, testhost.dll, TestPluginCache: Executors are 'executor://MSTestAdapter/v2'.
TpTrace Verbose: 0 : 2904, 4, 2021/11/18, 00:12:33.187, 269170059178, testhost.dll, TestPluginCache: Executors2 are ''.
TpTrace Verbose: 0 : 2904, 4, 2021/11/18, 00:12:33.187, 269170059822, testhost.dll, TestPluginCache: Setting providers are ''.
TpTrace Verbose: 0 : 2904, 4, 2021/11/18, 00:12:33.187, 269170060366, testhost.dll, TestPluginCache: Loggers are ''.
TpTrace Verbose: 0 : 2904, 6, 2021/11/18, 00:12:33.189, 269170079453, testhost.dll, TcpClientExtensions.MessageLoopAsync: Polling on remoteEndPoint: [::ffff:127.0.0.1]:59024 localEndPoint: [::ffff:127.0.0.1]:59025
TpTrace Verbose: 0 : 2904, 4, 2021/11/18, 00:12:33.190, 269170085018, testhost.dll, TestPluginCache.DiscoverTestExtensions: finding test extensions in assemblies ends with: TestAdapter.dll TPluginInfo: Microsoft.VisualStudio.TestPlatform.Common.ExtensionFramework.Utilities.TestExecutorPluginInformation2 TExtension: Microsoft.VisualStudio.TestPlatform.ObjectModel.Adapter.ITestExecutor2
TpTrace Verbose: 0 : 2904, 4, 2021/11/18, 00:12:33.190, 269170087810, testhost.dll, TestPluginCache.GetExtensionPaths: Filtered extension paths: 
TpTrace Verbose: 0 : 2904, 4, 2021/11/18, 00:12:33.190, 269170088436, testhost.dll, TestPluginCache.GetExtensionPaths: Added default extension paths: C:\Users\Armin\Documents\GitHub\Grupa-3-Verifikovani-i-Validirani-Softverasi\Pijaca\Zadatak1\bin\Debug\net5.0\fine-code-coverage\build-output\Microsoft.VisualStudio.TestPlatform.MSTest.TestAdapter.dll
TpTrace Verbose: 0 : 2904, 4, 2021/11/18, 00:12:33.190, 269170088731, testhost.dll, TestPluginCache.GetExtensionPaths: Added unfilterableExtensionPaths: 
TpTrace Information: 0 : 2904, 4, 2021/11/18, 00:12:33.190, 269170091216, testhost.dll, AssemblyResolver.AddSearchDirectories: Adding more searchDirectories C:\Users\Armin\Documents\GitHub\Grupa-3-Verifikovani-i-Validirani-Softverasi\Pijaca\Zadatak1\bin\Debug\net5.0\fine-code-coverage\build-output
TpTrace Verbose: 0 : 2904, 4, 2021/11/18, 00:12:33.191, 269170092654, testhost.dll, TestPluginCache.DiscoverTestExtensions: Discovering the extensions using extension path.
TpTrace Verbose: 0 : 2904, 4, 2021/11/18, 00:12:33.191, 269170093789, testhost.dll, TestPluginCache.GetExtensionPaths: Filtered extension paths: 
TpTrace Verbose: 0 : 2904, 4, 2021/11/18, 00:12:33.191, 269170094886, testhost.dll, TestPluginCache.GetExtensionPaths: Added default extension paths: C:\Users\Armin\Documents\GitHub\Grupa-3-Verifikovani-i-Validirani-Softverasi\Pijaca\Zadatak1\bin\Debug\net5.0\fine-code-coverage\build-output\Microsoft.VisualStudio.TestPlatform.MSTest.TestAdapter.dll
TpTrace Verbose: 0 : 2904, 4, 2021/11/18, 00:12:33.191, 269170095208, testhost.dll, TestPluginCache.GetExtensionPaths: Added unfilterableExtensionPaths: 
TpTrace Verbose: 0 : 2904, 4, 2021/11/18, 00:12:33.191, 269170096290, testhost.dll, TestPluginCache.DiscoverTestExtensions: Discovering the extensions using allExtensionPaths: C:\Users\Armin\Documents\GitHub\Grupa-3-Verifikovani-i-Validirani-Softverasi\Pijaca\Zadatak1\bin\Debug\net5.0\fine-code-coverage\build-output\Microsoft.VisualStudio.TestPlatform.MSTest.TestAdapter.dll
TpTrace Information: 0 : 2904, 4, 2021/11/18, 00:12:33.191, 269170097460, testhost.dll, AssemblyResolver.AddSearchDirectories: Adding more searchDirectories C:\Users\Armin\Documents\GitHub\Grupa-3-Verifikovani-i-Validirani-Softverasi\Pijaca\Zadatak1\bin\Debug\net5.0\fine-code-coverage\build-output
TpTrace Verbose: 0 : 2904, 4, 2021/11/18, 00:12:33.191, 269170100962, testhost.dll, TestPluginCache: Discovered the extensions using extension path ''.
TpTrace Verbose: 0 : 2904, 4, 2021/11/18, 00:12:33.192, 269170102288, testhost.dll, TestPluginCache: Discoverers are ''.
TpTrace Verbose: 0 : 2904, 4, 2021/11/18, 00:12:33.192, 269170103527, testhost.dll, TestPluginCache: Executors are 'executor://MSTestAdapter/v2'.
TpTrace Verbose: 0 : 2904, 4, 2021/11/18, 00:12:33.192, 269170104961, testhost.dll, TestPluginCache: Executors2 are ''.
TpTrace Verbose: 0 : 2904, 4, 2021/11/18, 00:12:33.192, 269170105354, testhost.dll, TestPluginCache: Setting providers are ''.
TpTrace Verbose: 0 : 2904, 4, 2021/11/18, 00:12:33.192, 269170105613, testhost.dll, TestPluginCache: Loggers are ''.
TpTrace Information: 0 : 2904, 4, 2021/11/18, 00:12:33.198, 269170163386, testhost.dll, TestPluginManager.CreateTestExtension: Attempting to load test extension: Microsoft.VisualStudio.TestPlatform.MSTest.TestAdapter.MSTestExecutor
TpTrace Verbose: 0 : 2904, 4, 2021/11/18, 00:12:33.205, 269170235896, testhost.dll, TestExecutorExtensionManager: Loading executor Microsoft.VisualStudio.TestPlatform.MSTest.TestAdapter.MSTestExecutor
TpTrace Verbose: 0 : 2904, 4, 2021/11/18, 00:12:33.205, 269170238283, testhost.dll, TestExecutorService: Loaded the executors
TpTrace Verbose: 0 : 2904, 4, 2021/11/18, 00:12:33.206, 269170245960, testhost.dll, TestPluginCache.DiscoverTestExtensions: finding test extensions in assemblies ends with: TestAdapter.dll TPluginInfo: Microsoft.VisualStudio.TestPlatform.Common.ExtensionFramework.Utilities.TestSettingsProviderPluginInformation TExtension: Microsoft.VisualStudio.TestPlatform.ObjectModel.Adapter.ISettingsProvider
TpTrace Verbose: 0 : 2904, 4, 2021/11/18, 00:12:33.206, 269170247643, testhost.dll, TestPluginCache.GetExtensionPaths: Filtered extension paths: 
TpTrace Verbose: 0 : 2904, 4, 2021/11/18, 00:12:33.206, 269170248420, testhost.dll, TestPluginCache.GetExtensionPaths: Added default extension paths: C:\Users\Armin\Documents\GitHub\Grupa-3-Verifikovani-i-Validirani-Softverasi\Pijaca\Zadatak1\bin\Debug\net5.0\fine-code-coverage\build-output\Microsoft.VisualStudio.TestPlatform.MSTest.TestAdapter.dll
TpTrace Verbose: 0 : 2904, 4, 2021/11/18, 00:12:33.206, 269170249193, testhost.dll, TestPluginCache.GetExtensionPaths: Added unfilterableExtensionPaths: 
TpTrace Information: 0 : 2904, 4, 2021/11/18, 00:12:33.207, 269170251935, testhost.dll, AssemblyResolver.AddSearchDirectories: Adding more searchDirectories C:\Users\Armin\Documents\GitHub\Grupa-3-Verifikovani-i-Validirani-Softverasi\Pijaca\Zadatak1\bin\Debug\net5.0\fine-code-coverage\build-output
TpTrace Verbose: 0 : 2904, 4, 2021/11/18, 00:12:33.207, 269170252321, testhost.dll, TestPluginCache.DiscoverTestExtensions: Discovering the extensions using extension path.
TpTrace Verbose: 0 : 2904, 4, 2021/11/18, 00:12:33.207, 269170253117, testhost.dll, TestPluginCache.GetExtensionPaths: Filtered extension paths: 
TpTrace Verbose: 0 : 2904, 4, 2021/11/18, 00:12:33.207, 269170253383, testhost.dll, TestPluginCache.GetExtensionPaths: Added default extension paths: C:\Users\Armin\Documents\GitHub\Grupa-3-Verifikovani-i-Validirani-Softverasi\Pijaca\Zadatak1\bin\Debug\net5.0\fine-code-coverage\build-output\Microsoft.VisualStudio.TestPlatform.MSTest.TestAdapter.dll
TpTrace Verbose: 0 : 2904, 4, 2021/11/18, 00:12:33.207, 269170253733, testhost.dll, TestPluginCache.GetExtensionPaths: Added unfilterableExtensionPaths: 
TpTrace Verbose: 0 : 2904, 4, 2021/11/18, 00:12:33.207, 269170254038, testhost.dll, TestPluginCache.DiscoverTestExtensions: Discovering the extensions using allExtensionPaths: C:\Users\Armin\Documents\GitHub\Grupa-3-Verifikovani-i-Validirani-Softverasi\Pijaca\Zadatak1\bin\Debug\net5.0\fine-code-coverage\build-output\Microsoft.VisualStudio.TestPlatform.MSTest.TestAdapter.dll
TpTrace Information: 0 : 2904, 4, 2021/11/18, 00:12:33.207, 269170255430, testhost.dll, AssemblyResolver.AddSearchDirectories: Adding more searchDirectories C:\Users\Armin\Documents\GitHub\Grupa-3-Verifikovani-i-Validirani-Softverasi\Pijaca\Zadatak1\bin\Debug\net5.0\fine-code-coverage\build-output
TpTrace Verbose: 0 : 2904, 4, 2021/11/18, 00:12:33.207, 269170258959, testhost.dll, TestPluginCache: Discovered the extensions using extension path ''.
TpTrace Verbose: 0 : 2904, 4, 2021/11/18, 00:12:33.207, 269170259447, testhost.dll, TestPluginCache: Discoverers are ''.
TpTrace Verbose: 0 : 2904, 4, 2021/11/18, 00:12:33.207, 269170259730, testhost.dll, TestPluginCache: Executors are 'executor://MSTestAdapter/v2'.
TpTrace Verbose: 0 : 2904, 4, 2021/11/18, 00:12:33.207, 269170260092, testhost.dll, TestPluginCache: Executors2 are ''.
TpTrace Verbose: 0 : 2904, 4, 2021/11/18, 00:12:33.207, 269170260703, testhost.dll, TestPluginCache: Setting providers are ''.
TpTrace Verbose: 0 : 2904, 4, 2021/11/18, 00:12:33.207, 269170260997, testhost.dll, TestPluginCache: Loggers are ''.
TpTrace Verbose: 0 : 2904, 4, 2021/11/18, 00:12:33.209, 269170271645, testhost.dll, TestExecutorService: Loaded the settings providers
TpTrace Information: 0 : 2904, 4, 2021/11/18, 00:12:33.209, 269170273230, testhost.dll, TestExecutorService: Loaded the extensions
TpTrace Information: 0 : 2904, 4, 2021/11/18, 00:12:33.277, 269170961022, testhost.dll, TestDiscoveryManager: Discovering tests from sources C:\Users\Armin\Documents\GitHub\Grupa-3-Verifikovani-i-Validirani-Softverasi\Pijaca\Zadatak1\bin\Debug\net5.0\fine-code-coverage\build-output\Zadatak1.dll
TpTrace Verbose: 0 : 2904, 4, 2021/11/18, 00:12:33.280, 269170984344, testhost.dll, TestPluginCache.DiscoverTestExtensions: finding test extensions in assemblies ends with: TestAdapter.dll TPluginInfo: Microsoft.VisualStudio.TestPlatform.Common.ExtensionFramework.Utilities.TestDiscovererPluginInformation TExtension: Microsoft.VisualStudio.TestPlatform.ObjectModel.Adapter.ITestDiscoverer
TpTrace Verbose: 0 : 2904, 4, 2021/11/18, 00:12:33.280, 269170986481, testhost.dll, TestPluginCache.GetExtensionPaths: Filtered extension paths: 
TpTrace Verbose: 0 : 2904, 4, 2021/11/18, 00:12:33.280, 269170987445, testhost.dll, TestPluginCache.GetExtensionPaths: Added default extension paths: C:\Users\Armin\Documents\GitHub\Grupa-3-Verifikovani-i-Validirani-Softverasi\Pijaca\Zadatak1\bin\Debug\net5.0\fine-code-coverage\build-output\Microsoft.VisualStudio.TestPlatform.MSTest.TestAdapter.dll
TpTrace Verbose: 0 : 2904, 4, 2021/11/18, 00:12:33.280, 269170987915, testhost.dll, TestPluginCache.GetExtensionPaths: Added unfilterableExtensionPaths: 
TpTrace Information: 0 : 2904, 4, 2021/11/18, 00:12:33.280, 269170991013, testhost.dll, AssemblyResolver.AddSearchDirectories: Adding more searchDirectories C:\Users\Armin\Documents\GitHub\Grupa-3-Verifikovani-i-Validirani-Softverasi\Pijaca\Zadatak1\bin\Debug\net5.0\fine-code-coverage\build-output
TpTrace Verbose: 0 : 2904, 4, 2021/11/18, 00:12:33.281, 269170992465, testhost.dll, TestPluginCache.DiscoverTestExtensions: Discovering the extensions using extension path.
TpTrace Verbose: 0 : 2904, 4, 2021/11/18, 00:12:33.281, 269170992848, testhost.dll, TestPluginCache.GetExtensionPaths: Filtered extension paths: 
TpTrace Verbose: 0 : 2904, 4, 2021/11/18, 00:12:33.281, 269170993154, testhost.dll, TestPluginCache.GetExtensionPaths: Added default extension paths: C:\Users\Armin\Documents\GitHub\Grupa-3-Verifikovani-i-Validirani-Softverasi\Pijaca\Zadatak1\bin\Debug\net5.0\fine-code-coverage\build-output\Microsoft.VisualStudio.TestPlatform.MSTest.TestAdapter.dll
TpTrace Verbose: 0 : 2904, 4, 2021/11/18, 00:12:33.281, 269170994221, testhost.dll, TestPluginCache.GetExtensionPaths: Added unfilterableExtensionPaths: 
TpTrace Verbose: 0 : 2904, 4, 2021/11/18, 00:12:33.281, 269170994533, testhost.dll, TestPluginCache.DiscoverTestExtensions: Discovering the extensions using allExtensionPaths: C:\Users\Armin\Documents\GitHub\Grupa-3-Verifikovani-i-Validirani-Softverasi\Pijaca\Zadatak1\bin\Debug\net5.0\fine-code-coverage\build-output\Microsoft.VisualStudio.TestPlatform.MSTest.TestAdapter.dll
TpTrace Information: 0 : 2904, 4, 2021/11/18, 00:12:33.281, 269170995241, testhost.dll, AssemblyResolver.AddSearchDirectories: Adding more searchDirectories C:\Users\Armin\Documents\GitHub\Grupa-3-Verifikovani-i-Validirani-Softverasi\Pijaca\Zadatak1\bin\Debug\net5.0\fine-code-coverage\build-output
TpTrace Verbose: 0 : 2904, 4, 2021/11/18, 00:12:33.283, 269171015725, testhost.dll, TestPluginCache: Discovered the extensions using extension path ''.
TpTrace Verbose: 0 : 2904, 4, 2021/11/18, 00:12:33.283, 269171017307, testhost.dll, TestPluginCache: Discoverers are 'Microsoft.VisualStudio.TestPlatform.MSTest.TestAdapter.MSTestDiscoverer, Microsoft.VisualStudio.TestPlatform.MSTest.TestAdapter, Version=14.0.0.0, Culture=neutral, PublicKeyToken=b03f5f7f11d50a3a'.
TpTrace Verbose: 0 : 2904, 4, 2021/11/18, 00:12:33.283, 269171018474, testhost.dll, TestPluginCache: Executors are 'executor://MSTestAdapter/v2'.
TpTrace Verbose: 0 : 2904, 4, 2021/11/18, 00:12:33.283, 269171018761, testhost.dll, TestPluginCache: Executors2 are ''.
TpTrace Verbose: 0 : 2904, 4, 2021/11/18, 00:12:33.283, 269171019137, testhost.dll, TestPluginCache: Setting providers are ''.
TpTrace Verbose: 0 : 2904, 4, 2021/11/18, 00:12:33.283, 269171019412, testhost.dll, TestPluginCache: Loggers are ''.
TpTrace Verbose: 0 : 2904, 4, 2021/11/18, 00:12:33.288, 269171067890, testhost.dll, BaseRunTests.RunTestInternalWithExecutors: Running tests for executor://MSTestAdapter/v2
TpTrace Information: 0 : 2904, 4, 2021/11/18, 00:12:33.289, 269171073457, testhost.dll, AssemblyResolver.OnResolve: Microsoft.VisualStudio.TestPlatform.MSTestAdapter.PlatformServices.Interface: Resolving assembly.
TpTrace Information: 0 : 2904, 4, 2021/11/18, 00:12:33.289, 269171080192, testhost.dll, AssemblyResolver.OnResolve: Resolved assembly: Microsoft.VisualStudio.TestPlatform.MSTestAdapter.PlatformServices.Interface, from path: C:\Users\Armin\Documents\GitHub\Grupa-3-Verifikovani-i-Validirani-Softverasi\Pijaca\Zadatak1\bin\Debug\net5.0\fine-code-coverage\build-output\Microsoft.VisualStudio.TestPlatform.MSTestAdapter.PlatformServices.Interface.dll
TpTrace Information: 0 : 2904, 4, 2021/11/18, 00:12:33.290, 269171089723, testhost.dll, AssemblyResolver.OnResolve: Microsoft.VisualStudio.TestPlatform.MSTestAdapter.PlatformServices: Resolving assembly.
TpTrace Information: 0 : 2904, 4, 2021/11/18, 00:12:33.291, 269171095410, testhost.dll, AssemblyResolver.OnResolve: Resolved assembly: Microsoft.VisualStudio.TestPlatform.MSTestAdapter.PlatformServices, from path: C:\Users\Armin\Documents\GitHub\Grupa-3-Verifikovani-i-Validirani-Softverasi\Pijaca\Zadatak1\bin\Debug\net5.0\fine-code-coverage\build-output\Microsoft.VisualStudio.TestPlatform.MSTestAdapter.PlatformServices.dll
TpTrace Information: 0 : 2904, 4, 2021/11/18, 00:12:33.291, 269171098756, testhost.dll, MSTest - MSTestExecutor.RunTests: Running tests from sources.
TpTrace Information: 0 : 2904, 4, 2021/11/18, 00:12:33.294, 269171125755, testhost.dll, MSTest - CollectSourceInformation value Found : False 
TpTrace Information: 0 : 2904, 4, 2021/11/18, 00:12:33.313, 269171313862, testhost.dll, AssemblyResolver.OnResolve: Microsoft.TestPlatform.AdapterUtilities: Resolving assembly.
TpTrace Information: 0 : 2904, 4, 2021/11/18, 00:12:33.314, 269171327564, testhost.dll, AssemblyResolver.OnResolve: Resolved assembly: Microsoft.TestPlatform.AdapterUtilities, from path: C:\Users\Armin\Documents\GitHub\Grupa-3-Verifikovani-i-Validirani-Softverasi\Pijaca\Zadatak1\bin\Debug\net5.0\fine-code-coverage\build-output\Microsoft.TestPlatform.AdapterUtilities.dll
TpTrace Information: 0 : 2904, 4, 2021/11/18, 00:12:33.326, 269171442707, testhost.dll, MSTest - MSTestDiscoverer: Found 5 tests from source C:\Users\Armin\Documents\GitHub\Grupa-3-Verifikovani-i-Validirani-Softverasi\Pijaca\Zadatak1\bin\Debug\net5.0\fine-code-coverage\build-output\Zadatak1.dll
TpTrace Information: 0 : 2904, 4, 2021/11/18, 00:12:33.340, 269171590542, testhost.dll, AssemblyResolver.OnResolve: Microsoft.VisualStudio.TestPlatform.MSTestAdapter.PlatformServices.resources: Resolving assembly.
TpTrace Information: 0 : 2904, 4, 2021/11/18, 00:12:33.341, 269171592699, testhost.dll, AssemblyResolver.OnResolve: Microsoft.VisualStudio.TestPlatform.MSTestAdapter.PlatformServices.resources: Failed to load assembly.
TpTrace Information: 0 : 2904, 4, 2021/11/18, 00:12:33.341, 269171597086, testhost.dll, AssemblyResolver.OnResolve: Microsoft.VisualStudio.TestPlatform.MSTestAdapter.PlatformServices.resources: Resolving assembly.
TpTrace Information: 0 : 2904, 4, 2021/11/18, 00:12:33.341, 269171597807, testhost.dll, AssemblyResolver.OnResolve: Microsoft.VisualStudio.TestPlatform.MSTestAdapter.PlatformServices.resources: Resolved from cache.
TpTrace Information: 0 : 2904, 4, 2021/11/18, 00:12:33.352, 269171707006, testhost.dll, MSTest - Created unit-test runner C:\Users\Armin\Documents\GitHub\Grupa-3-Verifikovani-i-Validirani-Softverasi\Pijaca\Zadatak1\bin\Debug\net5.0\fine-code-coverage\build-output\Zadatak1.dll
TpTrace Verbose: 0 : 2904, 4, 2021/11/18, 00:12:33.356, 269171744073, testhost.dll, TestExecutionRecorder.RecordStart: Starting test: Zadatak1.ProdavacTest.TestPogresnaSifra.
TpTrace Information: 0 : 2904, 4, 2021/11/18, 00:12:33.427, 269172456838, testhost.dll, MSTest - Executing test TestPogresnaSifra
TpTrace Information: 0 : 2904, 4, 2021/11/18, 00:12:33.464, 269172829499, testhost.dll, MSTest - Executed test TestPogresnaSifra
TpTrace Verbose: 0 : 2904, 4, 2021/11/18, 00:12:33.468, 269172869722, testhost.dll, TestExecutionRecorder.RecordEnd: test: Zadatak1.ProdavacTest.TestPogresnaSifra execution completed.
TpTrace Verbose: 0 : 2904, 4, 2021/11/18, 00:12:33.484, 269173023823, testhost.dll, TestExecutionRecorder.RecordResult: Received result for test: Zadatak1.ProdavacTest.TestPogresnaSifra.
TpTrace Warning: 0 : 2904, 4, 2021/11/18, 00:12:33.488, 269173064056, testhost.dll, TestRunCache: InProgressTests is null
TpTrace Warning: 0 : 2904, 4, 2021/11/18, 00:12:33.488, 269173066675, testhost.dll, TestRunCache: No test found corresponding to testResult '' in inProgress list.
TpTrace Verbose: 0 : 2904, 4, 2021/11/18, 00:12:33.488, 269173068569, testhost.dll, TestExecutionRecorder.RecordStart: Starting test: Zadatak1.ProdavacTest.TestAktivnosti.
TpTrace Information: 0 : 2904, 4, 2021/11/18, 00:12:33.490, 269173084276, testhost.dll, MSTest - Executing test TestAktivnosti
TpTrace Information: 0 : 2904, 4, 2021/11/18, 00:12:33.490, 269173091458, testhost.dll, MSTest - Executed test TestAktivnosti
TpTrace Verbose: 0 : 2904, 4, 2021/11/18, 00:12:33.491, 269173092716, testhost.dll, TestExecutionRecorder.RecordEnd: test: Zadatak1.ProdavacTest.TestAktivnosti execution completed.
TpTrace Verbose: 0 : 2904, 4, 2021/11/18, 00:12:33.492, 269173108014, testhost.dll, TestExecutionRecorder.RecordResult: Received result for test: Zadatak1.ProdavacTest.TestAktivnosti.
TpTrace Warning: 0 : 2904, 4, 2021/11/18, 00:12:33.492, 269173108964, testhost.dll, TestRunCache: InProgressTests is null
TpTrace Warning: 0 : 2904, 4, 2021/11/18, 00:12:33.492, 269173109280, testhost.dll, TestRunCache: No test found corresponding to testResult '' in inProgress list.
TpTrace Verbose: 0 : 2904, 4, 2021/11/18, 00:12:33.492, 269173109842, testhost.dll, TestExecutionRecorder.RecordStart: Starting test: Zadatak1.ProdavacTest.TestPogresnihPodataka.
TpTrace Information: 0 : 2904, 4, 2021/11/18, 00:12:33.493, 269173121271, testhost.dll, MSTest - Executing test TestPogresnihPodataka
TpTrace Information: 0 : 2904, 4, 2021/11/18, 00:12:33.494, 269173127625, testhost.dll, MSTest - Executed test TestPogresnihPodataka
TpTrace Verbose: 0 : 2904, 4, 2021/11/18, 00:12:33.494, 269173128355, testhost.dll, TestExecutionRecorder.RecordEnd: test: Zadatak1.ProdavacTest.TestPogresnihPodataka execution completed.
TpTrace Verbose: 0 : 2904, 4, 2021/11/18, 00:12:33.498, 269173171061, testhost.dll, TestExecutionRecorder.RecordResult: Received result for test: Zadatak1.ProdavacTest.TestPogresnihPodataka.
TpTrace Warning: 0 : 2904, 4, 2021/11/18, 00:12:33.499, 269173172526, testhost.dll, TestRunCache: InProgressTests is null
TpTrace Warning: 0 : 2904, 4, 2021/11/18, 00:12:33.499, 269173173143, testhost.dll, TestRunCache: No test found corresponding to testResult '' in inProgress list.
TpTrace Verbose: 0 : 2904, 4, 2021/11/18, 00:12:33.499, 269173174053, testhost.dll, TestExecutionRecorder.RecordStart: Starting test: Zadatak1.ProdavacTest.TestPovecanjaPrometa.
TpTrace Information: 0 : 2904, 4, 2021/11/18, 00:12:33.501, 269173195105, testhost.dll, MSTest - Executing test TestPovecanjaPrometa
TpTrace Information: 0 : 2904, 4, 2021/11/18, 00:12:33.502, 269173205116, testhost.dll, MSTest - Executed test TestPovecanjaPrometa
TpTrace Verbose: 0 : 2904, 4, 2021/11/18, 00:12:33.502, 269173205709, testhost.dll, TestExecutionRecorder.RecordEnd: test: Zadatak1.ProdavacTest.TestPovecanjaPrometa execution completed.
TpTrace Verbose: 0 : 2904, 4, 2021/11/18, 00:12:33.503, 269173217835, testhost.dll, TestExecutionRecorder.RecordResult: Received result for test: Zadatak1.ProdavacTest.TestPovecanjaPrometa.
TpTrace Warning: 0 : 2904, 4, 2021/11/18, 00:12:33.503, 269173218799, testhost.dll, TestRunCache: InProgressTests is null
TpTrace Warning: 0 : 2904, 4, 2021/11/18, 00:12:33.503, 269173219060, testhost.dll, TestRunCache: No test found corresponding to testResult '' in inProgress list.
TpTrace Verbose: 0 : 2904, 4, 2021/11/18, 00:12:33.503, 269173220342, testhost.dll, TestExecutionRecorder.RecordStart: Starting test: Zadatak1.ProdavacTest.TestNegativnogPrometa.
TpTrace Information: 0 : 2904, 4, 2021/11/18, 00:12:33.504, 269173230632, testhost.dll, MSTest - Executing test TestNegativnogPrometa
TpTrace Information: 0 : 2904, 4, 2021/11/18, 00:12:33.505, 269173234308, testhost.dll, MSTest - Executed test TestNegativnogPrometa
TpTrace Verbose: 0 : 2904, 4, 2021/11/18, 00:12:33.505, 269173234809, testhost.dll, TestExecutionRecorder.RecordEnd: test: Zadatak1.ProdavacTest.TestNegativnogPrometa execution completed.
TpTrace Verbose: 0 : 2904, 4, 2021/11/18, 00:12:33.506, 269173243994, testhost.dll, TestExecutionRecorder.RecordResult: Received result for test: Zadatak1.ProdavacTest.TestNegativnogPrometa.
TpTrace Warning: 0 : 2904, 4, 2021/11/18, 00:12:33.506, 269173244878, testhost.dll, TestRunCache: InProgressTests is null
TpTrace Warning: 0 : 2904, 4, 2021/11/18, 00:12:33.506, 269173245275, testhost.dll, TestRunCache: No test found corresponding to testResult '' in inProgress list.
TpTrace Information: 0 : 2904, 4, 2021/11/18, 00:12:33.506, 269173246964, testhost.dll, MSTest - Executing cleanup methods.
TpTrace Information: 0 : 2904, 4, 2021/11/18, 00:12:33.507, 269173258512, testhost.dll, MSTest - Executed cleanup methods.
TpTrace Information: 0 : 2904, 4, 2021/11/18, 00:12:33.507, 269173259165, testhost.dll, MSTest - Executed tests belonging to source C:\Users\Armin\Documents\GitHub\Grupa-3-Verifikovani-i-Validirani-Softverasi\Pijaca\Zadatak1\bin\Debug\net5.0\fine-code-coverage\build-output\Zadatak1.dll
TpTrace Information: 0 : 2904, 4, 2021/11/18, 00:12:33.507, 269173261196, testhost.dll, Deleting deployment directory C:\Users\Armin\Documents\GitHub\Grupa-3-Verifikovani-i-Validirani-Softverasi\Pijaca\Zadatak1\bin\Debug\net5.0\fine-code-coverage\coverage-tool-output\Deploy_Armin 2021-11-18 00_12_33
TpTrace Information: 0 : 2904, 4, 2021/11/18, 00:12:33.510, 269173287447, testhost.dll, Deleted deployment directory C:\Users\Armin\Documents\GitHub\Grupa-3-Verifikovani-i-Validirani-Softverasi\Pijaca\Zadatak1\bin\Debug\net5.0\fine-code-coverage\coverage-tool-output\Deploy_Armin 2021-11-18 00_12_33
TpTrace Verbose: 0 : 2904, 4, 2021/11/18, 00:12:33.511, 269173293314, testhost.dll, BaseRunTests.RunTestInternalWithExecutors: Completed running tests for executor://MSTestAdapter/v2
TpTrace Information: 0 : 2904, 4, 2021/11/18, 00:12:33.513, 269173321249, testhost.dll, Sending test run complete
TpTrace Verbose: 0 : 2904, 4, 2021/11/18, 00:12:33.547, 269173658540, testhost.dll, TestRequestHandler.SendData:  sending data from testhost: {"Version":5,"MessageType":"TestExecution.Completed","Payload":{"TestRunCompleteArgs":{"TestRunStatistics":{"ExecutedTests":5,"Stats":{"Passed":5}},"IsCanceled":false,"IsAborted":false,"Error":null,"AttachmentSets":[],"ElapsedTimeInRunningTests":"00:00:00.2263883","Metrics":{}},"LastRunTests":{"NewTestResults":[{"TestCase":{"Id":"6b10294d-693c-8bde-94d8-97ba1474c65a","FullyQualifiedName":"Zadatak1.ProdavacTest.TestPogresnaSifra","DisplayName":"TestPogresnaSifra","ExecutorUri":"executor://MSTestAdapter/v2","Source":"C:\\Users\\Armin\\Documents\\GitHub\\Grupa-3-Verifikovani-i-Validirani-Softverasi\\Pijaca\\Zadatak1\\bin\\Debug\\net5.0\\fine-code-coverage\\build-output\\Zadatak1.dll","CodeFilePath":null,"LineNumber":-1,"Properties":[{"Key":{"Id":"TestCase.ManagedType","Label":"ManagedType","Category":"","Description":"","Attributes":1,"ValueType":"System.String"},"Value":"Zadatak1.ProdavacTest"},{"Key":{"Id":"TestCase.ManagedMethod","Label":"ManagedMethod","Category":"","Description":"","Attributes":1,"ValueType":"System.String"},"Value":"TestPogresnaSifra"},{"Key":{"Id":"MSTestDiscoverer.TestClassName","Label":"ClassName","Category":"","Description":"","Attributes":1,"ValueType":"System.String"},"Value":"Zadatak1.ProdavacTest"},{"Key":{"Id":"TestObject.Traits","Label":"Traits","Category":"","Description":"","Attributes":5,"ValueType":"System.Collections.Generic.KeyValuePair`2[[System.String],[System.String]][]"},"Value":[]}]},"Attachments":[],"Outcome":1,"ErrorMessage":null,"ErrorStackTrace":null,"DisplayName":null,"Messages":[],"ComputerName":null,"Duration":"00:00:00.0063593","StartTime":"2021-11-18T00:12:33.4274303+01:00","EndTime":"2021-11-18T00:12:33.4649327+01:00","Properties":[{"Key":{"Id":"ExecutionId","Label":"ExecutionId","Category":"","Description":"","Attributes":1,"ValueType":"System.Guid"},"Value":"00000000-0000-0000-0000-000000000000"},{"Key":{"Id":"ParentExecId","Label":"ParentExecId","Category":"","Description":"","Attributes":1,"ValueType":"System.Guid"},"Value":"00000000-0000-0000-0000-000000000000"},{"Key":{"Id":"InnerResultsCount","Label":"InnerResultsCount","Category":"","Description":"","Attributes":1,"ValueType":"System.Int32"},"Value":0}]},{"TestCase":{"Id":"03d44b12-18f4-0cbe-1c33-4094b2186c06","FullyQualifiedName":"Zadatak1.ProdavacTest.TestAktivnosti","DisplayName":"TestAktivnosti","ExecutorUri":"executor://MSTestAdapter/v2","Source":"C:\\Users\\Armin\\Documents\\GitHub\\Grupa-3-Verifikovani-i-Validirani-Softverasi\\Pijaca\\Zadatak1\\bin\\Debug\\net5.0\\fine-code-coverage\\build-output\\Zadatak1.dll","CodeFilePath":null,"LineNumber":-1,"Properties":[{"Key":{"Id":"TestCase.ManagedType","Label":"ManagedType","Category":"","Description":"","Attributes":1,"ValueType":"System.String"},"Value":"Zadatak1.ProdavacTest"},{"Key":{"Id":"TestCase.ManagedMethod","Label":"ManagedMethod","Category":"","Description":"","Attributes":1,"ValueType":"System.String"},"Value":"TestAktivnosti"},{"Key":{"Id":"MSTestDiscoverer.TestClassName","Label":"ClassName","Category":"","Description":"","Attributes":1,"ValueType":"System.String"},"Value":"Zadatak1.ProdavacTest"},{"Key":{"Id":"TestObject.Traits","Label":"Traits","Category":"","Description":"","Attributes":5,"ValueType":"System.Collections.Generic.KeyValuePair`2[[System.String],[System.String]][]"},"Value":[]}]},"Attachments":[],"Outcome":1,"ErrorMessage":null,"ErrorStackTrace":null,"DisplayName":null,"Messages":[],"ComputerName":null,"Duration":"00:00:00.0004320","StartTime":"2021-11-18T00:12:33.4902635+01:00","EndTime":"2021-11-18T00:12:33.4911015+01:00","Properties":[{"Key":{"Id":"ExecutionId","Label":"ExecutionId","Category":"","Description":"","Attributes":1,"ValueType":"System.Guid"},"Value":"00000000-0000-0000-0000-000000000000"},{"Key":{"Id":"ParentExecId","Label":"ParentExecId","Category":"","Description":"","Attributes":1,"ValueType":"System.Guid"},"Value":"00000000-0000-0000-0000-000000000000"},{"Key":{"Id":"InnerResultsCount","Label":"InnerResultsCount","Category":"","Description":"","Attributes":1,"ValueType":"System.Int32"},"Value":0}]},{"TestCase":{"Id":"c0b925a7-8cbd-7c38-aa41-59795ea98c0e","FullyQualifiedName":"Zadatak1.ProdavacTest.TestPogresnihPodataka","DisplayName":"TestPogresnihPodataka","ExecutorUri":"executor://MSTestAdapter/v2","Source":"C:\\Users\\Armin\\Documents\\GitHub\\Grupa-3-Verifikovani-i-Validirani-Softverasi\\Pijaca\\Zadatak1\\bin\\Debug\\net5.0\\fine-code-coverage\\build-output\\Zadatak1.dll","CodeFilePath":null,"LineNumber":-1,"Properties":[{"Key":{"Id":"TestCase.ManagedType","Label":"ManagedType","Category":"","Description":"","Attributes":1,"ValueType":"System.String"},"Value":"Zadatak1.ProdavacTest"},{"Key":{"Id":"TestCase.ManagedMethod","Label":"ManagedMethod","Category":"","Description":"","Attributes":1,"ValueType":"System.String"},"Value":"TestPogresnihPodataka"},{"Key":{"Id":"MSTestDiscoverer.TestClassName","Label":"ClassName","Category":"","Description":"","Attributes":1,"ValueType":"System.String"},"Value":"Zadatak1.ProdavacTest"},{"Key":{"Id":"TestObject.Traits","Label":"Traits","Category":"","Description":"","Attributes":5,"ValueType":"System.Collections.Generic.KeyValuePair`2[[System.String],[System.String]][]"},"Value":[]}]},"Attachments":[],"Outcome":1,"ErrorMessage":null,"ErrorStackTrace":null,"DisplayName":null,"Messages":[],"ComputerName":null,"Duration":"00:00:00.0004320","StartTime":"2021-11-18T00:12:33.4939646+01:00","EndTime":"2021-11-18T00:12:33.4946715+01:00","Properties":[{"Key":{"Id":"ExecutionId","Label":"ExecutionId","Category":"","Description":"","Attributes":1,"ValueType":"System.Guid"},"Value":"00000000-0000-0000-0000-000000000000"},{"Key":{"Id":"ParentExecId","Label":"ParentExecId","Category":"","Description":"","Attributes":1,"ValueType":"System.Guid"},"Value":"00000000-0000-0000-0000-000000000000"},{"Key":{"Id":"InnerResultsCount","Label":"InnerResultsCount","Category":"","Description":"","Attributes":1,"ValueType":"System.Int32"},"Value":0}]},{"TestCase":{"Id":"e24cc8fb-745b-e81c-73f9-2fc994551ca5","FullyQualifiedName":"Zadatak1.ProdavacTest.TestPovecanjaPrometa","DisplayName":"TestPovecanjaPrometa","ExecutorUri":"executor://MSTestAdapter/v2","Source":"C:\\Users\\Armin\\Documents\\GitHub\\Grupa-3-Verifikovani-i-Validirani-Softverasi\\Pijaca\\Zadatak1\\bin\\Debug\\net5.0\\fine-code-coverage\\build-output\\Zadatak1.dll","CodeFilePath":null,"LineNumber":-1,"Properties":[{"Key":{"Id":"TestCase.ManagedType","Label":"ManagedType","Category":"","Description":"","Attributes":1,"ValueType":"System.String"},"Value":"Zadatak1.ProdavacTest"},{"Key":{"Id":"TestCase.ManagedMethod","Label":"ManagedMethod","Category":"","Description":"","Attributes":1,"ValueType":"System.String"},"Value":"TestPovecanjaPrometa"},{"Key":{"Id":"MSTestDiscoverer.TestClassName","Label":"ClassName","Category":"","Description":"","Attributes":1,"ValueType":"System.String"},"Value":"Zadatak1.ProdavacTest"},{"Key":{"Id":"TestObject.Traits","Label":"Traits","Category":"","Description":"","Attributes":5,"ValueType":"System.Collections.Generic.KeyValuePair`2[[System.String],[System.String]][]"},"Value":[]}]},"Attachments":[],"Outcome":1,"ErrorMessage":null,"ErrorStackTrace":null,"DisplayName":null,"Messages":[],"ComputerName":null,"Duration":"00:00:00.0006372","StartTime":"2021-11-18T00:12:33.5013449+01:00","EndTime":"2021-11-18T00:12:33.5024086+01:00","Properties":[{"Key":{"Id":"ExecutionId","Label":"ExecutionId","Category":"","Description":"","Attributes":1,"ValueType":"System.Guid"},"Value":"00000000-0000-0000-0000-000000000000"},{"Key":{"Id":"ParentExecId","Label":"ParentExecId","Category":"","Description":"","Attributes":1,"ValueType":"System.Guid"},"Value":"00000000-0000-0000-0000-000000000000"},{"Key":{"Id":"InnerResultsCount","Label":"InnerResultsCount","Category":"","Description":"","Attributes":1,"ValueType":"System.Int32"},"Value":0}]},{"TestCase":{"Id":"e1e62ecb-27da-a0d2-0bac-6daf339d1ad6","FullyQualifiedName":"Zadatak1.ProdavacTest.TestNegativnogPrometa","DisplayName":"TestNegativnogPrometa","ExecutorUri":"executor://MSTestAdapter/v2","Source":"C:\\Users\\Armin\\Documents\\GitHub\\Grupa-3-Verifikovani-i-Validirani-Softverasi\\Pijaca\\Zadatak1\\bin\\Debug\\net5.0\\fine-code-coverage\\build-output\\Zadatak1.dll","CodeFilePath":null,"LineNumber":-1,"Properties":[{"Key":{"Id":"TestCase.ManagedType","Label":"ManagedType","Category":"","Description":"","Attributes":1,"ValueType":"System.String"},"Value":"Zadatak1.ProdavacTest"},{"Key":{"Id":"TestCase.ManagedMethod","Label":"ManagedMethod","Category":"","Description":"","Attributes":1,"ValueType":"System.String"},"Value":"TestNegativnogPrometa"},{"Key":{"Id":"MSTestDiscoverer.TestClassName","Label":"ClassName","Category":"","Description":"","Attributes":1,"ValueType":"System.String"},"Value":"Zadatak1.ProdavacTest"},{"Key":{"Id":"TestObject.Traits","Label":"Traits","Category":"","Description":"","Attributes":5,"ValueType":"System.Collections.Generic.KeyValuePair`2[[System.String],[System.String]][]"},"Value":[]}]},"Attachments":[],"Outcome":1,"ErrorMessage":null,"ErrorStackTrace":null,"DisplayName":null,"Messages":[],"ComputerName":null,"Duration":"00:00:00.0001993","StartTime":"2021-11-18T00:12:33.5049036+01:00","EndTime":"2021-11-18T00:12:33.5053199+01:00","Properties":[{"Key":{"Id":"ExecutionId","Label":"ExecutionId","Category":"","Description":"","Attributes":1,"ValueType":"System.Guid"},"Value":"00000000-0000-0000-0000-000000000000"},{"Key":{"Id":"ParentExecId","Label":"ParentExecId","Category":"","Description":"","Attributes":1,"ValueType":"System.Guid"},"Value":"00000000-0000-0000-0000-000000000000"},{"Key":{"Id":"InnerResultsCount","Label":"InnerResultsCount","Category":"","Description":"","Attributes":1,"ValueType":"System.Int32"},"Value":0}]}],"TestRunStatistics":{"ExecutedTests":5,"Stats":{"Passed":5}},"ActiveTests":[]},"RunAttachments":[],"ExecutorUris":["executor://mstestadapter/v2"]}}
TpTrace Verbose: 0 : 2904, 4, 2021/11/18, 00:12:33.548, 269173666070, testhost.dll, BaseRunTests.RunTests: Run is complete.
TpTrace Verbose: 0 : 2904, 6, 2021/11/18, 00:12:33.550, 269173682228, testhost.dll, TcpClientExtensions.MessageLoopAsync: NotifyDataAvailable remoteEndPoint: [::ffff:127.0.0.1]:59024 localEndPoint: [::ffff:127.0.0.1]:59025
TpTrace Information: 0 : 2904, 6, 2021/11/18, 00:12:33.550, 269173685514, testhost.dll, TestRequestHandler.ProcessRequests: received message: (TestSession.Terminate) -> null
TpTrace Information: 0 : 2904, 6, 2021/11/18, 00:12:33.550, 269173686032, testhost.dll, Session End message received from server. Closing the connection.
TpTrace Information: 0 : 2904, 6, 2021/11/18, 00:12:33.550, 269173689231, testhost.dll, SocketClient.Stop: Stop communication from server endpoint: 127.0.0.1:059024
TpTrace Information: 0 : 2904, 6, 2021/11/18, 00:12:33.550, 269173690502, testhost.dll, SocketClient: Stop: Cancellation requested. Stopping message loop.
TpTrace Verbose: 0 : 2904, 6, 2021/11/18, 00:12:33.551, 269173691739, testhost.dll, LengthPrefixCommunicationChannel.Dispose: Dispose reader and writer.
TpTrace Information: 0 : 2904, 6, 2021/11/18, 00:12:33.551, 269173692217, testhost.dll, Closing the connection !
TpTrace Information: 0 : 2904, 6, 2021/11/18, 00:12:33.551, 269173693891, testhost.dll, SocketClient.PrivateStop: Stop communication from server endpoint: 127.0.0.1:059024, error:
TpTrace Verbose: 0 : 2904, 6, 2021/11/18, 00:12:33.551, 269173698364, testhost.dll, LengthPrefixCommunicationChannel.Dispose: Dispose reader and writer.
TpTrace Verbose: 0 : 2904, 6, 2021/11/18, 00:12:33.551, 269173699081, testhost.dll, TcpClientExtensions.MessageLoopAsync: exiting MessageLoopAsync remoteEndPoint: [::ffff:127.0.0.1]:59024 localEndPoint: [::ffff:127.0.0.1]:59025
TpTrace Information: 0 : 2904, 1, 2021/11/18, 00:12:33.551, 269173698386, testhost.dll, Closing the connection !
TpTrace Information: 0 : 2904, 1, 2021/11/18, 00:12:33.551, 269173700128, testhost.dll, SocketClient.Stop: Stop communication from server endpoint: 127.0.0.1:059024
TpTrace Verbose: 0 : 2904, 1, 2021/11/18, 00:12:33.551, 269173700485, testhost.dll, LengthPrefixCommunicationChannel.Dispose: Dispose reader and writer.
TpTrace Information: 0 : 2904, 1, 2021/11/18, 00:12:33.552, 269173702478, testhost.dll, Testhost process exiting.
