TpTrace Verbose: 0 : 5132, 1, 2021/11/27, 16:05:06.334, 5200389187030, testhost.dll, Version: 16.9.4
TpTrace Information: 0 : 5132, 1, 2021/11/27, 16:05:06.350, 5200389304042, testhost.dll, DefaultEngineInvoker.Invoke: Testhost process started with args :[--port, 54080],[--endpoint, 127.0.0.1:054080],[--role, client],[--parentprocessid, 14660],[--diag, C:\Users\Armin\Documents\GitHub\Grupa-3-Verifikovani-i-Validirani-Softverasi\Pijaca\Zadatak1\bin\Debug\net5.0\fine-code-coverage\coverage-tool-output\diagnostics.host.21-11-27_16-05-06_02049_6.log],[--tracelevel, 4],[--datacollectionport, 54079],[--telemetryoptedin, false]
TpTrace Information: 0 : 5132, 1, 2021/11/27, 16:05:06.354, 5200389338368, testhost.dll, Setting up debug trace listener.
TpTrace Verbose: 0 : 5132, 1, 2021/11/27, 16:05:06.354, 5200389343080, testhost.dll, TestPlatformTraceListener.Setup: Replacing listener 0 with TestHostTraceListener.
TpTrace Verbose: 0 : 5132, 1, 2021/11/27, 16:05:06.354, 5200389344325, testhost.dll, TestPlatformTraceListener.Setup: Added test platform trace listener.
TpTrace Information: 0 : 5132, 1, 2021/11/27, 16:05:06.355, 5200389354184, testhost.dll, DefaultEngineInvoker.SetParentProcessExitCallback: Monitoring parent process with id: '14660'
TpTrace Information: 0 : 5132, 1, 2021/11/27, 16:05:06.370, 5200389506538, testhost.dll, DefaultEngineInvoker.GetConnectionInfo: Initialize communication on endpoint address: '127.0.0.1:054080'
TpTrace Information: 0 : 5132, 1, 2021/11/27, 16:05:06.403, 5200389829779, testhost.dll, SocketClient.Start: connecting to server endpoint: 127.0.0.1:054080
TpTrace Information: 0 : 5132, 1, 2021/11/27, 16:05:06.421, 5200390015221, testhost.dll, DefaultEngineInvoker.ConnectToDatacollector: Connecting to datacollector, port: 54079
TpTrace Information: 0 : 5132, 5, 2021/11/27, 16:05:06.423, 5200390034292, testhost.dll, SocketClient.OnServerConnected: connected to server endpoint: 127.0.0.1:054080
TpTrace Verbose: 0 : 5132, 5, 2021/11/27, 16:05:06.430, 5200390098600, testhost.dll, Connected to server, and starting MessageLoopAsync
TpTrace Information: 0 : 5132, 1, 2021/11/27, 16:05:06.430, 5200390106516, testhost.dll, Trying to connect to server on socket : 127.0.0.1:54079 
TpTrace Verbose: 0 : 5132, 1, 2021/11/27, 16:05:06.431, 5200390111487, testhost.dll, SocketCommunicationManager : SetupClientAsync : Attempting to connect to the server.
TpTrace Information: 0 : 5132, 10, 2021/11/27, 16:05:06.433, 5200390135858, testhost.dll, Connected to the server successfully 
TpTrace Information: 0 : 5132, 10, 2021/11/27, 16:05:06.434, 5200390137633, testhost.dll, Using the buffer size of 16384 bytes
TpTrace Information: 0 : 5132, 1, 2021/11/27, 16:05:06.434, 5200390144369, testhost.dll, DefaultEngineInvoker.Invoke: Start Request Processing.
TpTrace Verbose: 0 : 5132, 5, 2021/11/27, 16:05:06.435, 5200390151824, testhost.dll, TcpClientExtensions.MessageLoopAsync: Polling on remoteEndPoint: [::ffff:127.0.0.1]:54080 localEndPoint: [::ffff:127.0.0.1]:54081
TpTrace Information: 0 : 5132, 11, 2021/11/27, 16:05:06.436, 5200390158520, testhost.dll, DefaultEngineInvoker.StartProcessingAsync: Connected to vstest.console, Starting process requests.
TpTrace Verbose: 0 : 5132, 5, 2021/11/27, 16:05:06.436, 5200390158970, testhost.dll, TcpClientExtensions.MessageLoopAsync: NotifyDataAvailable remoteEndPoint: [::ffff:127.0.0.1]:54080 localEndPoint: [::ffff:127.0.0.1]:54081
TpTrace Information: 0 : 5132, 5, 2021/11/27, 16:05:06.652, 5200392324136, testhost.dll, TestRequestHandler.ProcessRequests: received message: (ProtocolVersion) -> 5
TpTrace Verbose: 0 : 5132, 5, 2021/11/27, 16:05:06.701, 5200392809599, testhost.dll, TestRequestHandler.SendData:  sending data from testhost: {"Version":5,"MessageType":"TestSession.Message","Payload":{"MessageLevel":0,"Message":"Logging TestHost Diagnostics in file: C:\\Users\\Armin\\Documents\\GitHub\\Grupa-3-Verifikovani-i-Validirani-Softverasi\\Pijaca\\Zadatak1\\bin\\Debug\\net5.0\\fine-code-coverage\\coverage-tool-output\\diagnostics.host.21-11-27_16-05-06_02049_6.log"}}
TpTrace Verbose: 0 : 5132, 5, 2021/11/27, 16:05:06.701, 5200392813639, testhost.dll, TcpClientExtensions.MessageLoopAsync: Polling on remoteEndPoint: [::ffff:127.0.0.1]:54080 localEndPoint: [::ffff:127.0.0.1]:54081
TpTrace Verbose: 0 : 5132, 5, 2021/11/27, 16:05:06.701, 5200392815326, testhost.dll, TcpClientExtensions.MessageLoopAsync: NotifyDataAvailable remoteEndPoint: [::ffff:127.0.0.1]:54080 localEndPoint: [::ffff:127.0.0.1]:54081
TpTrace Information: 0 : 5132, 5, 2021/11/27, 16:05:06.707, 5200392872909, testhost.dll, TestRequestHandler.ProcessRequests: received message: (TestExecution.Initialize) -> [
  "C:\\Users\\Armin\\Documents\\GitHub\\Grupa-3-Verifikovani-i-Validirani-Softverasi\\Pijaca\\Zadatak1\\bin\\Debug\\net5.0\\fine-code-coverage\\build-output\\Microsoft.VisualStudio.TestPlatform.MSTest.TestAdapter.dll"
]
TpTrace Information: 0 : 5132, 5, 2021/11/27, 16:05:06.708, 5200392878760, testhost.dll, Execution Session Initialize.
TpTrace Verbose: 0 : 5132, 5, 2021/11/27, 16:05:06.725, 5200393051557, testhost.dll, TcpClientExtensions.MessageLoopAsync: Polling on remoteEndPoint: [::ffff:127.0.0.1]:54080 localEndPoint: [::ffff:127.0.0.1]:54081
TpTrace Verbose: 0 : 5132, 5, 2021/11/27, 16:05:06.726, 5200393060481, testhost.dll, TcpClientExtensions.MessageLoopAsync: NotifyDataAvailable remoteEndPoint: [::ffff:127.0.0.1]:54080 localEndPoint: [::ffff:127.0.0.1]:54081
TpTrace Verbose: 0 : 5132, 4, 2021/11/27, 16:05:06.730, 5200393105147, testhost.dll, TestExecutorService: Loading the extensions
TpTrace Information: 0 : 5132, 5, 2021/11/27, 16:05:06.731, 5200393114631, testhost.dll, TestRequestHandler.ProcessRequests: received message: (TestExecution.StartWithSources) -> {
  "AdapterSourceMap": {
    "_none_": [
      "C:\\Users\\Armin\\Documents\\GitHub\\Grupa-3-Verifikovani-i-Validirani-Softverasi\\Pijaca\\Zadatak1\\bin\\Debug\\net5.0\\fine-code-coverage\\build-output\\Zadatak1.dll"
    ]
  },
  "RunSettings": "<RunSettings>\r\n  <RunConfiguration>\r\n    <ResultsDirectory>C:\\Users\\Armin\\Documents\\GitHub\\Grupa-3-Verifikovani-i-Validirani-Softverasi\\Pijaca\\Zadatak1\\bin\\Debug\\net5.0\\fine-code-coverage\\coverage-tool-output</ResultsDirectory>\r\n    <TargetPlatform>X64</TargetPlatform>\r\n    <TargetFrameworkVersion>.NETCoreApp,Version=v5.0</TargetFrameworkVersion>\r\n    <DesignMode>False</DesignMode>\r\n    <CollectSourceInformation>False</CollectSourceInformation>\r\n  </RunConfiguration>\r\n  <LoggerRunSettings>\r\n    <Loggers>\r\n      <Logger friendlyName=\"blame\" enabled=\"True\" />\r\n      <Logger friendlyName=\"Console\" uri=\"logger://microsoft/TestPlatform/ConsoleLogger/v1\" assemblyQualifiedName=\"Microsoft.VisualStudio.TestPlatform.CommandLine.Internal.ConsoleLogger, vstest.console, Version=15.0.0.0, Culture=neutral, PublicKeyToken=b03f5f7f11d50a3a\" codeBase=\"C:\\Program Files\\dotnet\\sdk\\5.0.402\\vstest.console.dll\" enabled=\"True\" />\r\n    </Loggers>\r\n  </LoggerRunSettings>\r\n  <DataCollectionRunSettings>\r\n    <DataCollectors>\r\n      <DataCollector friendlyName=\"blame\" enabled=\"True\">\r\n        <Configuration>\r\n          <ResultsDirectory>C:\\Users\\Armin\\Documents\\GitHub\\Grupa-3-Verifikovani-i-Validirani-Softverasi\\Pijaca\\Zadatak1\\bin\\Debug\\net5.0\\fine-code-coverage\\coverage-tool-output</ResultsDirectory>\r\n        </Configuration>\r\n      </DataCollector>\r\n    </DataCollectors>\r\n  </DataCollectionRunSettings>\r\n</RunSettings>",
  "TestExecutionContext": {
    "FrequencyOfRunStatsChangeEvent": 10,
    "RunStatsChangeEventTimeout": "00:00:01.5000000",
    "InIsolation": false,
    "KeepAlive": false,
    "AreTestCaseLevelEventsRequired": false,
    "IsDebug": false,
    "TestCaseFilter": null,
    "FilterOptions": null
  },
  "Package": null
}
TpTrace Information: 0 : 5132, 5, 2021/11/27, 16:05:06.731, 5200393116655, testhost.dll, Execution started.
TpTrace Verbose: 0 : 5132, 4, 2021/11/27, 16:05:06.733, 5200393130630, testhost.dll, TestPluginCache.DiscoverTestExtensions: finding test extensions in assemblies ends with: TestAdapter.dll TPluginInfo: Microsoft.VisualStudio.TestPlatform.Common.ExtensionFramework.Utilities.TestExecutorPluginInformation TExtension: Microsoft.VisualStudio.TestPlatform.ObjectModel.Adapter.ITestExecutor
TpTrace Verbose: 0 : 5132, 4, 2021/11/27, 16:05:06.734, 5200393146295, testhost.dll, TestPluginCache.GetExtensionPaths: Filtered extension paths: 
TpTrace Verbose: 0 : 5132, 4, 2021/11/27, 16:05:06.735, 5200393151770, testhost.dll, TestPluginCache.GetExtensionPaths: Added default extension paths: C:\Users\Armin\Documents\GitHub\Grupa-3-Verifikovani-i-Validirani-Softverasi\Pijaca\Zadatak1\bin\Debug\net5.0\fine-code-coverage\build-output\Microsoft.VisualStudio.TestPlatform.MSTest.TestAdapter.dll
TpTrace Verbose: 0 : 5132, 4, 2021/11/27, 16:05:06.735, 5200393152653, testhost.dll, TestPluginCache.GetExtensionPaths: Added unfilterableExtensionPaths: 
TpTrace Information: 0 : 5132, 4, 2021/11/27, 16:05:06.738, 5200393184513, testhost.dll, AssemblyResolver.ctor: Creating AssemblyResolver with searchDirectories C:\Users\Armin\Documents\GitHub\Grupa-3-Verifikovani-i-Validirani-Softverasi\Pijaca\Zadatak1\bin\Debug\net5.0\fine-code-coverage\build-output
TpTrace Verbose: 0 : 5132, 4, 2021/11/27, 16:05:06.743, 5200393229310, testhost.dll, TestPluginCache.DiscoverTestExtensions: Discovering the extensions using extension path.
TpTrace Verbose: 0 : 5132, 4, 2021/11/27, 16:05:06.743, 5200393233482, testhost.dll, TestPluginCache.GetExtensionPaths: Filtered extension paths: 
TpTrace Verbose: 0 : 5132, 4, 2021/11/27, 16:05:06.743, 5200393234940, testhost.dll, TestPluginCache.GetExtensionPaths: Added default extension paths: C:\Users\Armin\Documents\GitHub\Grupa-3-Verifikovani-i-Validirani-Softverasi\Pijaca\Zadatak1\bin\Debug\net5.0\fine-code-coverage\build-output\Microsoft.VisualStudio.TestPlatform.MSTest.TestAdapter.dll
TpTrace Verbose: 0 : 5132, 4, 2021/11/27, 16:05:06.743, 5200393236168, testhost.dll, TestPluginCache.GetExtensionPaths: Added unfilterableExtensionPaths: 
TpTrace Verbose: 0 : 5132, 4, 2021/11/27, 16:05:06.744, 5200393238069, testhost.dll, TestPluginCache.DiscoverTestExtensions: Discovering the extensions using allExtensionPaths: C:\Users\Armin\Documents\GitHub\Grupa-3-Verifikovani-i-Validirani-Softverasi\Pijaca\Zadatak1\bin\Debug\net5.0\fine-code-coverage\build-output\Microsoft.VisualStudio.TestPlatform.MSTest.TestAdapter.dll
TpTrace Information: 0 : 5132, 4, 2021/11/27, 16:05:06.745, 5200393256637, testhost.dll, AssemblyResolver.AddSearchDirectories: Adding more searchDirectories C:\Users\Armin\Documents\GitHub\Grupa-3-Verifikovani-i-Validirani-Softverasi\Pijaca\Zadatak1\bin\Debug\net5.0\fine-code-coverage\build-output
TpTrace Information: 0 : 5132, 4, 2021/11/27, 16:05:06.754, 5200393338418, testhost.dll, AssemblyResolver.OnResolve: Microsoft.VisualStudio.TestPlatform.MSTest.TestAdapter: Resolving assembly.
TpTrace Information: 0 : 5132, 4, 2021/11/27, 16:05:06.759, 5200393392849, testhost.dll, AssemblyResolver.OnResolve: Resolved assembly: Microsoft.VisualStudio.TestPlatform.MSTest.TestAdapter, from path: C:\Users\Armin\Documents\GitHub\Grupa-3-Verifikovani-i-Validirani-Softverasi\Pijaca\Zadatak1\bin\Debug\net5.0\fine-code-coverage\build-output\Microsoft.VisualStudio.TestPlatform.MSTest.TestAdapter.dll
TpTrace Verbose: 0 : 5132, 4, 2021/11/27, 16:05:06.770, 5200393503156, testhost.dll, TestPluginCache: Discovered the extensions using extension path ''.
TpTrace Verbose: 0 : 5132, 4, 2021/11/27, 16:05:06.771, 5200393510563, testhost.dll, TestPluginCache: Discoverers are ''.
TpTrace Verbose: 0 : 5132, 4, 2021/11/27, 16:05:06.771, 5200393512069, testhost.dll, TestPluginCache: Executors are 'executor://MSTestAdapter/v2'.
TpTrace Verbose: 0 : 5132, 4, 2021/11/27, 16:05:06.771, 5200393513646, testhost.dll, TestPluginCache: Executors2 are ''.
TpTrace Verbose: 0 : 5132, 4, 2021/11/27, 16:05:06.771, 5200393514878, testhost.dll, TestPluginCache: Setting providers are ''.
TpTrace Verbose: 0 : 5132, 4, 2021/11/27, 16:05:06.771, 5200393516073, testhost.dll, TestPluginCache: Loggers are ''.
TpTrace Verbose: 0 : 5132, 5, 2021/11/27, 16:05:06.772, 5200393520979, testhost.dll, TcpClientExtensions.MessageLoopAsync: Polling on remoteEndPoint: [::ffff:127.0.0.1]:54080 localEndPoint: [::ffff:127.0.0.1]:54081
TpTrace Verbose: 0 : 5132, 4, 2021/11/27, 16:05:06.778, 5200393579291, testhost.dll, TestPluginCache.DiscoverTestExtensions: finding test extensions in assemblies ends with: TestAdapter.dll TPluginInfo: Microsoft.VisualStudio.TestPlatform.Common.ExtensionFramework.Utilities.TestExecutorPluginInformation2 TExtension: Microsoft.VisualStudio.TestPlatform.ObjectModel.Adapter.ITestExecutor2
TpTrace Verbose: 0 : 5132, 4, 2021/11/27, 16:05:06.778, 5200393584417, testhost.dll, TestPluginCache.GetExtensionPaths: Filtered extension paths: 
TpTrace Verbose: 0 : 5132, 4, 2021/11/27, 16:05:06.778, 5200393585636, testhost.dll, TestPluginCache.GetExtensionPaths: Added default extension paths: C:\Users\Armin\Documents\GitHub\Grupa-3-Verifikovani-i-Validirani-Softverasi\Pijaca\Zadatak1\bin\Debug\net5.0\fine-code-coverage\build-output\Microsoft.VisualStudio.TestPlatform.MSTest.TestAdapter.dll
TpTrace Verbose: 0 : 5132, 4, 2021/11/27, 16:05:06.778, 5200393586193, testhost.dll, TestPluginCache.GetExtensionPaths: Added unfilterableExtensionPaths: 
TpTrace Information: 0 : 5132, 4, 2021/11/27, 16:05:06.779, 5200393589164, testhost.dll, AssemblyResolver.AddSearchDirectories: Adding more searchDirectories C:\Users\Armin\Documents\GitHub\Grupa-3-Verifikovani-i-Validirani-Softverasi\Pijaca\Zadatak1\bin\Debug\net5.0\fine-code-coverage\build-output
TpTrace Verbose: 0 : 5132, 4, 2021/11/27, 16:05:06.779, 5200393590167, testhost.dll, TestPluginCache.DiscoverTestExtensions: Discovering the extensions using extension path.
TpTrace Verbose: 0 : 5132, 4, 2021/11/27, 16:05:06.779, 5200393591059, testhost.dll, TestPluginCache.GetExtensionPaths: Filtered extension paths: 
TpTrace Verbose: 0 : 5132, 4, 2021/11/27, 16:05:06.779, 5200393591833, testhost.dll, TestPluginCache.GetExtensionPaths: Added default extension paths: C:\Users\Armin\Documents\GitHub\Grupa-3-Verifikovani-i-Validirani-Softverasi\Pijaca\Zadatak1\bin\Debug\net5.0\fine-code-coverage\build-output\Microsoft.VisualStudio.TestPlatform.MSTest.TestAdapter.dll
TpTrace Verbose: 0 : 5132, 4, 2021/11/27, 16:05:06.779, 5200393592447, testhost.dll, TestPluginCache.GetExtensionPaths: Added unfilterableExtensionPaths: 
TpTrace Verbose: 0 : 5132, 4, 2021/11/27, 16:05:06.779, 5200393593069, testhost.dll, TestPluginCache.DiscoverTestExtensions: Discovering the extensions using allExtensionPaths: C:\Users\Armin\Documents\GitHub\Grupa-3-Verifikovani-i-Validirani-Softverasi\Pijaca\Zadatak1\bin\Debug\net5.0\fine-code-coverage\build-output\Microsoft.VisualStudio.TestPlatform.MSTest.TestAdapter.dll
TpTrace Information: 0 : 5132, 4, 2021/11/27, 16:05:06.779, 5200393593836, testhost.dll, AssemblyResolver.AddSearchDirectories: Adding more searchDirectories C:\Users\Armin\Documents\GitHub\Grupa-3-Verifikovani-i-Validirani-Softverasi\Pijaca\Zadatak1\bin\Debug\net5.0\fine-code-coverage\build-output
TpTrace Verbose: 0 : 5132, 4, 2021/11/27, 16:05:06.780, 5200393597559, testhost.dll, TestPluginCache: Discovered the extensions using extension path ''.
TpTrace Verbose: 0 : 5132, 4, 2021/11/27, 16:05:06.780, 5200393598387, testhost.dll, TestPluginCache: Discoverers are ''.
TpTrace Verbose: 0 : 5132, 4, 2021/11/27, 16:05:06.780, 5200393599111, testhost.dll, TestPluginCache: Executors are 'executor://MSTestAdapter/v2'.
TpTrace Verbose: 0 : 5132, 4, 2021/11/27, 16:05:06.780, 5200393600125, testhost.dll, TestPluginCache: Executors2 are ''.
TpTrace Verbose: 0 : 5132, 4, 2021/11/27, 16:05:06.780, 5200393600684, testhost.dll, TestPluginCache: Setting providers are ''.
TpTrace Verbose: 0 : 5132, 4, 2021/11/27, 16:05:06.780, 5200393601134, testhost.dll, TestPluginCache: Loggers are ''.
TpTrace Information: 0 : 5132, 4, 2021/11/27, 16:05:06.787, 5200393675146, testhost.dll, TestPluginManager.CreateTestExtension: Attempting to load test extension: Microsoft.VisualStudio.TestPlatform.MSTest.TestAdapter.MSTestExecutor
TpTrace Verbose: 0 : 5132, 4, 2021/11/27, 16:05:06.801, 5200393812836, testhost.dll, TestExecutorExtensionManager: Loading executor Microsoft.VisualStudio.TestPlatform.MSTest.TestAdapter.MSTestExecutor
TpTrace Verbose: 0 : 5132, 4, 2021/11/27, 16:05:06.801, 5200393815274, testhost.dll, TestExecutorService: Loaded the executors
TpTrace Verbose: 0 : 5132, 4, 2021/11/27, 16:05:06.803, 5200393827563, testhost.dll, TestPluginCache.DiscoverTestExtensions: finding test extensions in assemblies ends with: TestAdapter.dll TPluginInfo: Microsoft.VisualStudio.TestPlatform.Common.ExtensionFramework.Utilities.TestSettingsProviderPluginInformation TExtension: Microsoft.VisualStudio.TestPlatform.ObjectModel.Adapter.ISettingsProvider
TpTrace Verbose: 0 : 5132, 4, 2021/11/27, 16:05:06.803, 5200393829214, testhost.dll, TestPluginCache.GetExtensionPaths: Filtered extension paths: 
TpTrace Verbose: 0 : 5132, 4, 2021/11/27, 16:05:06.803, 5200393829894, testhost.dll, TestPluginCache.GetExtensionPaths: Added default extension paths: C:\Users\Armin\Documents\GitHub\Grupa-3-Verifikovani-i-Validirani-Softverasi\Pijaca\Zadatak1\bin\Debug\net5.0\fine-code-coverage\build-output\Microsoft.VisualStudio.TestPlatform.MSTest.TestAdapter.dll
TpTrace Verbose: 0 : 5132, 4, 2021/11/27, 16:05:06.803, 5200393830354, testhost.dll, TestPluginCache.GetExtensionPaths: Added unfilterableExtensionPaths: 
TpTrace Information: 0 : 5132, 4, 2021/11/27, 16:05:06.803, 5200393832322, testhost.dll, AssemblyResolver.AddSearchDirectories: Adding more searchDirectories C:\Users\Armin\Documents\GitHub\Grupa-3-Verifikovani-i-Validirani-Softverasi\Pijaca\Zadatak1\bin\Debug\net5.0\fine-code-coverage\build-output
TpTrace Verbose: 0 : 5132, 4, 2021/11/27, 16:05:06.803, 5200393833034, testhost.dll, TestPluginCache.DiscoverTestExtensions: Discovering the extensions using extension path.
TpTrace Verbose: 0 : 5132, 4, 2021/11/27, 16:05:06.803, 5200393833515, testhost.dll, TestPluginCache.GetExtensionPaths: Filtered extension paths: 
TpTrace Verbose: 0 : 5132, 4, 2021/11/27, 16:05:06.803, 5200393833952, testhost.dll, TestPluginCache.GetExtensionPaths: Added default extension paths: C:\Users\Armin\Documents\GitHub\Grupa-3-Verifikovani-i-Validirani-Softverasi\Pijaca\Zadatak1\bin\Debug\net5.0\fine-code-coverage\build-output\Microsoft.VisualStudio.TestPlatform.MSTest.TestAdapter.dll
TpTrace Verbose: 0 : 5132, 4, 2021/11/27, 16:05:06.803, 5200393834446, testhost.dll, TestPluginCache.GetExtensionPaths: Added unfilterableExtensionPaths: 
TpTrace Verbose: 0 : 5132, 4, 2021/11/27, 16:05:06.803, 5200393834911, testhost.dll, TestPluginCache.DiscoverTestExtensions: Discovering the extensions using allExtensionPaths: C:\Users\Armin\Documents\GitHub\Grupa-3-Verifikovani-i-Validirani-Softverasi\Pijaca\Zadatak1\bin\Debug\net5.0\fine-code-coverage\build-output\Microsoft.VisualStudio.TestPlatform.MSTest.TestAdapter.dll
TpTrace Information: 0 : 5132, 4, 2021/11/27, 16:05:06.803, 5200393835535, testhost.dll, AssemblyResolver.AddSearchDirectories: Adding more searchDirectories C:\Users\Armin\Documents\GitHub\Grupa-3-Verifikovani-i-Validirani-Softverasi\Pijaca\Zadatak1\bin\Debug\net5.0\fine-code-coverage\build-output
TpTrace Verbose: 0 : 5132, 4, 2021/11/27, 16:05:06.804, 5200393838515, testhost.dll, TestPluginCache: Discovered the extensions using extension path ''.
TpTrace Verbose: 0 : 5132, 4, 2021/11/27, 16:05:06.804, 5200393839292, testhost.dll, TestPluginCache: Discoverers are ''.
TpTrace Verbose: 0 : 5132, 4, 2021/11/27, 16:05:06.804, 5200393839769, testhost.dll, TestPluginCache: Executors are 'executor://MSTestAdapter/v2'.
TpTrace Verbose: 0 : 5132, 4, 2021/11/27, 16:05:06.804, 5200393840208, testhost.dll, TestPluginCache: Executors2 are ''.
TpTrace Verbose: 0 : 5132, 4, 2021/11/27, 16:05:06.804, 5200393840780, testhost.dll, TestPluginCache: Setting providers are ''.
TpTrace Verbose: 0 : 5132, 4, 2021/11/27, 16:05:06.804, 5200393841228, testhost.dll, TestPluginCache: Loggers are ''.
TpTrace Verbose: 0 : 5132, 4, 2021/11/27, 16:05:06.805, 5200393853569, testhost.dll, TestExecutorService: Loaded the settings providers
TpTrace Information: 0 : 5132, 4, 2021/11/27, 16:05:06.805, 5200393854650, testhost.dll, TestExecutorService: Loaded the extensions
TpTrace Information: 0 : 5132, 4, 2021/11/27, 16:05:06.938, 5200395179019, testhost.dll, TestDiscoveryManager: Discovering tests from sources C:\Users\Armin\Documents\GitHub\Grupa-3-Verifikovani-i-Validirani-Softverasi\Pijaca\Zadatak1\bin\Debug\net5.0\fine-code-coverage\build-output\Zadatak1.dll
TpTrace Verbose: 0 : 5132, 4, 2021/11/27, 16:05:06.943, 5200395234517, testhost.dll, TestPluginCache.DiscoverTestExtensions: finding test extensions in assemblies ends with: TestAdapter.dll TPluginInfo: Microsoft.VisualStudio.TestPlatform.Common.ExtensionFramework.Utilities.TestDiscovererPluginInformation TExtension: Microsoft.VisualStudio.TestPlatform.ObjectModel.Adapter.ITestDiscoverer
TpTrace Verbose: 0 : 5132, 4, 2021/11/27, 16:05:06.944, 5200395237657, testhost.dll, TestPluginCache.GetExtensionPaths: Filtered extension paths: 
TpTrace Verbose: 0 : 5132, 4, 2021/11/27, 16:05:06.944, 5200395239965, testhost.dll, TestPluginCache.GetExtensionPaths: Added default extension paths: C:\Users\Armin\Documents\GitHub\Grupa-3-Verifikovani-i-Validirani-Softverasi\Pijaca\Zadatak1\bin\Debug\net5.0\fine-code-coverage\build-output\Microsoft.VisualStudio.TestPlatform.MSTest.TestAdapter.dll
TpTrace Verbose: 0 : 5132, 4, 2021/11/27, 16:05:06.944, 5200395241092, testhost.dll, TestPluginCache.GetExtensionPaths: Added unfilterableExtensionPaths: 
TpTrace Information: 0 : 5132, 4, 2021/11/27, 16:05:06.944, 5200395244867, testhost.dll, AssemblyResolver.AddSearchDirectories: Adding more searchDirectories C:\Users\Armin\Documents\GitHub\Grupa-3-Verifikovani-i-Validirani-Softverasi\Pijaca\Zadatak1\bin\Debug\net5.0\fine-code-coverage\build-output
TpTrace Verbose: 0 : 5132, 4, 2021/11/27, 16:05:06.944, 5200395246403, testhost.dll, TestPluginCache.DiscoverTestExtensions: Discovering the extensions using extension path.
TpTrace Verbose: 0 : 5132, 4, 2021/11/27, 16:05:06.944, 5200395247142, testhost.dll, TestPluginCache.GetExtensionPaths: Filtered extension paths: 
TpTrace Verbose: 0 : 5132, 4, 2021/11/27, 16:05:06.945, 5200395247743, testhost.dll, TestPluginCache.GetExtensionPaths: Added default extension paths: C:\Users\Armin\Documents\GitHub\Grupa-3-Verifikovani-i-Validirani-Softverasi\Pijaca\Zadatak1\bin\Debug\net5.0\fine-code-coverage\build-output\Microsoft.VisualStudio.TestPlatform.MSTest.TestAdapter.dll
TpTrace Verbose: 0 : 5132, 4, 2021/11/27, 16:05:06.945, 5200395248396, testhost.dll, TestPluginCache.GetExtensionPaths: Added unfilterableExtensionPaths: 
TpTrace Verbose: 0 : 5132, 4, 2021/11/27, 16:05:06.945, 5200395249005, testhost.dll, TestPluginCache.DiscoverTestExtensions: Discovering the extensions using allExtensionPaths: C:\Users\Armin\Documents\GitHub\Grupa-3-Verifikovani-i-Validirani-Softverasi\Pijaca\Zadatak1\bin\Debug\net5.0\fine-code-coverage\build-output\Microsoft.VisualStudio.TestPlatform.MSTest.TestAdapter.dll
TpTrace Information: 0 : 5132, 4, 2021/11/27, 16:05:06.945, 5200395250296, testhost.dll, AssemblyResolver.AddSearchDirectories: Adding more searchDirectories C:\Users\Armin\Documents\GitHub\Grupa-3-Verifikovani-i-Validirani-Softverasi\Pijaca\Zadatak1\bin\Debug\net5.0\fine-code-coverage\build-output
TpTrace Verbose: 0 : 5132, 4, 2021/11/27, 16:05:06.949, 5200395293057, testhost.dll, TestPluginCache: Discovered the extensions using extension path ''.
TpTrace Verbose: 0 : 5132, 4, 2021/11/27, 16:05:06.949, 5200395295135, testhost.dll, TestPluginCache: Discoverers are 'Microsoft.VisualStudio.TestPlatform.MSTest.TestAdapter.MSTestDiscoverer, Microsoft.VisualStudio.TestPlatform.MSTest.TestAdapter, Version=14.0.0.0, Culture=neutral, PublicKeyToken=b03f5f7f11d50a3a'.
TpTrace Verbose: 0 : 5132, 4, 2021/11/27, 16:05:06.949, 5200395296079, testhost.dll, TestPluginCache: Executors are 'executor://MSTestAdapter/v2'.
TpTrace Verbose: 0 : 5132, 4, 2021/11/27, 16:05:06.949, 5200395296590, testhost.dll, TestPluginCache: Executors2 are ''.
TpTrace Verbose: 0 : 5132, 4, 2021/11/27, 16:05:06.949, 5200395297055, testhost.dll, TestPluginCache: Setting providers are ''.
TpTrace Verbose: 0 : 5132, 4, 2021/11/27, 16:05:06.950, 5200395297569, testhost.dll, TestPluginCache: Loggers are ''.
TpTrace Verbose: 0 : 5132, 4, 2021/11/27, 16:05:06.963, 5200395433477, testhost.dll, BaseRunTests.RunTestInternalWithExecutors: Running tests for executor://MSTestAdapter/v2
TpTrace Information: 0 : 5132, 4, 2021/11/27, 16:05:06.964, 5200395441453, testhost.dll, AssemblyResolver.OnResolve: Microsoft.VisualStudio.TestPlatform.MSTestAdapter.PlatformServices.Interface: Resolving assembly.
TpTrace Information: 0 : 5132, 4, 2021/11/27, 16:05:06.965, 5200395452397, testhost.dll, AssemblyResolver.OnResolve: Resolved assembly: Microsoft.VisualStudio.TestPlatform.MSTestAdapter.PlatformServices.Interface, from path: C:\Users\Armin\Documents\GitHub\Grupa-3-Verifikovani-i-Validirani-Softverasi\Pijaca\Zadatak1\bin\Debug\net5.0\fine-code-coverage\build-output\Microsoft.VisualStudio.TestPlatform.MSTestAdapter.PlatformServices.Interface.dll
TpTrace Information: 0 : 5132, 4, 2021/11/27, 16:05:06.967, 5200395469277, testhost.dll, AssemblyResolver.OnResolve: Microsoft.VisualStudio.TestPlatform.MSTestAdapter.PlatformServices: Resolving assembly.
TpTrace Information: 0 : 5132, 4, 2021/11/27, 16:05:06.968, 5200395483342, testhost.dll, AssemblyResolver.OnResolve: Resolved assembly: Microsoft.VisualStudio.TestPlatform.MSTestAdapter.PlatformServices, from path: C:\Users\Armin\Documents\GitHub\Grupa-3-Verifikovani-i-Validirani-Softverasi\Pijaca\Zadatak1\bin\Debug\net5.0\fine-code-coverage\build-output\Microsoft.VisualStudio.TestPlatform.MSTestAdapter.PlatformServices.dll
TpTrace Information: 0 : 5132, 4, 2021/11/27, 16:05:06.969, 5200395490542, testhost.dll, MSTest - MSTestExecutor.RunTests: Running tests from sources.
TpTrace Information: 0 : 5132, 4, 2021/11/27, 16:05:06.976, 5200395560613, testhost.dll, MSTest - CollectSourceInformation value Found : False 
TpTrace Information: 0 : 5132, 4, 2021/11/27, 16:05:07.014, 5200395941733, testhost.dll, AssemblyResolver.OnResolve: Microsoft.TestPlatform.AdapterUtilities: Resolving assembly.
TpTrace Information: 0 : 5132, 4, 2021/11/27, 16:05:07.015, 5200395953474, testhost.dll, AssemblyResolver.OnResolve: Resolved assembly: Microsoft.TestPlatform.AdapterUtilities, from path: C:\Users\Armin\Documents\GitHub\Grupa-3-Verifikovani-i-Validirani-Softverasi\Pijaca\Zadatak1\bin\Debug\net5.0\fine-code-coverage\build-output\Microsoft.TestPlatform.AdapterUtilities.dll
TpTrace Information: 0 : 5132, 4, 2021/11/27, 16:05:07.044, 5200396243385, testhost.dll, MSTest - MSTestDiscoverer: Found 5 tests from source C:\Users\Armin\Documents\GitHub\Grupa-3-Verifikovani-i-Validirani-Softverasi\Pijaca\Zadatak1\bin\Debug\net5.0\fine-code-coverage\build-output\Zadatak1.dll
TpTrace Information: 0 : 5132, 4, 2021/11/27, 16:05:07.071, 5200396513956, testhost.dll, AssemblyResolver.OnResolve: Microsoft.VisualStudio.TestPlatform.MSTestAdapter.PlatformServices.resources: Resolving assembly.
TpTrace Information: 0 : 5132, 4, 2021/11/27, 16:05:07.071, 5200396517412, testhost.dll, AssemblyResolver.OnResolve: Microsoft.VisualStudio.TestPlatform.MSTestAdapter.PlatformServices.resources: Failed to load assembly.
TpTrace Information: 0 : 5132, 4, 2021/11/27, 16:05:07.072, 5200396524693, testhost.dll, AssemblyResolver.OnResolve: Microsoft.VisualStudio.TestPlatform.MSTestAdapter.PlatformServices.resources: Resolving assembly.
TpTrace Information: 0 : 5132, 4, 2021/11/27, 16:05:07.072, 5200396526188, testhost.dll, AssemblyResolver.OnResolve: Microsoft.VisualStudio.TestPlatform.MSTestAdapter.PlatformServices.resources: Resolved from cache.
TpTrace Information: 0 : 5132, 4, 2021/11/27, 16:05:07.101, 5200396814716, testhost.dll, MSTest - Created unit-test runner C:\Users\Armin\Documents\GitHub\Grupa-3-Verifikovani-i-Validirani-Softverasi\Pijaca\Zadatak1\bin\Debug\net5.0\fine-code-coverage\build-output\Zadatak1.dll
TpTrace Verbose: 0 : 5132, 4, 2021/11/27, 16:05:07.112, 5200396925169, testhost.dll, TestExecutionRecorder.RecordStart: Starting test: Zadatak1.ProdavacTest.TestPogresnaSifra.
TpTrace Information: 0 : 5132, 4, 2021/11/27, 16:05:07.253, 5200398332255, testhost.dll, MSTest - Executing test TestPogresnaSifra
TpTrace Information: 0 : 5132, 4, 2021/11/27, 16:05:07.327, 5200399068061, testhost.dll, MSTest - Executed test TestPogresnaSifra
TpTrace Verbose: 0 : 5132, 4, 2021/11/27, 16:05:07.336, 5200399158262, testhost.dll, TestExecutionRecorder.RecordEnd: test: Zadatak1.ProdavacTest.TestPogresnaSifra execution completed.
TpTrace Verbose: 0 : 5132, 4, 2021/11/27, 16:05:07.370, 5200399498611, testhost.dll, TestExecutionRecorder.RecordResult: Received result for test: Zadatak1.ProdavacTest.TestPogresnaSifra.
TpTrace Warning: 0 : 5132, 4, 2021/11/27, 16:05:07.378, 5200399584026, testhost.dll, TestRunCache: InProgressTests is null
TpTrace Warning: 0 : 5132, 4, 2021/11/27, 16:05:07.379, 5200399587636, testhost.dll, TestRunCache: No test found corresponding to testResult '' in inProgress list.
TpTrace Verbose: 0 : 5132, 4, 2021/11/27, 16:05:07.379, 5200399589774, testhost.dll, TestExecutionRecorder.RecordStart: Starting test: Zadatak1.ProdavacTest.TestAktivnosti.
TpTrace Information: 0 : 5132, 4, 2021/11/27, 16:05:07.381, 5200399611180, testhost.dll, MSTest - Executing test TestAktivnosti
TpTrace Information: 0 : 5132, 4, 2021/11/27, 16:05:07.382, 5200399620514, testhost.dll, MSTest - Executed test TestAktivnosti
TpTrace Verbose: 0 : 5132, 4, 2021/11/27, 16:05:07.382, 5200399621795, testhost.dll, TestExecutionRecorder.RecordEnd: test: Zadatak1.ProdavacTest.TestAktivnosti execution completed.
TpTrace Verbose: 0 : 5132, 4, 2021/11/27, 16:05:07.384, 5200399640008, testhost.dll, TestExecutionRecorder.RecordResult: Received result for test: Zadatak1.ProdavacTest.TestAktivnosti.
TpTrace Warning: 0 : 5132, 4, 2021/11/27, 16:05:07.384, 5200399641320, testhost.dll, TestRunCache: InProgressTests is null
TpTrace Warning: 0 : 5132, 4, 2021/11/27, 16:05:07.384, 5200399641894, testhost.dll, TestRunCache: No test found corresponding to testResult '' in inProgress list.
TpTrace Verbose: 0 : 5132, 4, 2021/11/27, 16:05:07.384, 5200399642807, testhost.dll, TestExecutionRecorder.RecordStart: Starting test: Zadatak1.ProdavacTest.TestPogresnihPodataka.
TpTrace Information: 0 : 5132, 4, 2021/11/27, 16:05:07.386, 5200399658981, testhost.dll, MSTest - Executing test TestPogresnihPodataka
TpTrace Information: 0 : 5132, 4, 2021/11/27, 16:05:07.387, 5200399669655, testhost.dll, MSTest - Executed test TestPogresnihPodataka
TpTrace Verbose: 0 : 5132, 4, 2021/11/27, 16:05:07.387, 5200399670825, testhost.dll, TestExecutionRecorder.RecordEnd: test: Zadatak1.ProdavacTest.TestPogresnihPodataka execution completed.
TpTrace Verbose: 0 : 5132, 4, 2021/11/27, 16:05:07.400, 5200399798683, testhost.dll, TestExecutionRecorder.RecordResult: Received result for test: Zadatak1.ProdavacTest.TestPogresnihPodataka.
TpTrace Warning: 0 : 5132, 4, 2021/11/27, 16:05:07.400, 5200399800311, testhost.dll, TestRunCache: InProgressTests is null
TpTrace Warning: 0 : 5132, 4, 2021/11/27, 16:05:07.400, 5200399800893, testhost.dll, TestRunCache: No test found corresponding to testResult '' in inProgress list.
TpTrace Verbose: 0 : 5132, 4, 2021/11/27, 16:05:07.400, 5200399801852, testhost.dll, TestExecutionRecorder.RecordStart: Starting test: Zadatak1.ProdavacTest.TestPovecanjaPrometa.
TpTrace Information: 0 : 5132, 4, 2021/11/27, 16:05:07.403, 5200399830123, testhost.dll, MSTest - Executing test TestPovecanjaPrometa
TpTrace Information: 0 : 5132, 4, 2021/11/27, 16:05:07.404, 5200399845070, testhost.dll, MSTest - Executed test TestPovecanjaPrometa
TpTrace Verbose: 0 : 5132, 4, 2021/11/27, 16:05:07.404, 5200399846270, testhost.dll, TestExecutionRecorder.RecordEnd: test: Zadatak1.ProdavacTest.TestPovecanjaPrometa execution completed.
TpTrace Verbose: 0 : 5132, 4, 2021/11/27, 16:05:07.406, 5200399863622, testhost.dll, TestExecutionRecorder.RecordResult: Received result for test: Zadatak1.ProdavacTest.TestPovecanjaPrometa.
TpTrace Warning: 0 : 5132, 4, 2021/11/27, 16:05:07.406, 5200399866016, testhost.dll, TestRunCache: InProgressTests is null
TpTrace Warning: 0 : 5132, 4, 2021/11/27, 16:05:07.407, 5200399870908, testhost.dll, TestRunCache: No test found corresponding to testResult '' in inProgress list.
TpTrace Verbose: 0 : 5132, 4, 2021/11/27, 16:05:07.407, 5200399873665, testhost.dll, TestExecutionRecorder.RecordStart: Starting test: Zadatak1.ProdavacTest.TestNegativnogPrometa.
TpTrace Information: 0 : 5132, 4, 2021/11/27, 16:05:07.411, 5200399912200, testhost.dll, MSTest - Executing test TestNegativnogPrometa
TpTrace Information: 0 : 5132, 4, 2021/11/27, 16:05:07.412, 5200399919927, testhost.dll, MSTest - Executed test TestNegativnogPrometa
TpTrace Verbose: 0 : 5132, 4, 2021/11/27, 16:05:07.412, 5200399921196, testhost.dll, TestExecutionRecorder.RecordEnd: test: Zadatak1.ProdavacTest.TestNegativnogPrometa execution completed.
TpTrace Verbose: 0 : 5132, 4, 2021/11/27, 16:05:07.414, 5200399938086, testhost.dll, TestExecutionRecorder.RecordResult: Received result for test: Zadatak1.ProdavacTest.TestNegativnogPrometa.
TpTrace Warning: 0 : 5132, 4, 2021/11/27, 16:05:07.414, 5200399939666, testhost.dll, TestRunCache: InProgressTests is null
TpTrace Warning: 0 : 5132, 4, 2021/11/27, 16:05:07.414, 5200399940342, testhost.dll, TestRunCache: No test found corresponding to testResult '' in inProgress list.
TpTrace Information: 0 : 5132, 4, 2021/11/27, 16:05:07.414, 5200399943389, testhost.dll, MSTest - Executing cleanup methods.
TpTrace Information: 0 : 5132, 4, 2021/11/27, 16:05:07.416, 5200399961757, testhost.dll, MSTest - Executed cleanup methods.
TpTrace Information: 0 : 5132, 4, 2021/11/27, 16:05:07.416, 5200399962733, testhost.dll, MSTest - Executed tests belonging to source C:\Users\Armin\Documents\GitHub\Grupa-3-Verifikovani-i-Validirani-Softverasi\Pijaca\Zadatak1\bin\Debug\net5.0\fine-code-coverage\build-output\Zadatak1.dll
TpTrace Information: 0 : 5132, 4, 2021/11/27, 16:05:07.416, 5200399965954, testhost.dll, Deleting deployment directory C:\Users\Armin\Documents\GitHub\Grupa-3-Verifikovani-i-Validirani-Softverasi\Pijaca\Zadatak1\bin\Debug\net5.0\fine-code-coverage\coverage-tool-output\Deploy_Armin 2021-11-27 16_05_07
TpTrace Information: 0 : 5132, 4, 2021/11/27, 16:05:07.420, 5200400005751, testhost.dll, Deleted deployment directory C:\Users\Armin\Documents\GitHub\Grupa-3-Verifikovani-i-Validirani-Softverasi\Pijaca\Zadatak1\bin\Debug\net5.0\fine-code-coverage\coverage-tool-output\Deploy_Armin 2021-11-27 16_05_07
TpTrace Verbose: 0 : 5132, 4, 2021/11/27, 16:05:07.421, 5200400012332, testhost.dll, BaseRunTests.RunTestInternalWithExecutors: Completed running tests for executor://MSTestAdapter/v2
TpTrace Information: 0 : 5132, 4, 2021/11/27, 16:05:07.429, 5200400094582, testhost.dll, Sending test run complete
TpTrace Verbose: 0 : 5132, 4, 2021/11/27, 16:05:07.487, 5200400672839, testhost.dll, TestRequestHandler.SendData:  sending data from testhost: {"Version":5,"MessageType":"TestExecution.Completed","Payload":{"TestRunCompleteArgs":{"TestRunStatistics":{"ExecutedTests":5,"Stats":{"Passed":5}},"IsCanceled":false,"IsAborted":false,"Error":null,"AttachmentSets":[],"ElapsedTimeInRunningTests":"00:00:00.4689864","Metrics":{}},"LastRunTests":{"NewTestResults":[{"TestCase":{"Id":"6b10294d-693c-8bde-94d8-97ba1474c65a","FullyQualifiedName":"Zadatak1.ProdavacTest.TestPogresnaSifra","DisplayName":"TestPogresnaSifra","ExecutorUri":"executor://MSTestAdapter/v2","Source":"C:\\Users\\Armin\\Documents\\GitHub\\Grupa-3-Verifikovani-i-Validirani-Softverasi\\Pijaca\\Zadatak1\\bin\\Debug\\net5.0\\fine-code-coverage\\build-output\\Zadatak1.dll","CodeFilePath":null,"LineNumber":-1,"Properties":[{"Key":{"Id":"TestCase.ManagedType","Label":"ManagedType","Category":"","Description":"","Attributes":1,"ValueType":"System.String"},"Value":"Zadatak1.ProdavacTest"},{"Key":{"Id":"TestCase.ManagedMethod","Label":"ManagedMethod","Category":"","Description":"","Attributes":1,"ValueType":"System.String"},"Value":"TestPogresnaSifra"},{"Key":{"Id":"MSTestDiscoverer.TestClassName","Label":"ClassName","Category":"","Description":"","Attributes":1,"ValueType":"System.String"},"Value":"Zadatak1.ProdavacTest"},{"Key":{"Id":"TestObject.Traits","Label":"Traits","Category":"","Description":"","Attributes":5,"ValueType":"System.Collections.Generic.KeyValuePair`2[[System.String],[System.String]][]"},"Value":[]}]},"Attachments":[],"Outcome":1,"ErrorMessage":null,"ErrorStackTrace":null,"DisplayName":null,"Messages":[],"ComputerName":null,"Duration":"00:00:00.0146057","StartTime":"2021-11-27T16:05:07.2533029+01:00","EndTime":"2021-11-27T16:05:07.3272641+01:00","Properties":[{"Key":{"Id":"ExecutionId","Label":"ExecutionId","Category":"","Description":"","Attributes":1,"ValueType":"System.Guid"},"Value":"00000000-0000-0000-0000-000000000000"},{"Key":{"Id":"ParentExecId","Label":"ParentExecId","Category":"","Description":"","Attributes":1,"ValueType":"System.Guid"},"Value":"00000000-0000-0000-0000-000000000000"},{"Key":{"Id":"InnerResultsCount","Label":"InnerResultsCount","Category":"","Description":"","Attributes":1,"ValueType":"System.Int32"},"Value":0}]},{"TestCase":{"Id":"03d44b12-18f4-0cbe-1c33-4094b2186c06","FullyQualifiedName":"Zadatak1.ProdavacTest.TestAktivnosti","DisplayName":"TestAktivnosti","ExecutorUri":"executor://MSTestAdapter/v2","Source":"C:\\Users\\Armin\\Documents\\GitHub\\Grupa-3-Verifikovani-i-Validirani-Softverasi\\Pijaca\\Zadatak1\\bin\\Debug\\net5.0\\fine-code-coverage\\build-output\\Zadatak1.dll","CodeFilePath":null,"LineNumber":-1,"Properties":[{"Key":{"Id":"TestCase.ManagedType","Label":"ManagedType","Category":"","Description":"","Attributes":1,"ValueType":"System.String"},"Value":"Zadatak1.ProdavacTest"},{"Key":{"Id":"TestCase.ManagedMethod","Label":"ManagedMethod","Category":"","Description":"","Attributes":1,"ValueType":"System.String"},"Value":"TestAktivnosti"},{"Key":{"Id":"MSTestDiscoverer.TestClassName","Label":"ClassName","Category":"","Description":"","Attributes":1,"ValueType":"System.String"},"Value":"Zadatak1.ProdavacTest"},{"Key":{"Id":"TestObject.Traits","Label":"Traits","Category":"","Description":"","Attributes":5,"ValueType":"System.Collections.Generic.KeyValuePair`2[[System.String],[System.String]][]"},"Value":[]}]},"Attachments":[],"Outcome":1,"ErrorMessage":null,"ErrorStackTrace":null,"DisplayName":null,"Messages":[],"ComputerName":null,"Duration":"00:00:00.0005539","StartTime":"2021-11-27T16:05:07.3813613+01:00","EndTime":"2021-11-27T16:05:07.3824141+01:00","Properties":[{"Key":{"Id":"ExecutionId","Label":"ExecutionId","Category":"","Description":"","Attributes":1,"ValueType":"System.Guid"},"Value":"00000000-0000-0000-0000-000000000000"},{"Key":{"Id":"ParentExecId","Label":"ParentExecId","Category":"","Description":"","Attributes":1,"ValueType":"System.Guid"},"Value":"00000000-0000-0000-0000-000000000000"},{"Key":{"Id":"InnerResultsCount","Label":"InnerResultsCount","Category":"","Description":"","Attributes":1,"ValueType":"System.Int32"},"Value":0}]},{"TestCase":{"Id":"c0b925a7-8cbd-7c38-aa41-59795ea98c0e","FullyQualifiedName":"Zadatak1.ProdavacTest.TestPogresnihPodataka","DisplayName":"TestPogresnihPodataka","ExecutorUri":"executor://MSTestAdapter/v2","Source":"C:\\Users\\Armin\\Documents\\GitHub\\Grupa-3-Verifikovani-i-Validirani-Softverasi\\Pijaca\\Zadatak1\\bin\\Debug\\net5.0\\fine-code-coverage\\build-output\\Zadatak1.dll","CodeFilePath":null,"LineNumber":-1,"Properties":[{"Key":{"Id":"TestCase.ManagedType","Label":"ManagedType","Category":"","Description":"","Attributes":1,"ValueType":"System.String"},"Value":"Zadatak1.ProdavacTest"},{"Key":{"Id":"TestCase.ManagedMethod","Label":"ManagedMethod","Category":"","Description":"","Attributes":1,"ValueType":"System.String"},"Value":"TestPogresnihPodataka"},{"Key":{"Id":"MSTestDiscoverer.TestClassName","Label":"ClassName","Category":"","Description":"","Attributes":1,"ValueType":"System.String"},"Value":"Zadatak1.ProdavacTest"},{"Key":{"Id":"TestObject.Traits","Label":"Traits","Category":"","Description":"","Attributes":5,"ValueType":"System.Collections.Generic.KeyValuePair`2[[System.String],[System.String]][]"},"Value":[]}]},"Attachments":[],"Outcome":1,"ErrorMessage":null,"ErrorStackTrace":null,"DisplayName":null,"Messages":[],"ComputerName":null,"Duration":"00:00:00.0007425","StartTime":"2021-11-27T16:05:07.3861432+01:00","EndTime":"2021-11-27T16:05:07.3873246+01:00","Properties":[{"Key":{"Id":"ExecutionId","Label":"ExecutionId","Category":"","Description":"","Attributes":1,"ValueType":"System.Guid"},"Value":"00000000-0000-0000-0000-000000000000"},{"Key":{"Id":"ParentExecId","Label":"ParentExecId","Category":"","Description":"","Attributes":1,"ValueType":"System.Guid"},"Value":"00000000-0000-0000-0000-000000000000"},{"Key":{"Id":"InnerResultsCount","Label":"InnerResultsCount","Category":"","Description":"","Attributes":1,"ValueType":"System.Int32"},"Value":0}]},{"TestCase":{"Id":"e24cc8fb-745b-e81c-73f9-2fc994551ca5","FullyQualifiedName":"Zadatak1.ProdavacTest.TestPovecanjaPrometa","DisplayName":"TestPovecanjaPrometa","ExecutorUri":"executor://MSTestAdapter/v2","Source":"C:\\Users\\Armin\\Documents\\GitHub\\Grupa-3-Verifikovani-i-Validirani-Softverasi\\Pijaca\\Zadatak1\\bin\\Debug\\net5.0\\fine-code-coverage\\build-output\\Zadatak1.dll","CodeFilePath":null,"LineNumber":-1,"Properties":[{"Key":{"Id":"TestCase.ManagedType","Label":"ManagedType","Category":"","Description":"","Attributes":1,"ValueType":"System.String"},"Value":"Zadatak1.ProdavacTest"},{"Key":{"Id":"TestCase.ManagedMethod","Label":"ManagedMethod","Category":"","Description":"","Attributes":1,"ValueType":"System.String"},"Value":"TestPovecanjaPrometa"},{"Key":{"Id":"MSTestDiscoverer.TestClassName","Label":"ClassName","Category":"","Description":"","Attributes":1,"ValueType":"System.String"},"Value":"Zadatak1.ProdavacTest"},{"Key":{"Id":"TestObject.Traits","Label":"Traits","Category":"","Description":"","Attributes":5,"ValueType":"System.Collections.Generic.KeyValuePair`2[[System.String],[System.String]][]"},"Value":[]}]},"Attachments":[],"Outcome":1,"ErrorMessage":null,"ErrorStackTrace":null,"DisplayName":null,"Messages":[],"ComputerName":null,"Duration":"00:00:00.0011874","StartTime":"2021-11-27T16:05:07.4032559+01:00","EndTime":"2021-11-27T16:05:07.4048703+01:00","Properties":[{"Key":{"Id":"ExecutionId","Label":"ExecutionId","Category":"","Description":"","Attributes":1,"ValueType":"System.Guid"},"Value":"00000000-0000-0000-0000-000000000000"},{"Key":{"Id":"ParentExecId","Label":"ParentExecId","Category":"","Description":"","Attributes":1,"ValueType":"System.Guid"},"Value":"00000000-0000-0000-0000-000000000000"},{"Key":{"Id":"InnerResultsCount","Label":"InnerResultsCount","Category":"","Description":"","Attributes":1,"ValueType":"System.Int32"},"Value":0}]},{"TestCase":{"Id":"e1e62ecb-27da-a0d2-0bac-6daf339d1ad6","FullyQualifiedName":"Zadatak1.ProdavacTest.TestNegativnogPrometa","DisplayName":"TestNegativnogPrometa","ExecutorUri":"executor://MSTestAdapter/v2","Source":"C:\\Users\\Armin\\Documents\\GitHub\\Grupa-3-Verifikovani-i-Validirani-Softverasi\\Pijaca\\Zadatak1\\bin\\Debug\\net5.0\\fine-code-coverage\\build-output\\Zadatak1.dll","CodeFilePath":null,"LineNumber":-1,"Properties":[{"Key":{"Id":"TestCase.ManagedType","Label":"ManagedType","Category":"","Description":"","Attributes":1,"ValueType":"System.String"},"Value":"Zadatak1.ProdavacTest"},{"Key":{"Id":"TestCase.ManagedMethod","Label":"ManagedMethod","Category":"","Description":"","Attributes":1,"ValueType":"System.String"},"Value":"TestNegativnogPrometa"},{"Key":{"Id":"MSTestDiscoverer.TestClassName","Label":"ClassName","Category":"","Description":"","Attributes":1,"ValueType":"System.String"},"Value":"Zadatak1.ProdavacTest"},{"Key":{"Id":"TestObject.Traits","Label":"Traits","Category":"","Description":"","Attributes":5,"ValueType":"System.Collections.Generic.KeyValuePair`2[[System.String],[System.String]][]"},"Value":[]}]},"Attachments":[],"Outcome":1,"ErrorMessage":null,"ErrorStackTrace":null,"DisplayName":null,"Messages":[],"ComputerName":null,"Duration":"00:00:00.0004273","StartTime":"2021-11-27T16:05:07.411457+01:00","EndTime":"2021-11-27T16:05:07.412363+01:00","Properties":[{"Key":{"Id":"ExecutionId","Label":"ExecutionId","Category":"","Description":"","Attributes":1,"ValueType":"System.Guid"},"Value":"00000000-0000-0000-0000-000000000000"},{"Key":{"Id":"ParentExecId","Label":"ParentExecId","Category":"","Description":"","Attributes":1,"ValueType":"System.Guid"},"Value":"00000000-0000-0000-0000-000000000000"},{"Key":{"Id":"InnerResultsCount","Label":"InnerResultsCount","Category":"","Description":"","Attributes":1,"ValueType":"System.Int32"},"Value":0}]}],"TestRunStatistics":{"ExecutedTests":5,"Stats":{"Passed":5}},"ActiveTests":[]},"RunAttachments":[],"ExecutorUris":["executor://mstestadapter/v2"]}}
TpTrace Verbose: 0 : 5132, 4, 2021/11/27, 16:05:07.488, 5200400681311, testhost.dll, BaseRunTests.RunTests: Run is complete.
TpTrace Verbose: 0 : 5132, 5, 2021/11/27, 16:05:07.491, 5200400711853, testhost.dll, TcpClientExtensions.MessageLoopAsync: NotifyDataAvailable remoteEndPoint: [::ffff:127.0.0.1]:54080 localEndPoint: [::ffff:127.0.0.1]:54081
TpTrace Information: 0 : 5132, 5, 2021/11/27, 16:05:07.492, 5200400717549, testhost.dll, TestRequestHandler.ProcessRequests: received message: (TestSession.Terminate) -> null
TpTrace Information: 0 : 5132, 5, 2021/11/27, 16:05:07.492, 5200400720140, testhost.dll, Session End message received from server. Closing the connection.
TpTrace Information: 0 : 5132, 5, 2021/11/27, 16:05:07.493, 5200400734036, testhost.dll, SocketClient.Stop: Stop communication from server endpoint: 127.0.0.1:054080
TpTrace Information: 0 : 5132, 5, 2021/11/27, 16:05:07.493, 5200400735888, testhost.dll, SocketClient: Stop: Cancellation requested. Stopping message loop.
TpTrace Verbose: 0 : 5132, 5, 2021/11/27, 16:05:07.494, 5200400738933, testhost.dll, LengthPrefixCommunicationChannel.Dispose: Dispose reader and writer.
TpTrace Information: 0 : 5132, 5, 2021/11/27, 16:05:07.494, 5200400740321, testhost.dll, Closing the connection !
TpTrace Information: 0 : 5132, 5, 2021/11/27, 16:05:07.494, 5200400744912, testhost.dll, SocketClient.PrivateStop: Stop communication from server endpoint: 127.0.0.1:054080, error:
TpTrace Verbose: 0 : 5132, 5, 2021/11/27, 16:05:07.495, 5200400749033, testhost.dll, LengthPrefixCommunicationChannel.Dispose: Dispose reader and writer.
TpTrace Verbose: 0 : 5132, 5, 2021/11/27, 16:05:07.495, 5200400750928, testhost.dll, TcpClientExtensions.MessageLoopAsync: exiting MessageLoopAsync remoteEndPoint: [::ffff:127.0.0.1]:54080 localEndPoint: [::ffff:127.0.0.1]:54081
TpTrace Information: 0 : 5132, 1, 2021/11/27, 16:05:07.495, 5200400749033, testhost.dll, Closing the connection !
TpTrace Information: 0 : 5132, 1, 2021/11/27, 16:05:07.495, 5200400753697, testhost.dll, SocketClient.Stop: Stop communication from server endpoint: 127.0.0.1:054080
TpTrace Verbose: 0 : 5132, 1, 2021/11/27, 16:05:07.495, 5200400754764, testhost.dll, LengthPrefixCommunicationChannel.Dispose: Dispose reader and writer.
TpTrace Information: 0 : 5132, 1, 2021/11/27, 16:05:07.495, 5200400756698, testhost.dll, Testhost process exiting.
