TpTrace Verbose: 0 : 17936, 1, 2021/11/17, 22:30:58.729, 208225548444, testhost.dll, Version: 16.9.4
TpTrace Information: 0 : 17936, 1, 2021/11/17, 22:30:58.743, 208225620391, testhost.dll, DefaultEngineInvoker.Invoke: Testhost process started with args :[--port, 57361],[--endpoint, 127.0.0.1:057361],[--role, client],[--parentprocessid, 15052],[--diag, C:\Users\Armin\Documents\GitHub\Grupa-3-Verifikovani-i-Validirani-Softverasi\Pijaca\Zadatak1\bin\Debug\net5.0\fine-code-coverage\coverage-tool-output\diagnostics.host.21-11-17_22-30-58_54181_6.log],[--tracelevel, 4],[--datacollectionport, 57360],[--telemetryoptedin, false]
TpTrace Information: 0 : 17936, 1, 2021/11/17, 22:30:58.747, 208225656343, testhost.dll, Setting up debug trace listener.
TpTrace Verbose: 0 : 17936, 1, 2021/11/17, 22:30:58.749, 208225676180, testhost.dll, TestPlatformTraceListener.Setup: Replacing listener 0 with TestHostTraceListener.
TpTrace Verbose: 0 : 17936, 1, 2021/11/17, 22:30:58.750, 208225681807, testhost.dll, TestPlatformTraceListener.Setup: Added test platform trace listener.
TpTrace Information: 0 : 17936, 1, 2021/11/17, 22:30:58.751, 208225697672, testhost.dll, DefaultEngineInvoker.SetParentProcessExitCallback: Monitoring parent process with id: '15052'
TpTrace Information: 0 : 17936, 1, 2021/11/17, 22:30:58.762, 208225804054, testhost.dll, DefaultEngineInvoker.GetConnectionInfo: Initialize communication on endpoint address: '127.0.0.1:057361'
TpTrace Information: 0 : 17936, 1, 2021/11/17, 22:30:58.779, 208225971797, testhost.dll, SocketClient.Start: connecting to server endpoint: 127.0.0.1:057361
TpTrace Information: 0 : 17936, 1, 2021/11/17, 22:30:58.791, 208226092125, testhost.dll, DefaultEngineInvoker.ConnectToDatacollector: Connecting to datacollector, port: 57360
TpTrace Information: 0 : 17936, 5, 2021/11/17, 22:30:58.791, 208226100735, testhost.dll, SocketClient.OnServerConnected: connected to server endpoint: 127.0.0.1:057361
TpTrace Verbose: 0 : 17936, 5, 2021/11/17, 22:30:58.793, 208226116925, testhost.dll, Connected to server, and starting MessageLoopAsync
TpTrace Information: 0 : 17936, 1, 2021/11/17, 22:30:58.793, 208226121554, testhost.dll, Trying to connect to server on socket : 127.0.0.1:57360 
TpTrace Verbose: 0 : 17936, 1, 2021/11/17, 22:30:58.794, 208226124477, testhost.dll, SocketCommunicationManager : SetupClientAsync : Attempting to connect to the server.
TpTrace Information: 0 : 17936, 9, 2021/11/17, 22:30:58.795, 208226139942, testhost.dll, Connected to the server successfully 
TpTrace Information: 0 : 17936, 9, 2021/11/17, 22:30:58.795, 208226141077, testhost.dll, Using the buffer size of 16384 bytes
TpTrace Verbose: 0 : 17936, 5, 2021/11/17, 22:30:58.795, 208226141082, testhost.dll, TcpClientExtensions.MessageLoopAsync: Polling on remoteEndPoint: [::ffff:127.0.0.1]:57361 localEndPoint: [::ffff:127.0.0.1]:57362
TpTrace Verbose: 0 : 17936, 5, 2021/11/17, 22:30:58.796, 208226144357, testhost.dll, TcpClientExtensions.MessageLoopAsync: NotifyDataAvailable remoteEndPoint: [::ffff:127.0.0.1]:57361 localEndPoint: [::ffff:127.0.0.1]:57362
TpTrace Information: 0 : 17936, 1, 2021/11/17, 22:30:58.796, 208226144922, testhost.dll, DefaultEngineInvoker.Invoke: Start Request Processing.
TpTrace Information: 0 : 17936, 11, 2021/11/17, 22:30:58.798, 208226163444, testhost.dll, DefaultEngineInvoker.StartProcessingAsync: Connected to vstest.console, Starting process requests.
TpTrace Information: 0 : 17936, 5, 2021/11/17, 22:30:58.934, 208227525432, testhost.dll, TestRequestHandler.ProcessRequests: received message: (ProtocolVersion) -> 5
TpTrace Verbose: 0 : 17936, 5, 2021/11/17, 22:30:58.959, 208227781486, testhost.dll, TestRequestHandler.SendData:  sending data from testhost: {"Version":5,"MessageType":"TestSession.Message","Payload":{"MessageLevel":0,"Message":"Logging TestHost Diagnostics in file: C:\\Users\\Armin\\Documents\\GitHub\\Grupa-3-Verifikovani-i-Validirani-Softverasi\\Pijaca\\Zadatak1\\bin\\Debug\\net5.0\\fine-code-coverage\\coverage-tool-output\\diagnostics.host.21-11-17_22-30-58_54181_6.log"}}
TpTrace Verbose: 0 : 17936, 5, 2021/11/17, 22:30:58.960, 208227784755, testhost.dll, TcpClientExtensions.MessageLoopAsync: Polling on remoteEndPoint: [::ffff:127.0.0.1]:57361 localEndPoint: [::ffff:127.0.0.1]:57362
TpTrace Verbose: 0 : 17936, 5, 2021/11/17, 22:30:58.960, 208227785977, testhost.dll, TcpClientExtensions.MessageLoopAsync: NotifyDataAvailable remoteEndPoint: [::ffff:127.0.0.1]:57361 localEndPoint: [::ffff:127.0.0.1]:57362
TpTrace Information: 0 : 17936, 5, 2021/11/17, 22:30:58.965, 208227840271, testhost.dll, TestRequestHandler.ProcessRequests: received message: (TestExecution.Initialize) -> [
  "C:\\Users\\Armin\\Documents\\GitHub\\Grupa-3-Verifikovani-i-Validirani-Softverasi\\Pijaca\\Zadatak1\\bin\\Debug\\net5.0\\fine-code-coverage\\build-output\\Microsoft.VisualStudio.TestPlatform.MSTest.TestAdapter.dll"
]
TpTrace Information: 0 : 17936, 5, 2021/11/17, 22:30:58.966, 208227849176, testhost.dll, Execution Session Initialize.
TpTrace Verbose: 0 : 17936, 5, 2021/11/17, 22:30:58.972, 208227911513, testhost.dll, TcpClientExtensions.MessageLoopAsync: Polling on remoteEndPoint: [::ffff:127.0.0.1]:57361 localEndPoint: [::ffff:127.0.0.1]:57362
TpTrace Verbose: 0 : 17936, 5, 2021/11/17, 22:30:58.973, 208227913254, testhost.dll, TcpClientExtensions.MessageLoopAsync: NotifyDataAvailable remoteEndPoint: [::ffff:127.0.0.1]:57361 localEndPoint: [::ffff:127.0.0.1]:57362
TpTrace Verbose: 0 : 17936, 4, 2021/11/17, 22:30:58.974, 208227931041, testhost.dll, TestExecutorService: Loading the extensions
TpTrace Information: 0 : 17936, 5, 2021/11/17, 22:30:58.975, 208227937540, testhost.dll, TestRequestHandler.ProcessRequests: received message: (TestExecution.StartWithSources) -> {
  "AdapterSourceMap": {
    "_none_": [
      "C:\\Users\\Armin\\Documents\\GitHub\\Grupa-3-Verifikovani-i-Validirani-Softverasi\\Pijaca\\Zadatak1\\bin\\Debug\\net5.0\\fine-code-coverage\\build-output\\Zadatak1.dll"
    ]
  },
  "RunSettings": "<RunSettings>\r\n  <RunConfiguration>\r\n    <ResultsDirectory>C:\\Users\\Armin\\Documents\\GitHub\\Grupa-3-Verifikovani-i-Validirani-Softverasi\\Pijaca\\Zadatak1\\bin\\Debug\\net5.0\\fine-code-coverage\\coverage-tool-output</ResultsDirectory>\r\n    <TargetPlatform>X64</TargetPlatform>\r\n    <TargetFrameworkVersion>.NETCoreApp,Version=v5.0</TargetFrameworkVersion>\r\n    <DesignMode>False</DesignMode>\r\n    <CollectSourceInformation>False</CollectSourceInformation>\r\n  </RunConfiguration>\r\n  <LoggerRunSettings>\r\n    <Loggers>\r\n      <Logger friendlyName=\"blame\" enabled=\"True\" />\r\n      <Logger friendlyName=\"Console\" uri=\"logger://microsoft/TestPlatform/ConsoleLogger/v1\" assemblyQualifiedName=\"Microsoft.VisualStudio.TestPlatform.CommandLine.Internal.ConsoleLogger, vstest.console, Version=15.0.0.0, Culture=neutral, PublicKeyToken=b03f5f7f11d50a3a\" codeBase=\"C:\\Program Files\\dotnet\\sdk\\5.0.402\\vstest.console.dll\" enabled=\"True\" />\r\n    </Loggers>\r\n  </LoggerRunSettings>\r\n  <DataCollectionRunSettings>\r\n    <DataCollectors>\r\n      <DataCollector friendlyName=\"blame\" enabled=\"True\">\r\n        <Configuration>\r\n          <ResultsDirectory>C:\\Users\\Armin\\Documents\\GitHub\\Grupa-3-Verifikovani-i-Validirani-Softverasi\\Pijaca\\Zadatak1\\bin\\Debug\\net5.0\\fine-code-coverage\\coverage-tool-output</ResultsDirectory>\r\n        </Configuration>\r\n      </DataCollector>\r\n    </DataCollectors>\r\n  </DataCollectionRunSettings>\r\n</RunSettings>",
  "TestExecutionContext": {
    "FrequencyOfRunStatsChangeEvent": 10,
    "RunStatsChangeEventTimeout": "00:00:01.5000000",
    "InIsolation": false,
    "KeepAlive": false,
    "AreTestCaseLevelEventsRequired": false,
    "IsDebug": false,
    "TestCaseFilter": null,
    "FilterOptions": null
  },
  "Package": null
}
TpTrace Information: 0 : 17936, 5, 2021/11/17, 22:30:58.975, 208227938615, testhost.dll, Execution started.
TpTrace Verbose: 0 : 17936, 4, 2021/11/17, 22:30:58.976, 208227945726, testhost.dll, TestPluginCache.DiscoverTestExtensions: finding test extensions in assemblies ends with: TestAdapter.dll TPluginInfo: Microsoft.VisualStudio.TestPlatform.Common.ExtensionFramework.Utilities.TestExecutorPluginInformation TExtension: Microsoft.VisualStudio.TestPlatform.ObjectModel.Adapter.ITestExecutor
TpTrace Verbose: 0 : 17936, 4, 2021/11/17, 22:30:58.977, 208227954723, testhost.dll, TestPluginCache.GetExtensionPaths: Filtered extension paths: 
TpTrace Verbose: 0 : 17936, 4, 2021/11/17, 22:30:58.977, 208227957851, testhost.dll, TestPluginCache.GetExtensionPaths: Added default extension paths: C:\Users\Armin\Documents\GitHub\Grupa-3-Verifikovani-i-Validirani-Softverasi\Pijaca\Zadatak1\bin\Debug\net5.0\fine-code-coverage\build-output\Microsoft.VisualStudio.TestPlatform.MSTest.TestAdapter.dll
TpTrace Verbose: 0 : 17936, 4, 2021/11/17, 22:30:58.977, 208227958306, testhost.dll, TestPluginCache.GetExtensionPaths: Added unfilterableExtensionPaths: 
TpTrace Information: 0 : 17936, 4, 2021/11/17, 22:30:58.979, 208227976007, testhost.dll, AssemblyResolver.ctor: Creating AssemblyResolver with searchDirectories C:\Users\Armin\Documents\GitHub\Grupa-3-Verifikovani-i-Validirani-Softverasi\Pijaca\Zadatak1\bin\Debug\net5.0\fine-code-coverage\build-output
TpTrace Verbose: 0 : 17936, 4, 2021/11/17, 22:30:58.983, 208228013278, testhost.dll, TestPluginCache.DiscoverTestExtensions: Discovering the extensions using extension path.
TpTrace Verbose: 0 : 17936, 4, 2021/11/17, 22:30:58.983, 208228015377, testhost.dll, TestPluginCache.GetExtensionPaths: Filtered extension paths: 
TpTrace Verbose: 0 : 17936, 4, 2021/11/17, 22:30:58.983, 208228015871, testhost.dll, TestPluginCache.GetExtensionPaths: Added default extension paths: C:\Users\Armin\Documents\GitHub\Grupa-3-Verifikovani-i-Validirani-Softverasi\Pijaca\Zadatak1\bin\Debug\net5.0\fine-code-coverage\build-output\Microsoft.VisualStudio.TestPlatform.MSTest.TestAdapter.dll
TpTrace Verbose: 0 : 17936, 4, 2021/11/17, 22:30:58.983, 208228016157, testhost.dll, TestPluginCache.GetExtensionPaths: Added unfilterableExtensionPaths: 
TpTrace Verbose: 0 : 17936, 4, 2021/11/17, 22:30:58.983, 208228016815, testhost.dll, TestPluginCache.DiscoverTestExtensions: Discovering the extensions using allExtensionPaths: C:\Users\Armin\Documents\GitHub\Grupa-3-Verifikovani-i-Validirani-Softverasi\Pijaca\Zadatak1\bin\Debug\net5.0\fine-code-coverage\build-output\Microsoft.VisualStudio.TestPlatform.MSTest.TestAdapter.dll
TpTrace Information: 0 : 17936, 4, 2021/11/17, 22:30:58.984, 208228027145, testhost.dll, AssemblyResolver.AddSearchDirectories: Adding more searchDirectories C:\Users\Armin\Documents\GitHub\Grupa-3-Verifikovani-i-Validirani-Softverasi\Pijaca\Zadatak1\bin\Debug\net5.0\fine-code-coverage\build-output
TpTrace Information: 0 : 17936, 4, 2021/11/17, 22:30:58.988, 208228069191, testhost.dll, AssemblyResolver.OnResolve: Microsoft.VisualStudio.TestPlatform.MSTest.TestAdapter: Resolving assembly.
TpTrace Information: 0 : 17936, 4, 2021/11/17, 22:30:58.990, 208228083586, testhost.dll, AssemblyResolver.OnResolve: Resolved assembly: Microsoft.VisualStudio.TestPlatform.MSTest.TestAdapter, from path: C:\Users\Armin\Documents\GitHub\Grupa-3-Verifikovani-i-Validirani-Softverasi\Pijaca\Zadatak1\bin\Debug\net5.0\fine-code-coverage\build-output\Microsoft.VisualStudio.TestPlatform.MSTest.TestAdapter.dll
TpTrace Verbose: 0 : 17936, 4, 2021/11/17, 22:30:58.995, 208228135981, testhost.dll, TestPluginCache: Discovered the extensions using extension path ''.
TpTrace Verbose: 0 : 17936, 4, 2021/11/17, 22:30:58.995, 208228140200, testhost.dll, TestPluginCache: Discoverers are ''.
TpTrace Verbose: 0 : 17936, 4, 2021/11/17, 22:30:58.995, 208228141425, testhost.dll, TestPluginCache: Executors are 'executor://MSTestAdapter/v2'.
TpTrace Verbose: 0 : 17936, 4, 2021/11/17, 22:30:58.996, 208228142773, testhost.dll, TestPluginCache: Executors2 are ''.
TpTrace Verbose: 0 : 17936, 4, 2021/11/17, 22:30:58.996, 208228144056, testhost.dll, TestPluginCache: Setting providers are ''.
TpTrace Verbose: 0 : 17936, 4, 2021/11/17, 22:30:58.996, 208228145497, testhost.dll, TestPluginCache: Loggers are ''.
TpTrace Verbose: 0 : 17936, 4, 2021/11/17, 22:30:59.001, 208228195391, testhost.dll, TestPluginCache.DiscoverTestExtensions: finding test extensions in assemblies ends with: TestAdapter.dll TPluginInfo: Microsoft.VisualStudio.TestPlatform.Common.ExtensionFramework.Utilities.TestExecutorPluginInformation2 TExtension: Microsoft.VisualStudio.TestPlatform.ObjectModel.Adapter.ITestExecutor2
TpTrace Verbose: 0 : 17936, 4, 2021/11/17, 22:30:59.001, 208228199151, testhost.dll, TestPluginCache.GetExtensionPaths: Filtered extension paths: 
TpTrace Verbose: 0 : 17936, 4, 2021/11/17, 22:30:59.001, 208228199881, testhost.dll, TestPluginCache.GetExtensionPaths: Added default extension paths: C:\Users\Armin\Documents\GitHub\Grupa-3-Verifikovani-i-Validirani-Softverasi\Pijaca\Zadatak1\bin\Debug\net5.0\fine-code-coverage\build-output\Microsoft.VisualStudio.TestPlatform.MSTest.TestAdapter.dll
TpTrace Verbose: 0 : 17936, 4, 2021/11/17, 22:30:59.001, 208228200189, testhost.dll, TestPluginCache.GetExtensionPaths: Added unfilterableExtensionPaths: 
TpTrace Verbose: 0 : 17936, 5, 2021/11/17, 22:30:59.001, 208228201293, testhost.dll, TcpClientExtensions.MessageLoopAsync: Polling on remoteEndPoint: [::ffff:127.0.0.1]:57361 localEndPoint: [::ffff:127.0.0.1]:57362
TpTrace Information: 0 : 17936, 4, 2021/11/17, 22:30:59.002, 208228202506, testhost.dll, AssemblyResolver.AddSearchDirectories: Adding more searchDirectories C:\Users\Armin\Documents\GitHub\Grupa-3-Verifikovani-i-Validirani-Softverasi\Pijaca\Zadatak1\bin\Debug\net5.0\fine-code-coverage\build-output
TpTrace Verbose: 0 : 17936, 4, 2021/11/17, 22:30:59.002, 208228203687, testhost.dll, TestPluginCache.DiscoverTestExtensions: Discovering the extensions using extension path.
TpTrace Verbose: 0 : 17936, 4, 2021/11/17, 22:30:59.002, 208228204726, testhost.dll, TestPluginCache.GetExtensionPaths: Filtered extension paths: 
TpTrace Verbose: 0 : 17936, 4, 2021/11/17, 22:30:59.002, 208228205000, testhost.dll, TestPluginCache.GetExtensionPaths: Added default extension paths: C:\Users\Armin\Documents\GitHub\Grupa-3-Verifikovani-i-Validirani-Softverasi\Pijaca\Zadatak1\bin\Debug\net5.0\fine-code-coverage\build-output\Microsoft.VisualStudio.TestPlatform.MSTest.TestAdapter.dll
TpTrace Verbose: 0 : 17936, 4, 2021/11/17, 22:30:59.002, 208228205340, testhost.dll, TestPluginCache.GetExtensionPaths: Added unfilterableExtensionPaths: 
TpTrace Verbose: 0 : 17936, 4, 2021/11/17, 22:30:59.002, 208228205872, testhost.dll, TestPluginCache.DiscoverTestExtensions: Discovering the extensions using allExtensionPaths: C:\Users\Armin\Documents\GitHub\Grupa-3-Verifikovani-i-Validirani-Softverasi\Pijaca\Zadatak1\bin\Debug\net5.0\fine-code-coverage\build-output\Microsoft.VisualStudio.TestPlatform.MSTest.TestAdapter.dll
TpTrace Information: 0 : 17936, 4, 2021/11/17, 22:30:59.002, 208228206994, testhost.dll, AssemblyResolver.AddSearchDirectories: Adding more searchDirectories C:\Users\Armin\Documents\GitHub\Grupa-3-Verifikovani-i-Validirani-Softverasi\Pijaca\Zadatak1\bin\Debug\net5.0\fine-code-coverage\build-output
TpTrace Verbose: 0 : 17936, 4, 2021/11/17, 22:30:59.002, 208228209887, testhost.dll, TestPluginCache: Discovered the extensions using extension path ''.
TpTrace Verbose: 0 : 17936, 4, 2021/11/17, 22:30:59.002, 208228210780, testhost.dll, TestPluginCache: Discoverers are ''.
TpTrace Verbose: 0 : 17936, 4, 2021/11/17, 22:30:59.002, 208228211163, testhost.dll, TestPluginCache: Executors are 'executor://MSTestAdapter/v2'.
TpTrace Verbose: 0 : 17936, 4, 2021/11/17, 22:30:59.003, 208228212435, testhost.dll, TestPluginCache: Executors2 are ''.
TpTrace Verbose: 0 : 17936, 4, 2021/11/17, 22:30:59.003, 208228212751, testhost.dll, TestPluginCache: Setting providers are ''.
TpTrace Verbose: 0 : 17936, 4, 2021/11/17, 22:30:59.003, 208228213160, testhost.dll, TestPluginCache: Loggers are ''.
TpTrace Information: 0 : 17936, 4, 2021/11/17, 22:30:59.007, 208228259851, testhost.dll, TestPluginManager.CreateTestExtension: Attempting to load test extension: Microsoft.VisualStudio.TestPlatform.MSTest.TestAdapter.MSTestExecutor
TpTrace Verbose: 0 : 17936, 4, 2021/11/17, 22:30:59.016, 208228350567, testhost.dll, TestExecutorExtensionManager: Loading executor Microsoft.VisualStudio.TestPlatform.MSTest.TestAdapter.MSTestExecutor
TpTrace Verbose: 0 : 17936, 4, 2021/11/17, 22:30:59.017, 208228353834, testhost.dll, TestExecutorService: Loaded the executors
TpTrace Verbose: 0 : 17936, 4, 2021/11/17, 22:30:59.018, 208228368779, testhost.dll, TestPluginCache.DiscoverTestExtensions: finding test extensions in assemblies ends with: TestAdapter.dll TPluginInfo: Microsoft.VisualStudio.TestPlatform.Common.ExtensionFramework.Utilities.TestSettingsProviderPluginInformation TExtension: Microsoft.VisualStudio.TestPlatform.ObjectModel.Adapter.ISettingsProvider
TpTrace Verbose: 0 : 17936, 4, 2021/11/17, 22:30:59.018, 208228371033, testhost.dll, TestPluginCache.GetExtensionPaths: Filtered extension paths: 
TpTrace Verbose: 0 : 17936, 4, 2021/11/17, 22:30:59.019, 208228371739, testhost.dll, TestPluginCache.GetExtensionPaths: Added default extension paths: C:\Users\Armin\Documents\GitHub\Grupa-3-Verifikovani-i-Validirani-Softverasi\Pijaca\Zadatak1\bin\Debug\net5.0\fine-code-coverage\build-output\Microsoft.VisualStudio.TestPlatform.MSTest.TestAdapter.dll
TpTrace Verbose: 0 : 17936, 4, 2021/11/17, 22:30:59.019, 208228372169, testhost.dll, TestPluginCache.GetExtensionPaths: Added unfilterableExtensionPaths: 
TpTrace Information: 0 : 17936, 4, 2021/11/17, 22:30:59.019, 208228374271, testhost.dll, AssemblyResolver.AddSearchDirectories: Adding more searchDirectories C:\Users\Armin\Documents\GitHub\Grupa-3-Verifikovani-i-Validirani-Softverasi\Pijaca\Zadatak1\bin\Debug\net5.0\fine-code-coverage\build-output
TpTrace Verbose: 0 : 17936, 4, 2021/11/17, 22:30:59.019, 208228375110, testhost.dll, TestPluginCache.DiscoverTestExtensions: Discovering the extensions using extension path.
TpTrace Verbose: 0 : 17936, 4, 2021/11/17, 22:30:59.019, 208228375610, testhost.dll, TestPluginCache.GetExtensionPaths: Filtered extension paths: 
TpTrace Verbose: 0 : 17936, 4, 2021/11/17, 22:30:59.019, 208228376077, testhost.dll, TestPluginCache.GetExtensionPaths: Added default extension paths: C:\Users\Armin\Documents\GitHub\Grupa-3-Verifikovani-i-Validirani-Softverasi\Pijaca\Zadatak1\bin\Debug\net5.0\fine-code-coverage\build-output\Microsoft.VisualStudio.TestPlatform.MSTest.TestAdapter.dll
TpTrace Verbose: 0 : 17936, 4, 2021/11/17, 22:30:59.019, 208228376698, testhost.dll, TestPluginCache.GetExtensionPaths: Added unfilterableExtensionPaths: 
TpTrace Verbose: 0 : 17936, 4, 2021/11/17, 22:30:59.019, 208228377573, testhost.dll, TestPluginCache.DiscoverTestExtensions: Discovering the extensions using allExtensionPaths: C:\Users\Armin\Documents\GitHub\Grupa-3-Verifikovani-i-Validirani-Softverasi\Pijaca\Zadatak1\bin\Debug\net5.0\fine-code-coverage\build-output\Microsoft.VisualStudio.TestPlatform.MSTest.TestAdapter.dll
TpTrace Information: 0 : 17936, 4, 2021/11/17, 22:30:59.019, 208228378999, testhost.dll, AssemblyResolver.AddSearchDirectories: Adding more searchDirectories C:\Users\Armin\Documents\GitHub\Grupa-3-Verifikovani-i-Validirani-Softverasi\Pijaca\Zadatak1\bin\Debug\net5.0\fine-code-coverage\build-output
TpTrace Verbose: 0 : 17936, 4, 2021/11/17, 22:30:59.020, 208228383308, testhost.dll, TestPluginCache: Discovered the extensions using extension path ''.
TpTrace Verbose: 0 : 17936, 4, 2021/11/17, 22:30:59.020, 208228384271, testhost.dll, TestPluginCache: Discoverers are ''.
TpTrace Verbose: 0 : 17936, 4, 2021/11/17, 22:30:59.020, 208228385485, testhost.dll, TestPluginCache: Executors are 'executor://MSTestAdapter/v2'.
TpTrace Verbose: 0 : 17936, 4, 2021/11/17, 22:30:59.020, 208228386658, testhost.dll, TestPluginCache: Executors2 are ''.
TpTrace Verbose: 0 : 17936, 4, 2021/11/17, 22:30:59.020, 208228387964, testhost.dll, TestPluginCache: Setting providers are ''.
TpTrace Verbose: 0 : 17936, 4, 2021/11/17, 22:30:59.020, 208228389114, testhost.dll, TestPluginCache: Loggers are ''.
TpTrace Verbose: 0 : 17936, 4, 2021/11/17, 22:30:59.022, 208228402226, testhost.dll, TestExecutorService: Loaded the settings providers
TpTrace Information: 0 : 17936, 4, 2021/11/17, 22:30:59.022, 208228403257, testhost.dll, TestExecutorService: Loaded the extensions
TpTrace Information: 0 : 17936, 4, 2021/11/17, 22:30:59.105, 208229241352, testhost.dll, TestDiscoveryManager: Discovering tests from sources C:\Users\Armin\Documents\GitHub\Grupa-3-Verifikovani-i-Validirani-Softverasi\Pijaca\Zadatak1\bin\Debug\net5.0\fine-code-coverage\build-output\Zadatak1.dll
TpTrace Verbose: 0 : 17936, 4, 2021/11/17, 22:30:59.107, 208229260404, testhost.dll, TestPluginCache.DiscoverTestExtensions: finding test extensions in assemblies ends with: TestAdapter.dll TPluginInfo: Microsoft.VisualStudio.TestPlatform.Common.ExtensionFramework.Utilities.TestDiscovererPluginInformation TExtension: Microsoft.VisualStudio.TestPlatform.ObjectModel.Adapter.ITestDiscoverer
TpTrace Verbose: 0 : 17936, 4, 2021/11/17, 22:30:59.108, 208229261663, testhost.dll, TestPluginCache.GetExtensionPaths: Filtered extension paths: 
TpTrace Verbose: 0 : 17936, 4, 2021/11/17, 22:30:59.108, 208229262352, testhost.dll, TestPluginCache.GetExtensionPaths: Added default extension paths: C:\Users\Armin\Documents\GitHub\Grupa-3-Verifikovani-i-Validirani-Softverasi\Pijaca\Zadatak1\bin\Debug\net5.0\fine-code-coverage\build-output\Microsoft.VisualStudio.TestPlatform.MSTest.TestAdapter.dll
TpTrace Verbose: 0 : 17936, 4, 2021/11/17, 22:30:59.108, 208229262952, testhost.dll, TestPluginCache.GetExtensionPaths: Added unfilterableExtensionPaths: 
TpTrace Information: 0 : 17936, 4, 2021/11/17, 22:30:59.108, 208229264341, testhost.dll, AssemblyResolver.AddSearchDirectories: Adding more searchDirectories C:\Users\Armin\Documents\GitHub\Grupa-3-Verifikovani-i-Validirani-Softverasi\Pijaca\Zadatak1\bin\Debug\net5.0\fine-code-coverage\build-output
TpTrace Verbose: 0 : 17936, 4, 2021/11/17, 22:30:59.108, 208229264774, testhost.dll, TestPluginCache.DiscoverTestExtensions: Discovering the extensions using extension path.
TpTrace Verbose: 0 : 17936, 4, 2021/11/17, 22:30:59.108, 208229265362, testhost.dll, TestPluginCache.GetExtensionPaths: Filtered extension paths: 
TpTrace Verbose: 0 : 17936, 4, 2021/11/17, 22:30:59.108, 208229265893, testhost.dll, TestPluginCache.GetExtensionPaths: Added default extension paths: C:\Users\Armin\Documents\GitHub\Grupa-3-Verifikovani-i-Validirani-Softverasi\Pijaca\Zadatak1\bin\Debug\net5.0\fine-code-coverage\build-output\Microsoft.VisualStudio.TestPlatform.MSTest.TestAdapter.dll
TpTrace Verbose: 0 : 17936, 4, 2021/11/17, 22:30:59.108, 208229266578, testhost.dll, TestPluginCache.GetExtensionPaths: Added unfilterableExtensionPaths: 
TpTrace Verbose: 0 : 17936, 4, 2021/11/17, 22:30:59.108, 208229266867, testhost.dll, TestPluginCache.DiscoverTestExtensions: Discovering the extensions using allExtensionPaths: C:\Users\Armin\Documents\GitHub\Grupa-3-Verifikovani-i-Validirani-Softverasi\Pijaca\Zadatak1\bin\Debug\net5.0\fine-code-coverage\build-output\Microsoft.VisualStudio.TestPlatform.MSTest.TestAdapter.dll
TpTrace Information: 0 : 17936, 4, 2021/11/17, 22:30:59.108, 208229267260, testhost.dll, AssemblyResolver.AddSearchDirectories: Adding more searchDirectories C:\Users\Armin\Documents\GitHub\Grupa-3-Verifikovani-i-Validirani-Softverasi\Pijaca\Zadatak1\bin\Debug\net5.0\fine-code-coverage\build-output
TpTrace Verbose: 0 : 17936, 4, 2021/11/17, 22:30:59.110, 208229286020, testhost.dll, TestPluginCache: Discovered the extensions using extension path ''.
TpTrace Verbose: 0 : 17936, 4, 2021/11/17, 22:30:59.110, 208229287136, testhost.dll, TestPluginCache: Discoverers are 'Microsoft.VisualStudio.TestPlatform.MSTest.TestAdapter.MSTestDiscoverer, Microsoft.VisualStudio.TestPlatform.MSTest.TestAdapter, Version=14.0.0.0, Culture=neutral, PublicKeyToken=b03f5f7f11d50a3a'.
TpTrace Verbose: 0 : 17936, 4, 2021/11/17, 22:30:59.110, 208229287804, testhost.dll, TestPluginCache: Executors are 'executor://MSTestAdapter/v2'.
TpTrace Verbose: 0 : 17936, 4, 2021/11/17, 22:30:59.110, 208229288393, testhost.dll, TestPluginCache: Executors2 are ''.
TpTrace Verbose: 0 : 17936, 4, 2021/11/17, 22:30:59.110, 208229288953, testhost.dll, TestPluginCache: Setting providers are ''.
TpTrace Verbose: 0 : 17936, 4, 2021/11/17, 22:30:59.110, 208229289650, testhost.dll, TestPluginCache: Loggers are ''.
TpTrace Verbose: 0 : 17936, 4, 2021/11/17, 22:30:59.118, 208229365298, testhost.dll, BaseRunTests.RunTestInternalWithExecutors: Running tests for executor://MSTestAdapter/v2
TpTrace Information: 0 : 17936, 4, 2021/11/17, 22:30:59.118, 208229371133, testhost.dll, AssemblyResolver.OnResolve: Microsoft.VisualStudio.TestPlatform.MSTestAdapter.PlatformServices.Interface: Resolving assembly.
TpTrace Information: 0 : 17936, 4, 2021/11/17, 22:30:59.119, 208229378770, testhost.dll, AssemblyResolver.OnResolve: Resolved assembly: Microsoft.VisualStudio.TestPlatform.MSTestAdapter.PlatformServices.Interface, from path: C:\Users\Armin\Documents\GitHub\Grupa-3-Verifikovani-i-Validirani-Softverasi\Pijaca\Zadatak1\bin\Debug\net5.0\fine-code-coverage\build-output\Microsoft.VisualStudio.TestPlatform.MSTestAdapter.PlatformServices.Interface.dll
TpTrace Information: 0 : 17936, 4, 2021/11/17, 22:30:59.120, 208229388423, testhost.dll, AssemblyResolver.OnResolve: Microsoft.VisualStudio.TestPlatform.MSTestAdapter.PlatformServices: Resolving assembly.
TpTrace Information: 0 : 17936, 4, 2021/11/17, 22:30:59.121, 208229393620, testhost.dll, AssemblyResolver.OnResolve: Resolved assembly: Microsoft.VisualStudio.TestPlatform.MSTestAdapter.PlatformServices, from path: C:\Users\Armin\Documents\GitHub\Grupa-3-Verifikovani-i-Validirani-Softverasi\Pijaca\Zadatak1\bin\Debug\net5.0\fine-code-coverage\build-output\Microsoft.VisualStudio.TestPlatform.MSTestAdapter.PlatformServices.dll
TpTrace Information: 0 : 17936, 4, 2021/11/17, 22:30:59.121, 208229397198, testhost.dll, MSTest - MSTestExecutor.RunTests: Running tests from sources.
TpTrace Information: 0 : 17936, 4, 2021/11/17, 22:30:59.124, 208229422432, testhost.dll, MSTest - CollectSourceInformation value Found : False 
TpTrace Information: 0 : 17936, 4, 2021/11/17, 22:30:59.150, 208229686029, testhost.dll, AssemblyResolver.OnResolve: Microsoft.TestPlatform.AdapterUtilities: Resolving assembly.
TpTrace Information: 0 : 17936, 4, 2021/11/17, 22:30:59.151, 208229696465, testhost.dll, AssemblyResolver.OnResolve: Resolved assembly: Microsoft.TestPlatform.AdapterUtilities, from path: C:\Users\Armin\Documents\GitHub\Grupa-3-Verifikovani-i-Validirani-Softverasi\Pijaca\Zadatak1\bin\Debug\net5.0\fine-code-coverage\build-output\Microsoft.TestPlatform.AdapterUtilities.dll
TpTrace Information: 0 : 17936, 4, 2021/11/17, 22:30:59.161, 208229795339, testhost.dll, MSTest - MSTestDiscoverer: Found 5 tests from source C:\Users\Armin\Documents\GitHub\Grupa-3-Verifikovani-i-Validirani-Softverasi\Pijaca\Zadatak1\bin\Debug\net5.0\fine-code-coverage\build-output\Zadatak1.dll
TpTrace Information: 0 : 17936, 4, 2021/11/17, 22:30:59.177, 208229955596, testhost.dll, AssemblyResolver.OnResolve: Microsoft.VisualStudio.TestPlatform.MSTestAdapter.PlatformServices.resources: Resolving assembly.
TpTrace Information: 0 : 17936, 4, 2021/11/17, 22:30:59.177, 208229957506, testhost.dll, AssemblyResolver.OnResolve: Microsoft.VisualStudio.TestPlatform.MSTestAdapter.PlatformServices.resources: Failed to load assembly.
TpTrace Information: 0 : 17936, 4, 2021/11/17, 22:30:59.177, 208229961374, testhost.dll, AssemblyResolver.OnResolve: Microsoft.VisualStudio.TestPlatform.MSTestAdapter.PlatformServices.resources: Resolving assembly.
TpTrace Information: 0 : 17936, 4, 2021/11/17, 22:30:59.178, 208229961992, testhost.dll, AssemblyResolver.OnResolve: Microsoft.VisualStudio.TestPlatform.MSTestAdapter.PlatformServices.resources: Resolved from cache.
TpTrace Information: 0 : 17936, 4, 2021/11/17, 22:30:59.192, 208230110257, testhost.dll, MSTest - Created unit-test runner C:\Users\Armin\Documents\GitHub\Grupa-3-Verifikovani-i-Validirani-Softverasi\Pijaca\Zadatak1\bin\Debug\net5.0\fine-code-coverage\build-output\Zadatak1.dll
TpTrace Verbose: 0 : 17936, 4, 2021/11/17, 22:30:59.197, 208230158087, testhost.dll, TestExecutionRecorder.RecordStart: Starting test: Zadatak1.ProdavacTest.TestPogresnaSifra.
TpTrace Information: 0 : 17936, 4, 2021/11/17, 22:30:59.287, 208231052560, testhost.dll, MSTest - Executing test TestPogresnaSifra
TpTrace Information: 0 : 17936, 4, 2021/11/17, 22:30:59.330, 208231484805, testhost.dll, MSTest - Executed test TestPogresnaSifra
TpTrace Verbose: 0 : 17936, 4, 2021/11/17, 22:30:59.336, 208231544385, testhost.dll, TestExecutionRecorder.RecordEnd: test: Zadatak1.ProdavacTest.TestPogresnaSifra execution completed.
TpTrace Verbose: 0 : 17936, 4, 2021/11/17, 22:30:59.355, 208231738605, testhost.dll, TestExecutionRecorder.RecordResult: Received result for test: Zadatak1.ProdavacTest.TestPogresnaSifra.
TpTrace Warning: 0 : 17936, 4, 2021/11/17, 22:30:59.359, 208231779572, testhost.dll, TestRunCache: InProgressTests is null
TpTrace Warning: 0 : 17936, 4, 2021/11/17, 22:30:59.360, 208231781753, testhost.dll, TestRunCache: No test found corresponding to testResult '' in inProgress list.
TpTrace Verbose: 0 : 17936, 4, 2021/11/17, 22:30:59.360, 208231782910, testhost.dll, TestExecutionRecorder.RecordStart: Starting test: Zadatak1.ProdavacTest.TestAktivnosti.
TpTrace Information: 0 : 17936, 4, 2021/11/17, 22:30:59.361, 208231797831, testhost.dll, MSTest - Executing test TestAktivnosti
TpTrace Information: 0 : 17936, 4, 2021/11/17, 22:30:59.362, 208231808085, testhost.dll, MSTest - Executed test TestAktivnosti
TpTrace Verbose: 0 : 17936, 4, 2021/11/17, 22:30:59.362, 208231810157, testhost.dll, TestExecutionRecorder.RecordEnd: test: Zadatak1.ProdavacTest.TestAktivnosti execution completed.
TpTrace Verbose: 0 : 17936, 4, 2021/11/17, 22:30:59.367, 208231861011, testhost.dll, TestExecutionRecorder.RecordResult: Received result for test: Zadatak1.ProdavacTest.TestAktivnosti.
TpTrace Warning: 0 : 17936, 4, 2021/11/17, 22:30:59.368, 208231863332, testhost.dll, TestRunCache: InProgressTests is null
TpTrace Warning: 0 : 17936, 4, 2021/11/17, 22:30:59.368, 208231863903, testhost.dll, TestRunCache: No test found corresponding to testResult '' in inProgress list.
TpTrace Verbose: 0 : 17936, 4, 2021/11/17, 22:30:59.368, 208231864942, testhost.dll, TestExecutionRecorder.RecordStart: Starting test: Zadatak1.ProdavacTest.TestPogresnihPodataka.
TpTrace Information: 0 : 17936, 4, 2021/11/17, 22:30:59.370, 208231885374, testhost.dll, MSTest - Executing test TestPogresnihPodataka
TpTrace Information: 0 : 17936, 4, 2021/11/17, 22:30:59.371, 208231893122, testhost.dll, MSTest - Executed test TestPogresnihPodataka
TpTrace Verbose: 0 : 17936, 4, 2021/11/17, 22:30:59.371, 208231894198, testhost.dll, TestExecutionRecorder.RecordEnd: test: Zadatak1.ProdavacTest.TestPogresnihPodataka execution completed.
TpTrace Verbose: 0 : 17936, 4, 2021/11/17, 22:30:59.372, 208231909124, testhost.dll, TestExecutionRecorder.RecordResult: Received result for test: Zadatak1.ProdavacTest.TestPogresnihPodataka.
TpTrace Warning: 0 : 17936, 4, 2021/11/17, 22:30:59.372, 208231910465, testhost.dll, TestRunCache: InProgressTests is null
TpTrace Warning: 0 : 17936, 4, 2021/11/17, 22:30:59.372, 208231910888, testhost.dll, TestRunCache: No test found corresponding to testResult '' in inProgress list.
TpTrace Verbose: 0 : 17936, 4, 2021/11/17, 22:30:59.373, 208231911620, testhost.dll, TestExecutionRecorder.RecordStart: Starting test: Zadatak1.ProdavacTest.TestPovecanjaPrometa.
TpTrace Information: 0 : 17936, 4, 2021/11/17, 22:30:59.378, 208231970002, testhost.dll, MSTest - Executing test TestPovecanjaPrometa
TpTrace Information: 0 : 17936, 4, 2021/11/17, 22:30:59.380, 208231990176, testhost.dll, MSTest - Executed test TestPovecanjaPrometa
TpTrace Verbose: 0 : 17936, 4, 2021/11/17, 22:30:59.381, 208231995153, testhost.dll, TestExecutionRecorder.RecordEnd: test: Zadatak1.ProdavacTest.TestPovecanjaPrometa execution completed.
TpTrace Verbose: 0 : 17936, 4, 2021/11/17, 22:30:59.385, 208232037560, testhost.dll, TestExecutionRecorder.RecordResult: Received result for test: Zadatak1.ProdavacTest.TestPovecanjaPrometa.
TpTrace Warning: 0 : 17936, 4, 2021/11/17, 22:30:59.385, 208232041480, testhost.dll, TestRunCache: InProgressTests is null
TpTrace Warning: 0 : 17936, 4, 2021/11/17, 22:30:59.386, 208232043488, testhost.dll, TestRunCache: No test found corresponding to testResult '' in inProgress list.
TpTrace Verbose: 0 : 17936, 4, 2021/11/17, 22:30:59.386, 208232044644, testhost.dll, TestExecutionRecorder.RecordStart: Starting test: Zadatak1.ProdavacTest.TestNegativnogPrometa.
TpTrace Information: 0 : 17936, 4, 2021/11/17, 22:30:59.388, 208232063046, testhost.dll, MSTest - Executing test TestNegativnogPrometa
TpTrace Information: 0 : 17936, 4, 2021/11/17, 22:30:59.388, 208232068410, testhost.dll, MSTest - Executed test TestNegativnogPrometa
TpTrace Verbose: 0 : 17936, 4, 2021/11/17, 22:30:59.388, 208232069392, testhost.dll, TestExecutionRecorder.RecordEnd: test: Zadatak1.ProdavacTest.TestNegativnogPrometa execution completed.
TpTrace Verbose: 0 : 17936, 4, 2021/11/17, 22:30:59.390, 208232082880, testhost.dll, TestExecutionRecorder.RecordResult: Received result for test: Zadatak1.ProdavacTest.TestNegativnogPrometa.
TpTrace Warning: 0 : 17936, 4, 2021/11/17, 22:30:59.390, 208232083861, testhost.dll, TestRunCache: InProgressTests is null
TpTrace Warning: 0 : 17936, 4, 2021/11/17, 22:30:59.390, 208232084207, testhost.dll, TestRunCache: No test found corresponding to testResult '' in inProgress list.
TpTrace Information: 0 : 17936, 4, 2021/11/17, 22:30:59.390, 208232086074, testhost.dll, MSTest - Executing cleanup methods.
TpTrace Information: 0 : 17936, 4, 2021/11/17, 22:30:59.391, 208232098287, testhost.dll, MSTest - Executed cleanup methods.
TpTrace Information: 0 : 17936, 4, 2021/11/17, 22:30:59.391, 208232098915, testhost.dll, MSTest - Executed tests belonging to source C:\Users\Armin\Documents\GitHub\Grupa-3-Verifikovani-i-Validirani-Softverasi\Pijaca\Zadatak1\bin\Debug\net5.0\fine-code-coverage\build-output\Zadatak1.dll
TpTrace Information: 0 : 17936, 4, 2021/11/17, 22:30:59.391, 208232101172, testhost.dll, Deleting deployment directory C:\Users\Armin\Documents\GitHub\Grupa-3-Verifikovani-i-Validirani-Softverasi\Pijaca\Zadatak1\bin\Debug\net5.0\fine-code-coverage\coverage-tool-output\Deploy_Armin 2021-11-17 22_30_59
TpTrace Information: 0 : 17936, 4, 2021/11/17, 22:30:59.394, 208232130411, testhost.dll, Deleted deployment directory C:\Users\Armin\Documents\GitHub\Grupa-3-Verifikovani-i-Validirani-Softverasi\Pijaca\Zadatak1\bin\Debug\net5.0\fine-code-coverage\coverage-tool-output\Deploy_Armin 2021-11-17 22_30_59
TpTrace Verbose: 0 : 17936, 4, 2021/11/17, 22:30:59.395, 208232137791, testhost.dll, BaseRunTests.RunTestInternalWithExecutors: Completed running tests for executor://MSTestAdapter/v2
TpTrace Information: 0 : 17936, 4, 2021/11/17, 22:30:59.402, 208232204591, testhost.dll, Sending test run complete
TpTrace Verbose: 0 : 17936, 4, 2021/11/17, 22:30:59.447, 208232659560, testhost.dll, TestRequestHandler.SendData:  sending data from testhost: {"Version":5,"MessageType":"TestExecution.Completed","Payload":{"TestRunCompleteArgs":{"TestRunStatistics":{"ExecutedTests":5,"Stats":{"Passed":5}},"IsCanceled":false,"IsAborted":false,"Error":null,"AttachmentSets":[],"ElapsedTimeInRunningTests":"00:00:00.2838334","Metrics":{}},"LastRunTests":{"NewTestResults":[{"TestCase":{"Id":"6b10294d-693c-8bde-94d8-97ba1474c65a","FullyQualifiedName":"Zadatak1.ProdavacTest.TestPogresnaSifra","DisplayName":"TestPogresnaSifra","ExecutorUri":"executor://MSTestAdapter/v2","Source":"C:\\Users\\Armin\\Documents\\GitHub\\Grupa-3-Verifikovani-i-Validirani-Softverasi\\Pijaca\\Zadatak1\\bin\\Debug\\net5.0\\fine-code-coverage\\build-output\\Zadatak1.dll","CodeFilePath":null,"LineNumber":-1,"Properties":[{"Key":{"Id":"TestCase.ManagedType","Label":"ManagedType","Category":"","Description":"","Attributes":1,"ValueType":"System.String"},"Value":"Zadatak1.ProdavacTest"},{"Key":{"Id":"TestCase.ManagedMethod","Label":"ManagedMethod","Category":"","Description":"","Attributes":1,"ValueType":"System.String"},"Value":"TestPogresnaSifra"},{"Key":{"Id":"MSTestDiscoverer.TestClassName","Label":"ClassName","Category":"","Description":"","Attributes":1,"ValueType":"System.String"},"Value":"Zadatak1.ProdavacTest"},{"Key":{"Id":"TestObject.Traits","Label":"Traits","Category":"","Description":"","Attributes":5,"ValueType":"System.Collections.Generic.KeyValuePair`2[[System.String],[System.String]][]"},"Value":[]}]},"Attachments":[],"Outcome":1,"ErrorMessage":null,"ErrorStackTrace":null,"DisplayName":null,"Messages":[],"ComputerName":null,"Duration":"00:00:00.0067268","StartTime":"2021-11-17T22:30:59.2870197+01:00","EndTime":"2021-11-17T22:30:59.3308136+01:00","Properties":[{"Key":{"Id":"ExecutionId","Label":"ExecutionId","Category":"","Description":"","Attributes":1,"ValueType":"System.Guid"},"Value":"00000000-0000-0000-0000-000000000000"},{"Key":{"Id":"ParentExecId","Label":"ParentExecId","Category":"","Description":"","Attributes":1,"ValueType":"System.Guid"},"Value":"00000000-0000-0000-0000-000000000000"},{"Key":{"Id":"InnerResultsCount","Label":"InnerResultsCount","Category":"","Description":"","Attributes":1,"ValueType":"System.Int32"},"Value":0}]},{"TestCase":{"Id":"03d44b12-18f4-0cbe-1c33-4094b2186c06","FullyQualifiedName":"Zadatak1.ProdavacTest.TestAktivnosti","DisplayName":"TestAktivnosti","ExecutorUri":"executor://MSTestAdapter/v2","Source":"C:\\Users\\Armin\\Documents\\GitHub\\Grupa-3-Verifikovani-i-Validirani-Softverasi\\Pijaca\\Zadatak1\\bin\\Debug\\net5.0\\fine-code-coverage\\build-output\\Zadatak1.dll","CodeFilePath":null,"LineNumber":-1,"Properties":[{"Key":{"Id":"TestCase.ManagedType","Label":"ManagedType","Category":"","Description":"","Attributes":1,"ValueType":"System.String"},"Value":"Zadatak1.ProdavacTest"},{"Key":{"Id":"TestCase.ManagedMethod","Label":"ManagedMethod","Category":"","Description":"","Attributes":1,"ValueType":"System.String"},"Value":"TestAktivnosti"},{"Key":{"Id":"MSTestDiscoverer.TestClassName","Label":"ClassName","Category":"","Description":"","Attributes":1,"ValueType":"System.String"},"Value":"Zadatak1.ProdavacTest"},{"Key":{"Id":"TestObject.Traits","Label":"Traits","Category":"","Description":"","Attributes":5,"ValueType":"System.Collections.Generic.KeyValuePair`2[[System.String],[System.String]][]"},"Value":[]}]},"Attachments":[],"Outcome":1,"ErrorMessage":null,"ErrorStackTrace":null,"DisplayName":null,"Messages":[],"ComputerName":null,"Duration":"00:00:00.0005307","StartTime":"2021-11-17T22:30:59.3616158+01:00","EndTime":"2021-11-17T22:30:59.3627991+01:00","Properties":[{"Key":{"Id":"ExecutionId","Label":"ExecutionId","Category":"","Description":"","Attributes":1,"ValueType":"System.Guid"},"Value":"00000000-0000-0000-0000-000000000000"},{"Key":{"Id":"ParentExecId","Label":"ParentExecId","Category":"","Description":"","Attributes":1,"ValueType":"System.Guid"},"Value":"00000000-0000-0000-0000-000000000000"},{"Key":{"Id":"InnerResultsCount","Label":"InnerResultsCount","Category":"","Description":"","Attributes":1,"ValueType":"System.Int32"},"Value":0}]},{"TestCase":{"Id":"c0b925a7-8cbd-7c38-aa41-59795ea98c0e","FullyQualifiedName":"Zadatak1.ProdavacTest.TestPogresnihPodataka","DisplayName":"TestPogresnihPodataka","ExecutorUri":"executor://MSTestAdapter/v2","Source":"C:\\Users\\Armin\\Documents\\GitHub\\Grupa-3-Verifikovani-i-Validirani-Softverasi\\Pijaca\\Zadatak1\\bin\\Debug\\net5.0\\fine-code-coverage\\build-output\\Zadatak1.dll","CodeFilePath":null,"LineNumber":-1,"Properties":[{"Key":{"Id":"TestCase.ManagedType","Label":"ManagedType","Category":"","Description":"","Attributes":1,"ValueType":"System.String"},"Value":"Zadatak1.ProdavacTest"},{"Key":{"Id":"TestCase.ManagedMethod","Label":"ManagedMethod","Category":"","Description":"","Attributes":1,"ValueType":"System.String"},"Value":"TestPogresnihPodataka"},{"Key":{"Id":"MSTestDiscoverer.TestClassName","Label":"ClassName","Category":"","Description":"","Attributes":1,"ValueType":"System.String"},"Value":"Zadatak1.ProdavacTest"},{"Key":{"Id":"TestObject.Traits","Label":"Traits","Category":"","Description":"","Attributes":5,"ValueType":"System.Collections.Generic.KeyValuePair`2[[System.String],[System.String]][]"},"Value":[]}]},"Attachments":[],"Outcome":1,"ErrorMessage":null,"ErrorStackTrace":null,"DisplayName":null,"Messages":[],"ComputerName":null,"Duration":"00:00:00.0004710","StartTime":"2021-11-17T22:30:59.3703664+01:00","EndTime":"2021-11-17T22:30:59.3712477+01:00","Properties":[{"Key":{"Id":"ExecutionId","Label":"ExecutionId","Category":"","Description":"","Attributes":1,"ValueType":"System.Guid"},"Value":"00000000-0000-0000-0000-000000000000"},{"Key":{"Id":"ParentExecId","Label":"ParentExecId","Category":"","Description":"","Attributes":1,"ValueType":"System.Guid"},"Value":"00000000-0000-0000-0000-000000000000"},{"Key":{"Id":"InnerResultsCount","Label":"InnerResultsCount","Category":"","Description":"","Attributes":1,"ValueType":"System.Int32"},"Value":0}]},{"TestCase":{"Id":"e24cc8fb-745b-e81c-73f9-2fc994551ca5","FullyQualifiedName":"Zadatak1.ProdavacTest.TestPovecanjaPrometa","DisplayName":"TestPovecanjaPrometa","ExecutorUri":"executor://MSTestAdapter/v2","Source":"C:\\Users\\Armin\\Documents\\GitHub\\Grupa-3-Verifikovani-i-Validirani-Softverasi\\Pijaca\\Zadatak1\\bin\\Debug\\net5.0\\fine-code-coverage\\build-output\\Zadatak1.dll","CodeFilePath":null,"LineNumber":-1,"Properties":[{"Key":{"Id":"TestCase.ManagedType","Label":"ManagedType","Category":"","Description":"","Attributes":1,"ValueType":"System.String"},"Value":"Zadatak1.ProdavacTest"},{"Key":{"Id":"TestCase.ManagedMethod","Label":"ManagedMethod","Category":"","Description":"","Attributes":1,"ValueType":"System.String"},"Value":"TestPovecanjaPrometa"},{"Key":{"Id":"MSTestDiscoverer.TestClassName","Label":"ClassName","Category":"","Description":"","Attributes":1,"ValueType":"System.String"},"Value":"Zadatak1.ProdavacTest"},{"Key":{"Id":"TestObject.Traits","Label":"Traits","Category":"","Description":"","Attributes":5,"ValueType":"System.Collections.Generic.KeyValuePair`2[[System.String],[System.String]][]"},"Value":[]}]},"Attachments":[],"Outcome":1,"ErrorMessage":null,"ErrorStackTrace":null,"DisplayName":null,"Messages":[],"ComputerName":null,"Duration":"00:00:00.0014984","StartTime":"2021-11-17T22:30:59.378824+01:00","EndTime":"2021-11-17T22:30:59.3812877+01:00","Properties":[{"Key":{"Id":"ExecutionId","Label":"ExecutionId","Category":"","Description":"","Attributes":1,"ValueType":"System.Guid"},"Value":"00000000-0000-0000-0000-000000000000"},{"Key":{"Id":"ParentExecId","Label":"ParentExecId","Category":"","Description":"","Attributes":1,"ValueType":"System.Guid"},"Value":"00000000-0000-0000-0000-000000000000"},{"Key":{"Id":"InnerResultsCount","Label":"InnerResultsCount","Category":"","Description":"","Attributes":1,"ValueType":"System.Int32"},"Value":0}]},{"TestCase":{"Id":"e1e62ecb-27da-a0d2-0bac-6daf339d1ad6","FullyQualifiedName":"Zadatak1.ProdavacTest.TestNegativnogPrometa","DisplayName":"TestNegativnogPrometa","ExecutorUri":"executor://MSTestAdapter/v2","Source":"C:\\Users\\Armin\\Documents\\GitHub\\Grupa-3-Verifikovani-i-Validirani-Softverasi\\Pijaca\\Zadatak1\\bin\\Debug\\net5.0\\fine-code-coverage\\build-output\\Zadatak1.dll","CodeFilePath":null,"LineNumber":-1,"Properties":[{"Key":{"Id":"TestCase.ManagedType","Label":"ManagedType","Category":"","Description":"","Attributes":1,"ValueType":"System.String"},"Value":"Zadatak1.ProdavacTest"},{"Key":{"Id":"TestCase.ManagedMethod","Label":"ManagedMethod","Category":"","Description":"","Attributes":1,"ValueType":"System.String"},"Value":"TestNegativnogPrometa"},{"Key":{"Id":"MSTestDiscoverer.TestClassName","Label":"ClassName","Category":"","Description":"","Attributes":1,"ValueType":"System.String"},"Value":"Zadatak1.ProdavacTest"},{"Key":{"Id":"TestObject.Traits","Label":"Traits","Category":"","Description":"","Attributes":5,"ValueType":"System.Collections.Generic.KeyValuePair`2[[System.String],[System.String]][]"},"Value":[]}]},"Attachments":[],"Outcome":1,"ErrorMessage":null,"ErrorStackTrace":null,"DisplayName":null,"Messages":[],"ComputerName":null,"Duration":"00:00:00.0002556","StartTime":"2021-11-17T22:30:59.3881326+01:00","EndTime":"2021-11-17T22:30:59.3887702+01:00","Properties":[{"Key":{"Id":"ExecutionId","Label":"ExecutionId","Category":"","Description":"","Attributes":1,"ValueType":"System.Guid"},"Value":"00000000-0000-0000-0000-000000000000"},{"Key":{"Id":"ParentExecId","Label":"ParentExecId","Category":"","Description":"","Attributes":1,"ValueType":"System.Guid"},"Value":"00000000-0000-0000-0000-000000000000"},{"Key":{"Id":"InnerResultsCount","Label":"InnerResultsCount","Category":"","Description":"","Attributes":1,"ValueType":"System.Int32"},"Value":0}]}],"TestRunStatistics":{"ExecutedTests":5,"Stats":{"Passed":5}},"ActiveTests":[]},"RunAttachments":[],"ExecutorUris":["executor://mstestadapter/v2"]}}
TpTrace Verbose: 0 : 17936, 4, 2021/11/17, 22:30:59.449, 208232678140, testhost.dll, BaseRunTests.RunTests: Run is complete.
TpTrace Verbose: 0 : 17936, 5, 2021/11/17, 22:30:59.451, 208232700588, testhost.dll, TcpClientExtensions.MessageLoopAsync: NotifyDataAvailable remoteEndPoint: [::ffff:127.0.0.1]:57361 localEndPoint: [::ffff:127.0.0.1]:57362
TpTrace Information: 0 : 17936, 5, 2021/11/17, 22:30:59.452, 208232702366, testhost.dll, TestRequestHandler.ProcessRequests: received message: (TestSession.Terminate) -> null
TpTrace Information: 0 : 17936, 5, 2021/11/17, 22:30:59.452, 208232702828, testhost.dll, Session End message received from server. Closing the connection.
TpTrace Information: 0 : 17936, 5, 2021/11/17, 22:30:59.452, 208232705634, testhost.dll, SocketClient.Stop: Stop communication from server endpoint: 127.0.0.1:057361
TpTrace Information: 0 : 17936, 5, 2021/11/17, 22:30:59.452, 208232706171, testhost.dll, SocketClient: Stop: Cancellation requested. Stopping message loop.
TpTrace Verbose: 0 : 17936, 5, 2021/11/17, 22:30:59.452, 208232707569, testhost.dll, LengthPrefixCommunicationChannel.Dispose: Dispose reader and writer.
TpTrace Information: 0 : 17936, 5, 2021/11/17, 22:30:59.452, 208232708099, testhost.dll, Closing the connection !
TpTrace Information: 0 : 17936, 5, 2021/11/17, 22:30:59.452, 208232709998, testhost.dll, SocketClient.PrivateStop: Stop communication from server endpoint: 127.0.0.1:057361, error:
TpTrace Verbose: 0 : 17936, 5, 2021/11/17, 22:30:59.453, 208232713615, testhost.dll, LengthPrefixCommunicationChannel.Dispose: Dispose reader and writer.
TpTrace Verbose: 0 : 17936, 5, 2021/11/17, 22:30:59.453, 208232714225, testhost.dll, TcpClientExtensions.MessageLoopAsync: exiting MessageLoopAsync remoteEndPoint: [::ffff:127.0.0.1]:57361 localEndPoint: [::ffff:127.0.0.1]:57362
TpTrace Information: 0 : 17936, 1, 2021/11/17, 22:30:59.453, 208232713642, testhost.dll, Closing the connection !
TpTrace Information: 0 : 17936, 1, 2021/11/17, 22:30:59.453, 208232715362, testhost.dll, SocketClient.Stop: Stop communication from server endpoint: 127.0.0.1:057361
TpTrace Verbose: 0 : 17936, 1, 2021/11/17, 22:30:59.453, 208232715748, testhost.dll, LengthPrefixCommunicationChannel.Dispose: Dispose reader and writer.
TpTrace Information: 0 : 17936, 1, 2021/11/17, 22:30:59.453, 208232716634, testhost.dll, Testhost process exiting.
