TpTrace Verbose: 0 : 17088, 1, 2021/11/28, 13:31:01.506, 5971953484523, testhost.dll, Version: 16.9.4
TpTrace Information: 0 : 17088, 1, 2021/11/28, 13:31:01.517, 5971953566320, testhost.dll, DefaultEngineInvoker.Invoke: Testhost process started with args :[--port, 51780],[--endpoint, 127.0.0.1:051780],[--role, client],[--parentprocessid, 12864],[--diag, C:\Users\Armin\Documents\GitHub\Grupa-3-Verifikovani-i-Validirani-Softverasi\Pijaca\Zadatak1\bin\Debug\net5.0\fine-code-coverage\coverage-tool-output\diagnostics.host.21-11-28_13-31-01_32013_10.log],[--tracelevel, 4],[--datacollectionport, 51779],[--telemetryoptedin, false]
TpTrace Information: 0 : 17088, 1, 2021/11/28, 13:31:01.524, 5971953631627, testhost.dll, Setting up debug trace listener.
TpTrace Verbose: 0 : 17088, 1, 2021/11/28, 13:31:01.524, 5971953633911, testhost.dll, TestPlatformTraceListener.Setup: Replacing listener 0 with TestHostTraceListener.
TpTrace Verbose: 0 : 17088, 1, 2021/11/28, 13:31:01.524, 5971953634408, testhost.dll, TestPlatformTraceListener.Setup: Added test platform trace listener.
TpTrace Information: 0 : 17088, 1, 2021/11/28, 13:31:01.524, 5971953638611, testhost.dll, DefaultEngineInvoker.SetParentProcessExitCallback: Monitoring parent process with id: '12864'
TpTrace Information: 0 : 17088, 1, 2021/11/28, 13:31:01.535, 5971953749664, testhost.dll, DefaultEngineInvoker.GetConnectionInfo: Initialize communication on endpoint address: '127.0.0.1:051780'
TpTrace Information: 0 : 17088, 1, 2021/11/28, 13:31:01.553, 5971953923789, testhost.dll, SocketClient.Start: connecting to server endpoint: 127.0.0.1:051780
TpTrace Information: 0 : 17088, 1, 2021/11/28, 13:31:01.559, 5971953989443, testhost.dll, DefaultEngineInvoker.ConnectToDatacollector: Connecting to datacollector, port: 51779
TpTrace Information: 0 : 17088, 6, 2021/11/28, 13:31:01.562, 5971954020488, testhost.dll, SocketClient.OnServerConnected: connected to server endpoint: 127.0.0.1:051780
TpTrace Verbose: 0 : 17088, 6, 2021/11/28, 13:31:01.566, 5971954057714, testhost.dll, Connected to server, and starting MessageLoopAsync
TpTrace Information: 0 : 17088, 1, 2021/11/28, 13:31:01.566, 5971954061452, testhost.dll, Trying to connect to server on socket : 127.0.0.1:51779 
TpTrace Verbose: 0 : 17088, 1, 2021/11/28, 13:31:01.567, 5971954065289, testhost.dll, SocketCommunicationManager : SetupClientAsync : Attempting to connect to the server.
TpTrace Information: 0 : 17088, 9, 2021/11/28, 13:31:01.569, 5971954084144, testhost.dll, Connected to the server successfully 
TpTrace Information: 0 : 17088, 9, 2021/11/28, 13:31:01.569, 5971954085600, testhost.dll, Using the buffer size of 16384 bytes
TpTrace Verbose: 0 : 17088, 6, 2021/11/28, 13:31:01.569, 5971954087336, testhost.dll, TcpClientExtensions.MessageLoopAsync: Polling on remoteEndPoint: [::ffff:127.0.0.1]:51780 localEndPoint: [::ffff:127.0.0.1]:51781
TpTrace Verbose: 0 : 17088, 6, 2021/11/28, 13:31:01.569, 5971954090736, testhost.dll, TcpClientExtensions.MessageLoopAsync: NotifyDataAvailable remoteEndPoint: [::ffff:127.0.0.1]:51780 localEndPoint: [::ffff:127.0.0.1]:51781
TpTrace Information: 0 : 17088, 1, 2021/11/28, 13:31:01.570, 5971954091873, testhost.dll, DefaultEngineInvoker.Invoke: Start Request Processing.
TpTrace Information: 0 : 17088, 11, 2021/11/28, 13:31:01.571, 5971954104099, testhost.dll, DefaultEngineInvoker.StartProcessingAsync: Connected to vstest.console, Starting process requests.
TpTrace Information: 0 : 17088, 6, 2021/11/28, 13:31:01.738, 5971955773666, testhost.dll, TestRequestHandler.ProcessRequests: received message: (ProtocolVersion) -> 5
TpTrace Verbose: 0 : 17088, 6, 2021/11/28, 13:31:01.773, 5971956123823, testhost.dll, TestRequestHandler.SendData:  sending data from testhost: {"Version":5,"MessageType":"TestSession.Message","Payload":{"MessageLevel":0,"Message":"Logging TestHost Diagnostics in file: C:\\Users\\Armin\\Documents\\GitHub\\Grupa-3-Verifikovani-i-Validirani-Softverasi\\Pijaca\\Zadatak1\\bin\\Debug\\net5.0\\fine-code-coverage\\coverage-tool-output\\diagnostics.host.21-11-28_13-31-01_32013_10.log"}}
TpTrace Verbose: 0 : 17088, 6, 2021/11/28, 13:31:01.773, 5971956127862, testhost.dll, TcpClientExtensions.MessageLoopAsync: Polling on remoteEndPoint: [::ffff:127.0.0.1]:51780 localEndPoint: [::ffff:127.0.0.1]:51781
TpTrace Verbose: 0 : 17088, 6, 2021/11/28, 13:31:01.773, 5971956129206, testhost.dll, TcpClientExtensions.MessageLoopAsync: NotifyDataAvailable remoteEndPoint: [::ffff:127.0.0.1]:51780 localEndPoint: [::ffff:127.0.0.1]:51781
TpTrace Information: 0 : 17088, 6, 2021/11/28, 13:31:01.780, 5971956201104, testhost.dll, TestRequestHandler.ProcessRequests: received message: (TestExecution.Initialize) -> [
  "C:\\Users\\Armin\\Documents\\GitHub\\Grupa-3-Verifikovani-i-Validirani-Softverasi\\Pijaca\\Zadatak1\\bin\\Debug\\net5.0\\fine-code-coverage\\build-output\\Microsoft.VisualStudio.TestPlatform.MSTest.TestAdapter.dll"
]
TpTrace Information: 0 : 17088, 6, 2021/11/28, 13:31:01.781, 5971956203765, testhost.dll, Execution Session Initialize.
TpTrace Verbose: 0 : 17088, 6, 2021/11/28, 13:31:01.789, 5971956281990, testhost.dll, TcpClientExtensions.MessageLoopAsync: Polling on remoteEndPoint: [::ffff:127.0.0.1]:51780 localEndPoint: [::ffff:127.0.0.1]:51781
TpTrace Verbose: 0 : 17088, 6, 2021/11/28, 13:31:01.789, 5971956283673, testhost.dll, TcpClientExtensions.MessageLoopAsync: NotifyDataAvailable remoteEndPoint: [::ffff:127.0.0.1]:51780 localEndPoint: [::ffff:127.0.0.1]:51781
TpTrace Verbose: 0 : 17088, 4, 2021/11/28, 13:31:01.791, 5971956303924, testhost.dll, TestExecutorService: Loading the extensions
TpTrace Information: 0 : 17088, 6, 2021/11/28, 13:31:01.791, 5971956309539, testhost.dll, TestRequestHandler.ProcessRequests: received message: (TestExecution.StartWithSources) -> {
  "AdapterSourceMap": {
    "_none_": [
      "C:\\Users\\Armin\\Documents\\GitHub\\Grupa-3-Verifikovani-i-Validirani-Softverasi\\Pijaca\\Zadatak1\\bin\\Debug\\net5.0\\fine-code-coverage\\build-output\\Zadatak1.dll"
    ]
  },
  "RunSettings": "<RunSettings>\r\n  <RunConfiguration>\r\n    <ResultsDirectory>C:\\Users\\Armin\\Documents\\GitHub\\Grupa-3-Verifikovani-i-Validirani-Softverasi\\Pijaca\\Zadatak1\\bin\\Debug\\net5.0\\fine-code-coverage\\coverage-tool-output</ResultsDirectory>\r\n    <TargetPlatform>X64</TargetPlatform>\r\n    <TargetFrameworkVersion>.NETCoreApp,Version=v5.0</TargetFrameworkVersion>\r\n    <DesignMode>False</DesignMode>\r\n    <CollectSourceInformation>False</CollectSourceInformation>\r\n  </RunConfiguration>\r\n  <LoggerRunSettings>\r\n    <Loggers>\r\n      <Logger friendlyName=\"blame\" enabled=\"True\" />\r\n      <Logger friendlyName=\"Console\" uri=\"logger://microsoft/TestPlatform/ConsoleLogger/v1\" assemblyQualifiedName=\"Microsoft.VisualStudio.TestPlatform.CommandLine.Internal.ConsoleLogger, vstest.console, Version=15.0.0.0, Culture=neutral, PublicKeyToken=b03f5f7f11d50a3a\" codeBase=\"C:\\Program Files\\dotnet\\sdk\\5.0.402\\vstest.console.dll\" enabled=\"True\" />\r\n    </Loggers>\r\n  </LoggerRunSettings>\r\n  <DataCollectionRunSettings>\r\n    <DataCollectors>\r\n      <DataCollector friendlyName=\"blame\" enabled=\"True\">\r\n        <Configuration>\r\n          <ResultsDirectory>C:\\Users\\Armin\\Documents\\GitHub\\Grupa-3-Verifikovani-i-Validirani-Softverasi\\Pijaca\\Zadatak1\\bin\\Debug\\net5.0\\fine-code-coverage\\coverage-tool-output</ResultsDirectory>\r\n        </Configuration>\r\n      </DataCollector>\r\n    </DataCollectors>\r\n  </DataCollectionRunSettings>\r\n</RunSettings>",
  "TestExecutionContext": {
    "FrequencyOfRunStatsChangeEvent": 10,
    "RunStatsChangeEventTimeout": "00:00:01.5000000",
    "InIsolation": false,
    "KeepAlive": false,
    "AreTestCaseLevelEventsRequired": false,
    "IsDebug": false,
    "TestCaseFilter": null,
    "FilterOptions": null
  },
  "Package": null
}
TpTrace Information: 0 : 17088, 6, 2021/11/28, 13:31:01.791, 5971956310628, testhost.dll, Execution started.
TpTrace Verbose: 0 : 17088, 4, 2021/11/28, 13:31:01.792, 5971956318705, testhost.dll, TestPluginCache.DiscoverTestExtensions: finding test extensions in assemblies ends with: TestAdapter.dll TPluginInfo: Microsoft.VisualStudio.TestPlatform.Common.ExtensionFramework.Utilities.TestExecutorPluginInformation TExtension: Microsoft.VisualStudio.TestPlatform.ObjectModel.Adapter.ITestExecutor
TpTrace Verbose: 0 : 17088, 4, 2021/11/28, 13:31:01.795, 5971956343187, testhost.dll, TestPluginCache.GetExtensionPaths: Filtered extension paths: 
TpTrace Verbose: 0 : 17088, 4, 2021/11/28, 13:31:01.796, 5971956359625, testhost.dll, TestPluginCache.GetExtensionPaths: Added default extension paths: C:\Users\Armin\Documents\GitHub\Grupa-3-Verifikovani-i-Validirani-Softverasi\Pijaca\Zadatak1\bin\Debug\net5.0\fine-code-coverage\build-output\Microsoft.VisualStudio.TestPlatform.MSTest.TestAdapter.dll
TpTrace Verbose: 0 : 17088, 4, 2021/11/28, 13:31:01.797, 5971956363512, testhost.dll, TestPluginCache.GetExtensionPaths: Added unfilterableExtensionPaths: 
TpTrace Information: 0 : 17088, 4, 2021/11/28, 13:31:01.799, 5971956391127, testhost.dll, AssemblyResolver.ctor: Creating AssemblyResolver with searchDirectories C:\Users\Armin\Documents\GitHub\Grupa-3-Verifikovani-i-Validirani-Softverasi\Pijaca\Zadatak1\bin\Debug\net5.0\fine-code-coverage\build-output
TpTrace Verbose: 0 : 17088, 4, 2021/11/28, 13:31:01.801, 5971956406908, testhost.dll, TestPluginCache.DiscoverTestExtensions: Discovering the extensions using extension path.
TpTrace Verbose: 0 : 17088, 4, 2021/11/28, 13:31:01.801, 5971956408394, testhost.dll, TestPluginCache.GetExtensionPaths: Filtered extension paths: 
TpTrace Verbose: 0 : 17088, 4, 2021/11/28, 13:31:01.801, 5971956408802, testhost.dll, TestPluginCache.GetExtensionPaths: Added default extension paths: C:\Users\Armin\Documents\GitHub\Grupa-3-Verifikovani-i-Validirani-Softverasi\Pijaca\Zadatak1\bin\Debug\net5.0\fine-code-coverage\build-output\Microsoft.VisualStudio.TestPlatform.MSTest.TestAdapter.dll
TpTrace Verbose: 0 : 17088, 4, 2021/11/28, 13:31:01.801, 5971956409084, testhost.dll, TestPluginCache.GetExtensionPaths: Added unfilterableExtensionPaths: 
TpTrace Verbose: 0 : 17088, 4, 2021/11/28, 13:31:01.801, 5971956409611, testhost.dll, TestPluginCache.DiscoverTestExtensions: Discovering the extensions using allExtensionPaths: C:\Users\Armin\Documents\GitHub\Grupa-3-Verifikovani-i-Validirani-Softverasi\Pijaca\Zadatak1\bin\Debug\net5.0\fine-code-coverage\build-output\Microsoft.VisualStudio.TestPlatform.MSTest.TestAdapter.dll
TpTrace Information: 0 : 17088, 4, 2021/11/28, 13:31:01.802, 5971956419241, testhost.dll, AssemblyResolver.AddSearchDirectories: Adding more searchDirectories C:\Users\Armin\Documents\GitHub\Grupa-3-Verifikovani-i-Validirani-Softverasi\Pijaca\Zadatak1\bin\Debug\net5.0\fine-code-coverage\build-output
TpTrace Information: 0 : 17088, 4, 2021/11/28, 13:31:01.806, 5971956459626, testhost.dll, AssemblyResolver.OnResolve: Microsoft.VisualStudio.TestPlatform.MSTest.TestAdapter: Resolving assembly.
TpTrace Information: 0 : 17088, 4, 2021/11/28, 13:31:01.808, 5971956478057, testhost.dll, AssemblyResolver.OnResolve: Resolved assembly: Microsoft.VisualStudio.TestPlatform.MSTest.TestAdapter, from path: C:\Users\Armin\Documents\GitHub\Grupa-3-Verifikovani-i-Validirani-Softverasi\Pijaca\Zadatak1\bin\Debug\net5.0\fine-code-coverage\build-output\Microsoft.VisualStudio.TestPlatform.MSTest.TestAdapter.dll
TpTrace Verbose: 0 : 17088, 4, 2021/11/28, 13:31:01.822, 5971956614164, testhost.dll, TestPluginCache: Discovered the extensions using extension path ''.
TpTrace Verbose: 0 : 17088, 4, 2021/11/28, 13:31:01.823, 5971956622738, testhost.dll, TestPluginCache: Discoverers are ''.
TpTrace Verbose: 0 : 17088, 4, 2021/11/28, 13:31:01.823, 5971956624423, testhost.dll, TestPluginCache: Executors are 'executor://MSTestAdapter/v2'.
TpTrace Verbose: 0 : 17088, 4, 2021/11/28, 13:31:01.823, 5971956625399, testhost.dll, TestPluginCache: Executors2 are ''.
TpTrace Verbose: 0 : 17088, 4, 2021/11/28, 13:31:01.823, 5971956626139, testhost.dll, TestPluginCache: Setting providers are ''.
TpTrace Verbose: 0 : 17088, 4, 2021/11/28, 13:31:01.823, 5971956626791, testhost.dll, TestPluginCache: Loggers are ''.
TpTrace Verbose: 0 : 17088, 4, 2021/11/28, 13:31:01.830, 5971956700606, testhost.dll, TestPluginCache.DiscoverTestExtensions: finding test extensions in assemblies ends with: TestAdapter.dll TPluginInfo: Microsoft.VisualStudio.TestPlatform.Common.ExtensionFramework.Utilities.TestExecutorPluginInformation2 TExtension: Microsoft.VisualStudio.TestPlatform.ObjectModel.Adapter.ITestExecutor2
TpTrace Verbose: 0 : 17088, 4, 2021/11/28, 13:31:01.831, 5971956708261, testhost.dll, TestPluginCache.GetExtensionPaths: Filtered extension paths: 
TpTrace Verbose: 0 : 17088, 4, 2021/11/28, 13:31:01.831, 5971956710337, testhost.dll, TestPluginCache.GetExtensionPaths: Added default extension paths: C:\Users\Armin\Documents\GitHub\Grupa-3-Verifikovani-i-Validirani-Softverasi\Pijaca\Zadatak1\bin\Debug\net5.0\fine-code-coverage\build-output\Microsoft.VisualStudio.TestPlatform.MSTest.TestAdapter.dll
TpTrace Verbose: 0 : 17088, 4, 2021/11/28, 13:31:01.832, 5971956711560, testhost.dll, TestPluginCache.GetExtensionPaths: Added unfilterableExtensionPaths: 
TpTrace Information: 0 : 17088, 4, 2021/11/28, 13:31:01.832, 5971956715043, testhost.dll, AssemblyResolver.AddSearchDirectories: Adding more searchDirectories C:\Users\Armin\Documents\GitHub\Grupa-3-Verifikovani-i-Validirani-Softverasi\Pijaca\Zadatak1\bin\Debug\net5.0\fine-code-coverage\build-output
TpTrace Verbose: 0 : 17088, 4, 2021/11/28, 13:31:01.832, 5971956716363, testhost.dll, TestPluginCache.DiscoverTestExtensions: Discovering the extensions using extension path.
TpTrace Verbose: 0 : 17088, 4, 2021/11/28, 13:31:01.832, 5971956717060, testhost.dll, TestPluginCache.GetExtensionPaths: Filtered extension paths: 
TpTrace Verbose: 0 : 17088, 4, 2021/11/28, 13:31:01.832, 5971956717678, testhost.dll, TestPluginCache.GetExtensionPaths: Added default extension paths: C:\Users\Armin\Documents\GitHub\Grupa-3-Verifikovani-i-Validirani-Softverasi\Pijaca\Zadatak1\bin\Debug\net5.0\fine-code-coverage\build-output\Microsoft.VisualStudio.TestPlatform.MSTest.TestAdapter.dll
TpTrace Verbose: 0 : 17088, 4, 2021/11/28, 13:31:01.832, 5971956718234, testhost.dll, TestPluginCache.GetExtensionPaths: Added unfilterableExtensionPaths: 
TpTrace Verbose: 0 : 17088, 4, 2021/11/28, 13:31:01.832, 5971956719012, testhost.dll, TestPluginCache.DiscoverTestExtensions: Discovering the extensions using allExtensionPaths: C:\Users\Armin\Documents\GitHub\Grupa-3-Verifikovani-i-Validirani-Softverasi\Pijaca\Zadatak1\bin\Debug\net5.0\fine-code-coverage\build-output\Microsoft.VisualStudio.TestPlatform.MSTest.TestAdapter.dll
TpTrace Information: 0 : 17088, 4, 2021/11/28, 13:31:01.832, 5971956719937, testhost.dll, AssemblyResolver.AddSearchDirectories: Adding more searchDirectories C:\Users\Armin\Documents\GitHub\Grupa-3-Verifikovani-i-Validirani-Softverasi\Pijaca\Zadatak1\bin\Debug\net5.0\fine-code-coverage\build-output
TpTrace Verbose: 0 : 17088, 4, 2021/11/28, 13:31:01.833, 5971956723968, testhost.dll, TestPluginCache: Discovered the extensions using extension path ''.
TpTrace Verbose: 0 : 17088, 4, 2021/11/28, 13:31:01.833, 5971956725608, testhost.dll, TestPluginCache: Discoverers are ''.
TpTrace Verbose: 0 : 17088, 4, 2021/11/28, 13:31:01.833, 5971956726660, testhost.dll, TestPluginCache: Executors are 'executor://MSTestAdapter/v2'.
TpTrace Verbose: 0 : 17088, 4, 2021/11/28, 13:31:01.833, 5971956727957, testhost.dll, TestPluginCache: Executors2 are ''.
TpTrace Verbose: 0 : 17088, 4, 2021/11/28, 13:31:01.833, 5971956728683, testhost.dll, TestPluginCache: Setting providers are ''.
TpTrace Verbose: 0 : 17088, 4, 2021/11/28, 13:31:01.833, 5971956729253, testhost.dll, TestPluginCache: Loggers are ''.
TpTrace Verbose: 0 : 17088, 6, 2021/11/28, 13:31:01.834, 5971956736647, testhost.dll, TcpClientExtensions.MessageLoopAsync: Polling on remoteEndPoint: [::ffff:127.0.0.1]:51780 localEndPoint: [::ffff:127.0.0.1]:51781
TpTrace Information: 0 : 17088, 4, 2021/11/28, 13:31:01.840, 5971956793062, testhost.dll, TestPluginManager.CreateTestExtension: Attempting to load test extension: Microsoft.VisualStudio.TestPlatform.MSTest.TestAdapter.MSTestExecutor
TpTrace Verbose: 0 : 17088, 4, 2021/11/28, 13:31:01.854, 5971956934912, testhost.dll, TestExecutorExtensionManager: Loading executor Microsoft.VisualStudio.TestPlatform.MSTest.TestAdapter.MSTestExecutor
TpTrace Verbose: 0 : 17088, 4, 2021/11/28, 13:31:01.854, 5971956936183, testhost.dll, TestExecutorService: Loaded the executors
TpTrace Verbose: 0 : 17088, 4, 2021/11/28, 13:31:01.855, 5971956947277, testhost.dll, TestPluginCache.DiscoverTestExtensions: finding test extensions in assemblies ends with: TestAdapter.dll TPluginInfo: Microsoft.VisualStudio.TestPlatform.Common.ExtensionFramework.Utilities.TestSettingsProviderPluginInformation TExtension: Microsoft.VisualStudio.TestPlatform.ObjectModel.Adapter.ISettingsProvider
TpTrace Verbose: 0 : 17088, 4, 2021/11/28, 13:31:01.855, 5971956948951, testhost.dll, TestPluginCache.GetExtensionPaths: Filtered extension paths: 
TpTrace Verbose: 0 : 17088, 4, 2021/11/28, 13:31:01.855, 5971956949488, testhost.dll, TestPluginCache.GetExtensionPaths: Added default extension paths: C:\Users\Armin\Documents\GitHub\Grupa-3-Verifikovani-i-Validirani-Softverasi\Pijaca\Zadatak1\bin\Debug\net5.0\fine-code-coverage\build-output\Microsoft.VisualStudio.TestPlatform.MSTest.TestAdapter.dll
TpTrace Verbose: 0 : 17088, 4, 2021/11/28, 13:31:01.855, 5971956949863, testhost.dll, TestPluginCache.GetExtensionPaths: Added unfilterableExtensionPaths: 
TpTrace Information: 0 : 17088, 4, 2021/11/28, 13:31:01.855, 5971956951450, testhost.dll, AssemblyResolver.AddSearchDirectories: Adding more searchDirectories C:\Users\Armin\Documents\GitHub\Grupa-3-Verifikovani-i-Validirani-Softverasi\Pijaca\Zadatak1\bin\Debug\net5.0\fine-code-coverage\build-output
TpTrace Verbose: 0 : 17088, 4, 2021/11/28, 13:31:01.856, 5971956952048, testhost.dll, TestPluginCache.DiscoverTestExtensions: Discovering the extensions using extension path.
TpTrace Verbose: 0 : 17088, 4, 2021/11/28, 13:31:01.856, 5971956952436, testhost.dll, TestPluginCache.GetExtensionPaths: Filtered extension paths: 
TpTrace Verbose: 0 : 17088, 4, 2021/11/28, 13:31:01.856, 5971956952773, testhost.dll, TestPluginCache.GetExtensionPaths: Added default extension paths: C:\Users\Armin\Documents\GitHub\Grupa-3-Verifikovani-i-Validirani-Softverasi\Pijaca\Zadatak1\bin\Debug\net5.0\fine-code-coverage\build-output\Microsoft.VisualStudio.TestPlatform.MSTest.TestAdapter.dll
TpTrace Verbose: 0 : 17088, 4, 2021/11/28, 13:31:01.856, 5971956953225, testhost.dll, TestPluginCache.GetExtensionPaths: Added unfilterableExtensionPaths: 
TpTrace Verbose: 0 : 17088, 4, 2021/11/28, 13:31:01.856, 5971956953598, testhost.dll, TestPluginCache.DiscoverTestExtensions: Discovering the extensions using allExtensionPaths: C:\Users\Armin\Documents\GitHub\Grupa-3-Verifikovani-i-Validirani-Softverasi\Pijaca\Zadatak1\bin\Debug\net5.0\fine-code-coverage\build-output\Microsoft.VisualStudio.TestPlatform.MSTest.TestAdapter.dll
TpTrace Information: 0 : 17088, 4, 2021/11/28, 13:31:01.856, 5971956954092, testhost.dll, AssemblyResolver.AddSearchDirectories: Adding more searchDirectories C:\Users\Armin\Documents\GitHub\Grupa-3-Verifikovani-i-Validirani-Softverasi\Pijaca\Zadatak1\bin\Debug\net5.0\fine-code-coverage\build-output
TpTrace Verbose: 0 : 17088, 4, 2021/11/28, 13:31:01.856, 5971956956528, testhost.dll, TestPluginCache: Discovered the extensions using extension path ''.
TpTrace Verbose: 0 : 17088, 4, 2021/11/28, 13:31:01.856, 5971956957092, testhost.dll, TestPluginCache: Discoverers are ''.
TpTrace Verbose: 0 : 17088, 4, 2021/11/28, 13:31:01.856, 5971956957473, testhost.dll, TestPluginCache: Executors are 'executor://MSTestAdapter/v2'.
TpTrace Verbose: 0 : 17088, 4, 2021/11/28, 13:31:01.856, 5971956958259, testhost.dll, TestPluginCache: Executors2 are ''.
TpTrace Verbose: 0 : 17088, 4, 2021/11/28, 13:31:01.856, 5971956958987, testhost.dll, TestPluginCache: Setting providers are ''.
TpTrace Verbose: 0 : 17088, 4, 2021/11/28, 13:31:01.856, 5971956959533, testhost.dll, TestPluginCache: Loggers are ''.
TpTrace Verbose: 0 : 17088, 4, 2021/11/28, 13:31:01.858, 5971956974004, testhost.dll, TestExecutorService: Loaded the settings providers
TpTrace Information: 0 : 17088, 4, 2021/11/28, 13:31:01.858, 5971956975456, testhost.dll, TestExecutorService: Loaded the extensions
TpTrace Information: 0 : 17088, 4, 2021/11/28, 13:31:01.991, 5971958309790, testhost.dll, TestDiscoveryManager: Discovering tests from sources C:\Users\Armin\Documents\GitHub\Grupa-3-Verifikovani-i-Validirani-Softverasi\Pijaca\Zadatak1\bin\Debug\net5.0\fine-code-coverage\build-output\Zadatak1.dll
TpTrace Verbose: 0 : 17088, 4, 2021/11/28, 13:31:01.997, 5971958367069, testhost.dll, TestPluginCache.DiscoverTestExtensions: finding test extensions in assemblies ends with: TestAdapter.dll TPluginInfo: Microsoft.VisualStudio.TestPlatform.Common.ExtensionFramework.Utilities.TestDiscovererPluginInformation TExtension: Microsoft.VisualStudio.TestPlatform.ObjectModel.Adapter.ITestDiscoverer
TpTrace Verbose: 0 : 17088, 4, 2021/11/28, 13:31:01.998, 5971958371887, testhost.dll, TestPluginCache.GetExtensionPaths: Filtered extension paths: 
TpTrace Verbose: 0 : 17088, 4, 2021/11/28, 13:31:01.998, 5971958373271, testhost.dll, TestPluginCache.GetExtensionPaths: Added default extension paths: C:\Users\Armin\Documents\GitHub\Grupa-3-Verifikovani-i-Validirani-Softverasi\Pijaca\Zadatak1\bin\Debug\net5.0\fine-code-coverage\build-output\Microsoft.VisualStudio.TestPlatform.MSTest.TestAdapter.dll
TpTrace Verbose: 0 : 17088, 4, 2021/11/28, 13:31:01.998, 5971958374526, testhost.dll, TestPluginCache.GetExtensionPaths: Added unfilterableExtensionPaths: 
TpTrace Information: 0 : 17088, 4, 2021/11/28, 13:31:01.998, 5971958379369, testhost.dll, AssemblyResolver.AddSearchDirectories: Adding more searchDirectories C:\Users\Armin\Documents\GitHub\Grupa-3-Verifikovani-i-Validirani-Softverasi\Pijaca\Zadatak1\bin\Debug\net5.0\fine-code-coverage\build-output
TpTrace Verbose: 0 : 17088, 4, 2021/11/28, 13:31:01.999, 5971958381802, testhost.dll, TestPluginCache.DiscoverTestExtensions: Discovering the extensions using extension path.
TpTrace Verbose: 0 : 17088, 4, 2021/11/28, 13:31:01.999, 5971958383032, testhost.dll, TestPluginCache.GetExtensionPaths: Filtered extension paths: 
TpTrace Verbose: 0 : 17088, 4, 2021/11/28, 13:31:01.999, 5971958383772, testhost.dll, TestPluginCache.GetExtensionPaths: Added default extension paths: C:\Users\Armin\Documents\GitHub\Grupa-3-Verifikovani-i-Validirani-Softverasi\Pijaca\Zadatak1\bin\Debug\net5.0\fine-code-coverage\build-output\Microsoft.VisualStudio.TestPlatform.MSTest.TestAdapter.dll
TpTrace Verbose: 0 : 17088, 4, 2021/11/28, 13:31:01.999, 5971958384226, testhost.dll, TestPluginCache.GetExtensionPaths: Added unfilterableExtensionPaths: 
TpTrace Verbose: 0 : 17088, 4, 2021/11/28, 13:31:01.999, 5971958384703, testhost.dll, TestPluginCache.DiscoverTestExtensions: Discovering the extensions using allExtensionPaths: C:\Users\Armin\Documents\GitHub\Grupa-3-Verifikovani-i-Validirani-Softverasi\Pijaca\Zadatak1\bin\Debug\net5.0\fine-code-coverage\build-output\Microsoft.VisualStudio.TestPlatform.MSTest.TestAdapter.dll
TpTrace Information: 0 : 17088, 4, 2021/11/28, 13:31:01.999, 5971958385724, testhost.dll, AssemblyResolver.AddSearchDirectories: Adding more searchDirectories C:\Users\Armin\Documents\GitHub\Grupa-3-Verifikovani-i-Validirani-Softverasi\Pijaca\Zadatak1\bin\Debug\net5.0\fine-code-coverage\build-output
TpTrace Verbose: 0 : 17088, 4, 2021/11/28, 13:31:02.009, 5971958486822, testhost.dll, TestPluginCache: Discovered the extensions using extension path ''.
TpTrace Verbose: 0 : 17088, 4, 2021/11/28, 13:31:02.013, 5971958533082, testhost.dll, TestPluginCache: Discoverers are 'Microsoft.VisualStudio.TestPlatform.MSTest.TestAdapter.MSTestDiscoverer, Microsoft.VisualStudio.TestPlatform.MSTest.TestAdapter, Version=14.0.0.0, Culture=neutral, PublicKeyToken=b03f5f7f11d50a3a'.
TpTrace Verbose: 0 : 17088, 4, 2021/11/28, 13:31:02.014, 5971958539403, testhost.dll, TestPluginCache: Executors are 'executor://MSTestAdapter/v2'.
TpTrace Verbose: 0 : 17088, 4, 2021/11/28, 13:31:02.014, 5971958540947, testhost.dll, TestPluginCache: Executors2 are ''.
TpTrace Verbose: 0 : 17088, 4, 2021/11/28, 13:31:02.015, 5971958541777, testhost.dll, TestPluginCache: Setting providers are ''.
TpTrace Verbose: 0 : 17088, 4, 2021/11/28, 13:31:02.015, 5971958542655, testhost.dll, TestPluginCache: Loggers are ''.
TpTrace Verbose: 0 : 17088, 4, 2021/11/28, 13:31:02.023, 5971958630850, testhost.dll, BaseRunTests.RunTestInternalWithExecutors: Running tests for executor://MSTestAdapter/v2
TpTrace Information: 0 : 17088, 4, 2021/11/28, 13:31:02.024, 5971958641082, testhost.dll, AssemblyResolver.OnResolve: Microsoft.VisualStudio.TestPlatform.MSTestAdapter.PlatformServices.Interface: Resolving assembly.
TpTrace Information: 0 : 17088, 4, 2021/11/28, 13:31:02.026, 5971958656055, testhost.dll, AssemblyResolver.OnResolve: Resolved assembly: Microsoft.VisualStudio.TestPlatform.MSTestAdapter.PlatformServices.Interface, from path: C:\Users\Armin\Documents\GitHub\Grupa-3-Verifikovani-i-Validirani-Softverasi\Pijaca\Zadatak1\bin\Debug\net5.0\fine-code-coverage\build-output\Microsoft.VisualStudio.TestPlatform.MSTestAdapter.PlatformServices.Interface.dll
TpTrace Information: 0 : 17088, 4, 2021/11/28, 13:31:02.035, 5971958744327, testhost.dll, AssemblyResolver.OnResolve: Microsoft.VisualStudio.TestPlatform.MSTestAdapter.PlatformServices: Resolving assembly.
TpTrace Information: 0 : 17088, 4, 2021/11/28, 13:31:02.036, 5971958758133, testhost.dll, AssemblyResolver.OnResolve: Resolved assembly: Microsoft.VisualStudio.TestPlatform.MSTestAdapter.PlatformServices, from path: C:\Users\Armin\Documents\GitHub\Grupa-3-Verifikovani-i-Validirani-Softverasi\Pijaca\Zadatak1\bin\Debug\net5.0\fine-code-coverage\build-output\Microsoft.VisualStudio.TestPlatform.MSTestAdapter.PlatformServices.dll
TpTrace Information: 0 : 17088, 4, 2021/11/28, 13:31:02.037, 5971958765650, testhost.dll, MSTest - MSTestExecutor.RunTests: Running tests from sources.
TpTrace Information: 0 : 17088, 4, 2021/11/28, 13:31:02.050, 5971958893414, testhost.dll, MSTest - CollectSourceInformation value Found : False 
TpTrace Information: 0 : 17088, 4, 2021/11/28, 13:31:02.091, 5971959301970, testhost.dll, AssemblyResolver.OnResolve: Microsoft.TestPlatform.AdapterUtilities: Resolving assembly.
TpTrace Information: 0 : 17088, 4, 2021/11/28, 13:31:02.092, 5971959315692, testhost.dll, AssemblyResolver.OnResolve: Resolved assembly: Microsoft.TestPlatform.AdapterUtilities, from path: C:\Users\Armin\Documents\GitHub\Grupa-3-Verifikovani-i-Validirani-Softverasi\Pijaca\Zadatak1\bin\Debug\net5.0\fine-code-coverage\build-output\Microsoft.TestPlatform.AdapterUtilities.dll
TpTrace Information: 0 : 17088, 4, 2021/11/28, 13:31:02.121, 5971959606899, testhost.dll, MSTest - MSTestDiscoverer: Found 14 tests from source C:\Users\Armin\Documents\GitHub\Grupa-3-Verifikovani-i-Validirani-Softverasi\Pijaca\Zadatak1\bin\Debug\net5.0\fine-code-coverage\build-output\Zadatak1.dll
TpTrace Information: 0 : 17088, 4, 2021/11/28, 13:31:02.151, 5971959911234, testhost.dll, AssemblyResolver.OnResolve: Microsoft.VisualStudio.TestPlatform.MSTestAdapter.PlatformServices.resources: Resolving assembly.
TpTrace Information: 0 : 17088, 4, 2021/11/28, 13:31:02.152, 5971959915065, testhost.dll, AssemblyResolver.OnResolve: Microsoft.VisualStudio.TestPlatform.MSTestAdapter.PlatformServices.resources: Failed to load assembly.
TpTrace Information: 0 : 17088, 4, 2021/11/28, 13:31:02.153, 5971959921928, testhost.dll, AssemblyResolver.OnResolve: Microsoft.VisualStudio.TestPlatform.MSTestAdapter.PlatformServices.resources: Resolving assembly.
TpTrace Information: 0 : 17088, 4, 2021/11/28, 13:31:02.153, 5971959923285, testhost.dll, AssemblyResolver.OnResolve: Microsoft.VisualStudio.TestPlatform.MSTestAdapter.PlatformServices.resources: Resolved from cache.
TpTrace Information: 0 : 17088, 4, 2021/11/28, 13:31:02.173, 5971960126718, testhost.dll, MSTest - Created unit-test runner C:\Users\Armin\Documents\GitHub\Grupa-3-Verifikovani-i-Validirani-Softverasi\Pijaca\Zadatak1\bin\Debug\net5.0\fine-code-coverage\build-output\Zadatak1.dll
TpTrace Verbose: 0 : 17088, 4, 2021/11/28, 13:31:02.182, 5971960214772, testhost.dll, TestExecutionRecorder.RecordStart: Starting test: Zadatak1.ProdavacTest.TestPogresnaSifra.
TpTrace Information: 0 : 17088, 4, 2021/11/28, 13:31:02.302, 5971961417324, testhost.dll, MSTest - Executing test TestPogresnaSifra
TpTrace Information: 0 : 17088, 4, 2021/11/28, 13:31:02.394, 5971962336501, testhost.dll, MSTest - Executed test TestPogresnaSifra
TpTrace Verbose: 0 : 17088, 4, 2021/11/28, 13:31:02.411, 5971962510707, testhost.dll, TestExecutionRecorder.RecordEnd: test: Zadatak1.ProdavacTest.TestPogresnaSifra execution completed.
TpTrace Verbose: 0 : 17088, 4, 2021/11/28, 13:31:02.491, 5971963309134, testhost.dll, TestExecutionRecorder.RecordResult: Received result for test: Zadatak1.ProdavacTest.TestPogresnaSifra.
TpTrace Warning: 0 : 17088, 4, 2021/11/28, 13:31:02.506, 5971963452992, testhost.dll, TestRunCache: InProgressTests is null
TpTrace Warning: 0 : 17088, 4, 2021/11/28, 13:31:02.506, 5971963457689, testhost.dll, TestRunCache: No test found corresponding to testResult '' in inProgress list.
TpTrace Verbose: 0 : 17088, 4, 2021/11/28, 13:31:02.506, 5971963460727, testhost.dll, TestExecutionRecorder.RecordStart: Starting test: Zadatak1.ProdavacTest.TestAktivnosti.
TpTrace Information: 0 : 17088, 4, 2021/11/28, 13:31:02.509, 5971963491191, testhost.dll, MSTest - Executing test TestAktivnosti
TpTrace Information: 0 : 17088, 4, 2021/11/28, 13:31:02.514, 5971963532104, testhost.dll, MSTest - Executed test TestAktivnosti
TpTrace Verbose: 0 : 17088, 4, 2021/11/28, 13:31:02.514, 5971963535158, testhost.dll, TestExecutionRecorder.RecordEnd: test: Zadatak1.ProdavacTest.TestAktivnosti execution completed.
TpTrace Verbose: 0 : 17088, 4, 2021/11/28, 13:31:02.520, 5971963593011, testhost.dll, TestExecutionRecorder.RecordResult: Received result for test: Zadatak1.ProdavacTest.TestAktivnosti.
TpTrace Warning: 0 : 17088, 4, 2021/11/28, 13:31:02.520, 5971963595774, testhost.dll, TestRunCache: InProgressTests is null
TpTrace Warning: 0 : 17088, 4, 2021/11/28, 13:31:02.520, 5971963597010, testhost.dll, TestRunCache: No test found corresponding to testResult '' in inProgress list.
TpTrace Verbose: 0 : 17088, 4, 2021/11/28, 13:31:02.520, 5971963598570, testhost.dll, TestExecutionRecorder.RecordStart: Starting test: Zadatak1.ProdavacTest.TestPogresnihPodataka.
TpTrace Information: 0 : 17088, 4, 2021/11/28, 13:31:02.524, 5971963633008, testhost.dll, MSTest - Executing test TestPogresnihPodataka
TpTrace Information: 0 : 17088, 4, 2021/11/28, 13:31:02.525, 5971963649713, testhost.dll, MSTest - Executed test TestPogresnihPodataka
TpTrace Verbose: 0 : 17088, 4, 2021/11/28, 13:31:02.526, 5971963651650, testhost.dll, TestExecutionRecorder.RecordEnd: test: Zadatak1.ProdavacTest.TestPogresnihPodataka execution completed.
TpTrace Verbose: 0 : 17088, 4, 2021/11/28, 13:31:02.540, 5971963792458, testhost.dll, TestExecutionRecorder.RecordResult: Received result for test: Zadatak1.ProdavacTest.TestPogresnihPodataka.
TpTrace Warning: 0 : 17088, 4, 2021/11/28, 13:31:02.540, 5971963794304, testhost.dll, TestRunCache: InProgressTests is null
TpTrace Warning: 0 : 17088, 4, 2021/11/28, 13:31:02.540, 5971963795225, testhost.dll, TestRunCache: No test found corresponding to testResult '' in inProgress list.
TpTrace Verbose: 0 : 17088, 4, 2021/11/28, 13:31:02.540, 5971963796607, testhost.dll, TestExecutionRecorder.RecordStart: Starting test: Zadatak1.ProdavacTest.TestPovecanjaPrometa.
TpTrace Information: 0 : 17088, 4, 2021/11/28, 13:31:02.546, 5971963852399, testhost.dll, MSTest - Executing test TestPovecanjaPrometa
TpTrace Information: 0 : 17088, 4, 2021/11/28, 13:31:02.551, 5971963902614, testhost.dll, MSTest - Executed test TestPovecanjaPrometa
TpTrace Verbose: 0 : 17088, 4, 2021/11/28, 13:31:02.551, 5971963907339, testhost.dll, TestExecutionRecorder.RecordEnd: test: Zadatak1.ProdavacTest.TestPovecanjaPrometa execution completed.
TpTrace Verbose: 0 : 17088, 4, 2021/11/28, 13:31:02.554, 5971963935321, testhost.dll, TestExecutionRecorder.RecordResult: Received result for test: Zadatak1.ProdavacTest.TestPovecanjaPrometa.
TpTrace Warning: 0 : 17088, 4, 2021/11/28, 13:31:02.554, 5971963938568, testhost.dll, TestRunCache: InProgressTests is null
TpTrace Warning: 0 : 17088, 4, 2021/11/28, 13:31:02.554, 5971963939885, testhost.dll, TestRunCache: No test found corresponding to testResult '' in inProgress list.
TpTrace Verbose: 0 : 17088, 4, 2021/11/28, 13:31:02.554, 5971963941164, testhost.dll, TestExecutionRecorder.RecordStart: Starting test: Zadatak1.ProdavacTest.TestNegativnogPrometa.
TpTrace Information: 0 : 17088, 4, 2021/11/28, 13:31:02.558, 5971963972692, testhost.dll, MSTest - Executing test TestNegativnogPrometa
TpTrace Information: 0 : 17088, 4, 2021/11/28, 13:31:02.559, 5971963983336, testhost.dll, MSTest - Executed test TestNegativnogPrometa
TpTrace Verbose: 0 : 17088, 4, 2021/11/28, 13:31:02.559, 5971963985650, testhost.dll, TestExecutionRecorder.RecordEnd: test: Zadatak1.ProdavacTest.TestNegativnogPrometa execution completed.
TpTrace Verbose: 0 : 17088, 4, 2021/11/28, 13:31:02.564, 5971964038892, testhost.dll, TestExecutionRecorder.RecordResult: Received result for test: Zadatak1.ProdavacTest.TestNegativnogPrometa.
TpTrace Warning: 0 : 17088, 4, 2021/11/28, 13:31:02.564, 5971964040870, testhost.dll, TestRunCache: InProgressTests is null
TpTrace Warning: 0 : 17088, 4, 2021/11/28, 13:31:02.565, 5971964041745, testhost.dll, TestRunCache: No test found corresponding to testResult '' in inProgress list.
TpTrace Verbose: 0 : 17088, 4, 2021/11/28, 13:31:02.565, 5971964043411, testhost.dll, TestExecutionRecorder.RecordStart: Starting test: Zadatak1.ZatvoriStandoveTestovi.NemaStandova.
TpTrace Information: 0 : 17088, 4, 2021/11/28, 13:31:02.570, 5971964100127, testhost.dll, MSTest - Executing test NemaStandova
TpTrace Information: 0 : 17088, 4, 2021/11/28, 13:31:02.581, 5971964203558, testhost.dll, MSTest - Executed test NemaStandova
TpTrace Verbose: 0 : 17088, 4, 2021/11/28, 13:31:02.581, 5971964208850, testhost.dll, TestExecutionRecorder.RecordEnd: test: Zadatak1.ZatvoriStandoveTestovi.NemaStandova execution completed.
TpTrace Verbose: 0 : 17088, 4, 2021/11/28, 13:31:02.586, 5971964259860, testhost.dll, TestExecutionRecorder.RecordResult: Received result for test: Zadatak1.ZatvoriStandoveTestovi.NemaStandova.
TpTrace Warning: 0 : 17088, 4, 2021/11/28, 13:31:02.587, 5971964262129, testhost.dll, TestRunCache: InProgressTests is null
TpTrace Warning: 0 : 17088, 4, 2021/11/28, 13:31:02.587, 5971964263341, testhost.dll, TestRunCache: No test found corresponding to testResult '' in inProgress list.
TpTrace Verbose: 0 : 17088, 4, 2021/11/28, 13:31:02.587, 5971964264807, testhost.dll, TestExecutionRecorder.RecordStart: Starting test: Zadatak1.ZatvoriStandoveTestovi.nemaProdavaca.
TpTrace Information: 0 : 17088, 4, 2021/11/28, 13:31:02.590, 5971964297051, testhost.dll, MSTest - Executing test nemaProdavaca
TpTrace Information: 0 : 17088, 4, 2021/11/28, 13:31:02.593, 5971964327242, testhost.dll, MSTest - Executed test nemaProdavaca
TpTrace Verbose: 0 : 17088, 4, 2021/11/28, 13:31:02.593, 5971964330278, testhost.dll, TestExecutionRecorder.RecordEnd: test: Zadatak1.ZatvoriStandoveTestovi.nemaProdavaca execution completed.
TpTrace Verbose: 0 : 17088, 4, 2021/11/28, 13:31:02.598, 5971964378739, testhost.dll, TestExecutionRecorder.RecordResult: Received result for test: Zadatak1.ZatvoriStandoveTestovi.nemaProdavaca.
TpTrace Warning: 0 : 17088, 4, 2021/11/28, 13:31:02.598, 5971964380854, testhost.dll, TestRunCache: InProgressTests is null
TpTrace Warning: 0 : 17088, 4, 2021/11/28, 13:31:02.599, 5971964381870, testhost.dll, TestRunCache: No test found corresponding to testResult '' in inProgress list.
TpTrace Verbose: 0 : 17088, 4, 2021/11/28, 13:31:02.599, 5971964383505, testhost.dll, TestExecutionRecorder.RecordStart: Starting test: Zadatak1.ZatvoriStandoveTestovi.prodavacNeaktivanINemaPara.
TpTrace Information: 0 : 17088, 4, 2021/11/28, 13:31:02.601, 5971964410897, testhost.dll, MSTest - Executing test prodavacNeaktivanINemaPara
TpTrace Information: 0 : 17088, 4, 2021/11/28, 13:31:02.603, 5971964428382, testhost.dll, MSTest - Executed test prodavacNeaktivanINemaPara
TpTrace Verbose: 0 : 17088, 4, 2021/11/28, 13:31:02.603, 5971964431016, testhost.dll, TestExecutionRecorder.RecordEnd: test: Zadatak1.ZatvoriStandoveTestovi.prodavacNeaktivanINemaPara execution completed.
TpTrace Verbose: 0 : 17088, 4, 2021/11/28, 13:31:02.607, 5971964465384, testhost.dll, TestExecutionRecorder.RecordResult: Received result for test: Zadatak1.ZatvoriStandoveTestovi.prodavacNeaktivanINemaPara.
TpTrace Warning: 0 : 17088, 4, 2021/11/28, 13:31:02.607, 5971964466915, testhost.dll, TestRunCache: InProgressTests is null
TpTrace Warning: 0 : 17088, 4, 2021/11/28, 13:31:02.607, 5971964467605, testhost.dll, TestRunCache: No test found corresponding to testResult '' in inProgress list.
TpTrace Verbose: 0 : 17088, 4, 2021/11/28, 13:31:02.607, 5971964468794, testhost.dll, TestExecutionRecorder.RecordStart: Starting test: Zadatak1.ZatvoriStandoveTestovi.prodavacNeaktivanAliImaPara.
TpTrace Information: 0 : 17088, 4, 2021/11/28, 13:31:02.611, 5971964505304, testhost.dll, MSTest - Executing test prodavacNeaktivanAliImaPara
TpTrace Information: 0 : 17088, 4, 2021/11/28, 13:31:02.614, 5971964537517, testhost.dll, MSTest - Executed test prodavacNeaktivanAliImaPara
TpTrace Verbose: 0 : 17088, 4, 2021/11/28, 13:31:02.614, 5971964540101, testhost.dll, TestExecutionRecorder.RecordEnd: test: Zadatak1.ZatvoriStandoveTestovi.prodavacNeaktivanAliImaPara execution completed.
TpTrace Verbose: 0 : 17088, 4, 2021/11/28, 13:31:02.618, 5971964580825, testhost.dll, TestExecutionRecorder.RecordResult: Received result for test: Zadatak1.ZatvoriStandoveTestovi.prodavacNeaktivanAliImaPara.
TpTrace Warning: 0 : 17088, 4, 2021/11/28, 13:31:02.619, 5971964583483, testhost.dll, TestRunCache: InProgressTests is null
TpTrace Warning: 0 : 17088, 4, 2021/11/28, 13:31:02.619, 5971964585041, testhost.dll, TestRunCache: No test found corresponding to testResult '' in inProgress list.
TpTrace Verbose: 0 : 17088, 4, 2021/11/28, 13:31:02.619, 5971964587123, testhost.dll, TestExecutionRecorder.RecordStart: Starting test: Zadatak1.ZatvoriStandoveTestovi.prodavacImaParaAliIstekaoZakup.
TpTrace Information: 0 : 17088, 4, 2021/11/28, 13:31:02.622, 5971964618331, testhost.dll, Sending test run statistics
TpTrace Verbose: 0 : 17088, 4, 2021/11/28, 13:31:02.721, 5971965603729, testhost.dll, TestRequestHandler.SendData:  sending data from testhost: {"Version":5,"MessageType":"TestExecution.StatsChange","Payload":{"NewTestResults":[{"TestCase":{"Id":"6b10294d-693c-8bde-94d8-97ba1474c65a","FullyQualifiedName":"Zadatak1.ProdavacTest.TestPogresnaSifra","DisplayName":"TestPogresnaSifra","ExecutorUri":"executor://MSTestAdapter/v2","Source":"C:\\Users\\Armin\\Documents\\GitHub\\Grupa-3-Verifikovani-i-Validirani-Softverasi\\Pijaca\\Zadatak1\\bin\\Debug\\net5.0\\fine-code-coverage\\build-output\\Zadatak1.dll","CodeFilePath":null,"LineNumber":-1,"Properties":[{"Key":{"Id":"TestCase.ManagedType","Label":"ManagedType","Category":"","Description":"","Attributes":1,"ValueType":"System.String"},"Value":"Zadatak1.ProdavacTest"},{"Key":{"Id":"TestCase.ManagedMethod","Label":"ManagedMethod","Category":"","Description":"","Attributes":1,"ValueType":"System.String"},"Value":"TestPogresnaSifra"},{"Key":{"Id":"MSTestDiscoverer.TestClassName","Label":"ClassName","Category":"","Description":"","Attributes":1,"ValueType":"System.String"},"Value":"Zadatak1.ProdavacTest"},{"Key":{"Id":"TestObject.Traits","Label":"Traits","Category":"","Description":"","Attributes":5,"ValueType":"System.Collections.Generic.KeyValuePair`2[[System.String],[System.String]][]"},"Value":[]}]},"Attachments":[],"Outcome":1,"ErrorMessage":null,"ErrorStackTrace":null,"DisplayName":null,"Messages":[],"ComputerName":null,"Duration":"00:00:00.0214483","StartTime":"2021-11-28T13:31:02.302479+01:00","EndTime":"2021-11-28T13:31:02.3953658+01:00","Properties":[{"Key":{"Id":"ExecutionId","Label":"ExecutionId","Category":"","Description":"","Attributes":1,"ValueType":"System.Guid"},"Value":"00000000-0000-0000-0000-000000000000"},{"Key":{"Id":"ParentExecId","Label":"ParentExecId","Category":"","Description":"","Attributes":1,"ValueType":"System.Guid"},"Value":"00000000-0000-0000-0000-000000000000"},{"Key":{"Id":"InnerResultsCount","Label":"InnerResultsCount","Category":"","Description":"","Attributes":1,"ValueType":"System.Int32"},"Value":0}]},{"TestCase":{"Id":"03d44b12-18f4-0cbe-1c33-4094b2186c06","FullyQualifiedName":"Zadatak1.ProdavacTest.TestAktivnosti","DisplayName":"TestAktivnosti","ExecutorUri":"executor://MSTestAdapter/v2","Source":"C:\\Users\\Armin\\Documents\\GitHub\\Grupa-3-Verifikovani-i-Validirani-Softverasi\\Pijaca\\Zadatak1\\bin\\Debug\\net5.0\\fine-code-coverage\\build-output\\Zadatak1.dll","CodeFilePath":null,"LineNumber":-1,"Properties":[{"Key":{"Id":"TestCase.ManagedType","Label":"ManagedType","Category":"","Description":"","Attributes":1,"ValueType":"System.String"},"Value":"Zadatak1.ProdavacTest"},{"Key":{"Id":"TestCase.ManagedMethod","Label":"ManagedMethod","Category":"","Description":"","Attributes":1,"ValueType":"System.String"},"Value":"TestAktivnosti"},{"Key":{"Id":"MSTestDiscoverer.TestClassName","Label":"ClassName","Category":"","Description":"","Attributes":1,"ValueType":"System.String"},"Value":"Zadatak1.ProdavacTest"},{"Key":{"Id":"TestObject.Traits","Label":"Traits","Category":"","Description":"","Attributes":5,"ValueType":"System.Collections.Generic.KeyValuePair`2[[System.String],[System.String]][]"},"Value":[]}]},"Attachments":[],"Outcome":1,"ErrorMessage":null,"ErrorStackTrace":null,"DisplayName":null,"Messages":[],"ComputerName":null,"Duration":"00:00:00.0030211","StartTime":"2021-11-28T13:31:02.5099428+01:00","EndTime":"2021-11-28T13:31:02.5142964+01:00","Properties":[{"Key":{"Id":"ExecutionId","Label":"ExecutionId","Category":"","Description":"","Attributes":1,"ValueType":"System.Guid"},"Value":"00000000-0000-0000-0000-000000000000"},{"Key":{"Id":"ParentExecId","Label":"ParentExecId","Category":"","Description":"","Attributes":1,"ValueType":"System.Guid"},"Value":"00000000-0000-0000-0000-000000000000"},{"Key":{"Id":"InnerResultsCount","Label":"InnerResultsCount","Category":"","Description":"","Attributes":1,"ValueType":"System.Int32"},"Value":0}]},{"TestCase":{"Id":"c0b925a7-8cbd-7c38-aa41-59795ea98c0e","FullyQualifiedName":"Zadatak1.ProdavacTest.TestPogresnihPodataka","DisplayName":"TestPogresnihPodataka","ExecutorUri":"executor://MSTestAdapter/v2","Source":"C:\\Users\\Armin\\Documents\\GitHub\\Grupa-3-Verifikovani-i-Validirani-Softverasi\\Pijaca\\Zadatak1\\bin\\Debug\\net5.0\\fine-code-coverage\\build-output\\Zadatak1.dll","CodeFilePath":null,"LineNumber":-1,"Properties":[{"Key":{"Id":"TestCase.ManagedType","Label":"ManagedType","Category":"","Description":"","Attributes":1,"ValueType":"System.String"},"Value":"Zadatak1.ProdavacTest"},{"Key":{"Id":"TestCase.ManagedMethod","Label":"ManagedMethod","Category":"","Description":"","Attributes":1,"ValueType":"System.String"},"Value":"TestPogresnihPodataka"},{"Key":{"Id":"MSTestDiscoverer.TestClassName","Label":"ClassName","Category":"","Description":"","Attributes":1,"ValueType":"System.String"},"Value":"Zadatak1.ProdavacTest"},{"Key":{"Id":"TestObject.Traits","Label":"Traits","Category":"","Description":"","Attributes":5,"ValueType":"System.Collections.Generic.KeyValuePair`2[[System.String],[System.String]][]"},"Value":[]}]},"Attachments":[],"Outcome":1,"ErrorMessage":null,"ErrorStackTrace":null,"DisplayName":null,"Messages":[],"ComputerName":null,"Duration":"00:00:00.0010787","StartTime":"2021-11-28T13:31:02.5241172+01:00","EndTime":"2021-11-28T13:31:02.5259823+01:00","Properties":[{"Key":{"Id":"ExecutionId","Label":"ExecutionId","Category":"","Description":"","Attributes":1,"ValueType":"System.Guid"},"Value":"00000000-0000-0000-0000-000000000000"},{"Key":{"Id":"ParentExecId","Label":"ParentExecId","Category":"","Description":"","Attributes":1,"ValueType":"System.Guid"},"Value":"00000000-0000-0000-0000-000000000000"},{"Key":{"Id":"InnerResultsCount","Label":"InnerResultsCount","Category":"","Description":"","Attributes":1,"ValueType":"System.Int32"},"Value":0}]},{"TestCase":{"Id":"e24cc8fb-745b-e81c-73f9-2fc994551ca5","FullyQualifiedName":"Zadatak1.ProdavacTest.TestPovecanjaPrometa","DisplayName":"TestPovecanjaPrometa","ExecutorUri":"executor://MSTestAdapter/v2","Source":"C:\\Users\\Armin\\Documents\\GitHub\\Grupa-3-Verifikovani-i-Validirani-Softverasi\\Pijaca\\Zadatak1\\bin\\Debug\\net5.0\\fine-code-coverage\\build-output\\Zadatak1.dll","CodeFilePath":null,"LineNumber":-1,"Properties":[{"Key":{"Id":"TestCase.ManagedType","Label":"ManagedType","Category":"","Description":"","Attributes":1,"ValueType":"System.String"},"Value":"Zadatak1.ProdavacTest"},{"Key":{"Id":"TestCase.ManagedMethod","Label":"ManagedMethod","Category":"","Description":"","Attributes":1,"ValueType":"System.String"},"Value":"TestPovecanjaPrometa"},{"Key":{"Id":"MSTestDiscoverer.TestClassName","Label":"ClassName","Category":"","Description":"","Attributes":1,"ValueType":"System.String"},"Value":"Zadatak1.ProdavacTest"},{"Key":{"Id":"TestObject.Traits","Label":"Traits","Category":"","Description":"","Attributes":5,"ValueType":"System.Collections.Generic.KeyValuePair`2[[System.String],[System.String]][]"},"Value":[]}]},"Attachments":[],"Outcome":1,"ErrorMessage":null,"ErrorStackTrace":null,"DisplayName":null,"Messages":[],"ComputerName":null,"Duration":"00:00:00.0032037","StartTime":"2021-11-28T13:31:02.5459738+01:00","EndTime":"2021-11-28T13:31:02.5515067+01:00","Properties":[{"Key":{"Id":"ExecutionId","Label":"ExecutionId","Category":"","Description":"","Attributes":1,"ValueType":"System.Guid"},"Value":"00000000-0000-0000-0000-000000000000"},{"Key":{"Id":"ParentExecId","Label":"ParentExecId","Category":"","Description":"","Attributes":1,"ValueType":"System.Guid"},"Value":"00000000-0000-0000-0000-000000000000"},{"Key":{"Id":"InnerResultsCount","Label":"InnerResultsCount","Category":"","Description":"","Attributes":1,"ValueType":"System.Int32"},"Value":0}]},{"TestCase":{"Id":"e1e62ecb-27da-a0d2-0bac-6daf339d1ad6","FullyQualifiedName":"Zadatak1.ProdavacTest.TestNegativnogPrometa","DisplayName":"TestNegativnogPrometa","ExecutorUri":"executor://MSTestAdapter/v2","Source":"C:\\Users\\Armin\\Documents\\GitHub\\Grupa-3-Verifikovani-i-Validirani-Softverasi\\Pijaca\\Zadatak1\\bin\\Debug\\net5.0\\fine-code-coverage\\build-output\\Zadatak1.dll","CodeFilePath":null,"LineNumber":-1,"Properties":[{"Key":{"Id":"TestCase.ManagedType","Label":"ManagedType","Category":"","Description":"","Attributes":1,"ValueType":"System.String"},"Value":"Zadatak1.ProdavacTest"},{"Key":{"Id":"TestCase.ManagedMethod","Label":"ManagedMethod","Category":"","Description":"","Attributes":1,"ValueType":"System.String"},"Value":"TestNegativnogPrometa"},{"Key":{"Id":"MSTestDiscoverer.TestClassName","Label":"ClassName","Category":"","Description":"","Attributes":1,"ValueType":"System.String"},"Value":"Zadatak1.ProdavacTest"},{"Key":{"Id":"TestObject.Traits","Label":"Traits","Category":"","Description":"","Attributes":5,"ValueType":"System.Collections.Generic.KeyValuePair`2[[System.String],[System.String]][]"},"Value":[]}]},"Attachments":[],"Outcome":1,"ErrorMessage":null,"ErrorStackTrace":null,"DisplayName":null,"Messages":[],"ComputerName":null,"Duration":"00:00:00.0005090","StartTime":"2021-11-28T13:31:02.5580961+01:00","EndTime":"2021-11-28T13:31:02.5593761+01:00","Properties":[{"Key":{"Id":"ExecutionId","Label":"ExecutionId","Category":"","Description":"","Attributes":1,"ValueType":"System.Guid"},"Value":"00000000-0000-0000-0000-000000000000"},{"Key":{"Id":"ParentExecId","Label":"ParentExecId","Category":"","Description":"","Attributes":1,"ValueType":"System.Guid"},"Value":"00000000-0000-0000-0000-000000000000"},{"Key":{"Id":"InnerResultsCount","Label":"InnerResultsCount","Category":"","Description":"","Attributes":1,"ValueType":"System.Int32"},"Value":0}]},{"TestCase":{"Id":"a8c61c13-c118-f60b-ef21-581a039281e6","FullyQualifiedName":"Zadatak1.ZatvoriStandoveTestovi.NemaStandova","DisplayName":"NemaStandova","ExecutorUri":"executor://MSTestAdapter/v2","Source":"C:\\Users\\Armin\\Documents\\GitHub\\Grupa-3-Verifikovani-i-Validirani-Softverasi\\Pijaca\\Zadatak1\\bin\\Debug\\net5.0\\fine-code-coverage\\build-output\\Zadatak1.dll","CodeFilePath":null,"LineNumber":-1,"Properties":[{"Key":{"Id":"TestCase.ManagedType","Label":"ManagedType","Category":"","Description":"","Attributes":1,"ValueType":"System.String"},"Value":"Zadatak1.ZatvoriStandoveTestovi"},{"Key":{"Id":"TestCase.ManagedMethod","Label":"ManagedMethod","Category":"","Description":"","Attributes":1,"ValueType":"System.String"},"Value":"NemaStandova"},{"Key":{"Id":"MSTestDiscoverer.TestClassName","Label":"ClassName","Category":"","Description":"","Attributes":1,"ValueType":"System.String"},"Value":"Zadatak1.ZatvoriStandoveTestovi"},{"Key":{"Id":"TestObject.Traits","Label":"Traits","Category":"","Description":"","Attributes":5,"ValueType":"System.Collections.Generic.KeyValuePair`2[[System.String],[System.String]][]"},"Value":[]}]},"Attachments":[],"Outcome":1,"ErrorMessage":null,"ErrorStackTrace":null,"DisplayName":null,"Messages":[],"ComputerName":null,"Duration":"00:00:00.0094801","StartTime":"2021-11-28T13:31:02.5708315+01:00","EndTime":"2021-11-28T13:31:02.5815226+01:00","Properties":[{"Key":{"Id":"ExecutionId","Label":"ExecutionId","Category":"","Description":"","Attributes":1,"ValueType":"System.Guid"},"Value":"00000000-0000-0000-0000-000000000000"},{"Key":{"Id":"ParentExecId","Label":"ParentExecId","Category":"","Description":"","Attributes":1,"ValueType":"System.Guid"},"Value":"00000000-0000-0000-0000-000000000000"},{"Key":{"Id":"InnerResultsCount","Label":"InnerResultsCount","Category":"","Description":"","Attributes":1,"ValueType":"System.Int32"},"Value":0}]},{"TestCase":{"Id":"9eac1e30-1799-5f19-b585-91562a28e9c7","FullyQualifiedName":"Zadatak1.ZatvoriStandoveTestovi.nemaProdavaca","DisplayName":"nemaProdavaca","ExecutorUri":"executor://MSTestAdapter/v2","Source":"C:\\Users\\Armin\\Documents\\GitHub\\Grupa-3-Verifikovani-i-Validirani-Softverasi\\Pijaca\\Zadatak1\\bin\\Debug\\net5.0\\fine-code-coverage\\build-output\\Zadatak1.dll","CodeFilePath":null,"LineNumber":-1,"Properties":[{"Key":{"Id":"TestCase.ManagedType","Label":"ManagedType","Category":"","Description":"","Attributes":1,"ValueType":"System.String"},"Value":"Zadatak1.ZatvoriStandoveTestovi"},{"Key":{"Id":"TestCase.ManagedMethod","Label":"ManagedMethod","Category":"","Description":"","Attributes":1,"ValueType":"System.String"},"Value":"nemaProdavaca"},{"Key":{"Id":"MSTestDiscoverer.TestClassName","Label":"ClassName","Category":"","Description":"","Attributes":1,"ValueType":"System.String"},"Value":"Zadatak1.ZatvoriStandoveTestovi"},{"Key":{"Id":"TestObject.Traits","Label":"Traits","Category":"","Description":"","Attributes":5,"ValueType":"System.Collections.Generic.KeyValuePair`2[[System.String],[System.String]][]"},"Value":[]}]},"Attachments":[],"Outcome":1,"ErrorMessage":null,"ErrorStackTrace":null,"DisplayName":null,"Messages":[],"ComputerName":null,"Duration":"00:00:00.0024667","StartTime":"2021-11-28T13:31:02.5905288+01:00","EndTime":"2021-11-28T13:31:02.5938217+01:00","Properties":[{"Key":{"Id":"ExecutionId","Label":"ExecutionId","Category":"","Description":"","Attributes":1,"ValueType":"System.Guid"},"Value":"00000000-0000-0000-0000-000000000000"},{"Key":{"Id":"ParentExecId","Label":"ParentExecId","Category":"","Description":"","Attributes":1,"ValueType":"System.Guid"},"Value":"00000000-0000-0000-0000-000000000000"},{"Key":{"Id":"InnerResultsCount","Label":"InnerResultsCount","Category":"","Description":"","Attributes":1,"ValueType":"System.Int32"},"Value":0}]},{"TestCase":{"Id":"3ea1e50e-a2bb-2f55-f6cf-8f9d6b17d3c0","FullyQualifiedName":"Zadatak1.ZatvoriStandoveTestovi.prodavacNeaktivanINemaPara","DisplayName":"prodavacNeaktivanINemaPara","ExecutorUri":"executor://MSTestAdapter/v2","Source":"C:\\Users\\Armin\\Documents\\GitHub\\Grupa-3-Verifikovani-i-Validirani-Softverasi\\Pijaca\\Zadatak1\\bin\\Debug\\net5.0\\fine-code-coverage\\build-output\\Zadatak1.dll","CodeFilePath":null,"LineNumber":-1,"Properties":[{"Key":{"Id":"TestCase.ManagedType","Label":"ManagedType","Category":"","Description":"","Attributes":1,"ValueType":"System.String"},"Value":"Zadatak1.ZatvoriStandoveTestovi"},{"Key":{"Id":"TestCase.ManagedMethod","Label":"ManagedMethod","Category":"","Description":"","Attributes":1,"ValueType":"System.String"},"Value":"prodavacNeaktivanINemaPara"},{"Key":{"Id":"MSTestDiscoverer.TestClassName","Label":"ClassName","Category":"","Description":"","Attributes":1,"ValueType":"System.String"},"Value":"Zadatak1.ZatvoriStandoveTestovi"},{"Key":{"Id":"TestObject.Traits","Label":"Traits","Category":"","Description":"","Attributes":5,"ValueType":"System.Collections.Generic.KeyValuePair`2[[System.String],[System.String]][]"},"Value":[]}]},"Attachments":[],"Outcome":1,"ErrorMessage":null,"ErrorStackTrace":null,"DisplayName":null,"Messages":[],"ComputerName":null,"Duration":"00:00:00.0012617","StartTime":"2021-11-28T13:31:02.6019022+01:00","EndTime":"2021-11-28T13:31:02.6038946+01:00","Properties":[{"Key":{"Id":"ExecutionId","Label":"ExecutionId","Category":"","Description":"","Attributes":1,"ValueType":"System.Guid"},"Value":"00000000-0000-0000-0000-000000000000"},{"Key":{"Id":"ParentExecId","Label":"ParentExecId","Category":"","Description":"","Attributes":1,"ValueType":"System.Guid"},"Value":"00000000-0000-0000-0000-000000000000"},{"Key":{"Id":"InnerResultsCount","Label":"InnerResultsCount","Category":"","Description":"","Attributes":1,"ValueType":"System.Int32"},"Value":0}]},{"TestCase":{"Id":"6b9b088f-93b2-6e53-34ec-9d7ea7e9e9d8","FullyQualifiedName":"Zadatak1.ZatvoriStandoveTestovi.prodavacNeaktivanAliImaPara","DisplayName":"prodavacNeaktivanAliImaPara","ExecutorUri":"executor://MSTestAdapter/v2","Source":"C:\\Users\\Armin\\Documents\\GitHub\\Grupa-3-Verifikovani-i-Validirani-Softverasi\\Pijaca\\Zadatak1\\bin\\Debug\\net5.0\\fine-code-coverage\\build-output\\Zadatak1.dll","CodeFilePath":null,"LineNumber":-1,"Properties":[{"Key":{"Id":"TestCase.ManagedType","Label":"ManagedType","Category":"","Description":"","Attributes":1,"ValueType":"System.String"},"Value":"Zadatak1.ZatvoriStandoveTestovi"},{"Key":{"Id":"TestCase.ManagedMethod","Label":"ManagedMethod","Category":"","Description":"","Attributes":1,"ValueType":"System.String"},"Value":"prodavacNeaktivanAliImaPara"},{"Key":{"Id":"MSTestDiscoverer.TestClassName","Label":"ClassName","Category":"","Description":"","Attributes":1,"ValueType":"System.String"},"Value":"Zadatak1.ZatvoriStandoveTestovi"},{"Key":{"Id":"TestObject.Traits","Label":"Traits","Category":"","Description":"","Attributes":5,"ValueType":"System.Collections.Generic.KeyValuePair`2[[System.String],[System.String]][]"},"Value":[]}]},"Attachments":[],"Outcome":1,"ErrorMessage":null,"ErrorStackTrace":null,"DisplayName":null,"Messages":[],"ComputerName":null,"Duration":"00:00:00.0018781","StartTime":"2021-11-28T13:31:02.6113044+01:00","EndTime":"2021-11-28T13:31:02.614821+01:00","Properties":[{"Key":{"Id":"ExecutionId","Label":"ExecutionId","Category":"","Description":"","Attributes":1,"ValueType":"System.Guid"},"Value":"00000000-0000-0000-0000-000000000000"},{"Key":{"Id":"ParentExecId","Label":"ParentExecId","Category":"","Description":"","Attributes":1,"ValueType":"System.Guid"},"Value":"00000000-0000-0000-0000-000000000000"},{"Key":{"Id":"InnerResultsCount","Label":"InnerResultsCount","Category":"","Description":"","Attributes":1,"ValueType":"System.Int32"},"Value":0}]}],"TestRunStatistics":{"ExecutedTests":9,"Stats":{"Passed":9}},"ActiveTests":[{"Id":"1a227832-5551-7933-99cc-71f9a09dd9a3","FullyQualifiedName":"Zadatak1.ZatvoriStandoveTestovi.prodavacImaParaAliIstekaoZakup","DisplayName":"prodavacImaParaAliIstekaoZakup","ExecutorUri":"executor://MSTestAdapter/v2","Source":"C:\\Users\\Armin\\Documents\\GitHub\\Grupa-3-Verifikovani-i-Validirani-Softverasi\\Pijaca\\Zadatak1\\bin\\Debug\\net5.0\\fine-code-coverage\\build-output\\Zadatak1.dll","CodeFilePath":null,"LineNumber":-1,"Properties":[{"Key":{"Id":"TestCase.ManagedType","Label":"ManagedType","Category":"","Description":"","Attributes":1,"ValueType":"System.String"},"Value":"Zadatak1.ZatvoriStandoveTestovi"},{"Key":{"Id":"TestCase.ManagedMethod","Label":"ManagedMethod","Category":"","Description":"","Attributes":1,"ValueType":"System.String"},"Value":"prodavacImaParaAliIstekaoZakup"},{"Key":{"Id":"MSTestDiscoverer.TestClassName","Label":"ClassName","Category":"","Description":"","Attributes":1,"ValueType":"System.String"},"Value":"Zadatak1.ZatvoriStandoveTestovi"},{"Key":{"Id":"TestObject.Traits","Label":"Traits","Category":"","Description":"","Attributes":5,"ValueType":"System.Collections.Generic.KeyValuePair`2[[System.String],[System.String]][]"},"Value":[]}]}]}}
TpTrace Verbose: 0 : 17088, 4, 2021/11/28, 13:31:02.724, 5971965632536, testhost.dll, TestRunCache: OnNewTestResult: Notified the onCacheHit callback.
TpTrace Information: 0 : 17088, 4, 2021/11/28, 13:31:02.730, 5971965697611, testhost.dll, MSTest - Executing test prodavacImaParaAliIstekaoZakup
TpTrace Information: 0 : 17088, 4, 2021/11/28, 13:31:02.733, 5971965725545, testhost.dll, MSTest - Executed test prodavacImaParaAliIstekaoZakup
TpTrace Verbose: 0 : 17088, 4, 2021/11/28, 13:31:02.733, 5971965727602, testhost.dll, TestExecutionRecorder.RecordEnd: test: Zadatak1.ZatvoriStandoveTestovi.prodavacImaParaAliIstekaoZakup execution completed.
TpTrace Warning: 0 : 17088, 4, 2021/11/28, 13:31:02.733, 5971965728811, testhost.dll, TestRunCache: InProgressTests is null
TpTrace Verbose: 0 : 17088, 4, 2021/11/28, 13:31:02.737, 5971965762041, testhost.dll, TestExecutionRecorder.RecordResult: Received result for test: Zadatak1.ZatvoriStandoveTestovi.prodavacImaParaAliIstekaoZakup.
TpTrace Warning: 0 : 17088, 4, 2021/11/28, 13:31:02.737, 5971965765202, testhost.dll, TestRunCache: InProgressTests is null
TpTrace Warning: 0 : 17088, 4, 2021/11/28, 13:31:02.737, 5971965766015, testhost.dll, TestRunCache: No test found corresponding to testResult '' in inProgress list.
TpTrace Verbose: 0 : 17088, 4, 2021/11/28, 13:31:02.737, 5971965767522, testhost.dll, TestExecutionRecorder.RecordStart: Starting test: Zadatak1.ProizvodTest.test1GenerisanjaSifreDomaci.
TpTrace Information: 0 : 17088, 4, 2021/11/28, 13:31:02.740, 5971965795944, testhost.dll, MSTest - Executing test test1GenerisanjaSifreDomaci
TpTrace Information: 0 : 17088, 4, 2021/11/28, 13:31:02.750, 5971965893564, testhost.dll, AssemblyResolver.OnResolve: Microsoft.VisualStudio.TestPlatform.TestFramework.resources: Resolving assembly.
TpTrace Information: 0 : 17088, 4, 2021/11/28, 13:31:02.750, 5971965898510, testhost.dll, AssemblyResolver.OnResolve: Microsoft.VisualStudio.TestPlatform.TestFramework.resources: Failed to load assembly.
TpTrace Information: 0 : 17088, 4, 2021/11/28, 13:31:02.815, 5971966550846, testhost.dll, MSTest - Executed test test1GenerisanjaSifreDomaci
TpTrace Verbose: 0 : 17088, 4, 2021/11/28, 13:31:02.819, 5971966588672, testhost.dll, TestExecutionRecorder.RecordEnd: test: Zadatak1.ProizvodTest.test1GenerisanjaSifreDomaci execution completed.
TpTrace Information: 0 : 17088, 4, 2021/11/28, 13:31:02.822, 5971966616237, testhost.dll, MSTest - MSTestExecutor:Test Zadatak1.ProizvodTest.test1GenerisanjaSifreDomaci failed. ErrorMessage:Assert.AreEqual failed. Expected:<4>. Actual:<9>. , ErrorStackTrace:   at Zadatak1.ProizvodTest.test1GenerisanjaSifreDomaci() in C:\Users\Armin\Documents\GitHub\Grupa-3-Verifikovani-i-Validirani-Softverasi\Pijaca\Zadatak1\UnitTest3.cs:line 35
.
TpTrace Verbose: 0 : 17088, 4, 2021/11/28, 13:31:02.822, 5971966617731, testhost.dll, TestExecutionRecorder.RecordResult: Received result for test: Zadatak1.ProizvodTest.test1GenerisanjaSifreDomaci.
TpTrace Warning: 0 : 17088, 4, 2021/11/28, 13:31:02.822, 5971966619034, testhost.dll, TestRunCache: InProgressTests is null
TpTrace Warning: 0 : 17088, 4, 2021/11/28, 13:31:02.822, 5971966619905, testhost.dll, TestRunCache: No test found corresponding to testResult '' in inProgress list.
TpTrace Verbose: 0 : 17088, 4, 2021/11/28, 13:31:02.822, 5971966621372, testhost.dll, TestExecutionRecorder.RecordStart: Starting test: Zadatak1.ProizvodTest.test2GenerisanjaSifreStrani.
TpTrace Information: 0 : 17088, 4, 2021/11/28, 13:31:02.825, 5971966643328, testhost.dll, MSTest - Executing test test2GenerisanjaSifreStrani
TpTrace Information: 0 : 17088, 4, 2021/11/28, 13:31:02.830, 5971966701623, testhost.dll, MSTest - Executed test test2GenerisanjaSifreStrani
TpTrace Verbose: 0 : 17088, 4, 2021/11/28, 13:31:02.832, 5971966720172, testhost.dll, TestExecutionRecorder.RecordEnd: test: Zadatak1.ProizvodTest.test2GenerisanjaSifreStrani execution completed.
TpTrace Information: 0 : 17088, 4, 2021/11/28, 13:31:02.836, 5971966753431, testhost.dll, MSTest - MSTestExecutor:Test Zadatak1.ProizvodTest.test2GenerisanjaSifreStrani failed. ErrorMessage:Assert.AreEqual failed. Expected:<2>. Actual:<4>. , ErrorStackTrace:   at Zadatak1.ProizvodTest.test2GenerisanjaSifreStrani() in C:\Users\Armin\Documents\GitHub\Grupa-3-Verifikovani-i-Validirani-Softverasi\Pijaca\Zadatak1\UnitTest3.cs:line 55
.
TpTrace Verbose: 0 : 17088, 4, 2021/11/28, 13:31:02.836, 5971966755205, testhost.dll, TestExecutionRecorder.RecordResult: Received result for test: Zadatak1.ProizvodTest.test2GenerisanjaSifreStrani.
TpTrace Warning: 0 : 17088, 4, 2021/11/28, 13:31:02.836, 5971966756872, testhost.dll, TestRunCache: InProgressTests is null
TpTrace Warning: 0 : 17088, 4, 2021/11/28, 13:31:02.836, 5971966757776, testhost.dll, TestRunCache: No test found corresponding to testResult '' in inProgress list.
TpTrace Verbose: 0 : 17088, 4, 2021/11/28, 13:31:02.836, 5971966759404, testhost.dll, TestExecutionRecorder.RecordStart: Starting test: Zadatak1.ProizvodTest.test3BrojacSePovecava.
TpTrace Information: 0 : 17088, 4, 2021/11/28, 13:31:02.839, 5971966782116, testhost.dll, MSTest - Executing test test3BrojacSePovecava
TpTrace Information: 0 : 17088, 4, 2021/11/28, 13:31:02.840, 5971966800933, testhost.dll, MSTest - Executed test test3BrojacSePovecava
TpTrace Verbose: 0 : 17088, 4, 2021/11/28, 13:31:02.841, 5971966802863, testhost.dll, TestExecutionRecorder.RecordEnd: test: Zadatak1.ProizvodTest.test3BrojacSePovecava execution completed.
TpTrace Information: 0 : 17088, 4, 2021/11/28, 13:31:02.845, 5971966847119, testhost.dll, MSTest - MSTestExecutor:Test Zadatak1.ProizvodTest.test3BrojacSePovecava failed. ErrorMessage:Assert.AreEqual failed. Expected:<0>. Actual:<1>. , ErrorStackTrace:   at Zadatak1.ProizvodTest.test3BrojacSePovecava() in C:\Users\Armin\Documents\GitHub\Grupa-3-Verifikovani-i-Validirani-Softverasi\Pijaca\Zadatak1\UnitTest3.cs:line 69
.
TpTrace Verbose: 0 : 17088, 4, 2021/11/28, 13:31:02.845, 5971966850018, testhost.dll, TestExecutionRecorder.RecordResult: Received result for test: Zadatak1.ProizvodTest.test3BrojacSePovecava.
TpTrace Warning: 0 : 17088, 4, 2021/11/28, 13:31:02.846, 5971966853816, testhost.dll, TestRunCache: InProgressTests is null
TpTrace Verbose: 0 : 17088, 6, 2021/11/28, 13:31:02.846, 5971966857149, testhost.dll, TcpClientExtensions.MessageLoopAsync: Polling on remoteEndPoint: [::ffff:127.0.0.1]:51780 localEndPoint: [::ffff:127.0.0.1]:51781
TpTrace Warning: 0 : 17088, 4, 2021/11/28, 13:31:02.846, 5971966861385, testhost.dll, TestRunCache: No test found corresponding to testResult '' in inProgress list.
TpTrace Verbose: 0 : 17088, 4, 2021/11/28, 13:31:02.848, 5971966872095, testhost.dll, TestExecutionRecorder.RecordStart: Starting test: Zadatak1.ProizvodTest.test4VracaSeKaoRezultatFunkcije.
TpTrace Information: 0 : 17088, 4, 2021/11/28, 13:31:02.853, 5971966921941, testhost.dll, MSTest - Executing test test4VracaSeKaoRezultatFunkcije
TpTrace Information: 0 : 17088, 4, 2021/11/28, 13:31:02.853, 5971966931428, testhost.dll, MSTest - Executed test test4VracaSeKaoRezultatFunkcije
TpTrace Verbose: 0 : 17088, 4, 2021/11/28, 13:31:02.854, 5971966933446, testhost.dll, TestExecutionRecorder.RecordEnd: test: Zadatak1.ProizvodTest.test4VracaSeKaoRezultatFunkcije execution completed.
TpTrace Verbose: 0 : 17088, 4, 2021/11/28, 13:31:02.857, 5971966966298, testhost.dll, TestExecutionRecorder.RecordResult: Received result for test: Zadatak1.ProizvodTest.test4VracaSeKaoRezultatFunkcije.
TpTrace Warning: 0 : 17088, 4, 2021/11/28, 13:31:02.857, 5971966968819, testhost.dll, TestRunCache: InProgressTests is null
TpTrace Warning: 0 : 17088, 4, 2021/11/28, 13:31:02.858, 5971966972362, testhost.dll, TestRunCache: No test found corresponding to testResult '' in inProgress list.
TpTrace Information: 0 : 17088, 4, 2021/11/28, 13:31:02.858, 5971966980281, testhost.dll, MSTest - Executing cleanup methods.
TpTrace Information: 0 : 17088, 4, 2021/11/28, 13:31:02.865, 5971967051575, testhost.dll, MSTest - Executed cleanup methods.
TpTrace Information: 0 : 17088, 4, 2021/11/28, 13:31:02.866, 5971967057812, testhost.dll, MSTest - Executed tests belonging to source C:\Users\Armin\Documents\GitHub\Grupa-3-Verifikovani-i-Validirani-Softverasi\Pijaca\Zadatak1\bin\Debug\net5.0\fine-code-coverage\build-output\Zadatak1.dll
TpTrace Verbose: 0 : 17088, 4, 2021/11/28, 13:31:02.868, 5971967080764, testhost.dll, BaseRunTests.RunTestInternalWithExecutors: Completed running tests for executor://MSTestAdapter/v2
TpTrace Information: 0 : 17088, 4, 2021/11/28, 13:31:02.874, 5971967131865, testhost.dll, Sending test run complete
TpTrace Verbose: 0 : 17088, 4, 2021/11/28, 13:31:02.935, 5971967748266, testhost.dll, TestRequestHandler.SendData:  sending data from testhost: {"Version":5,"MessageType":"TestExecution.Completed","Payload":{"TestRunCompleteArgs":{"TestRunStatistics":{"ExecutedTests":14,"Stats":{"Passed":11,"Failed":3}},"IsCanceled":false,"IsAborted":false,"Error":null,"AttachmentSets":[],"ElapsedTimeInRunningTests":"00:00:00.8514861","Metrics":{}},"LastRunTests":{"NewTestResults":[{"TestCase":{"Id":"1a227832-5551-7933-99cc-71f9a09dd9a3","FullyQualifiedName":"Zadatak1.ZatvoriStandoveTestovi.prodavacImaParaAliIstekaoZakup","DisplayName":"prodavacImaParaAliIstekaoZakup","ExecutorUri":"executor://MSTestAdapter/v2","Source":"C:\\Users\\Armin\\Documents\\GitHub\\Grupa-3-Verifikovani-i-Validirani-Softverasi\\Pijaca\\Zadatak1\\bin\\Debug\\net5.0\\fine-code-coverage\\build-output\\Zadatak1.dll","CodeFilePath":null,"LineNumber":-1,"Properties":[{"Key":{"Id":"TestCase.ManagedType","Label":"ManagedType","Category":"","Description":"","Attributes":1,"ValueType":"System.String"},"Value":"Zadatak1.ZatvoriStandoveTestovi"},{"Key":{"Id":"TestCase.ManagedMethod","Label":"ManagedMethod","Category":"","Description":"","Attributes":1,"ValueType":"System.String"},"Value":"prodavacImaParaAliIstekaoZakup"},{"Key":{"Id":"MSTestDiscoverer.TestClassName","Label":"ClassName","Category":"","Description":"","Attributes":1,"ValueType":"System.String"},"Value":"Zadatak1.ZatvoriStandoveTestovi"},{"Key":{"Id":"TestObject.Traits","Label":"Traits","Category":"","Description":"","Attributes":5,"ValueType":"System.Collections.Generic.KeyValuePair`2[[System.String],[System.String]][]"},"Value":[]}]},"Attachments":[],"Outcome":1,"ErrorMessage":null,"ErrorStackTrace":null,"DisplayName":null,"Messages":[],"ComputerName":null,"Duration":"00:00:00.0016294","StartTime":"2021-11-28T13:31:02.7305831+01:00","EndTime":"2021-11-28T13:31:02.7335757+01:00","Properties":[{"Key":{"Id":"ExecutionId","Label":"ExecutionId","Category":"","Description":"","Attributes":1,"ValueType":"System.Guid"},"Value":"00000000-0000-0000-0000-000000000000"},{"Key":{"Id":"ParentExecId","Label":"ParentExecId","Category":"","Description":"","Attributes":1,"ValueType":"System.Guid"},"Value":"00000000-0000-0000-0000-000000000000"},{"Key":{"Id":"InnerResultsCount","Label":"InnerResultsCount","Category":"","Description":"","Attributes":1,"ValueType":"System.Int32"},"Value":0}]},{"TestCase":{"Id":"1280f3a4-bb0f-9726-766e-96cbe60f2d62","FullyQualifiedName":"Zadatak1.ProizvodTest.test1GenerisanjaSifreDomaci","DisplayName":"test1GenerisanjaSifreDomaci","ExecutorUri":"executor://MSTestAdapter/v2","Source":"C:\\Users\\Armin\\Documents\\GitHub\\Grupa-3-Verifikovani-i-Validirani-Softverasi\\Pijaca\\Zadatak1\\bin\\Debug\\net5.0\\fine-code-coverage\\build-output\\Zadatak1.dll","CodeFilePath":null,"LineNumber":-1,"Properties":[{"Key":{"Id":"TestCase.ManagedType","Label":"ManagedType","Category":"","Description":"","Attributes":1,"ValueType":"System.String"},"Value":"Zadatak1.ProizvodTest"},{"Key":{"Id":"TestCase.ManagedMethod","Label":"ManagedMethod","Category":"","Description":"","Attributes":1,"ValueType":"System.String"},"Value":"test1GenerisanjaSifreDomaci"},{"Key":{"Id":"MSTestDiscoverer.TestClassName","Label":"ClassName","Category":"","Description":"","Attributes":1,"ValueType":"System.String"},"Value":"Zadatak1.ProizvodTest"},{"Key":{"Id":"TestObject.Traits","Label":"Traits","Category":"","Description":"","Attributes":5,"ValueType":"System.Collections.Generic.KeyValuePair`2[[System.String],[System.String]][]"},"Value":[]}]},"Attachments":[],"Outcome":2,"ErrorMessage":"Assert.AreEqual failed. Expected:<4>. Actual:<9>. ","ErrorStackTrace":"   at Zadatak1.ProizvodTest.test1GenerisanjaSifreDomaci() in C:\\Users\\Armin\\Documents\\GitHub\\Grupa-3-Verifikovani-i-Validirani-Softverasi\\Pijaca\\Zadatak1\\UnitTest3.cs:line 35\r\n","DisplayName":null,"Messages":[],"ComputerName":null,"Duration":"00:00:00.0731258","StartTime":"2021-11-28T13:31:02.7404148+01:00","EndTime":"2021-11-28T13:31:02.819625+01:00","Properties":[{"Key":{"Id":"ExecutionId","Label":"ExecutionId","Category":"","Description":"","Attributes":1,"ValueType":"System.Guid"},"Value":"00000000-0000-0000-0000-000000000000"},{"Key":{"Id":"ParentExecId","Label":"ParentExecId","Category":"","Description":"","Attributes":1,"ValueType":"System.Guid"},"Value":"00000000-0000-0000-0000-000000000000"},{"Key":{"Id":"InnerResultsCount","Label":"InnerResultsCount","Category":"","Description":"","Attributes":1,"ValueType":"System.Int32"},"Value":0}]},{"TestCase":{"Id":"0cde5448-cb6e-15bc-09e1-4093ccd399c5","FullyQualifiedName":"Zadatak1.ProizvodTest.test2GenerisanjaSifreStrani","DisplayName":"test2GenerisanjaSifreStrani","ExecutorUri":"executor://MSTestAdapter/v2","Source":"C:\\Users\\Armin\\Documents\\GitHub\\Grupa-3-Verifikovani-i-Validirani-Softverasi\\Pijaca\\Zadatak1\\bin\\Debug\\net5.0\\fine-code-coverage\\build-output\\Zadatak1.dll","CodeFilePath":null,"LineNumber":-1,"Properties":[{"Key":{"Id":"TestCase.ManagedType","Label":"ManagedType","Category":"","Description":"","Attributes":1,"ValueType":"System.String"},"Value":"Zadatak1.ProizvodTest"},{"Key":{"Id":"TestCase.ManagedMethod","Label":"ManagedMethod","Category":"","Description":"","Attributes":1,"ValueType":"System.String"},"Value":"test2GenerisanjaSifreStrani"},{"Key":{"Id":"MSTestDiscoverer.TestClassName","Label":"ClassName","Category":"","Description":"","Attributes":1,"ValueType":"System.String"},"Value":"Zadatak1.ProizvodTest"},{"Key":{"Id":"TestObject.Traits","Label":"Traits","Category":"","Description":"","Attributes":5,"ValueType":"System.Collections.Generic.KeyValuePair`2[[System.String],[System.String]][]"},"Value":[]}]},"Attachments":[],"Outcome":2,"ErrorMessage":"Assert.AreEqual failed. Expected:<2>. Actual:<4>. ","ErrorStackTrace":"   at Zadatak1.ProizvodTest.test2GenerisanjaSifreStrani() in C:\\Users\\Armin\\Documents\\GitHub\\Grupa-3-Verifikovani-i-Validirani-Softverasi\\Pijaca\\Zadatak1\\UnitTest3.cs:line 55\r\n","DisplayName":null,"Messages":[{"Category":"StdOutMsgs","Text":"2\r\n"}],"ComputerName":null,"Duration":"00:00:00.0053660","StartTime":"2021-11-28T13:31:02.8251551+01:00","EndTime":"2021-11-28T13:31:02.8324543+01:00","Properties":[{"Key":{"Id":"ExecutionId","Label":"ExecutionId","Category":"","Description":"","Attributes":1,"ValueType":"System.Guid"},"Value":"00000000-0000-0000-0000-000000000000"},{"Key":{"Id":"ParentExecId","Label":"ParentExecId","Category":"","Description":"","Attributes":1,"ValueType":"System.Guid"},"Value":"00000000-0000-0000-0000-000000000000"},{"Key":{"Id":"InnerResultsCount","Label":"InnerResultsCount","Category":"","Description":"","Attributes":1,"ValueType":"System.Int32"},"Value":0}]},{"TestCase":{"Id":"9b670348-e4fe-2a6e-9fb8-11b3b2e7e42b","FullyQualifiedName":"Zadatak1.ProizvodTest.test3BrojacSePovecava","DisplayName":"test3BrojacSePovecava","ExecutorUri":"executor://MSTestAdapter/v2","Source":"C:\\Users\\Armin\\Documents\\GitHub\\Grupa-3-Verifikovani-i-Validirani-Softverasi\\Pijaca\\Zadatak1\\bin\\Debug\\net5.0\\fine-code-coverage\\build-output\\Zadatak1.dll","CodeFilePath":null,"LineNumber":-1,"Properties":[{"Key":{"Id":"TestCase.ManagedType","Label":"ManagedType","Category":"","Description":"","Attributes":1,"ValueType":"System.String"},"Value":"Zadatak1.ProizvodTest"},{"Key":{"Id":"TestCase.ManagedMethod","Label":"ManagedMethod","Category":"","Description":"","Attributes":1,"ValueType":"System.String"},"Value":"test3BrojacSePovecava"},{"Key":{"Id":"MSTestDiscoverer.TestClassName","Label":"ClassName","Category":"","Description":"","Attributes":1,"ValueType":"System.String"},"Value":"Zadatak1.ProizvodTest"},{"Key":{"Id":"TestObject.Traits","Label":"Traits","Category":"","Description":"","Attributes":5,"ValueType":"System.Collections.Generic.KeyValuePair`2[[System.String],[System.String]][]"},"Value":[]}]},"Attachments":[],"Outcome":2,"ErrorMessage":"Assert.AreEqual failed. Expected:<0>. Actual:<1>. ","ErrorStackTrace":"   at Zadatak1.ProizvodTest.test3BrojacSePovecava() in C:\\Users\\Armin\\Documents\\GitHub\\Grupa-3-Verifikovani-i-Validirani-Softverasi\\Pijaca\\Zadatak1\\UnitTest3.cs:line 69\r\n","DisplayName":null,"Messages":[],"ComputerName":null,"Duration":"00:00:00.0014509","StartTime":"2021-11-28T13:31:02.8390383+01:00","EndTime":"2021-11-28T13:31:02.8411057+01:00","Properties":[{"Key":{"Id":"ExecutionId","Label":"ExecutionId","Category":"","Description":"","Attributes":1,"ValueType":"System.Guid"},"Value":"00000000-0000-0000-0000-000000000000"},{"Key":{"Id":"ParentExecId","Label":"ParentExecId","Category":"","Description":"","Attributes":1,"ValueType":"System.Guid"},"Value":"00000000-0000-0000-0000-000000000000"},{"Key":{"Id":"InnerResultsCount","Label":"InnerResultsCount","Category":"","Description":"","Attributes":1,"ValueType":"System.Int32"},"Value":0}]},{"TestCase":{"Id":"63460974-5d69-b1b2-36ce-36208f766997","FullyQualifiedName":"Zadatak1.ProizvodTest.test4VracaSeKaoRezultatFunkcije","DisplayName":"test4VracaSeKaoRezultatFunkcije","ExecutorUri":"executor://MSTestAdapter/v2","Source":"C:\\Users\\Armin\\Documents\\GitHub\\Grupa-3-Verifikovani-i-Validirani-Softverasi\\Pijaca\\Zadatak1\\bin\\Debug\\net5.0\\fine-code-coverage\\build-output\\Zadatak1.dll","CodeFilePath":null,"LineNumber":-1,"Properties":[{"Key":{"Id":"TestCase.ManagedType","Label":"ManagedType","Category":"","Description":"","Attributes":1,"ValueType":"System.String"},"Value":"Zadatak1.ProizvodTest"},{"Key":{"Id":"TestCase.ManagedMethod","Label":"ManagedMethod","Category":"","Description":"","Attributes":1,"ValueType":"System.String"},"Value":"test4VracaSeKaoRezultatFunkcije"},{"Key":{"Id":"MSTestDiscoverer.TestClassName","Label":"ClassName","Category":"","Description":"","Attributes":1,"ValueType":"System.String"},"Value":"Zadatak1.ProizvodTest"},{"Key":{"Id":"TestObject.Traits","Label":"Traits","Category":"","Description":"","Attributes":5,"ValueType":"System.Collections.Generic.KeyValuePair`2[[System.String],[System.String]][]"},"Value":[]}]},"Attachments":[],"Outcome":1,"ErrorMessage":null,"ErrorStackTrace":null,"DisplayName":null,"Messages":[],"ComputerName":null,"Duration":"00:00:00.0004968","StartTime":"2021-11-28T13:31:02.8530181+01:00","EndTime":"2021-11-28T13:31:02.8541569+01:00","Properties":[{"Key":{"Id":"ExecutionId","Label":"ExecutionId","Category":"","Description":"","Attributes":1,"ValueType":"System.Guid"},"Value":"00000000-0000-0000-0000-000000000000"},{"Key":{"Id":"ParentExecId","Label":"ParentExecId","Category":"","Description":"","Attributes":1,"ValueType":"System.Guid"},"Value":"00000000-0000-0000-0000-000000000000"},{"Key":{"Id":"InnerResultsCount","Label":"InnerResultsCount","Category":"","Description":"","Attributes":1,"ValueType":"System.Int32"},"Value":0}]}],"TestRunStatistics":{"ExecutedTests":14,"Stats":{"Passed":11,"Failed":3}},"ActiveTests":[]},"RunAttachments":[],"ExecutorUris":["executor://mstestadapter/v2"]}}
TpTrace Verbose: 0 : 17088, 4, 2021/11/28, 13:31:02.953, 5971967925028, testhost.dll, BaseRunTests.RunTests: Run is complete.
TpTrace Verbose: 0 : 17088, 6, 2021/11/28, 13:31:02.992, 5971968318830, testhost.dll, TcpClientExtensions.MessageLoopAsync: NotifyDataAvailable remoteEndPoint: [::ffff:127.0.0.1]:51780 localEndPoint: [::ffff:127.0.0.1]:51781
TpTrace Information: 0 : 17088, 6, 2021/11/28, 13:31:02.993, 5971968321777, testhost.dll, TestRequestHandler.ProcessRequests: received message: (TestSession.Terminate) -> null
TpTrace Information: 0 : 17088, 6, 2021/11/28, 13:31:02.993, 5971968322487, testhost.dll, Session End message received from server. Closing the connection.
TpTrace Information: 0 : 17088, 6, 2021/11/28, 13:31:02.993, 5971968331150, testhost.dll, SocketClient.Stop: Stop communication from server endpoint: 127.0.0.1:051780
TpTrace Information: 0 : 17088, 6, 2021/11/28, 13:31:02.994, 5971968336937, testhost.dll, SocketClient: Stop: Cancellation requested. Stopping message loop.
TpTrace Verbose: 0 : 17088, 6, 2021/11/28, 13:31:02.995, 5971968345618, testhost.dll, LengthPrefixCommunicationChannel.Dispose: Dispose reader and writer.
TpTrace Information: 0 : 17088, 6, 2021/11/28, 13:31:02.995, 5971968351449, testhost.dll, Closing the connection !
TpTrace Information: 0 : 17088, 6, 2021/11/28, 13:31:02.997, 5971968366733, testhost.dll, SocketClient.PrivateStop: Stop communication from server endpoint: 127.0.0.1:051780, error:
TpTrace Verbose: 0 : 17088, 6, 2021/11/28, 13:31:02.999, 5971968382844, testhost.dll, LengthPrefixCommunicationChannel.Dispose: Dispose reader and writer.
TpTrace Information: 0 : 17088, 1, 2021/11/28, 13:31:02.999, 5971968382844, testhost.dll, Closing the connection !
TpTrace Verbose: 0 : 17088, 6, 2021/11/28, 13:31:02.999, 5971968388000, testhost.dll, TcpClientExtensions.MessageLoopAsync: exiting MessageLoopAsync remoteEndPoint: [::ffff:127.0.0.1]:51780 localEndPoint: [::ffff:127.0.0.1]:51781
TpTrace Information: 0 : 17088, 1, 2021/11/28, 13:31:03.000, 5971968392124, testhost.dll, SocketClient.Stop: Stop communication from server endpoint: 127.0.0.1:051780
TpTrace Verbose: 0 : 17088, 1, 2021/11/28, 13:31:03.001, 5971968403375, testhost.dll, LengthPrefixCommunicationChannel.Dispose: Dispose reader and writer.
TpTrace Information: 0 : 17088, 1, 2021/11/28, 13:31:03.001, 5971968409008, testhost.dll, Testhost process exiting.
