TpTrace Verbose: 0 : 12332, 1, 2021/11/27, 19:33:37.895, 749390001951, testhost.dll, Version: 16.9.4
TpTrace Information: 0 : 12332, 1, 2021/11/27, 19:33:37.907, 749390029861, testhost.dll, DefaultEngineInvoker.Invoke: Testhost process started with args :[--port, 64197],[--endpoint, 127.0.0.1:064197],[--role, client],[--parentprocessid, 10252],[--diag, C:\Users\User\Documents\GitHub\Grupa-3-Verifikovani-i-Validirani-Softverasi\Pijaca\Zadatak1\bin\Debug\net5.0\fine-code-coverage\coverage-tool-output\diagnostics.host.21-11-27_19-33-37_62572_6.log],[--tracelevel, 4],[--datacollectionport, 64196],[--telemetryoptedin, false]
TpTrace Information: 0 : 12332, 1, 2021/11/27, 19:33:37.909, 749390036863, testhost.dll, Setting up debug trace listener.
TpTrace Verbose: 0 : 12332, 1, 2021/11/27, 19:33:37.910, 749390037969, testhost.dll, TestPlatformTraceListener.Setup: Replacing listener 0 with TestHostTraceListener.
TpTrace Verbose: 0 : 12332, 1, 2021/11/27, 19:33:37.910, 749390038240, testhost.dll, TestPlatformTraceListener.Setup: Added test platform trace listener.
TpTrace Information: 0 : 12332, 1, 2021/11/27, 19:33:37.910, 749390040703, testhost.dll, DefaultEngineInvoker.SetParentProcessExitCallback: Monitoring parent process with id: '10252'
TpTrace Information: 0 : 12332, 1, 2021/11/27, 19:33:37.920, 749390076842, testhost.dll, DefaultEngineInvoker.GetConnectionInfo: Initialize communication on endpoint address: '127.0.0.1:064197'
TpTrace Information: 0 : 12332, 1, 2021/11/27, 19:33:37.942, 749390159573, testhost.dll, SocketClient.Start: connecting to server endpoint: 127.0.0.1:064197
TpTrace Information: 0 : 12332, 1, 2021/11/27, 19:33:37.953, 749390199099, testhost.dll, DefaultEngineInvoker.ConnectToDatacollector: Connecting to datacollector, port: 64196
TpTrace Information: 0 : 12332, 5, 2021/11/27, 19:33:37.957, 749390212904, testhost.dll, SocketClient.OnServerConnected: connected to server endpoint: 127.0.0.1:064197
TpTrace Information: 0 : 12332, 1, 2021/11/27, 19:33:37.958, 749390217553, testhost.dll, Trying to connect to server on socket : 127.0.0.1:64196 
TpTrace Verbose: 0 : 12332, 1, 2021/11/27, 19:33:37.959, 749390219431, testhost.dll, SocketCommunicationManager : SetupClientAsync : Attempting to connect to the server.
TpTrace Verbose: 0 : 12332, 5, 2021/11/27, 19:33:37.960, 749390223040, testhost.dll, Connected to server, and starting MessageLoopAsync
TpTrace Information: 0 : 12332, 11, 2021/11/27, 19:33:37.961, 749390227405, testhost.dll, Connected to the server successfully 
TpTrace Information: 0 : 12332, 11, 2021/11/27, 19:33:37.961, 749390227975, testhost.dll, Using the buffer size of 16384 bytes
TpTrace Information: 0 : 12332, 1, 2021/11/27, 19:33:37.962, 749390230782, testhost.dll, DefaultEngineInvoker.Invoke: Start Request Processing.
TpTrace Information: 0 : 12332, 12, 2021/11/27, 19:33:37.963, 749390236690, testhost.dll, DefaultEngineInvoker.StartProcessingAsync: Connected to vstest.console, Starting process requests.
TpTrace Verbose: 0 : 12332, 10, 2021/11/27, 19:33:37.964, 749390238561, testhost.dll, TcpClientExtensions.MessageLoopAsync: Polling on remoteEndPoint: [::ffff:127.0.0.1]:64197 localEndPoint: [::ffff:127.0.0.1]:64198
TpTrace Verbose: 0 : 12332, 10, 2021/11/27, 19:33:37.964, 749390240402, testhost.dll, TcpClientExtensions.MessageLoopAsync: NotifyDataAvailable remoteEndPoint: [::ffff:127.0.0.1]:64197 localEndPoint: [::ffff:127.0.0.1]:64198
TpTrace Information: 0 : 12332, 10, 2021/11/27, 19:33:38.158, 749390971412, testhost.dll, TestRequestHandler.ProcessRequests: received message: (ProtocolVersion) -> 5
TpTrace Verbose: 0 : 12332, 10, 2021/11/27, 19:33:38.208, 749391142522, testhost.dll, TestRequestHandler.SendData:  sending data from testhost: {"Version":5,"MessageType":"TestSession.Message","Payload":{"MessageLevel":0,"Message":"Logging TestHost Diagnostics in file: C:\\Users\\User\\Documents\\GitHub\\Grupa-3-Verifikovani-i-Validirani-Softverasi\\Pijaca\\Zadatak1\\bin\\Debug\\net5.0\\fine-code-coverage\\coverage-tool-output\\diagnostics.host.21-11-27_19-33-37_62572_6.log"}}
TpTrace Verbose: 0 : 12332, 10, 2021/11/27, 19:33:38.208, 749391144753, testhost.dll, TcpClientExtensions.MessageLoopAsync: Polling on remoteEndPoint: [::ffff:127.0.0.1]:64197 localEndPoint: [::ffff:127.0.0.1]:64198
TpTrace Verbose: 0 : 12332, 10, 2021/11/27, 19:33:38.208, 749391145245, testhost.dll, TcpClientExtensions.MessageLoopAsync: NotifyDataAvailable remoteEndPoint: [::ffff:127.0.0.1]:64197 localEndPoint: [::ffff:127.0.0.1]:64198
TpTrace Information: 0 : 12332, 10, 2021/11/27, 19:33:38.208, 749391167065, testhost.dll, TestRequestHandler.ProcessRequests: received message: (TestExecution.Initialize) -> [
  "C:\\Users\\User\\Documents\\GitHub\\Grupa-3-Verifikovani-i-Validirani-Softverasi\\Pijaca\\Zadatak1\\bin\\Debug\\net5.0\\fine-code-coverage\\build-output\\Microsoft.VisualStudio.TestPlatform.MSTest.TestAdapter.dll"
]
TpTrace Information: 0 : 12332, 10, 2021/11/27, 19:33:38.208, 749391167936, testhost.dll, Execution Session Initialize.
TpTrace Verbose: 0 : 12332, 10, 2021/11/27, 19:33:38.218, 749391200690, testhost.dll, TcpClientExtensions.MessageLoopAsync: Polling on remoteEndPoint: [::ffff:127.0.0.1]:64197 localEndPoint: [::ffff:127.0.0.1]:64198
TpTrace Verbose: 0 : 12332, 10, 2021/11/27, 19:33:38.218, 749391201416, testhost.dll, TcpClientExtensions.MessageLoopAsync: NotifyDataAvailable remoteEndPoint: [::ffff:127.0.0.1]:64197 localEndPoint: [::ffff:127.0.0.1]:64198
TpTrace Verbose: 0 : 12332, 4, 2021/11/27, 19:33:38.228, 749391217244, testhost.dll, TestExecutorService: Loading the extensions
TpTrace Information: 0 : 12332, 10, 2021/11/27, 19:33:38.228, 749391220103, testhost.dll, TestRequestHandler.ProcessRequests: received message: (TestExecution.StartWithSources) -> {
  "AdapterSourceMap": {
    "_none_": [
      "C:\\Users\\User\\Documents\\GitHub\\Grupa-3-Verifikovani-i-Validirani-Softverasi\\Pijaca\\Zadatak1\\bin\\Debug\\net5.0\\fine-code-coverage\\build-output\\Zadatak1.dll"
    ]
  },
  "RunSettings": "<RunSettings>\r\n  <RunConfiguration>\r\n    <ResultsDirectory>C:\\Users\\User\\Documents\\GitHub\\Grupa-3-Verifikovani-i-Validirani-Softverasi\\Pijaca\\Zadatak1\\bin\\Debug\\net5.0\\fine-code-coverage\\coverage-tool-output</ResultsDirectory>\r\n    <TargetPlatform>X64</TargetPlatform>\r\n    <TargetFrameworkVersion>.NETCoreApp,Version=v5.0</TargetFrameworkVersion>\r\n    <DesignMode>False</DesignMode>\r\n    <CollectSourceInformation>False</CollectSourceInformation>\r\n  </RunConfiguration>\r\n  <LoggerRunSettings>\r\n    <Loggers>\r\n      <Logger friendlyName=\"blame\" enabled=\"True\" />\r\n      <Logger friendlyName=\"Console\" uri=\"logger://microsoft/TestPlatform/ConsoleLogger/v1\" assemblyQualifiedName=\"Microsoft.VisualStudio.TestPlatform.CommandLine.Internal.ConsoleLogger, vstest.console, Version=15.0.0.0, Culture=neutral, PublicKeyToken=b03f5f7f11d50a3a\" codeBase=\"C:\\Program Files\\dotnet\\sdk\\5.0.201\\vstest.console.dll\" enabled=\"True\" />\r\n    </Loggers>\r\n  </LoggerRunSettings>\r\n  <DataCollectionRunSettings>\r\n    <DataCollectors>\r\n      <DataCollector friendlyName=\"blame\" enabled=\"True\">\r\n        <Configuration>\r\n          <ResultsDirectory>C:\\Users\\User\\Documents\\GitHub\\Grupa-3-Verifikovani-i-Validirani-Softverasi\\Pijaca\\Zadatak1\\bin\\Debug\\net5.0\\fine-code-coverage\\coverage-tool-output</ResultsDirectory>\r\n        </Configuration>\r\n      </DataCollector>\r\n    </DataCollectors>\r\n  </DataCollectionRunSettings>\r\n</RunSettings>",
  "TestExecutionContext": {
    "FrequencyOfRunStatsChangeEvent": 10,
    "RunStatsChangeEventTimeout": "00:00:01.5000000",
    "InIsolation": false,
    "KeepAlive": false,
    "AreTestCaseLevelEventsRequired": false,
    "IsDebug": false,
    "TestCaseFilter": null,
    "FilterOptions": null
  },
  "Package": null
}
TpTrace Information: 0 : 12332, 10, 2021/11/27, 19:33:38.228, 749391221906, testhost.dll, Execution started.
TpTrace Verbose: 0 : 12332, 4, 2021/11/27, 19:33:38.228, 749391228412, testhost.dll, TestPluginCache.DiscoverTestExtensions: finding test extensions in assemblies ends with: TestAdapter.dll TPluginInfo: Microsoft.VisualStudio.TestPlatform.Common.ExtensionFramework.Utilities.TestExecutorPluginInformation TExtension: Microsoft.VisualStudio.TestPlatform.ObjectModel.Adapter.ITestExecutor
TpTrace Verbose: 0 : 12332, 4, 2021/11/27, 19:33:38.228, 749391236982, testhost.dll, TestPluginCache.GetExtensionPaths: Filtered extension paths: 
TpTrace Verbose: 0 : 12332, 4, 2021/11/27, 19:33:38.228, 749391239510, testhost.dll, TestPluginCache.GetExtensionPaths: Added default extension paths: C:\Users\User\Documents\GitHub\Grupa-3-Verifikovani-i-Validirani-Softverasi\Pijaca\Zadatak1\bin\Debug\net5.0\fine-code-coverage\build-output\Microsoft.VisualStudio.TestPlatform.MSTest.TestAdapter.dll
TpTrace Verbose: 0 : 12332, 4, 2021/11/27, 19:33:38.228, 749391239892, testhost.dll, TestPluginCache.GetExtensionPaths: Added unfilterableExtensionPaths: 
TpTrace Information: 0 : 12332, 4, 2021/11/27, 19:33:38.238, 749391257045, testhost.dll, AssemblyResolver.ctor: Creating AssemblyResolver with searchDirectories C:\Users\User\Documents\GitHub\Grupa-3-Verifikovani-i-Validirani-Softverasi\Pijaca\Zadatak1\bin\Debug\net5.0\fine-code-coverage\build-output
TpTrace Verbose: 0 : 12332, 4, 2021/11/27, 19:33:38.238, 749391268081, testhost.dll, TestPluginCache.DiscoverTestExtensions: Discovering the extensions using extension path.
TpTrace Verbose: 0 : 12332, 4, 2021/11/27, 19:33:38.238, 749391268990, testhost.dll, TestPluginCache.GetExtensionPaths: Filtered extension paths: 
TpTrace Verbose: 0 : 12332, 4, 2021/11/27, 19:33:38.238, 749391269249, testhost.dll, TestPluginCache.GetExtensionPaths: Added default extension paths: C:\Users\User\Documents\GitHub\Grupa-3-Verifikovani-i-Validirani-Softverasi\Pijaca\Zadatak1\bin\Debug\net5.0\fine-code-coverage\build-output\Microsoft.VisualStudio.TestPlatform.MSTest.TestAdapter.dll
TpTrace Verbose: 0 : 12332, 4, 2021/11/27, 19:33:38.238, 749391269424, testhost.dll, TestPluginCache.GetExtensionPaths: Added unfilterableExtensionPaths: 
TpTrace Verbose: 0 : 12332, 4, 2021/11/27, 19:33:38.238, 749391269851, testhost.dll, TestPluginCache.DiscoverTestExtensions: Discovering the extensions using allExtensionPaths: C:\Users\User\Documents\GitHub\Grupa-3-Verifikovani-i-Validirani-Softverasi\Pijaca\Zadatak1\bin\Debug\net5.0\fine-code-coverage\build-output\Microsoft.VisualStudio.TestPlatform.MSTest.TestAdapter.dll
TpTrace Information: 0 : 12332, 4, 2021/11/27, 19:33:38.238, 749391275365, testhost.dll, AssemblyResolver.AddSearchDirectories: Adding more searchDirectories C:\Users\User\Documents\GitHub\Grupa-3-Verifikovani-i-Validirani-Softverasi\Pijaca\Zadatak1\bin\Debug\net5.0\fine-code-coverage\build-output
TpTrace Information: 0 : 12332, 4, 2021/11/27, 19:33:38.248, 749391305615, testhost.dll, AssemblyResolver.OnResolve: Microsoft.VisualStudio.TestPlatform.MSTest.TestAdapter: Resolving assembly.
TpTrace Information: 0 : 12332, 4, 2021/11/27, 19:33:38.248, 749391317010, testhost.dll, AssemblyResolver.OnResolve: Resolved assembly: Microsoft.VisualStudio.TestPlatform.MSTest.TestAdapter, from path: C:\Users\User\Documents\GitHub\Grupa-3-Verifikovani-i-Validirani-Softverasi\Pijaca\Zadatak1\bin\Debug\net5.0\fine-code-coverage\build-output\Microsoft.VisualStudio.TestPlatform.MSTest.TestAdapter.dll
TpTrace Verbose: 0 : 12332, 4, 2021/11/27, 19:33:38.258, 749391360967, testhost.dll, TestPluginCache: Discovered the extensions using extension path ''.
TpTrace Verbose: 0 : 12332, 4, 2021/11/27, 19:33:38.268, 749391366099, testhost.dll, TestPluginCache: Discoverers are ''.
TpTrace Verbose: 0 : 12332, 4, 2021/11/27, 19:33:38.268, 749391366951, testhost.dll, TestPluginCache: Executors are 'executor://MSTestAdapter/v2'.
TpTrace Verbose: 0 : 12332, 4, 2021/11/27, 19:33:38.268, 749391367371, testhost.dll, TestPluginCache: Executors2 are ''.
TpTrace Verbose: 0 : 12332, 4, 2021/11/27, 19:33:38.269, 749391367729, testhost.dll, TestPluginCache: Setting providers are ''.
TpTrace Verbose: 0 : 12332, 4, 2021/11/27, 19:33:38.269, 749391368062, testhost.dll, TestPluginCache: Loggers are ''.
TpTrace Verbose: 0 : 12332, 4, 2021/11/27, 19:33:38.274, 749391387339, testhost.dll, TestPluginCache.DiscoverTestExtensions: finding test extensions in assemblies ends with: TestAdapter.dll TPluginInfo: Microsoft.VisualStudio.TestPlatform.Common.ExtensionFramework.Utilities.TestExecutorPluginInformation2 TExtension: Microsoft.VisualStudio.TestPlatform.ObjectModel.Adapter.ITestExecutor2
TpTrace Verbose: 0 : 12332, 4, 2021/11/27, 19:33:38.274, 749391389395, testhost.dll, TestPluginCache.GetExtensionPaths: Filtered extension paths: 
TpTrace Verbose: 0 : 12332, 4, 2021/11/27, 19:33:38.274, 749391389720, testhost.dll, TestPluginCache.GetExtensionPaths: Added default extension paths: C:\Users\User\Documents\GitHub\Grupa-3-Verifikovani-i-Validirani-Softverasi\Pijaca\Zadatak1\bin\Debug\net5.0\fine-code-coverage\build-output\Microsoft.VisualStudio.TestPlatform.MSTest.TestAdapter.dll
TpTrace Verbose: 0 : 12332, 4, 2021/11/27, 19:33:38.275, 749391389887, testhost.dll, TestPluginCache.GetExtensionPaths: Added unfilterableExtensionPaths: 
TpTrace Information: 0 : 12332, 4, 2021/11/27, 19:33:38.275, 749391390918, testhost.dll, AssemblyResolver.AddSearchDirectories: Adding more searchDirectories C:\Users\User\Documents\GitHub\Grupa-3-Verifikovani-i-Validirani-Softverasi\Pijaca\Zadatak1\bin\Debug\net5.0\fine-code-coverage\build-output
TpTrace Verbose: 0 : 12332, 4, 2021/11/27, 19:33:38.275, 749391391164, testhost.dll, TestPluginCache.DiscoverTestExtensions: Discovering the extensions using extension path.
TpTrace Verbose: 0 : 12332, 4, 2021/11/27, 19:33:38.275, 749391391341, testhost.dll, TestPluginCache.GetExtensionPaths: Filtered extension paths: 
TpTrace Verbose: 0 : 12332, 4, 2021/11/27, 19:33:38.275, 749391391500, testhost.dll, TestPluginCache.GetExtensionPaths: Added default extension paths: C:\Users\User\Documents\GitHub\Grupa-3-Verifikovani-i-Validirani-Softverasi\Pijaca\Zadatak1\bin\Debug\net5.0\fine-code-coverage\build-output\Microsoft.VisualStudio.TestPlatform.MSTest.TestAdapter.dll
TpTrace Verbose: 0 : 12332, 4, 2021/11/27, 19:33:38.275, 749391391701, testhost.dll, TestPluginCache.GetExtensionPaths: Added unfilterableExtensionPaths: 
TpTrace Verbose: 0 : 12332, 4, 2021/11/27, 19:33:38.275, 749391391867, testhost.dll, TestPluginCache.DiscoverTestExtensions: Discovering the extensions using allExtensionPaths: C:\Users\User\Documents\GitHub\Grupa-3-Verifikovani-i-Validirani-Softverasi\Pijaca\Zadatak1\bin\Debug\net5.0\fine-code-coverage\build-output\Microsoft.VisualStudio.TestPlatform.MSTest.TestAdapter.dll
TpTrace Information: 0 : 12332, 4, 2021/11/27, 19:33:38.275, 749391392104, testhost.dll, AssemblyResolver.AddSearchDirectories: Adding more searchDirectories C:\Users\User\Documents\GitHub\Grupa-3-Verifikovani-i-Validirani-Softverasi\Pijaca\Zadatak1\bin\Debug\net5.0\fine-code-coverage\build-output
TpTrace Verbose: 0 : 12332, 4, 2021/11/27, 19:33:38.276, 749391394016, testhost.dll, TestPluginCache: Discovered the extensions using extension path ''.
TpTrace Verbose: 0 : 12332, 4, 2021/11/27, 19:33:38.276, 749391394459, testhost.dll, TestPluginCache: Discoverers are ''.
TpTrace Verbose: 0 : 12332, 4, 2021/11/27, 19:33:38.276, 749391394745, testhost.dll, TestPluginCache: Executors are 'executor://MSTestAdapter/v2'.
TpTrace Verbose: 0 : 12332, 4, 2021/11/27, 19:33:38.276, 749391395178, testhost.dll, TestPluginCache: Executors2 are ''.
TpTrace Verbose: 0 : 12332, 4, 2021/11/27, 19:33:38.276, 749391395341, testhost.dll, TestPluginCache: Setting providers are ''.
TpTrace Verbose: 0 : 12332, 4, 2021/11/27, 19:33:38.276, 749391395532, testhost.dll, TestPluginCache: Loggers are ''.
TpTrace Verbose: 0 : 12332, 10, 2021/11/27, 19:33:38.277, 749391398029, testhost.dll, TcpClientExtensions.MessageLoopAsync: Polling on remoteEndPoint: [::ffff:127.0.0.1]:64197 localEndPoint: [::ffff:127.0.0.1]:64198
TpTrace Information: 0 : 12332, 4, 2021/11/27, 19:33:38.284, 749391425706, testhost.dll, TestPluginManager.CreateTestExtension: Attempting to load test extension: Microsoft.VisualStudio.TestPlatform.MSTest.TestAdapter.MSTestExecutor
TpTrace Verbose: 0 : 12332, 4, 2021/11/27, 19:33:38.290, 749391461016, testhost.dll, TestExecutorExtensionManager: Loading executor Microsoft.VisualStudio.TestPlatform.MSTest.TestAdapter.MSTestExecutor
TpTrace Verbose: 0 : 12332, 4, 2021/11/27, 19:33:38.290, 749391461770, testhost.dll, TestExecutorService: Loaded the executors
TpTrace Verbose: 0 : 12332, 4, 2021/11/27, 19:33:38.290, 749391465522, testhost.dll, TestPluginCache.DiscoverTestExtensions: finding test extensions in assemblies ends with: TestAdapter.dll TPluginInfo: Microsoft.VisualStudio.TestPlatform.Common.ExtensionFramework.Utilities.TestSettingsProviderPluginInformation TExtension: Microsoft.VisualStudio.TestPlatform.ObjectModel.Adapter.ISettingsProvider
TpTrace Verbose: 0 : 12332, 4, 2021/11/27, 19:33:38.290, 749391465951, testhost.dll, TestPluginCache.GetExtensionPaths: Filtered extension paths: 
TpTrace Verbose: 0 : 12332, 4, 2021/11/27, 19:33:38.290, 749391466094, testhost.dll, TestPluginCache.GetExtensionPaths: Added default extension paths: C:\Users\User\Documents\GitHub\Grupa-3-Verifikovani-i-Validirani-Softverasi\Pijaca\Zadatak1\bin\Debug\net5.0\fine-code-coverage\build-output\Microsoft.VisualStudio.TestPlatform.MSTest.TestAdapter.dll
TpTrace Verbose: 0 : 12332, 4, 2021/11/27, 19:33:38.290, 749391466218, testhost.dll, TestPluginCache.GetExtensionPaths: Added unfilterableExtensionPaths: 
TpTrace Information: 0 : 12332, 4, 2021/11/27, 19:33:38.290, 749391466851, testhost.dll, AssemblyResolver.AddSearchDirectories: Adding more searchDirectories C:\Users\User\Documents\GitHub\Grupa-3-Verifikovani-i-Validirani-Softverasi\Pijaca\Zadatak1\bin\Debug\net5.0\fine-code-coverage\build-output
TpTrace Verbose: 0 : 12332, 4, 2021/11/27, 19:33:38.290, 749391467014, testhost.dll, TestPluginCache.DiscoverTestExtensions: Discovering the extensions using extension path.
TpTrace Verbose: 0 : 12332, 4, 2021/11/27, 19:33:38.290, 749391467139, testhost.dll, TestPluginCache.GetExtensionPaths: Filtered extension paths: 
TpTrace Verbose: 0 : 12332, 4, 2021/11/27, 19:33:38.290, 749391467287, testhost.dll, TestPluginCache.GetExtensionPaths: Added default extension paths: C:\Users\User\Documents\GitHub\Grupa-3-Verifikovani-i-Validirani-Softverasi\Pijaca\Zadatak1\bin\Debug\net5.0\fine-code-coverage\build-output\Microsoft.VisualStudio.TestPlatform.MSTest.TestAdapter.dll
TpTrace Verbose: 0 : 12332, 4, 2021/11/27, 19:33:38.290, 749391467409, testhost.dll, TestPluginCache.GetExtensionPaths: Added unfilterableExtensionPaths: 
TpTrace Verbose: 0 : 12332, 4, 2021/11/27, 19:33:38.290, 749391467539, testhost.dll, TestPluginCache.DiscoverTestExtensions: Discovering the extensions using allExtensionPaths: C:\Users\User\Documents\GitHub\Grupa-3-Verifikovani-i-Validirani-Softverasi\Pijaca\Zadatak1\bin\Debug\net5.0\fine-code-coverage\build-output\Microsoft.VisualStudio.TestPlatform.MSTest.TestAdapter.dll
TpTrace Information: 0 : 12332, 4, 2021/11/27, 19:33:38.290, 749391467737, testhost.dll, AssemblyResolver.AddSearchDirectories: Adding more searchDirectories C:\Users\User\Documents\GitHub\Grupa-3-Verifikovani-i-Validirani-Softverasi\Pijaca\Zadatak1\bin\Debug\net5.0\fine-code-coverage\build-output
TpTrace Verbose: 0 : 12332, 4, 2021/11/27, 19:33:38.290, 749391468987, testhost.dll, TestPluginCache: Discovered the extensions using extension path ''.
TpTrace Verbose: 0 : 12332, 4, 2021/11/27, 19:33:38.290, 749391469146, testhost.dll, TestPluginCache: Discoverers are ''.
TpTrace Verbose: 0 : 12332, 4, 2021/11/27, 19:33:38.290, 749391469269, testhost.dll, TestPluginCache: Executors are 'executor://MSTestAdapter/v2'.
TpTrace Verbose: 0 : 12332, 4, 2021/11/27, 19:33:38.290, 749391469385, testhost.dll, TestPluginCache: Executors2 are ''.
TpTrace Verbose: 0 : 12332, 4, 2021/11/27, 19:33:38.290, 749391469550, testhost.dll, TestPluginCache: Setting providers are ''.
TpTrace Verbose: 0 : 12332, 4, 2021/11/27, 19:33:38.290, 749391469704, testhost.dll, TestPluginCache: Loggers are ''.
TpTrace Verbose: 0 : 12332, 4, 2021/11/27, 19:33:38.290, 749391473831, testhost.dll, TestExecutorService: Loaded the settings providers
TpTrace Information: 0 : 12332, 4, 2021/11/27, 19:33:38.290, 749391474123, testhost.dll, TestExecutorService: Loaded the extensions
TpTrace Information: 0 : 12332, 4, 2021/11/27, 19:33:38.424, 749391945315, testhost.dll, TestDiscoveryManager: Discovering tests from sources C:\Users\User\Documents\GitHub\Grupa-3-Verifikovani-i-Validirani-Softverasi\Pijaca\Zadatak1\bin\Debug\net5.0\fine-code-coverage\build-output\Zadatak1.dll
TpTrace Verbose: 0 : 12332, 4, 2021/11/27, 19:33:38.428, 749391959036, testhost.dll, TestPluginCache.DiscoverTestExtensions: finding test extensions in assemblies ends with: TestAdapter.dll TPluginInfo: Microsoft.VisualStudio.TestPlatform.Common.ExtensionFramework.Utilities.TestDiscovererPluginInformation TExtension: Microsoft.VisualStudio.TestPlatform.ObjectModel.Adapter.ITestDiscoverer
TpTrace Verbose: 0 : 12332, 4, 2021/11/27, 19:33:38.428, 749391959836, testhost.dll, TestPluginCache.GetExtensionPaths: Filtered extension paths: 
TpTrace Verbose: 0 : 12332, 4, 2021/11/27, 19:33:38.428, 749391960057, testhost.dll, TestPluginCache.GetExtensionPaths: Added default extension paths: C:\Users\User\Documents\GitHub\Grupa-3-Verifikovani-i-Validirani-Softverasi\Pijaca\Zadatak1\bin\Debug\net5.0\fine-code-coverage\build-output\Microsoft.VisualStudio.TestPlatform.MSTest.TestAdapter.dll
TpTrace Verbose: 0 : 12332, 4, 2021/11/27, 19:33:38.428, 749391960231, testhost.dll, TestPluginCache.GetExtensionPaths: Added unfilterableExtensionPaths: 
TpTrace Information: 0 : 12332, 4, 2021/11/27, 19:33:38.429, 749391960759, testhost.dll, AssemblyResolver.AddSearchDirectories: Adding more searchDirectories C:\Users\User\Documents\GitHub\Grupa-3-Verifikovani-i-Validirani-Softverasi\Pijaca\Zadatak1\bin\Debug\net5.0\fine-code-coverage\build-output
TpTrace Verbose: 0 : 12332, 4, 2021/11/27, 19:33:38.429, 749391960976, testhost.dll, TestPluginCache.DiscoverTestExtensions: Discovering the extensions using extension path.
TpTrace Verbose: 0 : 12332, 4, 2021/11/27, 19:33:38.429, 749391961155, testhost.dll, TestPluginCache.GetExtensionPaths: Filtered extension paths: 
TpTrace Verbose: 0 : 12332, 4, 2021/11/27, 19:33:38.429, 749391961312, testhost.dll, TestPluginCache.GetExtensionPaths: Added default extension paths: C:\Users\User\Documents\GitHub\Grupa-3-Verifikovani-i-Validirani-Softverasi\Pijaca\Zadatak1\bin\Debug\net5.0\fine-code-coverage\build-output\Microsoft.VisualStudio.TestPlatform.MSTest.TestAdapter.dll
TpTrace Verbose: 0 : 12332, 4, 2021/11/27, 19:33:38.429, 749391961519, testhost.dll, TestPluginCache.GetExtensionPaths: Added unfilterableExtensionPaths: 
TpTrace Verbose: 0 : 12332, 4, 2021/11/27, 19:33:38.429, 749391961691, testhost.dll, TestPluginCache.DiscoverTestExtensions: Discovering the extensions using allExtensionPaths: C:\Users\User\Documents\GitHub\Grupa-3-Verifikovani-i-Validirani-Softverasi\Pijaca\Zadatak1\bin\Debug\net5.0\fine-code-coverage\build-output\Microsoft.VisualStudio.TestPlatform.MSTest.TestAdapter.dll
TpTrace Information: 0 : 12332, 4, 2021/11/27, 19:33:38.429, 749391961952, testhost.dll, AssemblyResolver.AddSearchDirectories: Adding more searchDirectories C:\Users\User\Documents\GitHub\Grupa-3-Verifikovani-i-Validirani-Softverasi\Pijaca\Zadatak1\bin\Debug\net5.0\fine-code-coverage\build-output
TpTrace Verbose: 0 : 12332, 4, 2021/11/27, 19:33:38.433, 749391976885, testhost.dll, TestPluginCache: Discovered the extensions using extension path ''.
TpTrace Verbose: 0 : 12332, 4, 2021/11/27, 19:33:38.433, 749391977395, testhost.dll, TestPluginCache: Discoverers are 'Microsoft.VisualStudio.TestPlatform.MSTest.TestAdapter.MSTestDiscoverer, Microsoft.VisualStudio.TestPlatform.MSTest.TestAdapter, Version=14.0.0.0, Culture=neutral, PublicKeyToken=b03f5f7f11d50a3a'.
TpTrace Verbose: 0 : 12332, 4, 2021/11/27, 19:33:38.433, 749391977625, testhost.dll, TestPluginCache: Executors are 'executor://MSTestAdapter/v2'.
TpTrace Verbose: 0 : 12332, 4, 2021/11/27, 19:33:38.433, 749391977795, testhost.dll, TestPluginCache: Executors2 are ''.
TpTrace Verbose: 0 : 12332, 4, 2021/11/27, 19:33:38.433, 749391977957, testhost.dll, TestPluginCache: Setting providers are ''.
TpTrace Verbose: 0 : 12332, 4, 2021/11/27, 19:33:38.433, 749391978140, testhost.dll, TestPluginCache: Loggers are ''.
TpTrace Verbose: 0 : 12332, 4, 2021/11/27, 19:33:38.446, 749392023519, testhost.dll, BaseRunTests.RunTestInternalWithExecutors: Running tests for executor://MSTestAdapter/v2
TpTrace Information: 0 : 12332, 4, 2021/11/27, 19:33:38.446, 749392026495, testhost.dll, AssemblyResolver.OnResolve: Microsoft.VisualStudio.TestPlatform.MSTestAdapter.PlatformServices.Interface: Resolving assembly.
TpTrace Information: 0 : 12332, 4, 2021/11/27, 19:33:38.447, 749392029469, testhost.dll, AssemblyResolver.OnResolve: Resolved assembly: Microsoft.VisualStudio.TestPlatform.MSTestAdapter.PlatformServices.Interface, from path: C:\Users\User\Documents\GitHub\Grupa-3-Verifikovani-i-Validirani-Softverasi\Pijaca\Zadatak1\bin\Debug\net5.0\fine-code-coverage\build-output\Microsoft.VisualStudio.TestPlatform.MSTestAdapter.PlatformServices.Interface.dll
TpTrace Information: 0 : 12332, 4, 2021/11/27, 19:33:38.449, 749392035993, testhost.dll, AssemblyResolver.OnResolve: Microsoft.VisualStudio.TestPlatform.MSTestAdapter.PlatformServices: Resolving assembly.
TpTrace Information: 0 : 12332, 4, 2021/11/27, 19:33:38.450, 749392039548, testhost.dll, AssemblyResolver.OnResolve: Resolved assembly: Microsoft.VisualStudio.TestPlatform.MSTestAdapter.PlatformServices, from path: C:\Users\User\Documents\GitHub\Grupa-3-Verifikovani-i-Validirani-Softverasi\Pijaca\Zadatak1\bin\Debug\net5.0\fine-code-coverage\build-output\Microsoft.VisualStudio.TestPlatform.MSTestAdapter.PlatformServices.dll
TpTrace Information: 0 : 12332, 4, 2021/11/27, 19:33:38.451, 749392041808, testhost.dll, MSTest - MSTestExecutor.RunTests: Running tests from sources.
TpTrace Information: 0 : 12332, 4, 2021/11/27, 19:33:38.455, 749392059785, testhost.dll, MSTest - CollectSourceInformation value Found : False 
TpTrace Information: 0 : 12332, 4, 2021/11/27, 19:33:38.487, 749392177479, testhost.dll, AssemblyResolver.OnResolve: Microsoft.TestPlatform.AdapterUtilities: Resolving assembly.
TpTrace Information: 0 : 12332, 4, 2021/11/27, 19:33:38.488, 749392181966, testhost.dll, AssemblyResolver.OnResolve: Resolved assembly: Microsoft.TestPlatform.AdapterUtilities, from path: C:\Users\User\Documents\GitHub\Grupa-3-Verifikovani-i-Validirani-Softverasi\Pijaca\Zadatak1\bin\Debug\net5.0\fine-code-coverage\build-output\Microsoft.TestPlatform.AdapterUtilities.dll
TpTrace Information: 0 : 12332, 4, 2021/11/27, 19:33:38.504, 749392240523, testhost.dll, MSTest - MSTestDiscoverer: Found 10 tests from source C:\Users\User\Documents\GitHub\Grupa-3-Verifikovani-i-Validirani-Softverasi\Pijaca\Zadatak1\bin\Debug\net5.0\fine-code-coverage\build-output\Zadatak1.dll
TpTrace Information: 0 : 12332, 4, 2021/11/27, 19:33:38.526, 749392322139, testhost.dll, AssemblyResolver.OnResolve: Microsoft.VisualStudio.TestPlatform.MSTestAdapter.PlatformServices.resources: Resolving assembly.
TpTrace Information: 0 : 12332, 4, 2021/11/27, 19:33:38.526, 749392322965, testhost.dll, AssemblyResolver.OnResolve: Microsoft.VisualStudio.TestPlatform.MSTestAdapter.PlatformServices.resources: Failed to load assembly.
TpTrace Information: 0 : 12332, 4, 2021/11/27, 19:33:38.527, 749392324875, testhost.dll, AssemblyResolver.OnResolve: Microsoft.VisualStudio.TestPlatform.MSTestAdapter.PlatformServices.resources: Resolving assembly.
TpTrace Information: 0 : 12332, 4, 2021/11/27, 19:33:38.527, 749392325262, testhost.dll, AssemblyResolver.OnResolve: Microsoft.VisualStudio.TestPlatform.MSTestAdapter.PlatformServices.resources: Resolved from cache.
TpTrace Information: 0 : 12332, 4, 2021/11/27, 19:33:38.550, 749392409496, testhost.dll, MSTest - Created unit-test runner C:\Users\User\Documents\GitHub\Grupa-3-Verifikovani-i-Validirani-Softverasi\Pijaca\Zadatak1\bin\Debug\net5.0\fine-code-coverage\build-output\Zadatak1.dll
TpTrace Verbose: 0 : 12332, 4, 2021/11/27, 19:33:38.556, 749392434118, testhost.dll, TestExecutionRecorder.RecordStart: Starting test: Zadatak1.ProdavacTest.TestPogresnaSifra.
TpTrace Information: 0 : 12332, 4, 2021/11/27, 19:33:38.672, 749392888466, testhost.dll, MSTest - Executing test TestPogresnaSifra
TpTrace Information: 0 : 12332, 4, 2021/11/27, 19:33:38.742, 749393132260, testhost.dll, MSTest - Executed test TestPogresnaSifra
TpTrace Verbose: 0 : 12332, 4, 2021/11/27, 19:33:38.752, 749393160292, testhost.dll, TestExecutionRecorder.RecordEnd: test: Zadatak1.ProdavacTest.TestPogresnaSifra execution completed.
TpTrace Verbose: 0 : 12332, 4, 2021/11/27, 19:33:38.782, 749393287828, testhost.dll, TestExecutionRecorder.RecordResult: Received result for test: Zadatak1.ProdavacTest.TestPogresnaSifra.
TpTrace Warning: 0 : 12332, 4, 2021/11/27, 19:33:38.792, 749393315575, testhost.dll, TestRunCache: InProgressTests is null
TpTrace Warning: 0 : 12332, 4, 2021/11/27, 19:33:38.792, 749393316741, testhost.dll, TestRunCache: No test found corresponding to testResult '' in inProgress list.
TpTrace Verbose: 0 : 12332, 4, 2021/11/27, 19:33:38.792, 749393317279, testhost.dll, TestExecutionRecorder.RecordStart: Starting test: Zadatak1.ProdavacTest.TestAktivnosti.
TpTrace Information: 0 : 12332, 4, 2021/11/27, 19:33:38.792, 749393331016, testhost.dll, MSTest - Executing test TestAktivnosti
TpTrace Information: 0 : 12332, 4, 2021/11/27, 19:33:38.792, 749393335566, testhost.dll, MSTest - Executed test TestAktivnosti
TpTrace Verbose: 0 : 12332, 4, 2021/11/27, 19:33:38.792, 749393336199, testhost.dll, TestExecutionRecorder.RecordEnd: test: Zadatak1.ProdavacTest.TestAktivnosti execution completed.
TpTrace Verbose: 0 : 12332, 4, 2021/11/27, 19:33:38.804, 749393349487, testhost.dll, TestExecutionRecorder.RecordResult: Received result for test: Zadatak1.ProdavacTest.TestAktivnosti.
TpTrace Warning: 0 : 12332, 4, 2021/11/27, 19:33:38.804, 749393350198, testhost.dll, TestRunCache: InProgressTests is null
TpTrace Warning: 0 : 12332, 4, 2021/11/27, 19:33:38.804, 749393350353, testhost.dll, TestRunCache: No test found corresponding to testResult '' in inProgress list.
TpTrace Verbose: 0 : 12332, 4, 2021/11/27, 19:33:38.804, 749393350626, testhost.dll, TestExecutionRecorder.RecordStart: Starting test: Zadatak1.ProdavacTest.TestPogresnihPodataka.
TpTrace Information: 0 : 12332, 4, 2021/11/27, 19:33:38.807, 749393361266, testhost.dll, MSTest - Executing test TestPogresnihPodataka
TpTrace Information: 0 : 12332, 4, 2021/11/27, 19:33:38.809, 749393368344, testhost.dll, MSTest - Executed test TestPogresnihPodataka
TpTrace Verbose: 0 : 12332, 4, 2021/11/27, 19:33:38.809, 749393368867, testhost.dll, TestExecutionRecorder.RecordEnd: test: Zadatak1.ProdavacTest.TestPogresnihPodataka execution completed.
TpTrace Verbose: 0 : 12332, 4, 2021/11/27, 19:33:38.812, 749393380020, testhost.dll, TestExecutionRecorder.RecordResult: Received result for test: Zadatak1.ProdavacTest.TestPogresnihPodataka.
TpTrace Warning: 0 : 12332, 4, 2021/11/27, 19:33:38.812, 749393380402, testhost.dll, TestRunCache: InProgressTests is null
TpTrace Warning: 0 : 12332, 4, 2021/11/27, 19:33:38.812, 749393380573, testhost.dll, TestRunCache: No test found corresponding to testResult '' in inProgress list.
TpTrace Verbose: 0 : 12332, 4, 2021/11/27, 19:33:38.812, 749393380871, testhost.dll, TestExecutionRecorder.RecordStart: Starting test: Zadatak1.ProdavacTest.TestPovecanjaPrometa.
TpTrace Information: 0 : 12332, 4, 2021/11/27, 19:33:38.816, 749393397248, testhost.dll, MSTest - Executing test TestPovecanjaPrometa
TpTrace Information: 0 : 12332, 4, 2021/11/27, 19:33:38.818, 749393404458, testhost.dll, MSTest - Executed test TestPovecanjaPrometa
TpTrace Verbose: 0 : 12332, 4, 2021/11/27, 19:33:38.819, 749393405073, testhost.dll, TestExecutionRecorder.RecordEnd: test: Zadatak1.ProdavacTest.TestPovecanjaPrometa execution completed.
TpTrace Verbose: 0 : 12332, 4, 2021/11/27, 19:33:38.822, 749393417383, testhost.dll, TestExecutionRecorder.RecordResult: Received result for test: Zadatak1.ProdavacTest.TestPovecanjaPrometa.
TpTrace Warning: 0 : 12332, 4, 2021/11/27, 19:33:38.822, 749393417858, testhost.dll, TestRunCache: InProgressTests is null
TpTrace Warning: 0 : 12332, 4, 2021/11/27, 19:33:38.822, 749393418326, testhost.dll, TestRunCache: No test found corresponding to testResult '' in inProgress list.
TpTrace Verbose: 0 : 12332, 4, 2021/11/27, 19:33:38.822, 749393418648, testhost.dll, TestExecutionRecorder.RecordStart: Starting test: Zadatak1.ProdavacTest.TestNegativnogPrometa.
TpTrace Information: 0 : 12332, 4, 2021/11/27, 19:33:38.825, 749393430001, testhost.dll, MSTest - Executing test TestNegativnogPrometa
TpTrace Information: 0 : 12332, 4, 2021/11/27, 19:33:38.826, 749393434075, testhost.dll, MSTest - Executed test TestNegativnogPrometa
TpTrace Verbose: 0 : 12332, 4, 2021/11/27, 19:33:38.827, 749393434720, testhost.dll, TestExecutionRecorder.RecordEnd: test: Zadatak1.ProdavacTest.TestNegativnogPrometa execution completed.
TpTrace Verbose: 0 : 12332, 4, 2021/11/27, 19:33:38.830, 749393446971, testhost.dll, TestExecutionRecorder.RecordResult: Received result for test: Zadatak1.ProdavacTest.TestNegativnogPrometa.
TpTrace Warning: 0 : 12332, 4, 2021/11/27, 19:33:38.830, 749393447465, testhost.dll, TestRunCache: InProgressTests is null
TpTrace Warning: 0 : 12332, 4, 2021/11/27, 19:33:38.830, 749393447637, testhost.dll, TestRunCache: No test found corresponding to testResult '' in inProgress list.
TpTrace Verbose: 0 : 12332, 4, 2021/11/27, 19:33:38.830, 749393447992, testhost.dll, TestExecutionRecorder.RecordStart: Starting test: Zadatak1.ZatvoriStandoveTestovi.NemaStandova.
TpTrace Information: 0 : 12332, 4, 2021/11/27, 19:33:38.834, 749393460593, testhost.dll, MSTest - Executing test NemaStandova
TpTrace Information: 0 : 12332, 4, 2021/11/27, 19:33:38.839, 749393480739, testhost.dll, MSTest - Executed test NemaStandova
TpTrace Verbose: 0 : 12332, 4, 2021/11/27, 19:33:38.839, 749393481551, testhost.dll, TestExecutionRecorder.RecordEnd: test: Zadatak1.ZatvoriStandoveTestovi.NemaStandova execution completed.
TpTrace Verbose: 0 : 12332, 4, 2021/11/27, 19:33:38.843, 749393494100, testhost.dll, TestExecutionRecorder.RecordResult: Received result for test: Zadatak1.ZatvoriStandoveTestovi.NemaStandova.
TpTrace Warning: 0 : 12332, 4, 2021/11/27, 19:33:38.843, 749393494635, testhost.dll, TestRunCache: InProgressTests is null
TpTrace Warning: 0 : 12332, 4, 2021/11/27, 19:33:38.843, 749393494801, testhost.dll, TestRunCache: No test found corresponding to testResult '' in inProgress list.
TpTrace Verbose: 0 : 12332, 4, 2021/11/27, 19:33:38.843, 749393495093, testhost.dll, TestExecutionRecorder.RecordStart: Starting test: Zadatak1.ZatvoriStandoveTestovi.nemaProdavaca.
TpTrace Information: 0 : 12332, 4, 2021/11/27, 19:33:38.846, 749393506926, testhost.dll, MSTest - Executing test nemaProdavaca
TpTrace Information: 0 : 12332, 4, 2021/11/27, 19:33:38.848, 749393515394, testhost.dll, MSTest - Executed test nemaProdavaca
TpTrace Verbose: 0 : 12332, 4, 2021/11/27, 19:33:38.848, 749393516018, testhost.dll, TestExecutionRecorder.RecordEnd: test: Zadatak1.ZatvoriStandoveTestovi.nemaProdavaca execution completed.
TpTrace Verbose: 0 : 12332, 4, 2021/11/27, 19:33:38.852, 749393529306, testhost.dll, TestExecutionRecorder.RecordResult: Received result for test: Zadatak1.ZatvoriStandoveTestovi.nemaProdavaca.
TpTrace Warning: 0 : 12332, 4, 2021/11/27, 19:33:38.852, 749393529806, testhost.dll, TestRunCache: InProgressTests is null
TpTrace Warning: 0 : 12332, 4, 2021/11/27, 19:33:38.852, 749393529999, testhost.dll, TestRunCache: No test found corresponding to testResult '' in inProgress list.
TpTrace Verbose: 0 : 12332, 4, 2021/11/27, 19:33:38.852, 749393530298, testhost.dll, TestExecutionRecorder.RecordStart: Starting test: Zadatak1.ZatvoriStandoveTestovi.prodavacNeaktivanINemaPara.
TpTrace Information: 0 : 12332, 4, 2021/11/27, 19:33:38.856, 749393542544, testhost.dll, MSTest - Executing test prodavacNeaktivanINemaPara
TpTrace Information: 0 : 12332, 4, 2021/11/27, 19:33:38.857, 749393548436, testhost.dll, MSTest - Executed test prodavacNeaktivanINemaPara
TpTrace Verbose: 0 : 12332, 4, 2021/11/27, 19:33:38.857, 749393549084, testhost.dll, TestExecutionRecorder.RecordEnd: test: Zadatak1.ZatvoriStandoveTestovi.prodavacNeaktivanINemaPara execution completed.
TpTrace Verbose: 0 : 12332, 4, 2021/11/27, 19:33:38.861, 749393560609, testhost.dll, TestExecutionRecorder.RecordResult: Received result for test: Zadatak1.ZatvoriStandoveTestovi.prodavacNeaktivanINemaPara.
TpTrace Warning: 0 : 12332, 4, 2021/11/27, 19:33:38.861, 749393561142, testhost.dll, TestRunCache: InProgressTests is null
TpTrace Warning: 0 : 12332, 4, 2021/11/27, 19:33:38.861, 749393561494, testhost.dll, TestRunCache: No test found corresponding to testResult '' in inProgress list.
TpTrace Verbose: 0 : 12332, 4, 2021/11/27, 19:33:38.861, 749393562253, testhost.dll, TestExecutionRecorder.RecordStart: Starting test: Zadatak1.ZatvoriStandoveTestovi.prodavacNeaktivanAliImaPara.
TpTrace Information: 0 : 12332, 4, 2021/11/27, 19:33:38.864, 749393575315, testhost.dll, MSTest - Executing test prodavacNeaktivanAliImaPara
TpTrace Information: 0 : 12332, 4, 2021/11/27, 19:33:38.865, 749393579070, testhost.dll, MSTest - Executed test prodavacNeaktivanAliImaPara
TpTrace Verbose: 0 : 12332, 4, 2021/11/27, 19:33:38.866, 749393579563, testhost.dll, TestExecutionRecorder.RecordEnd: test: Zadatak1.ZatvoriStandoveTestovi.prodavacNeaktivanAliImaPara execution completed.
TpTrace Verbose: 0 : 12332, 4, 2021/11/27, 19:33:38.869, 749393592765, testhost.dll, TestExecutionRecorder.RecordResult: Received result for test: Zadatak1.ZatvoriStandoveTestovi.prodavacNeaktivanAliImaPara.
TpTrace Warning: 0 : 12332, 4, 2021/11/27, 19:33:38.869, 749393593265, testhost.dll, TestRunCache: InProgressTests is null
TpTrace Warning: 0 : 12332, 4, 2021/11/27, 19:33:38.869, 749393593419, testhost.dll, TestRunCache: No test found corresponding to testResult '' in inProgress list.
TpTrace Verbose: 0 : 12332, 4, 2021/11/27, 19:33:38.869, 749393593719, testhost.dll, TestExecutionRecorder.RecordStart: Starting test: Zadatak1.ZatvoriStandoveTestovi.prodavacImaParaAliIstekaoZakup.
TpTrace Information: 0 : 12332, 4, 2021/11/27, 19:33:38.872, 749393603176, testhost.dll, Sending test run statistics
TpTrace Verbose: 0 : 12332, 4, 2021/11/27, 19:33:38.941, 749393858126, testhost.dll, TestRequestHandler.SendData:  sending data from testhost: {"Version":5,"MessageType":"TestExecution.StatsChange","Payload":{"NewTestResults":[{"TestCase":{"Id":"6b10294d-693c-8bde-94d8-97ba1474c65a","FullyQualifiedName":"Zadatak1.ProdavacTest.TestPogresnaSifra","DisplayName":"TestPogresnaSifra","ExecutorUri":"executor://MSTestAdapter/v2","Source":"C:\\Users\\User\\Documents\\GitHub\\Grupa-3-Verifikovani-i-Validirani-Softverasi\\Pijaca\\Zadatak1\\bin\\Debug\\net5.0\\fine-code-coverage\\build-output\\Zadatak1.dll","CodeFilePath":null,"LineNumber":-1,"Properties":[{"Key":{"Id":"TestCase.ManagedType","Label":"ManagedType","Category":"","Description":"","Attributes":1,"ValueType":"System.String"},"Value":"Zadatak1.ProdavacTest"},{"Key":{"Id":"TestCase.ManagedMethod","Label":"ManagedMethod","Category":"","Description":"","Attributes":1,"ValueType":"System.String"},"Value":"TestPogresnaSifra"},{"Key":{"Id":"MSTestDiscoverer.TestClassName","Label":"ClassName","Category":"","Description":"","Attributes":1,"ValueType":"System.String"},"Value":"Zadatak1.ProdavacTest"},{"Key":{"Id":"TestObject.Traits","Label":"Traits","Category":"","Description":"","Attributes":5,"ValueType":"System.Collections.Generic.KeyValuePair`2[[System.String],[System.String]][]"},"Value":[]}]},"Attachments":[],"Outcome":1,"ErrorMessage":null,"ErrorStackTrace":null,"DisplayName":null,"Messages":[],"ComputerName":null,"Duration":"00:00:00.0121870","StartTime":"2021-11-27T19:33:38.6727538+01:00","EndTime":"2021-11-27T19:33:38.7427539+01:00","Properties":[{"Key":{"Id":"ExecutionId","Label":"ExecutionId","Category":"","Description":"","Attributes":1,"ValueType":"System.Guid"},"Value":"00000000-0000-0000-0000-000000000000"},{"Key":{"Id":"ParentExecId","Label":"ParentExecId","Category":"","Description":"","Attributes":1,"ValueType":"System.Guid"},"Value":"00000000-0000-0000-0000-000000000000"},{"Key":{"Id":"InnerResultsCount","Label":"InnerResultsCount","Category":"","Description":"","Attributes":1,"ValueType":"System.Int32"},"Value":0}]},{"TestCase":{"Id":"03d44b12-18f4-0cbe-1c33-4094b2186c06","FullyQualifiedName":"Zadatak1.ProdavacTest.TestAktivnosti","DisplayName":"TestAktivnosti","ExecutorUri":"executor://MSTestAdapter/v2","Source":"C:\\Users\\User\\Documents\\GitHub\\Grupa-3-Verifikovani-i-Validirani-Softverasi\\Pijaca\\Zadatak1\\bin\\Debug\\net5.0\\fine-code-coverage\\build-output\\Zadatak1.dll","CodeFilePath":null,"LineNumber":-1,"Properties":[{"Key":{"Id":"TestCase.ManagedType","Label":"ManagedType","Category":"","Description":"","Attributes":1,"ValueType":"System.String"},"Value":"Zadatak1.ProdavacTest"},{"Key":{"Id":"TestCase.ManagedMethod","Label":"ManagedMethod","Category":"","Description":"","Attributes":1,"ValueType":"System.String"},"Value":"TestAktivnosti"},{"Key":{"Id":"MSTestDiscoverer.TestClassName","Label":"ClassName","Category":"","Description":"","Attributes":1,"ValueType":"System.String"},"Value":"Zadatak1.ProdavacTest"},{"Key":{"Id":"TestObject.Traits","Label":"Traits","Category":"","Description":"","Attributes":5,"ValueType":"System.Collections.Generic.KeyValuePair`2[[System.String],[System.String]][]"},"Value":[]}]},"Attachments":[],"Outcome":1,"ErrorMessage":null,"ErrorStackTrace":null,"DisplayName":null,"Messages":[],"ComputerName":null,"Duration":"00:00:00.0007445","StartTime":"2021-11-27T19:33:38.7927539+01:00","EndTime":"2021-11-27T19:33:38.7927539+01:00","Properties":[{"Key":{"Id":"ExecutionId","Label":"ExecutionId","Category":"","Description":"","Attributes":1,"ValueType":"System.Guid"},"Value":"00000000-0000-0000-0000-000000000000"},{"Key":{"Id":"ParentExecId","Label":"ParentExecId","Category":"","Description":"","Attributes":1,"ValueType":"System.Guid"},"Value":"00000000-0000-0000-0000-000000000000"},{"Key":{"Id":"InnerResultsCount","Label":"InnerResultsCount","Category":"","Description":"","Attributes":1,"ValueType":"System.Int32"},"Value":0}]},{"TestCase":{"Id":"c0b925a7-8cbd-7c38-aa41-59795ea98c0e","FullyQualifiedName":"Zadatak1.ProdavacTest.TestPogresnihPodataka","DisplayName":"TestPogresnihPodataka","ExecutorUri":"executor://MSTestAdapter/v2","Source":"C:\\Users\\User\\Documents\\GitHub\\Grupa-3-Verifikovani-i-Validirani-Softverasi\\Pijaca\\Zadatak1\\bin\\Debug\\net5.0\\fine-code-coverage\\build-output\\Zadatak1.dll","CodeFilePath":null,"LineNumber":-1,"Properties":[{"Key":{"Id":"TestCase.ManagedType","Label":"ManagedType","Category":"","Description":"","Attributes":1,"ValueType":"System.String"},"Value":"Zadatak1.ProdavacTest"},{"Key":{"Id":"TestCase.ManagedMethod","Label":"ManagedMethod","Category":"","Description":"","Attributes":1,"ValueType":"System.String"},"Value":"TestPogresnihPodataka"},{"Key":{"Id":"MSTestDiscoverer.TestClassName","Label":"ClassName","Category":"","Description":"","Attributes":1,"ValueType":"System.String"},"Value":"Zadatak1.ProdavacTest"},{"Key":{"Id":"TestObject.Traits","Label":"Traits","Category":"","Description":"","Attributes":5,"ValueType":"System.Collections.Generic.KeyValuePair`2[[System.String],[System.String]][]"},"Value":[]}]},"Attachments":[],"Outcome":1,"ErrorMessage":null,"ErrorStackTrace":null,"DisplayName":null,"Messages":[],"ComputerName":null,"Duration":"00:00:00.0013784","StartTime":"2021-11-27T19:33:38.8077542+01:00","EndTime":"2021-11-27T19:33:38.8097543+01:00","Properties":[{"Key":{"Id":"ExecutionId","Label":"ExecutionId","Category":"","Description":"","Attributes":1,"ValueType":"System.Guid"},"Value":"00000000-0000-0000-0000-000000000000"},{"Key":{"Id":"ParentExecId","Label":"ParentExecId","Category":"","Description":"","Attributes":1,"ValueType":"System.Guid"},"Value":"00000000-0000-0000-0000-000000000000"},{"Key":{"Id":"InnerResultsCount","Label":"InnerResultsCount","Category":"","Description":"","Attributes":1,"ValueType":"System.Int32"},"Value":0}]},{"TestCase":{"Id":"e24cc8fb-745b-e81c-73f9-2fc994551ca5","FullyQualifiedName":"Zadatak1.ProdavacTest.TestPovecanjaPrometa","DisplayName":"TestPovecanjaPrometa","ExecutorUri":"executor://MSTestAdapter/v2","Source":"C:\\Users\\User\\Documents\\GitHub\\Grupa-3-Verifikovani-i-Validirani-Softverasi\\Pijaca\\Zadatak1\\bin\\Debug\\net5.0\\fine-code-coverage\\build-output\\Zadatak1.dll","CodeFilePath":null,"LineNumber":-1,"Properties":[{"Key":{"Id":"TestCase.ManagedType","Label":"ManagedType","Category":"","Description":"","Attributes":1,"ValueType":"System.String"},"Value":"Zadatak1.ProdavacTest"},{"Key":{"Id":"TestCase.ManagedMethod","Label":"ManagedMethod","Category":"","Description":"","Attributes":1,"ValueType":"System.String"},"Value":"TestPovecanjaPrometa"},{"Key":{"Id":"MSTestDiscoverer.TestClassName","Label":"ClassName","Category":"","Description":"","Attributes":1,"ValueType":"System.String"},"Value":"Zadatak1.ProdavacTest"},{"Key":{"Id":"TestObject.Traits","Label":"Traits","Category":"","Description":"","Attributes":5,"ValueType":"System.Collections.Generic.KeyValuePair`2[[System.String],[System.String]][]"},"Value":[]}]},"Attachments":[],"Outcome":1,"ErrorMessage":null,"ErrorStackTrace":null,"DisplayName":null,"Messages":[],"ComputerName":null,"Duration":"00:00:00.0015652","StartTime":"2021-11-27T19:33:38.8167547+01:00","EndTime":"2021-11-27T19:33:38.8197549+01:00","Properties":[{"Key":{"Id":"ExecutionId","Label":"ExecutionId","Category":"","Description":"","Attributes":1,"ValueType":"System.Guid"},"Value":"00000000-0000-0000-0000-000000000000"},{"Key":{"Id":"ParentExecId","Label":"ParentExecId","Category":"","Description":"","Attributes":1,"ValueType":"System.Guid"},"Value":"00000000-0000-0000-0000-000000000000"},{"Key":{"Id":"InnerResultsCount","Label":"InnerResultsCount","Category":"","Description":"","Attributes":1,"ValueType":"System.Int32"},"Value":0}]},{"TestCase":{"Id":"e1e62ecb-27da-a0d2-0bac-6daf339d1ad6","FullyQualifiedName":"Zadatak1.ProdavacTest.TestNegativnogPrometa","DisplayName":"TestNegativnogPrometa","ExecutorUri":"executor://MSTestAdapter/v2","Source":"C:\\Users\\User\\Documents\\GitHub\\Grupa-3-Verifikovani-i-Validirani-Softverasi\\Pijaca\\Zadatak1\\bin\\Debug\\net5.0\\fine-code-coverage\\build-output\\Zadatak1.dll","CodeFilePath":null,"LineNumber":-1,"Properties":[{"Key":{"Id":"TestCase.ManagedType","Label":"ManagedType","Category":"","Description":"","Attributes":1,"ValueType":"System.String"},"Value":"Zadatak1.ProdavacTest"},{"Key":{"Id":"TestCase.ManagedMethod","Label":"ManagedMethod","Category":"","Description":"","Attributes":1,"ValueType":"System.String"},"Value":"TestNegativnogPrometa"},{"Key":{"Id":"MSTestDiscoverer.TestClassName","Label":"ClassName","Category":"","Description":"","Attributes":1,"ValueType":"System.String"},"Value":"Zadatak1.ProdavacTest"},{"Key":{"Id":"TestObject.Traits","Label":"Traits","Category":"","Description":"","Attributes":5,"ValueType":"System.Collections.Generic.KeyValuePair`2[[System.String],[System.String]][]"},"Value":[]}]},"Attachments":[],"Outcome":1,"ErrorMessage":null,"ErrorStackTrace":null,"DisplayName":null,"Messages":[],"ComputerName":null,"Duration":"00:00:00.0005617","StartTime":"2021-11-27T19:33:38.8257553+01:00","EndTime":"2021-11-27T19:33:38.8267553+01:00","Properties":[{"Key":{"Id":"ExecutionId","Label":"ExecutionId","Category":"","Description":"","Attributes":1,"ValueType":"System.Guid"},"Value":"00000000-0000-0000-0000-000000000000"},{"Key":{"Id":"ParentExecId","Label":"ParentExecId","Category":"","Description":"","Attributes":1,"ValueType":"System.Guid"},"Value":"00000000-0000-0000-0000-000000000000"},{"Key":{"Id":"InnerResultsCount","Label":"InnerResultsCount","Category":"","Description":"","Attributes":1,"ValueType":"System.Int32"},"Value":0}]},{"TestCase":{"Id":"a8c61c13-c118-f60b-ef21-581a039281e6","FullyQualifiedName":"Zadatak1.ZatvoriStandoveTestovi.NemaStandova","DisplayName":"NemaStandova","ExecutorUri":"executor://MSTestAdapter/v2","Source":"C:\\Users\\User\\Documents\\GitHub\\Grupa-3-Verifikovani-i-Validirani-Softverasi\\Pijaca\\Zadatak1\\bin\\Debug\\net5.0\\fine-code-coverage\\build-output\\Zadatak1.dll","CodeFilePath":null,"LineNumber":-1,"Properties":[{"Key":{"Id":"TestCase.ManagedType","Label":"ManagedType","Category":"","Description":"","Attributes":1,"ValueType":"System.String"},"Value":"Zadatak1.ZatvoriStandoveTestovi"},{"Key":{"Id":"TestCase.ManagedMethod","Label":"ManagedMethod","Category":"","Description":"","Attributes":1,"ValueType":"System.String"},"Value":"NemaStandova"},{"Key":{"Id":"MSTestDiscoverer.TestClassName","Label":"ClassName","Category":"","Description":"","Attributes":1,"ValueType":"System.String"},"Value":"Zadatak1.ZatvoriStandoveTestovi"},{"Key":{"Id":"TestObject.Traits","Label":"Traits","Category":"","Description":"","Attributes":5,"ValueType":"System.Collections.Generic.KeyValuePair`2[[System.String],[System.String]][]"},"Value":[]}]},"Attachments":[],"Outcome":1,"ErrorMessage":null,"ErrorStackTrace":null,"DisplayName":null,"Messages":[],"ComputerName":null,"Duration":"00:00:00.0048654","StartTime":"2021-11-27T19:33:38.8337557+01:00","EndTime":"2021-11-27T19:33:38.8397561+01:00","Properties":[{"Key":{"Id":"ExecutionId","Label":"ExecutionId","Category":"","Description":"","Attributes":1,"ValueType":"System.Guid"},"Value":"00000000-0000-0000-0000-000000000000"},{"Key":{"Id":"ParentExecId","Label":"ParentExecId","Category":"","Description":"","Attributes":1,"ValueType":"System.Guid"},"Value":"00000000-0000-0000-0000-000000000000"},{"Key":{"Id":"InnerResultsCount","Label":"InnerResultsCount","Category":"","Description":"","Attributes":1,"ValueType":"System.Int32"},"Value":0}]},{"TestCase":{"Id":"9eac1e30-1799-5f19-b585-91562a28e9c7","FullyQualifiedName":"Zadatak1.ZatvoriStandoveTestovi.nemaProdavaca","DisplayName":"nemaProdavaca","ExecutorUri":"executor://MSTestAdapter/v2","Source":"C:\\Users\\User\\Documents\\GitHub\\Grupa-3-Verifikovani-i-Validirani-Softverasi\\Pijaca\\Zadatak1\\bin\\Debug\\net5.0\\fine-code-coverage\\build-output\\Zadatak1.dll","CodeFilePath":null,"LineNumber":-1,"Properties":[{"Key":{"Id":"TestCase.ManagedType","Label":"ManagedType","Category":"","Description":"","Attributes":1,"ValueType":"System.String"},"Value":"Zadatak1.ZatvoriStandoveTestovi"},{"Key":{"Id":"TestCase.ManagedMethod","Label":"ManagedMethod","Category":"","Description":"","Attributes":1,"ValueType":"System.String"},"Value":"nemaProdavaca"},{"Key":{"Id":"MSTestDiscoverer.TestClassName","Label":"ClassName","Category":"","Description":"","Attributes":1,"ValueType":"System.String"},"Value":"Zadatak1.ZatvoriStandoveTestovi"},{"Key":{"Id":"TestObject.Traits","Label":"Traits","Category":"","Description":"","Attributes":5,"ValueType":"System.Collections.Generic.KeyValuePair`2[[System.String],[System.String]][]"},"Value":[]}]},"Attachments":[],"Outcome":1,"ErrorMessage":null,"ErrorStackTrace":null,"DisplayName":null,"Messages":[],"ComputerName":null,"Duration":"00:00:00.0018910","StartTime":"2021-11-27T19:33:38.8467565+01:00","EndTime":"2021-11-27T19:33:38.8487566+01:00","Properties":[{"Key":{"Id":"ExecutionId","Label":"ExecutionId","Category":"","Description":"","Attributes":1,"ValueType":"System.Guid"},"Value":"00000000-0000-0000-0000-000000000000"},{"Key":{"Id":"ParentExecId","Label":"ParentExecId","Category":"","Description":"","Attributes":1,"ValueType":"System.Guid"},"Value":"00000000-0000-0000-0000-000000000000"},{"Key":{"Id":"InnerResultsCount","Label":"InnerResultsCount","Category":"","Description":"","Attributes":1,"ValueType":"System.Int32"},"Value":0}]},{"TestCase":{"Id":"3ea1e50e-a2bb-2f55-f6cf-8f9d6b17d3c0","FullyQualifiedName":"Zadatak1.ZatvoriStandoveTestovi.prodavacNeaktivanINemaPara","DisplayName":"prodavacNeaktivanINemaPara","ExecutorUri":"executor://MSTestAdapter/v2","Source":"C:\\Users\\User\\Documents\\GitHub\\Grupa-3-Verifikovani-i-Validirani-Softverasi\\Pijaca\\Zadatak1\\bin\\Debug\\net5.0\\fine-code-coverage\\build-output\\Zadatak1.dll","CodeFilePath":null,"LineNumber":-1,"Properties":[{"Key":{"Id":"TestCase.ManagedType","Label":"ManagedType","Category":"","Description":"","Attributes":1,"ValueType":"System.String"},"Value":"Zadatak1.ZatvoriStandoveTestovi"},{"Key":{"Id":"TestCase.ManagedMethod","Label":"ManagedMethod","Category":"","Description":"","Attributes":1,"ValueType":"System.String"},"Value":"prodavacNeaktivanINemaPara"},{"Key":{"Id":"MSTestDiscoverer.TestClassName","Label":"ClassName","Category":"","Description":"","Attributes":1,"ValueType":"System.String"},"Value":"Zadatak1.ZatvoriStandoveTestovi"},{"Key":{"Id":"TestObject.Traits","Label":"Traits","Category":"","Description":"","Attributes":5,"ValueType":"System.Collections.Generic.KeyValuePair`2[[System.String],[System.String]][]"},"Value":[]}]},"Attachments":[],"Outcome":1,"ErrorMessage":null,"ErrorStackTrace":null,"DisplayName":null,"Messages":[],"ComputerName":null,"Duration":"00:00:00.0012156","StartTime":"2021-11-27T19:33:38.856757+01:00","EndTime":"2021-11-27T19:33:38.8577571+01:00","Properties":[{"Key":{"Id":"ExecutionId","Label":"ExecutionId","Category":"","Description":"","Attributes":1,"ValueType":"System.Guid"},"Value":"00000000-0000-0000-0000-000000000000"},{"Key":{"Id":"ParentExecId","Label":"ParentExecId","Category":"","Description":"","Attributes":1,"ValueType":"System.Guid"},"Value":"00000000-0000-0000-0000-000000000000"},{"Key":{"Id":"InnerResultsCount","Label":"InnerResultsCount","Category":"","Description":"","Attributes":1,"ValueType":"System.Int32"},"Value":0}]},{"TestCase":{"Id":"6b9b088f-93b2-6e53-34ec-9d7ea7e9e9d8","FullyQualifiedName":"Zadatak1.ZatvoriStandoveTestovi.prodavacNeaktivanAliImaPara","DisplayName":"prodavacNeaktivanAliImaPara","ExecutorUri":"executor://MSTestAdapter/v2","Source":"C:\\Users\\User\\Documents\\GitHub\\Grupa-3-Verifikovani-i-Validirani-Softverasi\\Pijaca\\Zadatak1\\bin\\Debug\\net5.0\\fine-code-coverage\\build-output\\Zadatak1.dll","CodeFilePath":null,"LineNumber":-1,"Properties":[{"Key":{"Id":"TestCase.ManagedType","Label":"ManagedType","Category":"","Description":"","Attributes":1,"ValueType":"System.String"},"Value":"Zadatak1.ZatvoriStandoveTestovi"},{"Key":{"Id":"TestCase.ManagedMethod","Label":"ManagedMethod","Category":"","Description":"","Attributes":1,"ValueType":"System.String"},"Value":"prodavacNeaktivanAliImaPara"},{"Key":{"Id":"MSTestDiscoverer.TestClassName","Label":"ClassName","Category":"","Description":"","Attributes":1,"ValueType":"System.String"},"Value":"Zadatak1.ZatvoriStandoveTestovi"},{"Key":{"Id":"TestObject.Traits","Label":"Traits","Category":"","Description":"","Attributes":5,"ValueType":"System.Collections.Generic.KeyValuePair`2[[System.String],[System.String]][]"},"Value":[]}]},"Attachments":[],"Outcome":1,"ErrorMessage":null,"ErrorStackTrace":null,"DisplayName":null,"Messages":[],"ComputerName":null,"Duration":"00:00:00.0006935","StartTime":"2021-11-27T19:33:38.8647575+01:00","EndTime":"2021-11-27T19:33:38.8667576+01:00","Properties":[{"Key":{"Id":"ExecutionId","Label":"ExecutionId","Category":"","Description":"","Attributes":1,"ValueType":"System.Guid"},"Value":"00000000-0000-0000-0000-000000000000"},{"Key":{"Id":"ParentExecId","Label":"ParentExecId","Category":"","Description":"","Attributes":1,"ValueType":"System.Guid"},"Value":"00000000-0000-0000-0000-000000000000"},{"Key":{"Id":"InnerResultsCount","Label":"InnerResultsCount","Category":"","Description":"","Attributes":1,"ValueType":"System.Int32"},"Value":0}]}],"TestRunStatistics":{"ExecutedTests":9,"Stats":{"Passed":9}},"ActiveTests":[{"Id":"1a227832-5551-7933-99cc-71f9a09dd9a3","FullyQualifiedName":"Zadatak1.ZatvoriStandoveTestovi.prodavacImaParaAliIstekaoZakup","DisplayName":"prodavacImaParaAliIstekaoZakup","ExecutorUri":"executor://MSTestAdapter/v2","Source":"C:\\Users\\User\\Documents\\GitHub\\Grupa-3-Verifikovani-i-Validirani-Softverasi\\Pijaca\\Zadatak1\\bin\\Debug\\net5.0\\fine-code-coverage\\build-output\\Zadatak1.dll","CodeFilePath":null,"LineNumber":-1,"Properties":[{"Key":{"Id":"TestCase.ManagedType","Label":"ManagedType","Category":"","Description":"","Attributes":1,"ValueType":"System.String"},"Value":"Zadatak1.ZatvoriStandoveTestovi"},{"Key":{"Id":"TestCase.ManagedMethod","Label":"ManagedMethod","Category":"","Description":"","Attributes":1,"ValueType":"System.String"},"Value":"prodavacImaParaAliIstekaoZakup"},{"Key":{"Id":"MSTestDiscoverer.TestClassName","Label":"ClassName","Category":"","Description":"","Attributes":1,"ValueType":"System.String"},"Value":"Zadatak1.ZatvoriStandoveTestovi"},{"Key":{"Id":"TestObject.Traits","Label":"Traits","Category":"","Description":"","Attributes":5,"ValueType":"System.Collections.Generic.KeyValuePair`2[[System.String],[System.String]][]"},"Value":[]}]}]}}
TpTrace Verbose: 0 : 12332, 4, 2021/11/27, 19:33:38.942, 749393862018, testhost.dll, TestRunCache: OnNewTestResult: Notified the onCacheHit callback.
TpTrace Information: 0 : 12332, 4, 2021/11/27, 19:33:38.945, 749393872828, testhost.dll, MSTest - Executing test prodavacImaParaAliIstekaoZakup
TpTrace Information: 0 : 12332, 4, 2021/11/27, 19:33:38.946, 749393878584, testhost.dll, MSTest - Executed test prodavacImaParaAliIstekaoZakup
TpTrace Verbose: 0 : 12332, 4, 2021/11/27, 19:33:38.947, 749393879196, testhost.dll, TestExecutionRecorder.RecordEnd: test: Zadatak1.ZatvoriStandoveTestovi.prodavacImaParaAliIstekaoZakup execution completed.
TpTrace Warning: 0 : 12332, 4, 2021/11/27, 19:33:38.947, 749393879368, testhost.dll, TestRunCache: InProgressTests is null
TpTrace Verbose: 0 : 12332, 4, 2021/11/27, 19:33:38.949, 749393890165, testhost.dll, TestExecutionRecorder.RecordResult: Received result for test: Zadatak1.ZatvoriStandoveTestovi.prodavacImaParaAliIstekaoZakup.
TpTrace Warning: 0 : 12332, 4, 2021/11/27, 19:33:38.950, 749393890555, testhost.dll, TestRunCache: InProgressTests is null
TpTrace Warning: 0 : 12332, 4, 2021/11/27, 19:33:38.950, 749393890724, testhost.dll, TestRunCache: No test found corresponding to testResult '' in inProgress list.
TpTrace Information: 0 : 12332, 4, 2021/11/27, 19:33:38.950, 749393892016, testhost.dll, MSTest - Executing cleanup methods.
TpTrace Information: 0 : 12332, 4, 2021/11/27, 19:33:38.952, 749393900309, testhost.dll, MSTest - Executed cleanup methods.
TpTrace Information: 0 : 12332, 4, 2021/11/27, 19:33:38.952, 749393900738, testhost.dll, MSTest - Executed tests belonging to source C:\Users\User\Documents\GitHub\Grupa-3-Verifikovani-i-Validirani-Softverasi\Pijaca\Zadatak1\bin\Debug\net5.0\fine-code-coverage\build-output\Zadatak1.dll
TpTrace Information: 0 : 12332, 4, 2021/11/27, 19:33:38.953, 749393902114, testhost.dll, Deleting deployment directory C:\Users\User\Documents\GitHub\Grupa-3-Verifikovani-i-Validirani-Softverasi\Pijaca\Zadatak1\bin\Debug\net5.0\fine-code-coverage\coverage-tool-output\Deploy_User 2021-11-27 19_33_38
TpTrace Information: 0 : 12332, 4, 2021/11/27, 19:33:38.987, 749394028552, testhost.dll, Deleted deployment directory C:\Users\User\Documents\GitHub\Grupa-3-Verifikovani-i-Validirani-Softverasi\Pijaca\Zadatak1\bin\Debug\net5.0\fine-code-coverage\coverage-tool-output\Deploy_User 2021-11-27 19_33_38
TpTrace Verbose: 0 : 12332, 4, 2021/11/27, 19:33:38.988, 749394031499, testhost.dll, BaseRunTests.RunTestInternalWithExecutors: Completed running tests for executor://MSTestAdapter/v2
TpTrace Information: 0 : 12332, 4, 2021/11/27, 19:33:38.992, 749394049387, testhost.dll, Sending test run complete
TpTrace Verbose: 0 : 12332, 4, 2021/11/27, 19:33:39.012, 749394121602, testhost.dll, TestRequestHandler.SendData:  sending data from testhost: {"Version":5,"MessageType":"TestExecution.Completed","Payload":{"TestRunCompleteArgs":{"TestRunStatistics":{"ExecutedTests":10,"Stats":{"Passed":10}},"IsCanceled":false,"IsAborted":false,"Error":null,"AttachmentSets":[],"ElapsedTimeInRunningTests":"00:00:00.5517015","Metrics":{}},"LastRunTests":{"NewTestResults":[{"TestCase":{"Id":"1a227832-5551-7933-99cc-71f9a09dd9a3","FullyQualifiedName":"Zadatak1.ZatvoriStandoveTestovi.prodavacImaParaAliIstekaoZakup","DisplayName":"prodavacImaParaAliIstekaoZakup","ExecutorUri":"executor://MSTestAdapter/v2","Source":"C:\\Users\\User\\Documents\\GitHub\\Grupa-3-Verifikovani-i-Validirani-Softverasi\\Pijaca\\Zadatak1\\bin\\Debug\\net5.0\\fine-code-coverage\\build-output\\Zadatak1.dll","CodeFilePath":null,"LineNumber":-1,"Properties":[{"Key":{"Id":"TestCase.ManagedType","Label":"ManagedType","Category":"","Description":"","Attributes":1,"ValueType":"System.String"},"Value":"Zadatak1.ZatvoriStandoveTestovi"},{"Key":{"Id":"TestCase.ManagedMethod","Label":"ManagedMethod","Category":"","Description":"","Attributes":1,"ValueType":"System.String"},"Value":"prodavacImaParaAliIstekaoZakup"},{"Key":{"Id":"MSTestDiscoverer.TestClassName","Label":"ClassName","Category":"","Description":"","Attributes":1,"ValueType":"System.String"},"Value":"Zadatak1.ZatvoriStandoveTestovi"},{"Key":{"Id":"TestObject.Traits","Label":"Traits","Category":"","Description":"","Attributes":5,"ValueType":"System.Collections.Generic.KeyValuePair`2[[System.String],[System.String]][]"},"Value":[]}]},"Attachments":[],"Outcome":1,"ErrorMessage":null,"ErrorStackTrace":null,"DisplayName":null,"Messages":[],"ComputerName":null,"Duration":"00:00:00.0012080","StartTime":"2021-11-27T19:33:38.9457621+01:00","EndTime":"2021-11-27T19:33:38.9467622+01:00","Properties":[{"Key":{"Id":"ExecutionId","Label":"ExecutionId","Category":"","Description":"","Attributes":1,"ValueType":"System.Guid"},"Value":"00000000-0000-0000-0000-000000000000"},{"Key":{"Id":"ParentExecId","Label":"ParentExecId","Category":"","Description":"","Attributes":1,"ValueType":"System.Guid"},"Value":"00000000-0000-0000-0000-000000000000"},{"Key":{"Id":"InnerResultsCount","Label":"InnerResultsCount","Category":"","Description":"","Attributes":1,"ValueType":"System.Int32"},"Value":0}]}],"TestRunStatistics":{"ExecutedTests":10,"Stats":{"Passed":10}},"ActiveTests":[]},"RunAttachments":[],"ExecutorUris":["executor://mstestadapter/v2"]}}
TpTrace Verbose: 0 : 12332, 4, 2021/11/27, 19:33:39.012, 749394123627, testhost.dll, BaseRunTests.RunTests: Run is complete.
TpTrace Verbose: 0 : 12332, 10, 2021/11/27, 19:33:39.044, 749394242804, testhost.dll, TcpClientExtensions.MessageLoopAsync: NotifyDataAvailable remoteEndPoint: [::ffff:127.0.0.1]:64197 localEndPoint: [::ffff:127.0.0.1]:64198
TpTrace Information: 0 : 12332, 10, 2021/11/27, 19:33:39.044, 749394243614, testhost.dll, TestRequestHandler.ProcessRequests: received message: (TestSession.Terminate) -> null
TpTrace Information: 0 : 12332, 10, 2021/11/27, 19:33:39.044, 749394243825, testhost.dll, Session End message received from server. Closing the connection.
TpTrace Information: 0 : 12332, 10, 2021/11/27, 19:33:39.044, 749394245249, testhost.dll, SocketClient.Stop: Stop communication from server endpoint: 127.0.0.1:064197
TpTrace Information: 0 : 12332, 10, 2021/11/27, 19:33:39.044, 749394245493, testhost.dll, SocketClient: Stop: Cancellation requested. Stopping message loop.
TpTrace Verbose: 0 : 12332, 10, 2021/11/27, 19:33:39.044, 749394246275, testhost.dll, LengthPrefixCommunicationChannel.Dispose: Dispose reader and writer.
TpTrace Information: 0 : 12332, 10, 2021/11/27, 19:33:39.044, 749394246500, testhost.dll, Closing the connection !
TpTrace Information: 0 : 12332, 10, 2021/11/27, 19:33:39.044, 749394247502, testhost.dll, SocketClient.PrivateStop: Stop communication from server endpoint: 127.0.0.1:064197, error:
TpTrace Verbose: 0 : 12332, 10, 2021/11/27, 19:33:39.044, 749394251491, testhost.dll, LengthPrefixCommunicationChannel.Dispose: Dispose reader and writer.
TpTrace Verbose: 0 : 12332, 10, 2021/11/27, 19:33:39.044, 749394251975, testhost.dll, TcpClientExtensions.MessageLoopAsync: exiting MessageLoopAsync remoteEndPoint: [::ffff:127.0.0.1]:64197 localEndPoint: [::ffff:127.0.0.1]:64198
TpTrace Information: 0 : 12332, 1, 2021/11/27, 19:33:39.044, 749394256007, testhost.dll, Closing the connection !
TpTrace Information: 0 : 12332, 1, 2021/11/27, 19:33:39.044, 749394256690, testhost.dll, SocketClient.Stop: Stop communication from server endpoint: 127.0.0.1:064197
TpTrace Verbose: 0 : 12332, 1, 2021/11/27, 19:33:39.044, 749394256826, testhost.dll, LengthPrefixCommunicationChannel.Dispose: Dispose reader and writer.
TpTrace Information: 0 : 12332, 1, 2021/11/27, 19:33:39.044, 749394257326, testhost.dll, Testhost process exiting.
