TpTrace Verbose: 0 : 5984, 1, 2021/11/18, 15:25:27.262, 816936746487, testhost.dll, Version: 16.9.4
TpTrace Information: 0 : 5984, 1, 2021/11/18, 15:25:27.270, 816936793987, testhost.dll, DefaultEngineInvoker.Invoke: Testhost process started with args :[--port, 64101],[--endpoint, 127.0.0.1:064101],[--role, client],[--parentprocessid, 7472],[--diag, C:\Users\Armin\Documents\GitHub\Grupa-3-Verifikovani-i-Validirani-Softverasi\Pijaca\Zadatak1\bin\Debug\net5.0\fine-code-coverage\coverage-tool-output\diagnostics.host.21-11-18_15-25-27_10307_6.log],[--tracelevel, 4],[--datacollectionport, 64100],[--telemetryoptedin, false]
TpTrace Information: 0 : 5984, 1, 2021/11/18, 15:25:27.272, 816936807775, testhost.dll, Setting up debug trace listener.
TpTrace Verbose: 0 : 5984, 1, 2021/11/18, 15:25:27.272, 816936810003, testhost.dll, TestPlatformTraceListener.Setup: Replacing listener 0 with TestHostTraceListener.
TpTrace Verbose: 0 : 5984, 1, 2021/11/18, 15:25:27.272, 816936810542, testhost.dll, TestPlatformTraceListener.Setup: Added test platform trace listener.
TpTrace Information: 0 : 5984, 1, 2021/11/18, 15:25:27.272, 816936814993, testhost.dll, DefaultEngineInvoker.SetParentProcessExitCallback: Monitoring parent process with id: '7472'
TpTrace Information: 0 : 5984, 1, 2021/11/18, 15:25:27.279, 816936879631, testhost.dll, DefaultEngineInvoker.GetConnectionInfo: Initialize communication on endpoint address: '127.0.0.1:064101'
TpTrace Information: 0 : 5984, 1, 2021/11/18, 15:25:27.296, 816937051640, testhost.dll, SocketClient.Start: connecting to server endpoint: 127.0.0.1:064101
TpTrace Information: 0 : 5984, 1, 2021/11/18, 15:25:27.304, 816937129669, testhost.dll, DefaultEngineInvoker.ConnectToDatacollector: Connecting to datacollector, port: 64100
TpTrace Information: 0 : 5984, 6, 2021/11/18, 15:25:27.305, 816937140936, testhost.dll, SocketClient.OnServerConnected: connected to server endpoint: 127.0.0.1:064101
TpTrace Verbose: 0 : 5984, 6, 2021/11/18, 15:25:27.307, 816937164313, testhost.dll, Connected to server, and starting MessageLoopAsync
TpTrace Information: 0 : 5984, 1, 2021/11/18, 15:25:27.308, 816937170707, testhost.dll, Trying to connect to server on socket : 127.0.0.1:64100 
TpTrace Verbose: 0 : 5984, 1, 2021/11/18, 15:25:27.308, 816937174339, testhost.dll, SocketCommunicationManager : SetupClientAsync : Attempting to connect to the server.
TpTrace Information: 0 : 5984, 9, 2021/11/18, 15:25:27.310, 816937189832, testhost.dll, Connected to the server successfully 
TpTrace Information: 0 : 5984, 9, 2021/11/18, 15:25:27.310, 816937190989, testhost.dll, Using the buffer size of 16384 bytes
TpTrace Verbose: 0 : 5984, 6, 2021/11/18, 15:25:27.310, 816937191662, testhost.dll, TcpClientExtensions.MessageLoopAsync: Polling on remoteEndPoint: [::ffff:127.0.0.1]:64101 localEndPoint: [::ffff:127.0.0.1]:64102
TpTrace Verbose: 0 : 5984, 6, 2021/11/18, 15:25:27.310, 816937194663, testhost.dll, TcpClientExtensions.MessageLoopAsync: NotifyDataAvailable remoteEndPoint: [::ffff:127.0.0.1]:64101 localEndPoint: [::ffff:127.0.0.1]:64102
TpTrace Information: 0 : 5984, 1, 2021/11/18, 15:25:27.310, 816937194862, testhost.dll, DefaultEngineInvoker.Invoke: Start Request Processing.
TpTrace Information: 0 : 5984, 11, 2021/11/18, 15:25:27.311, 816937204111, testhost.dll, DefaultEngineInvoker.StartProcessingAsync: Connected to vstest.console, Starting process requests.
TpTrace Information: 0 : 5984, 6, 2021/11/18, 15:25:27.428, 816938370509, testhost.dll, TestRequestHandler.ProcessRequests: received message: (ProtocolVersion) -> 5
TpTrace Verbose: 0 : 5984, 6, 2021/11/18, 15:25:27.456, 816938655646, testhost.dll, TestRequestHandler.SendData:  sending data from testhost: {"Version":5,"MessageType":"TestSession.Message","Payload":{"MessageLevel":0,"Message":"Logging TestHost Diagnostics in file: C:\\Users\\Armin\\Documents\\GitHub\\Grupa-3-Verifikovani-i-Validirani-Softverasi\\Pijaca\\Zadatak1\\bin\\Debug\\net5.0\\fine-code-coverage\\coverage-tool-output\\diagnostics.host.21-11-18_15-25-27_10307_6.log"}}
TpTrace Verbose: 0 : 5984, 6, 2021/11/18, 15:25:27.457, 816938657904, testhost.dll, TcpClientExtensions.MessageLoopAsync: Polling on remoteEndPoint: [::ffff:127.0.0.1]:64101 localEndPoint: [::ffff:127.0.0.1]:64102
TpTrace Verbose: 0 : 5984, 6, 2021/11/18, 15:25:27.457, 816938659132, testhost.dll, TcpClientExtensions.MessageLoopAsync: NotifyDataAvailable remoteEndPoint: [::ffff:127.0.0.1]:64101 localEndPoint: [::ffff:127.0.0.1]:64102
TpTrace Information: 0 : 5984, 6, 2021/11/18, 15:25:27.460, 816938691159, testhost.dll, TestRequestHandler.ProcessRequests: received message: (TestExecution.Initialize) -> [
  "C:\\Users\\Armin\\Documents\\GitHub\\Grupa-3-Verifikovani-i-Validirani-Softverasi\\Pijaca\\Zadatak1\\bin\\Debug\\net5.0\\fine-code-coverage\\build-output\\Microsoft.VisualStudio.TestPlatform.MSTest.TestAdapter.dll"
]
TpTrace Information: 0 : 5984, 6, 2021/11/18, 15:25:27.460, 816938692770, testhost.dll, Execution Session Initialize.
TpTrace Verbose: 0 : 5984, 6, 2021/11/18, 15:25:27.467, 816938761998, testhost.dll, TcpClientExtensions.MessageLoopAsync: Polling on remoteEndPoint: [::ffff:127.0.0.1]:64101 localEndPoint: [::ffff:127.0.0.1]:64102
TpTrace Verbose: 0 : 5984, 6, 2021/11/18, 15:25:27.467, 816938763389, testhost.dll, TcpClientExtensions.MessageLoopAsync: NotifyDataAvailable remoteEndPoint: [::ffff:127.0.0.1]:64101 localEndPoint: [::ffff:127.0.0.1]:64102
TpTrace Verbose: 0 : 5984, 4, 2021/11/18, 15:25:27.469, 816938781483, testhost.dll, TestExecutorService: Loading the extensions
TpTrace Information: 0 : 5984, 6, 2021/11/18, 15:25:27.470, 816938787616, testhost.dll, TestRequestHandler.ProcessRequests: received message: (TestExecution.StartWithSources) -> {
  "AdapterSourceMap": {
    "_none_": [
      "C:\\Users\\Armin\\Documents\\GitHub\\Grupa-3-Verifikovani-i-Validirani-Softverasi\\Pijaca\\Zadatak1\\bin\\Debug\\net5.0\\fine-code-coverage\\build-output\\Zadatak1.dll"
    ]
  },
  "RunSettings": "<RunSettings>\r\n  <RunConfiguration>\r\n    <ResultsDirectory>C:\\Users\\Armin\\Documents\\GitHub\\Grupa-3-Verifikovani-i-Validirani-Softverasi\\Pijaca\\Zadatak1\\bin\\Debug\\net5.0\\fine-code-coverage\\coverage-tool-output</ResultsDirectory>\r\n    <TargetPlatform>X64</TargetPlatform>\r\n    <TargetFrameworkVersion>.NETCoreApp,Version=v5.0</TargetFrameworkVersion>\r\n    <DesignMode>False</DesignMode>\r\n    <CollectSourceInformation>False</CollectSourceInformation>\r\n  </RunConfiguration>\r\n  <LoggerRunSettings>\r\n    <Loggers>\r\n      <Logger friendlyName=\"blame\" enabled=\"True\" />\r\n      <Logger friendlyName=\"Console\" uri=\"logger://microsoft/TestPlatform/ConsoleLogger/v1\" assemblyQualifiedName=\"Microsoft.VisualStudio.TestPlatform.CommandLine.Internal.ConsoleLogger, vstest.console, Version=15.0.0.0, Culture=neutral, PublicKeyToken=b03f5f7f11d50a3a\" codeBase=\"C:\\Program Files\\dotnet\\sdk\\5.0.402\\vstest.console.dll\" enabled=\"True\" />\r\n    </Loggers>\r\n  </LoggerRunSettings>\r\n  <DataCollectionRunSettings>\r\n    <DataCollectors>\r\n      <DataCollector friendlyName=\"blame\" enabled=\"True\">\r\n        <Configuration>\r\n          <ResultsDirectory>C:\\Users\\Armin\\Documents\\GitHub\\Grupa-3-Verifikovani-i-Validirani-Softverasi\\Pijaca\\Zadatak1\\bin\\Debug\\net5.0\\fine-code-coverage\\coverage-tool-output</ResultsDirectory>\r\n        </Configuration>\r\n      </DataCollector>\r\n    </DataCollectors>\r\n  </DataCollectionRunSettings>\r\n</RunSettings>",
  "TestExecutionContext": {
    "FrequencyOfRunStatsChangeEvent": 10,
    "RunStatsChangeEventTimeout": "00:00:01.5000000",
    "InIsolation": false,
    "KeepAlive": false,
    "AreTestCaseLevelEventsRequired": false,
    "IsDebug": false,
    "TestCaseFilter": null,
    "FilterOptions": null
  },
  "Package": null
}
TpTrace Information: 0 : 5984, 6, 2021/11/18, 15:25:27.470, 816938788750, testhost.dll, Execution started.
TpTrace Verbose: 0 : 5984, 4, 2021/11/18, 15:25:27.470, 816938796074, testhost.dll, TestPluginCache.DiscoverTestExtensions: finding test extensions in assemblies ends with: TestAdapter.dll TPluginInfo: Microsoft.VisualStudio.TestPlatform.Common.ExtensionFramework.Utilities.TestExecutorPluginInformation TExtension: Microsoft.VisualStudio.TestPlatform.ObjectModel.Adapter.ITestExecutor
TpTrace Verbose: 0 : 5984, 4, 2021/11/18, 15:25:27.472, 816938813536, testhost.dll, TestPluginCache.GetExtensionPaths: Filtered extension paths: 
TpTrace Verbose: 0 : 5984, 4, 2021/11/18, 15:25:27.473, 816938817427, testhost.dll, TestPluginCache.GetExtensionPaths: Added default extension paths: C:\Users\Armin\Documents\GitHub\Grupa-3-Verifikovani-i-Validirani-Softverasi\Pijaca\Zadatak1\bin\Debug\net5.0\fine-code-coverage\build-output\Microsoft.VisualStudio.TestPlatform.MSTest.TestAdapter.dll
TpTrace Verbose: 0 : 5984, 4, 2021/11/18, 15:25:27.473, 816938818130, testhost.dll, TestPluginCache.GetExtensionPaths: Added unfilterableExtensionPaths: 
TpTrace Information: 0 : 5984, 4, 2021/11/18, 15:25:27.475, 816938839984, testhost.dll, AssemblyResolver.ctor: Creating AssemblyResolver with searchDirectories C:\Users\Armin\Documents\GitHub\Grupa-3-Verifikovani-i-Validirani-Softverasi\Pijaca\Zadatak1\bin\Debug\net5.0\fine-code-coverage\build-output
TpTrace Verbose: 0 : 5984, 4, 2021/11/18, 15:25:27.477, 816938856268, testhost.dll, TestPluginCache.DiscoverTestExtensions: Discovering the extensions using extension path.
TpTrace Verbose: 0 : 5984, 4, 2021/11/18, 15:25:27.477, 816938857935, testhost.dll, TestPluginCache.GetExtensionPaths: Filtered extension paths: 
TpTrace Verbose: 0 : 5984, 4, 2021/11/18, 15:25:27.477, 816938859036, testhost.dll, TestPluginCache.GetExtensionPaths: Added default extension paths: C:\Users\Armin\Documents\GitHub\Grupa-3-Verifikovani-i-Validirani-Softverasi\Pijaca\Zadatak1\bin\Debug\net5.0\fine-code-coverage\build-output\Microsoft.VisualStudio.TestPlatform.MSTest.TestAdapter.dll
TpTrace Verbose: 0 : 5984, 4, 2021/11/18, 15:25:27.477, 816938859361, testhost.dll, TestPluginCache.GetExtensionPaths: Added unfilterableExtensionPaths: 
TpTrace Verbose: 0 : 5984, 4, 2021/11/18, 15:25:27.477, 816938859932, testhost.dll, TestPluginCache.DiscoverTestExtensions: Discovering the extensions using allExtensionPaths: C:\Users\Armin\Documents\GitHub\Grupa-3-Verifikovani-i-Validirani-Softverasi\Pijaca\Zadatak1\bin\Debug\net5.0\fine-code-coverage\build-output\Microsoft.VisualStudio.TestPlatform.MSTest.TestAdapter.dll
TpTrace Information: 0 : 5984, 4, 2021/11/18, 15:25:27.478, 816938867819, testhost.dll, AssemblyResolver.AddSearchDirectories: Adding more searchDirectories C:\Users\Armin\Documents\GitHub\Grupa-3-Verifikovani-i-Validirani-Softverasi\Pijaca\Zadatak1\bin\Debug\net5.0\fine-code-coverage\build-output
TpTrace Information: 0 : 5984, 4, 2021/11/18, 15:25:27.482, 816938909312, testhost.dll, AssemblyResolver.OnResolve: Microsoft.VisualStudio.TestPlatform.MSTest.TestAdapter: Resolving assembly.
TpTrace Information: 0 : 5984, 4, 2021/11/18, 15:25:27.483, 816938924022, testhost.dll, AssemblyResolver.OnResolve: Resolved assembly: Microsoft.VisualStudio.TestPlatform.MSTest.TestAdapter, from path: C:\Users\Armin\Documents\GitHub\Grupa-3-Verifikovani-i-Validirani-Softverasi\Pijaca\Zadatak1\bin\Debug\net5.0\fine-code-coverage\build-output\Microsoft.VisualStudio.TestPlatform.MSTest.TestAdapter.dll
TpTrace Verbose: 0 : 5984, 4, 2021/11/18, 15:25:27.489, 816938979494, testhost.dll, TestPluginCache: Discovered the extensions using extension path ''.
TpTrace Verbose: 0 : 5984, 4, 2021/11/18, 15:25:27.489, 816938983451, testhost.dll, TestPluginCache: Discoverers are ''.
TpTrace Verbose: 0 : 5984, 4, 2021/11/18, 15:25:27.489, 816938984618, testhost.dll, TestPluginCache: Executors are 'executor://MSTestAdapter/v2'.
TpTrace Verbose: 0 : 5984, 4, 2021/11/18, 15:25:27.489, 816938985240, testhost.dll, TestPluginCache: Executors2 are ''.
TpTrace Verbose: 0 : 5984, 4, 2021/11/18, 15:25:27.489, 816938985831, testhost.dll, TestPluginCache: Setting providers are ''.
TpTrace Verbose: 0 : 5984, 4, 2021/11/18, 15:25:27.490, 816938987191, testhost.dll, TestPluginCache: Loggers are ''.
TpTrace Verbose: 0 : 5984, 6, 2021/11/18, 15:25:27.492, 816939012236, testhost.dll, TcpClientExtensions.MessageLoopAsync: Polling on remoteEndPoint: [::ffff:127.0.0.1]:64101 localEndPoint: [::ffff:127.0.0.1]:64102
TpTrace Verbose: 0 : 5984, 4, 2021/11/18, 15:25:27.492, 816939012747, testhost.dll, TestPluginCache.DiscoverTestExtensions: finding test extensions in assemblies ends with: TestAdapter.dll TPluginInfo: Microsoft.VisualStudio.TestPlatform.Common.ExtensionFramework.Utilities.TestExecutorPluginInformation2 TExtension: Microsoft.VisualStudio.TestPlatform.ObjectModel.Adapter.ITestExecutor2
TpTrace Verbose: 0 : 5984, 4, 2021/11/18, 15:25:27.493, 816939017916, testhost.dll, TestPluginCache.GetExtensionPaths: Filtered extension paths: 
TpTrace Verbose: 0 : 5984, 4, 2021/11/18, 15:25:27.493, 816939018421, testhost.dll, TestPluginCache.GetExtensionPaths: Added default extension paths: C:\Users\Armin\Documents\GitHub\Grupa-3-Verifikovani-i-Validirani-Softverasi\Pijaca\Zadatak1\bin\Debug\net5.0\fine-code-coverage\build-output\Microsoft.VisualStudio.TestPlatform.MSTest.TestAdapter.dll
TpTrace Verbose: 0 : 5984, 4, 2021/11/18, 15:25:27.493, 816939019176, testhost.dll, TestPluginCache.GetExtensionPaths: Added unfilterableExtensionPaths: 
TpTrace Information: 0 : 5984, 4, 2021/11/18, 15:25:27.493, 816939021975, testhost.dll, AssemblyResolver.AddSearchDirectories: Adding more searchDirectories C:\Users\Armin\Documents\GitHub\Grupa-3-Verifikovani-i-Validirani-Softverasi\Pijaca\Zadatak1\bin\Debug\net5.0\fine-code-coverage\build-output
TpTrace Verbose: 0 : 5984, 4, 2021/11/18, 15:25:27.493, 816939022409, testhost.dll, TestPluginCache.DiscoverTestExtensions: Discovering the extensions using extension path.
TpTrace Verbose: 0 : 5984, 4, 2021/11/18, 15:25:27.493, 816939023058, testhost.dll, TestPluginCache.GetExtensionPaths: Filtered extension paths: 
TpTrace Verbose: 0 : 5984, 4, 2021/11/18, 15:25:27.493, 816939024126, testhost.dll, TestPluginCache.GetExtensionPaths: Added default extension paths: C:\Users\Armin\Documents\GitHub\Grupa-3-Verifikovani-i-Validirani-Softverasi\Pijaca\Zadatak1\bin\Debug\net5.0\fine-code-coverage\build-output\Microsoft.VisualStudio.TestPlatform.MSTest.TestAdapter.dll
TpTrace Verbose: 0 : 5984, 4, 2021/11/18, 15:25:27.493, 816939024386, testhost.dll, TestPluginCache.GetExtensionPaths: Added unfilterableExtensionPaths: 
TpTrace Verbose: 0 : 5984, 4, 2021/11/18, 15:25:27.493, 816939025536, testhost.dll, TestPluginCache.DiscoverTestExtensions: Discovering the extensions using allExtensionPaths: C:\Users\Armin\Documents\GitHub\Grupa-3-Verifikovani-i-Validirani-Softverasi\Pijaca\Zadatak1\bin\Debug\net5.0\fine-code-coverage\build-output\Microsoft.VisualStudio.TestPlatform.MSTest.TestAdapter.dll
TpTrace Information: 0 : 5984, 4, 2021/11/18, 15:25:27.493, 816939025902, testhost.dll, AssemblyResolver.AddSearchDirectories: Adding more searchDirectories C:\Users\Armin\Documents\GitHub\Grupa-3-Verifikovani-i-Validirani-Softverasi\Pijaca\Zadatak1\bin\Debug\net5.0\fine-code-coverage\build-output
TpTrace Verbose: 0 : 5984, 4, 2021/11/18, 15:25:27.494, 816939030335, testhost.dll, TestPluginCache: Discovered the extensions using extension path ''.
TpTrace Verbose: 0 : 5984, 4, 2021/11/18, 15:25:27.494, 816939031244, testhost.dll, TestPluginCache: Discoverers are ''.
TpTrace Verbose: 0 : 5984, 4, 2021/11/18, 15:25:27.494, 816939031658, testhost.dll, TestPluginCache: Executors are 'executor://MSTestAdapter/v2'.
TpTrace Verbose: 0 : 5984, 4, 2021/11/18, 15:25:27.494, 816939032278, testhost.dll, TestPluginCache: Executors2 are ''.
TpTrace Verbose: 0 : 5984, 4, 2021/11/18, 15:25:27.494, 816939032604, testhost.dll, TestPluginCache: Setting providers are ''.
TpTrace Verbose: 0 : 5984, 4, 2021/11/18, 15:25:27.494, 816939032855, testhost.dll, TestPluginCache: Loggers are ''.
TpTrace Information: 0 : 5984, 4, 2021/11/18, 15:25:27.499, 816939083815, testhost.dll, TestPluginManager.CreateTestExtension: Attempting to load test extension: Microsoft.VisualStudio.TestPlatform.MSTest.TestAdapter.MSTestExecutor
TpTrace Verbose: 0 : 5984, 4, 2021/11/18, 15:25:27.506, 816939153827, testhost.dll, TestExecutorExtensionManager: Loading executor Microsoft.VisualStudio.TestPlatform.MSTest.TestAdapter.MSTestExecutor
TpTrace Verbose: 0 : 5984, 4, 2021/11/18, 15:25:27.506, 816939155480, testhost.dll, TestExecutorService: Loaded the executors
TpTrace Verbose: 0 : 5984, 4, 2021/11/18, 15:25:27.507, 816939162704, testhost.dll, TestPluginCache.DiscoverTestExtensions: finding test extensions in assemblies ends with: TestAdapter.dll TPluginInfo: Microsoft.VisualStudio.TestPlatform.Common.ExtensionFramework.Utilities.TestSettingsProviderPluginInformation TExtension: Microsoft.VisualStudio.TestPlatform.ObjectModel.Adapter.ISettingsProvider
TpTrace Verbose: 0 : 5984, 4, 2021/11/18, 15:25:27.507, 816939163712, testhost.dll, TestPluginCache.GetExtensionPaths: Filtered extension paths: 
TpTrace Verbose: 0 : 5984, 4, 2021/11/18, 15:25:27.507, 816939164135, testhost.dll, TestPluginCache.GetExtensionPaths: Added default extension paths: C:\Users\Armin\Documents\GitHub\Grupa-3-Verifikovani-i-Validirani-Softverasi\Pijaca\Zadatak1\bin\Debug\net5.0\fine-code-coverage\build-output\Microsoft.VisualStudio.TestPlatform.MSTest.TestAdapter.dll
TpTrace Verbose: 0 : 5984, 4, 2021/11/18, 15:25:27.507, 816939164423, testhost.dll, TestPluginCache.GetExtensionPaths: Added unfilterableExtensionPaths: 
TpTrace Information: 0 : 5984, 4, 2021/11/18, 15:25:27.507, 816939165682, testhost.dll, AssemblyResolver.AddSearchDirectories: Adding more searchDirectories C:\Users\Armin\Documents\GitHub\Grupa-3-Verifikovani-i-Validirani-Softverasi\Pijaca\Zadatak1\bin\Debug\net5.0\fine-code-coverage\build-output
TpTrace Verbose: 0 : 5984, 4, 2021/11/18, 15:25:27.508, 816939166116, testhost.dll, TestPluginCache.DiscoverTestExtensions: Discovering the extensions using extension path.
TpTrace Verbose: 0 : 5984, 4, 2021/11/18, 15:25:27.508, 816939166408, testhost.dll, TestPluginCache.GetExtensionPaths: Filtered extension paths: 
TpTrace Verbose: 0 : 5984, 4, 2021/11/18, 15:25:27.508, 816939166672, testhost.dll, TestPluginCache.GetExtensionPaths: Added default extension paths: C:\Users\Armin\Documents\GitHub\Grupa-3-Verifikovani-i-Validirani-Softverasi\Pijaca\Zadatak1\bin\Debug\net5.0\fine-code-coverage\build-output\Microsoft.VisualStudio.TestPlatform.MSTest.TestAdapter.dll
TpTrace Verbose: 0 : 5984, 4, 2021/11/18, 15:25:27.508, 816939166968, testhost.dll, TestPluginCache.GetExtensionPaths: Added unfilterableExtensionPaths: 
TpTrace Verbose: 0 : 5984, 4, 2021/11/18, 15:25:27.508, 816939167253, testhost.dll, TestPluginCache.DiscoverTestExtensions: Discovering the extensions using allExtensionPaths: C:\Users\Armin\Documents\GitHub\Grupa-3-Verifikovani-i-Validirani-Softverasi\Pijaca\Zadatak1\bin\Debug\net5.0\fine-code-coverage\build-output\Microsoft.VisualStudio.TestPlatform.MSTest.TestAdapter.dll
TpTrace Information: 0 : 5984, 4, 2021/11/18, 15:25:27.508, 816939167615, testhost.dll, AssemblyResolver.AddSearchDirectories: Adding more searchDirectories C:\Users\Armin\Documents\GitHub\Grupa-3-Verifikovani-i-Validirani-Softverasi\Pijaca\Zadatak1\bin\Debug\net5.0\fine-code-coverage\build-output
TpTrace Verbose: 0 : 5984, 4, 2021/11/18, 15:25:27.508, 816939169294, testhost.dll, TestPluginCache: Discovered the extensions using extension path ''.
TpTrace Verbose: 0 : 5984, 4, 2021/11/18, 15:25:27.508, 816939169711, testhost.dll, TestPluginCache: Discoverers are ''.
TpTrace Verbose: 0 : 5984, 4, 2021/11/18, 15:25:27.508, 816939169990, testhost.dll, TestPluginCache: Executors are 'executor://MSTestAdapter/v2'.
TpTrace Verbose: 0 : 5984, 4, 2021/11/18, 15:25:27.508, 816939170264, testhost.dll, TestPluginCache: Executors2 are ''.
TpTrace Verbose: 0 : 5984, 4, 2021/11/18, 15:25:27.508, 816939170607, testhost.dll, TestPluginCache: Setting providers are ''.
TpTrace Verbose: 0 : 5984, 4, 2021/11/18, 15:25:27.508, 816939170878, testhost.dll, TestPluginCache: Loggers are ''.
TpTrace Verbose: 0 : 5984, 4, 2021/11/18, 15:25:27.509, 816939178274, testhost.dll, TestExecutorService: Loaded the settings providers
TpTrace Information: 0 : 5984, 4, 2021/11/18, 15:25:27.509, 816939178883, testhost.dll, TestExecutorService: Loaded the extensions
TpTrace Information: 0 : 5984, 4, 2021/11/18, 15:25:27.607, 816940156282, testhost.dll, TestDiscoveryManager: Discovering tests from sources C:\Users\Armin\Documents\GitHub\Grupa-3-Verifikovani-i-Validirani-Softverasi\Pijaca\Zadatak1\bin\Debug\net5.0\fine-code-coverage\build-output\Zadatak1.dll
TpTrace Verbose: 0 : 5984, 4, 2021/11/18, 15:25:27.611, 816940199767, testhost.dll, TestPluginCache.DiscoverTestExtensions: finding test extensions in assemblies ends with: TestAdapter.dll TPluginInfo: Microsoft.VisualStudio.TestPlatform.Common.ExtensionFramework.Utilities.TestDiscovererPluginInformation TExtension: Microsoft.VisualStudio.TestPlatform.ObjectModel.Adapter.ITestDiscoverer
TpTrace Verbose: 0 : 5984, 4, 2021/11/18, 15:25:27.611, 816940202862, testhost.dll, TestPluginCache.GetExtensionPaths: Filtered extension paths: 
TpTrace Verbose: 0 : 5984, 4, 2021/11/18, 15:25:27.611, 816940203590, testhost.dll, TestPluginCache.GetExtensionPaths: Added default extension paths: C:\Users\Armin\Documents\GitHub\Grupa-3-Verifikovani-i-Validirani-Softverasi\Pijaca\Zadatak1\bin\Debug\net5.0\fine-code-coverage\build-output\Microsoft.VisualStudio.TestPlatform.MSTest.TestAdapter.dll
TpTrace Verbose: 0 : 5984, 4, 2021/11/18, 15:25:27.611, 816940203915, testhost.dll, TestPluginCache.GetExtensionPaths: Added unfilterableExtensionPaths: 
TpTrace Information: 0 : 5984, 4, 2021/11/18, 15:25:27.611, 816940205742, testhost.dll, AssemblyResolver.AddSearchDirectories: Adding more searchDirectories C:\Users\Armin\Documents\GitHub\Grupa-3-Verifikovani-i-Validirani-Softverasi\Pijaca\Zadatak1\bin\Debug\net5.0\fine-code-coverage\build-output
TpTrace Verbose: 0 : 5984, 4, 2021/11/18, 15:25:27.612, 816940206573, testhost.dll, TestPluginCache.DiscoverTestExtensions: Discovering the extensions using extension path.
TpTrace Verbose: 0 : 5984, 4, 2021/11/18, 15:25:27.612, 816940207041, testhost.dll, TestPluginCache.GetExtensionPaths: Filtered extension paths: 
TpTrace Verbose: 0 : 5984, 4, 2021/11/18, 15:25:27.612, 816940207337, testhost.dll, TestPluginCache.GetExtensionPaths: Added default extension paths: C:\Users\Armin\Documents\GitHub\Grupa-3-Verifikovani-i-Validirani-Softverasi\Pijaca\Zadatak1\bin\Debug\net5.0\fine-code-coverage\build-output\Microsoft.VisualStudio.TestPlatform.MSTest.TestAdapter.dll
TpTrace Verbose: 0 : 5984, 4, 2021/11/18, 15:25:27.612, 816940207738, testhost.dll, TestPluginCache.GetExtensionPaths: Added unfilterableExtensionPaths: 
TpTrace Verbose: 0 : 5984, 4, 2021/11/18, 15:25:27.612, 816940208044, testhost.dll, TestPluginCache.DiscoverTestExtensions: Discovering the extensions using allExtensionPaths: C:\Users\Armin\Documents\GitHub\Grupa-3-Verifikovani-i-Validirani-Softverasi\Pijaca\Zadatak1\bin\Debug\net5.0\fine-code-coverage\build-output\Microsoft.VisualStudio.TestPlatform.MSTest.TestAdapter.dll
TpTrace Information: 0 : 5984, 4, 2021/11/18, 15:25:27.612, 816940209339, testhost.dll, AssemblyResolver.AddSearchDirectories: Adding more searchDirectories C:\Users\Armin\Documents\GitHub\Grupa-3-Verifikovani-i-Validirani-Softverasi\Pijaca\Zadatak1\bin\Debug\net5.0\fine-code-coverage\build-output
TpTrace Verbose: 0 : 5984, 4, 2021/11/18, 15:25:27.616, 816940253057, testhost.dll, TestPluginCache: Discovered the extensions using extension path ''.
TpTrace Verbose: 0 : 5984, 4, 2021/11/18, 15:25:27.616, 816940255204, testhost.dll, TestPluginCache: Discoverers are 'Microsoft.VisualStudio.TestPlatform.MSTest.TestAdapter.MSTestDiscoverer, Microsoft.VisualStudio.TestPlatform.MSTest.TestAdapter, Version=14.0.0.0, Culture=neutral, PublicKeyToken=b03f5f7f11d50a3a'.
TpTrace Verbose: 0 : 5984, 4, 2021/11/18, 15:25:27.616, 816940255879, testhost.dll, TestPluginCache: Executors are 'executor://MSTestAdapter/v2'.
TpTrace Verbose: 0 : 5984, 4, 2021/11/18, 15:25:27.617, 816940256207, testhost.dll, TestPluginCache: Executors2 are ''.
TpTrace Verbose: 0 : 5984, 4, 2021/11/18, 15:25:27.617, 816940256500, testhost.dll, TestPluginCache: Setting providers are ''.
TpTrace Verbose: 0 : 5984, 4, 2021/11/18, 15:25:27.617, 816940256773, testhost.dll, TestPluginCache: Loggers are ''.
TpTrace Verbose: 0 : 5984, 4, 2021/11/18, 15:25:27.625, 816940339169, testhost.dll, BaseRunTests.RunTestInternalWithExecutors: Running tests for executor://MSTestAdapter/v2
TpTrace Information: 0 : 5984, 4, 2021/11/18, 15:25:27.626, 816940346370, testhost.dll, AssemblyResolver.OnResolve: Microsoft.VisualStudio.TestPlatform.MSTestAdapter.PlatformServices.Interface: Resolving assembly.
TpTrace Information: 0 : 5984, 4, 2021/11/18, 15:25:27.626, 816940354653, testhost.dll, AssemblyResolver.OnResolve: Resolved assembly: Microsoft.VisualStudio.TestPlatform.MSTestAdapter.PlatformServices.Interface, from path: C:\Users\Armin\Documents\GitHub\Grupa-3-Verifikovani-i-Validirani-Softverasi\Pijaca\Zadatak1\bin\Debug\net5.0\fine-code-coverage\build-output\Microsoft.VisualStudio.TestPlatform.MSTestAdapter.PlatformServices.Interface.dll
TpTrace Information: 0 : 5984, 4, 2021/11/18, 15:25:27.628, 816940372433, testhost.dll, AssemblyResolver.OnResolve: Microsoft.VisualStudio.TestPlatform.MSTestAdapter.PlatformServices: Resolving assembly.
TpTrace Information: 0 : 5984, 4, 2021/11/18, 15:25:27.629, 816940383628, testhost.dll, AssemblyResolver.OnResolve: Resolved assembly: Microsoft.VisualStudio.TestPlatform.MSTestAdapter.PlatformServices, from path: C:\Users\Armin\Documents\GitHub\Grupa-3-Verifikovani-i-Validirani-Softverasi\Pijaca\Zadatak1\bin\Debug\net5.0\fine-code-coverage\build-output\Microsoft.VisualStudio.TestPlatform.MSTestAdapter.PlatformServices.dll
TpTrace Information: 0 : 5984, 4, 2021/11/18, 15:25:27.631, 816940396371, testhost.dll, MSTest - MSTestExecutor.RunTests: Running tests from sources.
TpTrace Information: 0 : 5984, 4, 2021/11/18, 15:25:27.636, 816940449242, testhost.dll, MSTest - CollectSourceInformation value Found : False 
TpTrace Information: 0 : 5984, 4, 2021/11/18, 15:25:27.665, 816940745002, testhost.dll, AssemblyResolver.OnResolve: Microsoft.TestPlatform.AdapterUtilities: Resolving assembly.
TpTrace Information: 0 : 5984, 4, 2021/11/18, 15:25:27.667, 816940761266, testhost.dll, AssemblyResolver.OnResolve: Resolved assembly: Microsoft.TestPlatform.AdapterUtilities, from path: C:\Users\Armin\Documents\GitHub\Grupa-3-Verifikovani-i-Validirani-Softverasi\Pijaca\Zadatak1\bin\Debug\net5.0\fine-code-coverage\build-output\Microsoft.TestPlatform.AdapterUtilities.dll
TpTrace Information: 0 : 5984, 4, 2021/11/18, 15:25:27.686, 816940950732, testhost.dll, MSTest - MSTestDiscoverer: Found 5 tests from source C:\Users\Armin\Documents\GitHub\Grupa-3-Verifikovani-i-Validirani-Softverasi\Pijaca\Zadatak1\bin\Debug\net5.0\fine-code-coverage\build-output\Zadatak1.dll
TpTrace Information: 0 : 5984, 4, 2021/11/18, 15:25:27.707, 816941162034, testhost.dll, AssemblyResolver.OnResolve: Microsoft.VisualStudio.TestPlatform.MSTestAdapter.PlatformServices.resources: Resolving assembly.
TpTrace Information: 0 : 5984, 4, 2021/11/18, 15:25:27.707, 816941163964, testhost.dll, AssemblyResolver.OnResolve: Microsoft.VisualStudio.TestPlatform.MSTestAdapter.PlatformServices.resources: Failed to load assembly.
TpTrace Information: 0 : 5984, 4, 2021/11/18, 15:25:27.708, 816941167414, testhost.dll, AssemblyResolver.OnResolve: Microsoft.VisualStudio.TestPlatform.MSTestAdapter.PlatformServices.resources: Resolving assembly.
TpTrace Information: 0 : 5984, 4, 2021/11/18, 15:25:27.708, 816941168018, testhost.dll, AssemblyResolver.OnResolve: Microsoft.VisualStudio.TestPlatform.MSTestAdapter.PlatformServices.resources: Resolved from cache.
TpTrace Information: 0 : 5984, 4, 2021/11/18, 15:25:27.722, 816941312091, testhost.dll, MSTest - Created unit-test runner C:\Users\Armin\Documents\GitHub\Grupa-3-Verifikovani-i-Validirani-Softverasi\Pijaca\Zadatak1\bin\Debug\net5.0\fine-code-coverage\build-output\Zadatak1.dll
TpTrace Verbose: 0 : 5984, 4, 2021/11/18, 15:25:27.726, 816941350611, testhost.dll, TestExecutionRecorder.RecordStart: Starting test: Zadatak1.ProdavacTest.TestPogresnaSifra.
TpTrace Information: 0 : 5984, 4, 2021/11/18, 15:25:27.807, 816942162095, testhost.dll, MSTest - Executing test TestPogresnaSifra
TpTrace Information: 0 : 5984, 4, 2021/11/18, 15:25:27.856, 816942652466, testhost.dll, MSTest - Executed test TestPogresnaSifra
TpTrace Verbose: 0 : 5984, 4, 2021/11/18, 15:25:27.860, 816942689627, testhost.dll, TestExecutionRecorder.RecordEnd: test: Zadatak1.ProdavacTest.TestPogresnaSifra execution completed.
TpTrace Verbose: 0 : 5984, 4, 2021/11/18, 15:25:27.878, 816942871391, testhost.dll, TestExecutionRecorder.RecordResult: Received result for test: Zadatak1.ProdavacTest.TestPogresnaSifra.
TpTrace Warning: 0 : 5984, 4, 2021/11/18, 15:25:27.883, 816942919614, testhost.dll, TestRunCache: InProgressTests is null
TpTrace Warning: 0 : 5984, 4, 2021/11/18, 15:25:27.883, 816942921930, testhost.dll, TestRunCache: No test found corresponding to testResult '' in inProgress list.
TpTrace Verbose: 0 : 5984, 4, 2021/11/18, 15:25:27.883, 816942923867, testhost.dll, TestExecutionRecorder.RecordStart: Starting test: Zadatak1.ProdavacTest.TestAktivnosti.
TpTrace Information: 0 : 5984, 4, 2021/11/18, 15:25:27.885, 816942939050, testhost.dll, MSTest - Executing test TestAktivnosti
TpTrace Information: 0 : 5984, 4, 2021/11/18, 15:25:27.885, 816942945375, testhost.dll, MSTest - Executed test TestAktivnosti
TpTrace Verbose: 0 : 5984, 4, 2021/11/18, 15:25:27.886, 816942946266, testhost.dll, TestExecutionRecorder.RecordEnd: test: Zadatak1.ProdavacTest.TestAktivnosti execution completed.
TpTrace Verbose: 0 : 5984, 4, 2021/11/18, 15:25:27.887, 816942958201, testhost.dll, TestExecutionRecorder.RecordResult: Received result for test: Zadatak1.ProdavacTest.TestAktivnosti.
TpTrace Warning: 0 : 5984, 4, 2021/11/18, 15:25:27.887, 816942959012, testhost.dll, TestRunCache: InProgressTests is null
TpTrace Warning: 0 : 5984, 4, 2021/11/18, 15:25:27.887, 816942959335, testhost.dll, TestRunCache: No test found corresponding to testResult '' in inProgress list.
TpTrace Verbose: 0 : 5984, 4, 2021/11/18, 15:25:27.887, 816942959918, testhost.dll, TestExecutionRecorder.RecordStart: Starting test: Zadatak1.ProdavacTest.TestPogresnihPodataka.
TpTrace Information: 0 : 5984, 4, 2021/11/18, 15:25:27.888, 816942969188, testhost.dll, MSTest - Executing test TestPogresnihPodataka
TpTrace Information: 0 : 5984, 4, 2021/11/18, 15:25:27.888, 816942976064, testhost.dll, MSTest - Executed test TestPogresnihPodataka
TpTrace Verbose: 0 : 5984, 4, 2021/11/18, 15:25:27.889, 816942976783, testhost.dll, TestExecutionRecorder.RecordEnd: test: Zadatak1.ProdavacTest.TestPogresnihPodataka execution completed.
TpTrace Verbose: 0 : 5984, 4, 2021/11/18, 15:25:27.892, 816943009809, testhost.dll, TestExecutionRecorder.RecordResult: Received result for test: Zadatak1.ProdavacTest.TestPogresnihPodataka.
TpTrace Warning: 0 : 5984, 4, 2021/11/18, 15:25:27.892, 816943010747, testhost.dll, TestRunCache: InProgressTests is null
TpTrace Warning: 0 : 5984, 4, 2021/11/18, 15:25:27.892, 816943011064, testhost.dll, TestRunCache: No test found corresponding to testResult '' in inProgress list.
TpTrace Verbose: 0 : 5984, 4, 2021/11/18, 15:25:27.892, 816943012025, testhost.dll, TestExecutionRecorder.RecordStart: Starting test: Zadatak1.ProdavacTest.TestPovecanjaPrometa.
TpTrace Information: 0 : 5984, 4, 2021/11/18, 15:25:27.895, 816943037730, testhost.dll, MSTest - Executing test TestPovecanjaPrometa
TpTrace Information: 0 : 5984, 4, 2021/11/18, 15:25:27.896, 816943050837, testhost.dll, MSTest - Executed test TestPovecanjaPrometa
TpTrace Verbose: 0 : 5984, 4, 2021/11/18, 15:25:27.896, 816943053255, testhost.dll, TestExecutionRecorder.RecordEnd: test: Zadatak1.ProdavacTest.TestPovecanjaPrometa execution completed.
TpTrace Verbose: 0 : 5984, 4, 2021/11/18, 15:25:27.898, 816943073805, testhost.dll, TestExecutionRecorder.RecordResult: Received result for test: Zadatak1.ProdavacTest.TestPovecanjaPrometa.
TpTrace Warning: 0 : 5984, 4, 2021/11/18, 15:25:27.898, 816943075334, testhost.dll, TestRunCache: InProgressTests is null
TpTrace Warning: 0 : 5984, 4, 2021/11/18, 15:25:27.898, 816943076088, testhost.dll, TestRunCache: No test found corresponding to testResult '' in inProgress list.
TpTrace Verbose: 0 : 5984, 4, 2021/11/18, 15:25:27.899, 816943077755, testhost.dll, TestExecutionRecorder.RecordStart: Starting test: Zadatak1.ProdavacTest.TestNegativnogPrometa.
TpTrace Information: 0 : 5984, 4, 2021/11/18, 15:25:27.900, 816943091510, testhost.dll, MSTest - Executing test TestNegativnogPrometa
TpTrace Information: 0 : 5984, 4, 2021/11/18, 15:25:27.900, 816943095641, testhost.dll, MSTest - Executed test TestNegativnogPrometa
TpTrace Verbose: 0 : 5984, 4, 2021/11/18, 15:25:27.901, 816943096343, testhost.dll, TestExecutionRecorder.RecordEnd: test: Zadatak1.ProdavacTest.TestNegativnogPrometa execution completed.
TpTrace Verbose: 0 : 5984, 4, 2021/11/18, 15:25:27.902, 816943106118, testhost.dll, TestExecutionRecorder.RecordResult: Received result for test: Zadatak1.ProdavacTest.TestNegativnogPrometa.
TpTrace Warning: 0 : 5984, 4, 2021/11/18, 15:25:27.902, 816943106809, testhost.dll, TestRunCache: InProgressTests is null
TpTrace Warning: 0 : 5984, 4, 2021/11/18, 15:25:27.902, 816943107113, testhost.dll, TestRunCache: No test found corresponding to testResult '' in inProgress list.
TpTrace Information: 0 : 5984, 4, 2021/11/18, 15:25:27.902, 816943109091, testhost.dll, MSTest - Executing cleanup methods.
TpTrace Information: 0 : 5984, 4, 2021/11/18, 15:25:27.903, 816943120532, testhost.dll, MSTest - Executed cleanup methods.
TpTrace Information: 0 : 5984, 4, 2021/11/18, 15:25:27.903, 816943121239, testhost.dll, MSTest - Executed tests belonging to source C:\Users\Armin\Documents\GitHub\Grupa-3-Verifikovani-i-Validirani-Softverasi\Pijaca\Zadatak1\bin\Debug\net5.0\fine-code-coverage\build-output\Zadatak1.dll
TpTrace Information: 0 : 5984, 4, 2021/11/18, 15:25:27.903, 816943123572, testhost.dll, Deleting deployment directory C:\Users\Armin\Documents\GitHub\Grupa-3-Verifikovani-i-Validirani-Softverasi\Pijaca\Zadatak1\bin\Debug\net5.0\fine-code-coverage\coverage-tool-output\Deploy_Armin 2021-11-18 15_25_27
TpTrace Information: 0 : 5984, 4, 2021/11/18, 15:25:27.906, 816943148437, testhost.dll, Deleted deployment directory C:\Users\Armin\Documents\GitHub\Grupa-3-Verifikovani-i-Validirani-Softverasi\Pijaca\Zadatak1\bin\Debug\net5.0\fine-code-coverage\coverage-tool-output\Deploy_Armin 2021-11-18 15_25_27
TpTrace Verbose: 0 : 5984, 4, 2021/11/18, 15:25:27.906, 816943153293, testhost.dll, BaseRunTests.RunTestInternalWithExecutors: Completed running tests for executor://MSTestAdapter/v2
TpTrace Information: 0 : 5984, 4, 2021/11/18, 15:25:27.909, 816943181614, testhost.dll, Sending test run complete
TpTrace Verbose: 0 : 5984, 4, 2021/11/18, 15:25:27.945, 816943543434, testhost.dll, TestRequestHandler.SendData:  sending data from testhost: {"Version":5,"MessageType":"TestExecution.Completed","Payload":{"TestRunCompleteArgs":{"TestRunStatistics":{"ExecutedTests":5,"Stats":{"Passed":5}},"IsCanceled":false,"IsAborted":false,"Error":null,"AttachmentSets":[],"ElapsedTimeInRunningTests":"00:00:00.2867598","Metrics":{}},"LastRunTests":{"NewTestResults":[{"TestCase":{"Id":"6b10294d-693c-8bde-94d8-97ba1474c65a","FullyQualifiedName":"Zadatak1.ProdavacTest.TestPogresnaSifra","DisplayName":"TestPogresnaSifra","ExecutorUri":"executor://MSTestAdapter/v2","Source":"C:\\Users\\Armin\\Documents\\GitHub\\Grupa-3-Verifikovani-i-Validirani-Softverasi\\Pijaca\\Zadatak1\\bin\\Debug\\net5.0\\fine-code-coverage\\build-output\\Zadatak1.dll","CodeFilePath":null,"LineNumber":-1,"Properties":[{"Key":{"Id":"TestCase.ManagedType","Label":"ManagedType","Category":"","Description":"","Attributes":1,"ValueType":"System.String"},"Value":"Zadatak1.ProdavacTest"},{"Key":{"Id":"TestCase.ManagedMethod","Label":"ManagedMethod","Category":"","Description":"","Attributes":1,"ValueType":"System.String"},"Value":"TestPogresnaSifra"},{"Key":{"Id":"MSTestDiscoverer.TestClassName","Label":"ClassName","Category":"","Description":"","Attributes":1,"ValueType":"System.String"},"Value":"Zadatak1.ProdavacTest"},{"Key":{"Id":"TestObject.Traits","Label":"Traits","Category":"","Description":"","Attributes":5,"ValueType":"System.Collections.Generic.KeyValuePair`2[[System.String],[System.String]][]"},"Value":[]}]},"Attachments":[],"Outcome":1,"ErrorMessage":null,"ErrorStackTrace":null,"DisplayName":null,"Messages":[],"ComputerName":null,"Duration":"00:00:00.0111599","StartTime":"2021-11-18T15:25:27.8074548+01:00","EndTime":"2021-11-18T15:25:27.8567952+01:00","Properties":[{"Key":{"Id":"ExecutionId","Label":"ExecutionId","Category":"","Description":"","Attributes":1,"ValueType":"System.Guid"},"Value":"00000000-0000-0000-0000-000000000000"},{"Key":{"Id":"ParentExecId","Label":"ParentExecId","Category":"","Description":"","Attributes":1,"ValueType":"System.Guid"},"Value":"00000000-0000-0000-0000-000000000000"},{"Key":{"Id":"InnerResultsCount","Label":"InnerResultsCount","Category":"","Description":"","Attributes":1,"ValueType":"System.Int32"},"Value":0}]},{"TestCase":{"Id":"03d44b12-18f4-0cbe-1c33-4094b2186c06","FullyQualifiedName":"Zadatak1.ProdavacTest.TestAktivnosti","DisplayName":"TestAktivnosti","ExecutorUri":"executor://MSTestAdapter/v2","Source":"C:\\Users\\Armin\\Documents\\GitHub\\Grupa-3-Verifikovani-i-Validirani-Softverasi\\Pijaca\\Zadatak1\\bin\\Debug\\net5.0\\fine-code-coverage\\build-output\\Zadatak1.dll","CodeFilePath":null,"LineNumber":-1,"Properties":[{"Key":{"Id":"TestCase.ManagedType","Label":"ManagedType","Category":"","Description":"","Attributes":1,"ValueType":"System.String"},"Value":"Zadatak1.ProdavacTest"},{"Key":{"Id":"TestCase.ManagedMethod","Label":"ManagedMethod","Category":"","Description":"","Attributes":1,"ValueType":"System.String"},"Value":"TestAktivnosti"},{"Key":{"Id":"MSTestDiscoverer.TestClassName","Label":"ClassName","Category":"","Description":"","Attributes":1,"ValueType":"System.String"},"Value":"Zadatak1.ProdavacTest"},{"Key":{"Id":"TestObject.Traits","Label":"Traits","Category":"","Description":"","Attributes":5,"ValueType":"System.Collections.Generic.KeyValuePair`2[[System.String],[System.String]][]"},"Value":[]}]},"Attachments":[],"Outcome":1,"ErrorMessage":null,"ErrorStackTrace":null,"DisplayName":null,"Messages":[],"ComputerName":null,"Duration":"00:00:00.0003299","StartTime":"2021-11-18T15:25:27.8852788+01:00","EndTime":"2021-11-18T15:25:27.8860018+01:00","Properties":[{"Key":{"Id":"ExecutionId","Label":"ExecutionId","Category":"","Description":"","Attributes":1,"ValueType":"System.Guid"},"Value":"00000000-0000-0000-0000-000000000000"},{"Key":{"Id":"ParentExecId","Label":"ParentExecId","Category":"","Description":"","Attributes":1,"ValueType":"System.Guid"},"Value":"00000000-0000-0000-0000-000000000000"},{"Key":{"Id":"InnerResultsCount","Label":"InnerResultsCount","Category":"","Description":"","Attributes":1,"ValueType":"System.Int32"},"Value":0}]},{"TestCase":{"Id":"c0b925a7-8cbd-7c38-aa41-59795ea98c0e","FullyQualifiedName":"Zadatak1.ProdavacTest.TestPogresnihPodataka","DisplayName":"TestPogresnihPodataka","ExecutorUri":"executor://MSTestAdapter/v2","Source":"C:\\Users\\Armin\\Documents\\GitHub\\Grupa-3-Verifikovani-i-Validirani-Softverasi\\Pijaca\\Zadatak1\\bin\\Debug\\net5.0\\fine-code-coverage\\build-output\\Zadatak1.dll","CodeFilePath":null,"LineNumber":-1,"Properties":[{"Key":{"Id":"TestCase.ManagedType","Label":"ManagedType","Category":"","Description":"","Attributes":1,"ValueType":"System.String"},"Value":"Zadatak1.ProdavacTest"},{"Key":{"Id":"TestCase.ManagedMethod","Label":"ManagedMethod","Category":"","Description":"","Attributes":1,"ValueType":"System.String"},"Value":"TestPogresnihPodataka"},{"Key":{"Id":"MSTestDiscoverer.TestClassName","Label":"ClassName","Category":"","Description":"","Attributes":1,"ValueType":"System.String"},"Value":"Zadatak1.ProdavacTest"},{"Key":{"Id":"TestObject.Traits","Label":"Traits","Category":"","Description":"","Attributes":5,"ValueType":"System.Collections.Generic.KeyValuePair`2[[System.String],[System.String]][]"},"Value":[]}]},"Attachments":[],"Outcome":1,"ErrorMessage":null,"ErrorStackTrace":null,"DisplayName":null,"Messages":[],"ComputerName":null,"Duration":"00:00:00.0004807","StartTime":"2021-11-18T15:25:27.8883014+01:00","EndTime":"2021-11-18T15:25:27.8890596+01:00","Properties":[{"Key":{"Id":"ExecutionId","Label":"ExecutionId","Category":"","Description":"","Attributes":1,"ValueType":"System.Guid"},"Value":"00000000-0000-0000-0000-000000000000"},{"Key":{"Id":"ParentExecId","Label":"ParentExecId","Category":"","Description":"","Attributes":1,"ValueType":"System.Guid"},"Value":"00000000-0000-0000-0000-000000000000"},{"Key":{"Id":"InnerResultsCount","Label":"InnerResultsCount","Category":"","Description":"","Attributes":1,"ValueType":"System.Int32"},"Value":0}]},{"TestCase":{"Id":"e24cc8fb-745b-e81c-73f9-2fc994551ca5","FullyQualifiedName":"Zadatak1.ProdavacTest.TestPovecanjaPrometa","DisplayName":"TestPovecanjaPrometa","ExecutorUri":"executor://MSTestAdapter/v2","Source":"C:\\Users\\Armin\\Documents\\GitHub\\Grupa-3-Verifikovani-i-Validirani-Softverasi\\Pijaca\\Zadatak1\\bin\\Debug\\net5.0\\fine-code-coverage\\build-output\\Zadatak1.dll","CodeFilePath":null,"LineNumber":-1,"Properties":[{"Key":{"Id":"TestCase.ManagedType","Label":"ManagedType","Category":"","Description":"","Attributes":1,"ValueType":"System.String"},"Value":"Zadatak1.ProdavacTest"},{"Key":{"Id":"TestCase.ManagedMethod","Label":"ManagedMethod","Category":"","Description":"","Attributes":1,"ValueType":"System.String"},"Value":"TestPovecanjaPrometa"},{"Key":{"Id":"MSTestDiscoverer.TestClassName","Label":"ClassName","Category":"","Description":"","Attributes":1,"ValueType":"System.String"},"Value":"Zadatak1.ProdavacTest"},{"Key":{"Id":"TestObject.Traits","Label":"Traits","Category":"","Description":"","Attributes":5,"ValueType":"System.Collections.Generic.KeyValuePair`2[[System.String],[System.String]][]"},"Value":[]}]},"Attachments":[],"Outcome":1,"ErrorMessage":null,"ErrorStackTrace":null,"DisplayName":null,"Messages":[],"ComputerName":null,"Duration":"00:00:00.0010141","StartTime":"2021-11-18T15:25:27.8951487+01:00","EndTime":"2021-11-18T15:25:27.8966812+01:00","Properties":[{"Key":{"Id":"ExecutionId","Label":"ExecutionId","Category":"","Description":"","Attributes":1,"ValueType":"System.Guid"},"Value":"00000000-0000-0000-0000-000000000000"},{"Key":{"Id":"ParentExecId","Label":"ParentExecId","Category":"","Description":"","Attributes":1,"ValueType":"System.Guid"},"Value":"00000000-0000-0000-0000-000000000000"},{"Key":{"Id":"InnerResultsCount","Label":"InnerResultsCount","Category":"","Description":"","Attributes":1,"ValueType":"System.Int32"},"Value":0}]},{"TestCase":{"Id":"e1e62ecb-27da-a0d2-0bac-6daf339d1ad6","FullyQualifiedName":"Zadatak1.ProdavacTest.TestNegativnogPrometa","DisplayName":"TestNegativnogPrometa","ExecutorUri":"executor://MSTestAdapter/v2","Source":"C:\\Users\\Armin\\Documents\\GitHub\\Grupa-3-Verifikovani-i-Validirani-Softverasi\\Pijaca\\Zadatak1\\bin\\Debug\\net5.0\\fine-code-coverage\\build-output\\Zadatak1.dll","CodeFilePath":null,"LineNumber":-1,"Properties":[{"Key":{"Id":"TestCase.ManagedType","Label":"ManagedType","Category":"","Description":"","Attributes":1,"ValueType":"System.String"},"Value":"Zadatak1.ProdavacTest"},{"Key":{"Id":"TestCase.ManagedMethod","Label":"ManagedMethod","Category":"","Description":"","Attributes":1,"ValueType":"System.String"},"Value":"TestNegativnogPrometa"},{"Key":{"Id":"MSTestDiscoverer.TestClassName","Label":"ClassName","Category":"","Description":"","Attributes":1,"ValueType":"System.String"},"Value":"Zadatak1.ProdavacTest"},{"Key":{"Id":"TestObject.Traits","Label":"Traits","Category":"","Description":"","Attributes":5,"ValueType":"System.Collections.Generic.KeyValuePair`2[[System.String],[System.String]][]"},"Value":[]}]},"Attachments":[],"Outcome":1,"ErrorMessage":null,"ErrorStackTrace":null,"DisplayName":null,"Messages":[],"ComputerName":null,"Duration":"00:00:00.0002025","StartTime":"2021-11-18T15:25:27.9005306+01:00","EndTime":"2021-11-18T15:25:27.9010137+01:00","Properties":[{"Key":{"Id":"ExecutionId","Label":"ExecutionId","Category":"","Description":"","Attributes":1,"ValueType":"System.Guid"},"Value":"00000000-0000-0000-0000-000000000000"},{"Key":{"Id":"ParentExecId","Label":"ParentExecId","Category":"","Description":"","Attributes":1,"ValueType":"System.Guid"},"Value":"00000000-0000-0000-0000-000000000000"},{"Key":{"Id":"InnerResultsCount","Label":"InnerResultsCount","Category":"","Description":"","Attributes":1,"ValueType":"System.Int32"},"Value":0}]}],"TestRunStatistics":{"ExecutedTests":5,"Stats":{"Passed":5}},"ActiveTests":[]},"RunAttachments":[],"ExecutorUris":["executor://mstestadapter/v2"]}}
TpTrace Verbose: 0 : 5984, 4, 2021/11/18, 15:25:27.946, 816943549855, testhost.dll, BaseRunTests.RunTests: Run is complete.
TpTrace Verbose: 0 : 5984, 6, 2021/11/18, 15:25:27.949, 816943580210, testhost.dll, TcpClientExtensions.MessageLoopAsync: NotifyDataAvailable remoteEndPoint: [::ffff:127.0.0.1]:64101 localEndPoint: [::ffff:127.0.0.1]:64102
TpTrace Information: 0 : 5984, 6, 2021/11/18, 15:25:27.949, 816943583416, testhost.dll, TestRequestHandler.ProcessRequests: received message: (TestSession.Terminate) -> null
TpTrace Information: 0 : 5984, 6, 2021/11/18, 15:25:27.949, 816943584132, testhost.dll, Session End message received from server. Closing the connection.
TpTrace Information: 0 : 5984, 6, 2021/11/18, 15:25:27.950, 816943588795, testhost.dll, SocketClient.Stop: Stop communication from server endpoint: 127.0.0.1:064101
TpTrace Information: 0 : 5984, 6, 2021/11/18, 15:25:27.950, 816943590894, testhost.dll, SocketClient: Stop: Cancellation requested. Stopping message loop.
TpTrace Verbose: 0 : 5984, 6, 2021/11/18, 15:25:27.950, 816943593796, testhost.dll, LengthPrefixCommunicationChannel.Dispose: Dispose reader and writer.
TpTrace Information: 0 : 5984, 6, 2021/11/18, 15:25:27.951, 816943596180, testhost.dll, Closing the connection !
TpTrace Information: 0 : 5984, 6, 2021/11/18, 15:25:27.951, 816943601186, testhost.dll, SocketClient.PrivateStop: Stop communication from server endpoint: 127.0.0.1:064101, error:
TpTrace Information: 0 : 5984, 1, 2021/11/18, 15:25:27.951, 816943604767, testhost.dll, Closing the connection !
TpTrace Information: 0 : 5984, 1, 2021/11/18, 15:25:27.951, 816943605632, testhost.dll, SocketClient.Stop: Stop communication from server endpoint: 127.0.0.1:064101
TpTrace Verbose: 0 : 5984, 6, 2021/11/18, 15:25:27.951, 816943604980, testhost.dll, LengthPrefixCommunicationChannel.Dispose: Dispose reader and writer.
TpTrace Verbose: 0 : 5984, 1, 2021/11/18, 15:25:27.951, 816943605951, testhost.dll, LengthPrefixCommunicationChannel.Dispose: Dispose reader and writer.
TpTrace Verbose: 0 : 5984, 6, 2021/11/18, 15:25:27.952, 816943606740, testhost.dll, TcpClientExtensions.MessageLoopAsync: exiting MessageLoopAsync remoteEndPoint: [::ffff:127.0.0.1]:64101 localEndPoint: [::ffff:127.0.0.1]:64102
TpTrace Information: 0 : 5984, 1, 2021/11/18, 15:25:27.952, 816943608580, testhost.dll, Testhost process exiting.
