TpTrace Verbose: 0 : 14628, 1, 2021/11/17, 22:14:09.047, 198128707924, testhost.dll, Version: 16.9.4
TpTrace Information: 0 : 14628, 1, 2021/11/17, 22:14:09.058, 198128767594, testhost.dll, DefaultEngineInvoker.Invoke: Testhost process started with args :[--port, 56765],[--endpoint, 127.0.0.1:056765],[--role, client],[--parentprocessid, 11588],[--diag, C:\Users\Armin\Documents\GitHub\Grupa-3-Verifikovani-i-Validirani-Softverasi\Pijaca\Zadatak1\bin\Debug\net5.0\fine-code-coverage\coverage-tool-output\diagnostics.host.21-11-17_22-14-08_68812_4.log],[--tracelevel, 4],[--datacollectionport, 56764],[--telemetryoptedin, false]
TpTrace Information: 0 : 14628, 1, 2021/11/17, 22:14:09.060, 198128789243, testhost.dll, Setting up debug trace listener.
TpTrace Verbose: 0 : 14628, 1, 2021/11/17, 22:14:09.061, 198128799043, testhost.dll, TestPlatformTraceListener.Setup: Replacing listener 0 with TestHostTraceListener.
TpTrace Verbose: 0 : 14628, 1, 2021/11/17, 22:14:09.062, 198128803546, testhost.dll, TestPlatformTraceListener.Setup: Added test platform trace listener.
TpTrace Information: 0 : 14628, 1, 2021/11/17, 22:14:09.063, 198128815011, testhost.dll, DefaultEngineInvoker.SetParentProcessExitCallback: Monitoring parent process with id: '11588'
TpTrace Information: 0 : 14628, 1, 2021/11/17, 22:14:09.072, 198128908402, testhost.dll, DefaultEngineInvoker.GetConnectionInfo: Initialize communication on endpoint address: '127.0.0.1:056765'
TpTrace Information: 0 : 14628, 1, 2021/11/17, 22:14:09.092, 198129103960, testhost.dll, SocketClient.Start: connecting to server endpoint: 127.0.0.1:056765
TpTrace Information: 0 : 14628, 1, 2021/11/17, 22:14:09.104, 198129229279, testhost.dll, DefaultEngineInvoker.ConnectToDatacollector: Connecting to datacollector, port: 56764
TpTrace Information: 0 : 14628, 5, 2021/11/17, 22:14:09.105, 198129240529, testhost.dll, SocketClient.OnServerConnected: connected to server endpoint: 127.0.0.1:056765
TpTrace Verbose: 0 : 14628, 5, 2021/11/17, 22:14:09.107, 198129259398, testhost.dll, Connected to server, and starting MessageLoopAsync
TpTrace Information: 0 : 14628, 1, 2021/11/17, 22:14:09.108, 198129268286, testhost.dll, Trying to connect to server on socket : 127.0.0.1:56764 
TpTrace Verbose: 0 : 14628, 1, 2021/11/17, 22:14:09.109, 198129273011, testhost.dll, SocketCommunicationManager : SetupClientAsync : Attempting to connect to the server.
TpTrace Verbose: 0 : 14628, 5, 2021/11/17, 22:14:09.112, 198129311044, testhost.dll, TcpClientExtensions.MessageLoopAsync: Polling on remoteEndPoint: [::ffff:127.0.0.1]:56765 localEndPoint: [::ffff:127.0.0.1]:56767
TpTrace Verbose: 0 : 14628, 5, 2021/11/17, 22:14:09.113, 198129317834, testhost.dll, TcpClientExtensions.MessageLoopAsync: NotifyDataAvailable remoteEndPoint: [::ffff:127.0.0.1]:56765 localEndPoint: [::ffff:127.0.0.1]:56767
TpTrace Information: 0 : 14628, 9, 2021/11/17, 22:14:09.113, 198129318354, testhost.dll, Connected to the server successfully 
TpTrace Information: 0 : 14628, 9, 2021/11/17, 22:14:09.113, 198129320688, testhost.dll, Using the buffer size of 16384 bytes
TpTrace Information: 0 : 14628, 1, 2021/11/17, 22:14:09.114, 198129328344, testhost.dll, DefaultEngineInvoker.Invoke: Start Request Processing.
TpTrace Information: 0 : 14628, 11, 2021/11/17, 22:14:09.116, 198129345065, testhost.dll, DefaultEngineInvoker.StartProcessingAsync: Connected to vstest.console, Starting process requests.
TpTrace Information: 0 : 14628, 5, 2021/11/17, 22:14:09.277, 198130961428, testhost.dll, TestRequestHandler.ProcessRequests: received message: (ProtocolVersion) -> 5
TpTrace Verbose: 0 : 14628, 5, 2021/11/17, 22:14:09.311, 198131297069, testhost.dll, TestRequestHandler.SendData:  sending data from testhost: {"Version":5,"MessageType":"TestSession.Message","Payload":{"MessageLevel":0,"Message":"Logging TestHost Diagnostics in file: C:\\Users\\Armin\\Documents\\GitHub\\Grupa-3-Verifikovani-i-Validirani-Softverasi\\Pijaca\\Zadatak1\\bin\\Debug\\net5.0\\fine-code-coverage\\coverage-tool-output\\diagnostics.host.21-11-17_22-14-08_68812_4.log"}}
TpTrace Verbose: 0 : 14628, 5, 2021/11/17, 22:14:09.312, 198131307736, testhost.dll, TcpClientExtensions.MessageLoopAsync: Polling on remoteEndPoint: [::ffff:127.0.0.1]:56765 localEndPoint: [::ffff:127.0.0.1]:56767
TpTrace Verbose: 0 : 14628, 5, 2021/11/17, 22:14:09.313, 198131311614, testhost.dll, TcpClientExtensions.MessageLoopAsync: NotifyDataAvailable remoteEndPoint: [::ffff:127.0.0.1]:56765 localEndPoint: [::ffff:127.0.0.1]:56767
TpTrace Information: 0 : 14628, 5, 2021/11/17, 22:14:09.317, 198131352867, testhost.dll, TestRequestHandler.ProcessRequests: received message: (TestExecution.Initialize) -> [
  "C:\\Users\\Armin\\Documents\\GitHub\\Grupa-3-Verifikovani-i-Validirani-Softverasi\\Pijaca\\Zadatak1\\bin\\Debug\\net5.0\\fine-code-coverage\\build-output\\Microsoft.VisualStudio.TestPlatform.MSTest.TestAdapter.dll"
]
TpTrace Information: 0 : 14628, 5, 2021/11/17, 22:14:09.317, 198131356233, testhost.dll, Execution Session Initialize.
TpTrace Verbose: 0 : 14628, 5, 2021/11/17, 22:14:09.323, 198131418720, testhost.dll, TcpClientExtensions.MessageLoopAsync: Polling on remoteEndPoint: [::ffff:127.0.0.1]:56765 localEndPoint: [::ffff:127.0.0.1]:56767
TpTrace Verbose: 0 : 14628, 5, 2021/11/17, 22:14:09.323, 198131421259, testhost.dll, TcpClientExtensions.MessageLoopAsync: NotifyDataAvailable remoteEndPoint: [::ffff:127.0.0.1]:56765 localEndPoint: [::ffff:127.0.0.1]:56767
TpTrace Verbose: 0 : 14628, 4, 2021/11/17, 22:14:09.326, 198131441858, testhost.dll, TestExecutorService: Loading the extensions
TpTrace Information: 0 : 14628, 5, 2021/11/17, 22:14:09.326, 198131449364, testhost.dll, TestRequestHandler.ProcessRequests: received message: (TestExecution.StartWithSources) -> {
  "AdapterSourceMap": {
    "_none_": [
      "C:\\Users\\Armin\\Documents\\GitHub\\Grupa-3-Verifikovani-i-Validirani-Softverasi\\Pijaca\\Zadatak1\\bin\\Debug\\net5.0\\fine-code-coverage\\build-output\\Zadatak1.dll"
    ]
  },
  "RunSettings": "<RunSettings>\r\n  <RunConfiguration>\r\n    <ResultsDirectory>C:\\Users\\Armin\\Documents\\GitHub\\Grupa-3-Verifikovani-i-Validirani-Softverasi\\Pijaca\\Zadatak1\\bin\\Debug\\net5.0\\fine-code-coverage\\coverage-tool-output</ResultsDirectory>\r\n    <TargetPlatform>X64</TargetPlatform>\r\n    <TargetFrameworkVersion>.NETCoreApp,Version=v5.0</TargetFrameworkVersion>\r\n    <DesignMode>False</DesignMode>\r\n    <CollectSourceInformation>False</CollectSourceInformation>\r\n  </RunConfiguration>\r\n  <LoggerRunSettings>\r\n    <Loggers>\r\n      <Logger friendlyName=\"blame\" enabled=\"True\" />\r\n      <Logger friendlyName=\"Console\" uri=\"logger://microsoft/TestPlatform/ConsoleLogger/v1\" assemblyQualifiedName=\"Microsoft.VisualStudio.TestPlatform.CommandLine.Internal.ConsoleLogger, vstest.console, Version=15.0.0.0, Culture=neutral, PublicKeyToken=b03f5f7f11d50a3a\" codeBase=\"C:\\Program Files\\dotnet\\sdk\\5.0.402\\vstest.console.dll\" enabled=\"True\" />\r\n    </Loggers>\r\n  </LoggerRunSettings>\r\n  <DataCollectionRunSettings>\r\n    <DataCollectors>\r\n      <DataCollector friendlyName=\"blame\" enabled=\"True\">\r\n        <Configuration>\r\n          <ResultsDirectory>C:\\Users\\Armin\\Documents\\GitHub\\Grupa-3-Verifikovani-i-Validirani-Softverasi\\Pijaca\\Zadatak1\\bin\\Debug\\net5.0\\fine-code-coverage\\coverage-tool-output</ResultsDirectory>\r\n        </Configuration>\r\n      </DataCollector>\r\n    </DataCollectors>\r\n  </DataCollectionRunSettings>\r\n</RunSettings>",
  "TestExecutionContext": {
    "FrequencyOfRunStatsChangeEvent": 10,
    "RunStatsChangeEventTimeout": "00:00:01.5000000",
    "InIsolation": false,
    "KeepAlive": false,
    "AreTestCaseLevelEventsRequired": false,
    "IsDebug": false,
    "TestCaseFilter": null,
    "FilterOptions": null
  },
  "Package": null
}
TpTrace Information: 0 : 14628, 5, 2021/11/17, 22:14:09.327, 198131455346, testhost.dll, Execution started.
TpTrace Verbose: 0 : 14628, 4, 2021/11/17, 22:14:09.329, 198131480289, testhost.dll, TestPluginCache.DiscoverTestExtensions: finding test extensions in assemblies ends with: TestAdapter.dll TPluginInfo: Microsoft.VisualStudio.TestPlatform.Common.ExtensionFramework.Utilities.TestExecutorPluginInformation TExtension: Microsoft.VisualStudio.TestPlatform.ObjectModel.Adapter.ITestExecutor
TpTrace Verbose: 0 : 14628, 4, 2021/11/17, 22:14:09.331, 198131499478, testhost.dll, TestPluginCache.GetExtensionPaths: Filtered extension paths: 
TpTrace Verbose: 0 : 14628, 4, 2021/11/17, 22:14:09.332, 198131507540, testhost.dll, TestPluginCache.GetExtensionPaths: Added default extension paths: C:\Users\Armin\Documents\GitHub\Grupa-3-Verifikovani-i-Validirani-Softverasi\Pijaca\Zadatak1\bin\Debug\net5.0\fine-code-coverage\build-output\Microsoft.VisualStudio.TestPlatform.MSTest.TestAdapter.dll
TpTrace Verbose: 0 : 14628, 4, 2021/11/17, 22:14:09.332, 198131508788, testhost.dll, TestPluginCache.GetExtensionPaths: Added unfilterableExtensionPaths: 
TpTrace Information: 0 : 14628, 4, 2021/11/17, 22:14:09.335, 198131536851, testhost.dll, AssemblyResolver.ctor: Creating AssemblyResolver with searchDirectories C:\Users\Armin\Documents\GitHub\Grupa-3-Verifikovani-i-Validirani-Softverasi\Pijaca\Zadatak1\bin\Debug\net5.0\fine-code-coverage\build-output
TpTrace Verbose: 0 : 14628, 4, 2021/11/17, 22:14:09.337, 198131557801, testhost.dll, TestPluginCache.DiscoverTestExtensions: Discovering the extensions using extension path.
TpTrace Verbose: 0 : 14628, 4, 2021/11/17, 22:14:09.337, 198131559459, testhost.dll, TestPluginCache.GetExtensionPaths: Filtered extension paths: 
TpTrace Verbose: 0 : 14628, 4, 2021/11/17, 22:14:09.337, 198131560118, testhost.dll, TestPluginCache.GetExtensionPaths: Added default extension paths: C:\Users\Armin\Documents\GitHub\Grupa-3-Verifikovani-i-Validirani-Softverasi\Pijaca\Zadatak1\bin\Debug\net5.0\fine-code-coverage\build-output\Microsoft.VisualStudio.TestPlatform.MSTest.TestAdapter.dll
TpTrace Verbose: 0 : 14628, 4, 2021/11/17, 22:14:09.337, 198131560604, testhost.dll, TestPluginCache.GetExtensionPaths: Added unfilterableExtensionPaths: 
TpTrace Verbose: 0 : 14628, 4, 2021/11/17, 22:14:09.337, 198131561485, testhost.dll, TestPluginCache.DiscoverTestExtensions: Discovering the extensions using allExtensionPaths: C:\Users\Armin\Documents\GitHub\Grupa-3-Verifikovani-i-Validirani-Softverasi\Pijaca\Zadatak1\bin\Debug\net5.0\fine-code-coverage\build-output\Microsoft.VisualStudio.TestPlatform.MSTest.TestAdapter.dll
TpTrace Information: 0 : 14628, 4, 2021/11/17, 22:14:09.339, 198131572700, testhost.dll, AssemblyResolver.AddSearchDirectories: Adding more searchDirectories C:\Users\Armin\Documents\GitHub\Grupa-3-Verifikovani-i-Validirani-Softverasi\Pijaca\Zadatak1\bin\Debug\net5.0\fine-code-coverage\build-output
TpTrace Information: 0 : 14628, 4, 2021/11/17, 22:14:09.347, 198131656424, testhost.dll, AssemblyResolver.OnResolve: Microsoft.VisualStudio.TestPlatform.MSTest.TestAdapter: Resolving assembly.
TpTrace Information: 0 : 14628, 4, 2021/11/17, 22:14:09.351, 198131696008, testhost.dll, AssemblyResolver.OnResolve: Resolved assembly: Microsoft.VisualStudio.TestPlatform.MSTest.TestAdapter, from path: C:\Users\Armin\Documents\GitHub\Grupa-3-Verifikovani-i-Validirani-Softverasi\Pijaca\Zadatak1\bin\Debug\net5.0\fine-code-coverage\build-output\Microsoft.VisualStudio.TestPlatform.MSTest.TestAdapter.dll
TpTrace Verbose: 0 : 14628, 4, 2021/11/17, 22:14:09.358, 198131764767, testhost.dll, TestPluginCache: Discovered the extensions using extension path ''.
TpTrace Verbose: 0 : 14628, 4, 2021/11/17, 22:14:09.358, 198131769525, testhost.dll, TestPluginCache: Discoverers are ''.
TpTrace Verbose: 0 : 14628, 4, 2021/11/17, 22:14:09.358, 198131770682, testhost.dll, TestPluginCache: Executors are 'executor://MSTestAdapter/v2'.
TpTrace Verbose: 0 : 14628, 4, 2021/11/17, 22:14:09.358, 198131771515, testhost.dll, TestPluginCache: Executors2 are ''.
TpTrace Verbose: 0 : 14628, 4, 2021/11/17, 22:14:09.359, 198131772191, testhost.dll, TestPluginCache: Setting providers are ''.
TpTrace Verbose: 0 : 14628, 4, 2021/11/17, 22:14:09.359, 198131772819, testhost.dll, TestPluginCache: Loggers are ''.
TpTrace Verbose: 0 : 14628, 4, 2021/11/17, 22:14:09.365, 198131832205, testhost.dll, TestPluginCache.DiscoverTestExtensions: finding test extensions in assemblies ends with: TestAdapter.dll TPluginInfo: Microsoft.VisualStudio.TestPlatform.Common.ExtensionFramework.Utilities.TestExecutorPluginInformation2 TExtension: Microsoft.VisualStudio.TestPlatform.ObjectModel.Adapter.ITestExecutor2
TpTrace Verbose: 0 : 14628, 4, 2021/11/17, 22:14:09.365, 198131835505, testhost.dll, TestPluginCache.GetExtensionPaths: Filtered extension paths: 
TpTrace Verbose: 0 : 14628, 4, 2021/11/17, 22:14:09.365, 198131836162, testhost.dll, TestPluginCache.GetExtensionPaths: Added default extension paths: C:\Users\Armin\Documents\GitHub\Grupa-3-Verifikovani-i-Validirani-Softverasi\Pijaca\Zadatak1\bin\Debug\net5.0\fine-code-coverage\build-output\Microsoft.VisualStudio.TestPlatform.MSTest.TestAdapter.dll
TpTrace Verbose: 0 : 14628, 4, 2021/11/17, 22:14:09.365, 198131836512, testhost.dll, TestPluginCache.GetExtensionPaths: Added unfilterableExtensionPaths: 
TpTrace Information: 0 : 14628, 4, 2021/11/17, 22:14:09.365, 198131838354, testhost.dll, AssemblyResolver.AddSearchDirectories: Adding more searchDirectories C:\Users\Armin\Documents\GitHub\Grupa-3-Verifikovani-i-Validirani-Softverasi\Pijaca\Zadatak1\bin\Debug\net5.0\fine-code-coverage\build-output
TpTrace Verbose: 0 : 14628, 4, 2021/11/17, 22:14:09.365, 198131838988, testhost.dll, TestPluginCache.DiscoverTestExtensions: Discovering the extensions using extension path.
TpTrace Verbose: 0 : 14628, 4, 2021/11/17, 22:14:09.365, 198131839395, testhost.dll, TestPluginCache.GetExtensionPaths: Filtered extension paths: 
TpTrace Verbose: 0 : 14628, 4, 2021/11/17, 22:14:09.365, 198131839712, testhost.dll, TestPluginCache.GetExtensionPaths: Added default extension paths: C:\Users\Armin\Documents\GitHub\Grupa-3-Verifikovani-i-Validirani-Softverasi\Pijaca\Zadatak1\bin\Debug\net5.0\fine-code-coverage\build-output\Microsoft.VisualStudio.TestPlatform.MSTest.TestAdapter.dll
TpTrace Verbose: 0 : 14628, 4, 2021/11/17, 22:14:09.365, 198131840009, testhost.dll, TestPluginCache.GetExtensionPaths: Added unfilterableExtensionPaths: 
TpTrace Verbose: 0 : 14628, 4, 2021/11/17, 22:14:09.365, 198131840477, testhost.dll, TestPluginCache.DiscoverTestExtensions: Discovering the extensions using allExtensionPaths: C:\Users\Armin\Documents\GitHub\Grupa-3-Verifikovani-i-Validirani-Softverasi\Pijaca\Zadatak1\bin\Debug\net5.0\fine-code-coverage\build-output\Microsoft.VisualStudio.TestPlatform.MSTest.TestAdapter.dll
TpTrace Information: 0 : 14628, 4, 2021/11/17, 22:14:09.365, 198131840914, testhost.dll, AssemblyResolver.AddSearchDirectories: Adding more searchDirectories C:\Users\Armin\Documents\GitHub\Grupa-3-Verifikovani-i-Validirani-Softverasi\Pijaca\Zadatak1\bin\Debug\net5.0\fine-code-coverage\build-output
TpTrace Verbose: 0 : 14628, 4, 2021/11/17, 22:14:09.366, 198131842993, testhost.dll, TestPluginCache: Discovered the extensions using extension path ''.
TpTrace Verbose: 0 : 14628, 4, 2021/11/17, 22:14:09.366, 198131843633, testhost.dll, TestPluginCache: Discoverers are ''.
TpTrace Verbose: 0 : 14628, 4, 2021/11/17, 22:14:09.366, 198131844112, testhost.dll, TestPluginCache: Executors are 'executor://MSTestAdapter/v2'.
TpTrace Verbose: 0 : 14628, 4, 2021/11/17, 22:14:09.366, 198131844836, testhost.dll, TestPluginCache: Executors2 are ''.
TpTrace Verbose: 0 : 14628, 4, 2021/11/17, 22:14:09.366, 198131845241, testhost.dll, TestPluginCache: Setting providers are ''.
TpTrace Verbose: 0 : 14628, 4, 2021/11/17, 22:14:09.366, 198131845529, testhost.dll, TestPluginCache: Loggers are ''.
TpTrace Verbose: 0 : 14628, 5, 2021/11/17, 22:14:09.366, 198131844808, testhost.dll, TcpClientExtensions.MessageLoopAsync: Polling on remoteEndPoint: [::ffff:127.0.0.1]:56765 localEndPoint: [::ffff:127.0.0.1]:56767
TpTrace Information: 0 : 14628, 4, 2021/11/17, 22:14:09.371, 198131893612, testhost.dll, TestPluginManager.CreateTestExtension: Attempting to load test extension: Microsoft.VisualStudio.TestPlatform.MSTest.TestAdapter.MSTestExecutor
TpTrace Verbose: 0 : 14628, 4, 2021/11/17, 22:14:09.380, 198131984873, testhost.dll, TestExecutorExtensionManager: Loading executor Microsoft.VisualStudio.TestPlatform.MSTest.TestAdapter.MSTestExecutor
TpTrace Verbose: 0 : 14628, 4, 2021/11/17, 22:14:09.380, 198131987019, testhost.dll, TestExecutorService: Loaded the executors
TpTrace Verbose: 0 : 14628, 4, 2021/11/17, 22:14:09.381, 198131996607, testhost.dll, TestPluginCache.DiscoverTestExtensions: finding test extensions in assemblies ends with: TestAdapter.dll TPluginInfo: Microsoft.VisualStudio.TestPlatform.Common.ExtensionFramework.Utilities.TestSettingsProviderPluginInformation TExtension: Microsoft.VisualStudio.TestPlatform.ObjectModel.Adapter.ISettingsProvider
TpTrace Verbose: 0 : 14628, 4, 2021/11/17, 22:14:09.381, 198131998330, testhost.dll, TestPluginCache.GetExtensionPaths: Filtered extension paths: 
TpTrace Verbose: 0 : 14628, 4, 2021/11/17, 22:14:09.381, 198131998820, testhost.dll, TestPluginCache.GetExtensionPaths: Added default extension paths: C:\Users\Armin\Documents\GitHub\Grupa-3-Verifikovani-i-Validirani-Softverasi\Pijaca\Zadatak1\bin\Debug\net5.0\fine-code-coverage\build-output\Microsoft.VisualStudio.TestPlatform.MSTest.TestAdapter.dll
TpTrace Verbose: 0 : 14628, 4, 2021/11/17, 22:14:09.381, 198131999195, testhost.dll, TestPluginCache.GetExtensionPaths: Added unfilterableExtensionPaths: 
TpTrace Information: 0 : 14628, 4, 2021/11/17, 22:14:09.381, 198132000572, testhost.dll, AssemblyResolver.AddSearchDirectories: Adding more searchDirectories C:\Users\Armin\Documents\GitHub\Grupa-3-Verifikovani-i-Validirani-Softverasi\Pijaca\Zadatak1\bin\Debug\net5.0\fine-code-coverage\build-output
TpTrace Verbose: 0 : 14628, 4, 2021/11/17, 22:14:09.381, 198132001071, testhost.dll, TestPluginCache.DiscoverTestExtensions: Discovering the extensions using extension path.
TpTrace Verbose: 0 : 14628, 4, 2021/11/17, 22:14:09.381, 198132001413, testhost.dll, TestPluginCache.GetExtensionPaths: Filtered extension paths: 
TpTrace Verbose: 0 : 14628, 4, 2021/11/17, 22:14:09.382, 198132001756, testhost.dll, TestPluginCache.GetExtensionPaths: Added default extension paths: C:\Users\Armin\Documents\GitHub\Grupa-3-Verifikovani-i-Validirani-Softverasi\Pijaca\Zadatak1\bin\Debug\net5.0\fine-code-coverage\build-output\Microsoft.VisualStudio.TestPlatform.MSTest.TestAdapter.dll
TpTrace Verbose: 0 : 14628, 4, 2021/11/17, 22:14:09.382, 198132002313, testhost.dll, TestPluginCache.GetExtensionPaths: Added unfilterableExtensionPaths: 
TpTrace Verbose: 0 : 14628, 4, 2021/11/17, 22:14:09.382, 198132002822, testhost.dll, TestPluginCache.DiscoverTestExtensions: Discovering the extensions using allExtensionPaths: C:\Users\Armin\Documents\GitHub\Grupa-3-Verifikovani-i-Validirani-Softverasi\Pijaca\Zadatak1\bin\Debug\net5.0\fine-code-coverage\build-output\Microsoft.VisualStudio.TestPlatform.MSTest.TestAdapter.dll
TpTrace Information: 0 : 14628, 4, 2021/11/17, 22:14:09.382, 198132003385, testhost.dll, AssemblyResolver.AddSearchDirectories: Adding more searchDirectories C:\Users\Armin\Documents\GitHub\Grupa-3-Verifikovani-i-Validirani-Softverasi\Pijaca\Zadatak1\bin\Debug\net5.0\fine-code-coverage\build-output
TpTrace Verbose: 0 : 14628, 4, 2021/11/17, 22:14:09.382, 198132005745, testhost.dll, TestPluginCache: Discovered the extensions using extension path ''.
TpTrace Verbose: 0 : 14628, 4, 2021/11/17, 22:14:09.382, 198132006259, testhost.dll, TestPluginCache: Discoverers are ''.
TpTrace Verbose: 0 : 14628, 4, 2021/11/17, 22:14:09.382, 198132006589, testhost.dll, TestPluginCache: Executors are 'executor://MSTestAdapter/v2'.
TpTrace Verbose: 0 : 14628, 4, 2021/11/17, 22:14:09.382, 198132006966, testhost.dll, TestPluginCache: Executors2 are ''.
TpTrace Verbose: 0 : 14628, 4, 2021/11/17, 22:14:09.382, 198132007389, testhost.dll, TestPluginCache: Setting providers are ''.
TpTrace Verbose: 0 : 14628, 4, 2021/11/17, 22:14:09.382, 198132007701, testhost.dll, TestPluginCache: Loggers are ''.
TpTrace Verbose: 0 : 14628, 4, 2021/11/17, 22:14:09.383, 198132016951, testhost.dll, TestExecutorService: Loaded the settings providers
TpTrace Information: 0 : 14628, 4, 2021/11/17, 22:14:09.383, 198132018272, testhost.dll, TestExecutorService: Loaded the extensions
TpTrace Information: 0 : 14628, 4, 2021/11/17, 22:14:09.468, 198132862608, testhost.dll, TestDiscoveryManager: Discovering tests from sources C:\Users\Armin\Documents\GitHub\Grupa-3-Verifikovani-i-Validirani-Softverasi\Pijaca\Zadatak1\bin\Debug\net5.0\fine-code-coverage\build-output\Zadatak1.dll
TpTrace Verbose: 0 : 14628, 4, 2021/11/17, 22:14:09.470, 198132881624, testhost.dll, TestPluginCache.DiscoverTestExtensions: finding test extensions in assemblies ends with: TestAdapter.dll TPluginInfo: Microsoft.VisualStudio.TestPlatform.Common.ExtensionFramework.Utilities.TestDiscovererPluginInformation TExtension: Microsoft.VisualStudio.TestPlatform.ObjectModel.Adapter.ITestDiscoverer
TpTrace Verbose: 0 : 14628, 4, 2021/11/17, 22:14:09.470, 198132882985, testhost.dll, TestPluginCache.GetExtensionPaths: Filtered extension paths: 
TpTrace Verbose: 0 : 14628, 4, 2021/11/17, 22:14:09.470, 198132883448, testhost.dll, TestPluginCache.GetExtensionPaths: Added default extension paths: C:\Users\Armin\Documents\GitHub\Grupa-3-Verifikovani-i-Validirani-Softverasi\Pijaca\Zadatak1\bin\Debug\net5.0\fine-code-coverage\build-output\Microsoft.VisualStudio.TestPlatform.MSTest.TestAdapter.dll
TpTrace Verbose: 0 : 14628, 4, 2021/11/17, 22:14:09.470, 198132883796, testhost.dll, TestPluginCache.GetExtensionPaths: Added unfilterableExtensionPaths: 
TpTrace Information: 0 : 14628, 4, 2021/11/17, 22:14:09.470, 198132885004, testhost.dll, AssemblyResolver.AddSearchDirectories: Adding more searchDirectories C:\Users\Armin\Documents\GitHub\Grupa-3-Verifikovani-i-Validirani-Softverasi\Pijaca\Zadatak1\bin\Debug\net5.0\fine-code-coverage\build-output
TpTrace Verbose: 0 : 14628, 4, 2021/11/17, 22:14:09.470, 198132885464, testhost.dll, TestPluginCache.DiscoverTestExtensions: Discovering the extensions using extension path.
TpTrace Verbose: 0 : 14628, 4, 2021/11/17, 22:14:09.470, 198132885815, testhost.dll, TestPluginCache.GetExtensionPaths: Filtered extension paths: 
TpTrace Verbose: 0 : 14628, 4, 2021/11/17, 22:14:09.470, 198132886118, testhost.dll, TestPluginCache.GetExtensionPaths: Added default extension paths: C:\Users\Armin\Documents\GitHub\Grupa-3-Verifikovani-i-Validirani-Softverasi\Pijaca\Zadatak1\bin\Debug\net5.0\fine-code-coverage\build-output\Microsoft.VisualStudio.TestPlatform.MSTest.TestAdapter.dll
TpTrace Verbose: 0 : 14628, 4, 2021/11/17, 22:14:09.470, 198132886476, testhost.dll, TestPluginCache.GetExtensionPaths: Added unfilterableExtensionPaths: 
TpTrace Verbose: 0 : 14628, 4, 2021/11/17, 22:14:09.470, 198132886770, testhost.dll, TestPluginCache.DiscoverTestExtensions: Discovering the extensions using allExtensionPaths: C:\Users\Armin\Documents\GitHub\Grupa-3-Verifikovani-i-Validirani-Softverasi\Pijaca\Zadatak1\bin\Debug\net5.0\fine-code-coverage\build-output\Microsoft.VisualStudio.TestPlatform.MSTest.TestAdapter.dll
TpTrace Information: 0 : 14628, 4, 2021/11/17, 22:14:09.470, 198132887159, testhost.dll, AssemblyResolver.AddSearchDirectories: Adding more searchDirectories C:\Users\Armin\Documents\GitHub\Grupa-3-Verifikovani-i-Validirani-Softverasi\Pijaca\Zadatak1\bin\Debug\net5.0\fine-code-coverage\build-output
TpTrace Verbose: 0 : 14628, 4, 2021/11/17, 22:14:09.472, 198132907870, testhost.dll, TestPluginCache: Discovered the extensions using extension path ''.
TpTrace Verbose: 0 : 14628, 4, 2021/11/17, 22:14:09.472, 198132909023, testhost.dll, TestPluginCache: Discoverers are 'Microsoft.VisualStudio.TestPlatform.MSTest.TestAdapter.MSTestDiscoverer, Microsoft.VisualStudio.TestPlatform.MSTest.TestAdapter, Version=14.0.0.0, Culture=neutral, PublicKeyToken=b03f5f7f11d50a3a'.
TpTrace Verbose: 0 : 14628, 4, 2021/11/17, 22:14:09.472, 198132909408, testhost.dll, TestPluginCache: Executors are 'executor://MSTestAdapter/v2'.
TpTrace Verbose: 0 : 14628, 4, 2021/11/17, 22:14:09.472, 198132909783, testhost.dll, TestPluginCache: Executors2 are ''.
TpTrace Verbose: 0 : 14628, 4, 2021/11/17, 22:14:09.472, 198132910068, testhost.dll, TestPluginCache: Setting providers are ''.
TpTrace Verbose: 0 : 14628, 4, 2021/11/17, 22:14:09.472, 198132911177, testhost.dll, TestPluginCache: Loggers are ''.
TpTrace Verbose: 0 : 14628, 4, 2021/11/17, 22:14:09.479, 198132980037, testhost.dll, BaseRunTests.RunTestInternalWithExecutors: Running tests for executor://MSTestAdapter/v2
TpTrace Information: 0 : 14628, 4, 2021/11/17, 22:14:09.480, 198132986337, testhost.dll, AssemblyResolver.OnResolve: Microsoft.VisualStudio.TestPlatform.MSTestAdapter.PlatformServices.Interface: Resolving assembly.
TpTrace Information: 0 : 14628, 4, 2021/11/17, 22:14:09.481, 198132993842, testhost.dll, AssemblyResolver.OnResolve: Resolved assembly: Microsoft.VisualStudio.TestPlatform.MSTestAdapter.PlatformServices.Interface, from path: C:\Users\Armin\Documents\GitHub\Grupa-3-Verifikovani-i-Validirani-Softverasi\Pijaca\Zadatak1\bin\Debug\net5.0\fine-code-coverage\build-output\Microsoft.VisualStudio.TestPlatform.MSTestAdapter.PlatformServices.Interface.dll
TpTrace Information: 0 : 14628, 4, 2021/11/17, 22:14:09.482, 198133003231, testhost.dll, AssemblyResolver.OnResolve: Microsoft.VisualStudio.TestPlatform.MSTestAdapter.PlatformServices: Resolving assembly.
TpTrace Information: 0 : 14628, 4, 2021/11/17, 22:14:09.482, 198133009253, testhost.dll, AssemblyResolver.OnResolve: Resolved assembly: Microsoft.VisualStudio.TestPlatform.MSTestAdapter.PlatformServices, from path: C:\Users\Armin\Documents\GitHub\Grupa-3-Verifikovani-i-Validirani-Softverasi\Pijaca\Zadatak1\bin\Debug\net5.0\fine-code-coverage\build-output\Microsoft.VisualStudio.TestPlatform.MSTestAdapter.PlatformServices.dll
TpTrace Information: 0 : 14628, 4, 2021/11/17, 22:14:09.483, 198133012983, testhost.dll, MSTest - MSTestExecutor.RunTests: Running tests from sources.
TpTrace Information: 0 : 14628, 4, 2021/11/17, 22:14:09.485, 198133037741, testhost.dll, MSTest - CollectSourceInformation value Found : False 
TpTrace Information: 0 : 14628, 4, 2021/11/17, 22:14:09.504, 198133225575, testhost.dll, AssemblyResolver.OnResolve: Microsoft.TestPlatform.AdapterUtilities: Resolving assembly.
TpTrace Information: 0 : 14628, 4, 2021/11/17, 22:14:09.505, 198133233709, testhost.dll, AssemblyResolver.OnResolve: Resolved assembly: Microsoft.TestPlatform.AdapterUtilities, from path: C:\Users\Armin\Documents\GitHub\Grupa-3-Verifikovani-i-Validirani-Softverasi\Pijaca\Zadatak1\bin\Debug\net5.0\fine-code-coverage\build-output\Microsoft.TestPlatform.AdapterUtilities.dll
TpTrace Information: 0 : 14628, 4, 2021/11/17, 22:14:09.518, 198133368981, testhost.dll, MSTest - MSTestDiscoverer: Found 4 tests from source C:\Users\Armin\Documents\GitHub\Grupa-3-Verifikovani-i-Validirani-Softverasi\Pijaca\Zadatak1\bin\Debug\net5.0\fine-code-coverage\build-output\Zadatak1.dll
TpTrace Information: 0 : 14628, 4, 2021/11/17, 22:14:09.537, 198133555801, testhost.dll, AssemblyResolver.OnResolve: Microsoft.VisualStudio.TestPlatform.MSTestAdapter.PlatformServices.resources: Resolving assembly.
TpTrace Information: 0 : 14628, 4, 2021/11/17, 22:14:09.537, 198133557932, testhost.dll, AssemblyResolver.OnResolve: Microsoft.VisualStudio.TestPlatform.MSTestAdapter.PlatformServices.resources: Failed to load assembly.
TpTrace Information: 0 : 14628, 4, 2021/11/17, 22:14:09.538, 198133564138, testhost.dll, AssemblyResolver.OnResolve: Microsoft.VisualStudio.TestPlatform.MSTestAdapter.PlatformServices.resources: Resolving assembly.
TpTrace Information: 0 : 14628, 4, 2021/11/17, 22:14:09.538, 198133565568, testhost.dll, AssemblyResolver.OnResolve: Microsoft.VisualStudio.TestPlatform.MSTestAdapter.PlatformServices.resources: Resolved from cache.
TpTrace Information: 0 : 14628, 4, 2021/11/17, 22:14:09.558, 198133771080, testhost.dll, MSTest - Created unit-test runner C:\Users\Armin\Documents\GitHub\Grupa-3-Verifikovani-i-Validirani-Softverasi\Pijaca\Zadatak1\bin\Debug\net5.0\fine-code-coverage\build-output\Zadatak1.dll
TpTrace Verbose: 0 : 14628, 4, 2021/11/17, 22:14:09.567, 198133857709, testhost.dll, TestExecutionRecorder.RecordStart: Starting test: Zadatak1.ProdavacTest.TestPogresnaSifra.
TpTrace Information: 0 : 14628, 4, 2021/11/17, 22:14:09.651, 198134698566, testhost.dll, MSTest - Executing test TestPogresnaSifra
TpTrace Information: 0 : 14628, 4, 2021/11/17, 22:14:09.691, 198135092723, testhost.dll, MSTest - Executed test TestPogresnaSifra
TpTrace Verbose: 0 : 14628, 4, 2021/11/17, 22:14:09.696, 198135149009, testhost.dll, TestExecutionRecorder.RecordEnd: test: Zadatak1.ProdavacTest.TestPogresnaSifra execution completed.
TpTrace Verbose: 0 : 14628, 4, 2021/11/17, 22:14:09.714, 198135331344, testhost.dll, TestExecutionRecorder.RecordResult: Received result for test: Zadatak1.ProdavacTest.TestPogresnaSifra.
TpTrace Warning: 0 : 14628, 4, 2021/11/17, 22:14:09.718, 198135366912, testhost.dll, TestRunCache: InProgressTests is null
TpTrace Warning: 0 : 14628, 4, 2021/11/17, 22:14:09.718, 198135369028, testhost.dll, TestRunCache: No test found corresponding to testResult '' in inProgress list.
TpTrace Verbose: 0 : 14628, 4, 2021/11/17, 22:14:09.718, 198135370333, testhost.dll, TestExecutionRecorder.RecordStart: Starting test: Zadatak1.ProdavacTest.TestAktivnosti.
TpTrace Information: 0 : 14628, 4, 2021/11/17, 22:14:09.720, 198135385767, testhost.dll, MSTest - Executing test TestAktivnosti
TpTrace Information: 0 : 14628, 4, 2021/11/17, 22:14:09.721, 198135393314, testhost.dll, MSTest - Executed test TestAktivnosti
TpTrace Verbose: 0 : 14628, 4, 2021/11/17, 22:14:09.721, 198135395169, testhost.dll, TestExecutionRecorder.RecordEnd: test: Zadatak1.ProdavacTest.TestAktivnosti execution completed.
TpTrace Verbose: 0 : 14628, 4, 2021/11/17, 22:14:09.723, 198135411804, testhost.dll, TestExecutionRecorder.RecordResult: Received result for test: Zadatak1.ProdavacTest.TestAktivnosti.
TpTrace Warning: 0 : 14628, 4, 2021/11/17, 22:14:09.723, 198135413466, testhost.dll, TestRunCache: InProgressTests is null
TpTrace Warning: 0 : 14628, 4, 2021/11/17, 22:14:09.723, 198135414234, testhost.dll, TestRunCache: No test found corresponding to testResult '' in inProgress list.
TpTrace Verbose: 0 : 14628, 4, 2021/11/17, 22:14:09.723, 198135415217, testhost.dll, TestExecutionRecorder.RecordStart: Starting test: Zadatak1.ProdavacTest.TestPogresnihPodataka.
TpTrace Information: 0 : 14628, 4, 2021/11/17, 22:14:09.724, 198135429325, testhost.dll, MSTest - Executing test TestPogresnihPodataka
TpTrace Information: 0 : 14628, 4, 2021/11/17, 22:14:09.725, 198135436767, testhost.dll, MSTest - Executed test TestPogresnihPodataka
TpTrace Verbose: 0 : 14628, 4, 2021/11/17, 22:14:09.725, 198135437303, testhost.dll, TestExecutionRecorder.RecordEnd: test: Zadatak1.ProdavacTest.TestPogresnihPodataka execution completed.
TpTrace Verbose: 0 : 14628, 4, 2021/11/17, 22:14:09.733, 198135513657, testhost.dll, TestExecutionRecorder.RecordResult: Received result for test: Zadatak1.ProdavacTest.TestPogresnihPodataka.
TpTrace Warning: 0 : 14628, 4, 2021/11/17, 22:14:09.733, 198135515002, testhost.dll, TestRunCache: InProgressTests is null
TpTrace Warning: 0 : 14628, 4, 2021/11/17, 22:14:09.733, 198135515435, testhost.dll, TestRunCache: No test found corresponding to testResult '' in inProgress list.
TpTrace Verbose: 0 : 14628, 4, 2021/11/17, 22:14:09.733, 198135516201, testhost.dll, TestExecutionRecorder.RecordStart: Starting test: Zadatak1.ProdavacTest.TestPovecanjaPrometa.
TpTrace Information: 0 : 14628, 4, 2021/11/17, 22:14:09.735, 198135536723, testhost.dll, MSTest - Executing test TestPovecanjaPrometa
TpTrace Information: 0 : 14628, 4, 2021/11/17, 22:14:09.736, 198135551530, testhost.dll, MSTest - Executed test TestPovecanjaPrometa
TpTrace Verbose: 0 : 14628, 4, 2021/11/17, 22:14:09.737, 198135553787, testhost.dll, TestExecutionRecorder.RecordEnd: test: Zadatak1.ProdavacTest.TestPovecanjaPrometa execution completed.
TpTrace Verbose: 0 : 14628, 4, 2021/11/17, 22:14:09.738, 198135571037, testhost.dll, TestExecutionRecorder.RecordResult: Received result for test: Zadatak1.ProdavacTest.TestPovecanjaPrometa.
TpTrace Warning: 0 : 14628, 4, 2021/11/17, 22:14:09.739, 198135572177, testhost.dll, TestRunCache: InProgressTests is null
TpTrace Warning: 0 : 14628, 4, 2021/11/17, 22:14:09.739, 198135572522, testhost.dll, TestRunCache: No test found corresponding to testResult '' in inProgress list.
TpTrace Information: 0 : 14628, 4, 2021/11/17, 22:14:09.739, 198135575709, testhost.dll, MSTest - Executing cleanup methods.
TpTrace Information: 0 : 14628, 4, 2021/11/17, 22:14:09.740, 198135587067, testhost.dll, MSTest - Executed cleanup methods.
TpTrace Information: 0 : 14628, 4, 2021/11/17, 22:14:09.740, 198135587560, testhost.dll, MSTest - Executed tests belonging to source C:\Users\Armin\Documents\GitHub\Grupa-3-Verifikovani-i-Validirani-Softverasi\Pijaca\Zadatak1\bin\Debug\net5.0\fine-code-coverage\build-output\Zadatak1.dll
TpTrace Information: 0 : 14628, 4, 2021/11/17, 22:14:09.740, 198135590280, testhost.dll, Deleting deployment directory C:\Users\Armin\Documents\GitHub\Grupa-3-Verifikovani-i-Validirani-Softverasi\Pijaca\Zadatak1\bin\Debug\net5.0\fine-code-coverage\coverage-tool-output\Deploy_Armin 2021-11-17 22_14_09
TpTrace Information: 0 : 14628, 4, 2021/11/17, 22:14:09.743, 198135617179, testhost.dll, Deleted deployment directory C:\Users\Armin\Documents\GitHub\Grupa-3-Verifikovani-i-Validirani-Softverasi\Pijaca\Zadatak1\bin\Debug\net5.0\fine-code-coverage\coverage-tool-output\Deploy_Armin 2021-11-17 22_14_09
TpTrace Verbose: 0 : 14628, 4, 2021/11/17, 22:14:09.745, 198135641618, testhost.dll, BaseRunTests.RunTestInternalWithExecutors: Completed running tests for executor://MSTestAdapter/v2
TpTrace Information: 0 : 14628, 4, 2021/11/17, 22:14:09.749, 198135681055, testhost.dll, Sending test run complete
TpTrace Verbose: 0 : 14628, 4, 2021/11/17, 22:14:09.792, 198136109408, testhost.dll, TestRequestHandler.SendData:  sending data from testhost: {"Version":5,"MessageType":"TestExecution.Completed","Payload":{"TestRunCompleteArgs":{"TestRunStatistics":{"ExecutedTests":4,"Stats":{"Passed":4}},"IsCanceled":false,"IsAborted":false,"Error":null,"AttachmentSets":[],"ElapsedTimeInRunningTests":"00:00:00.2722062","Metrics":{}},"LastRunTests":{"NewTestResults":[{"TestCase":{"Id":"6b10294d-693c-8bde-94d8-97ba1474c65a","FullyQualifiedName":"Zadatak1.ProdavacTest.TestPogresnaSifra","DisplayName":"TestPogresnaSifra","ExecutorUri":"executor://MSTestAdapter/v2","Source":"C:\\Users\\Armin\\Documents\\GitHub\\Grupa-3-Verifikovani-i-Validirani-Softverasi\\Pijaca\\Zadatak1\\bin\\Debug\\net5.0\\fine-code-coverage\\build-output\\Zadatak1.dll","CodeFilePath":null,"LineNumber":-1,"Properties":[{"Key":{"Id":"TestCase.ManagedType","Label":"ManagedType","Category":"","Description":"","Attributes":1,"ValueType":"System.String"},"Value":"Zadatak1.ProdavacTest"},{"Key":{"Id":"TestCase.ManagedMethod","Label":"ManagedMethod","Category":"","Description":"","Attributes":1,"ValueType":"System.String"},"Value":"TestPogresnaSifra"},{"Key":{"Id":"MSTestDiscoverer.TestClassName","Label":"ClassName","Category":"","Description":"","Attributes":1,"ValueType":"System.String"},"Value":"Zadatak1.ProdavacTest"},{"Key":{"Id":"TestObject.Traits","Label":"Traits","Category":"","Description":"","Attributes":5,"ValueType":"System.Collections.Generic.KeyValuePair`2[[System.String],[System.String]][]"},"Value":[]}]},"Attachments":[],"Outcome":1,"ErrorMessage":null,"ErrorStackTrace":null,"DisplayName":null,"Messages":[],"ComputerName":null,"Duration":"00:00:00.0060332","StartTime":"2021-11-17T22:14:09.6516181+01:00","EndTime":"2021-11-17T22:14:09.6912132+01:00","Properties":[{"Key":{"Id":"ExecutionId","Label":"ExecutionId","Category":"","Description":"","Attributes":1,"ValueType":"System.Guid"},"Value":"00000000-0000-0000-0000-000000000000"},{"Key":{"Id":"ParentExecId","Label":"ParentExecId","Category":"","Description":"","Attributes":1,"ValueType":"System.Guid"},"Value":"00000000-0000-0000-0000-000000000000"},{"Key":{"Id":"InnerResultsCount","Label":"InnerResultsCount","Category":"","Description":"","Attributes":1,"ValueType":"System.Int32"},"Value":0}]},{"TestCase":{"Id":"03d44b12-18f4-0cbe-1c33-4094b2186c06","FullyQualifiedName":"Zadatak1.ProdavacTest.TestAktivnosti","DisplayName":"TestAktivnosti","ExecutorUri":"executor://MSTestAdapter/v2","Source":"C:\\Users\\Armin\\Documents\\GitHub\\Grupa-3-Verifikovani-i-Validirani-Softverasi\\Pijaca\\Zadatak1\\bin\\Debug\\net5.0\\fine-code-coverage\\build-output\\Zadatak1.dll","CodeFilePath":null,"LineNumber":-1,"Properties":[{"Key":{"Id":"TestCase.ManagedType","Label":"ManagedType","Category":"","Description":"","Attributes":1,"ValueType":"System.String"},"Value":"Zadatak1.ProdavacTest"},{"Key":{"Id":"TestCase.ManagedMethod","Label":"ManagedMethod","Category":"","Description":"","Attributes":1,"ValueType":"System.String"},"Value":"TestAktivnosti"},{"Key":{"Id":"MSTestDiscoverer.TestClassName","Label":"ClassName","Category":"","Description":"","Attributes":1,"ValueType":"System.String"},"Value":"Zadatak1.ProdavacTest"},{"Key":{"Id":"TestObject.Traits","Label":"Traits","Category":"","Description":"","Attributes":5,"ValueType":"System.Collections.Generic.KeyValuePair`2[[System.String],[System.String]][]"},"Value":[]}]},"Attachments":[],"Outcome":1,"ErrorMessage":null,"ErrorStackTrace":null,"DisplayName":null,"Messages":[],"ComputerName":null,"Duration":"00:00:00.0004622","StartTime":"2021-11-17T22:14:09.7203717+01:00","EndTime":"2021-11-17T22:14:09.7213404+01:00","Properties":[{"Key":{"Id":"ExecutionId","Label":"ExecutionId","Category":"","Description":"","Attributes":1,"ValueType":"System.Guid"},"Value":"00000000-0000-0000-0000-000000000000"},{"Key":{"Id":"ParentExecId","Label":"ParentExecId","Category":"","Description":"","Attributes":1,"ValueType":"System.Guid"},"Value":"00000000-0000-0000-0000-000000000000"},{"Key":{"Id":"InnerResultsCount","Label":"InnerResultsCount","Category":"","Description":"","Attributes":1,"ValueType":"System.Int32"},"Value":0}]},{"TestCase":{"Id":"c0b925a7-8cbd-7c38-aa41-59795ea98c0e","FullyQualifiedName":"Zadatak1.ProdavacTest.TestPogresnihPodataka","DisplayName":"TestPogresnihPodataka","ExecutorUri":"executor://MSTestAdapter/v2","Source":"C:\\Users\\Armin\\Documents\\GitHub\\Grupa-3-Verifikovani-i-Validirani-Softverasi\\Pijaca\\Zadatak1\\bin\\Debug\\net5.0\\fine-code-coverage\\build-output\\Zadatak1.dll","CodeFilePath":null,"LineNumber":-1,"Properties":[{"Key":{"Id":"TestCase.ManagedType","Label":"ManagedType","Category":"","Description":"","Attributes":1,"ValueType":"System.String"},"Value":"Zadatak1.ProdavacTest"},{"Key":{"Id":"TestCase.ManagedMethod","Label":"ManagedMethod","Category":"","Description":"","Attributes":1,"ValueType":"System.String"},"Value":"TestPogresnihPodataka"},{"Key":{"Id":"MSTestDiscoverer.TestClassName","Label":"ClassName","Category":"","Description":"","Attributes":1,"ValueType":"System.String"},"Value":"Zadatak1.ProdavacTest"},{"Key":{"Id":"TestObject.Traits","Label":"Traits","Category":"","Description":"","Attributes":5,"ValueType":"System.Collections.Generic.KeyValuePair`2[[System.String],[System.String]][]"},"Value":[]}]},"Attachments":[],"Outcome":1,"ErrorMessage":null,"ErrorStackTrace":null,"DisplayName":null,"Messages":[],"ComputerName":null,"Duration":"00:00:00.0004215","StartTime":"2021-11-17T22:14:09.724767+01:00","EndTime":"2021-11-17T22:14:09.725568+01:00","Properties":[{"Key":{"Id":"ExecutionId","Label":"ExecutionId","Category":"","Description":"","Attributes":1,"ValueType":"System.Guid"},"Value":"00000000-0000-0000-0000-000000000000"},{"Key":{"Id":"ParentExecId","Label":"ParentExecId","Category":"","Description":"","Attributes":1,"ValueType":"System.Guid"},"Value":"00000000-0000-0000-0000-000000000000"},{"Key":{"Id":"InnerResultsCount","Label":"InnerResultsCount","Category":"","Description":"","Attributes":1,"ValueType":"System.Int32"},"Value":0}]},{"TestCase":{"Id":"e24cc8fb-745b-e81c-73f9-2fc994551ca5","FullyQualifiedName":"Zadatak1.ProdavacTest.TestPovecanjaPrometa","DisplayName":"TestPovecanjaPrometa","ExecutorUri":"executor://MSTestAdapter/v2","Source":"C:\\Users\\Armin\\Documents\\GitHub\\Grupa-3-Verifikovani-i-Validirani-Softverasi\\Pijaca\\Zadatak1\\bin\\Debug\\net5.0\\fine-code-coverage\\build-output\\Zadatak1.dll","CodeFilePath":null,"LineNumber":-1,"Properties":[{"Key":{"Id":"TestCase.ManagedType","Label":"ManagedType","Category":"","Description":"","Attributes":1,"ValueType":"System.String"},"Value":"Zadatak1.ProdavacTest"},{"Key":{"Id":"TestCase.ManagedMethod","Label":"ManagedMethod","Category":"","Description":"","Attributes":1,"ValueType":"System.String"},"Value":"TestPovecanjaPrometa"},{"Key":{"Id":"MSTestDiscoverer.TestClassName","Label":"ClassName","Category":"","Description":"","Attributes":1,"ValueType":"System.String"},"Value":"Zadatak1.ProdavacTest"},{"Key":{"Id":"TestObject.Traits","Label":"Traits","Category":"","Description":"","Attributes":5,"ValueType":"System.Collections.Generic.KeyValuePair`2[[System.String],[System.String]][]"},"Value":[]}]},"Attachments":[],"Outcome":1,"ErrorMessage":null,"ErrorStackTrace":null,"DisplayName":null,"Messages":[],"ComputerName":null,"Duration":"00:00:00.0011044","StartTime":"2021-11-17T22:14:09.7355071+01:00","EndTime":"2021-11-17T22:14:09.7372113+01:00","Properties":[{"Key":{"Id":"ExecutionId","Label":"ExecutionId","Category":"","Description":"","Attributes":1,"ValueType":"System.Guid"},"Value":"00000000-0000-0000-0000-000000000000"},{"Key":{"Id":"ParentExecId","Label":"ParentExecId","Category":"","Description":"","Attributes":1,"ValueType":"System.Guid"},"Value":"00000000-0000-0000-0000-000000000000"},{"Key":{"Id":"InnerResultsCount","Label":"InnerResultsCount","Category":"","Description":"","Attributes":1,"ValueType":"System.Int32"},"Value":0}]}],"TestRunStatistics":{"ExecutedTests":4,"Stats":{"Passed":4}},"ActiveTests":[]},"RunAttachments":[],"ExecutorUris":["executor://mstestadapter/v2"]}}
TpTrace Verbose: 0 : 14628, 4, 2021/11/17, 22:14:09.794, 198136129952, testhost.dll, BaseRunTests.RunTests: Run is complete.
TpTrace Verbose: 0 : 14628, 5, 2021/11/17, 22:14:09.797, 198136156589, testhost.dll, TcpClientExtensions.MessageLoopAsync: NotifyDataAvailable remoteEndPoint: [::ffff:127.0.0.1]:56765 localEndPoint: [::ffff:127.0.0.1]:56767
TpTrace Information: 0 : 14628, 5, 2021/11/17, 22:14:09.797, 198136159122, testhost.dll, TestRequestHandler.ProcessRequests: received message: (TestSession.Terminate) -> null
TpTrace Information: 0 : 14628, 5, 2021/11/17, 22:14:09.797, 198136159600, testhost.dll, Session End message received from server. Closing the connection.
TpTrace Information: 0 : 14628, 5, 2021/11/17, 22:14:09.798, 198136164012, testhost.dll, SocketClient.Stop: Stop communication from server endpoint: 127.0.0.1:056765
TpTrace Information: 0 : 14628, 5, 2021/11/17, 22:14:09.798, 198136165126, testhost.dll, SocketClient: Stop: Cancellation requested. Stopping message loop.
TpTrace Verbose: 0 : 14628, 5, 2021/11/17, 22:14:09.798, 198136166816, testhost.dll, LengthPrefixCommunicationChannel.Dispose: Dispose reader and writer.
TpTrace Information: 0 : 14628, 5, 2021/11/17, 22:14:09.798, 198136167414, testhost.dll, Closing the connection !
TpTrace Information: 0 : 14628, 5, 2021/11/17, 22:14:09.798, 198136169310, testhost.dll, SocketClient.PrivateStop: Stop communication from server endpoint: 127.0.0.1:056765, error:
TpTrace Verbose: 0 : 14628, 5, 2021/11/17, 22:14:09.799, 198136173922, testhost.dll, LengthPrefixCommunicationChannel.Dispose: Dispose reader and writer.
TpTrace Verbose: 0 : 14628, 5, 2021/11/17, 22:14:09.799, 198136174742, testhost.dll, TcpClientExtensions.MessageLoopAsync: exiting MessageLoopAsync remoteEndPoint: [::ffff:127.0.0.1]:56765 localEndPoint: [::ffff:127.0.0.1]:56767
TpTrace Information: 0 : 14628, 1, 2021/11/17, 22:14:09.799, 198136173971, testhost.dll, Closing the connection !
TpTrace Information: 0 : 14628, 1, 2021/11/17, 22:14:09.799, 198136175997, testhost.dll, SocketClient.Stop: Stop communication from server endpoint: 127.0.0.1:056765
TpTrace Verbose: 0 : 14628, 1, 2021/11/17, 22:14:09.799, 198136176342, testhost.dll, LengthPrefixCommunicationChannel.Dispose: Dispose reader and writer.
TpTrace Information: 0 : 14628, 1, 2021/11/17, 22:14:09.799, 198136177393, testhost.dll, Testhost process exiting.
