TpTrace Verbose: 0 : 14400, 1, 2021/11/28, 21:39:35.569, 159051036788, testhost.dll, Version: 16.9.4
TpTrace Information: 0 : 14400, 1, 2021/11/28, 21:39:35.590, 159051081638, testhost.dll, DefaultEngineInvoker.Invoke: Testhost process started with args :[--port, 62177],[--endpoint, 127.0.0.1:062177],[--role, client],[--parentprocessid, 13692],[--diag, C:\Users\User\Documents\GitHub\Grupa-3-Verifikovani-i-Validirani-Softverasi\Pijaca\Zadatak1\bin\Debug\net5.0\fine-code-coverage\coverage-tool-output\diagnostics.host.21-11-28_21-39-35_21286_4.log],[--tracelevel, 4],[--datacollectionport, 62176],[--telemetryoptedin, false]
TpTrace Information: 0 : 14400, 1, 2021/11/28, 21:39:35.595, 159051101566, testhost.dll, Setting up debug trace listener.
TpTrace Verbose: 0 : 14400, 1, 2021/11/28, 21:39:35.596, 159051103477, testhost.dll, TestPlatformTraceListener.Setup: Replacing listener 0 with TestHostTraceListener.
TpTrace Verbose: 0 : 14400, 1, 2021/11/28, 21:39:35.596, 159051103870, testhost.dll, TestPlatformTraceListener.Setup: Added test platform trace listener.
TpTrace Information: 0 : 14400, 1, 2021/11/28, 21:39:35.599, 159051115099, testhost.dll, DefaultEngineInvoker.SetParentProcessExitCallback: Monitoring parent process with id: '13692'
TpTrace Information: 0 : 14400, 1, 2021/11/28, 21:39:35.676, 159051401278, testhost.dll, DefaultEngineInvoker.GetConnectionInfo: Initialize communication on endpoint address: '127.0.0.1:062177'
TpTrace Information: 0 : 14400, 1, 2021/11/28, 21:39:35.706, 159051511062, testhost.dll, SocketClient.Start: connecting to server endpoint: 127.0.0.1:062177
TpTrace Information: 0 : 14400, 1, 2021/11/28, 21:39:35.719, 159051561734, testhost.dll, DefaultEngineInvoker.ConnectToDatacollector: Connecting to datacollector, port: 62176
TpTrace Information: 0 : 14400, 1, 2021/11/28, 21:39:35.728, 159051592061, testhost.dll, Trying to connect to server on socket : 127.0.0.1:62176 
TpTrace Verbose: 0 : 14400, 1, 2021/11/28, 21:39:35.728, 159051594260, testhost.dll, SocketCommunicationManager : SetupClientAsync : Attempting to connect to the server.
TpTrace Information: 0 : 14400, 5, 2021/11/28, 21:39:35.729, 159051597208, testhost.dll, SocketClient.OnServerConnected: connected to server endpoint: 127.0.0.1:062177
TpTrace Information: 0 : 14400, 9, 2021/11/28, 21:39:35.731, 159051603650, testhost.dll, Connected to the server successfully 
TpTrace Information: 0 : 14400, 9, 2021/11/28, 21:39:35.731, 159051604195, testhost.dll, Using the buffer size of 16384 bytes
TpTrace Verbose: 0 : 14400, 5, 2021/11/28, 21:39:35.731, 159051606360, testhost.dll, Connected to server, and starting MessageLoopAsync
TpTrace Verbose: 0 : 14400, 5, 2021/11/28, 21:39:35.736, 159051624683, testhost.dll, TcpClientExtensions.MessageLoopAsync: Polling on remoteEndPoint: [::ffff:127.0.0.1]:62177 localEndPoint: [::ffff:127.0.0.1]:62178
TpTrace Information: 0 : 14400, 1, 2021/11/28, 21:39:35.737, 159051625893, testhost.dll, DefaultEngineInvoker.Invoke: Start Request Processing.
TpTrace Verbose: 0 : 14400, 5, 2021/11/28, 21:39:35.737, 159051626891, testhost.dll, TcpClientExtensions.MessageLoopAsync: NotifyDataAvailable remoteEndPoint: [::ffff:127.0.0.1]:62177 localEndPoint: [::ffff:127.0.0.1]:62178
TpTrace Information: 0 : 14400, 12, 2021/11/28, 21:39:35.751, 159051678202, testhost.dll, DefaultEngineInvoker.StartProcessingAsync: Connected to vstest.console, Starting process requests.
TpTrace Information: 0 : 14400, 5, 2021/11/28, 21:39:35.952, 159052422391, testhost.dll, TestRequestHandler.ProcessRequests: received message: (ProtocolVersion) -> 5
TpTrace Verbose: 0 : 14400, 5, 2021/11/28, 21:39:36.008, 159052632062, testhost.dll, TestRequestHandler.SendData:  sending data from testhost: {"Version":5,"MessageType":"TestSession.Message","Payload":{"MessageLevel":0,"Message":"Logging TestHost Diagnostics in file: C:\\Users\\User\\Documents\\GitHub\\Grupa-3-Verifikovani-i-Validirani-Softverasi\\Pijaca\\Zadatak1\\bin\\Debug\\net5.0\\fine-code-coverage\\coverage-tool-output\\diagnostics.host.21-11-28_21-39-35_21286_4.log"}}
TpTrace Verbose: 0 : 14400, 5, 2021/11/28, 21:39:36.009, 159052634771, testhost.dll, TcpClientExtensions.MessageLoopAsync: Polling on remoteEndPoint: [::ffff:127.0.0.1]:62177 localEndPoint: [::ffff:127.0.0.1]:62178
TpTrace Verbose: 0 : 14400, 5, 2021/11/28, 21:39:36.009, 159052635724, testhost.dll, TcpClientExtensions.MessageLoopAsync: NotifyDataAvailable remoteEndPoint: [::ffff:127.0.0.1]:62177 localEndPoint: [::ffff:127.0.0.1]:62178
TpTrace Information: 0 : 14400, 5, 2021/11/28, 21:39:36.015, 159052657714, testhost.dll, TestRequestHandler.ProcessRequests: received message: (TestExecution.Initialize) -> [
  "C:\\Users\\User\\Documents\\GitHub\\Grupa-3-Verifikovani-i-Validirani-Softverasi\\Pijaca\\Zadatak1\\bin\\Debug\\net5.0\\fine-code-coverage\\build-output\\Microsoft.VisualStudio.TestPlatform.MSTest.TestAdapter.dll"
]
TpTrace Information: 0 : 14400, 5, 2021/11/28, 21:39:36.015, 159052658611, testhost.dll, Execution Session Initialize.
TpTrace Verbose: 0 : 14400, 5, 2021/11/28, 21:39:36.028, 159052705260, testhost.dll, TcpClientExtensions.MessageLoopAsync: Polling on remoteEndPoint: [::ffff:127.0.0.1]:62177 localEndPoint: [::ffff:127.0.0.1]:62178
TpTrace Verbose: 0 : 14400, 5, 2021/11/28, 21:39:36.028, 159052705977, testhost.dll, TcpClientExtensions.MessageLoopAsync: NotifyDataAvailable remoteEndPoint: [::ffff:127.0.0.1]:62177 localEndPoint: [::ffff:127.0.0.1]:62178
TpTrace Verbose: 0 : 14400, 4, 2021/11/28, 21:39:36.032, 159052718468, testhost.dll, TestExecutorService: Loading the extensions
TpTrace Information: 0 : 14400, 5, 2021/11/28, 21:39:36.033, 159052723126, testhost.dll, TestRequestHandler.ProcessRequests: received message: (TestExecution.StartWithSources) -> {
  "AdapterSourceMap": {
    "_none_": [
      "C:\\Users\\User\\Documents\\GitHub\\Grupa-3-Verifikovani-i-Validirani-Softverasi\\Pijaca\\Zadatak1\\bin\\Debug\\net5.0\\fine-code-coverage\\build-output\\Zadatak1.dll"
    ]
  },
  "RunSettings": "<RunSettings>\r\n  <RunConfiguration>\r\n    <ResultsDirectory>C:\\Users\\User\\Documents\\GitHub\\Grupa-3-Verifikovani-i-Validirani-Softverasi\\Pijaca\\Zadatak1\\bin\\Debug\\net5.0\\fine-code-coverage\\coverage-tool-output</ResultsDirectory>\r\n    <TargetPlatform>X64</TargetPlatform>\r\n    <TargetFrameworkVersion>.NETCoreApp,Version=v5.0</TargetFrameworkVersion>\r\n    <DesignMode>False</DesignMode>\r\n    <CollectSourceInformation>False</CollectSourceInformation>\r\n  </RunConfiguration>\r\n  <LoggerRunSettings>\r\n    <Loggers>\r\n      <Logger friendlyName=\"blame\" enabled=\"True\" />\r\n      <Logger friendlyName=\"Console\" uri=\"logger://microsoft/TestPlatform/ConsoleLogger/v1\" assemblyQualifiedName=\"Microsoft.VisualStudio.TestPlatform.CommandLine.Internal.ConsoleLogger, vstest.console, Version=15.0.0.0, Culture=neutral, PublicKeyToken=b03f5f7f11d50a3a\" codeBase=\"C:\\Program Files\\dotnet\\sdk\\5.0.201\\vstest.console.dll\" enabled=\"True\" />\r\n    </Loggers>\r\n  </LoggerRunSettings>\r\n  <DataCollectionRunSettings>\r\n    <DataCollectors>\r\n      <DataCollector friendlyName=\"blame\" enabled=\"True\">\r\n        <Configuration>\r\n          <ResultsDirectory>C:\\Users\\User\\Documents\\GitHub\\Grupa-3-Verifikovani-i-Validirani-Softverasi\\Pijaca\\Zadatak1\\bin\\Debug\\net5.0\\fine-code-coverage\\coverage-tool-output</ResultsDirectory>\r\n        </Configuration>\r\n      </DataCollector>\r\n    </DataCollectors>\r\n  </DataCollectionRunSettings>\r\n</RunSettings>",
  "TestExecutionContext": {
    "FrequencyOfRunStatsChangeEvent": 10,
    "RunStatsChangeEventTimeout": "00:00:01.5000000",
    "InIsolation": false,
    "KeepAlive": false,
    "AreTestCaseLevelEventsRequired": false,
    "IsDebug": false,
    "TestCaseFilter": null,
    "FilterOptions": null
  },
  "Package": null
}
TpTrace Information: 0 : 14400, 5, 2021/11/28, 21:39:36.033, 159052723965, testhost.dll, Execution started.
TpTrace Verbose: 0 : 14400, 4, 2021/11/28, 21:39:36.034, 159052727790, testhost.dll, TestPluginCache.DiscoverTestExtensions: finding test extensions in assemblies ends with: TestAdapter.dll TPluginInfo: Microsoft.VisualStudio.TestPlatform.Common.ExtensionFramework.Utilities.TestExecutorPluginInformation TExtension: Microsoft.VisualStudio.TestPlatform.ObjectModel.Adapter.ITestExecutor
TpTrace Verbose: 0 : 14400, 4, 2021/11/28, 21:39:36.036, 159052734191, testhost.dll, TestPluginCache.GetExtensionPaths: Filtered extension paths: 
TpTrace Verbose: 0 : 14400, 4, 2021/11/28, 21:39:36.036, 159052736151, testhost.dll, TestPluginCache.GetExtensionPaths: Added default extension paths: C:\Users\User\Documents\GitHub\Grupa-3-Verifikovani-i-Validirani-Softverasi\Pijaca\Zadatak1\bin\Debug\net5.0\fine-code-coverage\build-output\Microsoft.VisualStudio.TestPlatform.MSTest.TestAdapter.dll
TpTrace Verbose: 0 : 14400, 4, 2021/11/28, 21:39:36.036, 159052736339, testhost.dll, TestPluginCache.GetExtensionPaths: Added unfilterableExtensionPaths: 
TpTrace Information: 0 : 14400, 4, 2021/11/28, 21:39:36.040, 159052748281, testhost.dll, AssemblyResolver.ctor: Creating AssemblyResolver with searchDirectories C:\Users\User\Documents\GitHub\Grupa-3-Verifikovani-i-Validirani-Softverasi\Pijaca\Zadatak1\bin\Debug\net5.0\fine-code-coverage\build-output
TpTrace Verbose: 0 : 14400, 4, 2021/11/28, 21:39:36.042, 159052757260, testhost.dll, TestPluginCache.DiscoverTestExtensions: Discovering the extensions using extension path.
TpTrace Verbose: 0 : 14400, 4, 2021/11/28, 21:39:36.042, 159052758107, testhost.dll, TestPluginCache.GetExtensionPaths: Filtered extension paths: 
TpTrace Verbose: 0 : 14400, 4, 2021/11/28, 21:39:36.042, 159052758305, testhost.dll, TestPluginCache.GetExtensionPaths: Added default extension paths: C:\Users\User\Documents\GitHub\Grupa-3-Verifikovani-i-Validirani-Softverasi\Pijaca\Zadatak1\bin\Debug\net5.0\fine-code-coverage\build-output\Microsoft.VisualStudio.TestPlatform.MSTest.TestAdapter.dll
TpTrace Verbose: 0 : 14400, 4, 2021/11/28, 21:39:36.042, 159052758464, testhost.dll, TestPluginCache.GetExtensionPaths: Added unfilterableExtensionPaths: 
TpTrace Verbose: 0 : 14400, 4, 2021/11/28, 21:39:36.043, 159052758910, testhost.dll, TestPluginCache.DiscoverTestExtensions: Discovering the extensions using allExtensionPaths: C:\Users\User\Documents\GitHub\Grupa-3-Verifikovani-i-Validirani-Softverasi\Pijaca\Zadatak1\bin\Debug\net5.0\fine-code-coverage\build-output\Microsoft.VisualStudio.TestPlatform.MSTest.TestAdapter.dll
TpTrace Information: 0 : 14400, 4, 2021/11/28, 21:39:36.044, 159052763614, testhost.dll, AssemblyResolver.AddSearchDirectories: Adding more searchDirectories C:\Users\User\Documents\GitHub\Grupa-3-Verifikovani-i-Validirani-Softverasi\Pijaca\Zadatak1\bin\Debug\net5.0\fine-code-coverage\build-output
TpTrace Information: 0 : 14400, 4, 2021/11/28, 21:39:36.051, 159052788889, testhost.dll, AssemblyResolver.OnResolve: Microsoft.VisualStudio.TestPlatform.MSTest.TestAdapter: Resolving assembly.
TpTrace Information: 0 : 14400, 4, 2021/11/28, 21:39:36.053, 159052798056, testhost.dll, AssemblyResolver.OnResolve: Resolved assembly: Microsoft.VisualStudio.TestPlatform.MSTest.TestAdapter, from path: C:\Users\User\Documents\GitHub\Grupa-3-Verifikovani-i-Validirani-Softverasi\Pijaca\Zadatak1\bin\Debug\net5.0\fine-code-coverage\build-output\Microsoft.VisualStudio.TestPlatform.MSTest.TestAdapter.dll
TpTrace Verbose: 0 : 14400, 4, 2021/11/28, 21:39:36.063, 159052836098, testhost.dll, TestPluginCache: Discovered the extensions using extension path ''.
TpTrace Verbose: 0 : 14400, 4, 2021/11/28, 21:39:36.064, 159052839242, testhost.dll, TestPluginCache: Discoverers are ''.
TpTrace Verbose: 0 : 14400, 4, 2021/11/28, 21:39:36.064, 159052839911, testhost.dll, TestPluginCache: Executors are 'executor://MSTestAdapter/v2'.
TpTrace Verbose: 0 : 14400, 4, 2021/11/28, 21:39:36.065, 159052840435, testhost.dll, TestPluginCache: Executors2 are ''.
TpTrace Verbose: 0 : 14400, 4, 2021/11/28, 21:39:36.065, 159052840758, testhost.dll, TestPluginCache: Setting providers are ''.
TpTrace Verbose: 0 : 14400, 4, 2021/11/28, 21:39:36.065, 159052841067, testhost.dll, TestPluginCache: Loggers are ''.
TpTrace Verbose: 0 : 14400, 4, 2021/11/28, 21:39:36.069, 159052858186, testhost.dll, TestPluginCache.DiscoverTestExtensions: finding test extensions in assemblies ends with: TestAdapter.dll TPluginInfo: Microsoft.VisualStudio.TestPlatform.Common.ExtensionFramework.Utilities.TestExecutorPluginInformation2 TExtension: Microsoft.VisualStudio.TestPlatform.ObjectModel.Adapter.ITestExecutor2
TpTrace Verbose: 0 : 14400, 4, 2021/11/28, 21:39:36.070, 159052859923, testhost.dll, TestPluginCache.GetExtensionPaths: Filtered extension paths: 
TpTrace Verbose: 0 : 14400, 4, 2021/11/28, 21:39:36.070, 159052860139, testhost.dll, TestPluginCache.GetExtensionPaths: Added default extension paths: C:\Users\User\Documents\GitHub\Grupa-3-Verifikovani-i-Validirani-Softverasi\Pijaca\Zadatak1\bin\Debug\net5.0\fine-code-coverage\build-output\Microsoft.VisualStudio.TestPlatform.MSTest.TestAdapter.dll
TpTrace Verbose: 0 : 14400, 4, 2021/11/28, 21:39:36.070, 159052860295, testhost.dll, TestPluginCache.GetExtensionPaths: Added unfilterableExtensionPaths: 
TpTrace Information: 0 : 14400, 4, 2021/11/28, 21:39:36.070, 159052861237, testhost.dll, AssemblyResolver.AddSearchDirectories: Adding more searchDirectories C:\Users\User\Documents\GitHub\Grupa-3-Verifikovani-i-Validirani-Softverasi\Pijaca\Zadatak1\bin\Debug\net5.0\fine-code-coverage\build-output
TpTrace Verbose: 0 : 14400, 4, 2021/11/28, 21:39:36.070, 159052861491, testhost.dll, TestPluginCache.DiscoverTestExtensions: Discovering the extensions using extension path.
TpTrace Verbose: 0 : 14400, 4, 2021/11/28, 21:39:36.070, 159052861641, testhost.dll, TestPluginCache.GetExtensionPaths: Filtered extension paths: 
TpTrace Verbose: 0 : 14400, 4, 2021/11/28, 21:39:36.070, 159052861778, testhost.dll, TestPluginCache.GetExtensionPaths: Added default extension paths: C:\Users\User\Documents\GitHub\Grupa-3-Verifikovani-i-Validirani-Softverasi\Pijaca\Zadatak1\bin\Debug\net5.0\fine-code-coverage\build-output\Microsoft.VisualStudio.TestPlatform.MSTest.TestAdapter.dll
TpTrace Verbose: 0 : 14400, 4, 2021/11/28, 21:39:36.070, 159052861945, testhost.dll, TestPluginCache.GetExtensionPaths: Added unfilterableExtensionPaths: 
TpTrace Verbose: 0 : 14400, 4, 2021/11/28, 21:39:36.070, 159052862110, testhost.dll, TestPluginCache.DiscoverTestExtensions: Discovering the extensions using allExtensionPaths: C:\Users\User\Documents\GitHub\Grupa-3-Verifikovani-i-Validirani-Softverasi\Pijaca\Zadatak1\bin\Debug\net5.0\fine-code-coverage\build-output\Microsoft.VisualStudio.TestPlatform.MSTest.TestAdapter.dll
TpTrace Information: 0 : 14400, 4, 2021/11/28, 21:39:36.070, 159052862340, testhost.dll, AssemblyResolver.AddSearchDirectories: Adding more searchDirectories C:\Users\User\Documents\GitHub\Grupa-3-Verifikovani-i-Validirani-Softverasi\Pijaca\Zadatak1\bin\Debug\net5.0\fine-code-coverage\build-output
TpTrace Verbose: 0 : 14400, 4, 2021/11/28, 21:39:36.071, 159052863766, testhost.dll, TestPluginCache: Discovered the extensions using extension path ''.
TpTrace Verbose: 0 : 14400, 4, 2021/11/28, 21:39:36.071, 159052863999, testhost.dll, TestPluginCache: Discoverers are ''.
TpTrace Verbose: 0 : 14400, 4, 2021/11/28, 21:39:36.071, 159052864254, testhost.dll, TestPluginCache: Executors are 'executor://MSTestAdapter/v2'.
TpTrace Verbose: 0 : 14400, 4, 2021/11/28, 21:39:36.071, 159052864579, testhost.dll, TestPluginCache: Executors2 are ''.
TpTrace Verbose: 0 : 14400, 4, 2021/11/28, 21:39:36.071, 159052864715, testhost.dll, TestPluginCache: Setting providers are ''.
TpTrace Verbose: 0 : 14400, 4, 2021/11/28, 21:39:36.071, 159052864842, testhost.dll, TestPluginCache: Loggers are ''.
TpTrace Verbose: 0 : 14400, 5, 2021/11/28, 21:39:36.079, 159052892324, testhost.dll, TcpClientExtensions.MessageLoopAsync: Polling on remoteEndPoint: [::ffff:127.0.0.1]:62177 localEndPoint: [::ffff:127.0.0.1]:62178
TpTrace Information: 0 : 14400, 4, 2021/11/28, 21:39:36.079, 159052895290, testhost.dll, TestPluginManager.CreateTestExtension: Attempting to load test extension: Microsoft.VisualStudio.TestPlatform.MSTest.TestAdapter.MSTestExecutor
TpTrace Verbose: 0 : 14400, 4, 2021/11/28, 21:39:36.092, 159052940722, testhost.dll, TestExecutorExtensionManager: Loading executor Microsoft.VisualStudio.TestPlatform.MSTest.TestAdapter.MSTestExecutor
TpTrace Verbose: 0 : 14400, 4, 2021/11/28, 21:39:36.092, 159052941528, testhost.dll, TestExecutorService: Loaded the executors
TpTrace Verbose: 0 : 14400, 4, 2021/11/28, 21:39:36.093, 159052947514, testhost.dll, TestPluginCache.DiscoverTestExtensions: finding test extensions in assemblies ends with: TestAdapter.dll TPluginInfo: Microsoft.VisualStudio.TestPlatform.Common.ExtensionFramework.Utilities.TestSettingsProviderPluginInformation TExtension: Microsoft.VisualStudio.TestPlatform.ObjectModel.Adapter.ISettingsProvider
TpTrace Verbose: 0 : 14400, 4, 2021/11/28, 21:39:36.094, 159052948759, testhost.dll, TestPluginCache.GetExtensionPaths: Filtered extension paths: 
TpTrace Verbose: 0 : 14400, 4, 2021/11/28, 21:39:36.094, 159052948968, testhost.dll, TestPluginCache.GetExtensionPaths: Added default extension paths: C:\Users\User\Documents\GitHub\Grupa-3-Verifikovani-i-Validirani-Softverasi\Pijaca\Zadatak1\bin\Debug\net5.0\fine-code-coverage\build-output\Microsoft.VisualStudio.TestPlatform.MSTest.TestAdapter.dll
TpTrace Verbose: 0 : 14400, 4, 2021/11/28, 21:39:36.094, 159052949160, testhost.dll, TestPluginCache.GetExtensionPaths: Added unfilterableExtensionPaths: 
TpTrace Information: 0 : 14400, 4, 2021/11/28, 21:39:36.094, 159052949912, testhost.dll, AssemblyResolver.AddSearchDirectories: Adding more searchDirectories C:\Users\User\Documents\GitHub\Grupa-3-Verifikovani-i-Validirani-Softverasi\Pijaca\Zadatak1\bin\Debug\net5.0\fine-code-coverage\build-output
TpTrace Verbose: 0 : 14400, 4, 2021/11/28, 21:39:36.094, 159052950129, testhost.dll, TestPluginCache.DiscoverTestExtensions: Discovering the extensions using extension path.
TpTrace Verbose: 0 : 14400, 4, 2021/11/28, 21:39:36.094, 159052950284, testhost.dll, TestPluginCache.GetExtensionPaths: Filtered extension paths: 
TpTrace Verbose: 0 : 14400, 4, 2021/11/28, 21:39:36.094, 159052950422, testhost.dll, TestPluginCache.GetExtensionPaths: Added default extension paths: C:\Users\User\Documents\GitHub\Grupa-3-Verifikovani-i-Validirani-Softverasi\Pijaca\Zadatak1\bin\Debug\net5.0\fine-code-coverage\build-output\Microsoft.VisualStudio.TestPlatform.MSTest.TestAdapter.dll
TpTrace Verbose: 0 : 14400, 4, 2021/11/28, 21:39:36.094, 159052950591, testhost.dll, TestPluginCache.GetExtensionPaths: Added unfilterableExtensionPaths: 
TpTrace Verbose: 0 : 14400, 4, 2021/11/28, 21:39:36.094, 159052950737, testhost.dll, TestPluginCache.DiscoverTestExtensions: Discovering the extensions using allExtensionPaths: C:\Users\User\Documents\GitHub\Grupa-3-Verifikovani-i-Validirani-Softverasi\Pijaca\Zadatak1\bin\Debug\net5.0\fine-code-coverage\build-output\Microsoft.VisualStudio.TestPlatform.MSTest.TestAdapter.dll
TpTrace Information: 0 : 14400, 4, 2021/11/28, 21:39:36.094, 159052950960, testhost.dll, AssemblyResolver.AddSearchDirectories: Adding more searchDirectories C:\Users\User\Documents\GitHub\Grupa-3-Verifikovani-i-Validirani-Softverasi\Pijaca\Zadatak1\bin\Debug\net5.0\fine-code-coverage\build-output
TpTrace Verbose: 0 : 14400, 4, 2021/11/28, 21:39:36.095, 159052952476, testhost.dll, TestPluginCache: Discovered the extensions using extension path ''.
TpTrace Verbose: 0 : 14400, 4, 2021/11/28, 21:39:36.095, 159052952753, testhost.dll, TestPluginCache: Discoverers are ''.
TpTrace Verbose: 0 : 14400, 4, 2021/11/28, 21:39:36.095, 159052952944, testhost.dll, TestPluginCache: Executors are 'executor://MSTestAdapter/v2'.
TpTrace Verbose: 0 : 14400, 4, 2021/11/28, 21:39:36.095, 159052953117, testhost.dll, TestPluginCache: Executors2 are ''.
TpTrace Verbose: 0 : 14400, 4, 2021/11/28, 21:39:36.095, 159052953397, testhost.dll, TestPluginCache: Setting providers are ''.
TpTrace Verbose: 0 : 14400, 4, 2021/11/28, 21:39:36.095, 159052953561, testhost.dll, TestPluginCache: Loggers are ''.
TpTrace Verbose: 0 : 14400, 4, 2021/11/28, 21:39:36.097, 159052959428, testhost.dll, TestExecutorService: Loaded the settings providers
TpTrace Information: 0 : 14400, 4, 2021/11/28, 21:39:36.097, 159052959951, testhost.dll, TestExecutorService: Loaded the extensions
TpTrace Information: 0 : 14400, 4, 2021/11/28, 21:39:36.222, 159053424492, testhost.dll, TestDiscoveryManager: Discovering tests from sources C:\Users\User\Documents\GitHub\Grupa-3-Verifikovani-i-Validirani-Softverasi\Pijaca\Zadatak1\bin\Debug\net5.0\fine-code-coverage\build-output\Zadatak1.dll
TpTrace Verbose: 0 : 14400, 4, 2021/11/28, 21:39:36.226, 159053437591, testhost.dll, TestPluginCache.DiscoverTestExtensions: finding test extensions in assemblies ends with: TestAdapter.dll TPluginInfo: Microsoft.VisualStudio.TestPlatform.Common.ExtensionFramework.Utilities.TestDiscovererPluginInformation TExtension: Microsoft.VisualStudio.TestPlatform.ObjectModel.Adapter.ITestDiscoverer
TpTrace Verbose: 0 : 14400, 4, 2021/11/28, 21:39:36.226, 159053438717, testhost.dll, TestPluginCache.GetExtensionPaths: Filtered extension paths: 
TpTrace Verbose: 0 : 14400, 4, 2021/11/28, 21:39:36.226, 159053438929, testhost.dll, TestPluginCache.GetExtensionPaths: Added default extension paths: C:\Users\User\Documents\GitHub\Grupa-3-Verifikovani-i-Validirani-Softverasi\Pijaca\Zadatak1\bin\Debug\net5.0\fine-code-coverage\build-output\Microsoft.VisualStudio.TestPlatform.MSTest.TestAdapter.dll
TpTrace Verbose: 0 : 14400, 4, 2021/11/28, 21:39:36.226, 159053439112, testhost.dll, TestPluginCache.GetExtensionPaths: Added unfilterableExtensionPaths: 
TpTrace Information: 0 : 14400, 4, 2021/11/28, 21:39:36.226, 159053439874, testhost.dll, AssemblyResolver.AddSearchDirectories: Adding more searchDirectories C:\Users\User\Documents\GitHub\Grupa-3-Verifikovani-i-Validirani-Softverasi\Pijaca\Zadatak1\bin\Debug\net5.0\fine-code-coverage\build-output
TpTrace Verbose: 0 : 14400, 4, 2021/11/28, 21:39:36.226, 159053440116, testhost.dll, TestPluginCache.DiscoverTestExtensions: Discovering the extensions using extension path.
TpTrace Verbose: 0 : 14400, 4, 2021/11/28, 21:39:36.226, 159053440293, testhost.dll, TestPluginCache.GetExtensionPaths: Filtered extension paths: 
TpTrace Verbose: 0 : 14400, 4, 2021/11/28, 21:39:36.227, 159053443831, testhost.dll, TestPluginCache.GetExtensionPaths: Added default extension paths: C:\Users\User\Documents\GitHub\Grupa-3-Verifikovani-i-Validirani-Softverasi\Pijaca\Zadatak1\bin\Debug\net5.0\fine-code-coverage\build-output\Microsoft.VisualStudio.TestPlatform.MSTest.TestAdapter.dll
TpTrace Verbose: 0 : 14400, 4, 2021/11/28, 21:39:36.228, 159053444110, testhost.dll, TestPluginCache.GetExtensionPaths: Added unfilterableExtensionPaths: 
TpTrace Verbose: 0 : 14400, 4, 2021/11/28, 21:39:36.228, 159053444600, testhost.dll, TestPluginCache.DiscoverTestExtensions: Discovering the extensions using allExtensionPaths: C:\Users\User\Documents\GitHub\Grupa-3-Verifikovani-i-Validirani-Softverasi\Pijaca\Zadatak1\bin\Debug\net5.0\fine-code-coverage\build-output\Microsoft.VisualStudio.TestPlatform.MSTest.TestAdapter.dll
TpTrace Information: 0 : 14400, 4, 2021/11/28, 21:39:36.228, 159053445432, testhost.dll, AssemblyResolver.AddSearchDirectories: Adding more searchDirectories C:\Users\User\Documents\GitHub\Grupa-3-Verifikovani-i-Validirani-Softverasi\Pijaca\Zadatak1\bin\Debug\net5.0\fine-code-coverage\build-output
TpTrace Verbose: 0 : 14400, 4, 2021/11/28, 21:39:36.232, 159053459640, testhost.dll, TestPluginCache: Discovered the extensions using extension path ''.
TpTrace Verbose: 0 : 14400, 4, 2021/11/28, 21:39:36.232, 159053460290, testhost.dll, TestPluginCache: Discoverers are 'Microsoft.VisualStudio.TestPlatform.MSTest.TestAdapter.MSTestDiscoverer, Microsoft.VisualStudio.TestPlatform.MSTest.TestAdapter, Version=14.0.0.0, Culture=neutral, PublicKeyToken=b03f5f7f11d50a3a'.
TpTrace Verbose: 0 : 14400, 4, 2021/11/28, 21:39:36.232, 159053460527, testhost.dll, TestPluginCache: Executors are 'executor://MSTestAdapter/v2'.
TpTrace Verbose: 0 : 14400, 4, 2021/11/28, 21:39:36.232, 159053460682, testhost.dll, TestPluginCache: Executors2 are ''.
TpTrace Verbose: 0 : 14400, 4, 2021/11/28, 21:39:36.232, 159053460834, testhost.dll, TestPluginCache: Setting providers are ''.
TpTrace Verbose: 0 : 14400, 4, 2021/11/28, 21:39:36.232, 159053461013, testhost.dll, TestPluginCache: Loggers are ''.
TpTrace Verbose: 0 : 14400, 4, 2021/11/28, 21:39:36.242, 159053496306, testhost.dll, BaseRunTests.RunTestInternalWithExecutors: Running tests for executor://MSTestAdapter/v2
TpTrace Information: 0 : 14400, 4, 2021/11/28, 21:39:36.242, 159053499416, testhost.dll, AssemblyResolver.OnResolve: Microsoft.VisualStudio.TestPlatform.MSTestAdapter.PlatformServices.Interface: Resolving assembly.
TpTrace Information: 0 : 14400, 4, 2021/11/28, 21:39:36.243, 159053503121, testhost.dll, AssemblyResolver.OnResolve: Resolved assembly: Microsoft.VisualStudio.TestPlatform.MSTestAdapter.PlatformServices.Interface, from path: C:\Users\User\Documents\GitHub\Grupa-3-Verifikovani-i-Validirani-Softverasi\Pijaca\Zadatak1\bin\Debug\net5.0\fine-code-coverage\build-output\Microsoft.VisualStudio.TestPlatform.MSTestAdapter.PlatformServices.Interface.dll
TpTrace Information: 0 : 14400, 4, 2021/11/28, 21:39:36.246, 159053511103, testhost.dll, AssemblyResolver.OnResolve: Microsoft.VisualStudio.TestPlatform.MSTestAdapter.PlatformServices: Resolving assembly.
TpTrace Information: 0 : 14400, 4, 2021/11/28, 21:39:36.247, 159053515230, testhost.dll, AssemblyResolver.OnResolve: Resolved assembly: Microsoft.VisualStudio.TestPlatform.MSTestAdapter.PlatformServices, from path: C:\Users\User\Documents\GitHub\Grupa-3-Verifikovani-i-Validirani-Softverasi\Pijaca\Zadatak1\bin\Debug\net5.0\fine-code-coverage\build-output\Microsoft.VisualStudio.TestPlatform.MSTestAdapter.PlatformServices.dll
TpTrace Information: 0 : 14400, 4, 2021/11/28, 21:39:36.247, 159053517640, testhost.dll, MSTest - MSTestExecutor.RunTests: Running tests from sources.
TpTrace Information: 0 : 14400, 4, 2021/11/28, 21:39:36.253, 159053537780, testhost.dll, MSTest - CollectSourceInformation value Found : False 
TpTrace Information: 0 : 14400, 4, 2021/11/28, 21:39:36.286, 159053660076, testhost.dll, AssemblyResolver.OnResolve: Microsoft.TestPlatform.AdapterUtilities: Resolving assembly.
TpTrace Information: 0 : 14400, 4, 2021/11/28, 21:39:36.287, 159053664104, testhost.dll, AssemblyResolver.OnResolve: Resolved assembly: Microsoft.TestPlatform.AdapterUtilities, from path: C:\Users\User\Documents\GitHub\Grupa-3-Verifikovani-i-Validirani-Softverasi\Pijaca\Zadatak1\bin\Debug\net5.0\fine-code-coverage\build-output\Microsoft.TestPlatform.AdapterUtilities.dll
TpTrace Information: 0 : 14400, 4, 2021/11/28, 21:39:36.306, 159053734720, testhost.dll, MSTest - MSTestDiscoverer: Found 15 tests from source C:\Users\User\Documents\GitHub\Grupa-3-Verifikovani-i-Validirani-Softverasi\Pijaca\Zadatak1\bin\Debug\net5.0\fine-code-coverage\build-output\Zadatak1.dll
TpTrace Information: 0 : 14400, 4, 2021/11/28, 21:39:36.330, 159053822777, testhost.dll, AssemblyResolver.OnResolve: Microsoft.VisualStudio.TestPlatform.MSTestAdapter.PlatformServices.resources: Resolving assembly.
TpTrace Information: 0 : 14400, 4, 2021/11/28, 21:39:36.330, 159053823677, testhost.dll, AssemblyResolver.OnResolve: Microsoft.VisualStudio.TestPlatform.MSTestAdapter.PlatformServices.resources: Failed to load assembly.
TpTrace Information: 0 : 14400, 4, 2021/11/28, 21:39:36.331, 159053826122, testhost.dll, AssemblyResolver.OnResolve: Microsoft.VisualStudio.TestPlatform.MSTestAdapter.PlatformServices.resources: Resolving assembly.
TpTrace Information: 0 : 14400, 4, 2021/11/28, 21:39:36.331, 159053826546, testhost.dll, AssemblyResolver.OnResolve: Microsoft.VisualStudio.TestPlatform.MSTestAdapter.PlatformServices.resources: Resolved from cache.
TpTrace Information: 0 : 14400, 4, 2021/11/28, 21:39:36.354, 159053911596, testhost.dll, MSTest - Created unit-test runner C:\Users\User\Documents\GitHub\Grupa-3-Verifikovani-i-Validirani-Softverasi\Pijaca\Zadatak1\bin\Debug\net5.0\fine-code-coverage\build-output\Zadatak1.dll
TpTrace Verbose: 0 : 14400, 4, 2021/11/28, 21:39:36.361, 159053938741, testhost.dll, TestExecutionRecorder.RecordStart: Starting test: Zadatak1.ProdavacTest.TestPogresnaSifra.
TpTrace Information: 0 : 14400, 4, 2021/11/28, 21:39:36.473, 159054354052, testhost.dll, MSTest - Executing test TestPogresnaSifra
TpTrace Information: 0 : 14400, 4, 2021/11/28, 21:39:36.543, 159054612941, testhost.dll, MSTest - Executed test TestPogresnaSifra
TpTrace Verbose: 0 : 14400, 4, 2021/11/28, 21:39:36.551, 159054641151, testhost.dll, TestExecutionRecorder.RecordEnd: test: Zadatak1.ProdavacTest.TestPogresnaSifra execution completed.
TpTrace Verbose: 0 : 14400, 4, 2021/11/28, 21:39:36.585, 159054767967, testhost.dll, TestExecutionRecorder.RecordResult: Received result for test: Zadatak1.ProdavacTest.TestPogresnaSifra.
TpTrace Warning: 0 : 14400, 4, 2021/11/28, 21:39:36.592, 159054795312, testhost.dll, TestRunCache: InProgressTests is null
TpTrace Warning: 0 : 14400, 4, 2021/11/28, 21:39:36.593, 159054796309, testhost.dll, TestRunCache: No test found corresponding to testResult '' in inProgress list.
TpTrace Verbose: 0 : 14400, 4, 2021/11/28, 21:39:36.593, 159054797539, testhost.dll, TestExecutionRecorder.RecordStart: Starting test: Zadatak1.ProdavacTest.TestAktivnosti.
TpTrace Information: 0 : 14400, 4, 2021/11/28, 21:39:36.596, 159054810272, testhost.dll, MSTest - Executing test TestAktivnosti
TpTrace Information: 0 : 14400, 4, 2021/11/28, 21:39:36.598, 159054815069, testhost.dll, MSTest - Executed test TestAktivnosti
TpTrace Verbose: 0 : 14400, 4, 2021/11/28, 21:39:36.598, 159054815923, testhost.dll, TestExecutionRecorder.RecordEnd: test: Zadatak1.ProdavacTest.TestAktivnosti execution completed.
TpTrace Verbose: 0 : 14400, 4, 2021/11/28, 21:39:36.601, 159054828337, testhost.dll, TestExecutionRecorder.RecordResult: Received result for test: Zadatak1.ProdavacTest.TestAktivnosti.
TpTrace Warning: 0 : 14400, 4, 2021/11/28, 21:39:36.601, 159054828919, testhost.dll, TestRunCache: InProgressTests is null
TpTrace Warning: 0 : 14400, 4, 2021/11/28, 21:39:36.601, 159054829129, testhost.dll, TestRunCache: No test found corresponding to testResult '' in inProgress list.
TpTrace Verbose: 0 : 14400, 4, 2021/11/28, 21:39:36.601, 159054829404, testhost.dll, TestExecutionRecorder.RecordStart: Starting test: Zadatak1.ProdavacTest.TestPogresnihPodataka.
TpTrace Information: 0 : 14400, 4, 2021/11/28, 21:39:36.605, 159054841195, testhost.dll, MSTest - Executing test TestPogresnihPodataka
TpTrace Information: 0 : 14400, 4, 2021/11/28, 21:39:36.606, 159054846401, testhost.dll, MSTest - Executed test TestPogresnihPodataka
TpTrace Verbose: 0 : 14400, 4, 2021/11/28, 21:39:36.606, 159054846885, testhost.dll, TestExecutionRecorder.RecordEnd: test: Zadatak1.ProdavacTest.TestPogresnihPodataka execution completed.
TpTrace Verbose: 0 : 14400, 4, 2021/11/28, 21:39:36.610, 159054859355, testhost.dll, TestExecutionRecorder.RecordResult: Received result for test: Zadatak1.ProdavacTest.TestPogresnihPodataka.
TpTrace Warning: 0 : 14400, 4, 2021/11/28, 21:39:36.610, 159054859748, testhost.dll, TestRunCache: InProgressTests is null
TpTrace Warning: 0 : 14400, 4, 2021/11/28, 21:39:36.610, 159054859920, testhost.dll, TestRunCache: No test found corresponding to testResult '' in inProgress list.
TpTrace Verbose: 0 : 14400, 4, 2021/11/28, 21:39:36.610, 159054860237, testhost.dll, TestExecutionRecorder.RecordStart: Starting test: Zadatak1.ProdavacTest.TestPovecanjaPrometa.
TpTrace Information: 0 : 14400, 4, 2021/11/28, 21:39:36.614, 159054877625, testhost.dll, MSTest - Executing test TestPovecanjaPrometa
TpTrace Information: 0 : 14400, 4, 2021/11/28, 21:39:36.616, 159054884798, testhost.dll, MSTest - Executed test TestPovecanjaPrometa
TpTrace Verbose: 0 : 14400, 4, 2021/11/28, 21:39:36.617, 159054885728, testhost.dll, TestExecutionRecorder.RecordEnd: test: Zadatak1.ProdavacTest.TestPovecanjaPrometa execution completed.
TpTrace Verbose: 0 : 14400, 4, 2021/11/28, 21:39:36.620, 159054898674, testhost.dll, TestExecutionRecorder.RecordResult: Received result for test: Zadatak1.ProdavacTest.TestPovecanjaPrometa.
TpTrace Warning: 0 : 14400, 4, 2021/11/28, 21:39:36.620, 159054899059, testhost.dll, TestRunCache: InProgressTests is null
TpTrace Warning: 0 : 14400, 4, 2021/11/28, 21:39:36.620, 159054899586, testhost.dll, TestRunCache: No test found corresponding to testResult '' in inProgress list.
TpTrace Verbose: 0 : 14400, 4, 2021/11/28, 21:39:36.621, 159054899910, testhost.dll, TestExecutionRecorder.RecordStart: Starting test: Zadatak1.ProdavacTest.TestNegativnogPrometa.
TpTrace Information: 0 : 14400, 4, 2021/11/28, 21:39:36.624, 159054912106, testhost.dll, MSTest - Executing test TestNegativnogPrometa
TpTrace Information: 0 : 14400, 4, 2021/11/28, 21:39:36.625, 159054916150, testhost.dll, MSTest - Executed test TestNegativnogPrometa
TpTrace Verbose: 0 : 14400, 4, 2021/11/28, 21:39:36.625, 159054916845, testhost.dll, TestExecutionRecorder.RecordEnd: test: Zadatak1.ProdavacTest.TestNegativnogPrometa execution completed.
TpTrace Verbose: 0 : 14400, 4, 2021/11/28, 21:39:36.628, 159054929163, testhost.dll, TestExecutionRecorder.RecordResult: Received result for test: Zadatak1.ProdavacTest.TestNegativnogPrometa.
TpTrace Warning: 0 : 14400, 4, 2021/11/28, 21:39:36.629, 159054929707, testhost.dll, TestRunCache: InProgressTests is null
TpTrace Warning: 0 : 14400, 4, 2021/11/28, 21:39:36.629, 159054929882, testhost.dll, TestRunCache: No test found corresponding to testResult '' in inProgress list.
TpTrace Verbose: 0 : 14400, 4, 2021/11/28, 21:39:36.629, 159054930189, testhost.dll, TestExecutionRecorder.RecordStart: Starting test: Zadatak1.ZatvoriStandoveTestovi.NemaStandova.
TpTrace Information: 0 : 14400, 4, 2021/11/28, 21:39:36.632, 159054942573, testhost.dll, MSTest - Executing test NemaStandova
TpTrace Information: 0 : 14400, 4, 2021/11/28, 21:39:36.637, 159054962823, testhost.dll, MSTest - Executed test NemaStandova
TpTrace Verbose: 0 : 14400, 4, 2021/11/28, 21:39:36.638, 159054963926, testhost.dll, TestExecutionRecorder.RecordEnd: test: Zadatak1.ZatvoriStandoveTestovi.NemaStandova execution completed.
TpTrace Verbose: 0 : 14400, 4, 2021/11/28, 21:39:36.641, 159054976185, testhost.dll, TestExecutionRecorder.RecordResult: Received result for test: Zadatak1.ZatvoriStandoveTestovi.NemaStandova.
TpTrace Warning: 0 : 14400, 4, 2021/11/28, 21:39:36.641, 159054976552, testhost.dll, TestRunCache: InProgressTests is null
TpTrace Warning: 0 : 14400, 4, 2021/11/28, 21:39:36.641, 159054976712, testhost.dll, TestRunCache: No test found corresponding to testResult '' in inProgress list.
TpTrace Verbose: 0 : 14400, 4, 2021/11/28, 21:39:36.641, 159054976974, testhost.dll, TestExecutionRecorder.RecordStart: Starting test: Zadatak1.ZatvoriStandoveTestovi.nemaProdavaca.
TpTrace Information: 0 : 14400, 4, 2021/11/28, 21:39:36.646, 159054994996, testhost.dll, MSTest - Executing test nemaProdavaca
TpTrace Information: 0 : 14400, 4, 2021/11/28, 21:39:36.648, 159055003557, testhost.dll, MSTest - Executed test nemaProdavaca
TpTrace Verbose: 0 : 14400, 4, 2021/11/28, 21:39:36.649, 159055004393, testhost.dll, TestExecutionRecorder.RecordEnd: test: Zadatak1.ZatvoriStandoveTestovi.nemaProdavaca execution completed.
TpTrace Verbose: 0 : 14400, 4, 2021/11/28, 21:39:36.652, 159055015673, testhost.dll, TestExecutionRecorder.RecordResult: Received result for test: Zadatak1.ZatvoriStandoveTestovi.nemaProdavaca.
TpTrace Warning: 0 : 14400, 4, 2021/11/28, 21:39:36.652, 159055016052, testhost.dll, TestRunCache: InProgressTests is null
TpTrace Warning: 0 : 14400, 4, 2021/11/28, 21:39:36.652, 159055016208, testhost.dll, TestRunCache: No test found corresponding to testResult '' in inProgress list.
TpTrace Verbose: 0 : 14400, 4, 2021/11/28, 21:39:36.652, 159055016537, testhost.dll, TestExecutionRecorder.RecordStart: Starting test: Zadatak1.ZatvoriStandoveTestovi.prodavacNeaktivanINemaPara.
TpTrace Information: 0 : 14400, 4, 2021/11/28, 21:39:36.655, 159055028237, testhost.dll, MSTest - Executing test prodavacNeaktivanINemaPara
TpTrace Information: 0 : 14400, 4, 2021/11/28, 21:39:36.656, 159055033086, testhost.dll, MSTest - Executed test prodavacNeaktivanINemaPara
TpTrace Verbose: 0 : 14400, 4, 2021/11/28, 21:39:36.657, 159055033763, testhost.dll, TestExecutionRecorder.RecordEnd: test: Zadatak1.ZatvoriStandoveTestovi.prodavacNeaktivanINemaPara execution completed.
TpTrace Verbose: 0 : 14400, 4, 2021/11/28, 21:39:36.661, 159055049834, testhost.dll, TestExecutionRecorder.RecordResult: Received result for test: Zadatak1.ZatvoriStandoveTestovi.prodavacNeaktivanINemaPara.
TpTrace Warning: 0 : 14400, 4, 2021/11/28, 21:39:36.661, 159055050989, testhost.dll, TestRunCache: InProgressTests is null
TpTrace Warning: 0 : 14400, 4, 2021/11/28, 21:39:36.661, 159055051187, testhost.dll, TestRunCache: No test found corresponding to testResult '' in inProgress list.
TpTrace Verbose: 0 : 14400, 4, 2021/11/28, 21:39:36.661, 159055051489, testhost.dll, TestExecutionRecorder.RecordStart: Starting test: Zadatak1.ZatvoriStandoveTestovi.prodavacNeaktivanAliImaPara.
TpTrace Information: 0 : 14400, 4, 2021/11/28, 21:39:36.664, 159055062546, testhost.dll, MSTest - Executing test prodavacNeaktivanAliImaPara
TpTrace Information: 0 : 14400, 4, 2021/11/28, 21:39:36.665, 159055066537, testhost.dll, MSTest - Executed test prodavacNeaktivanAliImaPara
TpTrace Verbose: 0 : 14400, 4, 2021/11/28, 21:39:36.666, 159055067013, testhost.dll, TestExecutionRecorder.RecordEnd: test: Zadatak1.ZatvoriStandoveTestovi.prodavacNeaktivanAliImaPara execution completed.
TpTrace Verbose: 0 : 14400, 4, 2021/11/28, 21:39:36.669, 159055080418, testhost.dll, TestExecutionRecorder.RecordResult: Received result for test: Zadatak1.ZatvoriStandoveTestovi.prodavacNeaktivanAliImaPara.
TpTrace Warning: 0 : 14400, 4, 2021/11/28, 21:39:36.669, 159055080870, testhost.dll, TestRunCache: InProgressTests is null
TpTrace Warning: 0 : 14400, 4, 2021/11/28, 21:39:36.669, 159055081043, testhost.dll, TestRunCache: No test found corresponding to testResult '' in inProgress list.
TpTrace Verbose: 0 : 14400, 4, 2021/11/28, 21:39:36.669, 159055081329, testhost.dll, TestExecutionRecorder.RecordStart: Starting test: Zadatak1.ZatvoriStandoveTestovi.prodavacImaParaAliIstekaoZakup.
TpTrace Information: 0 : 14400, 4, 2021/11/28, 21:39:36.672, 159055090971, testhost.dll, Sending test run statistics
TpTrace Verbose: 0 : 14400, 4, 2021/11/28, 21:39:36.807, 159055591404, testhost.dll, TestRequestHandler.SendData:  sending data from testhost: {"Version":5,"MessageType":"TestExecution.StatsChange","Payload":{"NewTestResults":[{"TestCase":{"Id":"6b10294d-693c-8bde-94d8-97ba1474c65a","FullyQualifiedName":"Zadatak1.ProdavacTest.TestPogresnaSifra","DisplayName":"TestPogresnaSifra","ExecutorUri":"executor://MSTestAdapter/v2","Source":"C:\\Users\\User\\Documents\\GitHub\\Grupa-3-Verifikovani-i-Validirani-Softverasi\\Pijaca\\Zadatak1\\bin\\Debug\\net5.0\\fine-code-coverage\\build-output\\Zadatak1.dll","CodeFilePath":null,"LineNumber":-1,"Properties":[{"Key":{"Id":"TestCase.ManagedType","Label":"ManagedType","Category":"","Description":"","Attributes":1,"ValueType":"System.String"},"Value":"Zadatak1.ProdavacTest"},{"Key":{"Id":"TestCase.ManagedMethod","Label":"ManagedMethod","Category":"","Description":"","Attributes":1,"ValueType":"System.String"},"Value":"TestPogresnaSifra"},{"Key":{"Id":"MSTestDiscoverer.TestClassName","Label":"ClassName","Category":"","Description":"","Attributes":1,"ValueType":"System.String"},"Value":"Zadatak1.ProdavacTest"},{"Key":{"Id":"TestObject.Traits","Label":"Traits","Category":"","Description":"","Attributes":5,"ValueType":"System.Collections.Generic.KeyValuePair`2[[System.String],[System.String]][]"},"Value":[]}]},"Attachments":[],"Outcome":1,"ErrorMessage":null,"ErrorStackTrace":null,"DisplayName":null,"Messages":[],"ComputerName":null,"Duration":"00:00:00.0133633","StartTime":"2021-11-28T21:39:36.4739369+01:00","EndTime":"2021-11-28T21:39:36.5439409+01:00","Properties":[{"Key":{"Id":"ExecutionId","Label":"ExecutionId","Category":"","Description":"","Attributes":1,"ValueType":"System.Guid"},"Value":"00000000-0000-0000-0000-000000000000"},{"Key":{"Id":"ParentExecId","Label":"ParentExecId","Category":"","Description":"","Attributes":1,"ValueType":"System.Guid"},"Value":"00000000-0000-0000-0000-000000000000"},{"Key":{"Id":"InnerResultsCount","Label":"InnerResultsCount","Category":"","Description":"","Attributes":1,"ValueType":"System.Int32"},"Value":0}]},{"TestCase":{"Id":"03d44b12-18f4-0cbe-1c33-4094b2186c06","FullyQualifiedName":"Zadatak1.ProdavacTest.TestAktivnosti","DisplayName":"TestAktivnosti","ExecutorUri":"executor://MSTestAdapter/v2","Source":"C:\\Users\\User\\Documents\\GitHub\\Grupa-3-Verifikovani-i-Validirani-Softverasi\\Pijaca\\Zadatak1\\bin\\Debug\\net5.0\\fine-code-coverage\\build-output\\Zadatak1.dll","CodeFilePath":null,"LineNumber":-1,"Properties":[{"Key":{"Id":"TestCase.ManagedType","Label":"ManagedType","Category":"","Description":"","Attributes":1,"ValueType":"System.String"},"Value":"Zadatak1.ProdavacTest"},{"Key":{"Id":"TestCase.ManagedMethod","Label":"ManagedMethod","Category":"","Description":"","Attributes":1,"ValueType":"System.String"},"Value":"TestAktivnosti"},{"Key":{"Id":"MSTestDiscoverer.TestClassName","Label":"ClassName","Category":"","Description":"","Attributes":1,"ValueType":"System.String"},"Value":"Zadatak1.ProdavacTest"},{"Key":{"Id":"TestObject.Traits","Label":"Traits","Category":"","Description":"","Attributes":5,"ValueType":"System.Collections.Generic.KeyValuePair`2[[System.String],[System.String]][]"},"Value":[]}]},"Attachments":[],"Outcome":1,"ErrorMessage":null,"ErrorStackTrace":null,"DisplayName":null,"Messages":[],"ComputerName":null,"Duration":"00:00:00.0006989","StartTime":"2021-11-28T21:39:36.596944+01:00","EndTime":"2021-11-28T21:39:36.5989441+01:00","Properties":[{"Key":{"Id":"ExecutionId","Label":"ExecutionId","Category":"","Description":"","Attributes":1,"ValueType":"System.Guid"},"Value":"00000000-0000-0000-0000-000000000000"},{"Key":{"Id":"ParentExecId","Label":"ParentExecId","Category":"","Description":"","Attributes":1,"ValueType":"System.Guid"},"Value":"00000000-0000-0000-0000-000000000000"},{"Key":{"Id":"InnerResultsCount","Label":"InnerResultsCount","Category":"","Description":"","Attributes":1,"ValueType":"System.Int32"},"Value":0}]},{"TestCase":{"Id":"c0b925a7-8cbd-7c38-aa41-59795ea98c0e","FullyQualifiedName":"Zadatak1.ProdavacTest.TestPogresnihPodataka","DisplayName":"TestPogresnihPodataka","ExecutorUri":"executor://MSTestAdapter/v2","Source":"C:\\Users\\User\\Documents\\GitHub\\Grupa-3-Verifikovani-i-Validirani-Softverasi\\Pijaca\\Zadatak1\\bin\\Debug\\net5.0\\fine-code-coverage\\build-output\\Zadatak1.dll","CodeFilePath":null,"LineNumber":-1,"Properties":[{"Key":{"Id":"TestCase.ManagedType","Label":"ManagedType","Category":"","Description":"","Attributes":1,"ValueType":"System.String"},"Value":"Zadatak1.ProdavacTest"},{"Key":{"Id":"TestCase.ManagedMethod","Label":"ManagedMethod","Category":"","Description":"","Attributes":1,"ValueType":"System.String"},"Value":"TestPogresnihPodataka"},{"Key":{"Id":"MSTestDiscoverer.TestClassName","Label":"ClassName","Category":"","Description":"","Attributes":1,"ValueType":"System.String"},"Value":"Zadatak1.ProdavacTest"},{"Key":{"Id":"TestObject.Traits","Label":"Traits","Category":"","Description":"","Attributes":5,"ValueType":"System.Collections.Generic.KeyValuePair`2[[System.String],[System.String]][]"},"Value":[]}]},"Attachments":[],"Outcome":1,"ErrorMessage":null,"ErrorStackTrace":null,"DisplayName":null,"Messages":[],"ComputerName":null,"Duration":"00:00:00.0008495","StartTime":"2021-11-28T21:39:36.6059445+01:00","EndTime":"2021-11-28T21:39:36.6069445+01:00","Properties":[{"Key":{"Id":"ExecutionId","Label":"ExecutionId","Category":"","Description":"","Attributes":1,"ValueType":"System.Guid"},"Value":"00000000-0000-0000-0000-000000000000"},{"Key":{"Id":"ParentExecId","Label":"ParentExecId","Category":"","Description":"","Attributes":1,"ValueType":"System.Guid"},"Value":"00000000-0000-0000-0000-000000000000"},{"Key":{"Id":"InnerResultsCount","Label":"InnerResultsCount","Category":"","Description":"","Attributes":1,"ValueType":"System.Int32"},"Value":0}]},{"TestCase":{"Id":"e24cc8fb-745b-e81c-73f9-2fc994551ca5","FullyQualifiedName":"Zadatak1.ProdavacTest.TestPovecanjaPrometa","DisplayName":"TestPovecanjaPrometa","ExecutorUri":"executor://MSTestAdapter/v2","Source":"C:\\Users\\User\\Documents\\GitHub\\Grupa-3-Verifikovani-i-Validirani-Softverasi\\Pijaca\\Zadatak1\\bin\\Debug\\net5.0\\fine-code-coverage\\build-output\\Zadatak1.dll","CodeFilePath":null,"LineNumber":-1,"Properties":[{"Key":{"Id":"TestCase.ManagedType","Label":"ManagedType","Category":"","Description":"","Attributes":1,"ValueType":"System.String"},"Value":"Zadatak1.ProdavacTest"},{"Key":{"Id":"TestCase.ManagedMethod","Label":"ManagedMethod","Category":"","Description":"","Attributes":1,"ValueType":"System.String"},"Value":"TestPovecanjaPrometa"},{"Key":{"Id":"MSTestDiscoverer.TestClassName","Label":"ClassName","Category":"","Description":"","Attributes":1,"ValueType":"System.String"},"Value":"Zadatak1.ProdavacTest"},{"Key":{"Id":"TestObject.Traits","Label":"Traits","Category":"","Description":"","Attributes":5,"ValueType":"System.Collections.Generic.KeyValuePair`2[[System.String],[System.String]][]"},"Value":[]}]},"Attachments":[],"Outcome":1,"ErrorMessage":null,"ErrorStackTrace":null,"DisplayName":null,"Messages":[],"ComputerName":null,"Duration":"00:00:00.0014253","StartTime":"2021-11-28T21:39:36.614945+01:00","EndTime":"2021-11-28T21:39:36.6179452+01:00","Properties":[{"Key":{"Id":"ExecutionId","Label":"ExecutionId","Category":"","Description":"","Attributes":1,"ValueType":"System.Guid"},"Value":"00000000-0000-0000-0000-000000000000"},{"Key":{"Id":"ParentExecId","Label":"ParentExecId","Category":"","Description":"","Attributes":1,"ValueType":"System.Guid"},"Value":"00000000-0000-0000-0000-000000000000"},{"Key":{"Id":"InnerResultsCount","Label":"InnerResultsCount","Category":"","Description":"","Attributes":1,"ValueType":"System.Int32"},"Value":0}]},{"TestCase":{"Id":"e1e62ecb-27da-a0d2-0bac-6daf339d1ad6","FullyQualifiedName":"Zadatak1.ProdavacTest.TestNegativnogPrometa","DisplayName":"TestNegativnogPrometa","ExecutorUri":"executor://MSTestAdapter/v2","Source":"C:\\Users\\User\\Documents\\GitHub\\Grupa-3-Verifikovani-i-Validirani-Softverasi\\Pijaca\\Zadatak1\\bin\\Debug\\net5.0\\fine-code-coverage\\build-output\\Zadatak1.dll","CodeFilePath":null,"LineNumber":-1,"Properties":[{"Key":{"Id":"TestCase.ManagedType","Label":"ManagedType","Category":"","Description":"","Attributes":1,"ValueType":"System.String"},"Value":"Zadatak1.ProdavacTest"},{"Key":{"Id":"TestCase.ManagedMethod","Label":"ManagedMethod","Category":"","Description":"","Attributes":1,"ValueType":"System.String"},"Value":"TestNegativnogPrometa"},{"Key":{"Id":"MSTestDiscoverer.TestClassName","Label":"ClassName","Category":"","Description":"","Attributes":1,"ValueType":"System.String"},"Value":"Zadatak1.ProdavacTest"},{"Key":{"Id":"TestObject.Traits","Label":"Traits","Category":"","Description":"","Attributes":5,"ValueType":"System.Collections.Generic.KeyValuePair`2[[System.String],[System.String]][]"},"Value":[]}]},"Attachments":[],"Outcome":1,"ErrorMessage":null,"ErrorStackTrace":null,"DisplayName":null,"Messages":[],"ComputerName":null,"Duration":"00:00:00.0006813","StartTime":"2021-11-28T21:39:36.6249456+01:00","EndTime":"2021-11-28T21:39:36.6259456+01:00","Properties":[{"Key":{"Id":"ExecutionId","Label":"ExecutionId","Category":"","Description":"","Attributes":1,"ValueType":"System.Guid"},"Value":"00000000-0000-0000-0000-000000000000"},{"Key":{"Id":"ParentExecId","Label":"ParentExecId","Category":"","Description":"","Attributes":1,"ValueType":"System.Guid"},"Value":"00000000-0000-0000-0000-000000000000"},{"Key":{"Id":"InnerResultsCount","Label":"InnerResultsCount","Category":"","Description":"","Attributes":1,"ValueType":"System.Int32"},"Value":0}]},{"TestCase":{"Id":"a8c61c13-c118-f60b-ef21-581a039281e6","FullyQualifiedName":"Zadatak1.ZatvoriStandoveTestovi.NemaStandova","DisplayName":"NemaStandova","ExecutorUri":"executor://MSTestAdapter/v2","Source":"C:\\Users\\User\\Documents\\GitHub\\Grupa-3-Verifikovani-i-Validirani-Softverasi\\Pijaca\\Zadatak1\\bin\\Debug\\net5.0\\fine-code-coverage\\build-output\\Zadatak1.dll","CodeFilePath":null,"LineNumber":-1,"Properties":[{"Key":{"Id":"TestCase.ManagedType","Label":"ManagedType","Category":"","Description":"","Attributes":1,"ValueType":"System.String"},"Value":"Zadatak1.ZatvoriStandoveTestovi"},{"Key":{"Id":"TestCase.ManagedMethod","Label":"ManagedMethod","Category":"","Description":"","Attributes":1,"ValueType":"System.String"},"Value":"NemaStandova"},{"Key":{"Id":"MSTestDiscoverer.TestClassName","Label":"ClassName","Category":"","Description":"","Attributes":1,"ValueType":"System.String"},"Value":"Zadatak1.ZatvoriStandoveTestovi"},{"Key":{"Id":"TestObject.Traits","Label":"Traits","Category":"","Description":"","Attributes":5,"ValueType":"System.Collections.Generic.KeyValuePair`2[[System.String],[System.String]][]"},"Value":[]}]},"Attachments":[],"Outcome":1,"ErrorMessage":null,"ErrorStackTrace":null,"DisplayName":null,"Messages":[],"ComputerName":null,"Duration":"00:00:00.0049337","StartTime":"2021-11-28T21:39:36.632946+01:00","EndTime":"2021-11-28T21:39:36.6389464+01:00","Properties":[{"Key":{"Id":"ExecutionId","Label":"ExecutionId","Category":"","Description":"","Attributes":1,"ValueType":"System.Guid"},"Value":"00000000-0000-0000-0000-000000000000"},{"Key":{"Id":"ParentExecId","Label":"ParentExecId","Category":"","Description":"","Attributes":1,"ValueType":"System.Guid"},"Value":"00000000-0000-0000-0000-000000000000"},{"Key":{"Id":"InnerResultsCount","Label":"InnerResultsCount","Category":"","Description":"","Attributes":1,"ValueType":"System.Int32"},"Value":0}]},{"TestCase":{"Id":"9eac1e30-1799-5f19-b585-91562a28e9c7","FullyQualifiedName":"Zadatak1.ZatvoriStandoveTestovi.nemaProdavaca","DisplayName":"nemaProdavaca","ExecutorUri":"executor://MSTestAdapter/v2","Source":"C:\\Users\\User\\Documents\\GitHub\\Grupa-3-Verifikovani-i-Validirani-Softverasi\\Pijaca\\Zadatak1\\bin\\Debug\\net5.0\\fine-code-coverage\\build-output\\Zadatak1.dll","CodeFilePath":null,"LineNumber":-1,"Properties":[{"Key":{"Id":"TestCase.ManagedType","Label":"ManagedType","Category":"","Description":"","Attributes":1,"ValueType":"System.String"},"Value":"Zadatak1.ZatvoriStandoveTestovi"},{"Key":{"Id":"TestCase.ManagedMethod","Label":"ManagedMethod","Category":"","Description":"","Attributes":1,"ValueType":"System.String"},"Value":"nemaProdavaca"},{"Key":{"Id":"MSTestDiscoverer.TestClassName","Label":"ClassName","Category":"","Description":"","Attributes":1,"ValueType":"System.String"},"Value":"Zadatak1.ZatvoriStandoveTestovi"},{"Key":{"Id":"TestObject.Traits","Label":"Traits","Category":"","Description":"","Attributes":5,"ValueType":"System.Collections.Generic.KeyValuePair`2[[System.String],[System.String]][]"},"Value":[]}]},"Attachments":[],"Outcome":1,"ErrorMessage":null,"ErrorStackTrace":null,"DisplayName":null,"Messages":[],"ComputerName":null,"Duration":"00:00:00.0019328","StartTime":"2021-11-28T21:39:36.6469468+01:00","EndTime":"2021-11-28T21:39:36.649947+01:00","Properties":[{"Key":{"Id":"ExecutionId","Label":"ExecutionId","Category":"","Description":"","Attributes":1,"ValueType":"System.Guid"},"Value":"00000000-0000-0000-0000-000000000000"},{"Key":{"Id":"ParentExecId","Label":"ParentExecId","Category":"","Description":"","Attributes":1,"ValueType":"System.Guid"},"Value":"00000000-0000-0000-0000-000000000000"},{"Key":{"Id":"InnerResultsCount","Label":"InnerResultsCount","Category":"","Description":"","Attributes":1,"ValueType":"System.Int32"},"Value":0}]},{"TestCase":{"Id":"3ea1e50e-a2bb-2f55-f6cf-8f9d6b17d3c0","FullyQualifiedName":"Zadatak1.ZatvoriStandoveTestovi.prodavacNeaktivanINemaPara","DisplayName":"prodavacNeaktivanINemaPara","ExecutorUri":"executor://MSTestAdapter/v2","Source":"C:\\Users\\User\\Documents\\GitHub\\Grupa-3-Verifikovani-i-Validirani-Softverasi\\Pijaca\\Zadatak1\\bin\\Debug\\net5.0\\fine-code-coverage\\build-output\\Zadatak1.dll","CodeFilePath":null,"LineNumber":-1,"Properties":[{"Key":{"Id":"TestCase.ManagedType","Label":"ManagedType","Category":"","Description":"","Attributes":1,"ValueType":"System.String"},"Value":"Zadatak1.ZatvoriStandoveTestovi"},{"Key":{"Id":"TestCase.ManagedMethod","Label":"ManagedMethod","Category":"","Description":"","Attributes":1,"ValueType":"System.String"},"Value":"prodavacNeaktivanINemaPara"},{"Key":{"Id":"MSTestDiscoverer.TestClassName","Label":"ClassName","Category":"","Description":"","Attributes":1,"ValueType":"System.String"},"Value":"Zadatak1.ZatvoriStandoveTestovi"},{"Key":{"Id":"TestObject.Traits","Label":"Traits","Category":"","Description":"","Attributes":5,"ValueType":"System.Collections.Generic.KeyValuePair`2[[System.String],[System.String]][]"},"Value":[]}]},"Attachments":[],"Outcome":1,"ErrorMessage":null,"ErrorStackTrace":null,"DisplayName":null,"Messages":[],"ComputerName":null,"Duration":"00:00:00.0009974","StartTime":"2021-11-28T21:39:36.6559473+01:00","EndTime":"2021-11-28T21:39:36.6579475+01:00","Properties":[{"Key":{"Id":"ExecutionId","Label":"ExecutionId","Category":"","Description":"","Attributes":1,"ValueType":"System.Guid"},"Value":"00000000-0000-0000-0000-000000000000"},{"Key":{"Id":"ParentExecId","Label":"ParentExecId","Category":"","Description":"","Attributes":1,"ValueType":"System.Guid"},"Value":"00000000-0000-0000-0000-000000000000"},{"Key":{"Id":"InnerResultsCount","Label":"InnerResultsCount","Category":"","Description":"","Attributes":1,"ValueType":"System.Int32"},"Value":0}]},{"TestCase":{"Id":"6b9b088f-93b2-6e53-34ec-9d7ea7e9e9d8","FullyQualifiedName":"Zadatak1.ZatvoriStandoveTestovi.prodavacNeaktivanAliImaPara","DisplayName":"prodavacNeaktivanAliImaPara","ExecutorUri":"executor://MSTestAdapter/v2","Source":"C:\\Users\\User\\Documents\\GitHub\\Grupa-3-Verifikovani-i-Validirani-Softverasi\\Pijaca\\Zadatak1\\bin\\Debug\\net5.0\\fine-code-coverage\\build-output\\Zadatak1.dll","CodeFilePath":null,"LineNumber":-1,"Properties":[{"Key":{"Id":"TestCase.ManagedType","Label":"ManagedType","Category":"","Description":"","Attributes":1,"ValueType":"System.String"},"Value":"Zadatak1.ZatvoriStandoveTestovi"},{"Key":{"Id":"TestCase.ManagedMethod","Label":"ManagedMethod","Category":"","Description":"","Attributes":1,"ValueType":"System.String"},"Value":"prodavacNeaktivanAliImaPara"},{"Key":{"Id":"MSTestDiscoverer.TestClassName","Label":"ClassName","Category":"","Description":"","Attributes":1,"ValueType":"System.String"},"Value":"Zadatak1.ZatvoriStandoveTestovi"},{"Key":{"Id":"TestObject.Traits","Label":"Traits","Category":"","Description":"","Attributes":5,"ValueType":"System.Collections.Generic.KeyValuePair`2[[System.String],[System.String]][]"},"Value":[]}]},"Attachments":[],"Outcome":1,"ErrorMessage":null,"ErrorStackTrace":null,"DisplayName":null,"Messages":[],"ComputerName":null,"Duration":"00:00:00.0006981","StartTime":"2021-11-28T21:39:36.6649479+01:00","EndTime":"2021-11-28T21:39:36.666948+01:00","Properties":[{"Key":{"Id":"ExecutionId","Label":"ExecutionId","Category":"","Description":"","Attributes":1,"ValueType":"System.Guid"},"Value":"00000000-0000-0000-0000-000000000000"},{"Key":{"Id":"ParentExecId","Label":"ParentExecId","Category":"","Description":"","Attributes":1,"ValueType":"System.Guid"},"Value":"00000000-0000-0000-0000-000000000000"},{"Key":{"Id":"InnerResultsCount","Label":"InnerResultsCount","Category":"","Description":"","Attributes":1,"ValueType":"System.Int32"},"Value":0}]}],"TestRunStatistics":{"ExecutedTests":9,"Stats":{"Passed":9}},"ActiveTests":[{"Id":"1a227832-5551-7933-99cc-71f9a09dd9a3","FullyQualifiedName":"Zadatak1.ZatvoriStandoveTestovi.prodavacImaParaAliIstekaoZakup","DisplayName":"prodavacImaParaAliIstekaoZakup","ExecutorUri":"executor://MSTestAdapter/v2","Source":"C:\\Users\\User\\Documents\\GitHub\\Grupa-3-Verifikovani-i-Validirani-Softverasi\\Pijaca\\Zadatak1\\bin\\Debug\\net5.0\\fine-code-coverage\\build-output\\Zadatak1.dll","CodeFilePath":null,"LineNumber":-1,"Properties":[{"Key":{"Id":"TestCase.ManagedType","Label":"ManagedType","Category":"","Description":"","Attributes":1,"ValueType":"System.String"},"Value":"Zadatak1.ZatvoriStandoveTestovi"},{"Key":{"Id":"TestCase.ManagedMethod","Label":"ManagedMethod","Category":"","Description":"","Attributes":1,"ValueType":"System.String"},"Value":"prodavacImaParaAliIstekaoZakup"},{"Key":{"Id":"MSTestDiscoverer.TestClassName","Label":"ClassName","Category":"","Description":"","Attributes":1,"ValueType":"System.String"},"Value":"Zadatak1.ZatvoriStandoveTestovi"},{"Key":{"Id":"TestObject.Traits","Label":"Traits","Category":"","Description":"","Attributes":5,"ValueType":"System.Collections.Generic.KeyValuePair`2[[System.String],[System.String]][]"},"Value":[]}]}]}}
TpTrace Verbose: 0 : 14400, 4, 2021/11/28, 21:39:36.808, 159055594671, testhost.dll, TestRunCache: OnNewTestResult: Notified the onCacheHit callback.
TpTrace Information: 0 : 14400, 4, 2021/11/28, 21:39:36.811, 159055605571, testhost.dll, MSTest - Executing test prodavacImaParaAliIstekaoZakup
TpTrace Information: 0 : 14400, 4, 2021/11/28, 21:39:36.812, 159055608918, testhost.dll, MSTest - Executed test prodavacImaParaAliIstekaoZakup
TpTrace Verbose: 0 : 14400, 4, 2021/11/28, 21:39:36.812, 159055609340, testhost.dll, TestExecutionRecorder.RecordEnd: test: Zadatak1.ZatvoriStandoveTestovi.prodavacImaParaAliIstekaoZakup execution completed.
TpTrace Warning: 0 : 14400, 4, 2021/11/28, 21:39:36.812, 159055609502, testhost.dll, TestRunCache: InProgressTests is null
TpTrace Verbose: 0 : 14400, 4, 2021/11/28, 21:39:36.815, 159055621589, testhost.dll, TestExecutionRecorder.RecordResult: Received result for test: Zadatak1.ZatvoriStandoveTestovi.prodavacImaParaAliIstekaoZakup.
TpTrace Warning: 0 : 14400, 4, 2021/11/28, 21:39:36.815, 159055622013, testhost.dll, TestRunCache: InProgressTests is null
TpTrace Warning: 0 : 14400, 4, 2021/11/28, 21:39:36.815, 159055622196, testhost.dll, TestRunCache: No test found corresponding to testResult '' in inProgress list.
TpTrace Verbose: 0 : 14400, 4, 2021/11/28, 21:39:36.816, 159055622532, testhost.dll, TestExecutionRecorder.RecordStart: Starting test: Zadatak1.ProizvodTest.test1GenerisanjaSifreDomaci.
TpTrace Information: 0 : 14400, 4, 2021/11/28, 21:39:36.818, 159055632235, testhost.dll, MSTest - Executing test test1GenerisanjaSifreDomaci
TpTrace Information: 0 : 14400, 4, 2021/11/28, 21:39:36.822, 159055645567, testhost.dll, AssemblyResolver.OnResolve: Microsoft.VisualStudio.TestPlatform.TestFramework.resources: Resolving assembly.
TpTrace Information: 0 : 14400, 4, 2021/11/28, 21:39:36.822, 159055646368, testhost.dll, AssemblyResolver.OnResolve: Microsoft.VisualStudio.TestPlatform.TestFramework.resources: Failed to load assembly.
TpTrace Information: 0 : 14400, 4, 2021/11/28, 21:39:36.861, 159055789203, testhost.dll, MSTest - Executed test test1GenerisanjaSifreDomaci
TpTrace Verbose: 0 : 14400, 4, 2021/11/28, 21:39:36.861, 159055790030, testhost.dll, TestExecutionRecorder.RecordEnd: test: Zadatak1.ProizvodTest.test1GenerisanjaSifreDomaci execution completed.
TpTrace Information: 0 : 14400, 4, 2021/11/28, 21:39:36.864, 159055801572, testhost.dll, MSTest - MSTestExecutor:Test Zadatak1.ProizvodTest.test1GenerisanjaSifreDomaci failed. ErrorMessage:Assert.AreEqual failed. Expected:<4>. Actual:<9>. , ErrorStackTrace:   at Zadatak1.ProizvodTest.test1GenerisanjaSifreDomaci() in C:\Users\User\Documents\GitHub\Grupa-3-Verifikovani-i-Validirani-Softverasi\Pijaca\Zadatak1\UnitTest3.cs:line 32
.
TpTrace Verbose: 0 : 14400, 4, 2021/11/28, 21:39:36.864, 159055801872, testhost.dll, TestExecutionRecorder.RecordResult: Received result for test: Zadatak1.ProizvodTest.test1GenerisanjaSifreDomaci.
TpTrace Warning: 0 : 14400, 4, 2021/11/28, 21:39:36.864, 159055802154, testhost.dll, TestRunCache: InProgressTests is null
TpTrace Warning: 0 : 14400, 4, 2021/11/28, 21:39:36.864, 159055802329, testhost.dll, TestRunCache: No test found corresponding to testResult '' in inProgress list.
TpTrace Verbose: 0 : 14400, 4, 2021/11/28, 21:39:36.864, 159055802619, testhost.dll, TestExecutionRecorder.RecordStart: Starting test: Zadatak1.ProizvodTest.test2GenerisanjaSifreStrani.
TpTrace Information: 0 : 14400, 4, 2021/11/28, 21:39:36.867, 159055813162, testhost.dll, MSTest - Executing test test2GenerisanjaSifreStrani
TpTrace Information: 0 : 14400, 4, 2021/11/28, 21:39:36.869, 159055819904, testhost.dll, MSTest - Executed test test2GenerisanjaSifreStrani
TpTrace Verbose: 0 : 14400, 4, 2021/11/28, 21:39:36.869, 159055820769, testhost.dll, TestExecutionRecorder.RecordEnd: test: Zadatak1.ProizvodTest.test2GenerisanjaSifreStrani execution completed.
TpTrace Information: 0 : 14400, 4, 2021/11/28, 21:39:36.872, 159055831411, testhost.dll, MSTest - MSTestExecutor:Test Zadatak1.ProizvodTest.test2GenerisanjaSifreStrani failed. ErrorMessage:Assert.AreEqual failed. Expected:<0>. Actual:<5>. , ErrorStackTrace:   at Zadatak1.ProizvodTest.test2GenerisanjaSifreStrani() in C:\Users\User\Documents\GitHub\Grupa-3-Verifikovani-i-Validirani-Softverasi\Pijaca\Zadatak1\UnitTest3.cs:line 50
.
TpTrace Verbose: 0 : 14400, 4, 2021/11/28, 21:39:36.872, 159055831771, testhost.dll, TestExecutionRecorder.RecordResult: Received result for test: Zadatak1.ProizvodTest.test2GenerisanjaSifreStrani.
TpTrace Warning: 0 : 14400, 4, 2021/11/28, 21:39:36.872, 159055832090, testhost.dll, TestRunCache: InProgressTests is null
TpTrace Warning: 0 : 14400, 4, 2021/11/28, 21:39:36.872, 159055832296, testhost.dll, TestRunCache: No test found corresponding to testResult '' in inProgress list.
TpTrace Verbose: 0 : 14400, 4, 2021/11/28, 21:39:36.872, 159055832735, testhost.dll, TestExecutionRecorder.RecordStart: Starting test: Zadatak1.ProizvodTest.test3BrojacSePovecava.
TpTrace Information: 0 : 14400, 4, 2021/11/28, 21:39:36.875, 159055844462, testhost.dll, MSTest - Executing test test3BrojacSePovecava
TpTrace Information: 0 : 14400, 4, 2021/11/28, 21:39:36.876, 159055847242, testhost.dll, MSTest - Executed test test3BrojacSePovecava
TpTrace Verbose: 0 : 14400, 4, 2021/11/28, 21:39:36.876, 159055847670, testhost.dll, TestExecutionRecorder.RecordEnd: test: Zadatak1.ProizvodTest.test3BrojacSePovecava execution completed.
TpTrace Verbose: 0 : 14400, 4, 2021/11/28, 21:39:36.879, 159055859318, testhost.dll, TestExecutionRecorder.RecordResult: Received result for test: Zadatak1.ProizvodTest.test3BrojacSePovecava.
TpTrace Warning: 0 : 14400, 4, 2021/11/28, 21:39:36.880, 159055859734, testhost.dll, TestRunCache: InProgressTests is null
TpTrace Warning: 0 : 14400, 4, 2021/11/28, 21:39:36.880, 159055859904, testhost.dll, TestRunCache: No test found corresponding to testResult '' in inProgress list.
TpTrace Verbose: 0 : 14400, 4, 2021/11/28, 21:39:36.880, 159055860208, testhost.dll, TestExecutionRecorder.RecordStart: Starting test: Zadatak1.ProizvodTest.test4VracaSeKaoRezultatFunkcije.
TpTrace Information: 0 : 14400, 4, 2021/11/28, 21:39:36.883, 159055871057, testhost.dll, MSTest - Executing test test4VracaSeKaoRezultatFunkcije
TpTrace Information: 0 : 14400, 4, 2021/11/28, 21:39:36.883, 159055873546, testhost.dll, MSTest - Executed test test4VracaSeKaoRezultatFunkcije
TpTrace Verbose: 0 : 14400, 4, 2021/11/28, 21:39:36.883, 159055874068, testhost.dll, TestExecutionRecorder.RecordEnd: test: Zadatak1.ProizvodTest.test4VracaSeKaoRezultatFunkcije execution completed.
TpTrace Verbose: 0 : 14400, 4, 2021/11/28, 21:39:36.886, 159055884549, testhost.dll, TestExecutionRecorder.RecordResult: Received result for test: Zadatak1.ProizvodTest.test4VracaSeKaoRezultatFunkcije.
TpTrace Warning: 0 : 14400, 4, 2021/11/28, 21:39:36.886, 159055884907, testhost.dll, TestRunCache: InProgressTests is null
TpTrace Warning: 0 : 14400, 4, 2021/11/28, 21:39:36.886, 159055885074, testhost.dll, TestRunCache: No test found corresponding to testResult '' in inProgress list.
TpTrace Verbose: 0 : 14400, 4, 2021/11/28, 21:39:36.887, 159055885427, testhost.dll, TestExecutionRecorder.RecordStart: Starting test: Zadatak1.ProizvodTest.test5SvegaPomalo.
TpTrace Information: 0 : 14400, 4, 2021/11/28, 21:39:36.890, 159055896640, testhost.dll, MSTest - Executing test test5SvegaPomalo
TpTrace Information: 0 : 14400, 4, 2021/11/28, 21:39:36.925, 159056029057, testhost.dll, MSTest - Executed test test5SvegaPomalo
TpTrace Verbose: 0 : 14400, 4, 2021/11/28, 21:39:36.926, 159056030213, testhost.dll, TestExecutionRecorder.RecordEnd: test: Zadatak1.ProizvodTest.test5SvegaPomalo execution completed.
TpTrace Verbose: 0 : 14400, 4, 2021/11/28, 21:39:36.929, 159056041811, testhost.dll, TestExecutionRecorder.RecordResult: Received result for test: Zadatak1.ProizvodTest.test5SvegaPomalo.
TpTrace Warning: 0 : 14400, 4, 2021/11/28, 21:39:36.929, 159056042441, testhost.dll, TestRunCache: InProgressTests is null
TpTrace Warning: 0 : 14400, 4, 2021/11/28, 21:39:36.929, 159056042638, testhost.dll, TestRunCache: No test found corresponding to testResult '' in inProgress list.
TpTrace Information: 0 : 14400, 4, 2021/11/28, 21:39:36.929, 159056044100, testhost.dll, MSTest - Executing cleanup methods.
TpTrace Information: 0 : 14400, 4, 2021/11/28, 21:39:36.932, 159056053531, testhost.dll, MSTest - Executed cleanup methods.
TpTrace Information: 0 : 14400, 4, 2021/11/28, 21:39:36.932, 159056053970, testhost.dll, MSTest - Executed tests belonging to source C:\Users\User\Documents\GitHub\Grupa-3-Verifikovani-i-Validirani-Softverasi\Pijaca\Zadatak1\bin\Debug\net5.0\fine-code-coverage\build-output\Zadatak1.dll
TpTrace Verbose: 0 : 14400, 4, 2021/11/28, 21:39:36.933, 159056056339, testhost.dll, BaseRunTests.RunTestInternalWithExecutors: Completed running tests for executor://MSTestAdapter/v2
TpTrace Information: 0 : 14400, 4, 2021/11/28, 21:39:36.937, 159056071012, testhost.dll, Sending test run complete
TpTrace Verbose: 0 : 14400, 4, 2021/11/28, 21:39:36.957, 159056147645, testhost.dll, TestRequestHandler.SendData:  sending data from testhost: {"Version":5,"MessageType":"TestExecution.Completed","Payload":{"TestRunCompleteArgs":{"TestRunStatistics":{"ExecutedTests":15,"Stats":{"Passed":13,"Failed":2}},"IsCanceled":false,"IsAborted":false,"Error":null,"AttachmentSets":[],"ElapsedTimeInRunningTests":"00:00:00.6981691","Metrics":{}},"LastRunTests":{"NewTestResults":[{"TestCase":{"Id":"1a227832-5551-7933-99cc-71f9a09dd9a3","FullyQualifiedName":"Zadatak1.ZatvoriStandoveTestovi.prodavacImaParaAliIstekaoZakup","DisplayName":"prodavacImaParaAliIstekaoZakup","ExecutorUri":"executor://MSTestAdapter/v2","Source":"C:\\Users\\User\\Documents\\GitHub\\Grupa-3-Verifikovani-i-Validirani-Softverasi\\Pijaca\\Zadatak1\\bin\\Debug\\net5.0\\fine-code-coverage\\build-output\\Zadatak1.dll","CodeFilePath":null,"LineNumber":-1,"Properties":[{"Key":{"Id":"TestCase.ManagedType","Label":"ManagedType","Category":"","Description":"","Attributes":1,"ValueType":"System.String"},"Value":"Zadatak1.ZatvoriStandoveTestovi"},{"Key":{"Id":"TestCase.ManagedMethod","Label":"ManagedMethod","Category":"","Description":"","Attributes":1,"ValueType":"System.String"},"Value":"prodavacImaParaAliIstekaoZakup"},{"Key":{"Id":"MSTestDiscoverer.TestClassName","Label":"ClassName","Category":"","Description":"","Attributes":1,"ValueType":"System.String"},"Value":"Zadatak1.ZatvoriStandoveTestovi"},{"Key":{"Id":"TestObject.Traits","Label":"Traits","Category":"","Description":"","Attributes":5,"ValueType":"System.Collections.Generic.KeyValuePair`2[[System.String],[System.String]][]"},"Value":[]}]},"Attachments":[],"Outcome":1,"ErrorMessage":null,"ErrorStackTrace":null,"DisplayName":null,"Messages":[],"ComputerName":null,"Duration":"00:00:00.0005717","StartTime":"2021-11-28T21:39:36.8119563+01:00","EndTime":"2021-11-28T21:39:36.8129563+01:00","Properties":[{"Key":{"Id":"ExecutionId","Label":"ExecutionId","Category":"","Description":"","Attributes":1,"ValueType":"System.Guid"},"Value":"00000000-0000-0000-0000-000000000000"},{"Key":{"Id":"ParentExecId","Label":"ParentExecId","Category":"","Description":"","Attributes":1,"ValueType":"System.Guid"},"Value":"00000000-0000-0000-0000-000000000000"},{"Key":{"Id":"InnerResultsCount","Label":"InnerResultsCount","Category":"","Description":"","Attributes":1,"ValueType":"System.Int32"},"Value":0}]},{"TestCase":{"Id":"1280f3a4-bb0f-9726-766e-96cbe60f2d62","FullyQualifiedName":"Zadatak1.ProizvodTest.test1GenerisanjaSifreDomaci","DisplayName":"test1GenerisanjaSifreDomaci","ExecutorUri":"executor://MSTestAdapter/v2","Source":"C:\\Users\\User\\Documents\\GitHub\\Grupa-3-Verifikovani-i-Validirani-Softverasi\\Pijaca\\Zadatak1\\bin\\Debug\\net5.0\\fine-code-coverage\\build-output\\Zadatak1.dll","CodeFilePath":null,"LineNumber":-1,"Properties":[{"Key":{"Id":"TestCase.ManagedType","Label":"ManagedType","Category":"","Description":"","Attributes":1,"ValueType":"System.String"},"Value":"Zadatak1.ProizvodTest"},{"Key":{"Id":"TestCase.ManagedMethod","Label":"ManagedMethod","Category":"","Description":"","Attributes":1,"ValueType":"System.String"},"Value":"test1GenerisanjaSifreDomaci"},{"Key":{"Id":"MSTestDiscoverer.TestClassName","Label":"ClassName","Category":"","Description":"","Attributes":1,"ValueType":"System.String"},"Value":"Zadatak1.ProizvodTest"},{"Key":{"Id":"TestObject.Traits","Label":"Traits","Category":"","Description":"","Attributes":5,"ValueType":"System.Collections.Generic.KeyValuePair`2[[System.String],[System.String]][]"},"Value":[]}]},"Attachments":[],"Outcome":2,"ErrorMessage":"Assert.AreEqual failed. Expected:<4>. Actual:<9>. ","ErrorStackTrace":"   at Zadatak1.ProizvodTest.test1GenerisanjaSifreDomaci() in C:\\Users\\User\\Documents\\GitHub\\Grupa-3-Verifikovani-i-Validirani-Softverasi\\Pijaca\\Zadatak1\\UnitTest3.cs:line 32\r\n","DisplayName":null,"Messages":[],"ComputerName":null,"Duration":"00:00:00.0412501","StartTime":"2021-11-28T21:39:36.8189567+01:00","EndTime":"2021-11-28T21:39:36.8619591+01:00","Properties":[{"Key":{"Id":"ExecutionId","Label":"ExecutionId","Category":"","Description":"","Attributes":1,"ValueType":"System.Guid"},"Value":"00000000-0000-0000-0000-000000000000"},{"Key":{"Id":"ParentExecId","Label":"ParentExecId","Category":"","Description":"","Attributes":1,"ValueType":"System.Guid"},"Value":"00000000-0000-0000-0000-000000000000"},{"Key":{"Id":"InnerResultsCount","Label":"InnerResultsCount","Category":"","Description":"","Attributes":1,"ValueType":"System.Int32"},"Value":0}]},{"TestCase":{"Id":"0cde5448-cb6e-15bc-09e1-4093ccd399c5","FullyQualifiedName":"Zadatak1.ProizvodTest.test2GenerisanjaSifreStrani","DisplayName":"test2GenerisanjaSifreStrani","ExecutorUri":"executor://MSTestAdapter/v2","Source":"C:\\Users\\User\\Documents\\GitHub\\Grupa-3-Verifikovani-i-Validirani-Softverasi\\Pijaca\\Zadatak1\\bin\\Debug\\net5.0\\fine-code-coverage\\build-output\\Zadatak1.dll","CodeFilePath":null,"LineNumber":-1,"Properties":[{"Key":{"Id":"TestCase.ManagedType","Label":"ManagedType","Category":"","Description":"","Attributes":1,"ValueType":"System.String"},"Value":"Zadatak1.ProizvodTest"},{"Key":{"Id":"TestCase.ManagedMethod","Label":"ManagedMethod","Category":"","Description":"","Attributes":1,"ValueType":"System.String"},"Value":"test2GenerisanjaSifreStrani"},{"Key":{"Id":"MSTestDiscoverer.TestClassName","Label":"ClassName","Category":"","Description":"","Attributes":1,"ValueType":"System.String"},"Value":"Zadatak1.ProizvodTest"},{"Key":{"Id":"TestObject.Traits","Label":"Traits","Category":"","Description":"","Attributes":5,"ValueType":"System.Collections.Generic.KeyValuePair`2[[System.String],[System.String]][]"},"Value":[]}]},"Attachments":[],"Outcome":2,"ErrorMessage":"Assert.AreEqual failed. Expected:<0>. Actual:<5>. ","ErrorStackTrace":"   at Zadatak1.ProizvodTest.test2GenerisanjaSifreStrani() in C:\\Users\\User\\Documents\\GitHub\\Grupa-3-Verifikovani-i-Validirani-Softverasi\\Pijaca\\Zadatak1\\UnitTest3.cs:line 50\r\n","DisplayName":null,"Messages":[],"ComputerName":null,"Duration":"00:00:00.0014377","StartTime":"2021-11-28T21:39:36.8679595+01:00","EndTime":"2021-11-28T21:39:36.8699596+01:00","Properties":[{"Key":{"Id":"ExecutionId","Label":"ExecutionId","Category":"","Description":"","Attributes":1,"ValueType":"System.Guid"},"Value":"00000000-0000-0000-0000-000000000000"},{"Key":{"Id":"ParentExecId","Label":"ParentExecId","Category":"","Description":"","Attributes":1,"ValueType":"System.Guid"},"Value":"00000000-0000-0000-0000-000000000000"},{"Key":{"Id":"InnerResultsCount","Label":"InnerResultsCount","Category":"","Description":"","Attributes":1,"ValueType":"System.Int32"},"Value":0}]},{"TestCase":{"Id":"9b670348-e4fe-2a6e-9fb8-11b3b2e7e42b","FullyQualifiedName":"Zadatak1.ProizvodTest.test3BrojacSePovecava","DisplayName":"test3BrojacSePovecava","ExecutorUri":"executor://MSTestAdapter/v2","Source":"C:\\Users\\User\\Documents\\GitHub\\Grupa-3-Verifikovani-i-Validirani-Softverasi\\Pijaca\\Zadatak1\\bin\\Debug\\net5.0\\fine-code-coverage\\build-output\\Zadatak1.dll","CodeFilePath":null,"LineNumber":-1,"Properties":[{"Key":{"Id":"TestCase.ManagedType","Label":"ManagedType","Category":"","Description":"","Attributes":1,"ValueType":"System.String"},"Value":"Zadatak1.ProizvodTest"},{"Key":{"Id":"TestCase.ManagedMethod","Label":"ManagedMethod","Category":"","Description":"","Attributes":1,"ValueType":"System.String"},"Value":"test3BrojacSePovecava"},{"Key":{"Id":"MSTestDiscoverer.TestClassName","Label":"ClassName","Category":"","Description":"","Attributes":1,"ValueType":"System.String"},"Value":"Zadatak1.ProizvodTest"},{"Key":{"Id":"TestObject.Traits","Label":"Traits","Category":"","Description":"","Attributes":5,"ValueType":"System.Collections.Generic.KeyValuePair`2[[System.String],[System.String]][]"},"Value":[]}]},"Attachments":[],"Outcome":1,"ErrorMessage":null,"ErrorStackTrace":null,"DisplayName":null,"Messages":[],"ComputerName":null,"Duration":"00:00:00.0003719","StartTime":"2021-11-28T21:39:36.8759599+01:00","EndTime":"2021-11-28T21:39:36.87696+01:00","Properties":[{"Key":{"Id":"ExecutionId","Label":"ExecutionId","Category":"","Description":"","Attributes":1,"ValueType":"System.Guid"},"Value":"00000000-0000-0000-0000-000000000000"},{"Key":{"Id":"ParentExecId","Label":"ParentExecId","Category":"","Description":"","Attributes":1,"ValueType":"System.Guid"},"Value":"00000000-0000-0000-0000-000000000000"},{"Key":{"Id":"InnerResultsCount","Label":"InnerResultsCount","Category":"","Description":"","Attributes":1,"ValueType":"System.Int32"},"Value":0}]},{"TestCase":{"Id":"63460974-5d69-b1b2-36ce-36208f766997","FullyQualifiedName":"Zadatak1.ProizvodTest.test4VracaSeKaoRezultatFunkcije","DisplayName":"test4VracaSeKaoRezultatFunkcije","ExecutorUri":"executor://MSTestAdapter/v2","Source":"C:\\Users\\User\\Documents\\GitHub\\Grupa-3-Verifikovani-i-Validirani-Softverasi\\Pijaca\\Zadatak1\\bin\\Debug\\net5.0\\fine-code-coverage\\build-output\\Zadatak1.dll","CodeFilePath":null,"LineNumber":-1,"Properties":[{"Key":{"Id":"TestCase.ManagedType","Label":"ManagedType","Category":"","Description":"","Attributes":1,"ValueType":"System.String"},"Value":"Zadatak1.ProizvodTest"},{"Key":{"Id":"TestCase.ManagedMethod","Label":"ManagedMethod","Category":"","Description":"","Attributes":1,"ValueType":"System.String"},"Value":"test4VracaSeKaoRezultatFunkcije"},{"Key":{"Id":"MSTestDiscoverer.TestClassName","Label":"ClassName","Category":"","Description":"","Attributes":1,"ValueType":"System.String"},"Value":"Zadatak1.ProizvodTest"},{"Key":{"Id":"TestObject.Traits","Label":"Traits","Category":"","Description":"","Attributes":5,"ValueType":"System.Collections.Generic.KeyValuePair`2[[System.String],[System.String]][]"},"Value":[]}]},"Attachments":[],"Outcome":1,"ErrorMessage":null,"ErrorStackTrace":null,"DisplayName":null,"Messages":[],"ComputerName":null,"Duration":"00:00:00.0003593","StartTime":"2021-11-28T21:39:36.8839604+01:00","EndTime":"2021-11-28T21:39:36.8839604+01:00","Properties":[{"Key":{"Id":"ExecutionId","Label":"ExecutionId","Category":"","Description":"","Attributes":1,"ValueType":"System.Guid"},"Value":"00000000-0000-0000-0000-000000000000"},{"Key":{"Id":"ParentExecId","Label":"ParentExecId","Category":"","Description":"","Attributes":1,"ValueType":"System.Guid"},"Value":"00000000-0000-0000-0000-000000000000"},{"Key":{"Id":"InnerResultsCount","Label":"InnerResultsCount","Category":"","Description":"","Attributes":1,"ValueType":"System.Int32"},"Value":0}]},{"TestCase":{"Id":"bcbb4829-e07c-1fef-1f19-120a3cf80376","FullyQualifiedName":"Zadatak1.ProizvodTest.test5SvegaPomalo","DisplayName":"test5SvegaPomalo","ExecutorUri":"executor://MSTestAdapter/v2","Source":"C:\\Users\\User\\Documents\\GitHub\\Grupa-3-Verifikovani-i-Validirani-Softverasi\\Pijaca\\Zadatak1\\bin\\Debug\\net5.0\\fine-code-coverage\\build-output\\Zadatak1.dll","CodeFilePath":null,"LineNumber":-1,"Properties":[{"Key":{"Id":"TestCase.ManagedType","Label":"ManagedType","Category":"","Description":"","Attributes":1,"ValueType":"System.String"},"Value":"Zadatak1.ProizvodTest"},{"Key":{"Id":"TestCase.ManagedMethod","Label":"ManagedMethod","Category":"","Description":"","Attributes":1,"ValueType":"System.String"},"Value":"test5SvegaPomalo"},{"Key":{"Id":"MSTestDiscoverer.TestClassName","Label":"ClassName","Category":"","Description":"","Attributes":1,"ValueType":"System.String"},"Value":"Zadatak1.ProizvodTest"},{"Key":{"Id":"TestObject.Traits","Label":"Traits","Category":"","Description":"","Attributes":5,"ValueType":"System.Collections.Generic.KeyValuePair`2[[System.String],[System.String]][]"},"Value":[]}]},"Attachments":[],"Outcome":1,"ErrorMessage":null,"ErrorStackTrace":null,"DisplayName":null,"Messages":[],"ComputerName":null,"Duration":"00:00:00.0353882","StartTime":"2021-11-28T21:39:36.8909608+01:00","EndTime":"2021-11-28T21:39:36.9269628+01:00","Properties":[{"Key":{"Id":"ExecutionId","Label":"ExecutionId","Category":"","Description":"","Attributes":1,"ValueType":"System.Guid"},"Value":"00000000-0000-0000-0000-000000000000"},{"Key":{"Id":"ParentExecId","Label":"ParentExecId","Category":"","Description":"","Attributes":1,"ValueType":"System.Guid"},"Value":"00000000-0000-0000-0000-000000000000"},{"Key":{"Id":"InnerResultsCount","Label":"InnerResultsCount","Category":"","Description":"","Attributes":1,"ValueType":"System.Int32"},"Value":0}]}],"TestRunStatistics":{"ExecutedTests":15,"Stats":{"Passed":13,"Failed":2}},"ActiveTests":[]},"RunAttachments":[],"ExecutorUris":["executor://mstestadapter/v2"]}}
TpTrace Verbose: 0 : 14400, 4, 2021/11/28, 21:39:36.958, 159056151993, testhost.dll, BaseRunTests.RunTests: Run is complete.
TpTrace Verbose: 0 : 14400, 5, 2021/11/28, 21:39:36.961, 159056160770, testhost.dll, TcpClientExtensions.MessageLoopAsync: NotifyDataAvailable remoteEndPoint: [::ffff:127.0.0.1]:62177 localEndPoint: [::ffff:127.0.0.1]:62178
TpTrace Information: 0 : 14400, 5, 2021/11/28, 21:39:36.961, 159056161511, testhost.dll, TestRequestHandler.ProcessRequests: received message: (TestSession.Terminate) -> null
TpTrace Information: 0 : 14400, 5, 2021/11/28, 21:39:36.961, 159056161679, testhost.dll, Session End message received from server. Closing the connection.
TpTrace Information: 0 : 14400, 5, 2021/11/28, 21:39:36.962, 159056164504, testhost.dll, SocketClient.Stop: Stop communication from server endpoint: 127.0.0.1:062177
TpTrace Information: 0 : 14400, 5, 2021/11/28, 21:39:36.962, 159056164995, testhost.dll, SocketClient: Stop: Cancellation requested. Stopping message loop.
TpTrace Verbose: 0 : 14400, 5, 2021/11/28, 21:39:36.962, 159056166554, testhost.dll, LengthPrefixCommunicationChannel.Dispose: Dispose reader and writer.
TpTrace Information: 0 : 14400, 5, 2021/11/28, 21:39:36.963, 159056167015, testhost.dll, Closing the connection !
TpTrace Information: 0 : 14400, 5, 2021/11/28, 21:39:36.963, 159056168522, testhost.dll, SocketClient.PrivateStop: Stop communication from server endpoint: 127.0.0.1:062177, error:
TpTrace Verbose: 0 : 14400, 5, 2021/11/28, 21:39:36.964, 159056173216, testhost.dll, LengthPrefixCommunicationChannel.Dispose: Dispose reader and writer.
TpTrace Verbose: 0 : 14400, 5, 2021/11/28, 21:39:36.964, 159056173890, testhost.dll, TcpClientExtensions.MessageLoopAsync: exiting MessageLoopAsync remoteEndPoint: [::ffff:127.0.0.1]:62177 localEndPoint: [::ffff:127.0.0.1]:62178
TpTrace Information: 0 : 14400, 1, 2021/11/28, 21:39:36.965, 159056175920, testhost.dll, Closing the connection !
TpTrace Information: 0 : 14400, 1, 2021/11/28, 21:39:36.965, 159056176223, testhost.dll, SocketClient.Stop: Stop communication from server endpoint: 127.0.0.1:062177
TpTrace Verbose: 0 : 14400, 1, 2021/11/28, 21:39:36.965, 159056176358, testhost.dll, LengthPrefixCommunicationChannel.Dispose: Dispose reader and writer.
TpTrace Information: 0 : 14400, 1, 2021/11/28, 21:39:36.965, 159056177057, testhost.dll, Testhost process exiting.
