TpTrace Verbose: 0 : 10720, 1, 2021/11/28, 13:31:01.053, 5971948954369, datacollector.dll, Version: 16.11.0
TpTrace Information: 0 : 10720, 1, 2021/11/28, 13:31:01.060, 5971948997390, datacollector.dll, DataCollectorMain.Run: Starting data collector run with args: --port,51777,--parentprocessid,12864,--diag,C:\Users\Armin\Documents\GitHub\Grupa-3-Verifikovani-i-Validirani-Softverasi\Pijaca\Zadatak1\bin\Debug\net5.0\fine-code-coverage\coverage-tool-output\diagnostics.datacollector.21-11-28_13-31-00_85533_4.log,--tracelevel,4
TpTrace Information: 0 : 10720, 1, 2021/11/28, 13:31:01.061, 5971949010946, datacollector.dll, DataCollector: Monitoring parent process with id: '12864'
TpTrace Information: 0 : 10720, 1, 2021/11/28, 13:31:01.072, 5971949120174, datacollector.dll, Trying to connect to server on socket : 127.0.0.1:51777 
TpTrace Verbose: 0 : 10720, 1, 2021/11/28, 13:31:01.103, 5971949422064, datacollector.dll, SocketCommunicationManager : SetupClientAsync : Attempting to connect to the server.
TpTrace Information: 0 : 10720, 5, 2021/11/28, 13:31:01.115, 5971949545401, datacollector.dll, Connected to the server successfully 
TpTrace Information: 0 : 10720, 5, 2021/11/28, 13:31:01.115, 5971949546609, datacollector.dll, Using the buffer size of 16384 bytes
TpTrace Information: 0 : 10720, 1, 2021/11/28, 13:31:01.225, 5971950642204, datacollector.dll, DataCollector: Start Request Processing.
TpTrace Information: 0 : 10720, 1, 2021/11/28, 13:31:01.232, 5971950719795, datacollector.dll, DataCollectionRequestHandler.ProcessRequests : Datacollector received message: (DataCollection.BeforeTestRunStart) -> {
  "SettingsXml": "<RunSettings><RunConfiguration><ResultsDirectory>C:\\Users\\Armin\\Documents\\GitHub\\Grupa-3-Verifikovani-i-Validirani-Softverasi\\Pijaca\\Zadatak1\\bin\\Debug\\net5.0\\fine-code-coverage\\coverage-tool-output</ResultsDirectory><TargetPlatform>X64</TargetPlatform><TargetFrameworkVersion>.NETCoreApp,Version=v5.0</TargetFrameworkVersion><DesignMode>False</DesignMode><CollectSourceInformation>False</CollectSourceInformation><TestAdaptersPaths>C:\\Program Files\\dotnet\\sdk\\5.0.402\\Extensions</TestAdaptersPaths></RunConfiguration><LoggerRunSettings><Loggers><Logger friendlyName=\"blame\" enabled=\"True\" /><Logger friendlyName=\"Console\" uri=\"logger://microsoft/TestPlatform/ConsoleLogger/v1\" assemblyQualifiedName=\"Microsoft.VisualStudio.TestPlatform.CommandLine.Internal.ConsoleLogger, vstest.console, Version=15.0.0.0, Culture=neutral, PublicKeyToken=b03f5f7f11d50a3a\" codeBase=\"C:\\Program Files\\dotnet\\sdk\\5.0.402\\vstest.console.dll\" enabled=\"True\" /></Loggers></LoggerRunSettings><DataCollectionRunSettings><DataCollectors><DataCollector friendlyName=\"blame\" enabled=\"True\"><Configuration><ResultsDirectory>C:\\Users\\Armin\\Documents\\GitHub\\Grupa-3-Verifikovani-i-Validirani-Softverasi\\Pijaca\\Zadatak1\\bin\\Debug\\net5.0\\fine-code-coverage\\coverage-tool-output</ResultsDirectory></Configuration></DataCollector></DataCollectors></DataCollectionRunSettings></RunSettings>",
  "Sources": [
    "C:\\Users\\Armin\\Documents\\GitHub\\Grupa-3-Verifikovani-i-Validirani-Softverasi\\Pijaca\\Zadatak1\\bin\\Debug\\net5.0\\fine-code-coverage\\build-output\\Zadatak1.dll"
  ],
  "IsTelemetryOptedIn": false
}
TpTrace Verbose: 0 : 10720, 1, 2021/11/28, 13:31:01.272, 5971951116507, datacollector.dll, TestPluginCache: Update extensions started. Skip filter = False
TpTrace Verbose: 0 : 10720, 1, 2021/11/28, 13:31:01.273, 5971951122743, datacollector.dll, TestPluginCache: Using directories for assembly resolution 'C:\Program Files\dotnet\sdk\5.0.402\Extensions'.
TpTrace Verbose: 0 : 10720, 1, 2021/11/28, 13:31:01.273, 5971951123458, datacollector.dll, TestPluginCache: Updated the available extensions to 'C:\Program Files\dotnet\sdk\5.0.402\Extensions\Microsoft.TestPlatform.Extensions.BlameDataCollector.dll,C:\Program Files\dotnet\sdk\5.0.402\Extensions\Microsoft.TestPlatform.Extensions.EventLogCollector.dll'.
TpTrace Verbose: 0 : 10720, 1, 2021/11/28, 13:31:01.282, 5971951218674, datacollector.dll, TestPluginCache.DiscoverTestExtensions: finding test extensions in assemblies ends with: Collector.dll TPluginInfo: Microsoft.VisualStudio.TestPlatform.Common.DataCollector.DataCollectorConfig TExtension: Microsoft.VisualStudio.TestPlatform.ObjectModel.DataCollection.DataCollector
TpTrace Verbose: 0 : 10720, 1, 2021/11/28, 13:31:01.283, 5971951223088, datacollector.dll, TestPluginCache.GetExtensionPaths: Filtered extension paths: C:\Program Files\dotnet\sdk\5.0.402\Extensions\Microsoft.TestPlatform.Extensions.BlameDataCollector.dll
C:\Program Files\dotnet\sdk\5.0.402\Extensions\Microsoft.TestPlatform.Extensions.EventLogCollector.dll
TpTrace Verbose: 0 : 10720, 1, 2021/11/28, 13:31:01.283, 5971951223877, datacollector.dll, TestPluginCache.GetExtensionPaths: Added default extension paths: 
TpTrace Verbose: 0 : 10720, 1, 2021/11/28, 13:31:01.283, 5971951224266, datacollector.dll, TestPluginCache.GetExtensionPaths: Added unfilterableExtensionPaths: 
TpTrace Information: 0 : 10720, 1, 2021/11/28, 13:31:01.283, 5971951230197, datacollector.dll, AssemblyResolver.ctor: Creating AssemblyResolver with searchDirectories C:\Program Files\dotnet\sdk\5.0.402\Extensions,C:\Program Files\dotnet\sdk\5.0.402
TpTrace Verbose: 0 : 10720, 1, 2021/11/28, 13:31:01.285, 5971951243654, datacollector.dll, TestPluginCache.DiscoverTestExtensions: Discovering the extensions using extension path.
TpTrace Verbose: 0 : 10720, 1, 2021/11/28, 13:31:01.285, 5971951245324, datacollector.dll, TestPluginCache.GetExtensionPaths: Filtered extension paths: C:\Program Files\dotnet\sdk\5.0.402\Extensions\Microsoft.TestPlatform.Extensions.BlameDataCollector.dll
C:\Program Files\dotnet\sdk\5.0.402\Extensions\Microsoft.TestPlatform.Extensions.EventLogCollector.dll
TpTrace Verbose: 0 : 10720, 1, 2021/11/28, 13:31:01.285, 5971951245805, datacollector.dll, TestPluginCache.GetExtensionPaths: Added default extension paths: 
TpTrace Verbose: 0 : 10720, 1, 2021/11/28, 13:31:01.285, 5971951246106, datacollector.dll, TestPluginCache.GetExtensionPaths: Added unfilterableExtensionPaths: 
TpTrace Verbose: 0 : 10720, 1, 2021/11/28, 13:31:01.285, 5971951246613, datacollector.dll, TestPluginCache.DiscoverTestExtensions: Discovering the extensions using allExtensionPaths: C:\Program Files\dotnet\sdk\5.0.402\Extensions\Microsoft.TestPlatform.Extensions.BlameDataCollector.dll
C:\Program Files\dotnet\sdk\5.0.402\Extensions\Microsoft.TestPlatform.Extensions.EventLogCollector.dll
TpTrace Information: 0 : 10720, 1, 2021/11/28, 13:31:01.285, 5971951247682, datacollector.dll, AssemblyResolver.AddSearchDirectories: Adding more searchDirectories C:\Program Files\dotnet\sdk\5.0.402\Extensions,C:\Program Files\dotnet\sdk\5.0.402
TpTrace Information: 0 : 10720, 1, 2021/11/28, 13:31:01.285, 5971951248331, datacollector.dll, AssemblyResolver.AddSearchDirectories: Adding more searchDirectories C:\Program Files\dotnet\sdk\5.0.402\Extensions,C:\Program Files\dotnet\sdk\5.0.402
TpTrace Information: 0 : 10720, 1, 2021/11/28, 13:31:01.286, 5971951252846, datacollector.dll, AssemblyResolver.OnResolve: Microsoft.TestPlatform.Extensions.BlameDataCollector: Resolving assembly.
TpTrace Information: 0 : 10720, 1, 2021/11/28, 13:31:01.286, 5971951253762, datacollector.dll, AssemblyResolver.OnResolve: Microsoft.TestPlatform.Extensions.BlameDataCollector: Searching in: 'C:\Program Files\dotnet\sdk\5.0.402\Extensions'.
TpTrace Information: 0 : 10720, 1, 2021/11/28, 13:31:01.286, 5971951258414, datacollector.dll, AssemblyResolver.OnResolve: Microsoft.TestPlatform.Extensions.BlameDataCollector: Loading assembly 'C:\Program Files\dotnet\sdk\5.0.402\Extensions\Microsoft.TestPlatform.Extensions.BlameDataCollector.dll'.
TpTrace Information: 0 : 10720, 1, 2021/11/28, 13:31:01.287, 5971951264149, datacollector.dll, AssemblyResolver.OnResolve: Resolved assembly: Microsoft.TestPlatform.Extensions.BlameDataCollector, from path: C:\Program Files\dotnet\sdk\5.0.402\Extensions\Microsoft.TestPlatform.Extensions.BlameDataCollector.dll
TpTrace Error: 0 : 10720, 1, 2021/11/28, 13:31:01.288, 5971951274696, datacollector.dll, The type "Microsoft.TestPlatform.Extensions.BlameDataCollector.BlameCollector" defined in "Microsoft.TestPlatform.Extensions.BlameDataCollector.dll" does not have ExtensionUri attribute.
TpTrace Information: 0 : 10720, 1, 2021/11/28, 13:31:01.289, 5971951288552, datacollector.dll, AssemblyResolver.OnResolve: Microsoft.TestPlatform.Extensions.EventLogCollector: Resolving assembly.
TpTrace Information: 0 : 10720, 1, 2021/11/28, 13:31:01.289, 5971951289950, datacollector.dll, AssemblyResolver.OnResolve: Microsoft.TestPlatform.Extensions.EventLogCollector: Searching in: 'C:\Program Files\dotnet\sdk\5.0.402\Extensions'.
TpTrace Information: 0 : 10720, 1, 2021/11/28, 13:31:01.290, 5971951293949, datacollector.dll, AssemblyResolver.OnResolve: Microsoft.TestPlatform.Extensions.EventLogCollector: Loading assembly 'C:\Program Files\dotnet\sdk\5.0.402\Extensions\Microsoft.TestPlatform.Extensions.EventLogCollector.dll'.
TpTrace Information: 0 : 10720, 1, 2021/11/28, 13:31:01.290, 5971951297740, datacollector.dll, AssemblyResolver.OnResolve: Resolved assembly: Microsoft.TestPlatform.Extensions.EventLogCollector, from path: C:\Program Files\dotnet\sdk\5.0.402\Extensions\Microsoft.TestPlatform.Extensions.EventLogCollector.dll
TpTrace Error: 0 : 10720, 1, 2021/11/28, 13:31:01.292, 5971951311920, datacollector.dll, The type "Microsoft.TestPlatform.Extensions.EventLogCollector.EventLogDataCollector" defined in "Microsoft.TestPlatform.Extensions.EventLogCollector.dll" does not have ExtensionUri attribute.
TpTrace Verbose: 0 : 10720, 1, 2021/11/28, 13:31:01.292, 5971951315160, datacollector.dll, TestPluginCache: Discovered the extensions using extension path 'C:\Program Files\dotnet\sdk\5.0.402\Extensions\Microsoft.TestPlatform.Extensions.BlameDataCollector.dll,C:\Program Files\dotnet\sdk\5.0.402\Extensions\Microsoft.TestPlatform.Extensions.EventLogCollector.dll'.
TpTrace Verbose: 0 : 10720, 1, 2021/11/28, 13:31:01.292, 5971951315773, datacollector.dll, TestPluginCache: Discoverers are ''.
TpTrace Verbose: 0 : 10720, 1, 2021/11/28, 13:31:01.292, 5971951316075, datacollector.dll, TestPluginCache: Executors are ''.
TpTrace Verbose: 0 : 10720, 1, 2021/11/28, 13:31:01.292, 5971951316339, datacollector.dll, TestPluginCache: Executors2 are ''.
TpTrace Verbose: 0 : 10720, 1, 2021/11/28, 13:31:01.292, 5971951316596, datacollector.dll, TestPluginCache: Setting providers are ''.
TpTrace Verbose: 0 : 10720, 1, 2021/11/28, 13:31:01.292, 5971951316897, datacollector.dll, TestPluginCache: Loggers are ''.
TpTrace Information: 0 : 10720, 1, 2021/11/28, 13:31:01.293, 5971951329890, datacollector.dll, TestPluginManager.CreateTestExtension: Attempting to load test extension: Microsoft.TestPlatform.Extensions.BlameDataCollector.BlameCollector
TpTrace Error: 0 : 10720, 1, 2021/11/28, 13:31:01.296, 5971951353957, datacollector.dll, The type "Microsoft.TestPlatform.Extensions.BlameDataCollector.BlameCollector" defined in "Microsoft.TestPlatform.Extensions.BlameDataCollector.dll" does not have ExtensionUri attribute.
TpTrace Information: 0 : 10720, 1, 2021/11/28, 13:31:01.302, 5971951417839, datacollector.dll, Listening on Endpoint : 127.0.0.1:51779
TpTrace Information: 0 : 10720, 1, 2021/11/28, 13:31:01.308, 5971951478775, datacollector.dll, DataCollectionRequestHandler.ProcessRequests : DataCollection started.
TpTrace Information: 0 : 10720, 1, 2021/11/28, 13:31:01.336, 5971951754794, datacollector.dll, DataCollectionRequestHandler.ProcessRequests : Datacollector received message: (DataCollection.TestHostLaunched) -> {
  "ProcessId": 17088
}
TpTrace Information: 0 : 10720, 6, 2021/11/28, 13:31:01.570, 5971954096887, datacollector.dll, Using the buffer size of 16384 bytes
TpTrace Information: 0 : 10720, 6, 2021/11/28, 13:31:01.570, 5971954099261, datacollector.dll, Accepted Client request and set the flag
TpTrace Information: 0 : 10720, 5, 2021/11/28, 13:31:02.233, 5971960726332, datacollector.dll, DataCollectionTestCaseEventHandler: Test case starting.
TpTrace Information: 0 : 10720, 5, 2021/11/28, 13:31:02.298, 5971961371973, datacollector.dll, Blame Collector : Test Case Start
TpTrace Information: 0 : 10720, 5, 2021/11/28, 13:31:02.302, 5971961415955, datacollector.dll, DataCollectionTestCaseEventHandler: Test case 'TestPogresnaSifra - 6b10294d-693c-8bde-94d8-97ba1474c65a' started.
TpTrace Information: 0 : 10720, 5, 2021/11/28, 13:31:02.443, 5971962822767, datacollector.dll, DataCollectionTestCaseEventHandler : Test case completing.
TpTrace Information: 0 : 10720, 5, 2021/11/28, 13:31:02.466, 5971963052700, datacollector.dll, Blame Collector : Test Case End
TpTrace Information: 0 : 10720, 5, 2021/11/28, 13:31:02.476, 5971963154391, datacollector.dll, DataCollectionTestCaseEventHandler: Test case 'TestPogresnaSifra - 6b10294d-693c-8bde-94d8-97ba1474c65a' completed
TpTrace Information: 0 : 10720, 5, 2021/11/28, 13:31:02.508, 5971963475328, datacollector.dll, DataCollectionTestCaseEventHandler: Test case starting.
TpTrace Information: 0 : 10720, 5, 2021/11/28, 13:31:02.509, 5971963486245, datacollector.dll, Blame Collector : Test Case Start
TpTrace Information: 0 : 10720, 5, 2021/11/28, 13:31:02.509, 5971963490627, datacollector.dll, DataCollectionTestCaseEventHandler: Test case 'TestAktivnosti - 03d44b12-18f4-0cbe-1c33-4094b2186c06' started.
TpTrace Information: 0 : 10720, 5, 2021/11/28, 13:31:02.517, 5971963569735, datacollector.dll, DataCollectionTestCaseEventHandler : Test case completing.
TpTrace Information: 0 : 10720, 5, 2021/11/28, 13:31:02.519, 5971963584771, datacollector.dll, Blame Collector : Test Case End
TpTrace Information: 0 : 10720, 5, 2021/11/28, 13:31:02.520, 5971963592868, datacollector.dll, DataCollectionTestCaseEventHandler: Test case 'TestAktivnosti - 03d44b12-18f4-0cbe-1c33-4094b2186c06' completed
TpTrace Information: 0 : 10720, 5, 2021/11/28, 13:31:02.522, 5971963613291, datacollector.dll, DataCollectionTestCaseEventHandler: Test case starting.
TpTrace Information: 0 : 10720, 5, 2021/11/28, 13:31:02.523, 5971963627468, datacollector.dll, Blame Collector : Test Case Start
TpTrace Information: 0 : 10720, 5, 2021/11/28, 13:31:02.524, 5971963633016, datacollector.dll, DataCollectionTestCaseEventHandler: Test case 'TestPogresnihPodataka - c0b925a7-8cbd-7c38-aa41-59795ea98c0e' started.
TpTrace Information: 0 : 10720, 5, 2021/11/28, 13:31:02.527, 5971963668457, datacollector.dll, DataCollectionTestCaseEventHandler : Test case completing.
TpTrace Information: 0 : 10720, 5, 2021/11/28, 13:31:02.539, 5971963786451, datacollector.dll, Blame Collector : Test Case End
TpTrace Information: 0 : 10720, 5, 2021/11/28, 13:31:02.540, 5971963791727, datacollector.dll, DataCollectionTestCaseEventHandler: Test case 'TestPogresnihPodataka - c0b925a7-8cbd-7c38-aa41-59795ea98c0e' completed
TpTrace Information: 0 : 10720, 5, 2021/11/28, 13:31:02.541, 5971963808059, datacollector.dll, DataCollectionTestCaseEventHandler: Test case starting.
TpTrace Information: 0 : 10720, 5, 2021/11/28, 13:31:02.542, 5971963819030, datacollector.dll, Blame Collector : Test Case Start
TpTrace Information: 0 : 10720, 5, 2021/11/28, 13:31:02.545, 5971963851788, datacollector.dll, DataCollectionTestCaseEventHandler: Test case 'TestPovecanjaPrometa - e24cc8fb-745b-e81c-73f9-2fc994551ca5' started.
TpTrace Information: 0 : 10720, 5, 2021/11/28, 13:31:02.552, 5971963918875, datacollector.dll, DataCollectionTestCaseEventHandler : Test case completing.
TpTrace Information: 0 : 10720, 5, 2021/11/28, 13:31:02.553, 5971963929736, datacollector.dll, Blame Collector : Test Case End
TpTrace Information: 0 : 10720, 5, 2021/11/28, 13:31:02.554, 5971963934413, datacollector.dll, DataCollectionTestCaseEventHandler: Test case 'TestPovecanjaPrometa - e24cc8fb-745b-e81c-73f9-2fc994551ca5' completed
TpTrace Information: 0 : 10720, 5, 2021/11/28, 13:31:02.556, 5971963953954, datacollector.dll, DataCollectionTestCaseEventHandler: Test case starting.
TpTrace Information: 0 : 10720, 5, 2021/11/28, 13:31:02.557, 5971963966568, datacollector.dll, Blame Collector : Test Case Start
TpTrace Information: 0 : 10720, 5, 2021/11/28, 13:31:02.558, 5971963972378, datacollector.dll, DataCollectionTestCaseEventHandler: Test case 'TestNegativnogPrometa - e1e62ecb-27da-a0d2-0bac-6daf339d1ad6' started.
TpTrace Information: 0 : 10720, 5, 2021/11/28, 13:31:02.561, 5971964002313, datacollector.dll, DataCollectionTestCaseEventHandler : Test case completing.
TpTrace Information: 0 : 10720, 5, 2021/11/28, 13:31:02.564, 5971964032389, datacollector.dll, Blame Collector : Test Case End
TpTrace Information: 0 : 10720, 5, 2021/11/28, 13:31:02.564, 5971964037981, datacollector.dll, DataCollectionTestCaseEventHandler: Test case 'TestNegativnogPrometa - e1e62ecb-27da-a0d2-0bac-6daf339d1ad6' completed
TpTrace Information: 0 : 10720, 5, 2021/11/28, 13:31:02.568, 5971964077049, datacollector.dll, DataCollectionTestCaseEventHandler: Test case starting.
TpTrace Information: 0 : 10720, 5, 2021/11/28, 13:31:02.570, 5971964094387, datacollector.dll, Blame Collector : Test Case Start
TpTrace Information: 0 : 10720, 5, 2021/11/28, 13:31:02.570, 5971964099534, datacollector.dll, DataCollectionTestCaseEventHandler: Test case 'NemaStandova - a8c61c13-c118-f60b-ef21-581a039281e6' started.
TpTrace Information: 0 : 10720, 5, 2021/11/28, 13:31:02.585, 5971964242453, datacollector.dll, DataCollectionTestCaseEventHandler : Test case completing.
TpTrace Information: 0 : 10720, 5, 2021/11/28, 13:31:02.586, 5971964253329, datacollector.dll, Blame Collector : Test Case End
TpTrace Information: 0 : 10720, 5, 2021/11/28, 13:31:02.586, 5971964258930, datacollector.dll, DataCollectionTestCaseEventHandler: Test case 'NemaStandova - a8c61c13-c118-f60b-ef21-581a039281e6' completed
TpTrace Information: 0 : 10720, 5, 2021/11/28, 13:31:02.588, 5971964280073, datacollector.dll, DataCollectionTestCaseEventHandler: Test case starting.
TpTrace Information: 0 : 10720, 5, 2021/11/28, 13:31:02.590, 5971964291715, datacollector.dll, Blame Collector : Test Case Start
TpTrace Information: 0 : 10720, 5, 2021/11/28, 13:31:02.590, 5971964296533, datacollector.dll, DataCollectionTestCaseEventHandler: Test case 'nemaProdavaca - 9eac1e30-1799-5f19-b585-91562a28e9c7' started.
TpTrace Information: 0 : 10720, 5, 2021/11/28, 13:31:02.596, 5971964357502, datacollector.dll, DataCollectionTestCaseEventHandler : Test case completing.
TpTrace Information: 0 : 10720, 5, 2021/11/28, 13:31:02.598, 5971964373115, datacollector.dll, Blame Collector : Test Case End
TpTrace Information: 0 : 10720, 5, 2021/11/28, 13:31:02.598, 5971964377889, datacollector.dll, DataCollectionTestCaseEventHandler: Test case 'nemaProdavaca - 9eac1e30-1799-5f19-b585-91562a28e9c7' completed
TpTrace Information: 0 : 10720, 5, 2021/11/28, 13:31:02.600, 5971964394824, datacollector.dll, DataCollectionTestCaseEventHandler: Test case starting.
TpTrace Information: 0 : 10720, 5, 2021/11/28, 13:31:02.601, 5971964405255, datacollector.dll, Blame Collector : Test Case Start
TpTrace Information: 0 : 10720, 5, 2021/11/28, 13:31:02.601, 5971964409957, datacollector.dll, DataCollectionTestCaseEventHandler: Test case 'prodavacNeaktivanINemaPara - 3ea1e50e-a2bb-2f55-f6cf-8f9d6b17d3c0' started.
TpTrace Information: 0 : 10720, 5, 2021/11/28, 13:31:02.605, 5971964445365, datacollector.dll, DataCollectionTestCaseEventHandler : Test case completing.
TpTrace Information: 0 : 10720, 5, 2021/11/28, 13:31:02.606, 5971964457995, datacollector.dll, Blame Collector : Test Case End
TpTrace Information: 0 : 10720, 5, 2021/11/28, 13:31:02.607, 5971964464413, datacollector.dll, DataCollectionTestCaseEventHandler: Test case 'prodavacNeaktivanINemaPara - 3ea1e50e-a2bb-2f55-f6cf-8f9d6b17d3c0' completed
TpTrace Information: 0 : 10720, 5, 2021/11/28, 13:31:02.608, 5971964479099, datacollector.dll, DataCollectionTestCaseEventHandler: Test case starting.
TpTrace Information: 0 : 10720, 5, 2021/11/28, 13:31:02.609, 5971964490810, datacollector.dll, Blame Collector : Test Case Start
TpTrace Information: 0 : 10720, 5, 2021/11/28, 13:31:02.611, 5971964503979, datacollector.dll, DataCollectionTestCaseEventHandler: Test case 'prodavacNeaktivanAliImaPara - 6b9b088f-93b2-6e53-34ec-9d7ea7e9e9d8' started.
TpTrace Information: 0 : 10720, 5, 2021/11/28, 13:31:02.616, 5971964556359, datacollector.dll, DataCollectionTestCaseEventHandler : Test case completing.
TpTrace Information: 0 : 10720, 5, 2021/11/28, 13:31:02.617, 5971964571276, datacollector.dll, Blame Collector : Test Case End
TpTrace Information: 0 : 10720, 5, 2021/11/28, 13:31:02.618, 5971964579407, datacollector.dll, DataCollectionTestCaseEventHandler: Test case 'prodavacNeaktivanAliImaPara - 6b9b088f-93b2-6e53-34ec-9d7ea7e9e9d8' completed
TpTrace Information: 0 : 10720, 5, 2021/11/28, 13:31:02.726, 5971965655310, datacollector.dll, DataCollectionTestCaseEventHandler: Test case starting.
TpTrace Information: 0 : 10720, 5, 2021/11/28, 13:31:02.728, 5971965680025, datacollector.dll, Blame Collector : Test Case Start
TpTrace Information: 0 : 10720, 5, 2021/11/28, 13:31:02.730, 5971965697471, datacollector.dll, DataCollectionTestCaseEventHandler: Test case 'prodavacImaParaAliIstekaoZakup - 1a227832-5551-7933-99cc-71f9a09dd9a3' started.
TpTrace Information: 0 : 10720, 5, 2021/11/28, 13:31:02.735, 5971965743311, datacollector.dll, DataCollectionTestCaseEventHandler : Test case completing.
TpTrace Information: 0 : 10720, 5, 2021/11/28, 13:31:02.736, 5971965754857, datacollector.dll, Blame Collector : Test Case End
TpTrace Information: 0 : 10720, 5, 2021/11/28, 13:31:02.736, 5971965761332, datacollector.dll, DataCollectionTestCaseEventHandler: Test case 'prodavacImaParaAliIstekaoZakup - 1a227832-5551-7933-99cc-71f9a09dd9a3' completed
TpTrace Information: 0 : 10720, 5, 2021/11/28, 13:31:02.738, 5971965780254, datacollector.dll, DataCollectionTestCaseEventHandler: Test case starting.
TpTrace Information: 0 : 10720, 5, 2021/11/28, 13:31:02.739, 5971965790251, datacollector.dll, Blame Collector : Test Case Start
TpTrace Information: 0 : 10720, 5, 2021/11/28, 13:31:02.740, 5971965795306, datacollector.dll, DataCollectionTestCaseEventHandler: Test case 'test1GenerisanjaSifreDomaci - 1280f3a4-bb0f-9726-766e-96cbe60f2d62' started.
TpTrace Information: 0 : 10720, 5, 2021/11/28, 13:31:02.821, 5971966601974, datacollector.dll, DataCollectionTestCaseEventHandler : Test case completing.
TpTrace Information: 0 : 10720, 5, 2021/11/28, 13:31:02.821, 5971966610366, datacollector.dll, Blame Collector : Test Case End
TpTrace Information: 0 : 10720, 5, 2021/11/28, 13:31:02.822, 5971966615338, datacollector.dll, DataCollectionTestCaseEventHandler: Test case 'test1GenerisanjaSifreDomaci - 1280f3a4-bb0f-9726-766e-96cbe60f2d62' completed
TpTrace Information: 0 : 10720, 5, 2021/11/28, 13:31:02.824, 5971966631793, datacollector.dll, DataCollectionTestCaseEventHandler: Test case starting.
TpTrace Information: 0 : 10720, 5, 2021/11/28, 13:31:02.824, 5971966639162, datacollector.dll, Blame Collector : Test Case Start
TpTrace Information: 0 : 10720, 5, 2021/11/28, 13:31:02.825, 5971966642656, datacollector.dll, DataCollectionTestCaseEventHandler: Test case 'test2GenerisanjaSifreStrani - 0cde5448-cb6e-15bc-09e1-4093ccd399c5' started.
TpTrace Information: 0 : 10720, 5, 2021/11/28, 13:31:02.834, 5971966733248, datacollector.dll, DataCollectionTestCaseEventHandler : Test case completing.
TpTrace Information: 0 : 10720, 5, 2021/11/28, 13:31:02.835, 5971966745169, datacollector.dll, Blame Collector : Test Case End
TpTrace Information: 0 : 10720, 5, 2021/11/28, 13:31:02.836, 5971966752618, datacollector.dll, DataCollectionTestCaseEventHandler: Test case 'test2GenerisanjaSifreStrani - 0cde5448-cb6e-15bc-09e1-4093ccd399c5' completed
TpTrace Information: 0 : 10720, 5, 2021/11/28, 13:31:02.837, 5971966768889, datacollector.dll, DataCollectionTestCaseEventHandler: Test case starting.
TpTrace Information: 0 : 10720, 5, 2021/11/28, 13:31:02.838, 5971966777404, datacollector.dll, Blame Collector : Test Case Start
TpTrace Information: 0 : 10720, 5, 2021/11/28, 13:31:02.839, 5971966781638, datacollector.dll, DataCollectionTestCaseEventHandler: Test case 'test3BrojacSePovecava - 9b670348-e4fe-2a6e-9fb8-11b3b2e7e42b' started.
TpTrace Information: 0 : 10720, 5, 2021/11/28, 13:31:02.842, 5971966813580, datacollector.dll, DataCollectionTestCaseEventHandler : Test case completing.
TpTrace Information: 0 : 10720, 5, 2021/11/28, 13:31:02.843, 5971966824697, datacollector.dll, Blame Collector : Test Case End
TpTrace Information: 0 : 10720, 5, 2021/11/28, 13:31:02.845, 5971966843493, datacollector.dll, DataCollectionTestCaseEventHandler: Test case 'test3BrojacSePovecava - 9b670348-e4fe-2a6e-9fb8-11b3b2e7e42b' completed
TpTrace Information: 0 : 10720, 5, 2021/11/28, 13:31:02.850, 5971966893701, datacollector.dll, DataCollectionTestCaseEventHandler: Test case starting.
TpTrace Information: 0 : 10720, 5, 2021/11/28, 13:31:02.852, 5971966916180, datacollector.dll, Blame Collector : Test Case Start
TpTrace Information: 0 : 10720, 5, 2021/11/28, 13:31:02.852, 5971966921452, datacollector.dll, DataCollectionTestCaseEventHandler: Test case 'test4VracaSeKaoRezultatFunkcije - 63460974-5d69-b1b2-36ce-36208f766997' started.
TpTrace Information: 0 : 10720, 5, 2021/11/28, 13:31:02.855, 5971966947421, datacollector.dll, DataCollectionTestCaseEventHandler : Test case completing.
TpTrace Information: 0 : 10720, 5, 2021/11/28, 13:31:02.856, 5971966958915, datacollector.dll, Blame Collector : Test Case End
TpTrace Information: 0 : 10720, 5, 2021/11/28, 13:31:02.857, 5971966965211, datacollector.dll, DataCollectionTestCaseEventHandler: Test case 'test4VracaSeKaoRezultatFunkcije - 63460974-5d69-b1b2-36ce-36208f766997' completed
TpTrace Information: 0 : 10720, 5, 2021/11/28, 13:31:02.872, 5971967111699, datacollector.dll, DataCollectionTestCaseEventHandler: Test session ended
TpTrace Information: 0 : 10720, 1, 2021/11/28, 13:31:03.057, 5971968964018, datacollector.dll, DataCollectionRequestHandler.ProcessRequests : Datacollector received message: (DataCollection.AfterTestRunEnd) -> false
TpTrace Information: 0 : 10720, 1, 2021/11/28, 13:31:03.058, 5971968978632, datacollector.dll, Blame Collector : Session End
TpTrace Information: 0 : 10720, 1, 2021/11/28, 13:31:03.058, 5971968980729, datacollector.dll, BlameCollector.CollectDumpAndAbortTesthost: Custom path to dump directory was provided via VSTEST_DUMP_PATH. Skipping attachment upload, the caller is responsible for collecting and uploading the dumps themselves.
TpTrace Information: 0 : 10720, 1, 2021/11/28, 13:31:03.059, 5971968983325, datacollector.dll, DataCollectionManager.CleanupPlugins: CleanupPlugins called
TpTrace Verbose: 0 : 10720, 1, 2021/11/28, 13:31:03.059, 5971968984626, datacollector.dll, DataCollectionManager.CleanupPlugins: Cleaning up 1 plugins
TpTrace Verbose: 0 : 10720, 1, 2021/11/28, 13:31:03.059, 5971968987130, datacollector.dll, dataCollectorInfo.DisposeDataCollector: calling Dispose() on Microsoft.TestPlatform.Extensions.BlameDataCollector.BlameCollector
TpTrace Information: 0 : 10720, 1, 2021/11/28, 13:31:03.059, 5971968989146, datacollector.dll, DataCollectionManager.CleanupPlugins: CleanupPlugins finished
TpTrace Information: 0 : 10720, 1, 2021/11/28, 13:31:03.070, 5971969099027, datacollector.dll, DataCollectionRequestHandler.ProcessRequests : Session End message received from server. Closing the connection.
TpTrace Information: 0 : 10720, 1, 2021/11/28, 13:31:03.071, 5971969104916, datacollector.dll, Closing the connection !
TpTrace Information: 0 : 10720, 1, 2021/11/28, 13:31:03.071, 5971969106559, datacollector.dll, DataCollectionRequestHandler.ProcessRequests : DataCollection completed
TpTrace Information: 0 : 10720, 1, 2021/11/28, 13:31:03.071, 5971969107458, datacollector.dll, Program.Main: exiting datacollector process.
