TpTrace Verbose: 0 : 18860, 1, 2021/11/28, 20:50:33.956, 6235678141708, datacollector.dll, Version: 16.11.0
TpTrace Information: 0 : 18860, 1, 2021/11/28, 20:50:33.961, 6235678170846, datacollector.dll, DataCollectorMain.Run: Starting data collector run with args: --port,63458,--parentprocessid,2008,--diag,C:\Users\Armin\Documents\GitHub\Grupa-3-Verifikovani-i-Validirani-Softverasi\Pijaca\Zadatak1\bin\Debug\net5.0\fine-code-coverage\coverage-tool-output\diagnostics.datacollector.21-11-28_20-50-33_84327_4.log,--tracelevel,4
TpTrace Information: 0 : 18860, 1, 2021/11/28, 20:50:33.961, 6235678173984, datacollector.dll, DataCollector: Monitoring parent process with id: '2008'
TpTrace Information: 0 : 18860, 1, 2021/11/28, 20:50:33.970, 6235678258917, datacollector.dll, Trying to connect to server on socket : 127.0.0.1:63458 
TpTrace Verbose: 0 : 18860, 1, 2021/11/28, 20:50:33.995, 6235678506936, datacollector.dll, SocketCommunicationManager : SetupClientAsync : Attempting to connect to the server.
TpTrace Information: 0 : 18860, 7, 2021/11/28, 20:50:34.003, 6235678587419, datacollector.dll, Connected to the server successfully 
TpTrace Information: 0 : 18860, 7, 2021/11/28, 20:50:34.003, 6235678588221, datacollector.dll, Using the buffer size of 16384 bytes
TpTrace Information: 0 : 18860, 1, 2021/11/28, 20:50:34.070, 6235679264202, datacollector.dll, DataCollector: Start Request Processing.
TpTrace Information: 0 : 18860, 1, 2021/11/28, 20:50:34.074, 6235679301132, datacollector.dll, DataCollectionRequestHandler.ProcessRequests : Datacollector received message: (DataCollection.BeforeTestRunStart) -> {
  "SettingsXml": "<RunSettings><RunConfiguration><ResultsDirectory>C:\\Users\\Armin\\Documents\\GitHub\\Grupa-3-Verifikovani-i-Validirani-Softverasi\\Pijaca\\Zadatak1\\bin\\Debug\\net5.0\\fine-code-coverage\\coverage-tool-output</ResultsDirectory><TargetPlatform>X64</TargetPlatform><TargetFrameworkVersion>.NETCoreApp,Version=v5.0</TargetFrameworkVersion><DesignMode>False</DesignMode><CollectSourceInformation>False</CollectSourceInformation><TestAdaptersPaths>C:\\Program Files\\dotnet\\sdk\\5.0.402\\Extensions</TestAdaptersPaths></RunConfiguration><LoggerRunSettings><Loggers><Logger friendlyName=\"blame\" enabled=\"True\" /><Logger friendlyName=\"Console\" uri=\"logger://microsoft/TestPlatform/ConsoleLogger/v1\" assemblyQualifiedName=\"Microsoft.VisualStudio.TestPlatform.CommandLine.Internal.ConsoleLogger, vstest.console, Version=15.0.0.0, Culture=neutral, PublicKeyToken=b03f5f7f11d50a3a\" codeBase=\"C:\\Program Files\\dotnet\\sdk\\5.0.402\\vstest.console.dll\" enabled=\"True\" /></Loggers></LoggerRunSettings><DataCollectionRunSettings><DataCollectors><DataCollector friendlyName=\"blame\" enabled=\"True\"><Configuration><ResultsDirectory>C:\\Users\\Armin\\Documents\\GitHub\\Grupa-3-Verifikovani-i-Validirani-Softverasi\\Pijaca\\Zadatak1\\bin\\Debug\\net5.0\\fine-code-coverage\\coverage-tool-output</ResultsDirectory></Configuration></DataCollector></DataCollectors></DataCollectionRunSettings></RunSettings>",
  "Sources": [
    "C:\\Users\\Armin\\Documents\\GitHub\\Grupa-3-Verifikovani-i-Validirani-Softverasi\\Pijaca\\Zadatak1\\bin\\Debug\\net5.0\\fine-code-coverage\\build-output\\Zadatak1.dll"
  ],
  "IsTelemetryOptedIn": false
}
TpTrace Verbose: 0 : 18860, 1, 2021/11/28, 20:50:34.108, 6235679642387, datacollector.dll, TestPluginCache: Update extensions started. Skip filter = False
TpTrace Verbose: 0 : 18860, 1, 2021/11/28, 20:50:34.109, 6235679651157, datacollector.dll, TestPluginCache: Using directories for assembly resolution 'C:\Program Files\dotnet\sdk\5.0.402\Extensions'.
TpTrace Verbose: 0 : 18860, 1, 2021/11/28, 20:50:34.109, 6235679652124, datacollector.dll, TestPluginCache: Updated the available extensions to 'C:\Program Files\dotnet\sdk\5.0.402\Extensions\Microsoft.TestPlatform.Extensions.BlameDataCollector.dll,C:\Program Files\dotnet\sdk\5.0.402\Extensions\Microsoft.TestPlatform.Extensions.EventLogCollector.dll'.
TpTrace Verbose: 0 : 18860, 1, 2021/11/28, 20:50:34.115, 6235679711828, datacollector.dll, TestPluginCache.DiscoverTestExtensions: finding test extensions in assemblies ends with: Collector.dll TPluginInfo: Microsoft.VisualStudio.TestPlatform.Common.DataCollector.DataCollectorConfig TExtension: Microsoft.VisualStudio.TestPlatform.ObjectModel.DataCollection.DataCollector
TpTrace Verbose: 0 : 18860, 1, 2021/11/28, 20:50:34.115, 6235679714379, datacollector.dll, TestPluginCache.GetExtensionPaths: Filtered extension paths: C:\Program Files\dotnet\sdk\5.0.402\Extensions\Microsoft.TestPlatform.Extensions.BlameDataCollector.dll
C:\Program Files\dotnet\sdk\5.0.402\Extensions\Microsoft.TestPlatform.Extensions.EventLogCollector.dll
TpTrace Verbose: 0 : 18860, 1, 2021/11/28, 20:50:34.116, 6235679714932, datacollector.dll, TestPluginCache.GetExtensionPaths: Added default extension paths: 
TpTrace Verbose: 0 : 18860, 1, 2021/11/28, 20:50:34.116, 6235679715219, datacollector.dll, TestPluginCache.GetExtensionPaths: Added unfilterableExtensionPaths: 
TpTrace Information: 0 : 18860, 1, 2021/11/28, 20:50:34.116, 6235679720115, datacollector.dll, AssemblyResolver.ctor: Creating AssemblyResolver with searchDirectories C:\Program Files\dotnet\sdk\5.0.402\Extensions,C:\Program Files\dotnet\sdk\5.0.402
TpTrace Verbose: 0 : 18860, 1, 2021/11/28, 20:50:34.117, 6235679732690, datacollector.dll, TestPluginCache.DiscoverTestExtensions: Discovering the extensions using extension path.
TpTrace Verbose: 0 : 18860, 1, 2021/11/28, 20:50:34.117, 6235679734673, datacollector.dll, TestPluginCache.GetExtensionPaths: Filtered extension paths: C:\Program Files\dotnet\sdk\5.0.402\Extensions\Microsoft.TestPlatform.Extensions.BlameDataCollector.dll
C:\Program Files\dotnet\sdk\5.0.402\Extensions\Microsoft.TestPlatform.Extensions.EventLogCollector.dll
TpTrace Verbose: 0 : 18860, 1, 2021/11/28, 20:50:34.118, 6235679735135, datacollector.dll, TestPluginCache.GetExtensionPaths: Added default extension paths: 
TpTrace Verbose: 0 : 18860, 1, 2021/11/28, 20:50:34.118, 6235679735406, datacollector.dll, TestPluginCache.GetExtensionPaths: Added unfilterableExtensionPaths: 
TpTrace Verbose: 0 : 18860, 1, 2021/11/28, 20:50:34.118, 6235679735871, datacollector.dll, TestPluginCache.DiscoverTestExtensions: Discovering the extensions using allExtensionPaths: C:\Program Files\dotnet\sdk\5.0.402\Extensions\Microsoft.TestPlatform.Extensions.BlameDataCollector.dll
C:\Program Files\dotnet\sdk\5.0.402\Extensions\Microsoft.TestPlatform.Extensions.EventLogCollector.dll
TpTrace Information: 0 : 18860, 1, 2021/11/28, 20:50:34.118, 6235679736835, datacollector.dll, AssemblyResolver.AddSearchDirectories: Adding more searchDirectories C:\Program Files\dotnet\sdk\5.0.402\Extensions,C:\Program Files\dotnet\sdk\5.0.402
TpTrace Information: 0 : 18860, 1, 2021/11/28, 20:50:34.118, 6235679737453, datacollector.dll, AssemblyResolver.AddSearchDirectories: Adding more searchDirectories C:\Program Files\dotnet\sdk\5.0.402\Extensions,C:\Program Files\dotnet\sdk\5.0.402
TpTrace Information: 0 : 18860, 1, 2021/11/28, 20:50:34.118, 6235679741091, datacollector.dll, AssemblyResolver.OnResolve: Microsoft.TestPlatform.Extensions.BlameDataCollector: Resolving assembly.
TpTrace Information: 0 : 18860, 1, 2021/11/28, 20:50:34.118, 6235679741810, datacollector.dll, AssemblyResolver.OnResolve: Microsoft.TestPlatform.Extensions.BlameDataCollector: Searching in: 'C:\Program Files\dotnet\sdk\5.0.402\Extensions'.
TpTrace Information: 0 : 18860, 1, 2021/11/28, 20:50:34.119, 6235679745578, datacollector.dll, AssemblyResolver.OnResolve: Microsoft.TestPlatform.Extensions.BlameDataCollector: Loading assembly 'C:\Program Files\dotnet\sdk\5.0.402\Extensions\Microsoft.TestPlatform.Extensions.BlameDataCollector.dll'.
TpTrace Information: 0 : 18860, 1, 2021/11/28, 20:50:34.119, 6235679749940, datacollector.dll, AssemblyResolver.OnResolve: Resolved assembly: Microsoft.TestPlatform.Extensions.BlameDataCollector, from path: C:\Program Files\dotnet\sdk\5.0.402\Extensions\Microsoft.TestPlatform.Extensions.BlameDataCollector.dll
TpTrace Error: 0 : 18860, 1, 2021/11/28, 20:50:34.120, 6235679758757, datacollector.dll, The type "Microsoft.TestPlatform.Extensions.BlameDataCollector.BlameCollector" defined in "Microsoft.TestPlatform.Extensions.BlameDataCollector.dll" does not have ExtensionUri attribute.
TpTrace Information: 0 : 18860, 1, 2021/11/28, 20:50:34.121, 6235679772744, datacollector.dll, AssemblyResolver.OnResolve: Microsoft.TestPlatform.Extensions.EventLogCollector: Resolving assembly.
TpTrace Information: 0 : 18860, 1, 2021/11/28, 20:50:34.121, 6235679773895, datacollector.dll, AssemblyResolver.OnResolve: Microsoft.TestPlatform.Extensions.EventLogCollector: Searching in: 'C:\Program Files\dotnet\sdk\5.0.402\Extensions'.
TpTrace Information: 0 : 18860, 1, 2021/11/28, 20:50:34.122, 6235679777133, datacollector.dll, AssemblyResolver.OnResolve: Microsoft.TestPlatform.Extensions.EventLogCollector: Loading assembly 'C:\Program Files\dotnet\sdk\5.0.402\Extensions\Microsoft.TestPlatform.Extensions.EventLogCollector.dll'.
TpTrace Information: 0 : 18860, 1, 2021/11/28, 20:50:34.122, 6235679783203, datacollector.dll, AssemblyResolver.OnResolve: Resolved assembly: Microsoft.TestPlatform.Extensions.EventLogCollector, from path: C:\Program Files\dotnet\sdk\5.0.402\Extensions\Microsoft.TestPlatform.Extensions.EventLogCollector.dll
TpTrace Error: 0 : 18860, 1, 2021/11/28, 20:50:34.124, 6235679796503, datacollector.dll, The type "Microsoft.TestPlatform.Extensions.EventLogCollector.EventLogDataCollector" defined in "Microsoft.TestPlatform.Extensions.EventLogCollector.dll" does not have ExtensionUri attribute.
TpTrace Verbose: 0 : 18860, 1, 2021/11/28, 20:50:34.124, 6235679799904, datacollector.dll, TestPluginCache: Discovered the extensions using extension path 'C:\Program Files\dotnet\sdk\5.0.402\Extensions\Microsoft.TestPlatform.Extensions.BlameDataCollector.dll,C:\Program Files\dotnet\sdk\5.0.402\Extensions\Microsoft.TestPlatform.Extensions.EventLogCollector.dll'.
TpTrace Verbose: 0 : 18860, 1, 2021/11/28, 20:50:34.124, 6235679800468, datacollector.dll, TestPluginCache: Discoverers are ''.
TpTrace Verbose: 0 : 18860, 1, 2021/11/28, 20:50:34.124, 6235679800758, datacollector.dll, TestPluginCache: Executors are ''.
TpTrace Verbose: 0 : 18860, 1, 2021/11/28, 20:50:34.124, 6235679801020, datacollector.dll, TestPluginCache: Executors2 are ''.
TpTrace Verbose: 0 : 18860, 1, 2021/11/28, 20:50:34.124, 6235679801261, datacollector.dll, TestPluginCache: Setting providers are ''.
TpTrace Verbose: 0 : 18860, 1, 2021/11/28, 20:50:34.124, 6235679801512, datacollector.dll, TestPluginCache: Loggers are ''.
TpTrace Information: 0 : 18860, 1, 2021/11/28, 20:50:34.125, 6235679812178, datacollector.dll, TestPluginManager.CreateTestExtension: Attempting to load test extension: Microsoft.TestPlatform.Extensions.BlameDataCollector.BlameCollector
TpTrace Error: 0 : 18860, 1, 2021/11/28, 20:50:34.126, 6235679816661, datacollector.dll, The type "Microsoft.TestPlatform.Extensions.BlameDataCollector.BlameCollector" defined in "Microsoft.TestPlatform.Extensions.BlameDataCollector.dll" does not have ExtensionUri attribute.
TpTrace Information: 0 : 18860, 1, 2021/11/28, 20:50:34.130, 6235679864180, datacollector.dll, Listening on Endpoint : 127.0.0.1:63460
TpTrace Information: 0 : 18860, 1, 2021/11/28, 20:50:34.137, 6235679928481, datacollector.dll, DataCollectionRequestHandler.ProcessRequests : DataCollection started.
TpTrace Information: 0 : 18860, 1, 2021/11/28, 20:50:34.156, 6235680116150, datacollector.dll, DataCollectionRequestHandler.ProcessRequests : Datacollector received message: (DataCollection.TestHostLaunched) -> {
  "ProcessId": 20604
}
TpTrace Information: 0 : 18860, 5, 2021/11/28, 20:50:34.343, 6235681990479, datacollector.dll, Using the buffer size of 16384 bytes
TpTrace Information: 0 : 18860, 5, 2021/11/28, 20:50:34.343, 6235681991888, datacollector.dll, Accepted Client request and set the flag
TpTrace Information: 0 : 18860, 7, 2021/11/28, 20:50:34.743, 6235685992574, datacollector.dll, DataCollectionTestCaseEventHandler: Test case starting.
TpTrace Information: 0 : 18860, 7, 2021/11/28, 20:50:34.794, 6235686500585, datacollector.dll, Blame Collector : Test Case Start
TpTrace Information: 0 : 18860, 7, 2021/11/28, 20:50:34.799, 6235686546448, datacollector.dll, DataCollectionTestCaseEventHandler: Test case 'TestPogresnaSifra - 6b10294d-693c-8bde-94d8-97ba1474c65a' started.
TpTrace Information: 0 : 18860, 7, 2021/11/28, 20:50:34.875, 6235687314643, datacollector.dll, DataCollectionTestCaseEventHandler : Test case completing.
TpTrace Information: 0 : 18860, 7, 2021/11/28, 20:50:34.879, 6235687346872, datacollector.dll, Blame Collector : Test Case End
TpTrace Information: 0 : 18860, 7, 2021/11/28, 20:50:34.886, 6235687417121, datacollector.dll, DataCollectionTestCaseEventHandler: Test case 'TestPogresnaSifra - 6b10294d-693c-8bde-94d8-97ba1474c65a' completed
TpTrace Information: 0 : 18860, 7, 2021/11/28, 20:50:34.897, 6235687526958, datacollector.dll, DataCollectionTestCaseEventHandler: Test case starting.
TpTrace Information: 0 : 18860, 7, 2021/11/28, 20:50:34.898, 6235687543326, datacollector.dll, Blame Collector : Test Case Start
TpTrace Information: 0 : 18860, 7, 2021/11/28, 20:50:34.899, 6235687547713, datacollector.dll, DataCollectionTestCaseEventHandler: Test case 'TestAktivnosti - 03d44b12-18f4-0cbe-1c33-4094b2186c06' started.
TpTrace Information: 0 : 18860, 7, 2021/11/28, 20:50:34.900, 6235687562374, datacollector.dll, DataCollectionTestCaseEventHandler : Test case completing.
TpTrace Information: 0 : 18860, 7, 2021/11/28, 20:50:34.901, 6235687570634, datacollector.dll, Blame Collector : Test Case End
TpTrace Information: 0 : 18860, 7, 2021/11/28, 20:50:34.901, 6235687574474, datacollector.dll, DataCollectionTestCaseEventHandler: Test case 'TestAktivnosti - 03d44b12-18f4-0cbe-1c33-4094b2186c06' completed
TpTrace Information: 0 : 18860, 7, 2021/11/28, 20:50:34.902, 6235687583147, datacollector.dll, DataCollectionTestCaseEventHandler: Test case starting.
TpTrace Information: 0 : 18860, 7, 2021/11/28, 20:50:34.903, 6235687587488, datacollector.dll, Blame Collector : Test Case Start
TpTrace Information: 0 : 18860, 7, 2021/11/28, 20:50:34.903, 6235687589193, datacollector.dll, DataCollectionTestCaseEventHandler: Test case 'TestPogresnihPodataka - c0b925a7-8cbd-7c38-aa41-59795ea98c0e' started.
TpTrace Information: 0 : 18860, 7, 2021/11/28, 20:50:34.904, 6235687602774, datacollector.dll, DataCollectionTestCaseEventHandler : Test case completing.
TpTrace Information: 0 : 18860, 7, 2021/11/28, 20:50:34.907, 6235687628378, datacollector.dll, Blame Collector : Test Case End
TpTrace Information: 0 : 18860, 7, 2021/11/28, 20:50:34.907, 6235687631231, datacollector.dll, DataCollectionTestCaseEventHandler: Test case 'TestPogresnihPodataka - c0b925a7-8cbd-7c38-aa41-59795ea98c0e' completed
TpTrace Information: 0 : 18860, 7, 2021/11/28, 20:50:34.908, 6235687638124, datacollector.dll, DataCollectionTestCaseEventHandler: Test case starting.
TpTrace Information: 0 : 18860, 7, 2021/11/28, 20:50:34.908, 6235687641770, datacollector.dll, Blame Collector : Test Case Start
TpTrace Information: 0 : 18860, 7, 2021/11/28, 20:50:34.909, 6235687648887, datacollector.dll, DataCollectionTestCaseEventHandler: Test case 'TestPovecanjaPrometa - e24cc8fb-745b-e81c-73f9-2fc994551ca5' started.
TpTrace Information: 0 : 18860, 7, 2021/11/28, 20:50:34.910, 6235687663480, datacollector.dll, DataCollectionTestCaseEventHandler : Test case completing.
TpTrace Information: 0 : 18860, 7, 2021/11/28, 20:50:34.911, 6235687667225, datacollector.dll, Blame Collector : Test Case End
TpTrace Information: 0 : 18860, 7, 2021/11/28, 20:50:34.911, 6235687669015, datacollector.dll, DataCollectionTestCaseEventHandler: Test case 'TestPovecanjaPrometa - e24cc8fb-745b-e81c-73f9-2fc994551ca5' completed
TpTrace Information: 0 : 18860, 7, 2021/11/28, 20:50:34.912, 6235687676272, datacollector.dll, DataCollectionTestCaseEventHandler: Test case starting.
TpTrace Information: 0 : 18860, 7, 2021/11/28, 20:50:34.912, 6235687680002, datacollector.dll, Blame Collector : Test Case Start
TpTrace Information: 0 : 18860, 7, 2021/11/28, 20:50:34.912, 6235687681548, datacollector.dll, DataCollectionTestCaseEventHandler: Test case 'TestNegativnogPrometa - e1e62ecb-27da-a0d2-0bac-6daf339d1ad6' started.
TpTrace Information: 0 : 18860, 7, 2021/11/28, 20:50:34.913, 6235687690310, datacollector.dll, DataCollectionTestCaseEventHandler : Test case completing.
TpTrace Information: 0 : 18860, 7, 2021/11/28, 20:50:34.914, 6235687696711, datacollector.dll, Blame Collector : Test Case End
TpTrace Information: 0 : 18860, 7, 2021/11/28, 20:50:34.914, 6235687699693, datacollector.dll, DataCollectionTestCaseEventHandler: Test case 'TestNegativnogPrometa - e1e62ecb-27da-a0d2-0bac-6daf339d1ad6' completed
TpTrace Information: 0 : 18860, 7, 2021/11/28, 20:50:34.915, 6235687707532, datacollector.dll, DataCollectionTestCaseEventHandler: Test case starting.
TpTrace Information: 0 : 18860, 7, 2021/11/28, 20:50:34.915, 6235687711881, datacollector.dll, Blame Collector : Test Case Start
TpTrace Information: 0 : 18860, 7, 2021/11/28, 20:50:34.915, 6235687713318, datacollector.dll, DataCollectionTestCaseEventHandler: Test case 'NemaStandova - a8c61c13-c118-f60b-ef21-581a039281e6' started.
TpTrace Information: 0 : 18860, 7, 2021/11/28, 20:50:34.919, 6235687746688, datacollector.dll, DataCollectionTestCaseEventHandler : Test case completing.
TpTrace Information: 0 : 18860, 7, 2021/11/28, 20:50:34.919, 6235687751128, datacollector.dll, Blame Collector : Test Case End
TpTrace Information: 0 : 18860, 7, 2021/11/28, 20:50:34.919, 6235687753385, datacollector.dll, DataCollectionTestCaseEventHandler: Test case 'NemaStandova - a8c61c13-c118-f60b-ef21-581a039281e6' completed
TpTrace Information: 0 : 18860, 7, 2021/11/28, 20:50:34.920, 6235687763550, datacollector.dll, DataCollectionTestCaseEventHandler: Test case starting.
TpTrace Information: 0 : 18860, 7, 2021/11/28, 20:50:34.921, 6235687767965, datacollector.dll, Blame Collector : Test Case Start
TpTrace Information: 0 : 18860, 7, 2021/11/28, 20:50:34.921, 6235687770183, datacollector.dll, DataCollectionTestCaseEventHandler: Test case 'nemaProdavaca - 9eac1e30-1799-5f19-b585-91562a28e9c7' started.
TpTrace Information: 0 : 18860, 7, 2021/11/28, 20:50:34.924, 6235687796744, datacollector.dll, DataCollectionTestCaseEventHandler : Test case completing.
TpTrace Information: 0 : 18860, 7, 2021/11/28, 20:50:34.924, 6235687801318, datacollector.dll, Blame Collector : Test Case End
TpTrace Information: 0 : 18860, 7, 2021/11/28, 20:50:34.924, 6235687804071, datacollector.dll, DataCollectionTestCaseEventHandler: Test case 'nemaProdavaca - 9eac1e30-1799-5f19-b585-91562a28e9c7' completed
TpTrace Information: 0 : 18860, 7, 2021/11/28, 20:50:34.925, 6235687811871, datacollector.dll, DataCollectionTestCaseEventHandler: Test case starting.
TpTrace Information: 0 : 18860, 7, 2021/11/28, 20:50:34.926, 6235687816026, datacollector.dll, Blame Collector : Test Case Start
TpTrace Information: 0 : 18860, 7, 2021/11/28, 20:50:34.926, 6235687817757, datacollector.dll, DataCollectionTestCaseEventHandler: Test case 'prodavacNeaktivanINemaPara - 3ea1e50e-a2bb-2f55-f6cf-8f9d6b17d3c0' started.
TpTrace Information: 0 : 18860, 7, 2021/11/28, 20:50:34.927, 6235687831051, datacollector.dll, DataCollectionTestCaseEventHandler : Test case completing.
TpTrace Information: 0 : 18860, 7, 2021/11/28, 20:50:34.927, 6235687834655, datacollector.dll, Blame Collector : Test Case End
TpTrace Information: 0 : 18860, 7, 2021/11/28, 20:50:34.928, 6235687836157, datacollector.dll, DataCollectionTestCaseEventHandler: Test case 'prodavacNeaktivanINemaPara - 3ea1e50e-a2bb-2f55-f6cf-8f9d6b17d3c0' completed
TpTrace Information: 0 : 18860, 7, 2021/11/28, 20:50:34.928, 6235687842110, datacollector.dll, DataCollectionTestCaseEventHandler: Test case starting.
TpTrace Information: 0 : 18860, 7, 2021/11/28, 20:50:34.929, 6235687845315, datacollector.dll, Blame Collector : Test Case Start
TpTrace Information: 0 : 18860, 7, 2021/11/28, 20:50:34.929, 6235687846688, datacollector.dll, DataCollectionTestCaseEventHandler: Test case 'prodavacNeaktivanAliImaPara - 6b9b088f-93b2-6e53-34ec-9d7ea7e9e9d8' started.
TpTrace Information: 0 : 18860, 7, 2021/11/28, 20:50:34.930, 6235687855979, datacollector.dll, DataCollectionTestCaseEventHandler : Test case completing.
TpTrace Information: 0 : 18860, 7, 2021/11/28, 20:50:34.930, 6235687861258, datacollector.dll, Blame Collector : Test Case End
TpTrace Information: 0 : 18860, 7, 2021/11/28, 20:50:34.931, 6235687865432, datacollector.dll, DataCollectionTestCaseEventHandler: Test case 'prodavacNeaktivanAliImaPara - 6b9b088f-93b2-6e53-34ec-9d7ea7e9e9d8' completed
TpTrace Information: 0 : 18860, 7, 2021/11/28, 20:50:34.958, 6235688138686, datacollector.dll, DataCollectionTestCaseEventHandler: Test case starting.
TpTrace Information: 0 : 18860, 7, 2021/11/28, 20:50:34.958, 6235688142780, datacollector.dll, Blame Collector : Test Case Start
TpTrace Information: 0 : 18860, 7, 2021/11/28, 20:50:34.958, 6235688144523, datacollector.dll, DataCollectionTestCaseEventHandler: Test case 'prodavacImaParaAliIstekaoZakup - 1a227832-5551-7933-99cc-71f9a09dd9a3' started.
TpTrace Information: 0 : 18860, 7, 2021/11/28, 20:50:34.960, 6235688155888, datacollector.dll, DataCollectionTestCaseEventHandler : Test case completing.
TpTrace Information: 0 : 18860, 7, 2021/11/28, 20:50:34.960, 6235688159606, datacollector.dll, Blame Collector : Test Case End
TpTrace Information: 0 : 18860, 7, 2021/11/28, 20:50:34.960, 6235688161296, datacollector.dll, DataCollectionTestCaseEventHandler: Test case 'prodavacImaParaAliIstekaoZakup - 1a227832-5551-7933-99cc-71f9a09dd9a3' completed
TpTrace Information: 0 : 18860, 7, 2021/11/28, 20:50:34.961, 6235688167519, datacollector.dll, DataCollectionTestCaseEventHandler: Test case starting.
TpTrace Information: 0 : 18860, 7, 2021/11/28, 20:50:34.961, 6235688170861, datacollector.dll, Blame Collector : Test Case Start
TpTrace Information: 0 : 18860, 7, 2021/11/28, 20:50:34.961, 6235688172156, datacollector.dll, DataCollectionTestCaseEventHandler: Test case 'test1GenerisanjaSifreDomaci - 1280f3a4-bb0f-9726-766e-96cbe60f2d62' started.
TpTrace Information: 0 : 18860, 7, 2021/11/28, 20:50:34.988, 6235688444403, datacollector.dll, DataCollectionTestCaseEventHandler : Test case completing.
TpTrace Information: 0 : 18860, 7, 2021/11/28, 20:50:34.989, 6235688448546, datacollector.dll, Blame Collector : Test Case End
TpTrace Information: 0 : 18860, 7, 2021/11/28, 20:50:34.989, 6235688450238, datacollector.dll, DataCollectionTestCaseEventHandler: Test case 'test1GenerisanjaSifreDomaci - 1280f3a4-bb0f-9726-766e-96cbe60f2d62' completed
TpTrace Information: 0 : 18860, 7, 2021/11/28, 20:50:34.990, 6235688460856, datacollector.dll, DataCollectionTestCaseEventHandler: Test case starting.
TpTrace Information: 0 : 18860, 7, 2021/11/28, 20:50:34.990, 6235688464422, datacollector.dll, Blame Collector : Test Case Start
TpTrace Information: 0 : 18860, 7, 2021/11/28, 20:50:34.991, 6235688465729, datacollector.dll, DataCollectionTestCaseEventHandler: Test case 'test2GenerisanjaSifreStrani - 0cde5448-cb6e-15bc-09e1-4093ccd399c5' started.
TpTrace Information: 0 : 18860, 7, 2021/11/28, 20:50:34.992, 6235688482755, datacollector.dll, DataCollectionTestCaseEventHandler : Test case completing.
TpTrace Information: 0 : 18860, 7, 2021/11/28, 20:50:34.993, 6235688486589, datacollector.dll, Blame Collector : Test Case End
TpTrace Information: 0 : 18860, 7, 2021/11/28, 20:50:34.993, 6235688488105, datacollector.dll, DataCollectionTestCaseEventHandler: Test case 'test2GenerisanjaSifreStrani - 0cde5448-cb6e-15bc-09e1-4093ccd399c5' completed
TpTrace Information: 0 : 18860, 7, 2021/11/28, 20:50:34.994, 6235688496176, datacollector.dll, DataCollectionTestCaseEventHandler: Test case starting.
TpTrace Information: 0 : 18860, 7, 2021/11/28, 20:50:34.994, 6235688500246, datacollector.dll, Blame Collector : Test Case Start
TpTrace Information: 0 : 18860, 7, 2021/11/28, 20:50:34.994, 6235688501725, datacollector.dll, DataCollectionTestCaseEventHandler: Test case 'test3BrojacSePovecava - 9b670348-e4fe-2a6e-9fb8-11b3b2e7e42b' started.
TpTrace Information: 0 : 18860, 7, 2021/11/28, 20:50:34.996, 6235688514954, datacollector.dll, DataCollectionTestCaseEventHandler : Test case completing.
TpTrace Information: 0 : 18860, 7, 2021/11/28, 20:50:34.996, 6235688521622, datacollector.dll, Blame Collector : Test Case End
TpTrace Information: 0 : 18860, 7, 2021/11/28, 20:50:34.997, 6235688525471, datacollector.dll, DataCollectionTestCaseEventHandler: Test case 'test3BrojacSePovecava - 9b670348-e4fe-2a6e-9fb8-11b3b2e7e42b' completed
TpTrace Information: 0 : 18860, 7, 2021/11/28, 20:50:34.998, 6235688535342, datacollector.dll, DataCollectionTestCaseEventHandler: Test case starting.
TpTrace Information: 0 : 18860, 7, 2021/11/28, 20:50:34.998, 6235688539824, datacollector.dll, Blame Collector : Test Case Start
TpTrace Information: 0 : 18860, 7, 2021/11/28, 20:50:34.998, 6235688541654, datacollector.dll, DataCollectionTestCaseEventHandler: Test case 'test4VracaSeKaoRezultatFunkcije - 63460974-5d69-b1b2-36ce-36208f766997' started.
TpTrace Information: 0 : 18860, 7, 2021/11/28, 20:50:34.999, 6235688552941, datacollector.dll, DataCollectionTestCaseEventHandler : Test case completing.
TpTrace Information: 0 : 18860, 7, 2021/11/28, 20:50:35.000, 6235688556693, datacollector.dll, Blame Collector : Test Case End
TpTrace Information: 0 : 18860, 7, 2021/11/28, 20:50:35.000, 6235688558192, datacollector.dll, DataCollectionTestCaseEventHandler: Test case 'test4VracaSeKaoRezultatFunkcije - 63460974-5d69-b1b2-36ce-36208f766997' completed
TpTrace Information: 0 : 18860, 7, 2021/11/28, 20:50:35.001, 6235688566114, datacollector.dll, DataCollectionTestCaseEventHandler: Test case starting.
TpTrace Information: 0 : 18860, 7, 2021/11/28, 20:50:35.001, 6235688570176, datacollector.dll, Blame Collector : Test Case Start
TpTrace Information: 0 : 18860, 7, 2021/11/28, 20:50:35.001, 6235688571917, datacollector.dll, DataCollectionTestCaseEventHandler: Test case 'test5SvegaPomalo - bcbb4829-e07c-1fef-1f19-120a3cf80376' started.
TpTrace Information: 0 : 18860, 7, 2021/11/28, 20:50:35.003, 6235688592545, datacollector.dll, DataCollectionTestCaseEventHandler : Test case completing.
TpTrace Information: 0 : 18860, 7, 2021/11/28, 20:50:35.004, 6235688596926, datacollector.dll, Blame Collector : Test Case End
TpTrace Information: 0 : 18860, 7, 2021/11/28, 20:50:35.004, 6235688599248, datacollector.dll, DataCollectionTestCaseEventHandler: Test case 'test5SvegaPomalo - bcbb4829-e07c-1fef-1f19-120a3cf80376' completed
TpTrace Information: 0 : 18860, 7, 2021/11/28, 20:50:35.007, 6235688634379, datacollector.dll, DataCollectionTestCaseEventHandler: Test session ended
TpTrace Information: 0 : 18860, 1, 2021/11/28, 20:50:35.058, 6235689144212, datacollector.dll, DataCollectionRequestHandler.ProcessRequests : Datacollector received message: (DataCollection.AfterTestRunEnd) -> false
TpTrace Information: 0 : 18860, 1, 2021/11/28, 20:50:35.059, 6235689151874, datacollector.dll, Blame Collector : Session End
TpTrace Information: 0 : 18860, 1, 2021/11/28, 20:50:35.059, 6235689152915, datacollector.dll, BlameCollector.CollectDumpAndAbortTesthost: Custom path to dump directory was provided via VSTEST_DUMP_PATH. Skipping attachment upload, the caller is responsible for collecting and uploading the dumps themselves.
TpTrace Information: 0 : 18860, 1, 2021/11/28, 20:50:35.059, 6235689154230, datacollector.dll, DataCollectionManager.CleanupPlugins: CleanupPlugins called
TpTrace Verbose: 0 : 18860, 1, 2021/11/28, 20:50:35.059, 6235689154821, datacollector.dll, DataCollectionManager.CleanupPlugins: Cleaning up 1 plugins
TpTrace Verbose: 0 : 18860, 1, 2021/11/28, 20:50:35.060, 6235689156009, datacollector.dll, dataCollectorInfo.DisposeDataCollector: calling Dispose() on Microsoft.TestPlatform.Extensions.BlameDataCollector.BlameCollector
TpTrace Information: 0 : 18860, 1, 2021/11/28, 20:50:35.060, 6235689156995, datacollector.dll, DataCollectionManager.CleanupPlugins: CleanupPlugins finished
TpTrace Information: 0 : 18860, 1, 2021/11/28, 20:50:35.063, 6235689186822, datacollector.dll, DataCollectionRequestHandler.ProcessRequests : Session End message received from server. Closing the connection.
TpTrace Information: 0 : 18860, 1, 2021/11/28, 20:50:35.063, 6235689189432, datacollector.dll, Closing the connection !
TpTrace Information: 0 : 18860, 1, 2021/11/28, 20:50:35.063, 6235689190077, datacollector.dll, DataCollectionRequestHandler.ProcessRequests : DataCollection completed
TpTrace Information: 0 : 18860, 1, 2021/11/28, 20:50:35.063, 6235689190553, datacollector.dll, Program.Main: exiting datacollector process.
