TpTrace Verbose: 0 : 21480, 1, 2021/11/18, 17:48:19.058, 902654700067, testhost.dll, Version: 16.9.4
TpTrace Information: 0 : 21480, 1, 2021/11/18, 17:48:19.070, 902654786960, testhost.dll, DefaultEngineInvoker.Invoke: Testhost process started with args :[--port, 62226],[--endpoint, 127.0.0.1:062226],[--role, client],[--parentprocessid, 4816],[--diag, C:\Users\Armin\Documents\GitHub\Grupa-3-Verifikovani-i-Validirani-Softverasi\Pijaca\Zadatak1\bin\Debug\net5.0\fine-code-coverage\coverage-tool-output\diagnostics.host.21-11-18_17-48-18_84430_4.log],[--tracelevel, 4],[--datacollectionport, 62225],[--telemetryoptedin, false]
TpTrace Information: 0 : 21480, 1, 2021/11/18, 17:48:19.071, 902654801109, testhost.dll, Setting up debug trace listener.
TpTrace Verbose: 0 : 21480, 1, 2021/11/18, 17:48:19.071, 902654803302, testhost.dll, TestPlatformTraceListener.Setup: Replacing listener 0 with TestHostTraceListener.
TpTrace Verbose: 0 : 21480, 1, 2021/11/18, 17:48:19.071, 902654803881, testhost.dll, TestPlatformTraceListener.Setup: Added test platform trace listener.
TpTrace Information: 0 : 21480, 1, 2021/11/18, 17:48:19.072, 902654809229, testhost.dll, DefaultEngineInvoker.SetParentProcessExitCallback: Monitoring parent process with id: '4816'
TpTrace Information: 0 : 21480, 1, 2021/11/18, 17:48:19.078, 902654876049, testhost.dll, DefaultEngineInvoker.GetConnectionInfo: Initialize communication on endpoint address: '127.0.0.1:062226'
TpTrace Information: 0 : 21480, 1, 2021/11/18, 17:48:19.101, 902655098532, testhost.dll, SocketClient.Start: connecting to server endpoint: 127.0.0.1:062226
TpTrace Information: 0 : 21480, 1, 2021/11/18, 17:48:19.109, 902655182392, testhost.dll, DefaultEngineInvoker.ConnectToDatacollector: Connecting to datacollector, port: 62225
TpTrace Information: 0 : 21480, 6, 2021/11/18, 17:48:19.110, 902655192700, testhost.dll, SocketClient.OnServerConnected: connected to server endpoint: 127.0.0.1:062226
TpTrace Verbose: 0 : 21480, 6, 2021/11/18, 17:48:19.112, 902655213025, testhost.dll, Connected to server, and starting MessageLoopAsync
TpTrace Information: 0 : 21480, 1, 2021/11/18, 17:48:19.114, 902655230305, testhost.dll, Trying to connect to server on socket : 127.0.0.1:62225 
TpTrace Verbose: 0 : 21480, 1, 2021/11/18, 17:48:19.116, 902655250859, testhost.dll, SocketCommunicationManager : SetupClientAsync : Attempting to connect to the server.
TpTrace Information: 0 : 21480, 9, 2021/11/18, 17:48:19.119, 902655280650, testhost.dll, Connected to the server successfully 
TpTrace Information: 0 : 21480, 9, 2021/11/18, 17:48:19.119, 902655284718, testhost.dll, Using the buffer size of 16384 bytes
TpTrace Information: 0 : 21480, 1, 2021/11/18, 17:48:19.120, 902655292867, testhost.dll, DefaultEngineInvoker.Invoke: Start Request Processing.
TpTrace Verbose: 0 : 21480, 6, 2021/11/18, 17:48:19.120, 902655293756, testhost.dll, TcpClientExtensions.MessageLoopAsync: Polling on remoteEndPoint: [::ffff:127.0.0.1]:62226 localEndPoint: [::ffff:127.0.0.1]:62227
TpTrace Verbose: 0 : 21480, 6, 2021/11/18, 17:48:19.121, 902655299102, testhost.dll, TcpClientExtensions.MessageLoopAsync: NotifyDataAvailable remoteEndPoint: [::ffff:127.0.0.1]:62226 localEndPoint: [::ffff:127.0.0.1]:62227
TpTrace Information: 0 : 21480, 11, 2021/11/18, 17:48:19.122, 902655306753, testhost.dll, DefaultEngineInvoker.StartProcessingAsync: Connected to vstest.console, Starting process requests.
TpTrace Information: 0 : 21480, 6, 2021/11/18, 17:48:19.270, 902656791836, testhost.dll, TestRequestHandler.ProcessRequests: received message: (ProtocolVersion) -> 5
TpTrace Verbose: 0 : 21480, 6, 2021/11/18, 17:48:19.308, 902657167444, testhost.dll, TestRequestHandler.SendData:  sending data from testhost: {"Version":5,"MessageType":"TestSession.Message","Payload":{"MessageLevel":0,"Message":"Logging TestHost Diagnostics in file: C:\\Users\\Armin\\Documents\\GitHub\\Grupa-3-Verifikovani-i-Validirani-Softverasi\\Pijaca\\Zadatak1\\bin\\Debug\\net5.0\\fine-code-coverage\\coverage-tool-output\\diagnostics.host.21-11-18_17-48-18_84430_4.log"}}
TpTrace Verbose: 0 : 21480, 6, 2021/11/18, 17:48:19.308, 902657171059, testhost.dll, TcpClientExtensions.MessageLoopAsync: Polling on remoteEndPoint: [::ffff:127.0.0.1]:62226 localEndPoint: [::ffff:127.0.0.1]:62227
TpTrace Verbose: 0 : 21480, 6, 2021/11/18, 17:48:19.308, 902657174454, testhost.dll, TcpClientExtensions.MessageLoopAsync: NotifyDataAvailable remoteEndPoint: [::ffff:127.0.0.1]:62226 localEndPoint: [::ffff:127.0.0.1]:62227
TpTrace Information: 0 : 21480, 6, 2021/11/18, 17:48:19.317, 902657261998, testhost.dll, TestRequestHandler.ProcessRequests: received message: (TestExecution.Initialize) -> [
  "C:\\Users\\Armin\\Documents\\GitHub\\Grupa-3-Verifikovani-i-Validirani-Softverasi\\Pijaca\\Zadatak1\\bin\\Debug\\net5.0\\fine-code-coverage\\build-output\\Microsoft.VisualStudio.TestPlatform.MSTest.TestAdapter.dll"
]
TpTrace Information: 0 : 21480, 6, 2021/11/18, 17:48:19.318, 902657267287, testhost.dll, Execution Session Initialize.
TpTrace Verbose: 0 : 21480, 6, 2021/11/18, 17:48:19.329, 902657377385, testhost.dll, TcpClientExtensions.MessageLoopAsync: Polling on remoteEndPoint: [::ffff:127.0.0.1]:62226 localEndPoint: [::ffff:127.0.0.1]:62227
TpTrace Verbose: 0 : 21480, 6, 2021/11/18, 17:48:19.329, 902657378963, testhost.dll, TcpClientExtensions.MessageLoopAsync: NotifyDataAvailable remoteEndPoint: [::ffff:127.0.0.1]:62226 localEndPoint: [::ffff:127.0.0.1]:62227
TpTrace Verbose: 0 : 21480, 4, 2021/11/18, 17:48:19.334, 902657432937, testhost.dll, TestExecutorService: Loading the extensions
TpTrace Information: 0 : 21480, 6, 2021/11/18, 17:48:19.335, 902657436198, testhost.dll, TestRequestHandler.ProcessRequests: received message: (TestExecution.StartWithSources) -> {
  "AdapterSourceMap": {
    "_none_": [
      "C:\\Users\\Armin\\Documents\\GitHub\\Grupa-3-Verifikovani-i-Validirani-Softverasi\\Pijaca\\Zadatak1\\bin\\Debug\\net5.0\\fine-code-coverage\\build-output\\Zadatak1.dll"
    ]
  },
  "RunSettings": "<RunSettings>\r\n  <RunConfiguration>\r\n    <ResultsDirectory>C:\\Users\\Armin\\Documents\\GitHub\\Grupa-3-Verifikovani-i-Validirani-Softverasi\\Pijaca\\Zadatak1\\bin\\Debug\\net5.0\\fine-code-coverage\\coverage-tool-output</ResultsDirectory>\r\n    <TargetPlatform>X64</TargetPlatform>\r\n    <TargetFrameworkVersion>.NETCoreApp,Version=v5.0</TargetFrameworkVersion>\r\n    <DesignMode>False</DesignMode>\r\n    <CollectSourceInformation>False</CollectSourceInformation>\r\n  </RunConfiguration>\r\n  <LoggerRunSettings>\r\n    <Loggers>\r\n      <Logger friendlyName=\"blame\" enabled=\"True\" />\r\n      <Logger friendlyName=\"Console\" uri=\"logger://microsoft/TestPlatform/ConsoleLogger/v1\" assemblyQualifiedName=\"Microsoft.VisualStudio.TestPlatform.CommandLine.Internal.ConsoleLogger, vstest.console, Version=15.0.0.0, Culture=neutral, PublicKeyToken=b03f5f7f11d50a3a\" codeBase=\"C:\\Program Files\\dotnet\\sdk\\5.0.402\\vstest.console.dll\" enabled=\"True\" />\r\n    </Loggers>\r\n  </LoggerRunSettings>\r\n  <DataCollectionRunSettings>\r\n    <DataCollectors>\r\n      <DataCollector friendlyName=\"blame\" enabled=\"True\">\r\n        <Configuration>\r\n          <ResultsDirectory>C:\\Users\\Armin\\Documents\\GitHub\\Grupa-3-Verifikovani-i-Validirani-Softverasi\\Pijaca\\Zadatak1\\bin\\Debug\\net5.0\\fine-code-coverage\\coverage-tool-output</ResultsDirectory>\r\n        </Configuration>\r\n      </DataCollector>\r\n    </DataCollectors>\r\n  </DataCollectionRunSettings>\r\n</RunSettings>",
  "TestExecutionContext": {
    "FrequencyOfRunStatsChangeEvent": 10,
    "RunStatsChangeEventTimeout": "00:00:01.5000000",
    "InIsolation": false,
    "KeepAlive": false,
    "AreTestCaseLevelEventsRequired": false,
    "IsDebug": false,
    "TestCaseFilter": null,
    "FilterOptions": null
  },
  "Package": null
}
TpTrace Information: 0 : 21480, 6, 2021/11/18, 17:48:19.335, 902657438868, testhost.dll, Execution started.
TpTrace Verbose: 0 : 21480, 4, 2021/11/18, 17:48:19.337, 902657463316, testhost.dll, TestPluginCache.DiscoverTestExtensions: finding test extensions in assemblies ends with: TestAdapter.dll TPluginInfo: Microsoft.VisualStudio.TestPlatform.Common.ExtensionFramework.Utilities.TestExecutorPluginInformation TExtension: Microsoft.VisualStudio.TestPlatform.ObjectModel.Adapter.ITestExecutor
TpTrace Verbose: 0 : 21480, 4, 2021/11/18, 17:48:19.339, 902657480211, testhost.dll, TestPluginCache.GetExtensionPaths: Filtered extension paths: 
TpTrace Verbose: 0 : 21480, 4, 2021/11/18, 17:48:19.340, 902657486579, testhost.dll, TestPluginCache.GetExtensionPaths: Added default extension paths: C:\Users\Armin\Documents\GitHub\Grupa-3-Verifikovani-i-Validirani-Softverasi\Pijaca\Zadatak1\bin\Debug\net5.0\fine-code-coverage\build-output\Microsoft.VisualStudio.TestPlatform.MSTest.TestAdapter.dll
TpTrace Verbose: 0 : 21480, 4, 2021/11/18, 17:48:19.340, 902657487897, testhost.dll, TestPluginCache.GetExtensionPaths: Added unfilterableExtensionPaths: 
TpTrace Information: 0 : 21480, 4, 2021/11/18, 17:48:19.343, 902657521366, testhost.dll, AssemblyResolver.ctor: Creating AssemblyResolver with searchDirectories C:\Users\Armin\Documents\GitHub\Grupa-3-Verifikovani-i-Validirani-Softverasi\Pijaca\Zadatak1\bin\Debug\net5.0\fine-code-coverage\build-output
TpTrace Verbose: 0 : 21480, 4, 2021/11/18, 17:48:19.346, 902657548933, testhost.dll, TestPluginCache.DiscoverTestExtensions: Discovering the extensions using extension path.
TpTrace Verbose: 0 : 21480, 4, 2021/11/18, 17:48:19.346, 902657553520, testhost.dll, TestPluginCache.GetExtensionPaths: Filtered extension paths: 
TpTrace Verbose: 0 : 21480, 4, 2021/11/18, 17:48:19.346, 902657555850, testhost.dll, TestPluginCache.GetExtensionPaths: Added default extension paths: C:\Users\Armin\Documents\GitHub\Grupa-3-Verifikovani-i-Validirani-Softverasi\Pijaca\Zadatak1\bin\Debug\net5.0\fine-code-coverage\build-output\Microsoft.VisualStudio.TestPlatform.MSTest.TestAdapter.dll
TpTrace Verbose: 0 : 21480, 4, 2021/11/18, 17:48:19.347, 902657556657, testhost.dll, TestPluginCache.GetExtensionPaths: Added unfilterableExtensionPaths: 
TpTrace Verbose: 0 : 21480, 4, 2021/11/18, 17:48:19.347, 902657558789, testhost.dll, TestPluginCache.DiscoverTestExtensions: Discovering the extensions using allExtensionPaths: C:\Users\Armin\Documents\GitHub\Grupa-3-Verifikovani-i-Validirani-Softverasi\Pijaca\Zadatak1\bin\Debug\net5.0\fine-code-coverage\build-output\Microsoft.VisualStudio.TestPlatform.MSTest.TestAdapter.dll
TpTrace Information: 0 : 21480, 4, 2021/11/18, 17:48:19.350, 902657590712, testhost.dll, AssemblyResolver.AddSearchDirectories: Adding more searchDirectories C:\Users\Armin\Documents\GitHub\Grupa-3-Verifikovani-i-Validirani-Softverasi\Pijaca\Zadatak1\bin\Debug\net5.0\fine-code-coverage\build-output
TpTrace Information: 0 : 21480, 4, 2021/11/18, 17:48:19.357, 902657665478, testhost.dll, AssemblyResolver.OnResolve: Microsoft.VisualStudio.TestPlatform.MSTest.TestAdapter: Resolving assembly.
TpTrace Information: 0 : 21480, 4, 2021/11/18, 17:48:19.360, 902657691670, testhost.dll, AssemblyResolver.OnResolve: Resolved assembly: Microsoft.VisualStudio.TestPlatform.MSTest.TestAdapter, from path: C:\Users\Armin\Documents\GitHub\Grupa-3-Verifikovani-i-Validirani-Softverasi\Pijaca\Zadatak1\bin\Debug\net5.0\fine-code-coverage\build-output\Microsoft.VisualStudio.TestPlatform.MSTest.TestAdapter.dll
TpTrace Verbose: 0 : 21480, 4, 2021/11/18, 17:48:19.373, 902657825844, testhost.dll, TestPluginCache: Discovered the extensions using extension path ''.
TpTrace Verbose: 0 : 21480, 4, 2021/11/18, 17:48:19.374, 902657834092, testhost.dll, TestPluginCache: Discoverers are ''.
TpTrace Verbose: 0 : 21480, 4, 2021/11/18, 17:48:19.374, 902657835719, testhost.dll, TestPluginCache: Executors are 'executor://MSTestAdapter/v2'.
TpTrace Verbose: 0 : 21480, 4, 2021/11/18, 17:48:19.375, 902657837017, testhost.dll, TestPluginCache: Executors2 are ''.
TpTrace Verbose: 0 : 21480, 4, 2021/11/18, 17:48:19.375, 902657838147, testhost.dll, TestPluginCache: Setting providers are ''.
TpTrace Verbose: 0 : 21480, 4, 2021/11/18, 17:48:19.375, 902657839225, testhost.dll, TestPluginCache: Loggers are ''.
TpTrace Verbose: 0 : 21480, 6, 2021/11/18, 17:48:19.375, 902657839956, testhost.dll, TcpClientExtensions.MessageLoopAsync: Polling on remoteEndPoint: [::ffff:127.0.0.1]:62226 localEndPoint: [::ffff:127.0.0.1]:62227
TpTrace Verbose: 0 : 21480, 4, 2021/11/18, 17:48:19.380, 902657893903, testhost.dll, TestPluginCache.DiscoverTestExtensions: finding test extensions in assemblies ends with: TestAdapter.dll TPluginInfo: Microsoft.VisualStudio.TestPlatform.Common.ExtensionFramework.Utilities.TestExecutorPluginInformation2 TExtension: Microsoft.VisualStudio.TestPlatform.ObjectModel.Adapter.ITestExecutor2
TpTrace Verbose: 0 : 21480, 4, 2021/11/18, 17:48:19.381, 902657902971, testhost.dll, TestPluginCache.GetExtensionPaths: Filtered extension paths: 
TpTrace Verbose: 0 : 21480, 4, 2021/11/18, 17:48:19.382, 902657909094, testhost.dll, TestPluginCache.GetExtensionPaths: Added default extension paths: C:\Users\Armin\Documents\GitHub\Grupa-3-Verifikovani-i-Validirani-Softverasi\Pijaca\Zadatak1\bin\Debug\net5.0\fine-code-coverage\build-output\Microsoft.VisualStudio.TestPlatform.MSTest.TestAdapter.dll
TpTrace Verbose: 0 : 21480, 4, 2021/11/18, 17:48:19.382, 902657910625, testhost.dll, TestPluginCache.GetExtensionPaths: Added unfilterableExtensionPaths: 
TpTrace Information: 0 : 21480, 4, 2021/11/18, 17:48:19.383, 902657917115, testhost.dll, AssemblyResolver.AddSearchDirectories: Adding more searchDirectories C:\Users\Armin\Documents\GitHub\Grupa-3-Verifikovani-i-Validirani-Softverasi\Pijaca\Zadatak1\bin\Debug\net5.0\fine-code-coverage\build-output
TpTrace Verbose: 0 : 21480, 4, 2021/11/18, 17:48:19.383, 902657919367, testhost.dll, TestPluginCache.DiscoverTestExtensions: Discovering the extensions using extension path.
TpTrace Verbose: 0 : 21480, 4, 2021/11/18, 17:48:19.383, 902657920175, testhost.dll, TestPluginCache.GetExtensionPaths: Filtered extension paths: 
TpTrace Verbose: 0 : 21480, 4, 2021/11/18, 17:48:19.383, 902657920822, testhost.dll, TestPluginCache.GetExtensionPaths: Added default extension paths: C:\Users\Armin\Documents\GitHub\Grupa-3-Verifikovani-i-Validirani-Softverasi\Pijaca\Zadatak1\bin\Debug\net5.0\fine-code-coverage\build-output\Microsoft.VisualStudio.TestPlatform.MSTest.TestAdapter.dll
TpTrace Verbose: 0 : 21480, 4, 2021/11/18, 17:48:19.383, 902657921257, testhost.dll, TestPluginCache.GetExtensionPaths: Added unfilterableExtensionPaths: 
TpTrace Verbose: 0 : 21480, 4, 2021/11/18, 17:48:19.383, 902657921848, testhost.dll, TestPluginCache.DiscoverTestExtensions: Discovering the extensions using allExtensionPaths: C:\Users\Armin\Documents\GitHub\Grupa-3-Verifikovani-i-Validirani-Softverasi\Pijaca\Zadatak1\bin\Debug\net5.0\fine-code-coverage\build-output\Microsoft.VisualStudio.TestPlatform.MSTest.TestAdapter.dll
TpTrace Information: 0 : 21480, 4, 2021/11/18, 17:48:19.383, 902657922850, testhost.dll, AssemblyResolver.AddSearchDirectories: Adding more searchDirectories C:\Users\Armin\Documents\GitHub\Grupa-3-Verifikovani-i-Validirani-Softverasi\Pijaca\Zadatak1\bin\Debug\net5.0\fine-code-coverage\build-output
TpTrace Verbose: 0 : 21480, 4, 2021/11/18, 17:48:19.384, 902657928401, testhost.dll, TestPluginCache: Discovered the extensions using extension path ''.
TpTrace Verbose: 0 : 21480, 4, 2021/11/18, 17:48:19.384, 902657929832, testhost.dll, TestPluginCache: Discoverers are ''.
TpTrace Verbose: 0 : 21480, 4, 2021/11/18, 17:48:19.384, 902657930601, testhost.dll, TestPluginCache: Executors are 'executor://MSTestAdapter/v2'.
TpTrace Verbose: 0 : 21480, 4, 2021/11/18, 17:48:19.384, 902657931838, testhost.dll, TestPluginCache: Executors2 are ''.
TpTrace Verbose: 0 : 21480, 4, 2021/11/18, 17:48:19.384, 902657933282, testhost.dll, TestPluginCache: Setting providers are ''.
TpTrace Verbose: 0 : 21480, 4, 2021/11/18, 17:48:19.384, 902657933996, testhost.dll, TestPluginCache: Loggers are ''.
TpTrace Information: 0 : 21480, 4, 2021/11/18, 17:48:19.390, 902657988544, testhost.dll, TestPluginManager.CreateTestExtension: Attempting to load test extension: Microsoft.VisualStudio.TestPlatform.MSTest.TestAdapter.MSTestExecutor
TpTrace Verbose: 0 : 21480, 4, 2021/11/18, 17:48:19.401, 902658103797, testhost.dll, TestExecutorExtensionManager: Loading executor Microsoft.VisualStudio.TestPlatform.MSTest.TestAdapter.MSTestExecutor
TpTrace Verbose: 0 : 21480, 4, 2021/11/18, 17:48:19.402, 902658107416, testhost.dll, TestExecutorService: Loaded the executors
TpTrace Verbose: 0 : 21480, 4, 2021/11/18, 17:48:19.403, 902658120579, testhost.dll, TestPluginCache.DiscoverTestExtensions: finding test extensions in assemblies ends with: TestAdapter.dll TPluginInfo: Microsoft.VisualStudio.TestPlatform.Common.ExtensionFramework.Utilities.TestSettingsProviderPluginInformation TExtension: Microsoft.VisualStudio.TestPlatform.ObjectModel.Adapter.ISettingsProvider
TpTrace Verbose: 0 : 21480, 4, 2021/11/18, 17:48:19.403, 902658123288, testhost.dll, TestPluginCache.GetExtensionPaths: Filtered extension paths: 
TpTrace Verbose: 0 : 21480, 4, 2021/11/18, 17:48:19.403, 902658124207, testhost.dll, TestPluginCache.GetExtensionPaths: Added default extension paths: C:\Users\Armin\Documents\GitHub\Grupa-3-Verifikovani-i-Validirani-Softverasi\Pijaca\Zadatak1\bin\Debug\net5.0\fine-code-coverage\build-output\Microsoft.VisualStudio.TestPlatform.MSTest.TestAdapter.dll
TpTrace Verbose: 0 : 21480, 4, 2021/11/18, 17:48:19.403, 902658124648, testhost.dll, TestPluginCache.GetExtensionPaths: Added unfilterableExtensionPaths: 
TpTrace Information: 0 : 21480, 4, 2021/11/18, 17:48:19.404, 902658127385, testhost.dll, AssemblyResolver.AddSearchDirectories: Adding more searchDirectories C:\Users\Armin\Documents\GitHub\Grupa-3-Verifikovani-i-Validirani-Softverasi\Pijaca\Zadatak1\bin\Debug\net5.0\fine-code-coverage\build-output
TpTrace Verbose: 0 : 21480, 4, 2021/11/18, 17:48:19.404, 902658128280, testhost.dll, TestPluginCache.DiscoverTestExtensions: Discovering the extensions using extension path.
TpTrace Verbose: 0 : 21480, 4, 2021/11/18, 17:48:19.404, 902658128635, testhost.dll, TestPluginCache.GetExtensionPaths: Filtered extension paths: 
TpTrace Verbose: 0 : 21480, 4, 2021/11/18, 17:48:19.404, 902658128936, testhost.dll, TestPluginCache.GetExtensionPaths: Added default extension paths: C:\Users\Armin\Documents\GitHub\Grupa-3-Verifikovani-i-Validirani-Softverasi\Pijaca\Zadatak1\bin\Debug\net5.0\fine-code-coverage\build-output\Microsoft.VisualStudio.TestPlatform.MSTest.TestAdapter.dll
TpTrace Verbose: 0 : 21480, 4, 2021/11/18, 17:48:19.404, 902658129401, testhost.dll, TestPluginCache.GetExtensionPaths: Added unfilterableExtensionPaths: 
TpTrace Verbose: 0 : 21480, 4, 2021/11/18, 17:48:19.404, 902658129766, testhost.dll, TestPluginCache.DiscoverTestExtensions: Discovering the extensions using allExtensionPaths: C:\Users\Armin\Documents\GitHub\Grupa-3-Verifikovani-i-Validirani-Softverasi\Pijaca\Zadatak1\bin\Debug\net5.0\fine-code-coverage\build-output\Microsoft.VisualStudio.TestPlatform.MSTest.TestAdapter.dll
TpTrace Information: 0 : 21480, 4, 2021/11/18, 17:48:19.404, 902658130566, testhost.dll, AssemblyResolver.AddSearchDirectories: Adding more searchDirectories C:\Users\Armin\Documents\GitHub\Grupa-3-Verifikovani-i-Validirani-Softverasi\Pijaca\Zadatak1\bin\Debug\net5.0\fine-code-coverage\build-output
TpTrace Verbose: 0 : 21480, 4, 2021/11/18, 17:48:19.404, 902658133865, testhost.dll, TestPluginCache: Discovered the extensions using extension path ''.
TpTrace Verbose: 0 : 21480, 4, 2021/11/18, 17:48:19.404, 902658134642, testhost.dll, TestPluginCache: Discoverers are ''.
TpTrace Verbose: 0 : 21480, 4, 2021/11/18, 17:48:19.404, 902658134976, testhost.dll, TestPluginCache: Executors are 'executor://MSTestAdapter/v2'.
TpTrace Verbose: 0 : 21480, 4, 2021/11/18, 17:48:19.404, 902658135281, testhost.dll, TestPluginCache: Executors2 are ''.
TpTrace Verbose: 0 : 21480, 4, 2021/11/18, 17:48:19.404, 902658135720, testhost.dll, TestPluginCache: Setting providers are ''.
TpTrace Verbose: 0 : 21480, 4, 2021/11/18, 17:48:19.404, 902658136026, testhost.dll, TestPluginCache: Loggers are ''.
TpTrace Verbose: 0 : 21480, 4, 2021/11/18, 17:48:19.405, 902658145483, testhost.dll, TestExecutorService: Loaded the settings providers
TpTrace Information: 0 : 21480, 4, 2021/11/18, 17:48:19.406, 902658146327, testhost.dll, TestExecutorService: Loaded the extensions
TpTrace Information: 0 : 21480, 4, 2021/11/18, 17:48:19.503, 902659122602, testhost.dll, TestDiscoveryManager: Discovering tests from sources C:\Users\Armin\Documents\GitHub\Grupa-3-Verifikovani-i-Validirani-Softverasi\Pijaca\Zadatak1\bin\Debug\net5.0\fine-code-coverage\build-output\Zadatak1.dll
TpTrace Verbose: 0 : 21480, 4, 2021/11/18, 17:48:19.506, 902659154438, testhost.dll, TestPluginCache.DiscoverTestExtensions: finding test extensions in assemblies ends with: TestAdapter.dll TPluginInfo: Microsoft.VisualStudio.TestPlatform.Common.ExtensionFramework.Utilities.TestDiscovererPluginInformation TExtension: Microsoft.VisualStudio.TestPlatform.ObjectModel.Adapter.ITestDiscoverer
TpTrace Verbose: 0 : 21480, 4, 2021/11/18, 17:48:19.507, 902659156888, testhost.dll, TestPluginCache.GetExtensionPaths: Filtered extension paths: 
TpTrace Verbose: 0 : 21480, 4, 2021/11/18, 17:48:19.507, 902659157776, testhost.dll, TestPluginCache.GetExtensionPaths: Added default extension paths: C:\Users\Armin\Documents\GitHub\Grupa-3-Verifikovani-i-Validirani-Softverasi\Pijaca\Zadatak1\bin\Debug\net5.0\fine-code-coverage\build-output\Microsoft.VisualStudio.TestPlatform.MSTest.TestAdapter.dll
TpTrace Verbose: 0 : 21480, 4, 2021/11/18, 17:48:19.507, 902659158395, testhost.dll, TestPluginCache.GetExtensionPaths: Added unfilterableExtensionPaths: 
TpTrace Information: 0 : 21480, 4, 2021/11/18, 17:48:19.507, 902659160679, testhost.dll, AssemblyResolver.AddSearchDirectories: Adding more searchDirectories C:\Users\Armin\Documents\GitHub\Grupa-3-Verifikovani-i-Validirani-Softverasi\Pijaca\Zadatak1\bin\Debug\net5.0\fine-code-coverage\build-output
TpTrace Verbose: 0 : 21480, 4, 2021/11/18, 17:48:19.507, 902659161592, testhost.dll, TestPluginCache.DiscoverTestExtensions: Discovering the extensions using extension path.
TpTrace Verbose: 0 : 21480, 4, 2021/11/18, 17:48:19.507, 902659162296, testhost.dll, TestPluginCache.GetExtensionPaths: Filtered extension paths: 
TpTrace Verbose: 0 : 21480, 4, 2021/11/18, 17:48:19.507, 902659162932, testhost.dll, TestPluginCache.GetExtensionPaths: Added default extension paths: C:\Users\Armin\Documents\GitHub\Grupa-3-Verifikovani-i-Validirani-Softverasi\Pijaca\Zadatak1\bin\Debug\net5.0\fine-code-coverage\build-output\Microsoft.VisualStudio.TestPlatform.MSTest.TestAdapter.dll
TpTrace Verbose: 0 : 21480, 4, 2021/11/18, 17:48:19.507, 902659163723, testhost.dll, TestPluginCache.GetExtensionPaths: Added unfilterableExtensionPaths: 
TpTrace Verbose: 0 : 21480, 4, 2021/11/18, 17:48:19.507, 902659164445, testhost.dll, TestPluginCache.DiscoverTestExtensions: Discovering the extensions using allExtensionPaths: C:\Users\Armin\Documents\GitHub\Grupa-3-Verifikovani-i-Validirani-Softverasi\Pijaca\Zadatak1\bin\Debug\net5.0\fine-code-coverage\build-output\Microsoft.VisualStudio.TestPlatform.MSTest.TestAdapter.dll
TpTrace Information: 0 : 21480, 4, 2021/11/18, 17:48:19.507, 902659165309, testhost.dll, AssemblyResolver.AddSearchDirectories: Adding more searchDirectories C:\Users\Armin\Documents\GitHub\Grupa-3-Verifikovani-i-Validirani-Softverasi\Pijaca\Zadatak1\bin\Debug\net5.0\fine-code-coverage\build-output
TpTrace Verbose: 0 : 21480, 4, 2021/11/18, 17:48:19.511, 902659200248, testhost.dll, TestPluginCache: Discovered the extensions using extension path ''.
TpTrace Verbose: 0 : 21480, 4, 2021/11/18, 17:48:19.511, 902659201847, testhost.dll, TestPluginCache: Discoverers are 'Microsoft.VisualStudio.TestPlatform.MSTest.TestAdapter.MSTestDiscoverer, Microsoft.VisualStudio.TestPlatform.MSTest.TestAdapter, Version=14.0.0.0, Culture=neutral, PublicKeyToken=b03f5f7f11d50a3a'.
TpTrace Verbose: 0 : 21480, 4, 2021/11/18, 17:48:19.511, 902659202667, testhost.dll, TestPluginCache: Executors are 'executor://MSTestAdapter/v2'.
TpTrace Verbose: 0 : 21480, 4, 2021/11/18, 17:48:19.511, 902659203299, testhost.dll, TestPluginCache: Executors2 are ''.
TpTrace Verbose: 0 : 21480, 4, 2021/11/18, 17:48:19.511, 902659203906, testhost.dll, TestPluginCache: Setting providers are ''.
TpTrace Verbose: 0 : 21480, 4, 2021/11/18, 17:48:19.511, 902659204637, testhost.dll, TestPluginCache: Loggers are ''.
TpTrace Verbose: 0 : 21480, 4, 2021/11/18, 17:48:19.523, 902659321389, testhost.dll, BaseRunTests.RunTestInternalWithExecutors: Running tests for executor://MSTestAdapter/v2
TpTrace Information: 0 : 21480, 4, 2021/11/18, 17:48:19.524, 902659329662, testhost.dll, AssemblyResolver.OnResolve: Microsoft.VisualStudio.TestPlatform.MSTestAdapter.PlatformServices.Interface: Resolving assembly.
TpTrace Information: 0 : 21480, 4, 2021/11/18, 17:48:19.525, 902659338434, testhost.dll, AssemblyResolver.OnResolve: Resolved assembly: Microsoft.VisualStudio.TestPlatform.MSTestAdapter.PlatformServices.Interface, from path: C:\Users\Armin\Documents\GitHub\Grupa-3-Verifikovani-i-Validirani-Softverasi\Pijaca\Zadatak1\bin\Debug\net5.0\fine-code-coverage\build-output\Microsoft.VisualStudio.TestPlatform.MSTestAdapter.PlatformServices.Interface.dll
TpTrace Information: 0 : 21480, 4, 2021/11/18, 17:48:19.526, 902659350629, testhost.dll, AssemblyResolver.OnResolve: Microsoft.VisualStudio.TestPlatform.MSTestAdapter.PlatformServices: Resolving assembly.
TpTrace Information: 0 : 21480, 4, 2021/11/18, 17:48:19.527, 902659358435, testhost.dll, AssemblyResolver.OnResolve: Resolved assembly: Microsoft.VisualStudio.TestPlatform.MSTestAdapter.PlatformServices, from path: C:\Users\Armin\Documents\GitHub\Grupa-3-Verifikovani-i-Validirani-Softverasi\Pijaca\Zadatak1\bin\Debug\net5.0\fine-code-coverage\build-output\Microsoft.VisualStudio.TestPlatform.MSTestAdapter.PlatformServices.dll
TpTrace Information: 0 : 21480, 4, 2021/11/18, 17:48:19.527, 902659362243, testhost.dll, MSTest - MSTestExecutor.RunTests: Running tests from sources.
TpTrace Information: 0 : 21480, 4, 2021/11/18, 17:48:19.533, 902659416571, testhost.dll, MSTest - CollectSourceInformation value Found : False 
TpTrace Information: 0 : 21480, 4, 2021/11/18, 17:48:19.558, 902659666225, testhost.dll, AssemblyResolver.OnResolve: Microsoft.TestPlatform.AdapterUtilities: Resolving assembly.
TpTrace Information: 0 : 21480, 4, 2021/11/18, 17:48:19.558, 902659674448, testhost.dll, AssemblyResolver.OnResolve: Resolved assembly: Microsoft.TestPlatform.AdapterUtilities, from path: C:\Users\Armin\Documents\GitHub\Grupa-3-Verifikovani-i-Validirani-Softverasi\Pijaca\Zadatak1\bin\Debug\net5.0\fine-code-coverage\build-output\Microsoft.TestPlatform.AdapterUtilities.dll
TpTrace Information: 0 : 21480, 4, 2021/11/18, 17:48:19.576, 902659848052, testhost.dll, MSTest - MSTestDiscoverer: Found 5 tests from source C:\Users\Armin\Documents\GitHub\Grupa-3-Verifikovani-i-Validirani-Softverasi\Pijaca\Zadatak1\bin\Debug\net5.0\fine-code-coverage\build-output\Zadatak1.dll
TpTrace Information: 0 : 21480, 4, 2021/11/18, 17:48:19.599, 902660078848, testhost.dll, AssemblyResolver.OnResolve: Microsoft.VisualStudio.TestPlatform.MSTestAdapter.PlatformServices.resources: Resolving assembly.
TpTrace Information: 0 : 21480, 4, 2021/11/18, 17:48:19.600, 902660087649, testhost.dll, AssemblyResolver.OnResolve: Microsoft.VisualStudio.TestPlatform.MSTestAdapter.PlatformServices.resources: Failed to load assembly.
TpTrace Information: 0 : 21480, 4, 2021/11/18, 17:48:19.601, 902660101916, testhost.dll, AssemblyResolver.OnResolve: Microsoft.VisualStudio.TestPlatform.MSTestAdapter.PlatformServices.resources: Resolving assembly.
TpTrace Information: 0 : 21480, 4, 2021/11/18, 17:48:19.601, 902660104564, testhost.dll, AssemblyResolver.OnResolve: Microsoft.VisualStudio.TestPlatform.MSTestAdapter.PlatformServices.resources: Resolved from cache.
TpTrace Information: 0 : 21480, 4, 2021/11/18, 17:48:19.621, 902660299770, testhost.dll, MSTest - Created unit-test runner C:\Users\Armin\Documents\GitHub\Grupa-3-Verifikovani-i-Validirani-Softverasi\Pijaca\Zadatak1\bin\Debug\net5.0\fine-code-coverage\build-output\Zadatak1.dll
TpTrace Verbose: 0 : 21480, 4, 2021/11/18, 17:48:19.628, 902660369404, testhost.dll, TestExecutionRecorder.RecordStart: Starting test: Zadatak1.ProdavacTest.TestPogresnaSifra.
TpTrace Information: 0 : 21480, 4, 2021/11/18, 17:48:19.752, 902661614351, testhost.dll, MSTest - Executing test TestPogresnaSifra
TpTrace Information: 0 : 21480, 4, 2021/11/18, 17:48:19.810, 902662188077, testhost.dll, MSTest - Executed test TestPogresnaSifra
TpTrace Verbose: 0 : 21480, 4, 2021/11/18, 17:48:19.816, 902662248407, testhost.dll, TestExecutionRecorder.RecordEnd: test: Zadatak1.ProdavacTest.TestPogresnaSifra execution completed.
TpTrace Verbose: 0 : 21480, 4, 2021/11/18, 17:48:19.834, 902662428080, testhost.dll, TestExecutionRecorder.RecordResult: Received result for test: Zadatak1.ProdavacTest.TestPogresnaSifra.
TpTrace Warning: 0 : 21480, 4, 2021/11/18, 17:48:19.838, 902662466794, testhost.dll, TestRunCache: InProgressTests is null
TpTrace Warning: 0 : 21480, 4, 2021/11/18, 17:48:19.838, 902662468508, testhost.dll, TestRunCache: No test found corresponding to testResult '' in inProgress list.
TpTrace Verbose: 0 : 21480, 4, 2021/11/18, 17:48:19.838, 902662469565, testhost.dll, TestExecutionRecorder.RecordStart: Starting test: Zadatak1.ProdavacTest.TestAktivnosti.
TpTrace Information: 0 : 21480, 4, 2021/11/18, 17:48:19.839, 902662484011, testhost.dll, MSTest - Executing test TestAktivnosti
TpTrace Information: 0 : 21480, 4, 2021/11/18, 17:48:19.840, 902662490116, testhost.dll, MSTest - Executed test TestAktivnosti
TpTrace Verbose: 0 : 21480, 4, 2021/11/18, 17:48:19.840, 902662490977, testhost.dll, TestExecutionRecorder.RecordEnd: test: Zadatak1.ProdavacTest.TestAktivnosti execution completed.
TpTrace Verbose: 0 : 21480, 4, 2021/11/18, 17:48:19.841, 902662501542, testhost.dll, TestExecutionRecorder.RecordResult: Received result for test: Zadatak1.ProdavacTest.TestAktivnosti.
TpTrace Warning: 0 : 21480, 4, 2021/11/18, 17:48:19.841, 902662502218, testhost.dll, TestRunCache: InProgressTests is null
TpTrace Warning: 0 : 21480, 4, 2021/11/18, 17:48:19.841, 902662502539, testhost.dll, TestRunCache: No test found corresponding to testResult '' in inProgress list.
TpTrace Verbose: 0 : 21480, 4, 2021/11/18, 17:48:19.841, 902662503084, testhost.dll, TestExecutionRecorder.RecordStart: Starting test: Zadatak1.ProdavacTest.TestPogresnihPodataka.
TpTrace Information: 0 : 21480, 4, 2021/11/18, 17:48:19.842, 902662512363, testhost.dll, MSTest - Executing test TestPogresnihPodataka
TpTrace Information: 0 : 21480, 4, 2021/11/18, 17:48:19.843, 902662519647, testhost.dll, MSTest - Executed test TestPogresnihPodataka
TpTrace Verbose: 0 : 21480, 4, 2021/11/18, 17:48:19.843, 902662520591, testhost.dll, TestExecutionRecorder.RecordEnd: test: Zadatak1.ProdavacTest.TestPogresnihPodataka execution completed.
TpTrace Verbose: 0 : 21480, 4, 2021/11/18, 17:48:19.844, 902662531011, testhost.dll, TestExecutionRecorder.RecordResult: Received result for test: Zadatak1.ProdavacTest.TestPogresnihPodataka.
TpTrace Warning: 0 : 21480, 4, 2021/11/18, 17:48:19.844, 902662531634, testhost.dll, TestRunCache: InProgressTests is null
TpTrace Warning: 0 : 21480, 4, 2021/11/18, 17:48:19.844, 902662531936, testhost.dll, TestRunCache: No test found corresponding to testResult '' in inProgress list.
TpTrace Verbose: 0 : 21480, 4, 2021/11/18, 17:48:19.844, 902662532471, testhost.dll, TestExecutionRecorder.RecordStart: Starting test: Zadatak1.ProdavacTest.TestPovecanjaPrometa.
TpTrace Information: 0 : 21480, 4, 2021/11/18, 17:48:19.850, 902662595894, testhost.dll, MSTest - Executing test TestPovecanjaPrometa
TpTrace Information: 0 : 21480, 4, 2021/11/18, 17:48:19.851, 902662605929, testhost.dll, MSTest - Executed test TestPovecanjaPrometa
TpTrace Verbose: 0 : 21480, 4, 2021/11/18, 17:48:19.852, 902662606766, testhost.dll, TestExecutionRecorder.RecordEnd: test: Zadatak1.ProdavacTest.TestPovecanjaPrometa execution completed.
TpTrace Verbose: 0 : 21480, 4, 2021/11/18, 17:48:19.853, 902662618471, testhost.dll, TestExecutionRecorder.RecordResult: Received result for test: Zadatak1.ProdavacTest.TestPovecanjaPrometa.
TpTrace Warning: 0 : 21480, 4, 2021/11/18, 17:48:19.853, 902662619266, testhost.dll, TestRunCache: InProgressTests is null
TpTrace Warning: 0 : 21480, 4, 2021/11/18, 17:48:19.853, 902662620339, testhost.dll, TestRunCache: No test found corresponding to testResult '' in inProgress list.
TpTrace Verbose: 0 : 21480, 4, 2021/11/18, 17:48:19.853, 902662621086, testhost.dll, TestExecutionRecorder.RecordStart: Starting test: Zadatak1.ProdavacTest.TestNegativnogPrometa.
TpTrace Information: 0 : 21480, 4, 2021/11/18, 17:48:19.854, 902662630866, testhost.dll, MSTest - Executing test TestNegativnogPrometa
TpTrace Information: 0 : 21480, 4, 2021/11/18, 17:48:19.854, 902662635026, testhost.dll, MSTest - Executed test TestNegativnogPrometa
TpTrace Verbose: 0 : 21480, 4, 2021/11/18, 17:48:19.854, 902662635654, testhost.dll, TestExecutionRecorder.RecordEnd: test: Zadatak1.ProdavacTest.TestNegativnogPrometa execution completed.
TpTrace Verbose: 0 : 21480, 4, 2021/11/18, 17:48:19.855, 902662644346, testhost.dll, TestExecutionRecorder.RecordResult: Received result for test: Zadatak1.ProdavacTest.TestNegativnogPrometa.
TpTrace Warning: 0 : 21480, 4, 2021/11/18, 17:48:19.855, 902662644943, testhost.dll, TestRunCache: InProgressTests is null
TpTrace Warning: 0 : 21480, 4, 2021/11/18, 17:48:19.855, 902662645230, testhost.dll, TestRunCache: No test found corresponding to testResult '' in inProgress list.
TpTrace Information: 0 : 21480, 4, 2021/11/18, 17:48:19.856, 902662646988, testhost.dll, MSTest - Executing cleanup methods.
TpTrace Information: 0 : 21480, 4, 2021/11/18, 17:48:19.857, 902662658558, testhost.dll, MSTest - Executed cleanup methods.
TpTrace Information: 0 : 21480, 4, 2021/11/18, 17:48:19.857, 902662659212, testhost.dll, MSTest - Executed tests belonging to source C:\Users\Armin\Documents\GitHub\Grupa-3-Verifikovani-i-Validirani-Softverasi\Pijaca\Zadatak1\bin\Debug\net5.0\fine-code-coverage\build-output\Zadatak1.dll
TpTrace Information: 0 : 21480, 4, 2021/11/18, 17:48:19.857, 902662661167, testhost.dll, Deleting deployment directory C:\Users\Armin\Documents\GitHub\Grupa-3-Verifikovani-i-Validirani-Softverasi\Pijaca\Zadatak1\bin\Debug\net5.0\fine-code-coverage\coverage-tool-output\Deploy_Armin 2021-11-18 17_48_19
TpTrace Information: 0 : 21480, 4, 2021/11/18, 17:48:19.859, 902662680682, testhost.dll, Deleted deployment directory C:\Users\Armin\Documents\GitHub\Grupa-3-Verifikovani-i-Validirani-Softverasi\Pijaca\Zadatak1\bin\Debug\net5.0\fine-code-coverage\coverage-tool-output\Deploy_Armin 2021-11-18 17_48_19
TpTrace Verbose: 0 : 21480, 4, 2021/11/18, 17:48:19.860, 902662686242, testhost.dll, BaseRunTests.RunTestInternalWithExecutors: Completed running tests for executor://MSTestAdapter/v2
TpTrace Information: 0 : 21480, 4, 2021/11/18, 17:48:19.862, 902662713692, testhost.dll, Sending test run complete
TpTrace Verbose: 0 : 21480, 4, 2021/11/18, 17:48:19.903, 902663124127, testhost.dll, TestRequestHandler.SendData:  sending data from testhost: {"Version":5,"MessageType":"TestExecution.Completed","Payload":{"TestRunCompleteArgs":{"TestRunStatistics":{"ExecutedTests":5,"Stats":{"Passed":5}},"IsCanceled":false,"IsAborted":false,"Error":null,"AttachmentSets":[],"ElapsedTimeInRunningTests":"00:00:00.3436435","Metrics":{}},"LastRunTests":{"NewTestResults":[{"TestCase":{"Id":"6b10294d-693c-8bde-94d8-97ba1474c65a","FullyQualifiedName":"Zadatak1.ProdavacTest.TestPogresnaSifra","DisplayName":"TestPogresnaSifra","ExecutorUri":"executor://MSTestAdapter/v2","Source":"C:\\Users\\Armin\\Documents\\GitHub\\Grupa-3-Verifikovani-i-Validirani-Softverasi\\Pijaca\\Zadatak1\\bin\\Debug\\net5.0\\fine-code-coverage\\build-output\\Zadatak1.dll","CodeFilePath":null,"LineNumber":-1,"Properties":[{"Key":{"Id":"TestCase.ManagedType","Label":"ManagedType","Category":"","Description":"","Attributes":1,"ValueType":"System.String"},"Value":"Zadatak1.ProdavacTest"},{"Key":{"Id":"TestCase.ManagedMethod","Label":"ManagedMethod","Category":"","Description":"","Attributes":1,"ValueType":"System.String"},"Value":"TestPogresnaSifra"},{"Key":{"Id":"MSTestDiscoverer.TestClassName","Label":"ClassName","Category":"","Description":"","Attributes":1,"ValueType":"System.String"},"Value":"Zadatak1.ProdavacTest"},{"Key":{"Id":"TestObject.Traits","Label":"Traits","Category":"","Description":"","Attributes":5,"ValueType":"System.Collections.Generic.KeyValuePair`2[[System.String],[System.String]][]"},"Value":[]}]},"Attachments":[],"Outcome":1,"ErrorMessage":null,"ErrorStackTrace":null,"DisplayName":null,"Messages":[],"ComputerName":null,"Duration":"00:00:00.0081726","StartTime":"2021-11-18T17:48:19.7526597+01:00","EndTime":"2021-11-18T17:48:19.81031+01:00","Properties":[{"Key":{"Id":"ExecutionId","Label":"ExecutionId","Category":"","Description":"","Attributes":1,"ValueType":"System.Guid"},"Value":"00000000-0000-0000-0000-000000000000"},{"Key":{"Id":"ParentExecId","Label":"ParentExecId","Category":"","Description":"","Attributes":1,"ValueType":"System.Guid"},"Value":"00000000-0000-0000-0000-000000000000"},{"Key":{"Id":"InnerResultsCount","Label":"InnerResultsCount","Category":"","Description":"","Attributes":1,"ValueType":"System.Int32"},"Value":0}]},{"TestCase":{"Id":"03d44b12-18f4-0cbe-1c33-4094b2186c06","FullyQualifiedName":"Zadatak1.ProdavacTest.TestAktivnosti","DisplayName":"TestAktivnosti","ExecutorUri":"executor://MSTestAdapter/v2","Source":"C:\\Users\\Armin\\Documents\\GitHub\\Grupa-3-Verifikovani-i-Validirani-Softverasi\\Pijaca\\Zadatak1\\bin\\Debug\\net5.0\\fine-code-coverage\\build-output\\Zadatak1.dll","CodeFilePath":null,"LineNumber":-1,"Properties":[{"Key":{"Id":"TestCase.ManagedType","Label":"ManagedType","Category":"","Description":"","Attributes":1,"ValueType":"System.String"},"Value":"Zadatak1.ProdavacTest"},{"Key":{"Id":"TestCase.ManagedMethod","Label":"ManagedMethod","Category":"","Description":"","Attributes":1,"ValueType":"System.String"},"Value":"TestAktivnosti"},{"Key":{"Id":"MSTestDiscoverer.TestClassName","Label":"ClassName","Category":"","Description":"","Attributes":1,"ValueType":"System.String"},"Value":"Zadatak1.ProdavacTest"},{"Key":{"Id":"TestObject.Traits","Label":"Traits","Category":"","Description":"","Attributes":5,"ValueType":"System.Collections.Generic.KeyValuePair`2[[System.String],[System.String]][]"},"Value":[]}]},"Attachments":[],"Outcome":1,"ErrorMessage":null,"ErrorStackTrace":null,"DisplayName":null,"Messages":[],"ComputerName":null,"Duration":"00:00:00.0003655","StartTime":"2021-11-18T17:48:19.8397817+01:00","EndTime":"2021-11-18T17:48:19.8404749+01:00","Properties":[{"Key":{"Id":"ExecutionId","Label":"ExecutionId","Category":"","Description":"","Attributes":1,"ValueType":"System.Guid"},"Value":"00000000-0000-0000-0000-000000000000"},{"Key":{"Id":"ParentExecId","Label":"ParentExecId","Category":"","Description":"","Attributes":1,"ValueType":"System.Guid"},"Value":"00000000-0000-0000-0000-000000000000"},{"Key":{"Id":"InnerResultsCount","Label":"InnerResultsCount","Category":"","Description":"","Attributes":1,"ValueType":"System.Int32"},"Value":0}]},{"TestCase":{"Id":"c0b925a7-8cbd-7c38-aa41-59795ea98c0e","FullyQualifiedName":"Zadatak1.ProdavacTest.TestPogresnihPodataka","DisplayName":"TestPogresnihPodataka","ExecutorUri":"executor://MSTestAdapter/v2","Source":"C:\\Users\\Armin\\Documents\\GitHub\\Grupa-3-Verifikovani-i-Validirani-Softverasi\\Pijaca\\Zadatak1\\bin\\Debug\\net5.0\\fine-code-coverage\\build-output\\Zadatak1.dll","CodeFilePath":null,"LineNumber":-1,"Properties":[{"Key":{"Id":"TestCase.ManagedType","Label":"ManagedType","Category":"","Description":"","Attributes":1,"ValueType":"System.String"},"Value":"Zadatak1.ProdavacTest"},{"Key":{"Id":"TestCase.ManagedMethod","Label":"ManagedMethod","Category":"","Description":"","Attributes":1,"ValueType":"System.String"},"Value":"TestPogresnihPodataka"},{"Key":{"Id":"MSTestDiscoverer.TestClassName","Label":"ClassName","Category":"","Description":"","Attributes":1,"ValueType":"System.String"},"Value":"Zadatak1.ProdavacTest"},{"Key":{"Id":"TestObject.Traits","Label":"Traits","Category":"","Description":"","Attributes":5,"ValueType":"System.Collections.Generic.KeyValuePair`2[[System.String],[System.String]][]"},"Value":[]}]},"Attachments":[],"Outcome":1,"ErrorMessage":null,"ErrorStackTrace":null,"DisplayName":null,"Messages":[],"ComputerName":null,"Duration":"00:00:00.0005077","StartTime":"2021-11-18T17:48:19.8426197+01:00","EndTime":"2021-11-18T17:48:19.8434391+01:00","Properties":[{"Key":{"Id":"ExecutionId","Label":"ExecutionId","Category":"","Description":"","Attributes":1,"ValueType":"System.Guid"},"Value":"00000000-0000-0000-0000-000000000000"},{"Key":{"Id":"ParentExecId","Label":"ParentExecId","Category":"","Description":"","Attributes":1,"ValueType":"System.Guid"},"Value":"00000000-0000-0000-0000-000000000000"},{"Key":{"Id":"InnerResultsCount","Label":"InnerResultsCount","Category":"","Description":"","Attributes":1,"ValueType":"System.Int32"},"Value":0}]},{"TestCase":{"Id":"e24cc8fb-745b-e81c-73f9-2fc994551ca5","FullyQualifiedName":"Zadatak1.ProdavacTest.TestPovecanjaPrometa","DisplayName":"TestPovecanjaPrometa","ExecutorUri":"executor://MSTestAdapter/v2","Source":"C:\\Users\\Armin\\Documents\\GitHub\\Grupa-3-Verifikovani-i-Validirani-Softverasi\\Pijaca\\Zadatak1\\bin\\Debug\\net5.0\\fine-code-coverage\\build-output\\Zadatak1.dll","CodeFilePath":null,"LineNumber":-1,"Properties":[{"Key":{"Id":"TestCase.ManagedType","Label":"ManagedType","Category":"","Description":"","Attributes":1,"ValueType":"System.String"},"Value":"Zadatak1.ProdavacTest"},{"Key":{"Id":"TestCase.ManagedMethod","Label":"ManagedMethod","Category":"","Description":"","Attributes":1,"ValueType":"System.String"},"Value":"TestPovecanjaPrometa"},{"Key":{"Id":"MSTestDiscoverer.TestClassName","Label":"ClassName","Category":"","Description":"","Attributes":1,"ValueType":"System.String"},"Value":"Zadatak1.ProdavacTest"},{"Key":{"Id":"TestObject.Traits","Label":"Traits","Category":"","Description":"","Attributes":5,"ValueType":"System.Collections.Generic.KeyValuePair`2[[System.String],[System.String]][]"},"Value":[]}]},"Attachments":[],"Outcome":1,"ErrorMessage":null,"ErrorStackTrace":null,"DisplayName":null,"Messages":[],"ComputerName":null,"Duration":"00:00:00.0007195","StartTime":"2021-11-18T17:48:19.8509576+01:00","EndTime":"2021-11-18T17:48:19.8520559+01:00","Properties":[{"Key":{"Id":"ExecutionId","Label":"ExecutionId","Category":"","Description":"","Attributes":1,"ValueType":"System.Guid"},"Value":"00000000-0000-0000-0000-000000000000"},{"Key":{"Id":"ParentExecId","Label":"ParentExecId","Category":"","Description":"","Attributes":1,"ValueType":"System.Guid"},"Value":"00000000-0000-0000-0000-000000000000"},{"Key":{"Id":"InnerResultsCount","Label":"InnerResultsCount","Category":"","Description":"","Attributes":1,"ValueType":"System.Int32"},"Value":0}]},{"TestCase":{"Id":"e1e62ecb-27da-a0d2-0bac-6daf339d1ad6","FullyQualifiedName":"Zadatak1.ProdavacTest.TestNegativnogPrometa","DisplayName":"TestNegativnogPrometa","ExecutorUri":"executor://MSTestAdapter/v2","Source":"C:\\Users\\Armin\\Documents\\GitHub\\Grupa-3-Verifikovani-i-Validirani-Softverasi\\Pijaca\\Zadatak1\\bin\\Debug\\net5.0\\fine-code-coverage\\build-output\\Zadatak1.dll","CodeFilePath":null,"LineNumber":-1,"Properties":[{"Key":{"Id":"TestCase.ManagedType","Label":"ManagedType","Category":"","Description":"","Attributes":1,"ValueType":"System.String"},"Value":"Zadatak1.ProdavacTest"},{"Key":{"Id":"TestCase.ManagedMethod","Label":"ManagedMethod","Category":"","Description":"","Attributes":1,"ValueType":"System.String"},"Value":"TestNegativnogPrometa"},{"Key":{"Id":"MSTestDiscoverer.TestClassName","Label":"ClassName","Category":"","Description":"","Attributes":1,"ValueType":"System.String"},"Value":"Zadatak1.ProdavacTest"},{"Key":{"Id":"TestObject.Traits","Label":"Traits","Category":"","Description":"","Attributes":5,"ValueType":"System.Collections.Generic.KeyValuePair`2[[System.String],[System.String]][]"},"Value":[]}]},"Attachments":[],"Outcome":1,"ErrorMessage":null,"ErrorStackTrace":null,"DisplayName":null,"Messages":[],"ComputerName":null,"Duration":"00:00:00.0002503","StartTime":"2021-11-18T17:48:19.8544696+01:00","EndTime":"2021-11-18T17:48:19.8549483+01:00","Properties":[{"Key":{"Id":"ExecutionId","Label":"ExecutionId","Category":"","Description":"","Attributes":1,"ValueType":"System.Guid"},"Value":"00000000-0000-0000-0000-000000000000"},{"Key":{"Id":"ParentExecId","Label":"ParentExecId","Category":"","Description":"","Attributes":1,"ValueType":"System.Guid"},"Value":"00000000-0000-0000-0000-000000000000"},{"Key":{"Id":"InnerResultsCount","Label":"InnerResultsCount","Category":"","Description":"","Attributes":1,"ValueType":"System.Int32"},"Value":0}]}],"TestRunStatistics":{"ExecutedTests":5,"Stats":{"Passed":5}},"ActiveTests":[]},"RunAttachments":[],"ExecutorUris":["executor://mstestadapter/v2"]}}
TpTrace Verbose: 0 : 21480, 4, 2021/11/18, 17:48:19.904, 902663130882, testhost.dll, BaseRunTests.RunTests: Run is complete.
TpTrace Verbose: 0 : 21480, 6, 2021/11/18, 17:48:19.905, 902663141541, testhost.dll, TcpClientExtensions.MessageLoopAsync: NotifyDataAvailable remoteEndPoint: [::ffff:127.0.0.1]:62226 localEndPoint: [::ffff:127.0.0.1]:62227
TpTrace Information: 0 : 21480, 6, 2021/11/18, 17:48:19.905, 902663142862, testhost.dll, TestRequestHandler.ProcessRequests: received message: (TestSession.Terminate) -> null
TpTrace Information: 0 : 21480, 6, 2021/11/18, 17:48:19.905, 902663143276, testhost.dll, Session End message received from server. Closing the connection.
TpTrace Information: 0 : 21480, 6, 2021/11/18, 17:48:19.905, 902663145722, testhost.dll, SocketClient.Stop: Stop communication from server endpoint: 127.0.0.1:062226
TpTrace Information: 0 : 21480, 6, 2021/11/18, 17:48:19.906, 902663146198, testhost.dll, SocketClient: Stop: Cancellation requested. Stopping message loop.
TpTrace Verbose: 0 : 21480, 6, 2021/11/18, 17:48:19.906, 902663147382, testhost.dll, LengthPrefixCommunicationChannel.Dispose: Dispose reader and writer.
TpTrace Information: 0 : 21480, 6, 2021/11/18, 17:48:19.906, 902663147843, testhost.dll, Closing the connection !
TpTrace Information: 0 : 21480, 6, 2021/11/18, 17:48:19.906, 902663149479, testhost.dll, SocketClient.PrivateStop: Stop communication from server endpoint: 127.0.0.1:062226, error:
TpTrace Verbose: 0 : 21480, 6, 2021/11/18, 17:48:19.906, 902663152488, testhost.dll, LengthPrefixCommunicationChannel.Dispose: Dispose reader and writer.
TpTrace Verbose: 0 : 21480, 6, 2021/11/18, 17:48:19.906, 902663153030, testhost.dll, TcpClientExtensions.MessageLoopAsync: exiting MessageLoopAsync remoteEndPoint: [::ffff:127.0.0.1]:62226 localEndPoint: [::ffff:127.0.0.1]:62227
TpTrace Information: 0 : 21480, 1, 2021/11/18, 17:48:19.906, 902663152509, testhost.dll, Closing the connection !
TpTrace Information: 0 : 21480, 1, 2021/11/18, 17:48:19.906, 902663154056, testhost.dll, SocketClient.Stop: Stop communication from server endpoint: 127.0.0.1:062226
TpTrace Verbose: 0 : 21480, 1, 2021/11/18, 17:48:19.906, 902663154387, testhost.dll, LengthPrefixCommunicationChannel.Dispose: Dispose reader and writer.
TpTrace Information: 0 : 21480, 1, 2021/11/18, 17:48:19.906, 902663155112, testhost.dll, Testhost process exiting.
