TpTrace Verbose: 0 : 7328, 1, 2021/11/27, 16:05:05.625, 5200382117584, datacollector.dll, Version: 16.11.0
TpTrace Information: 0 : 7328, 1, 2021/11/27, 16:05:05.637, 5200382170834, datacollector.dll, DataCollectorMain.Run: Starting data collector run with args: --port,54077,--parentprocessid,14660,--diag,C:\Users\Armin\Documents\GitHub\Grupa-3-Verifikovani-i-Validirani-Softverasi\Pijaca\Zadatak1\bin\Debug\net5.0\fine-code-coverage\coverage-tool-output\diagnostics.datacollector.21-11-27_16-05-05_41351_4.log,--tracelevel,4
TpTrace Information: 0 : 7328, 1, 2021/11/27, 16:05:05.638, 5200382181123, datacollector.dll, DataCollector: Monitoring parent process with id: '14660'
TpTrace Information: 0 : 7328, 1, 2021/11/27, 16:05:05.652, 5200382324320, datacollector.dll, Trying to connect to server on socket : 127.0.0.1:54077 
TpTrace Verbose: 0 : 7328, 1, 2021/11/27, 16:05:05.701, 5200382809332, datacollector.dll, SocketCommunicationManager : SetupClientAsync : Attempting to connect to the server.
TpTrace Information: 0 : 7328, 5, 2021/11/27, 16:05:05.718, 5200382983495, datacollector.dll, Connected to the server successfully 
TpTrace Information: 0 : 7328, 5, 2021/11/27, 16:05:05.718, 5200382988083, datacollector.dll, Using the buffer size of 16384 bytes
TpTrace Information: 0 : 7328, 1, 2021/11/27, 16:05:05.882, 5200384618653, datacollector.dll, DataCollector: Start Request Processing.
TpTrace Information: 0 : 7328, 1, 2021/11/27, 16:05:05.887, 5200384677425, datacollector.dll, DataCollectionRequestHandler.ProcessRequests : Datacollector received message: (DataCollection.BeforeTestRunStart) -> {
  "SettingsXml": "<RunSettings><RunConfiguration><ResultsDirectory>C:\\Users\\Armin\\Documents\\GitHub\\Grupa-3-Verifikovani-i-Validirani-Softverasi\\Pijaca\\Zadatak1\\bin\\Debug\\net5.0\\fine-code-coverage\\coverage-tool-output</ResultsDirectory><TargetPlatform>X64</TargetPlatform><TargetFrameworkVersion>.NETCoreApp,Version=v5.0</TargetFrameworkVersion><DesignMode>False</DesignMode><CollectSourceInformation>False</CollectSourceInformation><TestAdaptersPaths>C:\\Program Files\\dotnet\\sdk\\5.0.402\\Extensions</TestAdaptersPaths></RunConfiguration><LoggerRunSettings><Loggers><Logger friendlyName=\"blame\" enabled=\"True\" /><Logger friendlyName=\"Console\" uri=\"logger://microsoft/TestPlatform/ConsoleLogger/v1\" assemblyQualifiedName=\"Microsoft.VisualStudio.TestPlatform.CommandLine.Internal.ConsoleLogger, vstest.console, Version=15.0.0.0, Culture=neutral, PublicKeyToken=b03f5f7f11d50a3a\" codeBase=\"C:\\Program Files\\dotnet\\sdk\\5.0.402\\vstest.console.dll\" enabled=\"True\" /></Loggers></LoggerRunSettings><DataCollectionRunSettings><DataCollectors><DataCollector friendlyName=\"blame\" enabled=\"True\"><Configuration><ResultsDirectory>C:\\Users\\Armin\\Documents\\GitHub\\Grupa-3-Verifikovani-i-Validirani-Softverasi\\Pijaca\\Zadatak1\\bin\\Debug\\net5.0\\fine-code-coverage\\coverage-tool-output</ResultsDirectory></Configuration></DataCollector></DataCollectors></DataCollectionRunSettings></RunSettings>",
  "Sources": [
    "C:\\Users\\Armin\\Documents\\GitHub\\Grupa-3-Verifikovani-i-Validirani-Softverasi\\Pijaca\\Zadatak1\\bin\\Debug\\net5.0\\fine-code-coverage\\build-output\\Zadatak1.dll"
  ],
  "IsTelemetryOptedIn": false
}
TpTrace Verbose: 0 : 7328, 1, 2021/11/27, 16:05:05.954, 5200385338624, datacollector.dll, TestPluginCache: Update extensions started. Skip filter = False
TpTrace Verbose: 0 : 7328, 1, 2021/11/27, 16:05:05.955, 5200385347608, datacollector.dll, TestPluginCache: Using directories for assembly resolution 'C:\Program Files\dotnet\sdk\5.0.402\Extensions'.
TpTrace Verbose: 0 : 7328, 1, 2021/11/27, 16:05:05.955, 5200385348661, datacollector.dll, TestPluginCache: Updated the available extensions to 'C:\Program Files\dotnet\sdk\5.0.402\Extensions\Microsoft.TestPlatform.Extensions.BlameDataCollector.dll,C:\Program Files\dotnet\sdk\5.0.402\Extensions\Microsoft.TestPlatform.Extensions.EventLogCollector.dll'.
TpTrace Verbose: 0 : 7328, 1, 2021/11/27, 16:05:05.966, 5200385458651, datacollector.dll, TestPluginCache.DiscoverTestExtensions: finding test extensions in assemblies ends with: Collector.dll TPluginInfo: Microsoft.VisualStudio.TestPlatform.Common.DataCollector.DataCollectorConfig TExtension: Microsoft.VisualStudio.TestPlatform.ObjectModel.DataCollection.DataCollector
TpTrace Verbose: 0 : 7328, 1, 2021/11/27, 16:05:05.966, 5200385462282, datacollector.dll, TestPluginCache.GetExtensionPaths: Filtered extension paths: C:\Program Files\dotnet\sdk\5.0.402\Extensions\Microsoft.TestPlatform.Extensions.BlameDataCollector.dll
C:\Program Files\dotnet\sdk\5.0.402\Extensions\Microsoft.TestPlatform.Extensions.EventLogCollector.dll
TpTrace Verbose: 0 : 7328, 1, 2021/11/27, 16:05:05.966, 5200385463170, datacollector.dll, TestPluginCache.GetExtensionPaths: Added default extension paths: 
TpTrace Verbose: 0 : 7328, 1, 2021/11/27, 16:05:05.966, 5200385463667, datacollector.dll, TestPluginCache.GetExtensionPaths: Added unfilterableExtensionPaths: 
TpTrace Information: 0 : 7328, 1, 2021/11/27, 16:05:05.967, 5200385470812, datacollector.dll, AssemblyResolver.ctor: Creating AssemblyResolver with searchDirectories C:\Program Files\dotnet\sdk\5.0.402\Extensions,C:\Program Files\dotnet\sdk\5.0.402
TpTrace Verbose: 0 : 7328, 1, 2021/11/27, 16:05:05.969, 5200385489079, datacollector.dll, TestPluginCache.DiscoverTestExtensions: Discovering the extensions using extension path.
TpTrace Verbose: 0 : 7328, 1, 2021/11/27, 16:05:05.969, 5200385492932, datacollector.dll, TestPluginCache.GetExtensionPaths: Filtered extension paths: C:\Program Files\dotnet\sdk\5.0.402\Extensions\Microsoft.TestPlatform.Extensions.BlameDataCollector.dll
C:\Program Files\dotnet\sdk\5.0.402\Extensions\Microsoft.TestPlatform.Extensions.EventLogCollector.dll
TpTrace Verbose: 0 : 7328, 1, 2021/11/27, 16:05:05.969, 5200385494025, datacollector.dll, TestPluginCache.GetExtensionPaths: Added default extension paths: 
TpTrace Verbose: 0 : 7328, 1, 2021/11/27, 16:05:05.969, 5200385494533, datacollector.dll, TestPluginCache.GetExtensionPaths: Added unfilterableExtensionPaths: 
TpTrace Verbose: 0 : 7328, 1, 2021/11/27, 16:05:05.969, 5200385495322, datacollector.dll, TestPluginCache.DiscoverTestExtensions: Discovering the extensions using allExtensionPaths: C:\Program Files\dotnet\sdk\5.0.402\Extensions\Microsoft.TestPlatform.Extensions.BlameDataCollector.dll
C:\Program Files\dotnet\sdk\5.0.402\Extensions\Microsoft.TestPlatform.Extensions.EventLogCollector.dll
TpTrace Information: 0 : 7328, 1, 2021/11/27, 16:05:05.969, 5200385497035, datacollector.dll, AssemblyResolver.AddSearchDirectories: Adding more searchDirectories C:\Program Files\dotnet\sdk\5.0.402\Extensions,C:\Program Files\dotnet\sdk\5.0.402
TpTrace Information: 0 : 7328, 1, 2021/11/27, 16:05:05.970, 5200385498024, datacollector.dll, AssemblyResolver.AddSearchDirectories: Adding more searchDirectories C:\Program Files\dotnet\sdk\5.0.402\Extensions,C:\Program Files\dotnet\sdk\5.0.402
TpTrace Information: 0 : 7328, 1, 2021/11/27, 16:05:05.970, 5200385503713, datacollector.dll, AssemblyResolver.OnResolve: Microsoft.TestPlatform.Extensions.BlameDataCollector: Resolving assembly.
TpTrace Information: 0 : 7328, 1, 2021/11/27, 16:05:05.970, 5200385504745, datacollector.dll, AssemblyResolver.OnResolve: Microsoft.TestPlatform.Extensions.BlameDataCollector: Searching in: 'C:\Program Files\dotnet\sdk\5.0.402\Extensions'.
TpTrace Information: 0 : 7328, 1, 2021/11/27, 16:05:05.971, 5200385510493, datacollector.dll, AssemblyResolver.OnResolve: Microsoft.TestPlatform.Extensions.BlameDataCollector: Loading assembly 'C:\Program Files\dotnet\sdk\5.0.402\Extensions\Microsoft.TestPlatform.Extensions.BlameDataCollector.dll'.
TpTrace Information: 0 : 7328, 1, 2021/11/27, 16:05:05.971, 5200385516467, datacollector.dll, AssemblyResolver.OnResolve: Resolved assembly: Microsoft.TestPlatform.Extensions.BlameDataCollector, from path: C:\Program Files\dotnet\sdk\5.0.402\Extensions\Microsoft.TestPlatform.Extensions.BlameDataCollector.dll
TpTrace Error: 0 : 7328, 1, 2021/11/27, 16:05:05.973, 5200385531409, datacollector.dll, The type "Microsoft.TestPlatform.Extensions.BlameDataCollector.BlameCollector" defined in "Microsoft.TestPlatform.Extensions.BlameDataCollector.dll" does not have ExtensionUri attribute.
TpTrace Information: 0 : 7328, 1, 2021/11/27, 16:05:05.977, 5200385574885, datacollector.dll, AssemblyResolver.OnResolve: Microsoft.TestPlatform.Extensions.EventLogCollector: Resolving assembly.
TpTrace Information: 0 : 7328, 1, 2021/11/27, 16:05:05.978, 5200385577519, datacollector.dll, AssemblyResolver.OnResolve: Microsoft.TestPlatform.Extensions.EventLogCollector: Searching in: 'C:\Program Files\dotnet\sdk\5.0.402\Extensions'.
TpTrace Information: 0 : 7328, 1, 2021/11/27, 16:05:05.978, 5200385584446, datacollector.dll, AssemblyResolver.OnResolve: Microsoft.TestPlatform.Extensions.EventLogCollector: Loading assembly 'C:\Program Files\dotnet\sdk\5.0.402\Extensions\Microsoft.TestPlatform.Extensions.EventLogCollector.dll'.
TpTrace Information: 0 : 7328, 1, 2021/11/27, 16:05:05.979, 5200385590886, datacollector.dll, AssemblyResolver.OnResolve: Resolved assembly: Microsoft.TestPlatform.Extensions.EventLogCollector, from path: C:\Program Files\dotnet\sdk\5.0.402\Extensions\Microsoft.TestPlatform.Extensions.EventLogCollector.dll
TpTrace Error: 0 : 7328, 1, 2021/11/27, 16:05:05.981, 5200385613271, datacollector.dll, The type "Microsoft.TestPlatform.Extensions.EventLogCollector.EventLogDataCollector" defined in "Microsoft.TestPlatform.Extensions.EventLogCollector.dll" does not have ExtensionUri attribute.
TpTrace Verbose: 0 : 7328, 1, 2021/11/27, 16:05:05.982, 5200385618754, datacollector.dll, TestPluginCache: Discovered the extensions using extension path 'C:\Program Files\dotnet\sdk\5.0.402\Extensions\Microsoft.TestPlatform.Extensions.BlameDataCollector.dll,C:\Program Files\dotnet\sdk\5.0.402\Extensions\Microsoft.TestPlatform.Extensions.EventLogCollector.dll'.
TpTrace Verbose: 0 : 7328, 1, 2021/11/27, 16:05:05.982, 5200385619693, datacollector.dll, TestPluginCache: Discoverers are ''.
TpTrace Verbose: 0 : 7328, 1, 2021/11/27, 16:05:05.982, 5200385620154, datacollector.dll, TestPluginCache: Executors are ''.
TpTrace Verbose: 0 : 7328, 1, 2021/11/27, 16:05:05.982, 5200385620570, datacollector.dll, TestPluginCache: Executors2 are ''.
TpTrace Verbose: 0 : 7328, 1, 2021/11/27, 16:05:05.982, 5200385620973, datacollector.dll, TestPluginCache: Setting providers are ''.
TpTrace Verbose: 0 : 7328, 1, 2021/11/27, 16:05:05.982, 5200385621365, datacollector.dll, TestPluginCache: Loggers are ''.
TpTrace Information: 0 : 7328, 1, 2021/11/27, 16:05:05.983, 5200385636670, datacollector.dll, TestPluginManager.CreateTestExtension: Attempting to load test extension: Microsoft.TestPlatform.Extensions.BlameDataCollector.BlameCollector
TpTrace Error: 0 : 7328, 1, 2021/11/27, 16:05:05.984, 5200385642880, datacollector.dll, The type "Microsoft.TestPlatform.Extensions.BlameDataCollector.BlameCollector" defined in "Microsoft.TestPlatform.Extensions.BlameDataCollector.dll" does not have ExtensionUri attribute.
TpTrace Information: 0 : 7328, 1, 2021/11/27, 16:05:05.994, 5200385744533, datacollector.dll, Listening on Endpoint : 127.0.0.1:54079
TpTrace Information: 0 : 7328, 1, 2021/11/27, 16:05:06.004, 5200385840897, datacollector.dll, DataCollectionRequestHandler.ProcessRequests : DataCollection started.
TpTrace Information: 0 : 7328, 1, 2021/11/27, 16:05:06.039, 5200386188307, datacollector.dll, DataCollectionRequestHandler.ProcessRequests : Datacollector received message: (DataCollection.TestHostLaunched) -> {
  "ProcessId": 5132
}
TpTrace Information: 0 : 7328, 6, 2021/11/27, 16:05:06.436, 5200390157996, datacollector.dll, Using the buffer size of 16384 bytes
TpTrace Information: 0 : 7328, 6, 2021/11/27, 16:05:06.436, 5200390160376, datacollector.dll, Accepted Client request and set the flag
TpTrace Information: 0 : 7328, 5, 2021/11/27, 16:05:07.182, 5200397623883, datacollector.dll, DataCollectionTestCaseEventHandler: Test case starting.
TpTrace Information: 0 : 7328, 5, 2021/11/27, 16:05:07.249, 5200398295959, datacollector.dll, Blame Collector : Test Case Start
TpTrace Information: 0 : 7328, 5, 2021/11/27, 16:05:07.253, 5200398329156, datacollector.dll, DataCollectionTestCaseEventHandler: Test case 'TestPogresnaSifra - 6b10294d-693c-8bde-94d8-97ba1474c65a' started.
TpTrace Information: 0 : 7328, 5, 2021/11/27, 16:05:07.348, 5200399278694, datacollector.dll, DataCollectionTestCaseEventHandler : Test case completing.
TpTrace Information: 0 : 7328, 5, 2021/11/27, 16:05:07.354, 5200399339311, datacollector.dll, Blame Collector : Test Case End
TpTrace Information: 0 : 7328, 5, 2021/11/27, 16:05:07.362, 5200399422984, datacollector.dll, DataCollectionTestCaseEventHandler: Test case 'TestPogresnaSifra - 6b10294d-693c-8bde-94d8-97ba1474c65a' completed
TpTrace Information: 0 : 7328, 5, 2021/11/27, 16:05:07.380, 5200399601004, datacollector.dll, DataCollectionTestCaseEventHandler: Test case starting.
TpTrace Information: 0 : 7328, 5, 2021/11/27, 16:05:07.381, 5200399608190, datacollector.dll, Blame Collector : Test Case Start
TpTrace Information: 0 : 7328, 5, 2021/11/27, 16:05:07.381, 5200399610753, datacollector.dll, DataCollectionTestCaseEventHandler: Test case 'TestAktivnosti - 03d44b12-18f4-0cbe-1c33-4094b2186c06' started.
TpTrace Information: 0 : 7328, 5, 2021/11/27, 16:05:07.383, 5200399629997, datacollector.dll, DataCollectionTestCaseEventHandler : Test case completing.
TpTrace Information: 0 : 7328, 5, 2021/11/27, 16:05:07.383, 5200399636396, datacollector.dll, Blame Collector : Test Case End
TpTrace Information: 0 : 7328, 5, 2021/11/27, 16:05:07.384, 5200399639357, datacollector.dll, DataCollectionTestCaseEventHandler: Test case 'TestAktivnosti - 03d44b12-18f4-0cbe-1c33-4094b2186c06' completed
TpTrace Information: 0 : 7328, 5, 2021/11/27, 16:05:07.385, 5200399650030, datacollector.dll, DataCollectionTestCaseEventHandler: Test case starting.
TpTrace Information: 0 : 7328, 5, 2021/11/27, 16:05:07.385, 5200399656355, datacollector.dll, Blame Collector : Test Case Start
TpTrace Information: 0 : 7328, 5, 2021/11/27, 16:05:07.386, 5200399658687, datacollector.dll, DataCollectionTestCaseEventHandler: Test case 'TestPogresnihPodataka - c0b925a7-8cbd-7c38-aa41-59795ea98c0e' started.
TpTrace Information: 0 : 7328, 5, 2021/11/27, 16:05:07.388, 5200399678896, datacollector.dll, DataCollectionTestCaseEventHandler : Test case completing.
TpTrace Information: 0 : 7328, 5, 2021/11/27, 16:05:07.399, 5200399791895, datacollector.dll, Blame Collector : Test Case End
TpTrace Information: 0 : 7328, 5, 2021/11/27, 16:05:07.400, 5200399797945, datacollector.dll, DataCollectionTestCaseEventHandler: Test case 'TestPogresnihPodataka - c0b925a7-8cbd-7c38-aa41-59795ea98c0e' completed
TpTrace Information: 0 : 7328, 5, 2021/11/27, 16:05:07.401, 5200399809415, datacollector.dll, DataCollectionTestCaseEventHandler: Test case starting.
TpTrace Information: 0 : 7328, 5, 2021/11/27, 16:05:07.401, 5200399817073, datacollector.dll, Blame Collector : Test Case Start
TpTrace Information: 0 : 7328, 5, 2021/11/27, 16:05:07.403, 5200399829819, datacollector.dll, DataCollectionTestCaseEventHandler: Test case 'TestPovecanjaPrometa - e24cc8fb-745b-e81c-73f9-2fc994551ca5' started.
TpTrace Information: 0 : 7328, 5, 2021/11/27, 16:05:07.405, 5200399853212, datacollector.dll, DataCollectionTestCaseEventHandler : Test case completing.
TpTrace Information: 0 : 7328, 5, 2021/11/27, 16:05:07.406, 5200399859406, datacollector.dll, Blame Collector : Test Case End
TpTrace Information: 0 : 7328, 5, 2021/11/27, 16:05:07.406, 5200399862244, datacollector.dll, DataCollectionTestCaseEventHandler: Test case 'TestPovecanjaPrometa - e24cc8fb-745b-e81c-73f9-2fc994551ca5' completed
TpTrace Information: 0 : 7328, 5, 2021/11/27, 16:05:07.410, 5200399899198, datacollector.dll, DataCollectionTestCaseEventHandler: Test case starting.
TpTrace Information: 0 : 7328, 5, 2021/11/27, 16:05:07.411, 5200399907686, datacollector.dll, Blame Collector : Test Case Start
TpTrace Information: 0 : 7328, 5, 2021/11/27, 16:05:07.411, 5200399911714, datacollector.dll, DataCollectionTestCaseEventHandler: Test case 'TestNegativnogPrometa - e1e62ecb-27da-a0d2-0bac-6daf339d1ad6' started.
TpTrace Information: 0 : 7328, 5, 2021/11/27, 16:05:07.413, 5200399928452, datacollector.dll, DataCollectionTestCaseEventHandler : Test case completing.
TpTrace Information: 0 : 7328, 5, 2021/11/27, 16:05:07.413, 5200399934635, datacollector.dll, Blame Collector : Test Case End
TpTrace Information: 0 : 7328, 5, 2021/11/27, 16:05:07.414, 5200399937940, datacollector.dll, DataCollectionTestCaseEventHandler: Test case 'TestNegativnogPrometa - e1e62ecb-27da-a0d2-0bac-6daf339d1ad6' completed
TpTrace Information: 0 : 7328, 5, 2021/11/27, 16:05:07.423, 5200400028048, datacollector.dll, DataCollectionTestCaseEventHandler: Test session ended
TpTrace Information: 0 : 7328, 1, 2021/11/27, 16:05:07.535, 5200401148596, datacollector.dll, DataCollectionRequestHandler.ProcessRequests : Datacollector received message: (DataCollection.AfterTestRunEnd) -> false
TpTrace Information: 0 : 7328, 1, 2021/11/27, 16:05:07.536, 5200401157637, datacollector.dll, Blame Collector : Session End
TpTrace Information: 0 : 7328, 1, 2021/11/27, 16:05:07.536, 5200401158732, datacollector.dll, BlameCollector.CollectDumpAndAbortTesthost: Custom path to dump directory was provided via VSTEST_DUMP_PATH. Skipping attachment upload, the caller is responsible for collecting and uploading the dumps themselves.
TpTrace Information: 0 : 7328, 1, 2021/11/27, 16:05:07.536, 5200401160120, datacollector.dll, DataCollectionManager.CleanupPlugins: CleanupPlugins called
TpTrace Verbose: 0 : 7328, 1, 2021/11/27, 16:05:07.536, 5200401160776, datacollector.dll, DataCollectionManager.CleanupPlugins: Cleaning up 1 plugins
TpTrace Verbose: 0 : 7328, 1, 2021/11/27, 16:05:07.536, 5200401162139, datacollector.dll, dataCollectorInfo.DisposeDataCollector: calling Dispose() on Microsoft.TestPlatform.Extensions.BlameDataCollector.BlameCollector
TpTrace Information: 0 : 7328, 1, 2021/11/27, 16:05:07.536, 5200401163172, datacollector.dll, DataCollectionManager.CleanupPlugins: CleanupPlugins finished
TpTrace Information: 0 : 7328, 1, 2021/11/27, 16:05:07.541, 5200401216761, datacollector.dll, DataCollectionRequestHandler.ProcessRequests : Session End message received from server. Closing the connection.
TpTrace Information: 0 : 7328, 1, 2021/11/27, 16:05:07.543, 5200401230712, datacollector.dll, Closing the connection !
TpTrace Information: 0 : 7328, 1, 2021/11/27, 16:05:07.543, 5200401232294, datacollector.dll, DataCollectionRequestHandler.ProcessRequests : DataCollection completed
TpTrace Information: 0 : 7328, 1, 2021/11/27, 16:05:07.543, 5200401232931, datacollector.dll, Program.Main: exiting datacollector process.
