TpTrace Verbose: 0 : 6460, 1, 2021/11/26, 15:14:31.009, 371755306616, testhost.dll, Version: 16.9.4
TpTrace Information: 0 : 6460, 1, 2021/11/26, 15:14:31.024, 371755341219, testhost.dll, DefaultEngineInvoker.Invoke: Testhost process started with args :[--port, 60726],[--endpoint, 127.0.0.1:060726],[--role, client],[--parentprocessid, 7232],[--diag, C:\Users\User\Documents\GitHub\Grupa-3-Verifikovani-i-Validirani-Softverasi\Pijaca\Zadatak1\bin\Debug\net5.0\fine-code-coverage\coverage-tool-output\diagnostics.host.21-11-26_15-14-30_71853_4.log],[--tracelevel, 4],[--datacollectionport, 60725],[--telemetryoptedin, false]
TpTrace Information: 0 : 6460, 1, 2021/11/26, 15:14:31.026, 371755349232, testhost.dll, Setting up debug trace listener.
TpTrace Verbose: 0 : 6460, 1, 2021/11/26, 15:14:31.026, 371755350853, testhost.dll, TestPlatformTraceListener.Setup: Replacing listener 0 with TestHostTraceListener.
TpTrace Verbose: 0 : 6460, 1, 2021/11/26, 15:14:31.026, 371755351215, testhost.dll, TestPlatformTraceListener.Setup: Added test platform trace listener.
TpTrace Information: 0 : 6460, 1, 2021/11/26, 15:14:31.028, 371755356417, testhost.dll, DefaultEngineInvoker.SetParentProcessExitCallback: Monitoring parent process with id: '7232'
TpTrace Information: 0 : 6460, 1, 2021/11/26, 15:14:31.062, 371755484489, testhost.dll, DefaultEngineInvoker.GetConnectionInfo: Initialize communication on endpoint address: '127.0.0.1:060726'
TpTrace Information: 0 : 6460, 1, 2021/11/26, 15:14:31.086, 371755570884, testhost.dll, SocketClient.Start: connecting to server endpoint: 127.0.0.1:060726
TpTrace Information: 0 : 6460, 1, 2021/11/26, 15:14:31.097, 371755611660, testhost.dll, DefaultEngineInvoker.ConnectToDatacollector: Connecting to datacollector, port: 60725
TpTrace Information: 0 : 6460, 5, 2021/11/26, 15:14:31.098, 371755617462, testhost.dll, SocketClient.OnServerConnected: connected to server endpoint: 127.0.0.1:060726
TpTrace Verbose: 0 : 6460, 5, 2021/11/26, 15:14:31.102, 371755629979, testhost.dll, Connected to server, and starting MessageLoopAsync
TpTrace Information: 0 : 6460, 1, 2021/11/26, 15:14:31.103, 371755635717, testhost.dll, Trying to connect to server on socket : 127.0.0.1:60725 
TpTrace Verbose: 0 : 6460, 1, 2021/11/26, 15:14:31.104, 371755637987, testhost.dll, SocketCommunicationManager : SetupClientAsync : Attempting to connect to the server.
TpTrace Information: 0 : 6460, 1, 2021/11/26, 15:14:31.105, 371755641716, testhost.dll, Connected to the server successfully 
TpTrace Information: 0 : 6460, 1, 2021/11/26, 15:14:31.105, 371755642161, testhost.dll, Using the buffer size of 16384 bytes
TpTrace Information: 0 : 6460, 1, 2021/11/26, 15:14:31.106, 371755645520, testhost.dll, DefaultEngineInvoker.Invoke: Start Request Processing.
TpTrace Verbose: 0 : 6460, 5, 2021/11/26, 15:14:31.106, 371755646573, testhost.dll, TcpClientExtensions.MessageLoopAsync: Polling on remoteEndPoint: [::ffff:127.0.0.1]:60726 localEndPoint: [::ffff:127.0.0.1]:60727
TpTrace Verbose: 0 : 6460, 5, 2021/11/26, 15:14:31.107, 371755648789, testhost.dll, TcpClientExtensions.MessageLoopAsync: NotifyDataAvailable remoteEndPoint: [::ffff:127.0.0.1]:60726 localEndPoint: [::ffff:127.0.0.1]:60727
TpTrace Information: 0 : 6460, 12, 2021/11/26, 15:14:31.109, 371755656711, testhost.dll, DefaultEngineInvoker.StartProcessingAsync: Connected to vstest.console, Starting process requests.
TpTrace Information: 0 : 6460, 5, 2021/11/26, 15:14:31.306, 371756388292, testhost.dll, TestRequestHandler.ProcessRequests: received message: (ProtocolVersion) -> 5
TpTrace Verbose: 0 : 6460, 5, 2021/11/26, 15:14:31.359, 371756582007, testhost.dll, TestRequestHandler.SendData:  sending data from testhost: {"Version":5,"MessageType":"TestSession.Message","Payload":{"MessageLevel":0,"Message":"Logging TestHost Diagnostics in file: C:\\Users\\User\\Documents\\GitHub\\Grupa-3-Verifikovani-i-Validirani-Softverasi\\Pijaca\\Zadatak1\\bin\\Debug\\net5.0\\fine-code-coverage\\coverage-tool-output\\diagnostics.host.21-11-26_15-14-30_71853_4.log"}}
TpTrace Verbose: 0 : 6460, 5, 2021/11/26, 15:14:31.359, 371756583652, testhost.dll, TcpClientExtensions.MessageLoopAsync: Polling on remoteEndPoint: [::ffff:127.0.0.1]:60726 localEndPoint: [::ffff:127.0.0.1]:60727
TpTrace Verbose: 0 : 6460, 5, 2021/11/26, 15:14:31.359, 371756584258, testhost.dll, TcpClientExtensions.MessageLoopAsync: NotifyDataAvailable remoteEndPoint: [::ffff:127.0.0.1]:60726 localEndPoint: [::ffff:127.0.0.1]:60727
TpTrace Information: 0 : 6460, 5, 2021/11/26, 15:14:31.366, 371756609726, testhost.dll, TestRequestHandler.ProcessRequests: received message: (TestExecution.Initialize) -> [
  "C:\\Users\\User\\Documents\\GitHub\\Grupa-3-Verifikovani-i-Validirani-Softverasi\\Pijaca\\Zadatak1\\bin\\Debug\\net5.0\\fine-code-coverage\\build-output\\Microsoft.VisualStudio.TestPlatform.MSTest.TestAdapter.dll"
]
TpTrace Information: 0 : 6460, 5, 2021/11/26, 15:14:31.367, 371756610897, testhost.dll, Execution Session Initialize.
TpTrace Verbose: 0 : 6460, 5, 2021/11/26, 15:14:31.378, 371756652761, testhost.dll, TcpClientExtensions.MessageLoopAsync: Polling on remoteEndPoint: [::ffff:127.0.0.1]:60726 localEndPoint: [::ffff:127.0.0.1]:60727
TpTrace Verbose: 0 : 6460, 5, 2021/11/26, 15:14:31.378, 371756653461, testhost.dll, TcpClientExtensions.MessageLoopAsync: NotifyDataAvailable remoteEndPoint: [::ffff:127.0.0.1]:60726 localEndPoint: [::ffff:127.0.0.1]:60727
TpTrace Verbose: 0 : 6460, 4, 2021/11/26, 15:14:31.382, 371756670038, testhost.dll, TestExecutorService: Loading the extensions
TpTrace Information: 0 : 6460, 5, 2021/11/26, 15:14:31.383, 371756670918, testhost.dll, TestRequestHandler.ProcessRequests: received message: (TestExecution.StartWithSources) -> {
  "AdapterSourceMap": {
    "_none_": [
      "C:\\Users\\User\\Documents\\GitHub\\Grupa-3-Verifikovani-i-Validirani-Softverasi\\Pijaca\\Zadatak1\\bin\\Debug\\net5.0\\fine-code-coverage\\build-output\\Zadatak1.dll"
    ]
  },
  "RunSettings": "<RunSettings>\r\n  <RunConfiguration>\r\n    <ResultsDirectory>C:\\Users\\User\\Documents\\GitHub\\Grupa-3-Verifikovani-i-Validirani-Softverasi\\Pijaca\\Zadatak1\\bin\\Debug\\net5.0\\fine-code-coverage\\coverage-tool-output</ResultsDirectory>\r\n    <TargetPlatform>X64</TargetPlatform>\r\n    <TargetFrameworkVersion>.NETCoreApp,Version=v5.0</TargetFrameworkVersion>\r\n    <DesignMode>False</DesignMode>\r\n    <CollectSourceInformation>False</CollectSourceInformation>\r\n  </RunConfiguration>\r\n  <LoggerRunSettings>\r\n    <Loggers>\r\n      <Logger friendlyName=\"blame\" enabled=\"True\" />\r\n      <Logger friendlyName=\"Console\" uri=\"logger://microsoft/TestPlatform/ConsoleLogger/v1\" assemblyQualifiedName=\"Microsoft.VisualStudio.TestPlatform.CommandLine.Internal.ConsoleLogger, vstest.console, Version=15.0.0.0, Culture=neutral, PublicKeyToken=b03f5f7f11d50a3a\" codeBase=\"C:\\Program Files\\dotnet\\sdk\\5.0.201\\vstest.console.dll\" enabled=\"True\" />\r\n    </Loggers>\r\n  </LoggerRunSettings>\r\n  <DataCollectionRunSettings>\r\n    <DataCollectors>\r\n      <DataCollector friendlyName=\"blame\" enabled=\"True\">\r\n        <Configuration>\r\n          <ResultsDirectory>C:\\Users\\User\\Documents\\GitHub\\Grupa-3-Verifikovani-i-Validirani-Softverasi\\Pijaca\\Zadatak1\\bin\\Debug\\net5.0\\fine-code-coverage\\coverage-tool-output</ResultsDirectory>\r\n        </Configuration>\r\n      </DataCollector>\r\n    </DataCollectors>\r\n  </DataCollectionRunSettings>\r\n</RunSettings>",
  "TestExecutionContext": {
    "FrequencyOfRunStatsChangeEvent": 10,
    "RunStatsChangeEventTimeout": "00:00:01.5000000",
    "InIsolation": false,
    "KeepAlive": false,
    "AreTestCaseLevelEventsRequired": false,
    "IsDebug": false,
    "TestCaseFilter": null,
    "FilterOptions": null
  },
  "Package": null
}
TpTrace Information: 0 : 6460, 5, 2021/11/26, 15:14:31.383, 371756671982, testhost.dll, Execution started.
TpTrace Verbose: 0 : 6460, 4, 2021/11/26, 15:14:31.386, 371756681925, testhost.dll, TestPluginCache.DiscoverTestExtensions: finding test extensions in assemblies ends with: TestAdapter.dll TPluginInfo: Microsoft.VisualStudio.TestPlatform.Common.ExtensionFramework.Utilities.TestExecutorPluginInformation TExtension: Microsoft.VisualStudio.TestPlatform.ObjectModel.Adapter.ITestExecutor
TpTrace Verbose: 0 : 6460, 4, 2021/11/26, 15:14:31.388, 371756691007, testhost.dll, TestPluginCache.GetExtensionPaths: Filtered extension paths: 
TpTrace Verbose: 0 : 6460, 4, 2021/11/26, 15:14:31.389, 371756693693, testhost.dll, TestPluginCache.GetExtensionPaths: Added default extension paths: C:\Users\User\Documents\GitHub\Grupa-3-Verifikovani-i-Validirani-Softverasi\Pijaca\Zadatak1\bin\Debug\net5.0\fine-code-coverage\build-output\Microsoft.VisualStudio.TestPlatform.MSTest.TestAdapter.dll
TpTrace Verbose: 0 : 6460, 4, 2021/11/26, 15:14:31.389, 371756694090, testhost.dll, TestPluginCache.GetExtensionPaths: Added unfilterableExtensionPaths: 
TpTrace Information: 0 : 6460, 4, 2021/11/26, 15:14:31.393, 371756709439, testhost.dll, AssemblyResolver.ctor: Creating AssemblyResolver with searchDirectories C:\Users\User\Documents\GitHub\Grupa-3-Verifikovani-i-Validirani-Softverasi\Pijaca\Zadatak1\bin\Debug\net5.0\fine-code-coverage\build-output
TpTrace Verbose: 0 : 6460, 4, 2021/11/26, 15:14:31.396, 371756721292, testhost.dll, TestPluginCache.DiscoverTestExtensions: Discovering the extensions using extension path.
TpTrace Verbose: 0 : 6460, 4, 2021/11/26, 15:14:31.397, 371756722204, testhost.dll, TestPluginCache.GetExtensionPaths: Filtered extension paths: 
TpTrace Verbose: 0 : 6460, 4, 2021/11/26, 15:14:31.397, 371756722406, testhost.dll, TestPluginCache.GetExtensionPaths: Added default extension paths: C:\Users\User\Documents\GitHub\Grupa-3-Verifikovani-i-Validirani-Softverasi\Pijaca\Zadatak1\bin\Debug\net5.0\fine-code-coverage\build-output\Microsoft.VisualStudio.TestPlatform.MSTest.TestAdapter.dll
TpTrace Verbose: 0 : 6460, 4, 2021/11/26, 15:14:31.397, 371756722561, testhost.dll, TestPluginCache.GetExtensionPaths: Added unfilterableExtensionPaths: 
TpTrace Verbose: 0 : 6460, 4, 2021/11/26, 15:14:31.397, 371756722911, testhost.dll, TestPluginCache.DiscoverTestExtensions: Discovering the extensions using allExtensionPaths: C:\Users\User\Documents\GitHub\Grupa-3-Verifikovani-i-Validirani-Softverasi\Pijaca\Zadatak1\bin\Debug\net5.0\fine-code-coverage\build-output\Microsoft.VisualStudio.TestPlatform.MSTest.TestAdapter.dll
TpTrace Information: 0 : 6460, 4, 2021/11/26, 15:14:31.398, 371756727955, testhost.dll, AssemblyResolver.AddSearchDirectories: Adding more searchDirectories C:\Users\User\Documents\GitHub\Grupa-3-Verifikovani-i-Validirani-Softverasi\Pijaca\Zadatak1\bin\Debug\net5.0\fine-code-coverage\build-output
TpTrace Information: 0 : 6460, 4, 2021/11/26, 15:14:31.406, 371756757000, testhost.dll, AssemblyResolver.OnResolve: Microsoft.VisualStudio.TestPlatform.MSTest.TestAdapter: Resolving assembly.
TpTrace Information: 0 : 6460, 4, 2021/11/26, 15:14:31.409, 371756768281, testhost.dll, AssemblyResolver.OnResolve: Resolved assembly: Microsoft.VisualStudio.TestPlatform.MSTest.TestAdapter, from path: C:\Users\User\Documents\GitHub\Grupa-3-Verifikovani-i-Validirani-Softverasi\Pijaca\Zadatak1\bin\Debug\net5.0\fine-code-coverage\build-output\Microsoft.VisualStudio.TestPlatform.MSTest.TestAdapter.dll
TpTrace Verbose: 0 : 6460, 4, 2021/11/26, 15:14:31.422, 371756815331, testhost.dll, TestPluginCache: Discovered the extensions using extension path ''.
TpTrace Verbose: 0 : 6460, 4, 2021/11/26, 15:14:31.423, 371756819984, testhost.dll, TestPluginCache: Discoverers are ''.
TpTrace Verbose: 0 : 6460, 4, 2021/11/26, 15:14:31.423, 371756820812, testhost.dll, TestPluginCache: Executors are 'executor://MSTestAdapter/v2'.
TpTrace Verbose: 0 : 6460, 4, 2021/11/26, 15:14:31.423, 371756821154, testhost.dll, TestPluginCache: Executors2 are ''.
TpTrace Verbose: 0 : 6460, 4, 2021/11/26, 15:14:31.423, 371756821469, testhost.dll, TestPluginCache: Setting providers are ''.
TpTrace Verbose: 0 : 6460, 4, 2021/11/26, 15:14:31.423, 371756821762, testhost.dll, TestPluginCache: Loggers are ''.
TpTrace Verbose: 0 : 6460, 4, 2021/11/26, 15:14:31.429, 371756841354, testhost.dll, TestPluginCache.DiscoverTestExtensions: finding test extensions in assemblies ends with: TestAdapter.dll TPluginInfo: Microsoft.VisualStudio.TestPlatform.Common.ExtensionFramework.Utilities.TestExecutorPluginInformation2 TExtension: Microsoft.VisualStudio.TestPlatform.ObjectModel.Adapter.ITestExecutor2
TpTrace Verbose: 0 : 6460, 4, 2021/11/26, 15:14:31.429, 371756843424, testhost.dll, TestPluginCache.GetExtensionPaths: Filtered extension paths: 
TpTrace Verbose: 0 : 6460, 4, 2021/11/26, 15:14:31.429, 371756843782, testhost.dll, TestPluginCache.GetExtensionPaths: Added default extension paths: C:\Users\User\Documents\GitHub\Grupa-3-Verifikovani-i-Validirani-Softverasi\Pijaca\Zadatak1\bin\Debug\net5.0\fine-code-coverage\build-output\Microsoft.VisualStudio.TestPlatform.MSTest.TestAdapter.dll
TpTrace Verbose: 0 : 6460, 4, 2021/11/26, 15:14:31.429, 371756843962, testhost.dll, TestPluginCache.GetExtensionPaths: Added unfilterableExtensionPaths: 
TpTrace Information: 0 : 6460, 4, 2021/11/26, 15:14:31.430, 371756845163, testhost.dll, AssemblyResolver.AddSearchDirectories: Adding more searchDirectories C:\Users\User\Documents\GitHub\Grupa-3-Verifikovani-i-Validirani-Softverasi\Pijaca\Zadatak1\bin\Debug\net5.0\fine-code-coverage\build-output
TpTrace Verbose: 0 : 6460, 4, 2021/11/26, 15:14:31.430, 371756845454, testhost.dll, TestPluginCache.DiscoverTestExtensions: Discovering the extensions using extension path.
TpTrace Verbose: 0 : 6460, 4, 2021/11/26, 15:14:31.430, 371756845652, testhost.dll, TestPluginCache.GetExtensionPaths: Filtered extension paths: 
TpTrace Verbose: 0 : 6460, 4, 2021/11/26, 15:14:31.430, 371756845842, testhost.dll, TestPluginCache.GetExtensionPaths: Added default extension paths: C:\Users\User\Documents\GitHub\Grupa-3-Verifikovani-i-Validirani-Softverasi\Pijaca\Zadatak1\bin\Debug\net5.0\fine-code-coverage\build-output\Microsoft.VisualStudio.TestPlatform.MSTest.TestAdapter.dll
TpTrace Verbose: 0 : 6460, 4, 2021/11/26, 15:14:31.430, 371756845980, testhost.dll, TestPluginCache.GetExtensionPaths: Added unfilterableExtensionPaths: 
TpTrace Verbose: 0 : 6460, 5, 2021/11/26, 15:14:31.430, 371756846004, testhost.dll, TcpClientExtensions.MessageLoopAsync: Polling on remoteEndPoint: [::ffff:127.0.0.1]:60726 localEndPoint: [::ffff:127.0.0.1]:60727
TpTrace Verbose: 0 : 6460, 4, 2021/11/26, 15:14:31.430, 371756846134, testhost.dll, TestPluginCache.DiscoverTestExtensions: Discovering the extensions using allExtensionPaths: C:\Users\User\Documents\GitHub\Grupa-3-Verifikovani-i-Validirani-Softverasi\Pijaca\Zadatak1\bin\Debug\net5.0\fine-code-coverage\build-output\Microsoft.VisualStudio.TestPlatform.MSTest.TestAdapter.dll
TpTrace Information: 0 : 6460, 4, 2021/11/26, 15:14:31.430, 371756846924, testhost.dll, AssemblyResolver.AddSearchDirectories: Adding more searchDirectories C:\Users\User\Documents\GitHub\Grupa-3-Verifikovani-i-Validirani-Softverasi\Pijaca\Zadatak1\bin\Debug\net5.0\fine-code-coverage\build-output
TpTrace Verbose: 0 : 6460, 4, 2021/11/26, 15:14:31.431, 371756848778, testhost.dll, TestPluginCache: Discovered the extensions using extension path ''.
TpTrace Verbose: 0 : 6460, 4, 2021/11/26, 15:14:31.431, 371756849004, testhost.dll, TestPluginCache: Discoverers are ''.
TpTrace Verbose: 0 : 6460, 4, 2021/11/26, 15:14:31.431, 371756849200, testhost.dll, TestPluginCache: Executors are 'executor://MSTestAdapter/v2'.
TpTrace Verbose: 0 : 6460, 4, 2021/11/26, 15:14:31.431, 371756849506, testhost.dll, TestPluginCache: Executors2 are ''.
TpTrace Verbose: 0 : 6460, 4, 2021/11/26, 15:14:31.431, 371756849647, testhost.dll, TestPluginCache: Setting providers are ''.
TpTrace Verbose: 0 : 6460, 4, 2021/11/26, 15:14:31.431, 371756849757, testhost.dll, TestPluginCache: Loggers are ''.
TpTrace Information: 0 : 6460, 4, 2021/11/26, 15:14:31.437, 371756872587, testhost.dll, TestPluginManager.CreateTestExtension: Attempting to load test extension: Microsoft.VisualStudio.TestPlatform.MSTest.TestAdapter.MSTestExecutor
TpTrace Verbose: 0 : 6460, 4, 2021/11/26, 15:14:31.449, 371756918190, testhost.dll, TestExecutorExtensionManager: Loading executor Microsoft.VisualStudio.TestPlatform.MSTest.TestAdapter.MSTestExecutor
TpTrace Verbose: 0 : 6460, 4, 2021/11/26, 15:14:31.450, 371756919029, testhost.dll, TestExecutorService: Loaded the executors
TpTrace Verbose: 0 : 6460, 4, 2021/11/26, 15:14:31.451, 371756924170, testhost.dll, TestPluginCache.DiscoverTestExtensions: finding test extensions in assemblies ends with: TestAdapter.dll TPluginInfo: Microsoft.VisualStudio.TestPlatform.Common.ExtensionFramework.Utilities.TestSettingsProviderPluginInformation TExtension: Microsoft.VisualStudio.TestPlatform.ObjectModel.Adapter.ISettingsProvider
TpTrace Verbose: 0 : 6460, 4, 2021/11/26, 15:14:31.451, 371756924988, testhost.dll, TestPluginCache.GetExtensionPaths: Filtered extension paths: 
TpTrace Verbose: 0 : 6460, 4, 2021/11/26, 15:14:31.451, 371756925187, testhost.dll, TestPluginCache.GetExtensionPaths: Added default extension paths: C:\Users\User\Documents\GitHub\Grupa-3-Verifikovani-i-Validirani-Softverasi\Pijaca\Zadatak1\bin\Debug\net5.0\fine-code-coverage\build-output\Microsoft.VisualStudio.TestPlatform.MSTest.TestAdapter.dll
TpTrace Verbose: 0 : 6460, 4, 2021/11/26, 15:14:31.451, 371756925400, testhost.dll, TestPluginCache.GetExtensionPaths: Added unfilterableExtensionPaths: 
TpTrace Information: 0 : 6460, 4, 2021/11/26, 15:14:31.452, 371756926558, testhost.dll, AssemblyResolver.AddSearchDirectories: Adding more searchDirectories C:\Users\User\Documents\GitHub\Grupa-3-Verifikovani-i-Validirani-Softverasi\Pijaca\Zadatak1\bin\Debug\net5.0\fine-code-coverage\build-output
TpTrace Verbose: 0 : 6460, 4, 2021/11/26, 15:14:31.452, 371756927128, testhost.dll, TestPluginCache.DiscoverTestExtensions: Discovering the extensions using extension path.
TpTrace Verbose: 0 : 6460, 4, 2021/11/26, 15:14:31.452, 371756927401, testhost.dll, TestPluginCache.GetExtensionPaths: Filtered extension paths: 
TpTrace Verbose: 0 : 6460, 4, 2021/11/26, 15:14:31.452, 371756927567, testhost.dll, TestPluginCache.GetExtensionPaths: Added default extension paths: C:\Users\User\Documents\GitHub\Grupa-3-Verifikovani-i-Validirani-Softverasi\Pijaca\Zadatak1\bin\Debug\net5.0\fine-code-coverage\build-output\Microsoft.VisualStudio.TestPlatform.MSTest.TestAdapter.dll
TpTrace Verbose: 0 : 6460, 4, 2021/11/26, 15:14:31.452, 371756927726, testhost.dll, TestPluginCache.GetExtensionPaths: Added unfilterableExtensionPaths: 
TpTrace Verbose: 0 : 6460, 4, 2021/11/26, 15:14:31.452, 371756927899, testhost.dll, TestPluginCache.DiscoverTestExtensions: Discovering the extensions using allExtensionPaths: C:\Users\User\Documents\GitHub\Grupa-3-Verifikovani-i-Validirani-Softverasi\Pijaca\Zadatak1\bin\Debug\net5.0\fine-code-coverage\build-output\Microsoft.VisualStudio.TestPlatform.MSTest.TestAdapter.dll
TpTrace Information: 0 : 6460, 4, 2021/11/26, 15:14:31.452, 371756928236, testhost.dll, AssemblyResolver.AddSearchDirectories: Adding more searchDirectories C:\Users\User\Documents\GitHub\Grupa-3-Verifikovani-i-Validirani-Softverasi\Pijaca\Zadatak1\bin\Debug\net5.0\fine-code-coverage\build-output
TpTrace Verbose: 0 : 6460, 4, 2021/11/26, 15:14:31.453, 371756930037, testhost.dll, TestPluginCache: Discovered the extensions using extension path ''.
TpTrace Verbose: 0 : 6460, 4, 2021/11/26, 15:14:31.453, 371756930345, testhost.dll, TestPluginCache: Discoverers are ''.
TpTrace Verbose: 0 : 6460, 4, 2021/11/26, 15:14:31.453, 371756930518, testhost.dll, TestPluginCache: Executors are 'executor://MSTestAdapter/v2'.
TpTrace Verbose: 0 : 6460, 4, 2021/11/26, 15:14:31.453, 371756930737, testhost.dll, TestPluginCache: Executors2 are ''.
TpTrace Verbose: 0 : 6460, 4, 2021/11/26, 15:14:31.453, 371756930982, testhost.dll, TestPluginCache: Setting providers are ''.
TpTrace Verbose: 0 : 6460, 4, 2021/11/26, 15:14:31.453, 371756931132, testhost.dll, TestPluginCache: Loggers are ''.
TpTrace Verbose: 0 : 6460, 4, 2021/11/26, 15:14:31.455, 371756938752, testhost.dll, TestExecutorService: Loaded the settings providers
TpTrace Information: 0 : 6460, 4, 2021/11/26, 15:14:31.455, 371756939348, testhost.dll, TestExecutorService: Loaded the extensions
TpTrace Information: 0 : 6460, 4, 2021/11/26, 15:14:31.562, 371757336245, testhost.dll, TestDiscoveryManager: Discovering tests from sources C:\Users\User\Documents\GitHub\Grupa-3-Verifikovani-i-Validirani-Softverasi\Pijaca\Zadatak1\bin\Debug\net5.0\fine-code-coverage\build-output\Zadatak1.dll
TpTrace Verbose: 0 : 6460, 4, 2021/11/26, 15:14:31.566, 371757350965, testhost.dll, TestPluginCache.DiscoverTestExtensions: finding test extensions in assemblies ends with: TestAdapter.dll TPluginInfo: Microsoft.VisualStudio.TestPlatform.Common.ExtensionFramework.Utilities.TestDiscovererPluginInformation TExtension: Microsoft.VisualStudio.TestPlatform.ObjectModel.Adapter.ITestDiscoverer
TpTrace Verbose: 0 : 6460, 4, 2021/11/26, 15:14:31.567, 371757352190, testhost.dll, TestPluginCache.GetExtensionPaths: Filtered extension paths: 
TpTrace Verbose: 0 : 6460, 4, 2021/11/26, 15:14:31.567, 371757352404, testhost.dll, TestPluginCache.GetExtensionPaths: Added default extension paths: C:\Users\User\Documents\GitHub\Grupa-3-Verifikovani-i-Validirani-Softverasi\Pijaca\Zadatak1\bin\Debug\net5.0\fine-code-coverage\build-output\Microsoft.VisualStudio.TestPlatform.MSTest.TestAdapter.dll
TpTrace Verbose: 0 : 6460, 4, 2021/11/26, 15:14:31.567, 371757352575, testhost.dll, TestPluginCache.GetExtensionPaths: Added unfilterableExtensionPaths: 
TpTrace Information: 0 : 6460, 4, 2021/11/26, 15:14:31.567, 371757353267, testhost.dll, AssemblyResolver.AddSearchDirectories: Adding more searchDirectories C:\Users\User\Documents\GitHub\Grupa-3-Verifikovani-i-Validirani-Softverasi\Pijaca\Zadatak1\bin\Debug\net5.0\fine-code-coverage\build-output
TpTrace Verbose: 0 : 6460, 4, 2021/11/26, 15:14:31.567, 371757353479, testhost.dll, TestPluginCache.DiscoverTestExtensions: Discovering the extensions using extension path.
TpTrace Verbose: 0 : 6460, 4, 2021/11/26, 15:14:31.567, 371757353662, testhost.dll, TestPluginCache.GetExtensionPaths: Filtered extension paths: 
TpTrace Verbose: 0 : 6460, 4, 2021/11/26, 15:14:31.567, 371757353838, testhost.dll, TestPluginCache.GetExtensionPaths: Added default extension paths: C:\Users\User\Documents\GitHub\Grupa-3-Verifikovani-i-Validirani-Softverasi\Pijaca\Zadatak1\bin\Debug\net5.0\fine-code-coverage\build-output\Microsoft.VisualStudio.TestPlatform.MSTest.TestAdapter.dll
TpTrace Verbose: 0 : 6460, 4, 2021/11/26, 15:14:31.567, 371757353991, testhost.dll, TestPluginCache.GetExtensionPaths: Added unfilterableExtensionPaths: 
TpTrace Verbose: 0 : 6460, 4, 2021/11/26, 15:14:31.567, 371757354151, testhost.dll, TestPluginCache.DiscoverTestExtensions: Discovering the extensions using allExtensionPaths: C:\Users\User\Documents\GitHub\Grupa-3-Verifikovani-i-Validirani-Softverasi\Pijaca\Zadatak1\bin\Debug\net5.0\fine-code-coverage\build-output\Microsoft.VisualStudio.TestPlatform.MSTest.TestAdapter.dll
TpTrace Information: 0 : 6460, 4, 2021/11/26, 15:14:31.567, 371757354428, testhost.dll, AssemblyResolver.AddSearchDirectories: Adding more searchDirectories C:\Users\User\Documents\GitHub\Grupa-3-Verifikovani-i-Validirani-Softverasi\Pijaca\Zadatak1\bin\Debug\net5.0\fine-code-coverage\build-output
TpTrace Verbose: 0 : 6460, 4, 2021/11/26, 15:14:31.572, 371757372156, testhost.dll, TestPluginCache: Discovered the extensions using extension path ''.
TpTrace Verbose: 0 : 6460, 4, 2021/11/26, 15:14:31.572, 371757373016, testhost.dll, TestPluginCache: Discoverers are 'Microsoft.VisualStudio.TestPlatform.MSTest.TestAdapter.MSTestDiscoverer, Microsoft.VisualStudio.TestPlatform.MSTest.TestAdapter, Version=14.0.0.0, Culture=neutral, PublicKeyToken=b03f5f7f11d50a3a'.
TpTrace Verbose: 0 : 6460, 4, 2021/11/26, 15:14:31.572, 371757373209, testhost.dll, TestPluginCache: Executors are 'executor://MSTestAdapter/v2'.
TpTrace Verbose: 0 : 6460, 4, 2021/11/26, 15:14:31.572, 371757373358, testhost.dll, TestPluginCache: Executors2 are ''.
TpTrace Verbose: 0 : 6460, 4, 2021/11/26, 15:14:31.572, 371757373508, testhost.dll, TestPluginCache: Setting providers are ''.
TpTrace Verbose: 0 : 6460, 4, 2021/11/26, 15:14:31.572, 371757373657, testhost.dll, TestPluginCache: Loggers are ''.
TpTrace Verbose: 0 : 6460, 4, 2021/11/26, 15:14:31.582, 371757407718, testhost.dll, BaseRunTests.RunTestInternalWithExecutors: Running tests for executor://MSTestAdapter/v2
TpTrace Information: 0 : 6460, 4, 2021/11/26, 15:14:31.583, 371757411887, testhost.dll, AssemblyResolver.OnResolve: Microsoft.VisualStudio.TestPlatform.MSTestAdapter.PlatformServices.Interface: Resolving assembly.
TpTrace Information: 0 : 6460, 4, 2021/11/26, 15:14:31.584, 371757416522, testhost.dll, AssemblyResolver.OnResolve: Resolved assembly: Microsoft.VisualStudio.TestPlatform.MSTestAdapter.PlatformServices.Interface, from path: C:\Users\User\Documents\GitHub\Grupa-3-Verifikovani-i-Validirani-Softverasi\Pijaca\Zadatak1\bin\Debug\net5.0\fine-code-coverage\build-output\Microsoft.VisualStudio.TestPlatform.MSTestAdapter.PlatformServices.Interface.dll
TpTrace Information: 0 : 6460, 4, 2021/11/26, 15:14:31.586, 371757423295, testhost.dll, AssemblyResolver.OnResolve: Microsoft.VisualStudio.TestPlatform.MSTestAdapter.PlatformServices: Resolving assembly.
TpTrace Information: 0 : 6460, 4, 2021/11/26, 15:14:31.587, 371757427870, testhost.dll, AssemblyResolver.OnResolve: Resolved assembly: Microsoft.VisualStudio.TestPlatform.MSTestAdapter.PlatformServices, from path: C:\Users\User\Documents\GitHub\Grupa-3-Verifikovani-i-Validirani-Softverasi\Pijaca\Zadatak1\bin\Debug\net5.0\fine-code-coverage\build-output\Microsoft.VisualStudio.TestPlatform.MSTestAdapter.PlatformServices.dll
TpTrace Information: 0 : 6460, 4, 2021/11/26, 15:14:31.588, 371757431354, testhost.dll, MSTest - MSTestExecutor.RunTests: Running tests from sources.
TpTrace Information: 0 : 6460, 4, 2021/11/26, 15:14:31.593, 371757449075, testhost.dll, MSTest - CollectSourceInformation value Found : False 
TpTrace Information: 0 : 6460, 4, 2021/11/26, 15:14:31.658, 371757689174, testhost.dll, AssemblyResolver.OnResolve: Microsoft.TestPlatform.AdapterUtilities: Resolving assembly.
TpTrace Information: 0 : 6460, 4, 2021/11/26, 15:14:31.659, 371757693419, testhost.dll, AssemblyResolver.OnResolve: Resolved assembly: Microsoft.TestPlatform.AdapterUtilities, from path: C:\Users\User\Documents\GitHub\Grupa-3-Verifikovani-i-Validirani-Softverasi\Pijaca\Zadatak1\bin\Debug\net5.0\fine-code-coverage\build-output\Microsoft.TestPlatform.AdapterUtilities.dll
TpTrace Information: 0 : 6460, 4, 2021/11/26, 15:14:31.676, 371757758401, testhost.dll, MSTest - MSTestDiscoverer: Found 5 tests from source C:\Users\User\Documents\GitHub\Grupa-3-Verifikovani-i-Validirani-Softverasi\Pijaca\Zadatak1\bin\Debug\net5.0\fine-code-coverage\build-output\Zadatak1.dll
TpTrace Information: 0 : 6460, 4, 2021/11/26, 15:14:31.696, 371757831903, testhost.dll, AssemblyResolver.OnResolve: Microsoft.VisualStudio.TestPlatform.MSTestAdapter.PlatformServices.resources: Resolving assembly.
TpTrace Information: 0 : 6460, 4, 2021/11/26, 15:14:31.696, 371757832762, testhost.dll, AssemblyResolver.OnResolve: Microsoft.VisualStudio.TestPlatform.MSTestAdapter.PlatformServices.resources: Failed to load assembly.
TpTrace Information: 0 : 6460, 4, 2021/11/26, 15:14:31.697, 371757835015, testhost.dll, AssemblyResolver.OnResolve: Microsoft.VisualStudio.TestPlatform.MSTestAdapter.PlatformServices.resources: Resolving assembly.
TpTrace Information: 0 : 6460, 4, 2021/11/26, 15:14:31.697, 371757835375, testhost.dll, AssemblyResolver.OnResolve: Microsoft.VisualStudio.TestPlatform.MSTestAdapter.PlatformServices.resources: Resolved from cache.
TpTrace Information: 0 : 6460, 4, 2021/11/26, 15:14:31.715, 371757902483, testhost.dll, MSTest - Created unit-test runner C:\Users\User\Documents\GitHub\Grupa-3-Verifikovani-i-Validirani-Softverasi\Pijaca\Zadatak1\bin\Debug\net5.0\fine-code-coverage\build-output\Zadatak1.dll
TpTrace Verbose: 0 : 6460, 4, 2021/11/26, 15:14:31.721, 371757922882, testhost.dll, TestExecutionRecorder.RecordStart: Starting test: Zadatak1.ProdavacTest.TestPogresnaSifra.
TpTrace Information: 0 : 6460, 4, 2021/11/26, 15:14:31.833, 371758338216, testhost.dll, MSTest - Executing test TestPogresnaSifra
TpTrace Information: 0 : 6460, 4, 2021/11/26, 15:14:31.911, 371758627344, testhost.dll, MSTest - Executed test TestPogresnaSifra
TpTrace Verbose: 0 : 6460, 4, 2021/11/26, 15:14:31.918, 371758654584, testhost.dll, TestExecutionRecorder.RecordEnd: test: Zadatak1.ProdavacTest.TestPogresnaSifra execution completed.
TpTrace Verbose: 0 : 6460, 4, 2021/11/26, 15:14:31.954, 371758785708, testhost.dll, TestExecutionRecorder.RecordResult: Received result for test: Zadatak1.ProdavacTest.TestPogresnaSifra.
TpTrace Warning: 0 : 6460, 4, 2021/11/26, 15:14:31.961, 371758812614, testhost.dll, TestRunCache: InProgressTests is null
TpTrace Warning: 0 : 6460, 4, 2021/11/26, 15:14:31.961, 371758813615, testhost.dll, TestRunCache: No test found corresponding to testResult '' in inProgress list.
TpTrace Verbose: 0 : 6460, 4, 2021/11/26, 15:14:31.961, 371758814320, testhost.dll, TestExecutionRecorder.RecordStart: Starting test: Zadatak1.ProdavacTest.TestAktivnosti.
TpTrace Information: 0 : 6460, 4, 2021/11/26, 15:14:31.965, 371758827991, testhost.dll, MSTest - Executing test TestAktivnosti
TpTrace Information: 0 : 6460, 4, 2021/11/26, 15:14:31.966, 371758832572, testhost.dll, MSTest - Executed test TestAktivnosti
TpTrace Verbose: 0 : 6460, 4, 2021/11/26, 15:14:31.966, 371758833261, testhost.dll, TestExecutionRecorder.RecordEnd: test: Zadatak1.ProdavacTest.TestAktivnosti execution completed.
TpTrace Verbose: 0 : 6460, 4, 2021/11/26, 15:14:31.970, 371758847121, testhost.dll, TestExecutionRecorder.RecordResult: Received result for test: Zadatak1.ProdavacTest.TestAktivnosti.
TpTrace Warning: 0 : 6460, 4, 2021/11/26, 15:14:31.970, 371758847583, testhost.dll, TestRunCache: InProgressTests is null
TpTrace Warning: 0 : 6460, 4, 2021/11/26, 15:14:31.970, 371758847763, testhost.dll, TestRunCache: No test found corresponding to testResult '' in inProgress list.
TpTrace Verbose: 0 : 6460, 4, 2021/11/26, 15:14:31.970, 371758848063, testhost.dll, TestExecutionRecorder.RecordStart: Starting test: Zadatak1.ProdavacTest.TestPogresnihPodataka.
TpTrace Information: 0 : 6460, 4, 2021/11/26, 15:14:31.974, 371758860991, testhost.dll, MSTest - Executing test TestPogresnihPodataka
TpTrace Information: 0 : 6460, 4, 2021/11/26, 15:14:31.975, 371758865506, testhost.dll, MSTest - Executed test TestPogresnihPodataka
TpTrace Verbose: 0 : 6460, 4, 2021/11/26, 15:14:31.975, 371758865943, testhost.dll, TestExecutionRecorder.RecordEnd: test: Zadatak1.ProdavacTest.TestPogresnihPodataka execution completed.
TpTrace Verbose: 0 : 6460, 4, 2021/11/26, 15:14:31.979, 371758877975, testhost.dll, TestExecutionRecorder.RecordResult: Received result for test: Zadatak1.ProdavacTest.TestPogresnihPodataka.
TpTrace Warning: 0 : 6460, 4, 2021/11/26, 15:14:31.979, 371758878355, testhost.dll, TestRunCache: InProgressTests is null
TpTrace Warning: 0 : 6460, 4, 2021/11/26, 15:14:31.979, 371758878535, testhost.dll, TestRunCache: No test found corresponding to testResult '' in inProgress list.
TpTrace Verbose: 0 : 6460, 4, 2021/11/26, 15:14:31.979, 371758878834, testhost.dll, TestExecutionRecorder.RecordStart: Starting test: Zadatak1.ProdavacTest.TestPovecanjaPrometa.
TpTrace Information: 0 : 6460, 4, 2021/11/26, 15:14:31.984, 371758897865, testhost.dll, MSTest - Executing test TestPovecanjaPrometa
TpTrace Information: 0 : 6460, 4, 2021/11/26, 15:14:31.986, 371758904292, testhost.dll, MSTest - Executed test TestPovecanjaPrometa
TpTrace Verbose: 0 : 6460, 4, 2021/11/26, 15:14:31.986, 371758904910, testhost.dll, TestExecutionRecorder.RecordEnd: test: Zadatak1.ProdavacTest.TestPovecanjaPrometa execution completed.
TpTrace Verbose: 0 : 6460, 4, 2021/11/26, 15:14:31.989, 371758916274, testhost.dll, TestExecutionRecorder.RecordResult: Received result for test: Zadatak1.ProdavacTest.TestPovecanjaPrometa.
TpTrace Warning: 0 : 6460, 4, 2021/11/26, 15:14:31.989, 371758916610, testhost.dll, TestRunCache: InProgressTests is null
TpTrace Warning: 0 : 6460, 4, 2021/11/26, 15:14:31.989, 371758916759, testhost.dll, TestRunCache: No test found corresponding to testResult '' in inProgress list.
TpTrace Verbose: 0 : 6460, 4, 2021/11/26, 15:14:31.989, 371758917301, testhost.dll, TestExecutionRecorder.RecordStart: Starting test: Zadatak1.ProdavacTest.TestNegativnogPrometa.
TpTrace Information: 0 : 6460, 4, 2021/11/26, 15:14:31.992, 371758929386, testhost.dll, MSTest - Executing test TestNegativnogPrometa
TpTrace Information: 0 : 6460, 4, 2021/11/26, 15:14:31.993, 371758932302, testhost.dll, MSTest - Executed test TestNegativnogPrometa
TpTrace Verbose: 0 : 6460, 4, 2021/11/26, 15:14:31.993, 371758932784, testhost.dll, TestExecutionRecorder.RecordEnd: test: Zadatak1.ProdavacTest.TestNegativnogPrometa execution completed.
TpTrace Verbose: 0 : 6460, 4, 2021/11/26, 15:14:31.997, 371758944845, testhost.dll, TestExecutionRecorder.RecordResult: Received result for test: Zadatak1.ProdavacTest.TestNegativnogPrometa.
TpTrace Warning: 0 : 6460, 4, 2021/11/26, 15:14:31.997, 371758945234, testhost.dll, TestRunCache: InProgressTests is null
TpTrace Warning: 0 : 6460, 4, 2021/11/26, 15:14:31.997, 371758945411, testhost.dll, TestRunCache: No test found corresponding to testResult '' in inProgress list.
TpTrace Information: 0 : 6460, 4, 2021/11/26, 15:14:31.997, 371758946824, testhost.dll, MSTest - Executing cleanup methods.
TpTrace Information: 0 : 6460, 4, 2021/11/26, 15:14:32.000, 371758956847, testhost.dll, MSTest - Executed cleanup methods.
TpTrace Information: 0 : 6460, 4, 2021/11/26, 15:14:32.000, 371758957260, testhost.dll, MSTest - Executed tests belonging to source C:\Users\User\Documents\GitHub\Grupa-3-Verifikovani-i-Validirani-Softverasi\Pijaca\Zadatak1\bin\Debug\net5.0\fine-code-coverage\build-output\Zadatak1.dll
TpTrace Information: 0 : 6460, 4, 2021/11/26, 15:14:32.000, 371758958837, testhost.dll, Deleting deployment directory C:\Users\User\Documents\GitHub\Grupa-3-Verifikovani-i-Validirani-Softverasi\Pijaca\Zadatak1\bin\Debug\net5.0\fine-code-coverage\coverage-tool-output\Deploy_User 2021-11-26 15_14_31
TpTrace Information: 0 : 6460, 4, 2021/11/26, 15:14:32.006, 371758979360, testhost.dll, Deleted deployment directory C:\Users\User\Documents\GitHub\Grupa-3-Verifikovani-i-Validirani-Softverasi\Pijaca\Zadatak1\bin\Debug\net5.0\fine-code-coverage\coverage-tool-output\Deploy_User 2021-11-26 15_14_31
TpTrace Verbose: 0 : 6460, 4, 2021/11/26, 15:14:32.007, 371758983389, testhost.dll, BaseRunTests.RunTestInternalWithExecutors: Completed running tests for executor://MSTestAdapter/v2
TpTrace Information: 0 : 6460, 4, 2021/11/26, 15:14:32.015, 371759012790, testhost.dll, Sending test run complete
TpTrace Verbose: 0 : 6460, 4, 2021/11/26, 15:14:32.092, 371759297577, testhost.dll, TestRequestHandler.SendData:  sending data from testhost: {"Version":5,"MessageType":"TestExecution.Completed","Payload":{"TestRunCompleteArgs":{"TestRunStatistics":{"ExecutedTests":5,"Stats":{"Passed":5}},"IsCanceled":false,"IsAborted":false,"Error":null,"AttachmentSets":[],"ElapsedTimeInRunningTests":"00:00:00.4324658","Metrics":{}},"LastRunTests":{"NewTestResults":[{"TestCase":{"Id":"6b10294d-693c-8bde-94d8-97ba1474c65a","FullyQualifiedName":"Zadatak1.ProdavacTest.TestPogresnaSifra","DisplayName":"TestPogresnaSifra","ExecutorUri":"executor://MSTestAdapter/v2","Source":"C:\\Users\\User\\Documents\\GitHub\\Grupa-3-Verifikovani-i-Validirani-Softverasi\\Pijaca\\Zadatak1\\bin\\Debug\\net5.0\\fine-code-coverage\\build-output\\Zadatak1.dll","CodeFilePath":null,"LineNumber":-1,"Properties":[{"Key":{"Id":"TestCase.ManagedType","Label":"ManagedType","Category":"","Description":"","Attributes":1,"ValueType":"System.String"},"Value":"Zadatak1.ProdavacTest"},{"Key":{"Id":"TestCase.ManagedMethod","Label":"ManagedMethod","Category":"","Description":"","Attributes":1,"ValueType":"System.String"},"Value":"TestPogresnaSifra"},{"Key":{"Id":"MSTestDiscoverer.TestClassName","Label":"ClassName","Category":"","Description":"","Attributes":1,"ValueType":"System.String"},"Value":"Zadatak1.ProdavacTest"},{"Key":{"Id":"TestObject.Traits","Label":"Traits","Category":"","Description":"","Attributes":5,"ValueType":"System.Collections.Generic.KeyValuePair`2[[System.String],[System.String]][]"},"Value":[]}]},"Attachments":[],"Outcome":1,"ErrorMessage":null,"ErrorStackTrace":null,"DisplayName":null,"Messages":[],"ComputerName":null,"Duration":"00:00:00.0151328","StartTime":"2021-11-26T15:14:31.8336031+01:00","EndTime":"2021-11-26T15:14:31.9116076+01:00","Properties":[{"Key":{"Id":"ExecutionId","Label":"ExecutionId","Category":"","Description":"","Attributes":1,"ValueType":"System.Guid"},"Value":"00000000-0000-0000-0000-000000000000"},{"Key":{"Id":"ParentExecId","Label":"ParentExecId","Category":"","Description":"","Attributes":1,"ValueType":"System.Guid"},"Value":"00000000-0000-0000-0000-000000000000"},{"Key":{"Id":"InnerResultsCount","Label":"InnerResultsCount","Category":"","Description":"","Attributes":1,"ValueType":"System.Int32"},"Value":0}]},{"TestCase":{"Id":"03d44b12-18f4-0cbe-1c33-4094b2186c06","FullyQualifiedName":"Zadatak1.ProdavacTest.TestAktivnosti","DisplayName":"TestAktivnosti","ExecutorUri":"executor://MSTestAdapter/v2","Source":"C:\\Users\\User\\Documents\\GitHub\\Grupa-3-Verifikovani-i-Validirani-Softverasi\\Pijaca\\Zadatak1\\bin\\Debug\\net5.0\\fine-code-coverage\\build-output\\Zadatak1.dll","CodeFilePath":null,"LineNumber":-1,"Properties":[{"Key":{"Id":"TestCase.ManagedType","Label":"ManagedType","Category":"","Description":"","Attributes":1,"ValueType":"System.String"},"Value":"Zadatak1.ProdavacTest"},{"Key":{"Id":"TestCase.ManagedMethod","Label":"ManagedMethod","Category":"","Description":"","Attributes":1,"ValueType":"System.String"},"Value":"TestAktivnosti"},{"Key":{"Id":"MSTestDiscoverer.TestClassName","Label":"ClassName","Category":"","Description":"","Attributes":1,"ValueType":"System.String"},"Value":"Zadatak1.ProdavacTest"},{"Key":{"Id":"TestObject.Traits","Label":"Traits","Category":"","Description":"","Attributes":5,"ValueType":"System.Collections.Generic.KeyValuePair`2[[System.String],[System.String]][]"},"Value":[]}]},"Attachments":[],"Outcome":1,"ErrorMessage":null,"ErrorStackTrace":null,"DisplayName":null,"Messages":[],"ComputerName":null,"Duration":"00:00:00.0007831","StartTime":"2021-11-26T15:14:31.9656107+01:00","EndTime":"2021-11-26T15:14:31.9666108+01:00","Properties":[{"Key":{"Id":"ExecutionId","Label":"ExecutionId","Category":"","Description":"","Attributes":1,"ValueType":"System.Guid"},"Value":"00000000-0000-0000-0000-000000000000"},{"Key":{"Id":"ParentExecId","Label":"ParentExecId","Category":"","Description":"","Attributes":1,"ValueType":"System.Guid"},"Value":"00000000-0000-0000-0000-000000000000"},{"Key":{"Id":"InnerResultsCount","Label":"InnerResultsCount","Category":"","Description":"","Attributes":1,"ValueType":"System.Int32"},"Value":0}]},{"TestCase":{"Id":"c0b925a7-8cbd-7c38-aa41-59795ea98c0e","FullyQualifiedName":"Zadatak1.ProdavacTest.TestPogresnihPodataka","DisplayName":"TestPogresnihPodataka","ExecutorUri":"executor://MSTestAdapter/v2","Source":"C:\\Users\\User\\Documents\\GitHub\\Grupa-3-Verifikovani-i-Validirani-Softverasi\\Pijaca\\Zadatak1\\bin\\Debug\\net5.0\\fine-code-coverage\\build-output\\Zadatak1.dll","CodeFilePath":null,"LineNumber":-1,"Properties":[{"Key":{"Id":"TestCase.ManagedType","Label":"ManagedType","Category":"","Description":"","Attributes":1,"ValueType":"System.String"},"Value":"Zadatak1.ProdavacTest"},{"Key":{"Id":"TestCase.ManagedMethod","Label":"ManagedMethod","Category":"","Description":"","Attributes":1,"ValueType":"System.String"},"Value":"TestPogresnihPodataka"},{"Key":{"Id":"MSTestDiscoverer.TestClassName","Label":"ClassName","Category":"","Description":"","Attributes":1,"ValueType":"System.String"},"Value":"Zadatak1.ProdavacTest"},{"Key":{"Id":"TestObject.Traits","Label":"Traits","Category":"","Description":"","Attributes":5,"ValueType":"System.Collections.Generic.KeyValuePair`2[[System.String],[System.String]][]"},"Value":[]}]},"Attachments":[],"Outcome":1,"ErrorMessage":null,"ErrorStackTrace":null,"DisplayName":null,"Messages":[],"ComputerName":null,"Duration":"00:00:00.0007861","StartTime":"2021-11-26T15:14:31.9746112+01:00","EndTime":"2021-11-26T15:14:31.9756113+01:00","Properties":[{"Key":{"Id":"ExecutionId","Label":"ExecutionId","Category":"","Description":"","Attributes":1,"ValueType":"System.Guid"},"Value":"00000000-0000-0000-0000-000000000000"},{"Key":{"Id":"ParentExecId","Label":"ParentExecId","Category":"","Description":"","Attributes":1,"ValueType":"System.Guid"},"Value":"00000000-0000-0000-0000-000000000000"},{"Key":{"Id":"InnerResultsCount","Label":"InnerResultsCount","Category":"","Description":"","Attributes":1,"ValueType":"System.Int32"},"Value":0}]},{"TestCase":{"Id":"e24cc8fb-745b-e81c-73f9-2fc994551ca5","FullyQualifiedName":"Zadatak1.ProdavacTest.TestPovecanjaPrometa","DisplayName":"TestPovecanjaPrometa","ExecutorUri":"executor://MSTestAdapter/v2","Source":"C:\\Users\\User\\Documents\\GitHub\\Grupa-3-Verifikovani-i-Validirani-Softverasi\\Pijaca\\Zadatak1\\bin\\Debug\\net5.0\\fine-code-coverage\\build-output\\Zadatak1.dll","CodeFilePath":null,"LineNumber":-1,"Properties":[{"Key":{"Id":"TestCase.ManagedType","Label":"ManagedType","Category":"","Description":"","Attributes":1,"ValueType":"System.String"},"Value":"Zadatak1.ProdavacTest"},{"Key":{"Id":"TestCase.ManagedMethod","Label":"ManagedMethod","Category":"","Description":"","Attributes":1,"ValueType":"System.String"},"Value":"TestPovecanjaPrometa"},{"Key":{"Id":"MSTestDiscoverer.TestClassName","Label":"ClassName","Category":"","Description":"","Attributes":1,"ValueType":"System.String"},"Value":"Zadatak1.ProdavacTest"},{"Key":{"Id":"TestObject.Traits","Label":"Traits","Category":"","Description":"","Attributes":5,"ValueType":"System.Collections.Generic.KeyValuePair`2[[System.String],[System.String]][]"},"Value":[]}]},"Attachments":[],"Outcome":1,"ErrorMessage":null,"ErrorStackTrace":null,"DisplayName":null,"Messages":[],"ComputerName":null,"Duration":"00:00:00.0013497","StartTime":"2021-11-26T15:14:31.9846118+01:00","EndTime":"2021-11-26T15:14:31.9866119+01:00","Properties":[{"Key":{"Id":"ExecutionId","Label":"ExecutionId","Category":"","Description":"","Attributes":1,"ValueType":"System.Guid"},"Value":"00000000-0000-0000-0000-000000000000"},{"Key":{"Id":"ParentExecId","Label":"ParentExecId","Category":"","Description":"","Attributes":1,"ValueType":"System.Guid"},"Value":"00000000-0000-0000-0000-000000000000"},{"Key":{"Id":"InnerResultsCount","Label":"InnerResultsCount","Category":"","Description":"","Attributes":1,"ValueType":"System.Int32"},"Value":0}]},{"TestCase":{"Id":"e1e62ecb-27da-a0d2-0bac-6daf339d1ad6","FullyQualifiedName":"Zadatak1.ProdavacTest.TestNegativnogPrometa","DisplayName":"TestNegativnogPrometa","ExecutorUri":"executor://MSTestAdapter/v2","Source":"C:\\Users\\User\\Documents\\GitHub\\Grupa-3-Verifikovani-i-Validirani-Softverasi\\Pijaca\\Zadatak1\\bin\\Debug\\net5.0\\fine-code-coverage\\build-output\\Zadatak1.dll","CodeFilePath":null,"LineNumber":-1,"Properties":[{"Key":{"Id":"TestCase.ManagedType","Label":"ManagedType","Category":"","Description":"","Attributes":1,"ValueType":"System.String"},"Value":"Zadatak1.ProdavacTest"},{"Key":{"Id":"TestCase.ManagedMethod","Label":"ManagedMethod","Category":"","Description":"","Attributes":1,"ValueType":"System.String"},"Value":"TestNegativnogPrometa"},{"Key":{"Id":"MSTestDiscoverer.TestClassName","Label":"ClassName","Category":"","Description":"","Attributes":1,"ValueType":"System.String"},"Value":"Zadatak1.ProdavacTest"},{"Key":{"Id":"TestObject.Traits","Label":"Traits","Category":"","Description":"","Attributes":5,"ValueType":"System.Collections.Generic.KeyValuePair`2[[System.String],[System.String]][]"},"Value":[]}]},"Attachments":[],"Outcome":1,"ErrorMessage":null,"ErrorStackTrace":null,"DisplayName":null,"Messages":[],"ComputerName":null,"Duration":"00:00:00.0004602","StartTime":"2021-11-26T15:14:31.9926122+01:00","EndTime":"2021-11-26T15:14:31.9936123+01:00","Properties":[{"Key":{"Id":"ExecutionId","Label":"ExecutionId","Category":"","Description":"","Attributes":1,"ValueType":"System.Guid"},"Value":"00000000-0000-0000-0000-000000000000"},{"Key":{"Id":"ParentExecId","Label":"ParentExecId","Category":"","Description":"","Attributes":1,"ValueType":"System.Guid"},"Value":"00000000-0000-0000-0000-000000000000"},{"Key":{"Id":"InnerResultsCount","Label":"InnerResultsCount","Category":"","Description":"","Attributes":1,"ValueType":"System.Int32"},"Value":0}]}],"TestRunStatistics":{"ExecutedTests":5,"Stats":{"Passed":5}},"ActiveTests":[]},"RunAttachments":[],"ExecutorUris":["executor://mstestadapter/v2"]}}
TpTrace Verbose: 0 : 6460, 4, 2021/11/26, 15:14:32.093, 371759300888, testhost.dll, BaseRunTests.RunTests: Run is complete.
TpTrace Verbose: 0 : 6460, 5, 2021/11/26, 15:14:32.095, 371759310804, testhost.dll, TcpClientExtensions.MessageLoopAsync: NotifyDataAvailable remoteEndPoint: [::ffff:127.0.0.1]:60726 localEndPoint: [::ffff:127.0.0.1]:60727
TpTrace Information: 0 : 6460, 5, 2021/11/26, 15:14:32.096, 371759311586, testhost.dll, TestRequestHandler.ProcessRequests: received message: (TestSession.Terminate) -> null
TpTrace Information: 0 : 6460, 5, 2021/11/26, 15:14:32.096, 371759311763, testhost.dll, Session End message received from server. Closing the connection.
TpTrace Information: 0 : 6460, 5, 2021/11/26, 15:14:32.096, 371759314242, testhost.dll, SocketClient.Stop: Stop communication from server endpoint: 127.0.0.1:060726
TpTrace Information: 0 : 6460, 5, 2021/11/26, 15:14:32.096, 371759314546, testhost.dll, SocketClient: Stop: Cancellation requested. Stopping message loop.
TpTrace Verbose: 0 : 6460, 5, 2021/11/26, 15:14:32.097, 371759315519, testhost.dll, LengthPrefixCommunicationChannel.Dispose: Dispose reader and writer.
TpTrace Information: 0 : 6460, 5, 2021/11/26, 15:14:32.097, 371759315793, testhost.dll, Closing the connection !
TpTrace Information: 0 : 6460, 5, 2021/11/26, 15:14:32.097, 371759317089, testhost.dll, SocketClient.PrivateStop: Stop communication from server endpoint: 127.0.0.1:060726, error:
TpTrace Information: 0 : 6460, 1, 2021/11/26, 15:14:32.098, 371759319800, testhost.dll, Closing the connection !
TpTrace Verbose: 0 : 6460, 5, 2021/11/26, 15:14:32.098, 371759319896, testhost.dll, LengthPrefixCommunicationChannel.Dispose: Dispose reader and writer.
TpTrace Information: 0 : 6460, 1, 2021/11/26, 15:14:32.098, 371759320532, testhost.dll, SocketClient.Stop: Stop communication from server endpoint: 127.0.0.1:060726
TpTrace Verbose: 0 : 6460, 5, 2021/11/26, 15:14:32.098, 371759321289, testhost.dll, TcpClientExtensions.MessageLoopAsync: exiting MessageLoopAsync remoteEndPoint: [::ffff:127.0.0.1]:60726 localEndPoint: [::ffff:127.0.0.1]:60727
TpTrace Verbose: 0 : 6460, 1, 2021/11/26, 15:14:32.098, 371759321412, testhost.dll, LengthPrefixCommunicationChannel.Dispose: Dispose reader and writer.
TpTrace Information: 0 : 6460, 1, 2021/11/26, 15:14:32.098, 371759322329, testhost.dll, Testhost process exiting.
